NUM. THETA             : 750
NUM. RHO               : 512
NUM. X PIXELS          : 512
NUM. Y PIXELS          : 512

NUM. OF PIXELS         : 262144
NUM. OF RAYS           : 384000

NUM. ITERATIONS        : 24

SPATIAL TILE SIZE      : 128
SPECTRAL TILE SIZE     : 128

NUMBER OF X TILES      : 4
NUMBER OF Y TILES      : 4
NUM. OF THETA TILES    : 6
NUM. OF RHO TILES      : 4

NUM. SPATIAL TILES     : 16
NUM. SPECTRAL TILES    : 24

NUM. OF X PIXELS (EXT) : 512
NUM. OF Y PIXELS (EXT) : 512
NUM. OF ANGLES (EXT)   : 768
NUM. OF RHOS (EXT)     : 512

NUM. OF PIXELS (EXT)   : 262144
NUM. OF RAYS (EXT)     : 393216

NUMBER OF PROCESSES    : 1
NUMBER OF THRD./PROC.  : 12

INTEGER: 4, FLOAT: 4, LONG: 8, SHORT: 2, POINTER: 8
APPROX. MEMORY     TOTAL: 4.394531e+00 GB
APPROX. MEMORY PER PROC.: 4.394531e+00 GB

X START       : -2.560000e+02
Y START       : -2.560000e+02
PIXEL SIZE    : 1.000000e+00
RHO START     : -2.560000e+02
RAY LENGTH    : 1.024000e+03

SPATIAL INDEXING       : 5
SPECTRAL INDEXING      : 5
 1: CARTESIAN, NATURAL
 2: CARTESIAN, TRANSPOSED
 3: MORTON, NATURAL
 4: MORTON, TRANSPOSED
PROJECTION BLOCK SIZE      : 256
BACKPROJECTION BLOCK SIZE  : 256
PROJECTION BUFFER SIZE      : 48 KB
BACKPROJECTION BUFFER SIZE  : 48 KB

SINOGRAM FILE : ../../../../datasets/CDS1_sinogram.bin
   THETA FILE : ../../../../datasets/CDS1_theta.bin
  OUTPUT FILE : ../../output/single_gpu/ip-0A000015/k80.12.CDS1.128.128.256.256.48.48.bin


PLACE TILES
lspat 4 lspatdim 4
lspec 6 lspecdim 8
MPI PARTITIONING
proc: 0 numspats: 16 numpixs: 262144 numspecs: 24 numrays: 393216
maxnumpix: 262144 maxnumray: 393216
FILL PIXELS AND RAYS
INPUT THETA DATA
DOMAIN PARTITIONING
myid 0 raynuminc 384000/384000 raynumout 384000/384000

CONSTRUCT PROJECTION MATRIX
CSR STORAGE: 235011121 (1.750969 GB) rownzmax 1022
RAY-TRACING TIME: 1.169084e+00
CONSTRUCT BACKPROJECTION MATRIX
CSR STORAGE: 235011121 (1.750969 GB) rownzmax 1092
TRANSPOSITION TIME: 3.306429e-01

BLOCKING PROJECTION MATRIX
NUMBER OF BLOCKS: 1500 BUFFSIZE: 12288
NUMBER OF BUFFERS: 2456 AVERAGE BUFF/BLOCK: 1.637333 MAX BUFF/BLOCK: 2
BUFF MAP: 30179328 (0.112427 GB)
ELLPACK STORAGE: 256173824 (1.431483 GB) buffnzmax: 806 STORAGE EFFICIENCY: 1.376084 DATA REUSE: 13.268805
BLOCKING TIME: 5.414901e-01
BLOCKING BACKPROJECTION MATRIX
NUMBER OF BLOCKS: 1024 BUFFSIZE: 12288
NUMBER OF BUFFERS: 1888 AVERAGE BUFF/BLOCK: 1.843750 MAX BUFF/BLOCK: 2
BUFF MAP: 23199744 (0.086426 GB)
ELLPACK STORAGE: 254292736 (1.420971 GB) buffnzmax: 946 STORAGE EFFICIENCY: 1.386263 DATA REUSE: 16.002678
BLOCKING TIME: 6.124485e-01

FILL PROJECTION MATRIX
TIME: 1.059273e+00
FILL BACKPROJECTION MATRIX
TIME: 1.341770e+00
REDUCTION MAPPINGS
PREPROCESSING TIME: 5.057300e+00
myid: 0 device: 0

Device Count: 1
Device 0 name: 879983712
Computational Capabilities: 3, 7
Maximum global memory size: 11996954624
Maximum constant memory size: 65536
Maximum shared memory size per block: 49152
Maximum block dimensions: 1024x1024x64
Maximum grid dimensions: 2147483647x65535x65535
Maximum threads per block: 1024
Warp size: 32

PROC 0 TOTAL GPU MEMORY: 4.297276 GB
INPUT MEASUREMENT DATA
INPUT ENDS
GRADIENT-DESCENT OPTIMIZATION
iter: 0 error: 4.958980e+04 gradnorm: 1.560966e+10
iter: 1 error: 5.316505e+03 gradnorm: 4.760835e+08
iter: 2 error: 5.074574e+02 gradnorm: 1.604494e+07
iter: 3 error: 2.940081e+02 gradnorm: 8.082361e+06
iter: 4 error: 1.716257e+02 gradnorm: 1.353848e+06
iter: 5 error: 1.154554e+02 gradnorm: 6.266388e+05
iter: 6 error: 8.971735e+01 gradnorm: 8.622216e+05
iter: 7 error: 8.275335e+01 gradnorm: 1.112122e+06
iter: 8 error: 7.158349e+01 gradnorm: 4.275502e+05
iter: 9 error: 5.778321e+01 gradnorm: 2.256137e+05
iter: 10 error: 4.873888e+01 gradnorm: 1.925931e+05
iter: 11 error: 4.173136e+01 gradnorm: 1.106595e+05
iter: 12 error: 3.777294e+01 gradnorm: 1.960675e+05
iter: 13 error: 3.469590e+01 gradnorm: 1.040737e+05
iter: 14 error: 3.198846e+01 gradnorm: 1.976377e+05
iter: 15 error: 3.108043e+01 gradnorm: 7.221222e+04
iter: 16 error: 2.842648e+01 gradnorm: 5.476120e+04
iter: 17 error: 2.682939e+01 gradnorm: 4.558160e+04
iter: 18 error: 2.524036e+01 gradnorm: 2.665460e+04
iter: 19 error: 2.394680e+01 gradnorm: 2.566708e+04
iter: 20 error: 2.290289e+01 gradnorm: 2.050002e+04
iter: 21 error: 2.271347e+01 gradnorm: 4.107130e+04
iter: 22 error: 2.188699e+01 gradnorm: 1.206581e+04
iter: 23 error: 2.121355e+01 gradnorm: 1.043679e+04
iter: 24 error: 2.087493e+01 gradnorm: 1.971535e+04
recon: 1.243738e+00 proj: 8.289609e-01 (7.705629e-01 3.391121e-02 1.485636e-02) backproj: 4.044659e-01 (7.835980e-03 1.693626e-02 3.750407e-01) ctime: 1.025658e-02 wtime: 2.170000e-05
numproj: 49 numback: 25
proj: 7.705629e-01 s (29.888658 GFLOPS) backproj: 3.750407e-01 s (31.331418 GFLOPS) avGFLOPS: 30.360980 totGFLOPS: 30.360980
proj: 105.416777 GB/s back: 107.891992 GB/s av: 106.227098 GB/s tot: 106.227098 GB/s
Total Time: 7.104156e+00
