NUM. THETA             : 750
NUM. RHO               : 512
NUM. X PIXELS          : 512
NUM. Y PIXELS          : 512

NUM. OF PIXELS         : 262144
NUM. OF RAYS           : 384000

NUM. ITERATIONS        : 24

SPATIAL TILE SIZE      : 128
SPECTRAL TILE SIZE     : 128

NUMBER OF X TILES      : 4
NUMBER OF Y TILES      : 4
NUM. OF THETA TILES    : 6
NUM. OF RHO TILES      : 4

NUM. SPATIAL TILES     : 16
NUM. SPECTRAL TILES    : 24

NUM. OF X PIXELS (EXT) : 512
NUM. OF Y PIXELS (EXT) : 512
NUM. OF ANGLES (EXT)   : 768
NUM. OF RHOS (EXT)     : 512

NUM. OF PIXELS (EXT)   : 262144
NUM. OF RAYS (EXT)     : 393216

NUMBER OF PROCESSES    : 1
NUMBER OF THRD./PROC.  : 24

INTEGER: 4, FLOAT: 4, LONG: 8, SHORT: 2, POINTER: 8
APPROX. MEMORY     TOTAL: 4.394531e+00 GB
APPROX. MEMORY PER PROC.: 4.394531e+00 GB

X START       : -2.560000e+02
Y START       : -2.560000e+02
PIXEL SIZE    : 1.000000e+00
RHO START     : -2.560000e+02
RAY LENGTH    : 1.024000e+03

SPATIAL INDEXING       : 5
SPECTRAL INDEXING      : 5
 1: CARTESIAN, NATURAL
 2: CARTESIAN, TRANSPOSED
 3: MORTON, NATURAL
 4: MORTON, TRANSPOSED
PROJECTION BLOCK SIZE      : 512
BACKPROJECTION BLOCK SIZE  : 512
PROJECTION BUFFER SIZE      : 48 KB
BACKPROJECTION BUFFER SIZE  : 48 KB

SINOGRAM FILE : ../../../../datasets/CDS1_sinogram.bin
   THETA FILE : ../../../../datasets/CDS1_theta.bin
  OUTPUT FILE : ../../output/single_gpu/ip-0A000008/k80.24.CDS1.128.128.512.512.48.48.bin


PLACE TILES
lspat 4 lspatdim 4
lspec 6 lspecdim 8
MPI PARTITIONING
proc: 0 numspats: 16 numpixs: 262144 numspecs: 24 numrays: 393216
maxnumpix: 262144 maxnumray: 393216
FILL PIXELS AND RAYS
INPUT THETA DATA
DOMAIN PARTITIONING
myid 0 raynuminc 384000/384000 raynumout 384000/384000

CONSTRUCT PROJECTION MATRIX
CSR STORAGE: 235011121 (1.750969 GB) rownzmax 1022
RAY-TRACING TIME: 1.155843e+00
CONSTRUCT BACKPROJECTION MATRIX
CSR STORAGE: 235011121 (1.750969 GB) rownzmax 1092
TRANSPOSITION TIME: 3.559243e-01

BLOCKING PROJECTION MATRIX
NUMBER OF BLOCKS: 750 BUFFSIZE: 12288
NUMBER OF BUFFERS: 1416 AVERAGE BUFF/BLOCK: 1.888000 MAX BUFF/BLOCK: 3
BUFF MAP: 17399808 (0.064819 GB)
ELLPACK STORAGE: 272871424 (1.524788 GB) buffnzmax: 693 STORAGE EFFICIENCY: 1.291878 DATA REUSE: 17.633121
BLOCKING TIME: 5.854931e-01
BLOCKING BACKPROJECTION MATRIX
NUMBER OF BLOCKS: 512 BUFFSIZE: 12288
NUMBER OF BUFFERS: 1020 AVERAGE BUFF/BLOCK: 1.992188 MAX BUFF/BLOCK: 2
BUFF MAP: 12533760 (0.046692 GB)
ELLPACK STORAGE: 260354048 (1.454842 GB) buffnzmax: 746 STORAGE EFFICIENCY: 1.353990 DATA REUSE: 21.340651
BLOCKING TIME: 6.013836e-01

FILL PROJECTION MATRIX
TIME: 1.136923e+00
FILL BACKPROJECTION MATRIX
TIME: 1.411184e+00
REDUCTION MAPPINGS
PREPROCESSING TIME: 5.249753e+00
myid: 0 device: 0

Device Count: 4
Device 0 name: -1411611376
Computational Capabilities: 3, 7
Maximum global memory size: 11996954624
Maximum constant memory size: 65536
Maximum shared memory size per block: 49152
Maximum block dimensions: 1024x1024x64
Maximum grid dimensions: 2147483647x65535x65535
Maximum threads per block: 1024
Warp size: 32

PROC 0 TOTAL GPU MEMORY: 4.385553 GB
INPUT MEASUREMENT DATA
INPUT ENDS
GRADIENT-DESCENT OPTIMIZATION
iter: 0 error: 4.959034e+04 gradnorm: 1.560966e+10
iter: 1 error: 5.316517e+03 gradnorm: 4.760843e+08
iter: 2 error: 5.074576e+02 gradnorm: 1.604495e+07
iter: 3 error: 2.940087e+02 gradnorm: 8.082361e+06
iter: 4 error: 1.716260e+02 gradnorm: 1.353840e+06
iter: 5 error: 1.154520e+02 gradnorm: 6.254006e+05
iter: 6 error: 8.902949e+01 gradnorm: 6.524131e+05
iter: 7 error: 7.613396e+01 gradnorm: 9.263828e+05
iter: 8 error: 7.113251e+01 gradnorm: 5.587059e+05
iter: 9 error: 5.778215e+01 gradnorm: 2.259871e+05
iter: 10 error: 4.873899e+01 gradnorm: 1.925951e+05
iter: 11 error: 4.173163e+01 gradnorm: 1.106815e+05
iter: 12 error: 3.777548e+01 gradnorm: 1.960350e+05
iter: 13 error: 3.468995e+01 gradnorm: 1.021991e+05
iter: 14 error: 3.155424e+01 gradnorm: 8.754748e+04
iter: 15 error: 3.085607e+01 gradnorm: 1.347902e+05
iter: 16 error: 2.842535e+01 gradnorm: 5.508218e+04
iter: 17 error: 2.682939e+01 gradnorm: 4.558520e+04
iter: 18 error: 2.524040e+01 gradnorm: 2.665450e+04
iter: 19 error: 2.394676e+01 gradnorm: 2.563737e+04
iter: 20 error: 2.288709e+01 gradnorm: 1.525926e+04
iter: 21 error: 2.218206e+01 gradnorm: 6.869352e+04
iter: 22 error: 2.188350e+01 gradnorm: 1.315576e+04
iter: 23 error: 2.120733e+01 gradnorm: 9.707775e+03
iter: 24 error: 2.076854e+01 gradnorm: 1.634675e+04
recon: 1.008790e+00 proj: 6.537710e-01 (5.983158e-01 3.059500e-02 1.490850e-02) backproj: 3.261628e-01 (7.764700e-03 1.535920e-02 2.876426e-01) ctime: 2.880130e-02 wtime: 2.580000e-05
numproj: 49 numback: 25
proj: 5.983158e-01 s (38.493202 GFLOPS) backproj: 2.876426e-01 s (40.851238 GFLOPS) avGFLOPS: 39.258781 totGFLOPS: 39.258781
proj: 139.783312 GB/s back: 140.126964 GB/s av: 139.894885 GB/s tot: 139.894885 GB/s
Total Time: 7.176270e+00
