NUM. THETA             : 750
NUM. RHO               : 512
NUM. X PIXELS          : 512
NUM. Y PIXELS          : 512

NUM. OF PIXELS         : 262144
NUM. OF RAYS           : 384000

NUM. ITERATIONS        : 24

SPATIAL TILE SIZE      : 256
SPECTRAL TILE SIZE     : 256

NUMBER OF X TILES      : 2
NUMBER OF Y TILES      : 2
NUM. OF THETA TILES    : 3
NUM. OF RHO TILES      : 2

NUM. SPATIAL TILES     : 4
NUM. SPECTRAL TILES    : 6

NUM. OF X PIXELS (EXT) : 512
NUM. OF Y PIXELS (EXT) : 512
NUM. OF ANGLES (EXT)   : 768
NUM. OF RHOS (EXT)     : 512

NUM. OF PIXELS (EXT)   : 262144
NUM. OF RAYS (EXT)     : 393216

NUMBER OF PROCESSES    : 1
NUMBER OF THRD./PROC.  : 12

INTEGER: 4, FLOAT: 4, LONG: 8, SHORT: 2, POINTER: 8
APPROX. MEMORY     TOTAL: 4.394531e+00 GB
APPROX. MEMORY PER PROC.: 4.394531e+00 GB

X START       : -2.560000e+02
Y START       : -2.560000e+02
PIXEL SIZE    : 1.000000e+00
RHO START     : -2.560000e+02
RAY LENGTH    : 1.024000e+03

SPATIAL INDEXING       : 5
SPECTRAL INDEXING      : 5
 1: CARTESIAN, NATURAL
 2: CARTESIAN, TRANSPOSED
 3: MORTON, NATURAL
 4: MORTON, TRANSPOSED
PROJECTION BLOCK SIZE      : 512
BACKPROJECTION BLOCK SIZE  : 512
PROJECTION BUFFER SIZE      : 48 KB
BACKPROJECTION BUFFER SIZE  : 48 KB

SINOGRAM FILE : ../../../../datasets/CDS1_sinogram.bin
   THETA FILE : ../../../../datasets/CDS1_theta.bin
  OUTPUT FILE : ../../output/single_gpu/ip-0A000015/k80.12.CDS1.256.256.512.512.48.48.bin


PLACE TILES
lspat 2 lspatdim 2
lspec 3 lspecdim 4
MPI PARTITIONING
proc: 0 numspats: 4 numpixs: 262144 numspecs: 6 numrays: 393216
maxnumpix: 262144 maxnumray: 393216
FILL PIXELS AND RAYS
INPUT THETA DATA
DOMAIN PARTITIONING
myid 0 raynuminc 384000/384000 raynumout 384000/384000

CONSTRUCT PROJECTION MATRIX
CSR STORAGE: 235011337 (1.750971 GB) rownzmax 1022
RAY-TRACING TIME: 1.179044e+00
CONSTRUCT BACKPROJECTION MATRIX
CSR STORAGE: 235011337 (1.750971 GB) rownzmax 1092
TRANSPOSITION TIME: 3.460175e-01

BLOCKING PROJECTION MATRIX
NUMBER OF BLOCKS: 750 BUFFSIZE: 12288
NUMBER OF BUFFERS: 1400 AVERAGE BUFF/BLOCK: 1.866667 MAX BUFF/BLOCK: 3
BUFF MAP: 17203200 (0.064087 GB)
ELLPACK STORAGE: 271854592 (1.519106 GB) buffnzmax: 651 STORAGE EFFICIENCY: 1.296712 DATA REUSE: 17.646057
BLOCKING TIME: 5.730417e-01
BLOCKING BACKPROJECTION MATRIX
NUMBER OF BLOCKS: 512 BUFFSIZE: 12288
NUMBER OF BUFFERS: 1020 AVERAGE BUFF/BLOCK: 1.992188 MAX BUFF/BLOCK: 2
BUFF MAP: 12533760 (0.046692 GB)
ELLPACK STORAGE: 260837888 (1.457545 GB) buffnzmax: 734 STORAGE EFFICIENCY: 1.351479 DATA REUSE: 21.340637
BLOCKING TIME: 5.844314e-01

FILL PROJECTION MATRIX
TIME: 1.112669e+00
FILL BACKPROJECTION MATRIX
TIME: 1.399178e+00
REDUCTION MAPPINGS
PREPROCESSING TIME: 5.196963e+00
myid: 0 device: 0

Device Count: 1
Device 0 name: -1251028096
Computational Capabilities: 3, 7
Maximum global memory size: 11996954624
Maximum constant memory size: 65536
Maximum shared memory size per block: 49152
Maximum block dimensions: 1024x1024x64
Maximum grid dimensions: 2147483647x65535x65535
Maximum threads per block: 1024
Warp size: 32

PROC 0 TOTAL GPU MEMORY: 4.380503 GB
INPUT MEASUREMENT DATA
INPUT ENDS
GRADIENT-DESCENT OPTIMIZATION
iter: 0 error: 4.959042e+04 gradnorm: 1.560970e+10
iter: 1 error: 5.316504e+03 gradnorm: 4.760846e+08
iter: 2 error: 5.074557e+02 gradnorm: 1.604490e+07
iter: 3 error: 2.940053e+02 gradnorm: 8.082486e+06
iter: 4 error: 1.716216e+02 gradnorm: 1.353869e+06
iter: 5 error: 1.154544e+02 gradnorm: 6.277155e+05
iter: 6 error: 9.028053e+01 gradnorm: 1.025148e+06
iter: 7 error: 8.375589e+01 gradnorm: 9.426601e+05
iter: 8 error: 7.159576e+01 gradnorm: 4.229746e+05
iter: 9 error: 5.778046e+01 gradnorm: 2.255771e+05
iter: 10 error: 4.873500e+01 gradnorm: 1.924642e+05
iter: 11 error: 4.171410e+01 gradnorm: 1.089837e+05
iter: 12 error: 3.755863e+01 gradnorm: 1.931912e+05
iter: 13 error: 3.488135e+01 gradnorm: 1.632302e+05
iter: 14 error: 3.370580e+01 gradnorm: 1.788198e+05
iter: 15 error: 3.111421e+01 gradnorm: 6.032154e+04
iter: 16 error: 2.842272e+01 gradnorm: 5.461467e+04
iter: 17 error: 2.682595e+01 gradnorm: 4.562913e+04
iter: 18 error: 2.523930e+01 gradnorm: 2.666345e+04
iter: 19 error: 2.394602e+01 gradnorm: 2.564101e+04
iter: 20 error: 2.288860e+01 gradnorm: 1.598444e+04
iter: 21 error: 2.245970e+01 gradnorm: 8.228664e+04
iter: 22 error: 2.188567e+01 gradnorm: 1.229087e+04
iter: 23 error: 2.120858e+01 gradnorm: 9.891356e+03
iter: 24 error: 2.080300e+01 gradnorm: 1.807338e+04
recon: 9.802754e-01 proj: 6.522610e-01 (5.945763e-01 3.321101e-02 1.478786e-02) backproj: 3.168117e-01 (7.728080e-03 1.674216e-02 2.877579e-01) ctime: 1.115498e-02 wtime: 1.840000e-05
numproj: 49 numback: 25
proj: 5.945763e-01 s (38.735336 GFLOPS) backproj: 2.877579e-01 s (40.834913 GFLOPS) avGFLOPS: 39.420076 totGFLOPS: 39.420076
proj: 140.094861 GB/s back: 140.323048 GB/s av: 140.169280 GB/s tot: 140.169280 GB/s
Total Time: 6.916760e+00
