NUM. THETA             : 750
NUM. RHO               : 512
NUM. X PIXELS          : 512
NUM. Y PIXELS          : 512

NUM. OF PIXELS         : 262144
NUM. OF RAYS           : 384000

NUM. ITERATIONS        : 24

SPATIAL TILE SIZE      : 128
SPECTRAL TILE SIZE     : 128

NUMBER OF X TILES      : 4
NUMBER OF Y TILES      : 4
NUM. OF THETA TILES    : 6
NUM. OF RHO TILES      : 4

NUM. SPATIAL TILES     : 16
NUM. SPECTRAL TILES    : 24

NUM. OF X PIXELS (EXT) : 512
NUM. OF Y PIXELS (EXT) : 512
NUM. OF ANGLES (EXT)   : 768
NUM. OF RHOS (EXT)     : 512

NUM. OF PIXELS (EXT)   : 262144
NUM. OF RAYS (EXT)     : 393216

NUMBER OF PROCESSES    : 1
NUMBER OF THRD./PROC.  : 6

INTEGER: 4, FLOAT: 4, LONG: 8, SHORT: 2, POINTER: 8
APPROX. MEMORY     TOTAL: 4.394531e+00 GB
APPROX. MEMORY PER PROC.: 4.394531e+00 GB

X START       : -2.560000e+02
Y START       : -2.560000e+02
PIXEL SIZE    : 1.000000e+00
RHO START     : -2.560000e+02
RAY LENGTH    : 1.024000e+03

SPATIAL INDEXING       : 5
SPECTRAL INDEXING      : 5
 1: CARTESIAN, NATURAL
 2: CARTESIAN, TRANSPOSED
 3: MORTON, NATURAL
 4: MORTON, TRANSPOSED
PROJECTION BLOCK SIZE      : 512
BACKPROJECTION BLOCK SIZE  : 512
PROJECTION BUFFER SIZE      : 48 KB
BACKPROJECTION BUFFER SIZE  : 48 KB

SINOGRAM FILE : ../../../../datasets/CDS1_sinogram.bin
   THETA FILE : ../../../../datasets/CDS1_theta.bin
  OUTPUT FILE : ../../output/single_gpu/ip-0A000008/k80.6.CDS1.128.128.512.512.48.48.bin


PLACE TILES
lspat 4 lspatdim 4
lspec 6 lspecdim 8
MPI PARTITIONING
proc: 0 numspats: 16 numpixs: 262144 numspecs: 24 numrays: 393216
maxnumpix: 262144 maxnumray: 393216
FILL PIXELS AND RAYS
INPUT THETA DATA
DOMAIN PARTITIONING
myid 0 raynuminc 384000/384000 raynumout 384000/384000

CONSTRUCT PROJECTION MATRIX
CSR STORAGE: 235011121 (1.750969 GB) rownzmax 1022
RAY-TRACING TIME: 2.305711e+00
CONSTRUCT BACKPROJECTION MATRIX
CSR STORAGE: 235011121 (1.750969 GB) rownzmax 1092
TRANSPOSITION TIME: 8.388368e-01

BLOCKING PROJECTION MATRIX
NUMBER OF BLOCKS: 750 BUFFSIZE: 12288
NUMBER OF BUFFERS: 1416 AVERAGE BUFF/BLOCK: 1.888000 MAX BUFF/BLOCK: 3
BUFF MAP: 17399808 (0.064819 GB)
ELLPACK STORAGE: 272871424 (1.524788 GB) buffnzmax: 693 STORAGE EFFICIENCY: 1.291878 DATA REUSE: 17.633121
BLOCKING TIME: 1.110311e+00
BLOCKING BACKPROJECTION MATRIX
NUMBER OF BLOCKS: 512 BUFFSIZE: 12288
NUMBER OF BUFFERS: 1020 AVERAGE BUFF/BLOCK: 1.992188 MAX BUFF/BLOCK: 2
BUFF MAP: 12533760 (0.046692 GB)
ELLPACK STORAGE: 260354048 (1.454842 GB) buffnzmax: 746 STORAGE EFFICIENCY: 1.353990 DATA REUSE: 21.340651
BLOCKING TIME: 1.108077e+00

FILL PROJECTION MATRIX
TIME: 2.189889e+00
FILL BACKPROJECTION MATRIX
TIME: 2.756254e+00
REDUCTION MAPPINGS
PREPROCESSING TIME: 1.031188e+01
myid: 0 device: 0

Device Count: 4
Device 0 name: -1319077104
Computational Capabilities: 3, 7
Maximum global memory size: 11996954624
Maximum constant memory size: 65536
Maximum shared memory size per block: 49152
Maximum block dimensions: 1024x1024x64
Maximum grid dimensions: 2147483647x65535x65535
Maximum threads per block: 1024
Warp size: 32

PROC 0 TOTAL GPU MEMORY: 4.385553 GB
INPUT MEASUREMENT DATA
INPUT ENDS
GRADIENT-DESCENT OPTIMIZATION
iter: 0 error: 4.958808e+04 gradnorm: 1.560965e+10
iter: 1 error: 5.316487e+03 gradnorm: 4.760854e+08
iter: 2 error: 5.074547e+02 gradnorm: 1.604522e+07
iter: 3 error: 2.940066e+02 gradnorm: 8.082382e+06
iter: 4 error: 1.716250e+02 gradnorm: 1.353965e+06
iter: 5 error: 1.155074e+02 gradnorm: 6.447466e+05
iter: 6 error: 9.650489e+01 gradnorm: 2.230697e+06
iter: 7 error: 8.514314e+01 gradnorm: 6.242283e+05
iter: 8 error: 7.161435e+01 gradnorm: 4.180676e+05
iter: 9 error: 5.778300e+01 gradnorm: 2.255940e+05
iter: 10 error: 4.873946e+01 gradnorm: 1.927199e+05
iter: 11 error: 4.176979e+01 gradnorm: 1.221243e+05
iter: 12 error: 3.967361e+01 gradnorm: 3.748242e+05
iter: 13 error: 3.657921e+01 gradnorm: 1.815372e+05
iter: 14 error: 3.407215e+01 gradnorm: 1.053937e+05
iter: 15 error: 3.112098e+01 gradnorm: 5.957840e+04
iter: 16 error: 2.842666e+01 gradnorm: 5.472704e+04
iter: 17 error: 2.683231e+01 gradnorm: 4.645241e+04
iter: 18 error: 2.550504e+01 gradnorm: 9.738101e+04
iter: 19 error: 2.507289e+01 gradnorm: 3.108434e+04
iter: 20 error: 2.379954e+01 gradnorm: 2.493133e+04
iter: 21 error: 2.280111e+01 gradnorm: 1.490293e+04
iter: 22 error: 2.189003e+01 gradnorm: 1.239102e+04
iter: 23 error: 2.133156e+01 gradnorm: 2.431979e+04
iter: 24 error: 2.113258e+01 gradnorm: 2.257417e+04
recon: 9.796967e-01 proj: 6.523863e-01 (5.976796e-01 2.995810e-02 1.487000e-02) backproj: 3.150192e-01 (7.714800e-03 1.526090e-02 2.874815e-01) ctime: 1.224030e-02 wtime: 2.320000e-05
numproj: 49 numback: 25
proj: 5.976796e-01 s (38.534171 GFLOPS) backproj: 2.874815e-01 s (40.874129 GFLOPS) avGFLOPS: 39.294140 totGFLOPS: 39.294140
proj: 139.932089 GB/s back: 140.205484 GB/s av: 140.020882 GB/s tot: 140.020882 GB/s
Total Time: 1.221689e+01
