NUM. THETA             : 375
NUM. RHO               : 1024
NUM. X PIXELS          : 1024
NUM. Y PIXELS          : 1024

NUM. OF PIXELS         : 1048576
NUM. OF RAYS           : 384000

NUM. ITERATIONS        : 24

SPATIAL TILE SIZE      : 128
SPECTRAL TILE SIZE     : 128

NUMBER OF X TILES      : 8
NUMBER OF Y TILES      : 8
NUM. OF THETA TILES    : 3
NUM. OF RHO TILES      : 8

NUM. SPATIAL TILES     : 64
NUM. SPECTRAL TILES    : 24

NUM. OF X PIXELS (EXT) : 1024
NUM. OF Y PIXELS (EXT) : 1024
NUM. OF ANGLES (EXT)   : 384
NUM. OF RHOS (EXT)     : 1024

NUM. OF PIXELS (EXT)   : 1048576
NUM. OF RAYS (EXT)     : 393216

NUMBER OF PROCESSES    : 1
NUMBER OF THRD./PROC.  : 24

INTEGER: 4, FLOAT: 4, LONG: 8, SHORT: 2, POINTER: 8
APPROX. MEMORY     TOTAL: 8.789062e+00 GB
APPROX. MEMORY PER PROC.: 8.789062e+00 GB

X START       : -5.120000e+02
Y START       : -5.120000e+02
PIXEL SIZE    : 1.000000e+00
RHO START     : -5.120000e+02
RAY LENGTH    : 2.048000e+03

SPATIAL INDEXING       : 5
SPECTRAL INDEXING      : 5
 1: CARTESIAN, NATURAL
 2: CARTESIAN, TRANSPOSED
 3: MORTON, NATURAL
 4: MORTON, TRANSPOSED
PROJECTION BLOCK SIZE      : 512
BACKPROJECTION BLOCK SIZE  : 512
PROJECTION BUFFER SIZE      : 48 KB
BACKPROJECTION BUFFER SIZE  : 48 KB

SINOGRAM FILE : ../../../../datasets/CDS2_sinogram.bin
   THETA FILE : ../../../../datasets/CDS2_theta.bin
  OUTPUT FILE : ../../output/single_gpu/ip-0A000008/k80.24.CDS2.128.128.512.512.48.48.bin


PLACE TILES
lspat 8 lspatdim 8
lspec 8 lspecdim 8
MPI PARTITIONING
proc: 0 numspats: 64 numpixs: 1048576 numspecs: 24 numrays: 393216
maxnumpix: 1048576 maxnumray: 393216
FILL PIXELS AND RAYS
INPUT THETA DATA
DOMAIN PARTITIONING
myid 0 raynuminc 384000/384000 raynumout 384000/384000

CONSTRUCT PROJECTION MATRIX
CSR STORAGE: 470024030 (3.501952 GB) rownzmax 2046
RAY-TRACING TIME: 1.239072e+00
CONSTRUCT BACKPROJECTION MATRIX
CSR STORAGE: 470024030 (3.501952 GB) rownzmax 607
TRANSPOSITION TIME: 4.581114e-01

BLOCKING PROJECTION MATRIX
NUMBER OF BLOCKS: 750 BUFFSIZE: 12288
NUMBER OF BUFFERS: 3338 AVERAGE BUFF/BLOCK: 4.450667 MAX BUFF/BLOCK: 7
BUFF MAP: 41017344 (0.152802 GB)
ELLPACK STORAGE: 601530368 (3.361313 GB) buffnzmax: 714 STORAGE EFFICIENCY: 1.172071 DATA REUSE: 13.194256
BLOCKING TIME: 7.961939e-01
BLOCKING BACKPROJECTION MATRIX
NUMBER OF BLOCKS: 2048 BUFFSIZE: 12288
NUMBER OF BUFFERS: 2048 AVERAGE BUFF/BLOCK: 1.000000 MAX BUFF/BLOCK: 1
BUFF MAP: 25165824 (0.093750 GB)
ELLPACK STORAGE: 499561984 (2.791520 GB) buffnzmax: 607 STORAGE EFFICIENCY: 1.411308 DATA REUSE: 21.334789
BLOCKING TIME: 6.290594e-01

FILL PROJECTION MATRIX
TIME: 1.169937e+00
FILL BACKPROJECTION MATRIX
TIME: 1.382012e+00
REDUCTION MAPPINGS
PREPROCESSING TIME: 5.683126e+00
myid: 0 device: 0

Device Count: 4
Device 0 name: -808584480
Computational Capabilities: 3, 7
Maximum global memory size: 11996954624
Maximum constant memory size: 65536
Maximum shared memory size per block: 49152
Maximum block dimensions: 1024x1024x64
Maximum grid dimensions: 2147483647x65535x65535
Maximum threads per block: 1024
Warp size: 32

PROC 0 TOTAL GPU MEMORY: 9.073503 GB
INPUT MEASUREMENT DATA
INPUT ENDS
GRADIENT-DESCENT OPTIMIZATION
iter: 0 error: 5.498393e+04 gradnorm: 1.963864e+10
iter: 1 error: 3.375401e+03 gradnorm: 2.933217e+08
iter: 2 error: 1.127913e+03 gradnorm: 5.687499e+07
iter: 3 error: 4.702542e+02 gradnorm: 1.895868e+07
iter: 4 error: 3.071299e+02 gradnorm: 8.957456e+06
iter: 5 error: 2.100907e+02 gradnorm: 2.580059e+06
iter: 6 error: 1.482712e+02 gradnorm: 1.226270e+06
iter: 7 error: 1.195332e+02 gradnorm: 1.062352e+06
iter: 8 error: 9.936098e+01 gradnorm: 1.049968e+06
iter: 9 error: 9.225255e+01 gradnorm: 1.200238e+06
iter: 10 error: 7.639365e+01 gradnorm: 4.591496e+05
iter: 11 error: 6.296140e+01 gradnorm: 3.333337e+05
iter: 12 error: 5.227974e+01 gradnorm: 2.623093e+05
iter: 13 error: 4.622089e+01 gradnorm: 2.817858e+05
iter: 14 error: 4.079776e+01 gradnorm: 2.353521e+05
iter: 15 error: 3.863094e+01 gradnorm: 1.832857e+05
iter: 16 error: 3.397749e+01 gradnorm: 1.733227e+05
iter: 17 error: 3.288498e+01 gradnorm: 1.846868e+05
iter: 18 error: 3.026694e+01 gradnorm: 7.998236e+04
iter: 19 error: 2.753097e+01 gradnorm: 6.544939e+04
iter: 20 error: 2.639672e+01 gradnorm: 6.801098e+04
iter: 21 error: 2.497139e+01 gradnorm: 5.030180e+04
iter: 22 error: 2.403995e+01 gradnorm: 3.830122e+04
iter: 23 error: 2.319517e+01 gradnorm: 2.550075e+04
iter: 24 error: 2.243266e+01 gradnorm: 5.183204e+04
recon: 2.061057e+00 proj: 1.420367e+00 (1.339363e+00 3.038350e-02 1.513620e-02) backproj: 5.895934e-01 (7.782500e-03 1.546970e-02 5.499299e-01) ctime: 5.098980e-02 wtime: 6.740000e-05
numproj: 49 numback: 25
proj: 1.339363e+00 s (34.391247 GFLOPS) backproj: 5.499299e-01 s (42.734905 GFLOPS) avGFLOPS: 36.819895 totGFLOPS: 36.819895
proj: 138.042758 GB/s back: 140.837735 GB/s av: 138.856312 GB/s tot: 138.856312 GB/s
Total Time: 9.692239e+00
