NUM. THETA             : 375
NUM. RHO               : 1024
NUM. X PIXELS          : 1024
NUM. Y PIXELS          : 1024

NUM. OF PIXELS         : 1048576
NUM. OF RAYS           : 384000

NUM. ITERATIONS        : 24

SPATIAL TILE SIZE      : 256
SPECTRAL TILE SIZE     : 256

NUMBER OF X TILES      : 4
NUMBER OF Y TILES      : 4
NUM. OF THETA TILES    : 2
NUM. OF RHO TILES      : 4

NUM. SPATIAL TILES     : 16
NUM. SPECTRAL TILES    : 8

NUM. OF X PIXELS (EXT) : 1024
NUM. OF Y PIXELS (EXT) : 1024
NUM. OF ANGLES (EXT)   : 512
NUM. OF RHOS (EXT)     : 1024

NUM. OF PIXELS (EXT)   : 1048576
NUM. OF RAYS (EXT)     : 524288

NUMBER OF PROCESSES    : 1
NUMBER OF THRD./PROC.  : 24

INTEGER: 4, FLOAT: 4, LONG: 8, SHORT: 2, POINTER: 8
APPROX. MEMORY     TOTAL: 8.789062e+00 GB
APPROX. MEMORY PER PROC.: 8.789062e+00 GB

X START       : -5.120000e+02
Y START       : -5.120000e+02
PIXEL SIZE    : 1.000000e+00
RHO START     : -5.120000e+02
RAY LENGTH    : 2.048000e+03

SPATIAL INDEXING       : 5
SPECTRAL INDEXING      : 5
 1: CARTESIAN, NATURAL
 2: CARTESIAN, TRANSPOSED
 3: MORTON, NATURAL
 4: MORTON, TRANSPOSED
PROJECTION BLOCK SIZE      : 512
BACKPROJECTION BLOCK SIZE  : 512
PROJECTION BUFFER SIZE      : 48 KB
BACKPROJECTION BUFFER SIZE  : 48 KB

SINOGRAM FILE : ../../../../datasets/CDS2_sinogram.bin
   THETA FILE : ../../../../datasets/CDS2_theta.bin
  OUTPUT FILE : ../../output/single_gpu/ip-0A00000A/k80.24.CDS2.256.256.512.512.48.48.bin


PLACE TILES
lspat 4 lspatdim 4
lspec 4 lspecdim 4
MPI PARTITIONING
proc: 0 numspats: 16 numpixs: 1048576 numspecs: 8 numrays: 524288
maxnumpix: 1048576 maxnumray: 524288
FILL PIXELS AND RAYS
INPUT THETA DATA
DOMAIN PARTITIONING
myid 0 raynuminc 384000/384000 raynumout 384000/384000

CONSTRUCT PROJECTION MATRIX
CSR STORAGE: 470024248 (3.501954 GB) rownzmax 2046
RAY-TRACING TIME: 2.422091e+00
CONSTRUCT BACKPROJECTION MATRIX
CSR STORAGE: 470024248 (3.501954 GB) rownzmax 607
TRANSPOSITION TIME: 7.913788e-01

BLOCKING PROJECTION MATRIX
NUMBER OF BLOCKS: 750 BUFFSIZE: 12288
NUMBER OF BUFFERS: 3324 AVERAGE BUFF/BLOCK: 4.432000 MAX BUFF/BLOCK: 7
BUFF MAP: 40845312 (0.152161 GB)
ELLPACK STORAGE: 599623168 (3.350656 GB) buffnzmax: 716 STORAGE EFFICIENCY: 1.175799 DATA REUSE: 13.167217
BLOCKING TIME: 1.439560e+00
BLOCKING BACKPROJECTION MATRIX
NUMBER OF BLOCKS: 2048 BUFFSIZE: 12288
NUMBER OF BUFFERS: 2048 AVERAGE BUFF/BLOCK: 1.000000 MAX BUFF/BLOCK: 1
BUFF MAP: 25165824 (0.093750 GB)
ELLPACK STORAGE: 499608064 (2.791778 GB) buffnzmax: 607 STORAGE EFFICIENCY: 1.411179 DATA REUSE: 21.334856
BLOCKING TIME: 1.228729e+00

FILL PROJECTION MATRIX
TIME: 2.225560e+00
FILL BACKPROJECTION MATRIX
TIME: 2.688127e+00
REDUCTION MAPPINGS
PREPROCESSING TIME: 1.080001e+01
myid: 0 device: 0

Device Count: 1
Device 0 name: 1142391632
Computational Capabilities: 3, 7
Maximum global memory size: 12799574016
Maximum constant memory size: 65536
Maximum shared memory size per block: 49152
Maximum block dimensions: 1024x1024x64
Maximum grid dimensions: 2147483647x65535x65535
Maximum threads per block: 1024
Warp size: 32

PROC 0 TOTAL GPU MEMORY: 9.057927 GB
INPUT MEASUREMENT DATA
INPUT ENDS
GRADIENT-DESCENT OPTIMIZATION
iter: 0 error: 5.498394e+04 gradnorm: 1.963866e+10
iter: 1 error: 3.375398e+03 gradnorm: 2.933234e+08
iter: 2 error: 1.127917e+03 gradnorm: 5.687520e+07
iter: 3 error: 4.702582e+02 gradnorm: 1.895933e+07
iter: 4 error: 3.071324e+02 gradnorm: 8.957448e+06
iter: 5 error: 2.100912e+02 gradnorm: 2.580106e+06
iter: 6 error: 1.482736e+02 gradnorm: 1.227073e+06
iter: 7 error: 1.196659e+02 gradnorm: 1.102818e+06
iter: 8 error: 1.026045e+02 gradnorm: 1.713783e+06
iter: 9 error: 9.374087e+01 gradnorm: 8.191593e+05
iter: 10 error: 7.640414e+01 gradnorm: 4.557637e+05
iter: 11 error: 6.296143e+01 gradnorm: 3.333732e+05
iter: 12 error: 5.228991e+01 gradnorm: 2.643004e+05
iter: 13 error: 4.638269e+01 gradnorm: 3.016632e+05
iter: 14 error: 4.158715e+01 gradnorm: 3.048900e+05
iter: 15 error: 3.882804e+01 gradnorm: 1.524247e+05
iter: 16 error: 3.456710e+01 gradnorm: 3.282053e+05
iter: 17 error: 3.312427e+01 gradnorm: 1.224375e+05
iter: 18 error: 3.026441e+01 gradnorm: 7.891662e+04
iter: 19 error: 2.746785e+01 gradnorm: 5.794416e+04
iter: 20 error: 2.617064e+01 gradnorm: 6.738348e+04
iter: 21 error: 2.482979e+01 gradnorm: 4.879089e+04
iter: 22 error: 2.397980e+01 gradnorm: 4.184722e+04
iter: 23 error: 2.323112e+01 gradnorm: 3.793871e+04
iter: 24 error: 2.295556e+01 gradnorm: 5.055859e+04
recon: 1.779934e+00 proj: 1.227373e+00 (1.138059e+00 3.572064e-02 1.887611e-02) backproj: 5.130367e-01 (9.988810e-03 1.715072e-02 4.692374e-01) ctime: 3.945354e-02 wtime: 3.130000e-05
numproj: 49 numback: 25
proj: 1.138059e+00 s (40.474499 GFLOPS) backproj: 4.692374e-01 s (50.083842 GFLOPS) avGFLOPS: 43.279870 totGFLOPS: 43.279870
proj: 161.937878 GB/s back: 165.071645 GB/s av: 162.852756 GB/s tot: 162.852756 GB/s
Total Time: 1.397134e+01
