NUM. THETA             : 375
NUM. RHO               : 1024
NUM. X PIXELS          : 1024
NUM. Y PIXELS          : 1024

NUM. OF PIXELS         : 1048576
NUM. OF RAYS           : 384000

NUM. ITERATIONS        : 24

SPATIAL TILE SIZE      : 256
SPECTRAL TILE SIZE     : 256

NUMBER OF X TILES      : 4
NUMBER OF Y TILES      : 4
NUM. OF THETA TILES    : 2
NUM. OF RHO TILES      : 4

NUM. SPATIAL TILES     : 16
NUM. SPECTRAL TILES    : 8

NUM. OF X PIXELS (EXT) : 1024
NUM. OF Y PIXELS (EXT) : 1024
NUM. OF ANGLES (EXT)   : 512
NUM. OF RHOS (EXT)     : 1024

NUM. OF PIXELS (EXT)   : 1048576
NUM. OF RAYS (EXT)     : 524288

NUMBER OF PROCESSES    : 1
NUMBER OF THRD./PROC.  : 12

INTEGER: 4, FLOAT: 4, LONG: 8, SHORT: 2, POINTER: 8
APPROX. MEMORY     TOTAL: 8.789062e+00 GB
APPROX. MEMORY PER PROC.: 8.789062e+00 GB

X START       : -5.120000e+02
Y START       : -5.120000e+02
PIXEL SIZE    : 1.000000e+00
RHO START     : -5.120000e+02
RAY LENGTH    : 2.048000e+03

SPATIAL INDEXING       : 5
SPECTRAL INDEXING      : 5
 1: CARTESIAN, NATURAL
 2: CARTESIAN, TRANSPOSED
 3: MORTON, NATURAL
 4: MORTON, TRANSPOSED
PROJECTION BLOCK SIZE      : 512
BACKPROJECTION BLOCK SIZE  : 512
PROJECTION BUFFER SIZE      : 48 KB
BACKPROJECTION BUFFER SIZE  : 48 KB

SINOGRAM FILE : ../../../../datasets/CDS2_sinogram.bin
   THETA FILE : ../../../../datasets/CDS2_theta.bin
  OUTPUT FILE : ../../output/single_gpu/ip-0A000008/k80.12.CDS2.256.256.512.512.48.48.bin


PLACE TILES
lspat 4 lspatdim 4
lspec 4 lspecdim 4
MPI PARTITIONING
proc: 0 numspats: 16 numpixs: 1048576 numspecs: 8 numrays: 524288
maxnumpix: 1048576 maxnumray: 524288
FILL PIXELS AND RAYS
INPUT THETA DATA
DOMAIN PARTITIONING
myid 0 raynuminc 384000/384000 raynumout 384000/384000

CONSTRUCT PROJECTION MATRIX
CSR STORAGE: 470024248 (3.501954 GB) rownzmax 2046
RAY-TRACING TIME: 2.434271e+00
CONSTRUCT BACKPROJECTION MATRIX
CSR STORAGE: 470024248 (3.501954 GB) rownzmax 607
TRANSPOSITION TIME: 7.551392e-01

BLOCKING PROJECTION MATRIX
NUMBER OF BLOCKS: 750 BUFFSIZE: 12288
NUMBER OF BUFFERS: 3324 AVERAGE BUFF/BLOCK: 4.432000 MAX BUFF/BLOCK: 7
BUFF MAP: 40845312 (0.152161 GB)
ELLPACK STORAGE: 599623168 (3.350656 GB) buffnzmax: 716 STORAGE EFFICIENCY: 1.175799 DATA REUSE: 13.167217
BLOCKING TIME: 1.436089e+00
BLOCKING BACKPROJECTION MATRIX
NUMBER OF BLOCKS: 2048 BUFFSIZE: 12288
NUMBER OF BUFFERS: 2048 AVERAGE BUFF/BLOCK: 1.000000 MAX BUFF/BLOCK: 1
BUFF MAP: 25165824 (0.093750 GB)
ELLPACK STORAGE: 499608064 (2.791778 GB) buffnzmax: 607 STORAGE EFFICIENCY: 1.411179 DATA REUSE: 21.334856
BLOCKING TIME: 1.212877e+00

FILL PROJECTION MATRIX
TIME: 2.200100e+00
FILL BACKPROJECTION MATRIX
TIME: 2.676962e+00
REDUCTION MAPPINGS
PREPROCESSING TIME: 1.071882e+01
myid: 0 device: 0

Device Count: 4
Device 0 name: 1653854992
Computational Capabilities: 3, 7
Maximum global memory size: 11996954624
Maximum constant memory size: 65536
Maximum shared memory size per block: 49152
Maximum block dimensions: 1024x1024x64
Maximum grid dimensions: 2147483647x65535x65535
Maximum threads per block: 1024
Warp size: 32

PROC 0 TOTAL GPU MEMORY: 9.057927 GB
INPUT MEASUREMENT DATA
INPUT ENDS
GRADIENT-DESCENT OPTIMIZATION
iter: 0 error: 5.498304e+04 gradnorm: 1.963867e+10
iter: 1 error: 3.375389e+03 gradnorm: 2.933218e+08
iter: 2 error: 1.127915e+03 gradnorm: 5.687459e+07
iter: 3 error: 4.702581e+02 gradnorm: 1.895928e+07
iter: 4 error: 3.071317e+02 gradnorm: 8.957345e+06
iter: 5 error: 2.100910e+02 gradnorm: 2.580082e+06
iter: 6 error: 1.482718e+02 gradnorm: 1.226606e+06
iter: 7 error: 1.195876e+02 gradnorm: 1.079220e+06
iter: 8 error: 1.009106e+02 gradnorm: 1.417552e+06
iter: 9 error: 9.336638e+01 gradnorm: 9.237644e+05
iter: 10 error: 7.640154e+01 gradnorm: 4.565510e+05
iter: 11 error: 6.296150e+01 gradnorm: 3.334322e+05
iter: 12 error: 5.229996e+01 gradnorm: 2.661759e+05
iter: 13 error: 4.652383e+01 gradnorm: 3.173051e+05
iter: 14 error: 4.198621e+01 gradnorm: 3.177916e+05
iter: 15 error: 3.887407e+01 gradnorm: 1.481825e+05
iter: 16 error: 3.520200e+01 gradnorm: 4.356273e+05
iter: 17 error: 3.316552e+01 gradnorm: 1.108351e+05
iter: 18 error: 3.028034e+01 gradnorm: 8.048395e+04
iter: 19 error: 2.768965e+01 gradnorm: 8.219642e+04
iter: 20 error: 2.659204e+01 gradnorm: 5.930296e+04
iter: 21 error: 2.502433e+01 gradnorm: 4.932805e+04
iter: 22 error: 2.405642e+01 gradnorm: 3.859148e+04
iter: 23 error: 2.333641e+01 gradnorm: 6.121531e+04
iter: 24 error: 2.303078e+01 gradnorm: 3.240621e+04
recon: 2.020591e+00 proj: 1.414511e+00 (1.330485e+00 3.052570e-02 1.911340e-02) backproj: 5.918174e-01 (9.850100e-03 1.529190e-02 5.503013e-01) ctime: 1.420730e-02 wtime: 2.450000e-05
numproj: 49 numback: 25
proj: 1.330485e+00 s (34.620735 GFLOPS) backproj: 5.503013e-01 s (42.706081 GFLOPS) avGFLOPS: 36.986435 totGFLOPS: 36.986435
proj: 138.517054 GB/s back: 140.755237 GB/s av: 139.171927 GB/s tot: 139.171927 GB/s
Total Time: 1.425635e+01
