NUM. THETA             : 750
NUM. RHO               : 512
NUM. X PIXELS          : 512
NUM. Y PIXELS          : 512

NUM. OF PIXELS         : 262144
NUM. OF RAYS           : 384000

NUM. ITERATIONS        : 24

SPATIAL TILE SIZE      : 512
SPECTRAL TILE SIZE     : 512

NUMBER OF X TILES      : 1
NUMBER OF Y TILES      : 1
NUM. OF THETA TILES    : 2
NUM. OF RHO TILES      : 1

NUM. SPATIAL TILES     : 1
NUM. SPECTRAL TILES    : 2

NUM. OF X PIXELS (EXT) : 512
NUM. OF Y PIXELS (EXT) : 512
NUM. OF ANGLES (EXT)   : 1024
NUM. OF RHOS (EXT)     : 512

NUM. OF PIXELS (EXT)   : 262144
NUM. OF RAYS (EXT)     : 524288

NUMBER OF PROCESSES    : 1
NUMBER OF THRD./PROC.  : 24

INTEGER: 4, FLOAT: 4, LONG: 8, SHORT: 2, POINTER: 8
APPROX. MEMORY     TOTAL: 4.394531e+00 GB
APPROX. MEMORY PER PROC.: 4.394531e+00 GB

X START       : -2.560000e+02
Y START       : -2.560000e+02
PIXEL SIZE    : 1.000000e+00
RHO START     : -2.560000e+02
RAY LENGTH    : 1.024000e+03

SPATIAL INDEXING       : 5
SPECTRAL INDEXING      : 5
 1: CARTESIAN, NATURAL
 2: CARTESIAN, TRANSPOSED
 3: MORTON, NATURAL
 4: MORTON, TRANSPOSED
PROJECTION BLOCK SIZE      : 512
BACKPROJECTION BLOCK SIZE  : 512
PROJECTION BUFFER SIZE      : 48 KB
BACKPROJECTION BUFFER SIZE  : 48 KB

SINOGRAM FILE : ../../../../datasets/CDS1_sinogram.bin
   THETA FILE : ../../../../datasets/CDS1_theta.bin
  OUTPUT FILE : ../../output/single_gpu/ip-0A000015/k80.24.CDS1.512.512.512.512.48.48.bin


PLACE TILES
lspat 1 lspatdim 1
lspec 2 lspecdim 2
MPI PARTITIONING
proc: 0 numspats: 1 numpixs: 262144 numspecs: 2 numrays: 524288
maxnumpix: 262144 maxnumray: 524288
FILL PIXELS AND RAYS
INPUT THETA DATA
DOMAIN PARTITIONING
myid 0 raynuminc 384000/384000 raynumout 384000/384000

CONSTRUCT PROJECTION MATRIX
CSR STORAGE: 235011336 (1.750971 GB) rownzmax 1022
RAY-TRACING TIME: 1.213489e+00
CONSTRUCT BACKPROJECTION MATRIX
CSR STORAGE: 235011336 (1.750971 GB) rownzmax 1092
TRANSPOSITION TIME: 3.514107e-01

BLOCKING PROJECTION MATRIX
NUMBER OF BLOCKS: 750 BUFFSIZE: 12288
NUMBER OF BUFFERS: 1410 AVERAGE BUFF/BLOCK: 1.880000 MAX BUFF/BLOCK: 3
BUFF MAP: 17326080 (0.064545 GB)
ELLPACK STORAGE: 273400320 (1.527743 GB) buffnzmax: 647 STORAGE EFFICIENCY: 1.289380 DATA REUSE: 17.612637
BLOCKING TIME: 5.955047e-01
BLOCKING BACKPROJECTION MATRIX
NUMBER OF BLOCKS: 512 BUFFSIZE: 12288
NUMBER OF BUFFERS: 1020 AVERAGE BUFF/BLOCK: 1.992188 MAX BUFF/BLOCK: 2
BUFF MAP: 12533760 (0.046692 GB)
ELLPACK STORAGE: 263151104 (1.470471 GB) buffnzmax: 742 STORAGE EFFICIENCY: 1.339599 DATA REUSE: 21.340656
BLOCKING TIME: 6.056844e-01

FILL PROJECTION MATRIX
TIME: 1.124004e+00
FILL BACKPROJECTION MATRIX
TIME: 1.414024e+00
REDUCTION MAPPINGS
PREPROCESSING TIME: 5.307568e+00
myid: 0 device: 0

Device Count: 1
Device 0 name: 531611056
Computational Capabilities: 3, 7
Maximum global memory size: 11996954624
Maximum constant memory size: 65536
Maximum shared memory size per block: 49152
Maximum block dimensions: 1024x1024x64
Maximum grid dimensions: 2147483647x65535x65535
Maximum threads per block: 1024
Warp size: 32

PROC 0 TOTAL GPU MEMORY: 4.411865 GB
INPUT MEASUREMENT DATA
INPUT ENDS
GRADIENT-DESCENT OPTIMIZATION
iter: 0 error: 4.959040e+04 gradnorm: 1.560969e+10
iter: 1 error: 5.316508e+03 gradnorm: 4.760831e+08
iter: 2 error: 5.074556e+02 gradnorm: 1.604496e+07
iter: 3 error: 2.940052e+02 gradnorm: 8.082460e+06
iter: 4 error: 1.716220e+02 gradnorm: 1.353864e+06
iter: 5 error: 1.154541e+02 gradnorm: 6.275251e+05
iter: 6 error: 9.018394e+01 gradnorm: 9.979512e+05
iter: 7 error: 8.364021e+01 gradnorm: 9.648325e+05
iter: 8 error: 7.159419e+01 gradnorm: 4.234488e+05
iter: 9 error: 5.778056e+01 gradnorm: 2.255771e+05
iter: 10 error: 4.873503e+01 gradnorm: 1.924661e+05
iter: 11 error: 4.171432e+01 gradnorm: 1.089995e+05
iter: 12 error: 3.755637e+01 gradnorm: 1.915678e+05
iter: 13 error: 3.480103e+01 gradnorm: 1.452237e+05
iter: 14 error: 3.357339e+01 gradnorm: 2.060083e+05
iter: 15 error: 3.111362e+01 gradnorm: 6.055494e+04
iter: 16 error: 2.842278e+01 gradnorm: 5.461647e+04
iter: 17 error: 2.682602e+01 gradnorm: 4.562828e+04
iter: 18 error: 2.523936e+01 gradnorm: 2.667108e+04
iter: 19 error: 2.395194e+01 gradnorm: 2.754923e+04
iter: 20 error: 2.337531e+01 gradnorm: 9.437817e+04
iter: 21 error: 2.279906e+01 gradnorm: 1.541368e+04
iter: 22 error: 2.188660e+01 gradnorm: 1.200759e+04
iter: 23 error: 2.121018e+01 gradnorm: 1.008996e+04
iter: 24 error: 2.083488e+01 gradnorm: 1.923154e+04
recon: 1.013443e+00 proj: 6.619206e-01 (5.979527e-01 3.496762e-02 1.912555e-02) backproj: 3.222884e-01 (1.010217e-02 1.714296e-02 2.903874e-01) ctime: 2.917022e-02 wtime: 2.470000e-05
numproj: 49 numback: 25
proj: 5.979527e-01 s (38.516608 GFLOPS) backproj: 2.903874e-01 s (40.465146 GFLOPS) avGFLOPS: 39.153561 totGFLOPS: 39.153561
proj: 140.104060 GB/s back: 140.247295 GB/s av: 140.150882 GB/s tot: 140.150882 GB/s
Total Time: 7.062379e+00
