NUM. THETA             : 375
NUM. RHO               : 1024
NUM. X PIXELS          : 1024
NUM. Y PIXELS          : 1024

NUM. OF PIXELS         : 1048576
NUM. OF RAYS           : 384000

NUM. ITERATIONS        : 24

SPATIAL TILE SIZE      : 128
SPECTRAL TILE SIZE     : 128

NUMBER OF X TILES      : 8
NUMBER OF Y TILES      : 8
NUM. OF THETA TILES    : 3
NUM. OF RHO TILES      : 8

NUM. SPATIAL TILES     : 64
NUM. SPECTRAL TILES    : 24

NUM. OF X PIXELS (EXT) : 1024
NUM. OF Y PIXELS (EXT) : 1024
NUM. OF ANGLES (EXT)   : 384
NUM. OF RHOS (EXT)     : 1024

NUM. OF PIXELS (EXT)   : 1048576
NUM. OF RAYS (EXT)     : 393216

NUMBER OF PROCESSES    : 1
NUMBER OF THRD./PROC.  : 12

INTEGER: 4, FLOAT: 4, LONG: 8, SHORT: 2, POINTER: 8
APPROX. MEMORY     TOTAL: 8.789062e+00 GB
APPROX. MEMORY PER PROC.: 8.789062e+00 GB

X START       : -5.120000e+02
Y START       : -5.120000e+02
PIXEL SIZE    : 1.000000e+00
RHO START     : -5.120000e+02
RAY LENGTH    : 2.048000e+03

SPATIAL INDEXING       : 5
SPECTRAL INDEXING      : 5
 1: CARTESIAN, NATURAL
 2: CARTESIAN, TRANSPOSED
 3: MORTON, NATURAL
 4: MORTON, TRANSPOSED
PROJECTION BLOCK SIZE      : 512
BACKPROJECTION BLOCK SIZE  : 512
PROJECTION BUFFER SIZE      : 48 KB
BACKPROJECTION BUFFER SIZE  : 48 KB

SINOGRAM FILE : ../../../../datasets/CDS2_sinogram.bin
   THETA FILE : ../../../../datasets/CDS2_theta.bin
  OUTPUT FILE : ../../output/single_gpu/ip-0A00000A/k80.12.CDS2.128.128.512.512.48.48.bin


PLACE TILES
lspat 8 lspatdim 8
lspec 8 lspecdim 8
MPI PARTITIONING
proc: 0 numspats: 64 numpixs: 1048576 numspecs: 24 numrays: 393216
maxnumpix: 1048576 maxnumray: 393216
FILL PIXELS AND RAYS
INPUT THETA DATA
DOMAIN PARTITIONING
myid 0 raynuminc 384000/384000 raynumout 384000/384000

CONSTRUCT PROJECTION MATRIX
CSR STORAGE: 470024030 (3.501952 GB) rownzmax 2046
RAY-TRACING TIME: 2.412744e+00
CONSTRUCT BACKPROJECTION MATRIX
CSR STORAGE: 470024030 (3.501952 GB) rownzmax 607
TRANSPOSITION TIME: 7.472920e-01

BLOCKING PROJECTION MATRIX
NUMBER OF BLOCKS: 750 BUFFSIZE: 12288
NUMBER OF BUFFERS: 3338 AVERAGE BUFF/BLOCK: 4.450667 MAX BUFF/BLOCK: 7
BUFF MAP: 41017344 (0.152802 GB)
ELLPACK STORAGE: 601530368 (3.361313 GB) buffnzmax: 714 STORAGE EFFICIENCY: 1.172071 DATA REUSE: 13.194256
BLOCKING TIME: 1.423090e+00
BLOCKING BACKPROJECTION MATRIX
NUMBER OF BLOCKS: 2048 BUFFSIZE: 12288
NUMBER OF BUFFERS: 2048 AVERAGE BUFF/BLOCK: 1.000000 MAX BUFF/BLOCK: 1
BUFF MAP: 25165824 (0.093750 GB)
ELLPACK STORAGE: 499561984 (2.791520 GB) buffnzmax: 607 STORAGE EFFICIENCY: 1.411308 DATA REUSE: 21.334789
BLOCKING TIME: 1.200134e+00

FILL PROJECTION MATRIX
TIME: 2.207297e+00
FILL BACKPROJECTION MATRIX
TIME: 2.675852e+00
REDUCTION MAPPINGS
PREPROCESSING TIME: 1.066895e+01
myid: 0 device: 0

Device Count: 1
Device 0 name: -402353392
Computational Capabilities: 3, 7
Maximum global memory size: 12799574016
Maximum constant memory size: 65536
Maximum shared memory size per block: 49152
Maximum block dimensions: 1024x1024x64
Maximum grid dimensions: 2147483647x65535x65535
Maximum threads per block: 1024
Warp size: 32

PROC 0 TOTAL GPU MEMORY: 9.073503 GB
INPUT MEASUREMENT DATA
INPUT ENDS
GRADIENT-DESCENT OPTIMIZATION
iter: 0 error: 5.498397e+04 gradnorm: 1.963862e+10
iter: 1 error: 3.375396e+03 gradnorm: 2.933212e+08
iter: 2 error: 1.127912e+03 gradnorm: 5.687456e+07
iter: 3 error: 4.702536e+02 gradnorm: 1.895875e+07
iter: 4 error: 3.071292e+02 gradnorm: 8.957460e+06
iter: 5 error: 2.100903e+02 gradnorm: 2.580066e+06
iter: 6 error: 1.482713e+02 gradnorm: 1.226434e+06
iter: 7 error: 1.195599e+02 gradnorm: 1.070581e+06
iter: 8 error: 1.001604e+02 gradnorm: 1.251076e+06
iter: 9 error: 9.301973e+01 gradnorm: 1.015437e+06
iter: 10 error: 7.639944e+01 gradnorm: 4.573123e+05
iter: 11 error: 6.296143e+01 gradnorm: 3.333412e+05
iter: 12 error: 5.228339e+01 gradnorm: 2.630090e+05
iter: 13 error: 4.627914e+01 gradnorm: 2.891059e+05
iter: 14 error: 4.114075e+01 gradnorm: 2.728314e+05
iter: 15 error: 3.875303e+01 gradnorm: 1.649226e+05
iter: 16 error: 3.431699e+01 gradnorm: 2.669196e+05
iter: 17 error: 3.308210e+01 gradnorm: 1.350843e+05
iter: 18 error: 3.029511e+01 gradnorm: 8.228087e+04
iter: 19 error: 2.785711e+01 gradnorm: 9.609759e+04
iter: 20 error: 2.666507e+01 gradnorm: 5.391756e+04
iter: 21 error: 2.503810e+01 gradnorm: 4.890966e+04
iter: 22 error: 2.405675e+01 gradnorm: 3.752290e+04
iter: 23 error: 2.323492e+01 gradnorm: 3.716212e+04
iter: 24 error: 2.296825e+01 gradnorm: 4.985677e+04
recon: 1.769112e+00 proj: 1.230157e+00 (1.146447e+00 3.437633e-02 1.498341e-02) backproj: 5.131345e-01 (7.624509e-03 1.700602e-02 4.695111e-01) ctime: 2.575512e-02 wtime: 3.020000e-05
numproj: 49 numback: 25
proj: 1.146447e+00 s (40.178370 GFLOPS) backproj: 4.695111e-01 s (50.054620 GFLOPS) avGFLOPS: 43.047881 totGFLOPS: 43.047881
proj: 161.271645 GB/s back: 164.960688 GB/s av: 162.343484 GB/s tot: 162.343484 GB/s
Total Time: 3.927765e+01
