NUM. THETA             : 375
NUM. RHO               : 1024
NUM. X PIXELS          : 1024
NUM. Y PIXELS          : 1024

NUM. OF PIXELS         : 1048576
NUM. OF RAYS           : 384000

NUM. ITERATIONS        : 24

SPATIAL TILE SIZE      : 256
SPECTRAL TILE SIZE     : 256

NUMBER OF X TILES      : 4
NUMBER OF Y TILES      : 4
NUM. OF THETA TILES    : 2
NUM. OF RHO TILES      : 4

NUM. SPATIAL TILES     : 16
NUM. SPECTRAL TILES    : 8

NUM. OF X PIXELS (EXT) : 1024
NUM. OF Y PIXELS (EXT) : 1024
NUM. OF ANGLES (EXT)   : 512
NUM. OF RHOS (EXT)     : 1024

NUM. OF PIXELS (EXT)   : 1048576
NUM. OF RAYS (EXT)     : 524288

NUMBER OF PROCESSES    : 1
NUMBER OF THRD./PROC.  : 6

INTEGER: 4, FLOAT: 4, LONG: 8, SHORT: 2, POINTER: 8
APPROX. MEMORY     TOTAL: 8.789062e+00 GB
APPROX. MEMORY PER PROC.: 8.789062e+00 GB

X START       : -5.120000e+02
Y START       : -5.120000e+02
PIXEL SIZE    : 1.000000e+00
RHO START     : -5.120000e+02
RAY LENGTH    : 2.048000e+03

SPATIAL INDEXING       : 5
SPECTRAL INDEXING      : 5
 1: CARTESIAN, NATURAL
 2: CARTESIAN, TRANSPOSED
 3: MORTON, NATURAL
 4: MORTON, TRANSPOSED
PROJECTION BLOCK SIZE      : 512
BACKPROJECTION BLOCK SIZE  : 512
PROJECTION BUFFER SIZE      : 48 KB
BACKPROJECTION BUFFER SIZE  : 48 KB

SINOGRAM FILE : ../../../../datasets/CDS2_sinogram.bin
   THETA FILE : ../../../../datasets/CDS2_theta.bin
  OUTPUT FILE : ../../output/single_gpu/ip-0A000008/k80.6.CDS2.256.256.512.512.48.48.bin


PLACE TILES
lspat 4 lspatdim 4
lspec 4 lspecdim 4
MPI PARTITIONING
proc: 0 numspats: 16 numpixs: 1048576 numspecs: 8 numrays: 524288
maxnumpix: 1048576 maxnumray: 524288
FILL PIXELS AND RAYS
INPUT THETA DATA
DOMAIN PARTITIONING
myid 0 raynuminc 384000/384000 raynumout 384000/384000

CONSTRUCT PROJECTION MATRIX
CSR STORAGE: 470024248 (3.501954 GB) rownzmax 2046
RAY-TRACING TIME: 4.829377e+00
CONSTRUCT BACKPROJECTION MATRIX
CSR STORAGE: 470024248 (3.501954 GB) rownzmax 607
TRANSPOSITION TIME: 1.278631e+00

BLOCKING PROJECTION MATRIX
NUMBER OF BLOCKS: 750 BUFFSIZE: 12288
NUMBER OF BUFFERS: 3324 AVERAGE BUFF/BLOCK: 4.432000 MAX BUFF/BLOCK: 7
BUFF MAP: 40845312 (0.152161 GB)
ELLPACK STORAGE: 599623168 (3.350656 GB) buffnzmax: 716 STORAGE EFFICIENCY: 1.175799 DATA REUSE: 13.167217
BLOCKING TIME: 2.504532e+00
BLOCKING BACKPROJECTION MATRIX
NUMBER OF BLOCKS: 2048 BUFFSIZE: 12288
NUMBER OF BUFFERS: 2048 AVERAGE BUFF/BLOCK: 1.000000 MAX BUFF/BLOCK: 1
BUFF MAP: 25165824 (0.093750 GB)
ELLPACK STORAGE: 499608064 (2.791778 GB) buffnzmax: 607 STORAGE EFFICIENCY: 1.411179 DATA REUSE: 21.334856
BLOCKING TIME: 2.290775e+00

FILL PROJECTION MATRIX
TIME: 4.353884e+00
FILL BACKPROJECTION MATRIX
TIME: 5.319495e+00
REDUCTION MAPPINGS
PREPROCESSING TIME: 2.057897e+01
myid: 0 device: 0

Device Count: 4
Device 0 name: -41373072
Computational Capabilities: 3, 7
Maximum global memory size: 11996954624
Maximum constant memory size: 65536
Maximum shared memory size per block: 49152
Maximum block dimensions: 1024x1024x64
Maximum grid dimensions: 2147483647x65535x65535
Maximum threads per block: 1024
Warp size: 32

PROC 0 TOTAL GPU MEMORY: 9.057927 GB
INPUT MEASUREMENT DATA
INPUT ENDS
GRADIENT-DESCENT OPTIMIZATION
iter: 0 error: 5.498064e+04 gradnorm: 1.963811e+10
iter: 1 error: 3.375356e+03 gradnorm: 2.933178e+08
iter: 2 error: 1.127908e+03 gradnorm: 5.687439e+07
iter: 3 error: 4.702554e+02 gradnorm: 1.895870e+07
iter: 4 error: 3.071285e+02 gradnorm: 8.957115e+06
iter: 5 error: 2.100904e+02 gradnorm: 2.580048e+06
iter: 6 error: 1.482710e+02 gradnorm: 1.226593e+06
iter: 7 error: 1.195847e+02 gradnorm: 1.078485e+06
iter: 8 error: 1.008483e+02 gradnorm: 1.404617e+06
iter: 9 error: 9.334398e+01 gradnorm: 9.296996e+05
iter: 10 error: 7.640110e+01 gradnorm: 4.565911e+05
iter: 11 error: 6.296077e+01 gradnorm: 3.333156e+05
iter: 12 error: 5.227869e+01 gradnorm: 2.622606e+05
iter: 13 error: 4.621595e+01 gradnorm: 2.817787e+05
iter: 14 error: 4.086254e+01 gradnorm: 2.647228e+05
iter: 15 error: 3.899744e+01 gradnorm: 2.142762e+05
iter: 16 error: 3.652741e+01 gradnorm: 3.609147e+05
iter: 17 error: 3.318100e+01 gradnorm: 1.055379e+05
iter: 18 error: 3.034192e+01 gradnorm: 8.679595e+04
iter: 19 error: 2.820741e+01 gradnorm: 1.131520e+05
iter: 20 error: 2.672432e+01 gradnorm: 4.857806e+04
iter: 21 error: 2.505198e+01 gradnorm: 5.032346e+04
iter: 22 error: 2.422017e+01 gradnorm: 7.569772e+04
iter: 23 error: 2.380569e+01 gradnorm: 4.630710e+04
iter: 24 error: 2.305305e+01 gradnorm: 2.552780e+04
recon: 2.028024e+00 proj: 1.414448e+00 (1.330559e+00 3.029650e-02 1.908360e-02) backproj: 5.920328e-01 (9.985800e-03 1.535600e-02 5.503384e-01) ctime: 2.148920e-02 wtime: 2.580000e-05
numproj: 49 numback: 25
proj: 1.330559e+00 s (34.618828 GFLOPS) backproj: 5.503384e-01 s (42.703200 GFLOPS) avGFLOPS: 36.984263 totGFLOPS: 36.984263
proj: 138.509422 GB/s back: 140.745742 GB/s av: 139.163755 GB/s tot: 139.163755 GB/s
Total Time: 2.410417e+01
