NUM. THETA             : 750
NUM. RHO               : 512
NUM. X PIXELS          : 512
NUM. Y PIXELS          : 512

NUM. OF PIXELS         : 262144
NUM. OF RAYS           : 384000

NUM. ITERATIONS        : 24

SPATIAL TILE SIZE      : 128
SPECTRAL TILE SIZE     : 128

NUMBER OF X TILES      : 4
NUMBER OF Y TILES      : 4
NUM. OF THETA TILES    : 6
NUM. OF RHO TILES      : 4

NUM. SPATIAL TILES     : 16
NUM. SPECTRAL TILES    : 24

NUM. OF X PIXELS (EXT) : 512
NUM. OF Y PIXELS (EXT) : 512
NUM. OF ANGLES (EXT)   : 768
NUM. OF RHOS (EXT)     : 512

NUM. OF PIXELS (EXT)   : 262144
NUM. OF RAYS (EXT)     : 393216

NUMBER OF PROCESSES    : 1
NUMBER OF THRD./PROC.  : 12

INTEGER: 4, FLOAT: 4, LONG: 8, SHORT: 2, POINTER: 8
APPROX. MEMORY     TOTAL: 4.394531e+00 GB
APPROX. MEMORY PER PROC.: 4.394531e+00 GB

X START       : -2.560000e+02
Y START       : -2.560000e+02
PIXEL SIZE    : 1.000000e+00
RHO START     : -2.560000e+02
RAY LENGTH    : 1.024000e+03

SPATIAL INDEXING       : 5
SPECTRAL INDEXING      : 5
 1: CARTESIAN, NATURAL
 2: CARTESIAN, TRANSPOSED
 3: MORTON, NATURAL
 4: MORTON, TRANSPOSED
PROJECTION BLOCK SIZE      : 512
BACKPROJECTION BLOCK SIZE  : 512
PROJECTION BUFFER SIZE      : 48 KB
BACKPROJECTION BUFFER SIZE  : 48 KB

SINOGRAM FILE : ../../../../datasets/CDS1_sinogram.bin
   THETA FILE : ../../../../datasets/CDS1_theta.bin
  OUTPUT FILE : ../../output/single_gpu/ip-0A000008/k80.12.CDS1.128.128.512.512.48.48.bin


PLACE TILES
lspat 4 lspatdim 4
lspec 6 lspecdim 8
MPI PARTITIONING
proc: 0 numspats: 16 numpixs: 262144 numspecs: 24 numrays: 393216
maxnumpix: 262144 maxnumray: 393216
FILL PIXELS AND RAYS
INPUT THETA DATA
DOMAIN PARTITIONING
myid 0 raynuminc 384000/384000 raynumout 384000/384000

CONSTRUCT PROJECTION MATRIX
CSR STORAGE: 235011121 (1.750969 GB) rownzmax 1022
RAY-TRACING TIME: 1.161169e+00
CONSTRUCT BACKPROJECTION MATRIX
CSR STORAGE: 235011121 (1.750969 GB) rownzmax 1092
TRANSPOSITION TIME: 3.412012e-01

BLOCKING PROJECTION MATRIX
NUMBER OF BLOCKS: 750 BUFFSIZE: 12288
NUMBER OF BUFFERS: 1416 AVERAGE BUFF/BLOCK: 1.888000 MAX BUFF/BLOCK: 3
BUFF MAP: 17399808 (0.064819 GB)
ELLPACK STORAGE: 272871424 (1.524788 GB) buffnzmax: 693 STORAGE EFFICIENCY: 1.291878 DATA REUSE: 17.633121
BLOCKING TIME: 5.716584e-01
BLOCKING BACKPROJECTION MATRIX
NUMBER OF BLOCKS: 512 BUFFSIZE: 12288
NUMBER OF BUFFERS: 1020 AVERAGE BUFF/BLOCK: 1.992188 MAX BUFF/BLOCK: 2
BUFF MAP: 12533760 (0.046692 GB)
ELLPACK STORAGE: 260354048 (1.454842 GB) buffnzmax: 746 STORAGE EFFICIENCY: 1.353990 DATA REUSE: 21.340651
BLOCKING TIME: 5.884544e-01

FILL PROJECTION MATRIX
TIME: 1.123789e+00
FILL BACKPROJECTION MATRIX
TIME: 1.395053e+00
REDUCTION MAPPINGS
PREPROCESSING TIME: 5.184015e+00
myid: 0 device: 0

Device Count: 4
Device 0 name: -414887728
Computational Capabilities: 3, 7
Maximum global memory size: 11996954624
Maximum constant memory size: 65536
Maximum shared memory size per block: 49152
Maximum block dimensions: 1024x1024x64
Maximum grid dimensions: 2147483647x65535x65535
Maximum threads per block: 1024
Warp size: 32

PROC 0 TOTAL GPU MEMORY: 4.385553 GB
INPUT MEASUREMENT DATA
INPUT ENDS
GRADIENT-DESCENT OPTIMIZATION
iter: 0 error: 4.958980e+04 gradnorm: 1.560966e+10
iter: 1 error: 5.316504e+03 gradnorm: 4.760835e+08
iter: 2 error: 5.074574e+02 gradnorm: 1.604494e+07
iter: 3 error: 2.940082e+02 gradnorm: 8.082359e+06
iter: 4 error: 1.716256e+02 gradnorm: 1.353849e+06
iter: 5 error: 1.154554e+02 gradnorm: 6.266416e+05
iter: 6 error: 8.971857e+01 gradnorm: 8.625857e+05
iter: 7 error: 8.275683e+01 gradnorm: 1.111626e+06
iter: 8 error: 7.158358e+01 gradnorm: 4.275342e+05
iter: 9 error: 5.778320e+01 gradnorm: 2.256132e+05
iter: 10 error: 4.873885e+01 gradnorm: 1.925931e+05
iter: 11 error: 4.173139e+01 gradnorm: 1.106801e+05
iter: 12 error: 3.778241e+01 gradnorm: 1.986222e+05
iter: 13 error: 3.483727e+01 gradnorm: 1.413776e+05
iter: 14 error: 3.364819e+01 gradnorm: 2.041099e+05
iter: 15 error: 3.111846e+01 gradnorm: 6.026029e+04
iter: 16 error: 2.842665e+01 gradnorm: 5.471335e+04
iter: 17 error: 2.682944e+01 gradnorm: 4.558061e+04
iter: 18 error: 2.524037e+01 gradnorm: 2.665926e+04
iter: 19 error: 2.395048e+01 gradnorm: 2.685367e+04
iter: 20 error: 2.327248e+01 gradnorm: 9.188008e+04
iter: 21 error: 2.279873e+01 gradnorm: 1.571333e+04
iter: 22 error: 2.188702e+01 gradnorm: 1.200486e+04
iter: 23 error: 2.120883e+01 gradnorm: 9.884105e+03
iter: 24 error: 2.080291e+01 gradnorm: 1.812879e+04
recon: 9.769796e-01 proj: 6.509569e-01 (5.965121e-01 3.010050e-02 1.479220e-02) backproj: 3.147164e-01 (7.784900e-03 1.532180e-02 2.870130e-01) ctime: 1.125360e-02 wtime: 2.400000e-05
numproj: 49 numback: 25
proj: 5.965121e-01 s (38.609592 GFLOPS) backproj: 2.870130e-01 s (40.940846 GFLOPS) avGFLOPS: 39.366900 totGFLOPS: 39.366900
proj: 140.205970 GB/s back: 140.434336 GB/s av: 140.280154 GB/s tot: 140.280154 GB/s
Total Time: 7.012948e+00
