NUM. THETA             : 750
NUM. RHO               : 512
NUM. X PIXELS          : 512
NUM. Y PIXELS          : 512

NUM. OF PIXELS         : 262144
NUM. OF RAYS           : 384000

NUM. ITERATIONS        : 24

SPATIAL TILE SIZE      : 512
SPECTRAL TILE SIZE     : 512

NUMBER OF X TILES      : 1
NUMBER OF Y TILES      : 1
NUM. OF THETA TILES    : 2
NUM. OF RHO TILES      : 1

NUM. SPATIAL TILES     : 1
NUM. SPECTRAL TILES    : 2

NUM. OF X PIXELS (EXT) : 512
NUM. OF Y PIXELS (EXT) : 512
NUM. OF ANGLES (EXT)   : 1024
NUM. OF RHOS (EXT)     : 512

NUM. OF PIXELS (EXT)   : 262144
NUM. OF RAYS (EXT)     : 524288

NUMBER OF PROCESSES    : 1
NUMBER OF THRD./PROC.  : 12

INTEGER: 4, FLOAT: 4, LONG: 8, SHORT: 2, POINTER: 8
APPROX. MEMORY     TOTAL: 4.394531e+00 GB
APPROX. MEMORY PER PROC.: 4.394531e+00 GB

X START       : -2.560000e+02
Y START       : -2.560000e+02
PIXEL SIZE    : 1.000000e+00
RHO START     : -2.560000e+02
RAY LENGTH    : 1.024000e+03

SPATIAL INDEXING       : 5
SPECTRAL INDEXING      : 5
 1: CARTESIAN, NATURAL
 2: CARTESIAN, TRANSPOSED
 3: MORTON, NATURAL
 4: MORTON, TRANSPOSED
PROJECTION BLOCK SIZE      : 512
BACKPROJECTION BLOCK SIZE  : 512
PROJECTION BUFFER SIZE      : 48 KB
BACKPROJECTION BUFFER SIZE  : 48 KB

SINOGRAM FILE : ../../../../datasets/CDS1_sinogram.bin
   THETA FILE : ../../../../datasets/CDS1_theta.bin
  OUTPUT FILE : ../../output/single_gpu/ip-0A000008/k80.12.CDS1.512.512.512.512.48.48.bin


PLACE TILES
lspat 1 lspatdim 1
lspec 2 lspecdim 2
MPI PARTITIONING
proc: 0 numspats: 1 numpixs: 262144 numspecs: 2 numrays: 524288
maxnumpix: 262144 maxnumray: 524288
FILL PIXELS AND RAYS
INPUT THETA DATA
DOMAIN PARTITIONING
myid 0 raynuminc 384000/384000 raynumout 384000/384000

CONSTRUCT PROJECTION MATRIX
CSR STORAGE: 235011336 (1.750971 GB) rownzmax 1022
RAY-TRACING TIME: 1.212657e+00
CONSTRUCT BACKPROJECTION MATRIX
CSR STORAGE: 235011336 (1.750971 GB) rownzmax 1092
TRANSPOSITION TIME: 3.288018e-01

BLOCKING PROJECTION MATRIX
NUMBER OF BLOCKS: 750 BUFFSIZE: 12288
NUMBER OF BUFFERS: 1410 AVERAGE BUFF/BLOCK: 1.880000 MAX BUFF/BLOCK: 3
BUFF MAP: 17326080 (0.064545 GB)
ELLPACK STORAGE: 273400320 (1.527743 GB) buffnzmax: 647 STORAGE EFFICIENCY: 1.289380 DATA REUSE: 17.612637
BLOCKING TIME: 5.720440e-01
BLOCKING BACKPROJECTION MATRIX
NUMBER OF BLOCKS: 512 BUFFSIZE: 12288
NUMBER OF BUFFERS: 1020 AVERAGE BUFF/BLOCK: 1.992188 MAX BUFF/BLOCK: 2
BUFF MAP: 12533760 (0.046692 GB)
ELLPACK STORAGE: 263151104 (1.470471 GB) buffnzmax: 742 STORAGE EFFICIENCY: 1.339599 DATA REUSE: 21.340656
BLOCKING TIME: 5.902948e-01

FILL PROJECTION MATRIX
TIME: 1.109263e+00
FILL BACKPROJECTION MATRIX
TIME: 1.388354e+00
REDUCTION MAPPINGS
PREPROCESSING TIME: 5.204720e+00
myid: 0 device: 0

Device Count: 4
Device 0 name: -734239616
Computational Capabilities: 3, 7
Maximum global memory size: 11996954624
Maximum constant memory size: 65536
Maximum shared memory size per block: 49152
Maximum block dimensions: 1024x1024x64
Maximum grid dimensions: 2147483647x65535x65535
Maximum threads per block: 1024
Warp size: 32

PROC 0 TOTAL GPU MEMORY: 4.411865 GB
INPUT MEASUREMENT DATA
INPUT ENDS
GRADIENT-DESCENT OPTIMIZATION
iter: 0 error: 4.958966e+04 gradnorm: 1.560969e+10
iter: 1 error: 5.316504e+03 gradnorm: 4.760839e+08
iter: 2 error: 5.074542e+02 gradnorm: 1.604506e+07
iter: 3 error: 2.940040e+02 gradnorm: 8.082494e+06
iter: 4 error: 1.716212e+02 gradnorm: 1.353866e+06
iter: 5 error: 1.154472e+02 gradnorm: 6.253314e+05
iter: 6 error: 8.898801e+01 gradnorm: 6.404918e+05
iter: 7 error: 7.468962e+01 gradnorm: 5.865784e+05
iter: 8 error: 6.990289e+01 gradnorm: 8.629049e+05
iter: 9 error: 5.777541e+01 gradnorm: 2.271353e+05
iter: 10 error: 4.873499e+01 gradnorm: 1.924860e+05
iter: 11 error: 4.171582e+01 gradnorm: 1.091630e+05
iter: 12 error: 3.757227e+01 gradnorm: 1.896362e+05
iter: 13 error: 3.465289e+01 gradnorm: 1.057173e+05
iter: 14 error: 3.171097e+01 gradnorm: 1.331455e+05
iter: 15 error: 3.102243e+01 gradnorm: 8.861517e+04
iter: 16 error: 2.842231e+01 gradnorm: 5.473621e+04
iter: 17 error: 2.682596e+01 gradnorm: 4.562870e+04
iter: 18 error: 2.523924e+01 gradnorm: 2.666357e+04
iter: 19 error: 2.394612e+01 gradnorm: 2.568877e+04
iter: 20 error: 2.291369e+01 gradnorm: 2.416471e+04
iter: 21 error: 2.274707e+01 gradnorm: 3.160525e+04
iter: 22 error: 2.188703e+01 gradnorm: 1.210217e+04
iter: 23 error: 2.123318e+01 gradnorm: 1.266857e+04
iter: 24 error: 2.098034e+01 gradnorm: 1.650883e+04
recon: 1.000626e+00 proj: 6.592970e-01 (5.975638e-01 3.138670e-02 1.910300e-02) backproj: 3.208647e-01 (1.078200e-02 1.524080e-02 2.902372e-01) ctime: 2.041100e-02 wtime: 2.360000e-05
numproj: 49 numback: 25
proj: 5.975638e-01 s (38.541678 GFLOPS) backproj: 2.902372e-01 s (40.486075 GFLOPS) avGFLOPS: 39.177335 totGFLOPS: 39.177335
proj: 140.195254 GB/s back: 140.319832 GB/s av: 140.235981 GB/s tot: 140.235981 GB/s
Total Time: 7.058836e+00
