NUM. THETA             : 750
NUM. RHO               : 512
NUM. X PIXELS          : 512
NUM. Y PIXELS          : 512

NUM. OF PIXELS         : 262144
NUM. OF RAYS           : 384000

NUM. ITERATIONS        : 24

SPATIAL TILE SIZE      : 256
SPECTRAL TILE SIZE     : 256

NUMBER OF X TILES      : 2
NUMBER OF Y TILES      : 2
NUM. OF THETA TILES    : 3
NUM. OF RHO TILES      : 2

NUM. SPATIAL TILES     : 4
NUM. SPECTRAL TILES    : 6

NUM. OF X PIXELS (EXT) : 512
NUM. OF Y PIXELS (EXT) : 512
NUM. OF ANGLES (EXT)   : 768
NUM. OF RHOS (EXT)     : 512

NUM. OF PIXELS (EXT)   : 262144
NUM. OF RAYS (EXT)     : 393216

NUMBER OF PROCESSES    : 1
NUMBER OF THRD./PROC.  : 12

INTEGER: 4, FLOAT: 4, LONG: 8, SHORT: 2, POINTER: 8
APPROX. MEMORY     TOTAL: 4.394531e+00 GB
APPROX. MEMORY PER PROC.: 4.394531e+00 GB

X START       : -2.560000e+02
Y START       : -2.560000e+02
PIXEL SIZE    : 1.000000e+00
RHO START     : -2.560000e+02
RAY LENGTH    : 1.024000e+03

SPATIAL INDEXING       : 5
SPECTRAL INDEXING      : 5
 1: CARTESIAN, NATURAL
 2: CARTESIAN, TRANSPOSED
 3: MORTON, NATURAL
 4: MORTON, TRANSPOSED
PROJECTION BLOCK SIZE      : 1024
BACKPROJECTION BLOCK SIZE  : 1024
PROJECTION BUFFER SIZE      : 48 KB
BACKPROJECTION BUFFER SIZE  : 48 KB

SINOGRAM FILE : ../../../../datasets/CDS1_sinogram.bin
   THETA FILE : ../../../../datasets/CDS1_theta.bin
  OUTPUT FILE : ../../output/single_gpu/ip-0A000008/k80.12.CDS1.256.256.1024.1024.48.48.bin


PLACE TILES
lspat 2 lspatdim 2
lspec 3 lspecdim 4
MPI PARTITIONING
proc: 0 numspats: 4 numpixs: 262144 numspecs: 6 numrays: 393216
maxnumpix: 262144 maxnumray: 393216
FILL PIXELS AND RAYS
INPUT THETA DATA
DOMAIN PARTITIONING
myid 0 raynuminc 384000/384000 raynumout 384000/384000

CONSTRUCT PROJECTION MATRIX
CSR STORAGE: 235011337 (1.750971 GB) rownzmax 1022
RAY-TRACING TIME: 1.177856e+00
CONSTRUCT BACKPROJECTION MATRIX
CSR STORAGE: 235011337 (1.750971 GB) rownzmax 1092
TRANSPOSITION TIME: 3.295497e-01

BLOCKING PROJECTION MATRIX
NUMBER OF BLOCKS: 375 BUFFSIZE: 12288
NUMBER OF BUFFERS: 972 AVERAGE BUFF/BLOCK: 2.592000 MAX BUFF/BLOCK: 4
BUFF MAP: 11943936 (0.044495 GB)
ELLPACK STORAGE: 297967616 (1.665024 GB) buffnzmax: 551 STORAGE EFFICIENCY: 1.183072 DATA REUSE: 25.830015
BLOCKING TIME: 5.567077e-01
BLOCKING BACKPROJECTION MATRIX
NUMBER OF BLOCKS: 256 BUFFSIZE: 12288
NUMBER OF BUFFERS: 728 AVERAGE BUFF/BLOCK: 2.843750 MAX BUFF/BLOCK: 3
BUFF MAP: 8945664 (0.033325 GB)
ELLPACK STORAGE: 281528320 (1.573162 GB) buffnzmax: 618 STORAGE EFFICIENCY: 1.252155 DATA REUSE: 32.022228
BLOCKING TIME: 5.632253e-01

FILL PROJECTION MATRIX
TIME: 1.125287e+00
FILL BACKPROJECTION MATRIX
TIME: 1.636298e+00
REDUCTION MAPPINGS
PREPROCESSING TIME: 5.391616e+00
myid: 0 device: 0

Device Count: 4
Device 0 name: -1384673168
Computational Capabilities: 3, 7
Maximum global memory size: 11996954624
Maximum constant memory size: 65536
Maximum shared memory size per block: 49152
Maximum block dimensions: 1024x1024x64
Maximum grid dimensions: 2147483647x65535x65535
Maximum threads per block: 1024
Warp size: 32

PROC 0 TOTAL GPU MEMORY: 4.719535 GB
INPUT MEASUREMENT DATA
INPUT ENDS
GRADIENT-DESCENT OPTIMIZATION
iter: 0 error: 4.959042e+04 gradnorm: 1.560970e+10
iter: 1 error: 5.316504e+03 gradnorm: 4.760846e+08
iter: 2 error: 5.074556e+02 gradnorm: 1.604490e+07
iter: 3 error: 2.940055e+02 gradnorm: 8.082486e+06
iter: 4 error: 1.716216e+02 gradnorm: 1.353875e+06
iter: 5 error: 1.154558e+02 gradnorm: 6.282122e+05
iter: 6 error: 9.053253e+01 gradnorm: 1.094778e+06
iter: 7 error: 8.399895e+01 gradnorm: 8.939032e+05
iter: 8 error: 7.159872e+01 gradnorm: 4.220085e+05
iter: 9 error: 5.778048e+01 gradnorm: 2.255745e+05
iter: 10 error: 4.873499e+01 gradnorm: 1.924679e+05
iter: 11 error: 4.171460e+01 gradnorm: 1.090567e+05
iter: 12 error: 3.757324e+01 gradnorm: 1.950854e+05
iter: 13 error: 3.494795e+01 gradnorm: 1.761832e+05
iter: 14 error: 3.377023e+01 gradnorm: 1.648189e+05
iter: 15 error: 3.111473e+01 gradnorm: 6.020706e+04
iter: 16 error: 2.842270e+01 gradnorm: 5.461414e+04
iter: 17 error: 2.682592e+01 gradnorm: 4.562870e+04
iter: 18 error: 2.523932e+01 gradnorm: 2.666985e+04
iter: 19 error: 2.395083e+01 gradnorm: 2.721368e+04
iter: 20 error: 2.333086e+01 gradnorm: 9.423175e+04
iter: 21 error: 2.279874e+01 gradnorm: 1.552893e+04
iter: 22 error: 2.188814e+01 gradnorm: 1.220347e+04
iter: 23 error: 2.127360e+01 gradnorm: 1.663062e+04
iter: 24 error: 2.102958e+01 gradnorm: 1.280288e+04
recon: 1.035953e+00 proj: 6.933331e-01 (6.387029e-01 3.022800e-02 1.482680e-02) backproj: 3.335767e-01 (7.720600e-03 1.523070e-02 3.052995e-01) ctime: 8.982100e-03 wtime: 2.890000e-05
numproj: 49 numback: 25
proj: 6.387029e-01 s (36.059195 GFLOPS) backproj: 3.052995e-01 s (38.488656 GFLOPS) avGFLOPS: 36.844906 totGFLOPS: 36.844906
proj: 140.822121 GB/s back: 141.250857 GB/s av: 140.960779 GB/s tot: 140.960779 GB/s
Total Time: 7.297364e+00
