NUM. THETA             : 750
NUM. RHO               : 512
NUM. X PIXELS          : 512
NUM. Y PIXELS          : 512

NUM. OF PIXELS         : 262144
NUM. OF RAYS           : 384000

NUM. ITERATIONS        : 24

SPATIAL TILE SIZE      : 512
SPECTRAL TILE SIZE     : 512

NUMBER OF X TILES      : 1
NUMBER OF Y TILES      : 1
NUM. OF THETA TILES    : 2
NUM. OF RHO TILES      : 1

NUM. SPATIAL TILES     : 1
NUM. SPECTRAL TILES    : 2

NUM. OF X PIXELS (EXT) : 512
NUM. OF Y PIXELS (EXT) : 512
NUM. OF ANGLES (EXT)   : 1024
NUM. OF RHOS (EXT)     : 512

NUM. OF PIXELS (EXT)   : 262144
NUM. OF RAYS (EXT)     : 524288

NUMBER OF PROCESSES    : 1
NUMBER OF THRD./PROC.  : 6

INTEGER: 4, FLOAT: 4, LONG: 8, SHORT: 2, POINTER: 8
APPROX. MEMORY     TOTAL: 4.394531e+00 GB
APPROX. MEMORY PER PROC.: 4.394531e+00 GB

X START       : -2.560000e+02
Y START       : -2.560000e+02
PIXEL SIZE    : 1.000000e+00
RHO START     : -2.560000e+02
RAY LENGTH    : 1.024000e+03

SPATIAL INDEXING       : 5
SPECTRAL INDEXING      : 5
 1: CARTESIAN, NATURAL
 2: CARTESIAN, TRANSPOSED
 3: MORTON, NATURAL
 4: MORTON, TRANSPOSED
PROJECTION BLOCK SIZE      : 512
BACKPROJECTION BLOCK SIZE  : 512
PROJECTION BUFFER SIZE      : 48 KB
BACKPROJECTION BUFFER SIZE  : 48 KB

SINOGRAM FILE : ../../../../datasets/CDS1_sinogram.bin
   THETA FILE : ../../../../datasets/CDS1_theta.bin
  OUTPUT FILE : ../../output/single_gpu/ip-0A00000A/k80.6.CDS1.512.512.512.512.48.48.bin


PLACE TILES
lspat 1 lspatdim 1
lspec 2 lspecdim 2
MPI PARTITIONING
proc: 0 numspats: 1 numpixs: 262144 numspecs: 2 numrays: 524288
maxnumpix: 262144 maxnumray: 524288
FILL PIXELS AND RAYS
INPUT THETA DATA
DOMAIN PARTITIONING
myid 0 raynuminc 384000/384000 raynumout 384000/384000

CONSTRUCT PROJECTION MATRIX
CSR STORAGE: 235011336 (1.750971 GB) rownzmax 1022
RAY-TRACING TIME: 2.410057e+00
CONSTRUCT BACKPROJECTION MATRIX
CSR STORAGE: 235011336 (1.750971 GB) rownzmax 1092
TRANSPOSITION TIME: 8.490446e-01

BLOCKING PROJECTION MATRIX
NUMBER OF BLOCKS: 750 BUFFSIZE: 12288
NUMBER OF BUFFERS: 1410 AVERAGE BUFF/BLOCK: 1.880000 MAX BUFF/BLOCK: 3
BUFF MAP: 17326080 (0.064545 GB)
ELLPACK STORAGE: 273400320 (1.527743 GB) buffnzmax: 647 STORAGE EFFICIENCY: 1.289380 DATA REUSE: 17.612637
BLOCKING TIME: 1.091891e+00
BLOCKING BACKPROJECTION MATRIX
NUMBER OF BLOCKS: 512 BUFFSIZE: 12288
NUMBER OF BUFFERS: 1020 AVERAGE BUFF/BLOCK: 1.992188 MAX BUFF/BLOCK: 2
BUFF MAP: 12533760 (0.046692 GB)
ELLPACK STORAGE: 263151104 (1.470471 GB) buffnzmax: 742 STORAGE EFFICIENCY: 1.339599 DATA REUSE: 21.340656
BLOCKING TIME: 1.093081e+00

FILL PROJECTION MATRIX
TIME: 2.180991e+00
FILL BACKPROJECTION MATRIX
TIME: 2.763272e+00
REDUCTION MAPPINGS
PREPROCESSING TIME: 1.039142e+01
myid: 0 device: 0

Device Count: 4
Device 0 name: 1986388560
Computational Capabilities: 3, 7
Maximum global memory size: 11996954624
Maximum constant memory size: 65536
Maximum shared memory size per block: 49152
Maximum block dimensions: 1024x1024x64
Maximum grid dimensions: 2147483647x65535x65535
Maximum threads per block: 1024
Warp size: 32

PROC 0 TOTAL GPU MEMORY: 4.411865 GB
INPUT MEASUREMENT DATA
INPUT ENDS
GRADIENT-DESCENT OPTIMIZATION
iter: 0 error: 4.958388e+04 gradnorm: 1.560968e+10
iter: 1 error: 5.316479e+03 gradnorm: 4.760868e+08
iter: 2 error: 5.074505e+02 gradnorm: 1.604528e+07
iter: 3 error: 2.940024e+02 gradnorm: 8.082539e+06
iter: 4 error: 1.716210e+02 gradnorm: 1.354195e+06
iter: 5 error: 1.156219e+02 gradnorm: 6.855060e+05
iter: 6 error: 1.028307e+02 gradnorm: 2.358997e+06
iter: 7 error: 8.529276e+01 gradnorm: 5.827720e+05
iter: 8 error: 7.161264e+01 gradnorm: 4.175739e+05
iter: 9 error: 5.778005e+01 gradnorm: 2.255689e+05
iter: 10 error: 4.873476e+01 gradnorm: 1.925028e+05
iter: 11 error: 4.171861e+01 gradnorm: 1.095542e+05
iter: 12 error: 3.765130e+01 gradnorm: 2.006183e+05
iter: 13 error: 3.508112e+01 gradnorm: 1.974761e+05
iter: 14 error: 3.386245e+01 gradnorm: 1.469535e+05
iter: 15 error: 3.111581e+01 gradnorm: 6.000741e+04
iter: 16 error: 2.842279e+01 gradnorm: 5.462071e+04
iter: 17 error: 2.682586e+01 gradnorm: 4.562764e+04
iter: 18 error: 2.524047e+01 gradnorm: 2.712400e+04
iter: 19 error: 2.421622e+01 gradnorm: 9.278904e+04
iter: 20 error: 2.378568e+01 gradnorm: 2.897087e+04
iter: 21 error: 2.280043e+01 gradnorm: 1.491074e+04
iter: 22 error: 2.188981e+01 gradnorm: 1.240526e+04
iter: 23 error: 2.132453e+01 gradnorm: 2.057910e+04
iter: 24 error: 2.104939e+01 gradnorm: 1.158778e+04
recon: 9.952160e-01 proj: 6.624468e-01 (5.993173e-01 3.000061e-02 1.908561e-02) backproj: 3.205430e-01 (9.816200e-03 1.517760e-02 2.909235e-01) ctime: 1.217710e-02 wtime: 2.040000e-05
numproj: 49 numback: 25
proj: 5.993173e-01 s (38.428912 GFLOPS) backproj: 2.909235e-01 s (40.390575 GFLOPS) avGFLOPS: 39.069968 totGFLOPS: 39.069968
proj: 139.785066 GB/s back: 139.988842 GB/s av: 139.851659 GB/s tot: 139.851659 GB/s
Total Time: 1.226861e+01
