NUM. THETA             : 750
NUM. RHO               : 512
NUM. X PIXELS          : 512
NUM. Y PIXELS          : 512

NUM. OF PIXELS         : 262144
NUM. OF RAYS           : 384000

NUM. ITERATIONS        : 24

SPATIAL TILE SIZE      : 512
SPECTRAL TILE SIZE     : 512

NUMBER OF X TILES      : 1
NUMBER OF Y TILES      : 1
NUM. OF THETA TILES    : 2
NUM. OF RHO TILES      : 1

NUM. SPATIAL TILES     : 1
NUM. SPECTRAL TILES    : 2

NUM. OF X PIXELS (EXT) : 512
NUM. OF Y PIXELS (EXT) : 512
NUM. OF ANGLES (EXT)   : 1024
NUM. OF RHOS (EXT)     : 512

NUM. OF PIXELS (EXT)   : 262144
NUM. OF RAYS (EXT)     : 524288

NUMBER OF PROCESSES    : 1
NUMBER OF THRD./PROC.  : 24

INTEGER: 4, FLOAT: 4, LONG: 8, SHORT: 2, POINTER: 8
APPROX. MEMORY     TOTAL: 4.394531e+00 GB
APPROX. MEMORY PER PROC.: 4.394531e+00 GB

X START       : -2.560000e+02
Y START       : -2.560000e+02
PIXEL SIZE    : 1.000000e+00
RHO START     : -2.560000e+02
RAY LENGTH    : 1.024000e+03

SPATIAL INDEXING       : 5
SPECTRAL INDEXING      : 5
 1: CARTESIAN, NATURAL
 2: CARTESIAN, TRANSPOSED
 3: MORTON, NATURAL
 4: MORTON, TRANSPOSED
PROJECTION BLOCK SIZE      : 512
BACKPROJECTION BLOCK SIZE  : 512
PROJECTION BUFFER SIZE      : 48 KB
BACKPROJECTION BUFFER SIZE  : 48 KB

SINOGRAM FILE : ../../../../datasets/CDS1_sinogram.bin
   THETA FILE : ../../../../datasets/CDS1_theta.bin
  OUTPUT FILE : ../../output/single_gpu/ip-0A00000A/k80.24.CDS1.512.512.512.512.48.48.bin


PLACE TILES
lspat 1 lspatdim 1
lspec 2 lspecdim 2
MPI PARTITIONING
proc: 0 numspats: 1 numpixs: 262144 numspecs: 2 numrays: 524288
maxnumpix: 262144 maxnumray: 524288
FILL PIXELS AND RAYS
INPUT THETA DATA
DOMAIN PARTITIONING
myid 0 raynuminc 384000/384000 raynumout 384000/384000

CONSTRUCT PROJECTION MATRIX
CSR STORAGE: 235011336 (1.750971 GB) rownzmax 1022
RAY-TRACING TIME: 1.214882e+00
CONSTRUCT BACKPROJECTION MATRIX
CSR STORAGE: 235011336 (1.750971 GB) rownzmax 1092
TRANSPOSITION TIME: 3.362295e-01

BLOCKING PROJECTION MATRIX
NUMBER OF BLOCKS: 750 BUFFSIZE: 12288
NUMBER OF BUFFERS: 1410 AVERAGE BUFF/BLOCK: 1.880000 MAX BUFF/BLOCK: 3
BUFF MAP: 17326080 (0.064545 GB)
ELLPACK STORAGE: 273400320 (1.527743 GB) buffnzmax: 647 STORAGE EFFICIENCY: 1.289380 DATA REUSE: 17.612637
BLOCKING TIME: 5.978836e-01
BLOCKING BACKPROJECTION MATRIX
NUMBER OF BLOCKS: 512 BUFFSIZE: 12288
NUMBER OF BUFFERS: 1020 AVERAGE BUFF/BLOCK: 1.992188 MAX BUFF/BLOCK: 2
BUFF MAP: 12533760 (0.046692 GB)
ELLPACK STORAGE: 263151104 (1.470471 GB) buffnzmax: 742 STORAGE EFFICIENCY: 1.339599 DATA REUSE: 21.340656
BLOCKING TIME: 6.070282e-01

FILL PROJECTION MATRIX
TIME: 1.116943e+00
FILL BACKPROJECTION MATRIX
TIME: 1.409661e+00
REDUCTION MAPPINGS
PREPROCESSING TIME: 5.286068e+00
myid: 0 device: 0

Device Count: 4
Device 0 name: -1441626832
Computational Capabilities: 3, 7
Maximum global memory size: 11996954624
Maximum constant memory size: 65536
Maximum shared memory size per block: 49152
Maximum block dimensions: 1024x1024x64
Maximum grid dimensions: 2147483647x65535x65535
Maximum threads per block: 1024
Warp size: 32

PROC 0 TOTAL GPU MEMORY: 4.411865 GB
INPUT MEASUREMENT DATA
INPUT ENDS
GRADIENT-DESCENT OPTIMIZATION
iter: 0 error: 4.959040e+04 gradnorm: 1.560969e+10
iter: 1 error: 5.316507e+03 gradnorm: 4.760831e+08
iter: 2 error: 5.074556e+02 gradnorm: 1.604496e+07
iter: 3 error: 2.940051e+02 gradnorm: 8.082466e+06
iter: 4 error: 1.716220e+02 gradnorm: 1.353865e+06
iter: 5 error: 1.154555e+02 gradnorm: 6.280132e+05
iter: 6 error: 9.043307e+01 gradnorm: 1.067464e+06
iter: 7 error: 8.391168e+01 gradnorm: 9.117876e+05
iter: 8 error: 7.159779e+01 gradnorm: 4.223513e+05
iter: 9 error: 5.778054e+01 gradnorm: 2.255749e+05
iter: 10 error: 4.873505e+01 gradnorm: 1.924654e+05
iter: 11 error: 4.171429e+01 gradnorm: 1.090034e+05
iter: 12 error: 3.756011e+01 gradnorm: 1.927719e+05
iter: 13 error: 3.485777e+01 gradnorm: 1.580125e+05
iter: 14 error: 3.367636e+01 gradnorm: 1.854174e+05
iter: 15 error: 3.111419e+01 gradnorm: 6.036873e+04
iter: 16 error: 2.842276e+01 gradnorm: 5.461548e+04
iter: 17 error: 2.682603e+01 gradnorm: 4.562831e+04
iter: 18 error: 2.523935e+01 gradnorm: 2.666536e+04
iter: 19 error: 2.394760e+01 gradnorm: 2.614815e+04
iter: 20 error: 2.310034e+01 gradnorm: 7.086914e+04
iter: 21 error: 2.279479e+01 gradnorm: 1.682789e+04
iter: 22 error: 2.188654e+01 gradnorm: 1.200375e+04
iter: 23 error: 2.120795e+01 gradnorm: 9.824799e+03
iter: 24 error: 2.079237e+01 gradnorm: 1.768413e+04
recon: 1.011937e+00 proj: 6.597950e-01 (5.993137e-01 3.136731e-02 1.909001e-02) backproj: 3.208081e-01 (9.918303e-03 1.512250e-02 2.907137e-01) ctime: 3.127561e-02 wtime: 2.320000e-05
numproj: 49 numback: 25
proj: 5.993137e-01 s (38.429140 GFLOPS) backproj: 2.907137e-01 s (40.419722 GFLOPS) avGFLOPS: 39.079332 totGFLOPS: 39.079332
proj: 139.785895 GB/s back: 140.089861 GB/s av: 139.885181 GB/s tot: 139.885181 GB/s
Total Time: 7.187098e+00
