NUM. THETA             : 750
NUM. RHO               : 512
NUM. X PIXELS          : 512
NUM. Y PIXELS          : 512

NUM. OF PIXELS         : 262144
NUM. OF RAYS           : 384000

NUM. ITERATIONS        : 24

SPATIAL TILE SIZE      : 128
SPECTRAL TILE SIZE     : 128

NUMBER OF X TILES      : 4
NUMBER OF Y TILES      : 4
NUM. OF THETA TILES    : 6
NUM. OF RHO TILES      : 4

NUM. SPATIAL TILES     : 16
NUM. SPECTRAL TILES    : 24

NUM. OF X PIXELS (EXT) : 512
NUM. OF Y PIXELS (EXT) : 512
NUM. OF ANGLES (EXT)   : 768
NUM. OF RHOS (EXT)     : 512

NUM. OF PIXELS (EXT)   : 262144
NUM. OF RAYS (EXT)     : 393216

NUMBER OF PROCESSES    : 1
NUMBER OF THRD./PROC.  : 1

INTEGER: 4, FLOAT: 4, LONG: 8, SHORT: 2, POINTER: 8
APPROX. MEMORY     TOTAL: 4.394531e+00 GB
APPROX. MEMORY PER PROC.: 4.394531e+00 GB

X START       : -2.560000e+02
Y START       : -2.560000e+02
PIXEL SIZE    : 1.000000e+00
RHO START     : -2.560000e+02
RAY LENGTH    : 1.024000e+03

SPATIAL INDEXING       : 5
SPECTRAL INDEXING      : 5
 1: CARTESIAN, NATURAL
 2: CARTESIAN, TRANSPOSED
 3: MORTON, NATURAL
 4: MORTON, TRANSPOSED
PROJECTION BLOCK SIZE      : 256
BACKPROJECTION BLOCK SIZE  : 256
PROJECTION BUFFER SIZE      : 48 KB
BACKPROJECTION BUFFER SIZE  : 48 KB

SINOGRAM FILE : ./datasets/ADS2_sinogram.bin
   THETA FILE : ./datasets/ADS2_theta.bin
  OUTPUT FILE : ./recon.ADS2.bin


PLACE TILES
lspat 4 lspatdim 4
lspec 6 lspecdim 8
MPI PARTITIONING
proc: 0 numspats: 16 numpixs: 262144 numspecs: 24 numrays: 393216
maxnumpix: 262144 maxnumray: 393216
FILL PIXELS AND RAYS
INPUT THETA DATA
DOMAIN PARTITIONING
myid 0 raynuminc 384000/384000 raynumout 384000/384000

CONSTRUCT PROJECTION MATRIX
CSR STORAGE: 235012144 (1.750977 GB) rownzmax 1022
RAY-TRACING TIME: 1.384724e+01
CONSTRUCT BACKPROJECTION MATRIX
CSR STORAGE: 235012144 (1.750977 GB) rownzmax 1092
TRANSPOSITION TIME: 3.241379e+00

BLOCKING PROJECTION MATRIX
NUMBER OF BLOCKS: 1500 BUFFSIZE: 12288
NUMBER OF BUFFERS: 2456 AVERAGE BUFF/BLOCK: 1.637333 MAX BUFF/BLOCK: 2
BUFF MAP: 30179328 (0.112427 GB)
ELLPACK STORAGE: 256120320 (1.431184 GB) buffnzmax: 804 STORAGE EFFICIENCY: 1.376377 DATA REUSE: 13.270904
BLOCKING TIME: 6.241331e+00
BLOCKING BACKPROJECTION MATRIX
NUMBER OF BLOCKS: 1024 BUFFSIZE: 12288
NUMBER OF BUFFERS: 1888 AVERAGE BUFF/BLOCK: 1.843750 MAX BUFF/BLOCK: 2
BUFF MAP: 23199744 (0.086426 GB)
ELLPACK STORAGE: 254437120 (1.421778 GB) buffnzmax: 950 STORAGE EFFICIENCY: 1.385483 DATA REUSE: 16.002787
BLOCKING TIME: 6.942322e+00

FILL PROJECTION MATRIX
TIME: 1.305690e+01
FILL BACKPROJECTION MATRIX
TIME: 1.684159e+01
REDUCTION MAPPINGS
PREPROCESSING TIME: 6.017370e+01
myid: 0 device: 0

Device Count: 1
Device 0 name: -1672113808
Computational Capabilities: 3, 7
Maximum global memory size: 11996954624
Maximum constant memory size: 65536
Maximum shared memory size per block: 49152
Maximum block dimensions: 1024x1024x64
Maximum grid dimensions: 2147483647x65535x65535
Maximum threads per block: 1024
Warp size: 32

PROC 0 TOTAL GPU MEMORY: 4.298003 GB
INPUT MEASUREMENT DATA
INPUT ENDS
GRADIENT-DESCENT OPTIMIZATION
iter: 0 error: 1.926915e+09 gradnorm: 4.060025e+14
iter: 1 error: 6.126890e+08 gradnorm: 5.319067e+13
iter: 2 error: 1.166408e+08 gradnorm: 6.856259e+12
iter: 3 error: 3.920060e+07 gradnorm: 1.622457e+12
iter: 4 error: 1.373127e+07 gradnorm: 3.566023e+11
iter: 5 error: 5.040245e+06 gradnorm: 8.994684e+10
iter: 6 error: 2.529807e+06 gradnorm: 7.930918e+10
iter: 7 error: 2.073972e+06 gradnorm: 6.051919e+10
iter: 8 error: 1.328408e+06 gradnorm: 2.007241e+10
iter: 9 error: 7.720586e+05 gradnorm: 9.767396e+09
iter: 10 error: 4.310790e+05 gradnorm: 3.391840e+09
iter: 11 error: 2.957210e+05 gradnorm: 4.508460e+09
iter: 12 error: 2.356045e+05 gradnorm: 3.097617e+09
iter: 13 error: 2.034644e+05 gradnorm: 5.460976e+09
iter: 14 error: 1.525428e+05 gradnorm: 1.467620e+09
iter: 15 error: 1.086198e+05 gradnorm: 6.377940e+08
iter: 16 error: 7.731707e+04 gradnorm: 4.415070e+08
iter: 17 error: 5.486073e+04 gradnorm: 5.378043e+08
iter: 18 error: 5.152500e+04 gradnorm: 5.632108e+08
iter: 19 error: 3.913914e+04 gradnorm: 2.211254e+08
iter: 20 error: 3.121152e+04 gradnorm: 2.695567e+08
iter: 21 error: 2.710980e+04 gradnorm: 1.549871e+08
iter: 22 error: 2.257184e+04 gradnorm: 1.907244e+08
iter: 23 error: 1.808820e+04 gradnorm: 1.015020e+08
iter: 24 error: 1.716294e+04 gradnorm: 1.896860e+08
recon: 1.277574e+00 proj: 8.235466e-01 (7.689108e-01 3.028083e-02 1.477671e-02) backproj: 4.027946e-01 (7.701874e-03 1.550198e-02 3.749670e-01) ctime: 5.112863e-02 wtime: 6.031990e-05
numproj: 49 numback: 25
proj: 7.689108e-01 s (29.953007 GFLOPS) backproj: 3.749670e-01 s (31.337707 GFLOPS) avGFLOPS: 30.406916 totGFLOPS: 30.406916
proj: 105.622816 GB/s back: 107.970936 GB/s av: 106.392538 GB/s tot: 106.392538 GB/s
Total Time: 6.248425e+01
