NUM. THETA             : 750
NUM. RHO               : 512
NUM. X PIXELS          : 512
NUM. Y PIXELS          : 512

NUM. OF PIXELS         : 262144
NUM. OF RAYS           : 384000

NUM. ITERATIONS        : 24

SPATIAL TILE SIZE      : 128
SPECTRAL TILE SIZE     : 128

NUMBER OF X TILES      : 4
NUMBER OF Y TILES      : 4
NUM. OF THETA TILES    : 6
NUM. OF RHO TILES      : 4

NUM. SPATIAL TILES     : 16
NUM. SPECTRAL TILES    : 24

NUM. OF X PIXELS (EXT) : 512
NUM. OF Y PIXELS (EXT) : 512
NUM. OF ANGLES (EXT)   : 768
NUM. OF RHOS (EXT)     : 512

NUM. OF PIXELS (EXT)   : 262144
NUM. OF RAYS (EXT)     : 393216

NUMBER OF PROCESSES    : 1
NUMBER OF THRD./PROC.  : 1

INTEGER: 4, FLOAT: 4, LONG: 8, SHORT: 2, POINTER: 8
APPROX. MEMORY     TOTAL: 4.394531e+00 GB
APPROX. MEMORY PER PROC.: 4.394531e+00 GB

X START       : -2.560000e+02
Y START       : -2.560000e+02
PIXEL SIZE    : 1.000000e+00
RHO START     : -2.560000e+02
RAY LENGTH    : 1.024000e+03

SPATIAL INDEXING       : 5
SPECTRAL INDEXING      : 5
 1: CARTESIAN, NATURAL
 2: CARTESIAN, TRANSPOSED
 3: MORTON, NATURAL
 4: MORTON, TRANSPOSED
PROJECTION BLOCK SIZE      : 512
BACKPROJECTION BLOCK SIZE  : 512
PROJECTION BUFFER SIZE      : 48 KB
BACKPROJECTION BUFFER SIZE  : 48 KB

SINOGRAM FILE : ./datasets/ADS2_sinogram.bin
   THETA FILE : ./datasets/ADS2_theta.bin
  OUTPUT FILE : ./recon.ADS2.bin


PLACE TILES
lspat 4 lspatdim 4
lspec 6 lspecdim 8
MPI PARTITIONING
proc: 0 numspats: 16 numpixs: 262144 numspecs: 24 numrays: 393216
maxnumpix: 262144 maxnumray: 393216
FILL PIXELS AND RAYS
INPUT THETA DATA
DOMAIN PARTITIONING
myid 0 raynuminc 384000/384000 raynumout 384000/384000

CONSTRUCT PROJECTION MATRIX
CSR STORAGE: 235012144 (1.750977 GB) rownzmax 1022
RAY-TRACING TIME: 1.375082e+01
CONSTRUCT BACKPROJECTION MATRIX
CSR STORAGE: 235012144 (1.750977 GB) rownzmax 1092
TRANSPOSITION TIME: 3.156859e+00

BLOCKING PROJECTION MATRIX
NUMBER OF BLOCKS: 750 BUFFSIZE: 12288
NUMBER OF BUFFERS: 1414 AVERAGE BUFF/BLOCK: 1.885333 MAX BUFF/BLOCK: 3
BUFF MAP: 17375232 (0.064728 GB)
ELLPACK STORAGE: 272903680 (1.524968 GB) buffnzmax: 693 STORAGE EFFICIENCY: 1.291731 DATA REUSE: 17.635595
BLOCKING TIME: 6.321077e+00
BLOCKING BACKPROJECTION MATRIX
NUMBER OF BLOCKS: 512 BUFFSIZE: 12288
NUMBER OF BUFFERS: 1020 AVERAGE BUFF/BLOCK: 1.992188 MAX BUFF/BLOCK: 2
BUFF MAP: 12533760 (0.046692 GB)
ELLPACK STORAGE: 260261888 (1.454327 GB) buffnzmax: 745 STORAGE EFFICIENCY: 1.354475 DATA REUSE: 21.340776
BLOCKING TIME: 6.325611e+00

FILL PROJECTION MATRIX
TIME: 1.304643e+01
FILL BACKPROJECTION MATRIX
TIME: 1.714303e+01
REDUCTION MAPPINGS
PREPROCESSING TIME: 5.974679e+01
myid: 0 device: 0

Device Count: 1
Device 0 name: -1677273904
Computational Capabilities: 3, 7
Maximum global memory size: 11996954624
Maximum constant memory size: 65536
Maximum shared memory size per block: 49152
Maximum block dimensions: 1024x1024x64
Maximum grid dimensions: 2147483647x65535x65535
Maximum threads per block: 1024
Warp size: 32

PROC 0 TOTAL GPU MEMORY: 4.384975 GB
INPUT MEASUREMENT DATA
INPUT ENDS
GRADIENT-DESCENT OPTIMIZATION
iter: 0 error: 1.926915e+09 gradnorm: 4.060025e+14
iter: 1 error: 6.126890e+08 gradnorm: 5.319066e+13
iter: 2 error: 1.166408e+08 gradnorm: 6.856260e+12
iter: 3 error: 3.920062e+07 gradnorm: 1.622458e+12
iter: 4 error: 1.373126e+07 gradnorm: 3.566019e+11
iter: 5 error: 5.040230e+06 gradnorm: 8.995124e+10
iter: 6 error: 2.530646e+06 gradnorm: 7.956483e+10
iter: 7 error: 2.074683e+06 gradnorm: 6.038417e+10
iter: 8 error: 1.328418e+06 gradnorm: 2.007129e+10
iter: 9 error: 7.720598e+05 gradnorm: 9.767520e+09
iter: 10 error: 4.310911e+05 gradnorm: 3.393586e+09
iter: 11 error: 2.961365e+05 gradnorm: 4.578712e+09
iter: 12 error: 2.376839e+05 gradnorm: 3.538326e+09
iter: 13 error: 2.092119e+05 gradnorm: 4.541008e+09
iter: 14 error: 1.525942e+05 gradnorm: 1.453878e+09
iter: 15 error: 1.086194e+05 gradnorm: 6.377351e+08
iter: 16 error: 7.731809e+04 gradnorm: 4.415149e+08
iter: 17 error: 5.483652e+04 gradnorm: 5.264068e+08
iter: 18 error: 5.147059e+04 gradnorm: 5.785799e+08
iter: 19 error: 3.930602e+04 gradnorm: 2.401660e+08
iter: 20 error: 3.283791e+04 gradnorm: 3.314884e+08
iter: 21 error: 2.744479e+04 gradnorm: 1.376696e+08
iter: 22 error: 2.269342e+04 gradnorm: 1.906680e+08
iter: 23 error: 1.907303e+04 gradnorm: 3.313881e+08
iter: 24 error: 1.755239e+04 gradnorm: 8.162609e+07
recon: 1.015886e+00 proj: 6.523812e-01 (5.978072e-01 3.024340e-02 1.476336e-02) backproj: 3.152909e-01 (7.861137e-03 1.520324e-02 2.874168e-01) ctime: 4.811335e-02 wtime: 5.412102e-05
numproj: 49 numback: 25
proj: 5.978072e-01 s (38.526119 GFLOPS) backproj: 2.874168e-01 s (40.883504 GFLOPS) avGFLOPS: 39.291521 totGFLOPS: 39.291521
proj: 139.910043 GB/s back: 140.188935 GB/s av: 140.000594 GB/s tot: 140.000594 GB/s
Total Time: 6.180134e+01
