NUM. THETA             : 750
NUM. RHO               : 512
NUM. X PIXELS          : 512
NUM. Y PIXELS          : 512

NUM. OF PIXELS         : 262144
NUM. OF RAYS           : 384000

NUM. ITERATIONS        : 24

SPATIAL TILE SIZE      : 128
SPECTRAL TILE SIZE     : 128

NUMBER OF X TILES      : 4
NUMBER OF Y TILES      : 4
NUM. OF THETA TILES    : 6
NUM. OF RHO TILES      : 4

NUM. SPATIAL TILES     : 16
NUM. SPECTRAL TILES    : 24

NUM. OF X PIXELS (EXT) : 512
NUM. OF Y PIXELS (EXT) : 512
NUM. OF ANGLES (EXT)   : 768
NUM. OF RHOS (EXT)     : 512

NUM. OF PIXELS (EXT)   : 262144
NUM. OF RAYS (EXT)     : 393216

NUMBER OF PROCESSES    : 1
NUMBER OF THRD./PROC.  : 1

INTEGER: 4, FLOAT: 4, LONG: 8, SHORT: 2, POINTER: 8
APPROX. MEMORY     TOTAL: 4.394531e+00 GB
APPROX. MEMORY PER PROC.: 4.394531e+00 GB

X START       : -2.560000e+02
Y START       : -2.560000e+02
PIXEL SIZE    : 1.000000e+00
RHO START     : -2.560000e+02
RAY LENGTH    : 1.024000e+03

SPATIAL INDEXING       : 5
SPECTRAL INDEXING      : 5
 1: CARTESIAN, NATURAL
 2: CARTESIAN, TRANSPOSED
 3: MORTON, NATURAL
 4: MORTON, TRANSPOSED
PROJECTION BLOCK SIZE      : 1024
BACKPROJECTION BLOCK SIZE  : 1024
PROJECTION BUFFER SIZE      : 48 KB
BACKPROJECTION BUFFER SIZE  : 48 KB

SINOGRAM FILE : ./datasets/ADS2_sinogram.bin
   THETA FILE : ./datasets/ADS2_theta.bin
  OUTPUT FILE : ./recon.ADS2.bin


PLACE TILES
lspat 4 lspatdim 4
lspec 6 lspecdim 8
MPI PARTITIONING
proc: 0 numspats: 16 numpixs: 262144 numspecs: 24 numrays: 393216
maxnumpix: 262144 maxnumray: 393216
FILL PIXELS AND RAYS
INPUT THETA DATA
DOMAIN PARTITIONING
myid 0 raynuminc 384000/384000 raynumout 384000/384000

CONSTRUCT PROJECTION MATRIX
CSR STORAGE: 235012144 (1.750977 GB) rownzmax 1022
RAY-TRACING TIME: 1.375488e+01
CONSTRUCT BACKPROJECTION MATRIX
CSR STORAGE: 235012144 (1.750977 GB) rownzmax 1092
TRANSPOSITION TIME: 3.192582e+00

BLOCKING PROJECTION MATRIX
NUMBER OF BLOCKS: 375 BUFFSIZE: 12288
NUMBER OF BUFFERS: 970 AVERAGE BUFF/BLOCK: 2.586667 MAX BUFF/BLOCK: 4
BUFF MAP: 11919360 (0.044403 GB)
ELLPACK STORAGE: 297171968 (1.660578 GB) buffnzmax: 575 STORAGE EFFICIENCY: 1.186243 DATA REUSE: 26.099388
BLOCKING TIME: 6.436297e+00
BLOCKING BACKPROJECTION MATRIX
NUMBER OF BLOCKS: 256 BUFFSIZE: 12288
NUMBER OF BUFFERS: 728 AVERAGE BUFF/BLOCK: 2.843750 MAX BUFF/BLOCK: 3
BUFF MAP: 8945664 (0.033325 GB)
ELLPACK STORAGE: 279769088 (1.563332 GB) buffnzmax: 617 STORAGE EFFICIENCY: 1.260033 DATA REUSE: 32.022366
BLOCKING TIME: 6.444733e+00

FILL PROJECTION MATRIX
TIME: 1.337665e+01
FILL BACKPROJECTION MATRIX
TIME: 1.932833e+01
REDUCTION MAPPINGS
PREPROCESSING TIME: 6.253666e+01
myid: 0 device: 0

Device Count: 1
Device 0 name: -2135268032
Computational Capabilities: 3, 7
Maximum global memory size: 11996954624
Maximum constant memory size: 65536
Maximum shared memory size per block: 49152
Maximum block dimensions: 1024x1024x64
Maximum grid dimensions: 2147483647x65535x65535
Maximum threads per block: 1024
Warp size: 32

PROC 0 TOTAL GPU MEMORY: 4.698998 GB
INPUT MEASUREMENT DATA
INPUT ENDS
GRADIENT-DESCENT OPTIMIZATION
iter: 0 error: 1.926915e+09 gradnorm: 4.060025e+14
iter: 1 error: 6.126889e+08 gradnorm: 5.319059e+13
iter: 2 error: 1.166408e+08 gradnorm: 6.856259e+12
iter: 3 error: 3.920062e+07 gradnorm: 1.622455e+12
iter: 4 error: 1.373126e+07 gradnorm: 3.566044e+11
iter: 5 error: 5.040210e+06 gradnorm: 8.994268e+10
iter: 6 error: 2.528844e+06 gradnorm: 7.903270e+10
iter: 7 error: 2.073199e+06 gradnorm: 6.066587e+10
iter: 8 error: 1.328396e+06 gradnorm: 2.007446e+10
iter: 9 error: 7.720612e+05 gradnorm: 9.767272e+09
iter: 10 error: 4.310727e+05 gradnorm: 3.390818e+09
iter: 11 error: 2.954493e+05 gradnorm: 4.448556e+09
iter: 12 error: 2.333492e+05 gradnorm: 2.547713e+09
iter: 13 error: 1.728522e+05 gradnorm: 4.482529e+09
iter: 14 error: 1.515580e+05 gradnorm: 1.753521e+09
iter: 15 error: 1.086174e+05 gradnorm: 6.383944e+08
iter: 16 error: 7.731605e+04 gradnorm: 4.411124e+08
iter: 17 error: 5.450549e+04 gradnorm: 4.236928e+08
iter: 18 error: 5.067794e+04 gradnorm: 7.740909e+08
iter: 19 error: 3.909454e+04 gradnorm: 2.165141e+08
iter: 20 error: 3.037887e+04 gradnorm: 1.992573e+08
iter: 21 error: 2.616628e+04 gradnorm: 1.577474e+08
iter: 22 error: 2.155416e+04 gradnorm: 2.245394e+08
iter: 23 error: 1.811355e+04 gradnorm: 1.186693e+08
iter: 24 error: 1.722957e+04 gradnorm: 1.619583e+08
recon: 1.070578e+00 proj: 6.906977e-01 (6.358006e-01 3.011441e-02 1.484609e-02) backproj: 3.314152e-01 (7.738352e-03 1.566839e-02 3.034298e-01) ctime: 4.836059e-02 wtime: 6.175041e-05
numproj: 49 numback: 25
proj: 6.358006e-01 s (36.223919 GFLOPS) backproj: 3.034298e-01 s (38.725947 GFLOPS) avGFLOPS: 37.032230 totGFLOPS: 37.032230
proj: 141.089442 GB/s back: 141.251539 GB/s av: 141.141809 GB/s tot: 141.141809 GB/s
Total Time: 6.469127e+01
