NUM. THETA             : 750
NUM. RHO               : 512
NUM. X PIXELS          : 512
NUM. Y PIXELS          : 512

NUM. OF PIXELS         : 262144
NUM. OF RAYS           : 384000

NUM. ITERATIONS        : 24

SPATIAL TILE SIZE      : 16
SPECTRAL TILE SIZE     : 16

NUMBER OF X TILES      : 32
NUMBER OF Y TILES      : 32
NUM. OF THETA TILES    : 47
NUM. OF RHO TILES      : 32

NUM. SPATIAL TILES     : 1024
NUM. SPECTRAL TILES    : 1504

NUM. OF X PIXELS (EXT) : 512
NUM. OF Y PIXELS (EXT) : 512
NUM. OF ANGLES (EXT)   : 752
NUM. OF RHOS (EXT)     : 512

NUM. OF PIXELS (EXT)   : 262144
NUM. OF RAYS (EXT)     : 385024

NUMBER OF PROCESSES    : 1
NUMBER OF THRD./PROC.  : 1

INTEGER: 4, FLOAT: 4, LONG: 8, SHORT: 2, POINTER: 8
APPROX. MEMORY     TOTAL: 4.394531e+00 GB
APPROX. MEMORY PER PROC.: 4.394531e+00 GB

X START       : -2.560000e+02
Y START       : -2.560000e+02
PIXEL SIZE    : 1.000000e+00
RHO START     : -2.560000e+02
RAY LENGTH    : 1.024000e+03

SPATIAL INDEXING       : 5
SPECTRAL INDEXING      : 5
 1: CARTESIAN, NATURAL
 2: CARTESIAN, TRANSPOSED
 3: MORTON, NATURAL
 4: MORTON, TRANSPOSED
PROJECTION BLOCK SIZE      : 512
BACKPROJECTION BLOCK SIZE  : 512
PROJECTION BUFFER SIZE      : 48 KB
BACKPROJECTION BUFFER SIZE  : 48 KB

SINOGRAM FILE : ./datasets/ADS2_sinogram.bin
   THETA FILE : ./datasets/ADS2_theta.bin
  OUTPUT FILE : ./recon.ADS2.bin


PLACE TILES
lspat 32 lspatdim 32
lspec 47 lspecdim 64
MPI PARTITIONING
proc: 0 numspats: 1024 numpixs: 262144 numspecs: 1504 numrays: 385024
maxnumpix: 262144 maxnumray: 385024
FILL PIXELS AND RAYS
INPUT THETA DATA
DOMAIN PARTITIONING
myid 0 raynuminc 384000/384000 raynumout 384000/384000

CONSTRUCT PROJECTION MATRIX
CSR STORAGE: 235012084 (1.750976 GB) rownzmax 1022
RAY-TRACING TIME: 4.204041e+01
CONSTRUCT BACKPROJECTION MATRIX
CSR STORAGE: 235012084 (1.750976 GB) rownzmax 1092
TRANSPOSITION TIME: 4.706041e+00

BLOCKING PROJECTION MATRIX
NUMBER OF BLOCKS: 750 BUFFSIZE: 12288
NUMBER OF BUFFERS: 1413 AVERAGE BUFF/BLOCK: 1.884000 MAX BUFF/BLOCK: 3
BUFF MAP: 17362944 (0.064682 GB)
ELLPACK STORAGE: 273766912 (1.529792 GB) buffnzmax: 637 STORAGE EFFICIENCY: 1.287658 DATA REUSE: 17.567787
BLOCKING TIME: 6.464167e+00
BLOCKING BACKPROJECTION MATRIX
NUMBER OF BLOCKS: 512 BUFFSIZE: 12288
NUMBER OF BUFFERS: 1020 AVERAGE BUFF/BLOCK: 1.992188 MAX BUFF/BLOCK: 2
BUFF MAP: 12533760 (0.046692 GB)
ELLPACK STORAGE: 260832256 (1.457514 GB) buffnzmax: 742 STORAGE EFFICIENCY: 1.351513 DATA REUSE: 21.340775
BLOCKING TIME: 6.373769e+00

FILL PROJECTION MATRIX
TIME: 1.316279e+01
FILL BACKPROJECTION MATRIX
TIME: 1.717845e+01
REDUCTION MAPPINGS
PREPROCESSING TIME: 8.992843e+01
myid: 0 device: 0

Device Count: 1
Device 0 name: 775053728
Computational Capabilities: 3, 7
Maximum global memory size: 11996954624
Maximum constant memory size: 65536
Maximum shared memory size per block: 49152
Maximum block dimensions: 1024x1024x64
Maximum grid dimensions: 2147483647x65535x65535
Maximum threads per block: 1024
Warp size: 32

PROC 0 TOTAL GPU MEMORY: 4.396395 GB
INPUT MEASUREMENT DATA
INPUT ENDS
GRADIENT-DESCENT OPTIMIZATION
iter: 0 error: 1.926939e+09 gradnorm: 4.060025e+14
iter: 1 error: 6.126872e+08 gradnorm: 5.319101e+13
iter: 2 error: 1.166414e+08 gradnorm: 6.856416e+12
iter: 3 error: 3.920070e+07 gradnorm: 1.622479e+12
iter: 4 error: 1.373126e+07 gradnorm: 3.566209e+11
iter: 5 error: 5.042197e+06 gradnorm: 9.067328e+10
iter: 6 error: 2.685136e+06 gradnorm: 1.219288e+11
iter: 7 error: 2.130890e+06 gradnorm: 4.827759e+10
iter: 8 error: 1.328823e+06 gradnorm: 1.995513e+10
iter: 9 error: 7.720595e+05 gradnorm: 9.766924e+09
iter: 10 error: 4.313188e+05 gradnorm: 3.472912e+09
iter: 11 error: 3.264299e+05 gradnorm: 1.113660e+10
iter: 12 error: 2.682466e+05 gradnorm: 3.821497e+09
iter: 13 error: 2.168312e+05 gradnorm: 2.700412e+09
iter: 14 error: 1.526271e+05 gradnorm: 1.440749e+09
iter: 15 error: 1.086351e+05 gradnorm: 6.429820e+08
iter: 16 error: 8.091120e+04 gradnorm: 1.499586e+09
iter: 17 error: 7.450573e+04 gradnorm: 5.351830e+08
iter: 18 error: 5.240730e+04 gradnorm: 2.962547e+08
iter: 19 error: 3.897763e+04 gradnorm: 2.097293e+08
iter: 20 error: 3.080635e+04 gradnorm: 4.754797e+08
iter: 21 error: 2.860139e+04 gradnorm: 1.904537e+08
iter: 22 error: 2.525224e+04 gradnorm: 2.182043e+08
iter: 23 error: 2.017250e+04 gradnorm: 1.403828e+08
iter: 24 error: 1.721022e+04 gradnorm: 8.334138e+07
recon: 1.022152e+00 proj: 6.593413e-01 (5.995658e-01 3.033543e-02 1.458454e-02) backproj: 3.154383e-01 (7.610559e-03 1.520038e-02 2.879072e-01) ctime: 4.727483e-02 wtime: 5.173683e-05
numproj: 49 numback: 25
proj: 5.995658e-01 s (38.413106 GFLOPS) backproj: 2.879072e-01 s (40.813856 GFLOPS) avGFLOPS: 39.191939 totGFLOPS: 39.191939
proj: 139.918939 GB/s back: 140.247310 GB/s av: 140.025467 GB/s tot: 140.025467 GB/s
Total Time: 1.063045e+02
