NUM. THETA             : 750
NUM. RHO               : 512
NUM. X PIXELS          : 512
NUM. Y PIXELS          : 512

NUM. OF PIXELS         : 262144
NUM. OF RAYS           : 384000

NUM. ITERATIONS        : 24

SPATIAL TILE SIZE      : 1024
SPECTRAL TILE SIZE     : 1024

NUMBER OF X TILES      : 1
NUMBER OF Y TILES      : 1
NUM. OF THETA TILES    : 1
NUM. OF RHO TILES      : 1

NUM. SPATIAL TILES     : 1
NUM. SPECTRAL TILES    : 1

NUM. OF X PIXELS (EXT) : 1024
NUM. OF Y PIXELS (EXT) : 1024
NUM. OF ANGLES (EXT)   : 1024
NUM. OF RHOS (EXT)     : 1024

NUM. OF PIXELS (EXT)   : 1048576
NUM. OF RAYS (EXT)     : 1048576

NUMBER OF PROCESSES    : 1
NUMBER OF THRD./PROC.  : 1

INTEGER: 4, FLOAT: 4, LONG: 8, SHORT: 2, POINTER: 8
APPROX. MEMORY     TOTAL: 4.394531e+00 GB
APPROX. MEMORY PER PROC.: 4.394531e+00 GB

X START       : -2.560000e+02
Y START       : -2.560000e+02
PIXEL SIZE    : 1.000000e+00
RHO START     : -2.560000e+02
RAY LENGTH    : 1.024000e+03

SPATIAL INDEXING       : 5
SPECTRAL INDEXING      : 5
 1: CARTESIAN, NATURAL
 2: CARTESIAN, TRANSPOSED
 3: MORTON, NATURAL
 4: MORTON, TRANSPOSED
PROJECTION BLOCK SIZE      : 1024
BACKPROJECTION BLOCK SIZE  : 1024
PROJECTION BUFFER SIZE      : 48 KB
BACKPROJECTION BUFFER SIZE  : 48 KB

SINOGRAM FILE : ./datasets/ADS2_sinogram.bin
   THETA FILE : ./datasets/ADS2_theta.bin
  OUTPUT FILE : ./recon.ADS2.bin


PLACE TILES
lspat 1 lspatdim 1
lspec 1 lspecdim 1
MPI PARTITIONING
proc: 0 numspats: 1 numpixs: 1048576 numspecs: 1 numrays: 1048576
maxnumpix: 1048576 maxnumray: 1048576
FILL PIXELS AND RAYS
INPUT THETA DATA
DOMAIN PARTITIONING
myid 0 raynuminc 384000/384000 raynumout 384000/384000

CONSTRUCT PROJECTION MATRIX
CSR STORAGE: 235012166 (1.750977 GB) rownzmax 1022
RAY-TRACING TIME: 1.496212e+01
CONSTRUCT BACKPROJECTION MATRIX
CSR STORAGE: 235012166 (1.750977 GB) rownzmax 1092
TRANSPOSITION TIME: 3.173121e+00

BLOCKING PROJECTION MATRIX
NUMBER OF BLOCKS: 375 BUFFSIZE: 12288
NUMBER OF BUFFERS: 969 AVERAGE BUFF/BLOCK: 2.584000 MAX BUFF/BLOCK: 5
BUFF MAP: 11907072 (0.044357 GB)
ELLPACK STORAGE: 300073984 (1.676794 GB) buffnzmax: 582 STORAGE EFFICIENCY: 1.174771 DATA REUSE: 26.125731
BLOCKING TIME: 6.980314e+00
BLOCKING BACKPROJECTION MATRIX
NUMBER OF BLOCKS: 1024 BUFFSIZE: 12288
NUMBER OF BUFFERS: 728 AVERAGE BUFF/BLOCK: 0.710938 MAX BUFF/BLOCK: 3
BUFF MAP: 8945664 (0.033325 GB)
ELLPACK STORAGE: 279344128 (1.560957 GB) buffnzmax: 642 STORAGE EFFICIENCY: 1.261950 DATA REUSE: 32.022369
BLOCKING TIME: 6.930685e+00

FILL PROJECTION MATRIX
TIME: 1.330156e+01
FILL BACKPROJECTION MATRIX
TIME: 1.932307e+01
REDUCTION MAPPINGS
PREPROCESSING TIME: 6.467463e+01
myid: 0 device: 0

Device Count: 1
Device 0 name: -1839792272
Computational Capabilities: 3, 7
Maximum global memory size: 11996954624
Maximum constant memory size: 65536
Maximum shared memory size per block: 49152
Maximum block dimensions: 1024x1024x64
Maximum grid dimensions: 2147483647x65535x65535
Maximum threads per block: 1024
Warp size: 32

PROC 0 TOTAL GPU MEMORY: 4.718768 GB
INPUT MEASUREMENT DATA
INPUT ENDS
GRADIENT-DESCENT OPTIMIZATION
iter: 0 error: 1.926938e+09 gradnorm: 4.060025e+14
iter: 1 error: 6.126876e+08 gradnorm: 5.319106e+13
iter: 2 error: 1.166412e+08 gradnorm: 6.856410e+12
iter: 3 error: 3.920064e+07 gradnorm: 1.622473e+12
iter: 4 error: 1.373128e+07 gradnorm: 3.566205e+11
iter: 5 error: 5.042146e+06 gradnorm: 9.064828e+10
iter: 6 error: 2.680273e+06 gradnorm: 1.207039e+11
iter: 7 error: 2.130076e+06 gradnorm: 4.846757e+10
iter: 8 error: 1.328813e+06 gradnorm: 1.995697e+10
iter: 9 error: 7.720607e+05 gradnorm: 9.767172e+09
iter: 10 error: 4.313764e+05 gradnorm: 3.490925e+09
iter: 11 error: 3.310881e+05 gradnorm: 1.170055e+10
iter: 12 error: 2.686374e+05 gradnorm: 3.746483e+09
iter: 13 error: 2.168476e+05 gradnorm: 2.696173e+09
iter: 14 error: 1.526286e+05 gradnorm: 1.440851e+09
iter: 15 error: 1.086429e+05 gradnorm: 6.453901e+08
iter: 16 error: 8.229066e+04 gradnorm: 1.824000e+09
iter: 17 error: 7.461059e+04 gradnorm: 5.018809e+08
iter: 18 error: 5.240861e+04 gradnorm: 2.963869e+08
iter: 19 error: 3.902605e+04 gradnorm: 2.162503e+08
iter: 20 error: 3.199754e+04 gradnorm: 5.821065e+08
iter: 21 error: 2.900388e+04 gradnorm: 2.379350e+08
iter: 22 error: 2.610937e+04 gradnorm: 1.723257e+08
iter: 23 error: 2.032406e+04 gradnorm: 1.396074e+08
iter: 24 error: 1.728291e+04 gradnorm: 8.342437e+07
recon: 1.263507e+00 proj: 7.434003e-01 (6.412739e-01 3.130817e-02 3.608918e-02) backproj: 3.556454e-01 (1.899123e-02 1.582503e-02 3.043006e-01) ctime: 1.643372e-01 wtime: 6.866455e-05
numproj: 49 numback: 25
proj: 6.412739e-01 s (35.914750 GFLOPS) backproj: 3.043006e-01 s (38.615133 GFLOPS) avGFLOPS: 36.783775 totGFLOPS: 36.783775
proj: 141.211945 GB/s back: 140.637858 GB/s av: 141.027195 GB/s tot: 141.027195 GB/s
Total Time: 6.698280e+01
