NUM. THETA             : 360
NUM. RHO               : 256
NUM. X PIXELS          : 256
NUM. Y PIXELS          : 256

NUM. OF PIXELS         : 65536
NUM. OF RAYS           : 92160

NUM. ITERATIONS        : 24

SPATIAL TILE SIZE      : 128
SPECTRAL TILE SIZE     : 128

NUMBER OF X TILES      : 2
NUMBER OF Y TILES      : 2
NUM. OF THETA TILES    : 3
NUM. OF RHO TILES      : 2

NUM. SPATIAL TILES     : 4
NUM. SPECTRAL TILES    : 6

NUM. OF X PIXELS (EXT) : 256
NUM. OF Y PIXELS (EXT) : 256
NUM. OF ANGLES (EXT)   : 384
NUM. OF RHOS (EXT)     : 256

NUM. OF PIXELS (EXT)   : 65536
NUM. OF RAYS (EXT)     : 98304

NUMBER OF PROCESSES    : 1
NUMBER OF THRD./PROC.  : 1

INTEGER: 4, FLOAT: 4, LONG: 8, SHORT: 2, POINTER: 8
APPROX. MEMORY     TOTAL: 5.273438e-01 GB
APPROX. MEMORY PER PROC.: 5.273438e-01 GB

X START       : -1.280000e+02
Y START       : -1.280000e+02
PIXEL SIZE    : 1.000000e+00
RHO START     : -1.280000e+02
RAY LENGTH    : 5.120000e+02

SPATIAL INDEXING       : 5
SPECTRAL INDEXING      : 5
 1: CARTESIAN, NATURAL
 2: CARTESIAN, TRANSPOSED
 3: MORTON, NATURAL
 4: MORTON, TRANSPOSED
PROJECTION BLOCK SIZE      : 512
BACKPROJECTION BLOCK SIZE  : 512
PROJECTION BUFFER SIZE      : 48 KB
BACKPROJECTION BUFFER SIZE  : 48 KB

SINOGRAM FILE : ./datasets/ADS1_sinogram.bin
   THETA FILE : ./datasets/ADS1_theta.bin
  OUTPUT FILE : ./recon.ADS1.bin


PLACE TILES
lspat 2 lspatdim 2
lspec 3 lspecdim 4
MPI PARTITIONING
proc: 0 numspats: 4 numpixs: 65536 numspecs: 6 numrays: 98304
maxnumpix: 65536 maxnumray: 98304
FILL PIXELS AND RAYS
INPUT THETA DATA
DOMAIN PARTITIONING
myid 0 raynuminc 92160/92160 raynumout 92160/92160

CONSTRUCT PROJECTION MATRIX
CSR STORAGE: 28200745 (0.210112 GB) rownzmax 511
RAY-TRACING TIME: 1.589117e+00
CONSTRUCT BACKPROJECTION MATRIX
CSR STORAGE: 28200745 (0.210112 GB) rownzmax 524
TRANSPOSITION TIME: 3.666506e-01

BLOCKING PROJECTION MATRIX
NUMBER OF BLOCKS: 180 BUFFSIZE: 12288
NUMBER OF BUFFERS: 190 AVERAGE BUFF/BLOCK: 1.055556 MAX BUFF/BLOCK: 2
BUFF MAP: 2334720 (0.008698 GB)
ELLPACK STORAGE: 31953408 (0.178554 GB) buffnzmax: 511 STORAGE EFFICIENCY: 1.323837 DATA REUSE: 17.054996
BLOCKING TIME: 6.660531e-01
BLOCKING BACKPROJECTION MATRIX
NUMBER OF BLOCKS: 128 BUFFSIZE: 12288
NUMBER OF BUFFERS: 128 AVERAGE BUFF/BLOCK: 1.000000 MAX BUFF/BLOCK: 1
BUFF MAP: 1572864 (0.005859 GB)
ELLPACK STORAGE: 31132672 (0.173967 GB) buffnzmax: 524 STORAGE EFFICIENCY: 1.358737 DATA REUSE: 21.362581
BLOCKING TIME: 7.684898e-01

FILL PROJECTION MATRIX
TIME: 1.546503e+00
FILL BACKPROJECTION MATRIX
TIME: 2.065162e+00
REDUCTION MAPPINGS
PREPROCESSING TIME: 7.002894e+00
myid: 0 device: 0

Device Count: 1
Device 0 name: 1976620736
Computational Capabilities: 3, 7
Maximum global memory size: 11996954624
Maximum constant memory size: 65536
Maximum shared memory size per block: 49152
Maximum block dimensions: 1024x1024x64
Maximum grid dimensions: 2147483647x65535x65535
Maximum threads per block: 1024
Warp size: 32

PROC 0 TOTAL GPU MEMORY: 0.520321 GB
INPUT MEASUREMENT DATA
INPUT ENDS
GRADIENT-DESCENT OPTIMIZATION
iter: 0 error: 2.235914e+08 gradnorm: 1.319800e+13
iter: 1 error: 5.746494e+07 gradnorm: 1.082424e+12
iter: 2 error: 7.825020e+06 gradnorm: 8.191632e+10
iter: 3 error: 1.580176e+06 gradnorm: 8.642810e+09
iter: 4 error: 5.867926e+05 gradnorm: 3.843775e+09
iter: 5 error: 3.011447e+05 gradnorm: 1.508785e+09
iter: 6 error: 2.159689e+05 gradnorm: 3.460315e+09
iter: 7 error: 1.176702e+05 gradnorm: 2.570960e+08
iter: 8 error: 5.118538e+04 gradnorm: 1.333319e+08
iter: 9 error: 3.220226e+04 gradnorm: 5.882477e+07
iter: 10 error: 1.957298e+04 gradnorm: 5.099167e+07
iter: 11 error: 1.731863e+04 gradnorm: 1.124539e+08
iter: 12 error: 1.147098e+04 gradnorm: 1.588225e+07
iter: 13 error: 7.447587e+03 gradnorm: 1.054165e+07
iter: 14 error: 5.811473e+03 gradnorm: 1.870232e+07
iter: 15 error: 4.654438e+03 gradnorm: 8.904385e+06
iter: 16 error: 4.073599e+03 gradnorm: 2.086285e+07
iter: 17 error: 3.500288e+03 gradnorm: 7.121084e+06
iter: 18 error: 2.880208e+03 gradnorm: 3.766934e+06
iter: 19 error: 2.247285e+03 gradnorm: 2.299742e+06
iter: 20 error: 1.806484e+03 gradnorm: 3.673678e+06
iter: 21 error: 1.506567e+03 gradnorm: 3.874068e+06
iter: 22 error: 1.436201e+03 gradnorm: 1.437644e+06
iter: 23 error: 1.120244e+03 gradnorm: 6.993168e+05
iter: 24 error: 8.654044e+02 gradnorm: 5.547055e+05
recon: 1.462429e-01 proj: 9.004211e-02 (7.392211e-02 8.046150e-03 4.695415e-03) backproj: 4.402471e-02 (2.385616e-03 4.120350e-03 3.598218e-02) ctime: 1.209569e-02 wtime: 4.458427e-05
numproj: 49 numback: 25
proj: 7.392211e-02 s (37.386283 GFLOPS) backproj: 3.598218e-02 s (39.187104 GFLOPS) avGFLOPS: 37.975864 totGFLOPS: 37.975864
proj: 133.274156 GB/s back: 134.154956 GB/s av: 133.562526 GB/s tot: 133.562526 GB/s
Total Time: 7.370881e+00
