NUM. THETA             : 360
NUM. RHO               : 256
NUM. X PIXELS          : 256
NUM. Y PIXELS          : 256

NUM. OF PIXELS         : 65536
NUM. OF RAYS           : 92160

NUM. ITERATIONS        : 24

SPATIAL TILE SIZE      : 32
SPECTRAL TILE SIZE     : 32

NUMBER OF X TILES      : 8
NUMBER OF Y TILES      : 8
NUM. OF THETA TILES    : 12
NUM. OF RHO TILES      : 8

NUM. SPATIAL TILES     : 64
NUM. SPECTRAL TILES    : 96

NUM. OF X PIXELS (EXT) : 256
NUM. OF Y PIXELS (EXT) : 256
NUM. OF ANGLES (EXT)   : 384
NUM. OF RHOS (EXT)     : 256

NUM. OF PIXELS (EXT)   : 65536
NUM. OF RAYS (EXT)     : 98304

NUMBER OF PROCESSES    : 1
NUMBER OF THRD./PROC.  : 1

INTEGER: 4, FLOAT: 4, LONG: 8, SHORT: 2, POINTER: 8
APPROX. MEMORY     TOTAL: 5.273438e-01 GB
APPROX. MEMORY PER PROC.: 5.273438e-01 GB

X START       : -1.280000e+02
Y START       : -1.280000e+02
PIXEL SIZE    : 1.000000e+00
RHO START     : -1.280000e+02
RAY LENGTH    : 5.120000e+02

SPATIAL INDEXING       : 5
SPECTRAL INDEXING      : 5
 1: CARTESIAN, NATURAL
 2: CARTESIAN, TRANSPOSED
 3: MORTON, NATURAL
 4: MORTON, TRANSPOSED
PROJECTION BLOCK SIZE      : 512
BACKPROJECTION BLOCK SIZE  : 512
PROJECTION BUFFER SIZE      : 48 KB
BACKPROJECTION BUFFER SIZE  : 48 KB

SINOGRAM FILE : ./datasets/ADS1_sinogram.bin
   THETA FILE : ./datasets/ADS1_theta.bin
  OUTPUT FILE : ./recon.ADS1.bin


PLACE TILES
lspat 8 lspatdim 8
lspec 12 lspecdim 16
MPI PARTITIONING
proc: 0 numspats: 64 numpixs: 65536 numspecs: 96 numrays: 98304
maxnumpix: 65536 maxnumray: 98304
FILL PIXELS AND RAYS
INPUT THETA DATA
DOMAIN PARTITIONING
myid 0 raynuminc 92160/92160 raynumout 92160/92160

CONSTRUCT PROJECTION MATRIX
CSR STORAGE: 28200745 (0.210112 GB) rownzmax 511
RAY-TRACING TIME: 1.870335e+00
CONSTRUCT BACKPROJECTION MATRIX
CSR STORAGE: 28200745 (0.210112 GB) rownzmax 524
TRANSPOSITION TIME: 3.631370e-01

BLOCKING PROJECTION MATRIX
NUMBER OF BLOCKS: 180 BUFFSIZE: 12288
NUMBER OF BUFFERS: 186 AVERAGE BUFF/BLOCK: 1.033333 MAX BUFF/BLOCK: 2
BUFF MAP: 2285568 (0.008514 GB)
ELLPACK STORAGE: 31967744 (0.178634 GB) buffnzmax: 511 STORAGE EFFICIENCY: 1.323244 DATA REUSE: 18.828186
BLOCKING TIME: 6.539977e-01
BLOCKING BACKPROJECTION MATRIX
NUMBER OF BLOCKS: 128 BUFFSIZE: 12288
NUMBER OF BUFFERS: 128 AVERAGE BUFF/BLOCK: 1.000000 MAX BUFF/BLOCK: 1
BUFF MAP: 1572864 (0.005859 GB)
ELLPACK STORAGE: 31132672 (0.173967 GB) buffnzmax: 524 STORAGE EFFICIENCY: 1.358737 DATA REUSE: 21.362581
BLOCKING TIME: 7.602649e-01

FILL PROJECTION MATRIX
TIME: 1.609345e+00
FILL BACKPROJECTION MATRIX
TIME: 2.020580e+00
REDUCTION MAPPINGS
PREPROCESSING TIME: 7.278591e+00
myid: 0 device: 0

Device Count: 1
Device 0 name: 1577102592
Computational Capabilities: 3, 7
Maximum global memory size: 11996954624
Maximum constant memory size: 65536
Maximum shared memory size per block: 49152
Maximum block dimensions: 1024x1024x64
Maximum grid dimensions: 2147483647x65535x65535
Maximum threads per block: 1024
Warp size: 32

PROC 0 TOTAL GPU MEMORY: 0.520240 GB
INPUT MEASUREMENT DATA
INPUT ENDS
GRADIENT-DESCENT OPTIMIZATION
iter: 0 error: 2.235889e+08 gradnorm: 1.319801e+13
iter: 1 error: 5.746499e+07 gradnorm: 1.082428e+12
iter: 2 error: 7.825010e+06 gradnorm: 8.191670e+10
iter: 3 error: 1.580166e+06 gradnorm: 8.642739e+09
iter: 4 error: 5.867335e+05 gradnorm: 3.839021e+09
iter: 5 error: 2.994800e+05 gradnorm: 1.381945e+09
iter: 6 error: 1.784327e+05 gradnorm: 3.275602e+09
iter: 7 error: 1.176059e+05 gradnorm: 2.623168e+08
iter: 8 error: 5.118505e+04 gradnorm: 1.333313e+08
iter: 9 error: 3.220229e+04 gradnorm: 5.880088e+07
iter: 10 error: 1.948252e+04 gradnorm: 4.374636e+07
iter: 11 error: 1.584393e+04 gradnorm: 1.576293e+08
iter: 12 error: 1.146833e+04 gradnorm: 1.605536e+07
iter: 13 error: 7.437897e+03 gradnorm: 1.028568e+07
iter: 14 error: 5.662752e+03 gradnorm: 1.746937e+07
iter: 15 error: 4.617342e+03 gradnorm: 8.242858e+06
iter: 16 error: 3.640254e+03 gradnorm: 7.114942e+06
iter: 17 error: 3.056687e+03 gradnorm: 9.976952e+06
iter: 18 error: 2.848212e+03 gradnorm: 4.921878e+06
iter: 19 error: 2.241009e+03 gradnorm: 2.277683e+06
iter: 20 error: 1.786188e+03 gradnorm: 3.592555e+06
iter: 21 error: 1.466303e+03 gradnorm: 1.155296e+06
iter: 22 error: 1.137296e+03 gradnorm: 7.580825e+05
iter: 23 error: 1.045636e+03 gradnorm: 4.930340e+06
iter: 24 error: 8.661213e+02 gradnorm: 5.868197e+05
recon: 1.713939e-01 proj: 1.077673e-01 (9.171094e-02 8.177280e-03 4.634380e-03) backproj: 5.147123e-02 (2.388954e-03 4.077196e-03 4.342880e-02) ctime: 1.208854e-02 wtime: 3.933907e-05
numproj: 49 numback: 25
proj: 9.171094e-02 s (30.134604 GFLOPS) backproj: 4.342880e-02 s (32.467792 GFLOPS) avGFLOPS: 30.884403 totGFLOPS: 30.884403
proj: 107.364374 GB/s back: 111.151751 GB/s av: 108.581494 GB/s tot: 108.581494 GB/s
Total Time: 7.930966e+00
