NUM. THETA             : 750
NUM. RHO               : 512
NUM. X PIXELS          : 512
NUM. Y PIXELS          : 512

NUM. OF PIXELS         : 262144
NUM. OF RAYS           : 384000

NUM. ITERATIONS        : 24

SPATIAL TILE SIZE      : 8
SPECTRAL TILE SIZE     : 8

NUMBER OF X TILES      : 64
NUMBER OF Y TILES      : 64
NUM. OF THETA TILES    : 94
NUM. OF RHO TILES      : 64

NUM. SPATIAL TILES     : 4096
NUM. SPECTRAL TILES    : 6016

NUM. OF X PIXELS (EXT) : 512
NUM. OF Y PIXELS (EXT) : 512
NUM. OF ANGLES (EXT)   : 752
NUM. OF RHOS (EXT)     : 512

NUM. OF PIXELS (EXT)   : 262144
NUM. OF RAYS (EXT)     : 385024

NUMBER OF PROCESSES    : 1
NUMBER OF THRD./PROC.  : 1

INTEGER: 4, FLOAT: 4, LONG: 8, SHORT: 2, POINTER: 8
APPROX. MEMORY     TOTAL: 4.394531e+00 GB
APPROX. MEMORY PER PROC.: 4.394531e+00 GB

X START       : -2.560000e+02
Y START       : -2.560000e+02
PIXEL SIZE    : 1.000000e+00
RHO START     : -2.560000e+02
RAY LENGTH    : 1.024000e+03

SPATIAL INDEXING       : 5
SPECTRAL INDEXING      : 5
 1: CARTESIAN, NATURAL
 2: CARTESIAN, TRANSPOSED
 3: MORTON, NATURAL
 4: MORTON, TRANSPOSED
PROJECTION BLOCK SIZE      : 512
BACKPROJECTION BLOCK SIZE  : 512
PROJECTION BUFFER SIZE      : 48 KB
BACKPROJECTION BUFFER SIZE  : 48 KB

SINOGRAM FILE : ./datasets/ADS2_sinogram.bin
   THETA FILE : ./datasets/ADS2_theta.bin
  OUTPUT FILE : ./recon.ADS2.bin


PLACE TILES
lspat 64 lspatdim 64
lspec 94 lspecdim 128
MPI PARTITIONING
proc: 0 numspats: 4096 numpixs: 262144 numspecs: 6016 numrays: 385024
maxnumpix: 262144 maxnumray: 385024
FILL PIXELS AND RAYS
INPUT THETA DATA
DOMAIN PARTITIONING
myid 0 raynuminc 384000/384000 raynumout 384000/384000

CONSTRUCT PROJECTION MATRIX
CSR STORAGE: 235012081 (1.750976 GB) rownzmax 1022
RAY-TRACING TIME: 1.361187e+02
CONSTRUCT BACKPROJECTION MATRIX
CSR STORAGE: 235012081 (1.750976 GB) rownzmax 1092
TRANSPOSITION TIME: 4.710974e+00

BLOCKING PROJECTION MATRIX
NUMBER OF BLOCKS: 750 BUFFSIZE: 12288
NUMBER OF BUFFERS: 1413 AVERAGE BUFF/BLOCK: 1.884000 MAX BUFF/BLOCK: 3
BUFF MAP: 17362944 (0.064682 GB)
ELLPACK STORAGE: 273594880 (1.528831 GB) buffnzmax: 637 STORAGE EFFICIENCY: 1.288467 DATA REUSE: 17.630732
BLOCKING TIME: 6.582141e+00
BLOCKING BACKPROJECTION MATRIX
NUMBER OF BLOCKS: 512 BUFFSIZE: 12288
NUMBER OF BUFFERS: 1020 AVERAGE BUFF/BLOCK: 1.992188 MAX BUFF/BLOCK: 2
BUFF MAP: 12533760 (0.046692 GB)
ELLPACK STORAGE: 260894720 (1.457863 GB) buffnzmax: 744 STORAGE EFFICIENCY: 1.351189 DATA REUSE: 21.340773
BLOCKING TIME: 6.590827e+00

FILL PROJECTION MATRIX
TIME: 1.335646e+01
FILL BACKPROJECTION MATRIX
TIME: 1.714432e+01
REDUCTION MAPPINGS
PREPROCESSING TIME: 1.845063e+02
myid: 0 device: 0

Device Count: 1
Device 0 name: 1058098304
Computational Capabilities: 3, 7
Maximum global memory size: 11996954624
Maximum constant memory size: 65536
Maximum shared memory size per block: 49152
Maximum block dimensions: 1024x1024x64
Maximum grid dimensions: 2147483647x65535x65535
Maximum threads per block: 1024
Warp size: 32

PROC 0 TOTAL GPU MEMORY: 4.395518 GB
INPUT MEASUREMENT DATA
INPUT ENDS
GRADIENT-DESCENT OPTIMIZATION
iter: 0 error: 1.926938e+09 gradnorm: 4.060026e+14
iter: 1 error: 6.126870e+08 gradnorm: 5.319105e+13
iter: 2 error: 1.166414e+08 gradnorm: 6.856414e+12
iter: 3 error: 3.920068e+07 gradnorm: 1.622474e+12
iter: 4 error: 1.373126e+07 gradnorm: 3.566209e+11
iter: 5 error: 5.042193e+06 gradnorm: 9.067396e+10
iter: 6 error: 2.685228e+06 gradnorm: 1.219528e+11
iter: 7 error: 2.130900e+06 gradnorm: 4.827293e+10
iter: 8 error: 1.328822e+06 gradnorm: 1.995517e+10
iter: 9 error: 7.720639e+05 gradnorm: 9.767179e+09
iter: 10 error: 4.313484e+05 gradnorm: 3.478637e+09
iter: 11 error: 3.274604e+05 gradnorm: 1.121835e+10
iter: 12 error: 2.685039e+05 gradnorm: 3.835990e+09
iter: 13 error: 2.170557e+05 gradnorm: 2.688808e+09
iter: 14 error: 1.526402e+05 gradnorm: 1.439893e+09
iter: 15 error: 1.086464e+05 gradnorm: 6.464482e+08
iter: 16 error: 8.283466e+04 gradnorm: 1.939356e+09
iter: 17 error: 7.463695e+04 gradnorm: 4.932504e+08
iter: 18 error: 5.240860e+04 gradnorm: 2.962653e+08
iter: 19 error: 3.900021e+04 gradnorm: 2.135377e+08
iter: 20 error: 3.185438e+04 gradnorm: 6.388109e+08
iter: 21 error: 2.881538e+04 gradnorm: 1.941628e+08
iter: 22 error: 2.573308e+04 gradnorm: 1.966940e+08
iter: 23 error: 2.025953e+04 gradnorm: 1.385374e+08
iter: 24 error: 1.722688e+04 gradnorm: 8.426938e+07
recon: 1.017780e+00 proj: 6.540408e-01 (5.993673e-01 3.016925e-02 1.470923e-02) backproj: 3.152709e-01 (7.612944e-03 1.533103e-02 2.877793e-01) ctime: 4.836750e-02 wtime: 5.531311e-05
numproj: 49 numback: 25
proj: 5.993673e-01 s (38.425827 GFLOPS) backproj: 2.877793e-01 s (40.831999 GFLOPS) avGFLOPS: 39.206359 totGFLOPS: 39.206359
proj: 139.880891 GB/s back: 140.342216 GB/s av: 140.030539 GB/s tot: 140.030539 GB/s
Total Time: 2.441478e+02
