NUM. THETA             : 750
NUM. RHO               : 512
NUM. X PIXELS          : 512
NUM. Y PIXELS          : 512

NUM. OF PIXELS         : 262144
NUM. OF RAYS           : 384000

NUM. ITERATIONS        : 24

SPATIAL TILE SIZE      : 256
SPECTRAL TILE SIZE     : 256

NUMBER OF X TILES      : 2
NUMBER OF Y TILES      : 2
NUM. OF THETA TILES    : 3
NUM. OF RHO TILES      : 2

NUM. SPATIAL TILES     : 4
NUM. SPECTRAL TILES    : 6

NUM. OF X PIXELS (EXT) : 512
NUM. OF Y PIXELS (EXT) : 512
NUM. OF ANGLES (EXT)   : 768
NUM. OF RHOS (EXT)     : 512

NUM. OF PIXELS (EXT)   : 262144
NUM. OF RAYS (EXT)     : 393216

NUMBER OF PROCESSES    : 1
NUMBER OF THRD./PROC.  : 1

INTEGER: 4, FLOAT: 4, LONG: 8, SHORT: 2, POINTER: 8
APPROX. MEMORY     TOTAL: 4.394531e+00 GB
APPROX. MEMORY PER PROC.: 4.394531e+00 GB

X START       : -2.560000e+02
Y START       : -2.560000e+02
PIXEL SIZE    : 1.000000e+00
RHO START     : -2.560000e+02
RAY LENGTH    : 1.024000e+03

SPATIAL INDEXING       : 5
SPECTRAL INDEXING      : 5
 1: CARTESIAN, NATURAL
 2: CARTESIAN, TRANSPOSED
 3: MORTON, NATURAL
 4: MORTON, TRANSPOSED
PROJECTION BLOCK SIZE      : 256
BACKPROJECTION BLOCK SIZE  : 256
PROJECTION BUFFER SIZE      : 48 KB
BACKPROJECTION BUFFER SIZE  : 48 KB

SINOGRAM FILE : ./datasets/ADS2_sinogram.bin
   THETA FILE : ./datasets/ADS2_theta.bin
  OUTPUT FILE : ./recon.ADS2.bin


PLACE TILES
lspat 2 lspatdim 2
lspec 3 lspecdim 4
MPI PARTITIONING
proc: 0 numspats: 4 numpixs: 262144 numspecs: 6 numrays: 393216
maxnumpix: 262144 maxnumray: 393216
FILL PIXELS AND RAYS
INPUT THETA DATA
DOMAIN PARTITIONING
myid 0 raynuminc 384000/384000 raynumout 384000/384000

CONSTRUCT PROJECTION MATRIX
CSR STORAGE: 235012144 (1.750977 GB) rownzmax 1022
RAY-TRACING TIME: 1.396693e+01
CONSTRUCT BACKPROJECTION MATRIX
CSR STORAGE: 235012144 (1.750977 GB) rownzmax 1092
TRANSPOSITION TIME: 3.184490e+00

BLOCKING PROJECTION MATRIX
NUMBER OF BLOCKS: 1500 BUFFSIZE: 12288
NUMBER OF BUFFERS: 2456 AVERAGE BUFF/BLOCK: 1.637333 MAX BUFF/BLOCK: 2
BUFF MAP: 30179328 (0.112427 GB)
ELLPACK STORAGE: 256200448 (1.431632 GB) buffnzmax: 804 STORAGE EFFICIENCY: 1.375947 DATA REUSE: 13.270904
BLOCKING TIME: 6.290248e+00
BLOCKING BACKPROJECTION MATRIX
NUMBER OF BLOCKS: 1024 BUFFSIZE: 12288
NUMBER OF BUFFERS: 1888 AVERAGE BUFF/BLOCK: 1.843750 MAX BUFF/BLOCK: 2
BUFF MAP: 23199744 (0.086426 GB)
ELLPACK STORAGE: 255175168 (1.425902 GB) buffnzmax: 969 STORAGE EFFICIENCY: 1.381475 DATA REUSE: 16.002787
BLOCKING TIME: 6.887756e+00

FILL PROJECTION MATRIX
TIME: 1.259590e+01
FILL BACKPROJECTION MATRIX
TIME: 1.669581e+01
REDUCTION MAPPINGS
PREPROCESSING TIME: 5.962404e+01
myid: 0 device: 0

Device Count: 1
Device 0 name: 1525599648
Computational Capabilities: 3, 7
Maximum global memory size: 11996954624
Maximum constant memory size: 65536
Maximum shared memory size per block: 49152
Maximum block dimensions: 1024x1024x64
Maximum grid dimensions: 2147483647x65535x65535
Maximum threads per block: 1024
Warp size: 32

PROC 0 TOTAL GPU MEMORY: 4.304549 GB
INPUT MEASUREMENT DATA
INPUT ENDS
GRADIENT-DESCENT OPTIMIZATION
iter: 0 error: 1.926956e+09 gradnorm: 4.060025e+14
iter: 1 error: 6.126873e+08 gradnorm: 5.319049e+13
iter: 2 error: 1.166398e+08 gradnorm: 6.856457e+12
iter: 3 error: 3.920001e+07 gradnorm: 1.622411e+12
iter: 4 error: 1.373146e+07 gradnorm: 3.566087e+11
iter: 5 error: 5.040398e+06 gradnorm: 9.003568e+10
iter: 6 error: 2.550563e+06 gradnorm: 8.542740e+10
iter: 7 error: 2.088698e+06 gradnorm: 5.763263e+10
iter: 8 error: 1.328515e+06 gradnorm: 2.004029e+10
iter: 9 error: 7.720432e+05 gradnorm: 9.764175e+09
iter: 10 error: 4.308393e+05 gradnorm: 3.365005e+09
iter: 11 error: 2.940997e+05 gradnorm: 5.358303e+09
iter: 12 error: 2.556450e+05 gradnorm: 4.888191e+09
iter: 13 error: 2.124020e+05 gradnorm: 3.011878e+09
iter: 14 error: 1.523817e+05 gradnorm: 1.461022e+09
iter: 15 error: 1.086185e+05 gradnorm: 6.381620e+08
iter: 16 error: 7.731718e+04 gradnorm: 4.414702e+08
iter: 17 error: 5.492193e+04 gradnorm: 5.625960e+08
iter: 18 error: 5.161214e+04 gradnorm: 5.353520e+08
iter: 19 error: 3.898909e+04 gradnorm: 2.096996e+08
iter: 20 error: 2.990103e+04 gradnorm: 1.904508e+08
iter: 21 error: 2.643318e+04 gradnorm: 1.798462e+08
iter: 22 error: 2.140048e+04 gradnorm: 1.837001e+08
iter: 23 error: 1.794744e+04 gradnorm: 9.762679e+07
iter: 24 error: 1.678240e+04 gradnorm: 2.414595e+08
recon: 1.286135e+00 proj: 8.265557e-01 (7.678124e-01 3.377628e-02 1.522422e-02) backproj: 4.030917e-01 (7.830620e-03 1.601028e-02 3.744877e-01) ctime: 5.630207e-02 wtime: 1.194477e-04
numproj: 49 numback: 25
proj: 7.678124e-01 s (29.995855 GFLOPS) backproj: 3.744877e-01 s (31.377818 GFLOPS) avGFLOPS: 30.448913 totGFLOPS: 30.448913
proj: 105.804593 GB/s back: 108.404758 GB/s av: 106.657022 GB/s tot: 106.657022 GB/s
Total Time: 6.178040e+01
