NUM. THETA             : 750
NUM. RHO               : 512
NUM. X PIXELS          : 512
NUM. Y PIXELS          : 512

NUM. OF PIXELS         : 262144
NUM. OF RAYS           : 384000

NUM. ITERATIONS        : 24

SPATIAL TILE SIZE      : 512
SPECTRAL TILE SIZE     : 512

NUMBER OF X TILES      : 1
NUMBER OF Y TILES      : 1
NUM. OF THETA TILES    : 2
NUM. OF RHO TILES      : 1

NUM. SPATIAL TILES     : 1
NUM. SPECTRAL TILES    : 2

NUM. OF X PIXELS (EXT) : 512
NUM. OF Y PIXELS (EXT) : 512
NUM. OF ANGLES (EXT)   : 1024
NUM. OF RHOS (EXT)     : 512

NUM. OF PIXELS (EXT)   : 262144
NUM. OF RAYS (EXT)     : 524288

NUMBER OF PROCESSES    : 1
NUMBER OF THRD./PROC.  : 1

INTEGER: 4, FLOAT: 4, LONG: 8, SHORT: 2, POINTER: 8
APPROX. MEMORY     TOTAL: 4.394531e+00 GB
APPROX. MEMORY PER PROC.: 4.394531e+00 GB

X START       : -2.560000e+02
Y START       : -2.560000e+02
PIXEL SIZE    : 1.000000e+00
RHO START     : -2.560000e+02
RAY LENGTH    : 1.024000e+03

SPATIAL INDEXING       : 5
SPECTRAL INDEXING      : 5
 1: CARTESIAN, NATURAL
 2: CARTESIAN, TRANSPOSED
 3: MORTON, NATURAL
 4: MORTON, TRANSPOSED
PROJECTION BLOCK SIZE      : 512
BACKPROJECTION BLOCK SIZE  : 512
PROJECTION BUFFER SIZE      : 48 KB
BACKPROJECTION BUFFER SIZE  : 48 KB

SINOGRAM FILE : ./datasets/ADS2_sinogram.bin
   THETA FILE : ./datasets/ADS2_theta.bin
  OUTPUT FILE : ./recon.ADS2.bin


PLACE TILES
lspat 1 lspatdim 1
lspec 2 lspecdim 2
MPI PARTITIONING
proc: 0 numspats: 1 numpixs: 262144 numspecs: 2 numrays: 524288
maxnumpix: 262144 maxnumray: 524288
FILL PIXELS AND RAYS
INPUT THETA DATA
DOMAIN PARTITIONING
myid 0 raynuminc 384000/384000 raynumout 384000/384000

CONSTRUCT PROJECTION MATRIX
CSR STORAGE: 235012166 (1.750977 GB) rownzmax 1022
RAY-TRACING TIME: 1.441412e+01
CONSTRUCT BACKPROJECTION MATRIX
CSR STORAGE: 235012166 (1.750977 GB) rownzmax 1092
TRANSPOSITION TIME: 3.158156e+00

BLOCKING PROJECTION MATRIX
NUMBER OF BLOCKS: 750 BUFFSIZE: 12288
NUMBER OF BUFFERS: 1410 AVERAGE BUFF/BLOCK: 1.880000 MAX BUFF/BLOCK: 3
BUFF MAP: 17326080 (0.064545 GB)
ELLPACK STORAGE: 273415168 (1.527826 GB) buffnzmax: 646 STORAGE EFFICIENCY: 1.289315 DATA REUSE: 17.615025
BLOCKING TIME: 6.569747e+00
BLOCKING BACKPROJECTION MATRIX
NUMBER OF BLOCKS: 512 BUFFSIZE: 12288
NUMBER OF BUFFERS: 1020 AVERAGE BUFF/BLOCK: 1.992188 MAX BUFF/BLOCK: 2
BUFF MAP: 12533760 (0.046692 GB)
ELLPACK STORAGE: 263053312 (1.469925 GB) buffnzmax: 742 STORAGE EFFICIENCY: 1.340102 DATA REUSE: 21.340778
BLOCKING TIME: 6.620561e+00

FILL PROJECTION MATRIX
TIME: 1.311731e+01
FILL BACKPROJECTION MATRIX
TIME: 1.703133e+01
REDUCTION MAPPINGS
PREPROCESSING TIME: 6.091468e+01
myid: 0 device: 0

Device Count: 1
Device 0 name: -231580864
Computational Capabilities: 3, 7
Maximum global memory size: 11996954624
Maximum constant memory size: 65536
Maximum shared memory size per block: 49152
Maximum block dimensions: 1024x1024x64
Maximum grid dimensions: 2147483647x65535x65535
Maximum threads per block: 1024
Warp size: 32

PROC 0 TOTAL GPU MEMORY: 4.411202 GB
INPUT MEASUREMENT DATA
INPUT ENDS
GRADIENT-DESCENT OPTIMIZATION
iter: 0 error: 1.926907e+09 gradnorm: 4.060025e+14
iter: 1 error: 6.126813e+08 gradnorm: 5.318997e+13
iter: 2 error: 1.166402e+08 gradnorm: 6.856170e+12
iter: 3 error: 3.919634e+07 gradnorm: 1.622334e+12
iter: 4 error: 1.373181e+07 gradnorm: 3.566266e+11
iter: 5 error: 5.038554e+06 gradnorm: 8.949967e+10
iter: 6 error: 2.423276e+06 gradnorm: 4.605029e+10
iter: 7 error: 1.487138e+06 gradnorm: 3.204198e+10
iter: 8 error: 1.258607e+06 gradnorm: 3.735860e+10
iter: 9 error: 7.718132e+05 gradnorm: 9.842506e+09
iter: 10 error: 4.310877e+05 gradnorm: 3.394126e+09
iter: 11 error: 2.959945e+05 gradnorm: 4.496190e+09
iter: 12 error: 2.339802e+05 gradnorm: 2.660430e+09
iter: 13 error: 1.870289e+05 gradnorm: 6.200455e+09
iter: 14 error: 1.523090e+05 gradnorm: 1.538034e+09
iter: 15 error: 1.086127e+05 gradnorm: 6.379197e+08
iter: 16 error: 7.731933e+04 gradnorm: 4.424228e+08
iter: 17 error: 5.551412e+04 gradnorm: 7.328244e+08
iter: 18 error: 5.196424e+04 gradnorm: 4.439280e+08
iter: 19 error: 3.928987e+04 gradnorm: 2.296156e+08
iter: 20 error: 3.167987e+04 gradnorm: 2.632216e+08
iter: 21 error: 2.704843e+04 gradnorm: 1.630364e+08
iter: 22 error: 2.347769e+04 gradnorm: 2.594788e+08
iter: 23 error: 2.115638e+04 gradnorm: 3.617910e+08
iter: 24 error: 1.766161e+04 gradnorm: 7.168214e+07
recon: 1.037092e+00 proj: 6.577361e-01 (5.992777e-01 2.983046e-02 1.901865e-02) backproj: 3.204737e-01 (9.837866e-03 1.506925e-02 2.907771e-01) ctime: 5.878544e-02 wtime: 5.245209e-05
numproj: 49 numback: 25
proj: 5.992777e-01 s (38.431586 GFLOPS) backproj: 2.907771e-01 s (40.411057 GFLOPS) avGFLOPS: 39.078271 totGFLOPS: 39.078271
proj: 139.801584 GB/s back: 140.008889 GB/s av: 139.869309 GB/s tot: 139.869309 GB/s
Total Time: 6.276908e+01
