NUM. THETA             : 360
NUM. RHO               : 256
NUM. X PIXELS          : 256
NUM. Y PIXELS          : 256

NUM. OF PIXELS         : 65536
NUM. OF RAYS           : 92160

NUM. ITERATIONS        : 24

SPATIAL TILE SIZE      : 128
SPECTRAL TILE SIZE     : 128

NUMBER OF X TILES      : 2
NUMBER OF Y TILES      : 2
NUM. OF THETA TILES    : 3
NUM. OF RHO TILES      : 2

NUM. SPATIAL TILES     : 4
NUM. SPECTRAL TILES    : 6

NUM. OF X PIXELS (EXT) : 256
NUM. OF Y PIXELS (EXT) : 256
NUM. OF ANGLES (EXT)   : 384
NUM. OF RHOS (EXT)     : 256

NUM. OF PIXELS (EXT)   : 65536
NUM. OF RAYS (EXT)     : 98304

NUMBER OF PROCESSES    : 1
NUMBER OF THRD./PROC.  : 1

INTEGER: 4, FLOAT: 4, LONG: 8, SHORT: 2, POINTER: 8
APPROX. MEMORY     TOTAL: 5.273438e-01 GB
APPROX. MEMORY PER PROC.: 5.273438e-01 GB

X START       : -1.280000e+02
Y START       : -1.280000e+02
PIXEL SIZE    : 1.000000e+00
RHO START     : -1.280000e+02
RAY LENGTH    : 5.120000e+02

SPATIAL INDEXING       : 5
SPECTRAL INDEXING      : 5
 1: CARTESIAN, NATURAL
 2: CARTESIAN, TRANSPOSED
 3: MORTON, NATURAL
 4: MORTON, TRANSPOSED
PROJECTION BLOCK SIZE      : 1024
BACKPROJECTION BLOCK SIZE  : 1024
PROJECTION BUFFER SIZE      : 32 KB
BACKPROJECTION BUFFER SIZE  : 32 KB

SINOGRAM FILE : ./datasets/ADS1_sinogram.bin
   THETA FILE : ./datasets/ADS1_theta.bin
  OUTPUT FILE : ./recon.ADS1.bin


PLACE TILES
lspat 2 lspatdim 2
lspec 3 lspecdim 4
MPI PARTITIONING
proc: 0 numspats: 4 numpixs: 65536 numspecs: 6 numrays: 98304
maxnumpix: 65536 maxnumray: 98304
FILL PIXELS AND RAYS
INPUT THETA DATA
DOMAIN PARTITIONING
myid 0 raynuminc 92160/92160 raynumout 92160/92160

CONSTRUCT PROJECTION MATRIX
CSR STORAGE: 28200745 (0.210112 GB) rownzmax 511
RAY-TRACING TIME: 1.582225e+00
CONSTRUCT BACKPROJECTION MATRIX
CSR STORAGE: 28200745 (0.210112 GB) rownzmax 524
TRANSPOSITION TIME: 3.652818e-01

BLOCKING PROJECTION MATRIX
NUMBER OF BLOCKS: 90 BUFFSIZE: 8192
NUMBER OF BUFFERS: 176 AVERAGE BUFF/BLOCK: 1.955556 MAX BUFF/BLOCK: 3
BUFF MAP: 1441792 (0.005371 GB)
ELLPACK STORAGE: 39212032 (0.219114 GB) buffnzmax: 358 STORAGE EFFICIENCY: 1.078779 DATA REUSE: 25.519974
BLOCKING TIME: 7.612231e-01
BLOCKING BACKPROJECTION MATRIX
NUMBER OF BLOCKS: 64 BUFFSIZE: 8192
NUMBER OF BUFFERS: 128 AVERAGE BUFF/BLOCK: 2.000000 MAX BUFF/BLOCK: 2
BUFF MAP: 1048576 (0.003906 GB)
ELLPACK STORAGE: 35097600 (0.196123 GB) buffnzmax: 385 STORAGE EFFICIENCY: 1.205242 DATA REUSE: 32.088451
BLOCKING TIME: 7.584589e-01

FILL PROJECTION MATRIX
TIME: 1.614767e+00
FILL BACKPROJECTION MATRIX
TIME: 2.312393e+00
REDUCTION MAPPINGS
PREPROCESSING TIME: 7.395265e+00
myid: 0 device: 0

Device Count: 1
Device 0 name: -2050464560
Computational Capabilities: 3, 7
Maximum global memory size: 11996954624
Maximum constant memory size: 65536
Maximum shared memory size per block: 49152
Maximum block dimensions: 1024x1024x64
Maximum grid dimensions: 2147483647x65535x65535
Maximum threads per block: 1024
Warp size: 32

PROC 0 TOTAL GPU MEMORY: 0.604440 GB
INPUT MEASUREMENT DATA
INPUT ENDS
GRADIENT-DESCENT OPTIMIZATION
iter: 0 error: 2.235914e+08 gradnorm: 1.319800e+13
iter: 1 error: 5.746494e+07 gradnorm: 1.082424e+12
iter: 2 error: 7.825021e+06 gradnorm: 8.191636e+10
iter: 3 error: 1.580176e+06 gradnorm: 8.642821e+09
iter: 4 error: 5.867926e+05 gradnorm: 3.843779e+09
iter: 5 error: 3.011450e+05 gradnorm: 1.508807e+09
iter: 6 error: 2.159731e+05 gradnorm: 3.460211e+09
iter: 7 error: 1.176702e+05 gradnorm: 2.570972e+08
iter: 8 error: 5.118525e+04 gradnorm: 1.333315e+08
iter: 9 error: 3.220368e+04 gradnorm: 5.891936e+07
iter: 10 error: 1.990222e+04 gradnorm: 7.644811e+07
iter: 11 error: 1.812163e+04 gradnorm: 6.578531e+07
iter: 12 error: 1.147161e+04 gradnorm: 1.581984e+07
iter: 13 error: 7.446308e+03 gradnorm: 1.047909e+07
iter: 14 error: 5.763844e+03 gradnorm: 1.808588e+07
iter: 15 error: 4.642981e+03 gradnorm: 8.893945e+06
iter: 16 error: 4.000700e+03 gradnorm: 1.989273e+07
iter: 17 error: 3.506747e+03 gradnorm: 7.532263e+06
iter: 18 error: 2.883801e+03 gradnorm: 3.738095e+06
iter: 19 error: 2.248868e+03 gradnorm: 2.317747e+06
iter: 20 error: 1.815560e+03 gradnorm: 3.613456e+06
iter: 21 error: 1.471127e+03 gradnorm: 1.433628e+06
iter: 22 error: 1.402036e+03 gradnorm: 3.844601e+06
iter: 23 error: 1.120231e+03 gradnorm: 7.012908e+05
iter: 24 error: 8.646710e+02 gradnorm: 5.311118e+05
recon: 1.932082e-01 proj: 1.214278e-01 (1.051541e-01 8.308887e-03 4.650593e-03) backproj: 5.951333e-02 (2.566814e-03 4.047155e-03 5.042317e-02) ctime: 1.218987e-02 wtime: 4.386902e-05
numproj: 49 numback: 25
proj: 1.051541e-01 s (26.282112 GFLOPS) backproj: 5.042317e-02 s (27.964075 GFLOPS) avGFLOPS: 26.827242 totGFLOPS: 26.827242
proj: 112.320144 GB/s back: 106.488701 GB/s av: 110.430152 GB/s tot: 110.430152 GB/s
Total Time: 7.870704e+00
