NUM. THETA             : 750
NUM. RHO               : 512
NUM. X PIXELS          : 512
NUM. Y PIXELS          : 512

NUM. OF PIXELS         : 262144
NUM. OF RAYS           : 384000

NUM. ITERATIONS        : 24

SPATIAL TILE SIZE      : 128
SPECTRAL TILE SIZE     : 128

NUMBER OF X TILES      : 4
NUMBER OF Y TILES      : 4
NUM. OF THETA TILES    : 6
NUM. OF RHO TILES      : 4

NUM. SPATIAL TILES     : 16
NUM. SPECTRAL TILES    : 24

NUM. OF X PIXELS (EXT) : 512
NUM. OF Y PIXELS (EXT) : 512
NUM. OF ANGLES (EXT)   : 768
NUM. OF RHOS (EXT)     : 512

NUM. OF PIXELS (EXT)   : 262144
NUM. OF RAYS (EXT)     : 393216

NUMBER OF PROCESSES    : 1
NUMBER OF THRD./PROC.  : 1

INTEGER: 4, FLOAT: 4, LONG: 8, SHORT: 2, POINTER: 8
APPROX. MEMORY     TOTAL: 4.394531e+00 GB
APPROX. MEMORY PER PROC.: 4.394531e+00 GB

X START       : -2.560000e+02
Y START       : -2.560000e+02
PIXEL SIZE    : 1.000000e+00
RHO START     : -2.560000e+02
RAY LENGTH    : 1.024000e+03

SPATIAL INDEXING       : 5
SPECTRAL INDEXING      : 5
 1: CARTESIAN, NATURAL
 2: CARTESIAN, TRANSPOSED
 3: MORTON, NATURAL
 4: MORTON, TRANSPOSED
PROJECTION BLOCK SIZE      : 384
BACKPROJECTION BLOCK SIZE  : 384
PROJECTION BUFFER SIZE      : 48 KB
BACKPROJECTION BUFFER SIZE  : 48 KB

SINOGRAM FILE : ./datasets/ADS2_sinogram.bin
   THETA FILE : ./datasets/ADS2_theta.bin
  OUTPUT FILE : ./recon.ADS2.bin


PLACE TILES
lspat 4 lspatdim 4
lspec 6 lspecdim 8
MPI PARTITIONING
proc: 0 numspats: 16 numpixs: 262144 numspecs: 24 numrays: 393216
maxnumpix: 262144 maxnumray: 393216
FILL PIXELS AND RAYS
INPUT THETA DATA
DOMAIN PARTITIONING
myid 0 raynuminc 384000/384000 raynumout 384000/384000

CONSTRUCT PROJECTION MATRIX
CSR STORAGE: 235012144 (1.750977 GB) rownzmax 1022
RAY-TRACING TIME: 1.380043e+01
CONSTRUCT BACKPROJECTION MATRIX
CSR STORAGE: 235012144 (1.750977 GB) rownzmax 1092
TRANSPOSITION TIME: 3.170742e+00

BLOCKING PROJECTION MATRIX
NUMBER OF BLOCKS: 1000 BUFFSIZE: 12288
NUMBER OF BUFFERS: 1784 AVERAGE BUFF/BLOCK: 1.784000 MAX BUFF/BLOCK: 3
BUFF MAP: 21921792 (0.081665 GB)
ELLPACK STORAGE: 267792384 (1.496407 GB) buffnzmax: 737 STORAGE EFFICIENCY: 1.316386 DATA REUSE: 15.183022
BLOCKING TIME: 3.730634e+00
BLOCKING BACKPROJECTION MATRIX
NUMBER OF BLOCKS: 683 BUFFSIZE: 12288
NUMBER OF BUFFERS: 1335 AVERAGE BUFF/BLOCK: 1.954612 MAX BUFF/BLOCK: 3
BUFF MAP: 16404480 (0.061111 GB)
ELLPACK STORAGE: 258010368 (1.441745 GB) buffnzmax: 811 STORAGE EFFICIENCY: 1.366295 DATA REUSE: 18.227093
BLOCKING TIME: 5.069277e+00

FILL PROJECTION MATRIX
TIME: 1.243818e+01
FILL BACKPROJECTION MATRIX
TIME: 1.689091e+01
REDUCTION MAPPINGS
PREPROCESSING TIME: 5.510302e+01
myid: 0 device: 0

Device Count: 1
Device 0 name: -1102737440
Computational Capabilities: 3, 7
Maximum global memory size: 11996954624
Maximum constant memory size: 65536
Maximum shared memory size per block: 49152
Maximum block dimensions: 1024x1024x64
Maximum grid dimensions: 2147483647x65535x65535
Maximum threads per block: 1024
Warp size: 32

PROC 0 TOTAL GPU MEMORY: 4.359746 GB
INPUT MEASUREMENT DATA
INPUT ENDS
GRADIENT-DESCENT OPTIMIZATION
iter: 0 error: 1.926915e+09 gradnorm: 4.060025e+14
iter: 1 error: 6.126889e+08 gradnorm: 5.319068e+13
iter: 2 error: 1.166408e+08 gradnorm: 6.856265e+12
iter: 3 error: 3.920062e+07 gradnorm: 1.622457e+12
iter: 4 error: 1.373126e+07 gradnorm: 3.566055e+11
iter: 5 error: 5.040241e+06 gradnorm: 8.995980e+10
iter: 6 error: 2.532538e+06 gradnorm: 8.012512e+10
iter: 7 error: 2.076173e+06 gradnorm: 6.009636e+10
iter: 8 error: 1.328426e+06 gradnorm: 2.006700e+10
iter: 9 error: 7.720580e+05 gradnorm: 9.767134e+09
iter: 10 error: 4.311085e+05 gradnorm: 3.395702e+09
iter: 11 error: 2.967340e+05 gradnorm: 4.709722e+09
iter: 12 error: 2.414152e+05 gradnorm: 4.217884e+09
iter: 13 error: 2.130975e+05 gradnorm: 3.728350e+09
iter: 14 error: 1.526235e+05 gradnorm: 1.445961e+09
iter: 15 error: 1.086201e+05 gradnorm: 6.377388e+08
iter: 16 error: 7.731806e+04 gradnorm: 4.412276e+08
iter: 17 error: 5.455317e+04 gradnorm: 4.311637e+08
iter: 18 error: 5.072517e+04 gradnorm: 7.605446e+08
iter: 19 error: 3.948843e+04 gradnorm: 2.612352e+08
iter: 20 error: 3.370071e+04 gradnorm: 3.260072e+08
iter: 21 error: 2.751766e+04 gradnorm: 1.339853e+08
iter: 22 error: 2.273561e+04 gradnorm: 1.838028e+08
iter: 23 error: 1.844530e+04 gradnorm: 2.033674e+08
iter: 24 error: 1.750560e+04 gradnorm: 9.773042e+07
recon: 1.089227e+00 proj: 6.966443e-01 (6.409378e-01 3.037095e-02 1.475596e-02) backproj: 3.437014e-01 (7.739544e-03 1.573157e-02 3.090039e-01) ctime: 4.877567e-02 wtime: 5.745888e-05
numproj: 49 numback: 25
proj: 6.409378e-01 s (35.933581 GFLOPS) backproj: 3.090039e-01 s (38.027378 GFLOPS) avGFLOPS: 36.614666 totGFLOPS: 36.614666
proj: 129.540858 GB/s back: 130.555008 GB/s av: 129.870748 GB/s tot: 129.870748 GB/s
Total Time: 5.724291e+01
