NUM. THETA             : 750
NUM. RHO               : 512
NUM. X PIXELS          : 512
NUM. Y PIXELS          : 512

NUM. OF PIXELS         : 262144
NUM. OF RAYS           : 384000

NUM. ITERATIONS        : 24

SPATIAL TILE SIZE      : 128
SPECTRAL TILE SIZE     : 128

NUMBER OF X TILES      : 4
NUMBER OF Y TILES      : 4
NUM. OF THETA TILES    : 6
NUM. OF RHO TILES      : 4

NUM. SPATIAL TILES     : 16
NUM. SPECTRAL TILES    : 24

NUM. OF X PIXELS (EXT) : 512
NUM. OF Y PIXELS (EXT) : 512
NUM. OF ANGLES (EXT)   : 768
NUM. OF RHOS (EXT)     : 512

NUM. OF PIXELS (EXT)   : 262144
NUM. OF RAYS (EXT)     : 393216

NUMBER OF PROCESSES    : 1
NUMBER OF THRD./PROC.  : 1

INTEGER: 4, FLOAT: 4, LONG: 8, SHORT: 2, POINTER: 8
APPROX. MEMORY     TOTAL: 4.394531e+00 GB
APPROX. MEMORY PER PROC.: 4.394531e+00 GB

X START       : -2.560000e+02
Y START       : -2.560000e+02
PIXEL SIZE    : 1.000000e+00
RHO START     : -2.560000e+02
RAY LENGTH    : 1.024000e+03

SPATIAL INDEXING       : 5
SPECTRAL INDEXING      : 5
 1: CARTESIAN, NATURAL
 2: CARTESIAN, TRANSPOSED
 3: MORTON, NATURAL
 4: MORTON, TRANSPOSED
PROJECTION BLOCK SIZE      : 512
BACKPROJECTION BLOCK SIZE  : 512
PROJECTION BUFFER SIZE      : 32 KB
BACKPROJECTION BUFFER SIZE  : 32 KB

SINOGRAM FILE : ./datasets/ADS2_sinogram.bin
   THETA FILE : ./datasets/ADS2_theta.bin
  OUTPUT FILE : ./recon.ADS2.bin


PLACE TILES
lspat 4 lspatdim 4
lspec 6 lspecdim 8
MPI PARTITIONING
proc: 0 numspats: 16 numpixs: 262144 numspecs: 24 numrays: 393216
maxnumpix: 262144 maxnumray: 393216
FILL PIXELS AND RAYS
INPUT THETA DATA
DOMAIN PARTITIONING
myid 0 raynuminc 384000/384000 raynumout 384000/384000

CONSTRUCT PROJECTION MATRIX
CSR STORAGE: 235012144 (1.750977 GB) rownzmax 1022
RAY-TRACING TIME: 1.376153e+01
CONSTRUCT BACKPROJECTION MATRIX
CSR STORAGE: 235012144 (1.750977 GB) rownzmax 1092
TRANSPOSITION TIME: 3.202451e+00

BLOCKING PROJECTION MATRIX
NUMBER OF BLOCKS: 750 BUFFSIZE: 8192
NUMBER OF BUFFERS: 2018 AVERAGE BUFF/BLOCK: 2.690667 MAX BUFF/BLOCK: 4
BUFF MAP: 16531456 (0.061584 GB)
ELLPACK STORAGE: 289199104 (1.616026 GB) buffnzmax: 520 STORAGE EFFICIENCY: 1.218946 DATA REUSE: 17.635595
BLOCKING TIME: 6.578640e+00
BLOCKING BACKPROJECTION MATRIX
NUMBER OF BLOCKS: 512 BUFFSIZE: 8192
NUMBER OF BUFFERS: 1484 AVERAGE BUFF/BLOCK: 2.898438 MAX BUFF/BLOCK: 3
BUFF MAP: 12156928 (0.045288 GB)
ELLPACK STORAGE: 269516288 (1.506040 GB) buffnzmax: 586 STORAGE EFFICIENCY: 1.307966 DATA REUSE: 21.340776
BLOCKING TIME: 6.589365e+00

FILL PROJECTION MATRIX
TIME: 1.326092e+01
FILL BACKPROJECTION MATRIX
TIME: 1.721240e+01
REDUCTION MAPPINGS
PREPROCESSING TIME: 6.060822e+01
myid: 0 device: 0

Device Count: 1
Device 0 name: 1449855456
Computational Capabilities: 3, 7
Maximum global memory size: 11996954624
Maximum constant memory size: 65536
Maximum shared memory size per block: 49152
Maximum block dimensions: 1024x1024x64
Maximum grid dimensions: 2147483647x65535x65535
Maximum threads per block: 1024
Warp size: 32

PROC 0 TOTAL GPU MEMORY: 4.584496 GB
INPUT MEASUREMENT DATA
INPUT ENDS
GRADIENT-DESCENT OPTIMIZATION
iter: 0 error: 1.926915e+09 gradnorm: 4.060025e+14
iter: 1 error: 6.126890e+08 gradnorm: 5.319060e+13
iter: 2 error: 1.166408e+08 gradnorm: 6.856259e+12
iter: 3 error: 3.920062e+07 gradnorm: 1.622457e+12
iter: 4 error: 1.373126e+07 gradnorm: 3.566018e+11
iter: 5 error: 5.040228e+06 gradnorm: 8.995123e+10
iter: 6 error: 2.530664e+06 gradnorm: 7.957022e+10
iter: 7 error: 2.074696e+06 gradnorm: 6.038119e+10
iter: 8 error: 1.328418e+06 gradnorm: 2.007122e+10
iter: 9 error: 7.720567e+05 gradnorm: 9.767410e+09
iter: 10 error: 4.310800e+05 gradnorm: 3.391865e+09
iter: 11 error: 2.958233e+05 gradnorm: 4.550236e+09
iter: 12 error: 2.373156e+05 gradnorm: 3.482918e+09
iter: 13 error: 2.085230e+05 gradnorm: 4.647496e+09
iter: 14 error: 1.525815e+05 gradnorm: 1.455791e+09
iter: 15 error: 1.086189e+05 gradnorm: 6.377594e+08
iter: 16 error: 7.732228e+04 gradnorm: 4.429818e+08
iter: 17 error: 5.601878e+04 gradnorm: 8.808292e+08
iter: 18 error: 5.209414e+04 gradnorm: 4.015414e+08
iter: 19 error: 3.926216e+04 gradnorm: 2.343313e+08
iter: 20 error: 3.250834e+04 gradnorm: 3.263743e+08
iter: 21 error: 2.740957e+04 gradnorm: 1.399439e+08
iter: 22 error: 2.266123e+04 gradnorm: 1.833921e+08
iter: 23 error: 1.802539e+04 gradnorm: 8.153793e+07
iter: 24 error: 1.639551e+04 gradnorm: 3.112296e+08
recon: 1.061100e+00 proj: 6.824517e-01 (6.276218e-01 3.001499e-02 1.482916e-02) backproj: 3.301735e-01 (7.889986e-03 1.557899e-02 2.963591e-01) ctime: 4.836726e-02 wtime: 6.055832e-05
numproj: 49 numback: 25
proj: 6.276218e-01 s (36.695968 GFLOPS) backproj: 2.963591e-01 s (39.649890 GFLOPS) avGFLOPS: 37.643413 totGFLOPS: 37.643413
proj: 140.633577 GB/s back: 140.515782 GB/s av: 140.595795 GB/s tot: 140.595795 GB/s
Total Time: 6.272102e+01
