NUM. THETA             : 360
NUM. RHO               : 256
NUM. X PIXELS          : 256
NUM. Y PIXELS          : 256

NUM. OF PIXELS         : 65536
NUM. OF RAYS           : 92160

NUM. ITERATIONS        : 24

SPATIAL TILE SIZE      : 128
SPECTRAL TILE SIZE     : 128

NUMBER OF X TILES      : 2
NUMBER OF Y TILES      : 2
NUM. OF THETA TILES    : 3
NUM. OF RHO TILES      : 2

NUM. SPATIAL TILES     : 4
NUM. SPECTRAL TILES    : 6

NUM. OF X PIXELS (EXT) : 256
NUM. OF Y PIXELS (EXT) : 256
NUM. OF ANGLES (EXT)   : 384
NUM. OF RHOS (EXT)     : 256

NUM. OF PIXELS (EXT)   : 65536
NUM. OF RAYS (EXT)     : 98304

NUMBER OF PROCESSES    : 1
NUMBER OF THRD./PROC.  : 1

INTEGER: 4, FLOAT: 4, LONG: 8, SHORT: 2, POINTER: 8
APPROX. MEMORY     TOTAL: 5.273438e-01 GB
APPROX. MEMORY PER PROC.: 5.273438e-01 GB

X START       : -1.280000e+02
Y START       : -1.280000e+02
PIXEL SIZE    : 1.000000e+00
RHO START     : -1.280000e+02
RAY LENGTH    : 5.120000e+02

SPATIAL INDEXING       : 5
SPECTRAL INDEXING      : 5
 1: CARTESIAN, NATURAL
 2: CARTESIAN, TRANSPOSED
 3: MORTON, NATURAL
 4: MORTON, TRANSPOSED
PROJECTION BLOCK SIZE      : 1024
BACKPROJECTION BLOCK SIZE  : 1024
PROJECTION BUFFER SIZE      : 48 KB
BACKPROJECTION BUFFER SIZE  : 48 KB

SINOGRAM FILE : ./datasets/ADS1_sinogram.bin
   THETA FILE : ./datasets/ADS1_theta.bin
  OUTPUT FILE : ./recon.ADS1.bin


PLACE TILES
lspat 2 lspatdim 2
lspec 3 lspecdim 4
MPI PARTITIONING
proc: 0 numspats: 4 numpixs: 65536 numspecs: 6 numrays: 98304
maxnumpix: 65536 maxnumray: 98304
FILL PIXELS AND RAYS
INPUT THETA DATA
DOMAIN PARTITIONING
myid 0 raynuminc 92160/92160 raynumout 92160/92160

CONSTRUCT PROJECTION MATRIX
CSR STORAGE: 28200745 (0.210112 GB) rownzmax 511
RAY-TRACING TIME: 1.590877e+00
CONSTRUCT BACKPROJECTION MATRIX
CSR STORAGE: 28200745 (0.210112 GB) rownzmax 524
TRANSPOSITION TIME: 3.640788e-01

BLOCKING PROJECTION MATRIX
NUMBER OF BLOCKS: 90 BUFFSIZE: 12288
NUMBER OF BUFFERS: 144 AVERAGE BUFF/BLOCK: 1.600000 MAX BUFF/BLOCK: 2
BUFF MAP: 1769472 (0.006592 GB)
ELLPACK STORAGE: 36725760 (0.205221 GB) buffnzmax: 464 STORAGE EFFICIENCY: 1.151810 DATA REUSE: 25.519974
BLOCKING TIME: 7.448881e-01
BLOCKING BACKPROJECTION MATRIX
NUMBER OF BLOCKS: 64 BUFFSIZE: 12288
NUMBER OF BUFFERS: 116 AVERAGE BUFF/BLOCK: 1.812500 MAX BUFF/BLOCK: 2
BUFF MAP: 1425408 (0.005310 GB)
ELLPACK STORAGE: 34757632 (0.194223 GB) buffnzmax: 496 STORAGE EFFICIENCY: 1.217031 DATA REUSE: 32.088451
BLOCKING TIME: 7.609601e-01

FILL PROJECTION MATRIX
TIME: 1.600439e+00
FILL BACKPROJECTION MATRIX
TIME: 2.283725e+00
REDUCTION MAPPINGS
PREPROCESSING TIME: 7.345889e+00
myid: 0 device: 0

Device Count: 1
Device 0 name: 61656288
Computational Capabilities: 3, 7
Maximum global memory size: 11996954624
Maximum constant memory size: 65536
Maximum shared memory size per block: 49152
Maximum block dimensions: 1024x1024x64
Maximum grid dimensions: 2147483647x65535x65535
Maximum threads per block: 1024
Warp size: 32

PROC 0 TOTAL GPU MEMORY: 0.584648 GB
INPUT MEASUREMENT DATA
INPUT ENDS
GRADIENT-DESCENT OPTIMIZATION
iter: 0 error: 2.235914e+08 gradnorm: 1.319800e+13
iter: 1 error: 5.746494e+07 gradnorm: 1.082424e+12
iter: 2 error: 7.825016e+06 gradnorm: 8.191647e+10
iter: 3 error: 1.580174e+06 gradnorm: 8.642811e+09
iter: 4 error: 5.867973e+05 gradnorm: 3.844295e+09
iter: 5 error: 3.012920e+05 gradnorm: 1.520005e+09
iter: 6 error: 2.178436e+05 gradnorm: 3.429573e+09
iter: 7 error: 1.176721e+05 gradnorm: 2.569498e+08
iter: 8 error: 5.118634e+04 gradnorm: 1.333292e+08
iter: 9 error: 3.220363e+04 gradnorm: 5.893030e+07
iter: 10 error: 1.994715e+04 gradnorm: 7.979834e+07
iter: 11 error: 1.815494e+04 gradnorm: 6.351194e+07
iter: 12 error: 1.147146e+04 gradnorm: 1.580964e+07
iter: 13 error: 7.433957e+03 gradnorm: 1.014304e+07
iter: 14 error: 5.532280e+03 gradnorm: 1.530089e+07
iter: 15 error: 4.579663e+03 gradnorm: 9.624917e+06
iter: 16 error: 3.984840e+03 gradnorm: 1.966618e+07
iter: 17 error: 3.460416e+03 gradnorm: 7.302556e+06
iter: 18 error: 2.873611e+03 gradnorm: 3.846117e+06
iter: 19 error: 2.245605e+03 gradnorm: 2.286226e+06
iter: 20 error: 1.796808e+03 gradnorm: 3.618761e+06
iter: 21 error: 1.486686e+03 gradnorm: 2.637813e+06
iter: 22 error: 1.431531e+03 gradnorm: 1.762327e+06
iter: 23 error: 1.120226e+03 gradnorm: 6.995094e+05
iter: 24 error: 8.646262e+02 gradnorm: 5.296415e+05
recon: 1.688023e-01 proj: 1.039710e-01 (8.795776e-02 8.193493e-03 4.602671e-03) backproj: 5.256319e-02 (2.357483e-03 4.020929e-03 4.462550e-02) ctime: 1.219010e-02 wtime: 4.482269e-05
numproj: 49 numback: 25
proj: 8.795776e-02 s (31.420457 GFLOPS) backproj: 4.462550e-02 s (31.597117 GFLOPS) avGFLOPS: 31.479918 totGFLOPS: 31.479918
proj: 126.699339 GB/s back: 120.025213 GB/s av: 124.452930 GB/s tot: 124.452930 GB/s
Total Time: 7.789198e+00
