NUM. THETA             : 750
NUM. RHO               : 512
NUM. X PIXELS          : 512
NUM. Y PIXELS          : 512

NUM. OF PIXELS         : 262144
NUM. OF RAYS           : 384000

NUM. ITERATIONS        : 24

SPATIAL TILE SIZE      : 32
SPECTRAL TILE SIZE     : 32

NUMBER OF X TILES      : 16
NUMBER OF Y TILES      : 16
NUM. OF THETA TILES    : 24
NUM. OF RHO TILES      : 16

NUM. SPATIAL TILES     : 256
NUM. SPECTRAL TILES    : 384

NUM. OF X PIXELS (EXT) : 512
NUM. OF Y PIXELS (EXT) : 512
NUM. OF ANGLES (EXT)   : 768
NUM. OF RHOS (EXT)     : 512

NUM. OF PIXELS (EXT)   : 262144
NUM. OF RAYS (EXT)     : 393216

NUMBER OF PROCESSES    : 1
NUMBER OF THRD./PROC.  : 1

INTEGER: 4, FLOAT: 4, LONG: 8, SHORT: 2, POINTER: 8
APPROX. MEMORY     TOTAL: 4.394531e+00 GB
APPROX. MEMORY PER PROC.: 4.394531e+00 GB

X START       : -2.560000e+02
Y START       : -2.560000e+02
PIXEL SIZE    : 1.000000e+00
RHO START     : -2.560000e+02
RAY LENGTH    : 1.024000e+03

SPATIAL INDEXING       : 5
SPECTRAL INDEXING      : 5
 1: CARTESIAN, NATURAL
 2: CARTESIAN, TRANSPOSED
 3: MORTON, NATURAL
 4: MORTON, TRANSPOSED
PROJECTION BLOCK SIZE      : 512
BACKPROJECTION BLOCK SIZE  : 512
PROJECTION BUFFER SIZE      : 48 KB
BACKPROJECTION BUFFER SIZE  : 48 KB

SINOGRAM FILE : ./datasets/ADS2_sinogram.bin
   THETA FILE : ./datasets/ADS2_theta.bin
  OUTPUT FILE : ./recon.ADS2.bin


PLACE TILES
lspat 16 lspatdim 16
lspec 24 lspecdim 32
MPI PARTITIONING
proc: 0 numspats: 256 numpixs: 262144 numspecs: 384 numrays: 393216
maxnumpix: 262144 maxnumray: 393216
FILL PIXELS AND RAYS
INPUT THETA DATA
DOMAIN PARTITIONING
myid 0 raynuminc 384000/384000 raynumout 384000/384000

CONSTRUCT PROJECTION MATRIX
CSR STORAGE: 235012144 (1.750977 GB) rownzmax 1022
RAY-TRACING TIME: 1.938335e+01
CONSTRUCT BACKPROJECTION MATRIX
CSR STORAGE: 235012144 (1.750977 GB) rownzmax 1092
TRANSPOSITION TIME: 3.216387e+00

BLOCKING PROJECTION MATRIX
NUMBER OF BLOCKS: 750 BUFFSIZE: 12288
NUMBER OF BUFFERS: 1352 AVERAGE BUFF/BLOCK: 1.802667 MAX BUFF/BLOCK: 3
BUFF MAP: 16613376 (0.061890 GB)
ELLPACK STORAGE: 269725696 (1.507210 GB) buffnzmax: 661 STORAGE EFFICIENCY: 1.306951 DATA REUSE: 19.259050
BLOCKING TIME: 6.585573e+00
BLOCKING BACKPROJECTION MATRIX
NUMBER OF BLOCKS: 512 BUFFSIZE: 12288
NUMBER OF BUFFERS: 1020 AVERAGE BUFF/BLOCK: 1.992188 MAX BUFF/BLOCK: 2
BUFF MAP: 12533760 (0.046692 GB)
ELLPACK STORAGE: 262174720 (1.465015 GB) buffnzmax: 702 STORAGE EFFICIENCY: 1.344593 DATA REUSE: 21.340776
BLOCKING TIME: 6.572674e+00

FILL PROJECTION MATRIX
TIME: 1.316823e+01
FILL BACKPROJECTION MATRIX
TIME: 1.725054e+01
REDUCTION MAPPINGS
PREPROCESSING TIME: 6.617963e+01
myid: 0 device: 0

Device Count: 1
Device 0 name: -214501696
Computational Capabilities: 3, 7
Maximum global memory size: 11996954624
Maximum constant memory size: 65536
Maximum shared memory size per block: 49152
Maximum block dimensions: 1024x1024x64
Maximum grid dimensions: 2147483647x65535x65535
Maximum threads per block: 1024
Warp size: 32

PROC 0 TOTAL GPU MEMORY: 4.371806 GB
INPUT MEASUREMENT DATA
INPUT ENDS
GRADIENT-DESCENT OPTIMIZATION
iter: 0 error: 1.926938e+09 gradnorm: 4.060026e+14
iter: 1 error: 6.126871e+08 gradnorm: 5.319093e+13
iter: 2 error: 1.166411e+08 gradnorm: 6.856379e+12
iter: 3 error: 3.920064e+07 gradnorm: 1.622464e+12
iter: 4 error: 1.373128e+07 gradnorm: 3.566235e+11
iter: 5 error: 5.041740e+06 gradnorm: 9.051749e+10
iter: 6 error: 2.653393e+06 gradnorm: 1.137838e+11
iter: 7 error: 2.125030e+06 gradnorm: 4.966059e+10
iter: 8 error: 1.328800e+06 gradnorm: 1.997060e+10
iter: 9 error: 7.720492e+05 gradnorm: 9.766357e+09
iter: 10 error: 4.310336e+05 gradnorm: 3.387276e+09
iter: 11 error: 2.960998e+05 gradnorm: 4.906717e+09
iter: 12 error: 2.481188e+05 gradnorm: 5.032382e+09
iter: 13 error: 2.145584e+05 gradnorm: 3.177437e+09
iter: 14 error: 1.525849e+05 gradnorm: 1.446301e+09
iter: 15 error: 1.086187e+05 gradnorm: 6.378298e+08
iter: 16 error: 7.731785e+04 gradnorm: 4.416646e+08
iter: 17 error: 5.502184e+04 gradnorm: 5.902543e+08
iter: 18 error: 5.169338e+04 gradnorm: 5.147750e+08
iter: 19 error: 3.910271e+04 gradnorm: 2.201299e+08
iter: 20 error: 3.134227e+04 gradnorm: 2.931518e+08
iter: 21 error: 2.720879e+04 gradnorm: 1.439437e+08
iter: 22 error: 2.208086e+04 gradnorm: 1.828016e+08
iter: 23 error: 1.828517e+04 gradnorm: 1.823777e+08
iter: 24 error: 1.738043e+04 gradnorm: 1.065158e+08
recon: 1.014772e+00 proj: 6.452246e-01 (5.907284e-01 3.014088e-02 1.483297e-02) backproj: 3.174987e-01 (7.777929e-03 1.567245e-02 2.893117e-01) ctime: 5.194688e-02 wtime: 6.008148e-05
numproj: 49 numback: 25
proj: 5.907284e-01 s (38.987785 GFLOPS) backproj: 2.893117e-01 s (40.615737 GFLOPS) avGFLOPS: 39.522971 totGFLOPS: 39.522971
proj: 139.752181 GB/s back: 140.262514 GB/s av: 139.919952 GB/s tot: 139.919952 GB/s
Total Time: 7.168860e+01
