NUM. THETA             : 360
NUM. RHO               : 256
NUM. X PIXELS          : 256
NUM. Y PIXELS          : 256

NUM. OF PIXELS         : 65536
NUM. OF RAYS           : 92160

NUM. ITERATIONS        : 24

SPATIAL TILE SIZE      : 64
SPECTRAL TILE SIZE     : 64

NUMBER OF X TILES      : 4
NUMBER OF Y TILES      : 4
NUM. OF THETA TILES    : 6
NUM. OF RHO TILES      : 4

NUM. SPATIAL TILES     : 16
NUM. SPECTRAL TILES    : 24

NUM. OF X PIXELS (EXT) : 256
NUM. OF Y PIXELS (EXT) : 256
NUM. OF ANGLES (EXT)   : 384
NUM. OF RHOS (EXT)     : 256

NUM. OF PIXELS (EXT)   : 65536
NUM. OF RAYS (EXT)     : 98304

NUMBER OF PROCESSES    : 1
NUMBER OF THRD./PROC.  : 1

INTEGER: 4, FLOAT: 4, LONG: 8, SHORT: 2, POINTER: 8
APPROX. MEMORY     TOTAL: 5.273438e-01 GB
APPROX. MEMORY PER PROC.: 5.273438e-01 GB

X START       : -1.280000e+02
Y START       : -1.280000e+02
PIXEL SIZE    : 1.000000e+00
RHO START     : -1.280000e+02
RAY LENGTH    : 5.120000e+02

SPATIAL INDEXING       : 5
SPECTRAL INDEXING      : 5
 1: CARTESIAN, NATURAL
 2: CARTESIAN, TRANSPOSED
 3: MORTON, NATURAL
 4: MORTON, TRANSPOSED
PROJECTION BLOCK SIZE      : 512
BACKPROJECTION BLOCK SIZE  : 512
PROJECTION BUFFER SIZE      : 48 KB
BACKPROJECTION BUFFER SIZE  : 48 KB

SINOGRAM FILE : ./datasets/ADS1_sinogram.bin
   THETA FILE : ./datasets/ADS1_theta.bin
  OUTPUT FILE : ./recon.ADS1.bin


PLACE TILES
lspat 4 lspatdim 4
lspec 6 lspecdim 8
MPI PARTITIONING
proc: 0 numspats: 16 numpixs: 65536 numspecs: 24 numrays: 98304
maxnumpix: 65536 maxnumray: 98304
FILL PIXELS AND RAYS
INPUT THETA DATA
DOMAIN PARTITIONING
myid 0 raynuminc 92160/92160 raynumout 92160/92160

CONSTRUCT PROJECTION MATRIX
CSR STORAGE: 28200745 (0.210112 GB) rownzmax 511
RAY-TRACING TIME: 1.618145e+00
CONSTRUCT BACKPROJECTION MATRIX
CSR STORAGE: 28200745 (0.210112 GB) rownzmax 524
TRANSPOSITION TIME: 3.647194e-01

BLOCKING PROJECTION MATRIX
NUMBER OF BLOCKS: 180 BUFFSIZE: 12288
NUMBER OF BUFFERS: 192 AVERAGE BUFF/BLOCK: 1.066667 MAX BUFF/BLOCK: 2
BUFF MAP: 2359296 (0.008789 GB)
ELLPACK STORAGE: 32083456 (0.179280 GB) buffnzmax: 510 STORAGE EFFICIENCY: 1.318471 DATA REUSE: 17.079828
BLOCKING TIME: 6.708429e-01
BLOCKING BACKPROJECTION MATRIX
NUMBER OF BLOCKS: 128 BUFFSIZE: 12288
NUMBER OF BUFFERS: 128 AVERAGE BUFF/BLOCK: 1.000000 MAX BUFF/BLOCK: 1
BUFF MAP: 1572864 (0.005859 GB)
ELLPACK STORAGE: 31132672 (0.173967 GB) buffnzmax: 524 STORAGE EFFICIENCY: 1.358737 DATA REUSE: 21.362581
BLOCKING TIME: 7.567182e-01

FILL PROJECTION MATRIX
TIME: 1.568210e+00
FILL BACKPROJECTION MATRIX
TIME: 2.050466e+00
REDUCTION MAPPINGS
PREPROCESSING TIME: 7.030049e+00
myid: 0 device: 0

Device Count: 1
Device 0 name: 1225083024
Computational Capabilities: 3, 7
Maximum global memory size: 11996954624
Maximum constant memory size: 65536
Maximum shared memory size per block: 49152
Maximum block dimensions: 1024x1024x64
Maximum grid dimensions: 2147483647x65535x65535
Maximum threads per block: 1024
Warp size: 32

PROC 0 TOTAL GPU MEMORY: 0.521460 GB
INPUT MEASUREMENT DATA
INPUT ENDS
GRADIENT-DESCENT OPTIMIZATION
iter: 0 error: 2.235884e+08 gradnorm: 1.319800e+13
iter: 1 error: 5.746502e+07 gradnorm: 1.082428e+12
iter: 2 error: 7.825014e+06 gradnorm: 8.191675e+10
iter: 3 error: 1.580171e+06 gradnorm: 8.642743e+09
iter: 4 error: 5.867383e+05 gradnorm: 3.839490e+09
iter: 5 error: 2.996971e+05 gradnorm: 1.398236e+09
iter: 6 error: 1.859759e+05 gradnorm: 3.435948e+09
iter: 7 error: 1.176235e+05 gradnorm: 2.607596e+08
iter: 8 error: 5.118529e+04 gradnorm: 1.333293e+08
iter: 9 error: 3.220186e+04 gradnorm: 5.879112e+07
iter: 10 error: 1.945053e+04 gradnorm: 4.112425e+07
iter: 11 error: 1.374437e+04 gradnorm: 1.313100e+08
iter: 12 error: 1.146015e+04 gradnorm: 1.681550e+07
iter: 13 error: 7.471292e+03 gradnorm: 1.115199e+07
iter: 14 error: 6.048777e+03 gradnorm: 1.917292e+07
iter: 15 error: 4.685054e+03 gradnorm: 8.264710e+06
iter: 16 error: 3.785307e+03 gradnorm: 9.066951e+06
iter: 17 error: 3.412077e+03 gradnorm: 1.461672e+07
iter: 18 error: 2.893727e+03 gradnorm: 3.704475e+06
iter: 19 error: 2.254516e+03 gradnorm: 2.386948e+06
iter: 20 error: 1.846833e+03 gradnorm: 3.597300e+06
iter: 21 error: 1.468649e+03 gradnorm: 1.138021e+06
iter: 22 error: 1.230181e+03 gradnorm: 6.177790e+06
iter: 23 error: 1.119818e+03 gradnorm: 7.370901e+05
iter: 24 error: 8.646411e+02 gradnorm: 5.302395e+05
recon: 1.533415e-01 proj: 9.507322e-02 (7.854003e-02 8.085012e-03 4.667997e-03) backproj: 4.565406e-02 (2.521515e-03 4.026413e-03 3.752813e-02) ctime: 1.253700e-02 wtime: 4.482269e-05
numproj: 49 numback: 25
proj: 7.854003e-02 s (35.188081 GFLOPS) backproj: 3.752813e-02 s (37.572811 GFLOPS) avGFLOPS: 35.959132 totGFLOPS: 35.959132
proj: 125.986174 GB/s back: 128.628511 GB/s av: 126.840516 GB/s tot: 126.840516 GB/s
Total Time: 7.447796e+00
