NUM. THETA             : 750
NUM. RHO               : 512
NUM. X PIXELS          : 512
NUM. Y PIXELS          : 512

NUM. OF PIXELS         : 262144
NUM. OF RAYS           : 384000

NUM. ITERATIONS        : 24

SPATIAL TILE SIZE      : 128
SPECTRAL TILE SIZE     : 128

NUMBER OF X TILES      : 4
NUMBER OF Y TILES      : 4
NUM. OF THETA TILES    : 6
NUM. OF RHO TILES      : 4

NUM. SPATIAL TILES     : 16
NUM. SPECTRAL TILES    : 24

NUM. OF X PIXELS (EXT) : 512
NUM. OF Y PIXELS (EXT) : 512
NUM. OF ANGLES (EXT)   : 768
NUM. OF RHOS (EXT)     : 512

NUM. OF PIXELS (EXT)   : 262144
NUM. OF RAYS (EXT)     : 393216

NUMBER OF PROCESSES    : 1
NUMBER OF THRD./PROC.  : 1

INTEGER: 4, FLOAT: 4, LONG: 8, SHORT: 2, POINTER: 8
APPROX. MEMORY     TOTAL: 4.394531e+00 GB
APPROX. MEMORY PER PROC.: 4.394531e+00 GB

X START       : -2.560000e+02
Y START       : -2.560000e+02
PIXEL SIZE    : 1.000000e+00
RHO START     : -2.560000e+02
RAY LENGTH    : 1.024000e+03

SPATIAL INDEXING       : 5
SPECTRAL INDEXING      : 5
 1: CARTESIAN, NATURAL
 2: CARTESIAN, TRANSPOSED
 3: MORTON, NATURAL
 4: MORTON, TRANSPOSED
PROJECTION BLOCK SIZE      : 768
BACKPROJECTION BLOCK SIZE  : 768
PROJECTION BUFFER SIZE      : 48 KB
BACKPROJECTION BUFFER SIZE  : 48 KB

SINOGRAM FILE : ./datasets/ADS2_sinogram.bin
   THETA FILE : ./datasets/ADS2_theta.bin
  OUTPUT FILE : ./recon.ADS2.bin


PLACE TILES
lspat 4 lspatdim 4
lspec 6 lspecdim 8
MPI PARTITIONING
proc: 0 numspats: 16 numpixs: 262144 numspecs: 24 numrays: 393216
maxnumpix: 262144 maxnumray: 393216
FILL PIXELS AND RAYS
INPUT THETA DATA
DOMAIN PARTITIONING
myid 0 raynuminc 384000/384000 raynumout 384000/384000

CONSTRUCT PROJECTION MATRIX
CSR STORAGE: 235012144 (1.750977 GB) rownzmax 1022
RAY-TRACING TIME: 1.372680e+01
CONSTRUCT BACKPROJECTION MATRIX
CSR STORAGE: 235012144 (1.750977 GB) rownzmax 1092
TRANSPOSITION TIME: 3.184226e+00

BLOCKING PROJECTION MATRIX
NUMBER OF BLOCKS: 500 BUFFSIZE: 12288
NUMBER OF BUFFERS: 1123 AVERAGE BUFF/BLOCK: 2.246000 MAX BUFF/BLOCK: 3
BUFF MAP: 13799424 (0.051407 GB)
ELLPACK STORAGE: 289128192 (1.615630 GB) buffnzmax: 693 STORAGE EFFICIENCY: 1.219245 DATA REUSE: 21.209372
BLOCKING TIME: 5.717405e+00
BLOCKING BACKPROJECTION MATRIX
NUMBER OF BLOCKS: 342 BUFFSIZE: 12288
NUMBER OF BUFFERS: 970 AVERAGE BUFF/BLOCK: 2.836257 MAX BUFF/BLOCK: 4
BUFF MAP: 11919360 (0.044403 GB)
ELLPACK STORAGE: 276877824 (1.547175 GB) buffnzmax: 652 STORAGE EFFICIENCY: 1.273191 DATA REUSE: 25.347687
BLOCKING TIME: 6.423970e+00

FILL PROJECTION MATRIX
TIME: 1.316633e+01
FILL BACKPROJECTION MATRIX
TIME: 1.766868e+01
REDUCTION MAPPINGS
PREPROCESSING TIME: 5.989032e+01
myid: 0 device: 0

Device Count: 1
Device 0 name: -962695296
Computational Capabilities: 3, 7
Maximum global memory size: 11996954624
Maximum constant memory size: 65536
Maximum shared memory size per block: 49152
Maximum block dimensions: 1024x1024x64
Maximum grid dimensions: 2147483647x65535x65535
Maximum threads per block: 1024
Warp size: 32

PROC 0 TOTAL GPU MEMORY: 4.630935 GB
INPUT MEASUREMENT DATA
INPUT ENDS
GRADIENT-DESCENT OPTIMIZATION
iter: 0 error: 1.926915e+09 gradnorm: 4.060025e+14
iter: 1 error: 6.126890e+08 gradnorm: 5.319066e+13
iter: 2 error: 1.166408e+08 gradnorm: 6.856257e+12
iter: 3 error: 3.920061e+07 gradnorm: 1.622453e+12
iter: 4 error: 1.373127e+07 gradnorm: 3.566045e+11
iter: 5 error: 5.040203e+06 gradnorm: 8.994033e+10
iter: 6 error: 2.528182e+06 gradnorm: 7.883856e+10
iter: 7 error: 2.072656e+06 gradnorm: 6.077342e+10
iter: 8 error: 1.328392e+06 gradnorm: 2.007480e+10
iter: 9 error: 7.720587e+05 gradnorm: 9.767398e+09
iter: 10 error: 4.310986e+05 gradnorm: 3.394216e+09
iter: 11 error: 2.964076e+05 gradnorm: 4.654079e+09
iter: 12 error: 2.401206e+05 gradnorm: 4.008752e+09
iter: 13 error: 2.121238e+05 gradnorm: 3.934189e+09
iter: 14 error: 1.526149e+05 gradnorm: 1.447856e+09
iter: 15 error: 1.086197e+05 gradnorm: 6.377304e+08
iter: 16 error: 7.731588e+04 gradnorm: 4.410126e+08
iter: 17 error: 5.444986e+04 gradnorm: 4.048128e+08
iter: 18 error: 5.034818e+04 gradnorm: 8.424774e+08
iter: 19 error: 3.920895e+04 gradnorm: 2.337416e+08
iter: 20 error: 3.243030e+04 gradnorm: 3.320054e+08
iter: 21 error: 2.736743e+04 gradnorm: 1.346429e+08
iter: 22 error: 2.225967e+04 gradnorm: 1.812756e+08
iter: 23 error: 1.795947e+04 gradnorm: 7.630215e+07
iter: 24 error: 1.474578e+04 gradnorm: 1.733549e+08
recon: 1.054773e+00 proj: 6.760819e-01 (6.213046e-01 3.010154e-02 1.491523e-02) backproj: 3.307617e-01 (7.753849e-03 1.517153e-02 3.032778e-01) ctime: 4.782557e-02 wtime: 6.079674e-05
numproj: 49 numback: 25
proj: 6.213046e-01 s (37.069080 GFLOPS) backproj: 3.032778e-01 s (38.745360 GFLOPS) avGFLOPS: 37.618926 totGFLOPS: 37.618926
proj: 141.168075 GB/s back: 140.872859 GB/s av: 141.071239 GB/s tot: 141.071239 GB/s
Total Time: 6.201567e+01
