NUM. THETA             : 750
NUM. RHO               : 512
NUM. X PIXELS          : 512
NUM. Y PIXELS          : 512

NUM. OF PIXELS         : 262144
NUM. OF RAYS           : 384000

NUM. ITERATIONS        : 24

SPATIAL TILE SIZE      : 64
SPECTRAL TILE SIZE     : 64

NUMBER OF X TILES      : 8
NUMBER OF Y TILES      : 8
NUM. OF THETA TILES    : 12
NUM. OF RHO TILES      : 8

NUM. SPATIAL TILES     : 64
NUM. SPECTRAL TILES    : 96

NUM. OF X PIXELS (EXT) : 512
NUM. OF Y PIXELS (EXT) : 512
NUM. OF ANGLES (EXT)   : 768
NUM. OF RHOS (EXT)     : 512

NUM. OF PIXELS (EXT)   : 262144
NUM. OF RAYS (EXT)     : 393216

NUMBER OF PROCESSES    : 1
NUMBER OF THRD./PROC.  : 1

INTEGER: 4, FLOAT: 4, LONG: 8, SHORT: 2, POINTER: 8
APPROX. MEMORY     TOTAL: 4.394531e+00 GB
APPROX. MEMORY PER PROC.: 4.394531e+00 GB

X START       : -2.560000e+02
Y START       : -2.560000e+02
PIXEL SIZE    : 1.000000e+00
RHO START     : -2.560000e+02
RAY LENGTH    : 1.024000e+03

SPATIAL INDEXING       : 5
SPECTRAL INDEXING      : 5
 1: CARTESIAN, NATURAL
 2: CARTESIAN, TRANSPOSED
 3: MORTON, NATURAL
 4: MORTON, TRANSPOSED
PROJECTION BLOCK SIZE      : 512
BACKPROJECTION BLOCK SIZE  : 512
PROJECTION BUFFER SIZE      : 48 KB
BACKPROJECTION BUFFER SIZE  : 48 KB

SINOGRAM FILE : ./datasets/ADS2_sinogram.bin
   THETA FILE : ./datasets/ADS2_theta.bin
  OUTPUT FILE : ./recon.ADS2.bin


PLACE TILES
lspat 8 lspatdim 8
lspec 12 lspecdim 16
MPI PARTITIONING
proc: 0 numspats: 64 numpixs: 262144 numspecs: 96 numrays: 393216
maxnumpix: 262144 maxnumray: 393216
FILL PIXELS AND RAYS
INPUT THETA DATA
DOMAIN PARTITIONING
myid 0 raynuminc 384000/384000 raynumout 384000/384000

CONSTRUCT PROJECTION MATRIX
CSR STORAGE: 235012145 (1.750977 GB) rownzmax 1022
RAY-TRACING TIME: 1.449764e+01
CONSTRUCT BACKPROJECTION MATRIX
CSR STORAGE: 235012145 (1.750977 GB) rownzmax 1092
TRANSPOSITION TIME: 3.191297e+00

BLOCKING PROJECTION MATRIX
NUMBER OF BLOCKS: 750 BUFFSIZE: 12288
NUMBER OF BUFFERS: 1416 AVERAGE BUFF/BLOCK: 1.888000 MAX BUFF/BLOCK: 3
BUFF MAP: 17399808 (0.064819 GB)
ELLPACK STORAGE: 272961024 (1.525289 GB) buffnzmax: 685 STORAGE EFFICIENCY: 1.291460 DATA REUSE: 17.600401
BLOCKING TIME: 6.568177e+00
BLOCKING BACKPROJECTION MATRIX
NUMBER OF BLOCKS: 512 BUFFSIZE: 12288
NUMBER OF BUFFERS: 1020 AVERAGE BUFF/BLOCK: 1.992188 MAX BUFF/BLOCK: 2
BUFF MAP: 12533760 (0.046692 GB)
ELLPACK STORAGE: 260311552 (1.454604 GB) buffnzmax: 731 STORAGE EFFICIENCY: 1.354217 DATA REUSE: 21.340776
BLOCKING TIME: 6.335881e+00

FILL PROJECTION MATRIX
TIME: 1.309984e+01
FILL BACKPROJECTION MATRIX
TIME: 1.717401e+01
REDUCTION MAPPINGS
PREPROCESSING TIME: 6.086972e+01
myid: 0 device: 0

Device Count: 1
Device 0 name: 2124133712
Computational Capabilities: 3, 7
Maximum global memory size: 11996954624
Maximum constant memory size: 65536
Maximum shared memory size per block: 49152
Maximum block dimensions: 1024x1024x64
Maximum grid dimensions: 2147483647x65535x65535
Maximum threads per block: 1024
Warp size: 32

PROC 0 TOTAL GPU MEMORY: 4.385930 GB
INPUT MEASUREMENT DATA
INPUT ENDS
GRADIENT-DESCENT OPTIMIZATION
iter: 0 error: 1.926931e+09 gradnorm: 4.060025e+14
iter: 1 error: 6.126869e+08 gradnorm: 5.319073e+13
iter: 2 error: 1.166408e+08 gradnorm: 6.856341e+12
iter: 3 error: 3.920082e+07 gradnorm: 1.622473e+12
iter: 4 error: 1.373126e+07 gradnorm: 3.566068e+11
iter: 5 error: 5.040723e+06 gradnorm: 9.014189e+10
iter: 6 error: 2.574360e+06 gradnorm: 9.227517e+10
iter: 7 error: 2.101032e+06 gradnorm: 5.504556e+10
iter: 8 error: 1.328598e+06 gradnorm: 2.001510e+10
iter: 9 error: 7.720443e+05 gradnorm: 9.766069e+09
iter: 10 error: 4.309833e+05 gradnorm: 3.382543e+09
iter: 11 error: 2.959608e+05 gradnorm: 5.112081e+09
iter: 12 error: 2.519248e+05 gradnorm: 5.157094e+09
iter: 13 error: 2.145073e+05 gradnorm: 3.044107e+09
iter: 14 error: 1.525469e+05 gradnorm: 1.448399e+09
iter: 15 error: 1.086192e+05 gradnorm: 6.379198e+08
iter: 16 error: 7.738385e+04 gradnorm: 4.639896e+08
iter: 17 error: 6.465291e+04 gradnorm: 2.093644e+09
iter: 18 error: 5.239146e+04 gradnorm: 3.078001e+08
iter: 19 error: 3.921056e+04 gradnorm: 2.304168e+08
iter: 20 error: 3.234152e+04 gradnorm: 3.295141e+08
iter: 21 error: 2.736527e+04 gradnorm: 1.360718e+08
iter: 22 error: 2.239006e+04 gradnorm: 2.111501e+08
iter: 23 error: 1.996337e+04 gradnorm: 3.630086e+08
iter: 24 error: 1.750584e+04 gradnorm: 7.734288e+07
recon: 1.018239e+00 proj: 6.539478e-01 (5.981748e-01 3.108335e-02 1.484346e-02) backproj: 3.158042e-01 (7.996321e-03 1.565862e-02 2.875425e-01) ctime: 4.838800e-02 wtime: 5.507469e-05
numproj: 49 numback: 25
proj: 5.981748e-01 s (38.502441 GFLOPS) backproj: 2.875425e-01 s (40.865633 GFLOPS) avGFLOPS: 39.269636 totGFLOPS: 39.269636
proj: 139.860291 GB/s back: 140.153560 GB/s av: 139.955499 GB/s tot: 139.955499 GB/s
Total Time: 6.364266e+01
