NUM. THETA             : 750
NUM. RHO               : 512
NUM. X PIXELS          : 512
NUM. Y PIXELS          : 512

NUM. OF PIXELS         : 262144
NUM. OF RAYS           : 384000

NUM. ITERATIONS        : 24

SPATIAL TILE SIZE      : 512
SPECTRAL TILE SIZE     : 512

NUMBER OF X TILES      : 1
NUMBER OF Y TILES      : 1
NUM. OF THETA TILES    : 2
NUM. OF RHO TILES      : 1

NUM. SPATIAL TILES     : 1
NUM. SPECTRAL TILES    : 2

NUM. OF X PIXELS (EXT) : 512
NUM. OF Y PIXELS (EXT) : 512
NUM. OF ANGLES (EXT)   : 1024
NUM. OF RHOS (EXT)     : 512

NUM. OF PIXELS (EXT)   : 262144
NUM. OF RAYS (EXT)     : 524288

NUMBER OF PROCESSES    : 1
NUMBER OF THRD./PROC.  : 1

INTEGER: 4, FLOAT: 4, LONG: 8, SHORT: 2, POINTER: 8
APPROX. MEMORY     TOTAL: 4.394531e+00 GB
APPROX. MEMORY PER PROC.: 4.394531e+00 GB

X START       : -2.560000e+02
Y START       : -2.560000e+02
PIXEL SIZE    : 1.000000e+00
RHO START     : -2.560000e+02
RAY LENGTH    : 1.024000e+03

SPATIAL INDEXING       : 5
SPECTRAL INDEXING      : 5
 1: CARTESIAN, NATURAL
 2: CARTESIAN, TRANSPOSED
 3: MORTON, NATURAL
 4: MORTON, TRANSPOSED
PROJECTION BLOCK SIZE      : 512
BACKPROJECTION BLOCK SIZE  : 512
PROJECTION BUFFER SIZE      : 32 KB
BACKPROJECTION BUFFER SIZE  : 32 KB

SINOGRAM FILE : ./datasets/ADS2_sinogram.bin
   THETA FILE : ./datasets/ADS2_theta.bin
  OUTPUT FILE : ./recon.ADS2.bin


PLACE TILES
lspat 1 lspatdim 1
lspec 2 lspecdim 2
MPI PARTITIONING
proc: 0 numspats: 1 numpixs: 262144 numspecs: 2 numrays: 524288
maxnumpix: 262144 maxnumray: 524288
FILL PIXELS AND RAYS
INPUT THETA DATA
DOMAIN PARTITIONING
myid 0 raynuminc 384000/384000 raynumout 384000/384000

CONSTRUCT PROJECTION MATRIX
CSR STORAGE: 235012166 (1.750977 GB) rownzmax 1022
RAY-TRACING TIME: 1.445088e+01
CONSTRUCT BACKPROJECTION MATRIX
CSR STORAGE: 235012166 (1.750977 GB) rownzmax 1092
TRANSPOSITION TIME: 3.136291e+00

BLOCKING PROJECTION MATRIX
NUMBER OF BLOCKS: 750 BUFFSIZE: 8192
NUMBER OF BUFFERS: 2018 AVERAGE BUFF/BLOCK: 2.690667 MAX BUFF/BLOCK: 4
BUFF MAP: 16531456 (0.061584 GB)
ELLPACK STORAGE: 290514944 (1.623379 GB) buffnzmax: 547 STORAGE EFFICIENCY: 1.213425 DATA REUSE: 17.615025
BLOCKING TIME: 6.533923e+00
BLOCKING BACKPROJECTION MATRIX
NUMBER OF BLOCKS: 512 BUFFSIZE: 8192
NUMBER OF BUFFERS: 1484 AVERAGE BUFF/BLOCK: 2.898438 MAX BUFF/BLOCK: 3
BUFF MAP: 12156928 (0.045288 GB)
ELLPACK STORAGE: 272210944 (1.521097 GB) buffnzmax: 642 STORAGE EFFICIENCY: 1.295019 DATA REUSE: 21.340778
BLOCKING TIME: 6.585787e+00

FILL PROJECTION MATRIX
TIME: 1.348072e+01
FILL BACKPROJECTION MATRIX
TIME: 1.727109e+01
REDUCTION MAPPINGS
PREPROCESSING TIME: 6.146220e+01
myid: 0 device: 0

Device Count: 1
Device 0 name: 1142971616
Computational Capabilities: 3, 7
Maximum global memory size: 11996954624
Maximum constant memory size: 65536
Maximum shared memory size per block: 49152
Maximum block dimensions: 1024x1024x64
Maximum grid dimensions: 2147483647x65535x65535
Maximum threads per block: 1024
Warp size: 32

PROC 0 TOTAL GPU MEMORY: 4.616580 GB
INPUT MEASUREMENT DATA
INPUT ENDS
GRADIENT-DESCENT OPTIMIZATION
iter: 0 error: 1.926907e+09 gradnorm: 4.060025e+14
iter: 1 error: 6.126813e+08 gradnorm: 5.318998e+13
iter: 2 error: 1.166402e+08 gradnorm: 6.856174e+12
iter: 3 error: 3.919634e+07 gradnorm: 1.622332e+12
iter: 4 error: 1.373181e+07 gradnorm: 3.566258e+11
iter: 5 error: 5.038564e+06 gradnorm: 8.950101e+10
iter: 6 error: 2.423485e+06 gradnorm: 4.612008e+10
iter: 7 error: 1.495026e+06 gradnorm: 3.428946e+10
iter: 8 error: 1.270460e+06 gradnorm: 3.484788e+10
iter: 9 error: 7.718554e+05 gradnorm: 9.826633e+09
iter: 10 error: 4.310751e+05 gradnorm: 3.392593e+09
iter: 11 error: 2.958067e+05 gradnorm: 4.502691e+09
iter: 12 error: 2.349994e+05 gradnorm: 2.940861e+09
iter: 13 error: 1.999472e+05 gradnorm: 5.870008e+09
iter: 14 error: 1.525083e+05 gradnorm: 1.477818e+09
iter: 15 error: 1.086118e+05 gradnorm: 6.378201e+08
iter: 16 error: 7.731520e+04 gradnorm: 4.409252e+08
iter: 17 error: 5.428530e+04 gradnorm: 3.459363e+08
iter: 18 error: 4.780566e+04 gradnorm: 1.187582e+09
iter: 19 error: 3.925129e+04 gradnorm: 2.369731e+08
iter: 20 error: 3.190172e+04 gradnorm: 2.852048e+08
iter: 21 error: 2.724570e+04 gradnorm: 1.574196e+08
iter: 22 error: 2.318889e+04 gradnorm: 1.894408e+08
iter: 23 error: 1.826661e+04 gradnorm: 1.357568e+08
iter: 24 error: 1.748680e+04 gradnorm: 1.241141e+08
recon: 1.083462e+00 proj: 6.935456e-01 (6.304519e-01 3.081298e-02 1.904130e-02) backproj: 3.297842e-01 (9.860277e-03 1.516843e-02 3.001922e-01) ctime: 6.003451e-02 wtime: 5.292892e-05
numproj: 49 numback: 25
proj: 6.304519e-01 s (36.531246 GFLOPS) backproj: 3.001922e-01 s (39.143613 GFLOPS) avGFLOPS: 37.373901 totGFLOPS: 37.373901
proj: 140.615902 GB/s back: 140.068034 GB/s av: 140.439180 GB/s tot: 140.439180 GB/s
Total Time: 6.339128e+01
