NUM. THETA             : 360
NUM. RHO               : 256
NUM. X PIXELS          : 256
NUM. Y PIXELS          : 256

NUM. OF PIXELS         : 65536
NUM. OF RAYS           : 92160

NUM. ITERATIONS        : 24

SPATIAL TILE SIZE      : 128
SPECTRAL TILE SIZE     : 128

NUMBER OF X TILES      : 2
NUMBER OF Y TILES      : 2
NUM. OF THETA TILES    : 3
NUM. OF RHO TILES      : 2

NUM. SPATIAL TILES     : 4
NUM. SPECTRAL TILES    : 6

NUM. OF X PIXELS (EXT) : 256
NUM. OF Y PIXELS (EXT) : 256
NUM. OF ANGLES (EXT)   : 384
NUM. OF RHOS (EXT)     : 256

NUM. OF PIXELS (EXT)   : 65536
NUM. OF RAYS (EXT)     : 98304

NUMBER OF PROCESSES    : 1
NUMBER OF THRD./PROC.  : 1

INTEGER: 4, FLOAT: 4, LONG: 8, SHORT: 2, POINTER: 8
APPROX. MEMORY     TOTAL: 5.273438e-01 GB
APPROX. MEMORY PER PROC.: 5.273438e-01 GB

X START       : -1.280000e+02
Y START       : -1.280000e+02
PIXEL SIZE    : 1.000000e+00
RHO START     : -1.280000e+02
RAY LENGTH    : 5.120000e+02

SPATIAL INDEXING       : 5
SPECTRAL INDEXING      : 5
 1: CARTESIAN, NATURAL
 2: CARTESIAN, TRANSPOSED
 3: MORTON, NATURAL
 4: MORTON, TRANSPOSED
PROJECTION BLOCK SIZE      : 256
BACKPROJECTION BLOCK SIZE  : 256
PROJECTION BUFFER SIZE      : 48 KB
BACKPROJECTION BUFFER SIZE  : 48 KB

SINOGRAM FILE : ./datasets/ADS1_sinogram.bin
   THETA FILE : ./datasets/ADS1_theta.bin
  OUTPUT FILE : ./recon.ADS1.bin


PLACE TILES
lspat 2 lspatdim 2
lspec 3 lspecdim 4
MPI PARTITIONING
proc: 0 numspats: 4 numpixs: 65536 numspecs: 6 numrays: 98304
maxnumpix: 65536 maxnumray: 98304
FILL PIXELS AND RAYS
INPUT THETA DATA
DOMAIN PARTITIONING
myid 0 raynuminc 92160/92160 raynumout 92160/92160

CONSTRUCT PROJECTION MATRIX
CSR STORAGE: 28200745 (0.210112 GB) rownzmax 511
RAY-TRACING TIME: 1.585943e+00
CONSTRUCT BACKPROJECTION MATRIX
CSR STORAGE: 28200745 (0.210112 GB) rownzmax 524
TRANSPOSITION TIME: 3.621182e-01

BLOCKING PROJECTION MATRIX
NUMBER OF BLOCKS: 360 BUFFSIZE: 12288
NUMBER OF BUFFERS: 360 AVERAGE BUFF/BLOCK: 1.000000 MAX BUFF/BLOCK: 1
BUFF MAP: 4423680 (0.016479 GB)
ELLPACK STORAGE: 30590464 (0.170938 GB) buffnzmax: 511 STORAGE EFFICIENCY: 1.382820 DATA REUSE: 13.066523
BLOCKING TIME: 3.760743e-01
BLOCKING BACKPROJECTION MATRIX
NUMBER OF BLOCKS: 256 BUFFSIZE: 12288
NUMBER OF BUFFERS: 256 AVERAGE BUFF/BLOCK: 1.000000 MAX BUFF/BLOCK: 1
BUFF MAP: 3145728 (0.011719 GB)
ELLPACK STORAGE: 30495232 (0.170405 GB) buffnzmax: 524 STORAGE EFFICIENCY: 1.387139 DATA REUSE: 16.010815
BLOCKING TIME: 4.571090e-01

FILL PROJECTION MATRIX
TIME: 1.421017e+00
FILL BACKPROJECTION MATRIX
TIME: 1.887720e+00
REDUCTION MAPPINGS
PREPROCESSING TIME: 6.090913e+00
myid: 0 device: 0

Device Count: 1
Device 0 name: -498588096
Computational Capabilities: 3, 7
Maximum global memory size: 11996954624
Maximum constant memory size: 65536
Maximum shared memory size per block: 49152
Maximum block dimensions: 1024x1024x64
Maximum grid dimensions: 2147483647x65535x65535
Maximum threads per block: 1024
Warp size: 32

PROC 0 TOTAL GPU MEMORY: 0.518968 GB
INPUT MEASUREMENT DATA
INPUT ENDS
GRADIENT-DESCENT OPTIMIZATION
iter: 0 error: 2.235914e+08 gradnorm: 1.319800e+13
iter: 1 error: 5.746494e+07 gradnorm: 1.082424e+12
iter: 2 error: 7.825020e+06 gradnorm: 8.191635e+10
iter: 3 error: 1.580176e+06 gradnorm: 8.642813e+09
iter: 4 error: 5.867926e+05 gradnorm: 3.843745e+09
iter: 5 error: 3.011416e+05 gradnorm: 1.508406e+09
iter: 6 error: 2.159033e+05 gradnorm: 3.461360e+09
iter: 7 error: 1.176705e+05 gradnorm: 2.571070e+08
iter: 8 error: 5.118544e+04 gradnorm: 1.333327e+08
iter: 9 error: 3.220229e+04 gradnorm: 5.881831e+07
iter: 10 error: 1.954097e+04 gradnorm: 4.842425e+07
iter: 11 error: 1.702499e+04 gradnorm: 1.256344e+08
iter: 12 error: 1.147072e+04 gradnorm: 1.591343e+07
iter: 13 error: 7.449835e+03 gradnorm: 1.055155e+07
iter: 14 error: 5.792773e+03 gradnorm: 1.808467e+07
iter: 15 error: 4.640395e+03 gradnorm: 8.423108e+06
iter: 16 error: 3.724994e+03 gradnorm: 7.568027e+06
iter: 17 error: 3.105898e+03 gradnorm: 1.140207e+07
iter: 18 error: 2.878846e+03 gradnorm: 4.459948e+06
iter: 19 error: 2.251094e+03 gradnorm: 2.341973e+06
iter: 20 error: 1.827146e+03 gradnorm: 3.609278e+06
iter: 21 error: 1.467798e+03 gradnorm: 1.130390e+06
iter: 22 error: 1.141982e+03 gradnorm: 1.145090e+06
iter: 23 error: 1.109062e+03 gradnorm: 1.579906e+06
iter: 24 error: 8.643900e+02 gradnorm: 5.227925e+05
recon: 2.209945e-01 proj: 1.411736e-01 (1.247172e-01 8.335114e-03 4.647255e-03) backproj: 6.712317e-02 (2.499819e-03 4.086018e-03 5.890675e-02) ctime: 1.262283e-02 wtime: 4.053116e-05
numproj: 49 numback: 25
proj: 1.247172e-01 s (22.159521 GFLOPS) backproj: 5.890675e-02 s (23.936768 GFLOPS) avGFLOPS: 22.729663 totGFLOPS: 22.729663
proj: 79.063986 GB/s back: 82.993163 GB/s av: 80.324470 GB/s tot: 80.324470 GB/s
Total Time: 6.580786e+00
