NUM. THETA             : 750
NUM. RHO               : 512
NUM. X PIXELS          : 512
NUM. Y PIXELS          : 512

NUM. OF PIXELS         : 262144
NUM. OF RAYS           : 384000

NUM. ITERATIONS        : 24

SPATIAL TILE SIZE      : 256
SPECTRAL TILE SIZE     : 256

NUMBER OF X TILES      : 2
NUMBER OF Y TILES      : 2
NUM. OF THETA TILES    : 3
NUM. OF RHO TILES      : 2

NUM. SPATIAL TILES     : 4
NUM. SPECTRAL TILES    : 6

NUM. OF X PIXELS (EXT) : 512
NUM. OF Y PIXELS (EXT) : 512
NUM. OF ANGLES (EXT)   : 768
NUM. OF RHOS (EXT)     : 512

NUM. OF PIXELS (EXT)   : 262144
NUM. OF RAYS (EXT)     : 393216

NUMBER OF PROCESSES    : 1
NUMBER OF THRD./PROC.  : 1

INTEGER: 4, FLOAT: 4, LONG: 8, SHORT: 2, POINTER: 8
APPROX. MEMORY     TOTAL: 4.394531e+00 GB
APPROX. MEMORY PER PROC.: 4.394531e+00 GB

X START       : -2.560000e+02
Y START       : -2.560000e+02
PIXEL SIZE    : 1.000000e+00
RHO START     : -2.560000e+02
RAY LENGTH    : 1.024000e+03

SPATIAL INDEXING       : 5
SPECTRAL INDEXING      : 5
 1: CARTESIAN, NATURAL
 2: CARTESIAN, TRANSPOSED
 3: MORTON, NATURAL
 4: MORTON, TRANSPOSED
PROJECTION BLOCK SIZE      : 512
BACKPROJECTION BLOCK SIZE  : 512
PROJECTION BUFFER SIZE      : 48 KB
BACKPROJECTION BUFFER SIZE  : 48 KB

SINOGRAM FILE : ./datasets/ADS2_sinogram.bin
   THETA FILE : ./datasets/ADS2_theta.bin
  OUTPUT FILE : ./recon.ADS2.bin


PLACE TILES
lspat 2 lspatdim 2
lspec 3 lspecdim 4
MPI PARTITIONING
proc: 0 numspats: 4 numpixs: 262144 numspecs: 6 numrays: 393216
maxnumpix: 262144 maxnumray: 393216
FILL PIXELS AND RAYS
INPUT THETA DATA
DOMAIN PARTITIONING
myid 0 raynuminc 384000/384000 raynumout 384000/384000

CONSTRUCT PROJECTION MATRIX
CSR STORAGE: 235012144 (1.750977 GB) rownzmax 1022
RAY-TRACING TIME: 1.398359e+01
CONSTRUCT BACKPROJECTION MATRIX
CSR STORAGE: 235012144 (1.750977 GB) rownzmax 1092
TRANSPOSITION TIME: 3.196267e+00

BLOCKING PROJECTION MATRIX
NUMBER OF BLOCKS: 750 BUFFSIZE: 12288
NUMBER OF BUFFERS: 1400 AVERAGE BUFF/BLOCK: 1.866667 MAX BUFF/BLOCK: 3
BUFF MAP: 17203200 (0.064087 GB)
ELLPACK STORAGE: 271881728 (1.519258 GB) buffnzmax: 651 STORAGE EFFICIENCY: 1.296587 DATA REUSE: 17.648565
BLOCKING TIME: 6.532034e+00
BLOCKING BACKPROJECTION MATRIX
NUMBER OF BLOCKS: 512 BUFFSIZE: 12288
NUMBER OF BUFFERS: 1020 AVERAGE BUFF/BLOCK: 1.992188 MAX BUFF/BLOCK: 2
BUFF MAP: 12533760 (0.046692 GB)
ELLPACK STORAGE: 260745728 (1.457030 GB) buffnzmax: 737 STORAGE EFFICIENCY: 1.351962 DATA REUSE: 21.340776
BLOCKING TIME: 6.579345e+00

FILL PROJECTION MATRIX
TIME: 1.316469e+01
FILL BACKPROJECTION MATRIX
TIME: 1.724691e+01
REDUCTION MAPPINGS
PREPROCESSING TIME: 6.070570e+01
myid: 0 device: 0

Device Count: 1
Device 0 name: -511309248
Computational Capabilities: 3, 7
Maximum global memory size: 11996954624
Maximum constant memory size: 65536
Maximum shared memory size per block: 49152
Maximum block dimensions: 1024x1024x64
Maximum grid dimensions: 2147483647x65535x65535
Maximum threads per block: 1024
Warp size: 32

PROC 0 TOTAL GPU MEMORY: 4.379982 GB
INPUT MEASUREMENT DATA
INPUT ENDS
GRADIENT-DESCENT OPTIMIZATION
iter: 0 error: 1.926956e+09 gradnorm: 4.060025e+14
iter: 1 error: 6.126874e+08 gradnorm: 5.319048e+13
iter: 2 error: 1.166397e+08 gradnorm: 6.856461e+12
iter: 3 error: 3.920001e+07 gradnorm: 1.622410e+12
iter: 4 error: 1.373147e+07 gradnorm: 3.566099e+11
iter: 5 error: 5.040320e+06 gradnorm: 9.000760e+10
iter: 6 error: 2.543922e+06 gradnorm: 8.348607e+10
iter: 7 error: 2.084413e+06 gradnorm: 5.847922e+10
iter: 8 error: 1.328481e+06 gradnorm: 2.005059e+10
iter: 9 error: 7.720446e+05 gradnorm: 9.764104e+09
iter: 10 error: 4.308239e+05 gradnorm: 3.359046e+09
iter: 11 error: 2.906051e+05 gradnorm: 4.310679e+09
iter: 12 error: 2.424310e+05 gradnorm: 4.742838e+09
iter: 13 error: 2.102935e+05 gradnorm: 3.551356e+09
iter: 14 error: 1.523738e+05 gradnorm: 1.464858e+09
iter: 15 error: 1.086188e+05 gradnorm: 6.381967e+08
iter: 16 error: 7.731878e+04 gradnorm: 4.408739e+08
iter: 17 error: 5.424823e+04 gradnorm: 3.300898e+08
iter: 18 error: 4.548971e+04 gradnorm: 1.166433e+09
iter: 19 error: 3.932270e+04 gradnorm: 2.623475e+08
iter: 20 error: 3.300265e+04 gradnorm: 3.251070e+08
iter: 21 error: 2.751317e+04 gradnorm: 1.443085e+08
iter: 22 error: 2.310281e+04 gradnorm: 1.824107e+08
iter: 23 error: 1.832195e+04 gradnorm: 1.576540e+08
iter: 24 error: 1.750869e+04 gradnorm: 1.117110e+08
recon: 1.025010e+00 proj: 6.533070e-01 (5.953638e-01 3.237891e-02 1.495957e-02) backproj: 3.172226e-01 (7.830381e-03 1.606321e-02 2.885610e-01) ctime: 5.431795e-02 wtime: 1.082420e-04
numproj: 49 numback: 25
proj: 5.953638e-01 s (38.684227 GFLOPS) backproj: 2.885610e-01 s (40.721394 GFLOPS) avGFLOPS: 39.349269 totGFLOPS: 39.349269
proj: 139.922934 GB/s back: 139.884572 GB/s av: 139.910410 GB/s tot: 139.910410 GB/s
Total Time: 6.259895e+01
