NUM. THETA             : 750
NUM. RHO               : 512
NUM. X PIXELS          : 512
NUM. Y PIXELS          : 512

NUM. OF PIXELS         : 262144
NUM. OF RAYS           : 384000

NUM. ITERATIONS        : 24

SPATIAL TILE SIZE      : 128
SPECTRAL TILE SIZE     : 128

NUMBER OF X TILES      : 4
NUMBER OF Y TILES      : 4
NUM. OF THETA TILES    : 6
NUM. OF RHO TILES      : 4

NUM. SPATIAL TILES     : 16
NUM. SPECTRAL TILES    : 24

NUM. OF X PIXELS (EXT) : 512
NUM. OF Y PIXELS (EXT) : 512
NUM. OF ANGLES (EXT)   : 768
NUM. OF RHOS (EXT)     : 512

NUM. OF PIXELS (EXT)   : 262144
NUM. OF RAYS (EXT)     : 393216

NUMBER OF PROCESSES    : 1
NUMBER OF THRD./PROC.  : 1

INTEGER: 4, FLOAT: 4, LONG: 8, SHORT: 2, POINTER: 8
APPROX. MEMORY     TOTAL: 4.394531e+00 GB
APPROX. MEMORY PER PROC.: 4.394531e+00 GB

X START       : -2.560000e+02
Y START       : -2.560000e+02
PIXEL SIZE    : 1.000000e+00
RHO START     : -2.560000e+02
RAY LENGTH    : 1.024000e+03

SPATIAL INDEXING       : 5
SPECTRAL INDEXING      : 5
 1: CARTESIAN, NATURAL
 2: CARTESIAN, TRANSPOSED
 3: MORTON, NATURAL
 4: MORTON, TRANSPOSED
PROJECTION BLOCK SIZE      : 128
BACKPROJECTION BLOCK SIZE  : 128
PROJECTION BUFFER SIZE      : 48 KB
BACKPROJECTION BUFFER SIZE  : 48 KB

SINOGRAM FILE : ./datasets/ADS2_sinogram.bin
   THETA FILE : ./datasets/ADS2_theta.bin
  OUTPUT FILE : ./recon.ADS2.bin


PLACE TILES
lspat 4 lspatdim 4
lspec 6 lspecdim 8
MPI PARTITIONING
proc: 0 numspats: 16 numpixs: 262144 numspecs: 24 numrays: 393216
maxnumpix: 262144 maxnumray: 393216
FILL PIXELS AND RAYS
INPUT THETA DATA
DOMAIN PARTITIONING
myid 0 raynuminc 384000/384000 raynumout 384000/384000

CONSTRUCT PROJECTION MATRIX
CSR STORAGE: 235012144 (1.750977 GB) rownzmax 1022
RAY-TRACING TIME: 1.378411e+01
CONSTRUCT BACKPROJECTION MATRIX
CSR STORAGE: 235012144 (1.750977 GB) rownzmax 1092
TRANSPOSITION TIME: 3.210129e+00

BLOCKING PROJECTION MATRIX
NUMBER OF BLOCKS: 3000 BUFFSIZE: 12288
NUMBER OF BUFFERS: 3192 AVERAGE BUFF/BLOCK: 1.064000 MAX BUFF/BLOCK: 2
BUFF MAP: 39223296 (0.146118 GB)
ELLPACK STORAGE: 243461248 (1.360446 GB) buffnzmax: 1008 STORAGE EFFICIENCY: 1.447944 DATA REUSE: 8.919461
BLOCKING TIME: 4.665571e+00
BLOCKING BACKPROJECTION MATRIX
NUMBER OF BLOCKS: 2048 BUFFSIZE: 12288
NUMBER OF BUFFERS: 2048 AVERAGE BUFF/BLOCK: 1.000000 MAX BUFF/BLOCK: 1
BUFF MAP: 25165824 (0.093750 GB)
ELLPACK STORAGE: 244669184 (1.367196 GB) buffnzmax: 1092 STORAGE EFFICIENCY: 1.440795 DATA REUSE: 10.667567
BLOCKING TIME: 6.001233e+00

FILL PROJECTION MATRIX
TIME: 1.267989e+01
FILL BACKPROJECTION MATRIX
TIME: 1.598871e+01
REDUCTION MAPPINGS
PREPROCESSING TIME: 5.633286e+01
myid: 0 device: 0

Device Count: 1
Device 0 name: -491114240
Computational Capabilities: 3, 7
Maximum global memory size: 11996954624
Maximum constant memory size: 65536
Maximum shared memory size per block: 49152
Maximum block dimensions: 1024x1024x64
Maximum grid dimensions: 2147483647x65535x65535
Maximum threads per block: 1024
Warp size: 32

PROC 0 TOTAL GPU MEMORY: 4.162641 GB
INPUT MEASUREMENT DATA
INPUT ENDS
GRADIENT-DESCENT OPTIMIZATION
iter: 0 error: 1.926915e+09 gradnorm: 4.060025e+14
iter: 1 error: 6.126890e+08 gradnorm: 5.319066e+13
iter: 2 error: 1.166408e+08 gradnorm: 6.856263e+12
iter: 3 error: 3.920062e+07 gradnorm: 1.622457e+12
iter: 4 error: 1.373126e+07 gradnorm: 3.566017e+11
iter: 5 error: 5.040232e+06 gradnorm: 8.995264e+10
iter: 6 error: 2.530899e+06 gradnorm: 7.963575e+10
iter: 7 error: 2.074880e+06 gradnorm: 6.034805e+10
iter: 8 error: 1.328417e+06 gradnorm: 2.007114e+10
iter: 9 error: 7.720595e+05 gradnorm: 9.767458e+09
iter: 10 error: 4.310843e+05 gradnorm: 3.392442e+09
iter: 11 error: 2.958012e+05 gradnorm: 4.504749e+09
iter: 12 error: 2.351462e+05 gradnorm: 2.977057e+09
iter: 13 error: 2.009070e+05 gradnorm: 5.773126e+09
iter: 14 error: 1.525228e+05 gradnorm: 1.474685e+09
iter: 15 error: 1.086196e+05 gradnorm: 6.377968e+08
iter: 16 error: 7.731793e+04 gradnorm: 4.417105e+08
iter: 17 error: 5.504677e+04 gradnorm: 5.964627e+08
iter: 18 error: 5.171075e+04 gradnorm: 5.109738e+08
iter: 19 error: 3.912125e+04 gradnorm: 2.193905e+08
iter: 20 error: 3.104635e+04 gradnorm: 2.606538e+08
iter: 21 error: 2.704855e+04 gradnorm: 1.566949e+08
iter: 22 error: 2.248581e+04 gradnorm: 1.925472e+08
iter: 23 error: 1.819427e+04 gradnorm: 1.364348e+08
iter: 24 error: 1.738368e+04 gradnorm: 1.296805e+08
recon: 2.097681e+00 proj: 1.401728e+00 (1.346565e+00 3.063703e-02 1.482654e-02) backproj: 6.449609e-01 (7.756948e-03 1.548839e-02 6.170867e-01) ctime: 5.088282e-02 wtime: 6.294250e-05
numproj: 49 numback: 25
proj: 1.346565e+00 s (17.103666 GFLOPS) backproj: 6.170867e-01 s (19.042068 GFLOPS) avGFLOPS: 17.712818 totGFLOPS: 17.712818
proj: 58.864888 GB/s back: 63.551781 GB/s av: 60.337766 GB/s tot: 60.337766 GB/s
Total Time: 5.943749e+01
