NUM. THETA             : 360
NUM. RHO               : 256
NUM. X PIXELS          : 256
NUM. Y PIXELS          : 256

NUM. OF PIXELS         : 65536
NUM. OF RAYS           : 92160

NUM. ITERATIONS        : 24

SPATIAL TILE SIZE      : 16
SPECTRAL TILE SIZE     : 16

NUMBER OF X TILES      : 16
NUMBER OF Y TILES      : 16
NUM. OF THETA TILES    : 23
NUM. OF RHO TILES      : 16

NUM. SPATIAL TILES     : 256
NUM. SPECTRAL TILES    : 368

NUM. OF X PIXELS (EXT) : 256
NUM. OF Y PIXELS (EXT) : 256
NUM. OF ANGLES (EXT)   : 368
NUM. OF RHOS (EXT)     : 256

NUM. OF PIXELS (EXT)   : 65536
NUM. OF RAYS (EXT)     : 94208

NUMBER OF PROCESSES    : 1
NUMBER OF THRD./PROC.  : 12

INTEGER: 4, FLOAT: 4, LONG: 8, SHORT: 2, POINTER: 8
APPROX. MEMORY     TOTAL: 5.273438e-01 GB
APPROX. MEMORY PER PROC.: 5.273438e-01 GB

X START       : -1.280000e+02
Y START       : -1.280000e+02
PIXEL SIZE    : 1.000000e+00
RHO START     : -1.280000e+02
RAY LENGTH    : 5.120000e+02

SPATIAL INDEXING       : 5
SPECTRAL INDEXING      : 5
 1: CARTESIAN, NATURAL
 2: CARTESIAN, TRANSPOSED
 3: MORTON, NATURAL
 4: MORTON, TRANSPOSED
 5: HILBERT
PROJECTION BLOCK SIZE      : 128
BACKPROJECTION BLOCK SIZE  : 128
PROJECTION BUFFER SIZE      : 8 KB
BACKPROJECTION BUFFER SIZE  : 8 KB

SINOGRAM FILE : ../../../../datasets/ADS1_sinogram.bin
   THETA FILE : ../../../../datasets/ADS1_theta.bin
  OUTPUT FILE : ../../output/single_cpu/gorgon0/12.ADS1.16.16.128.128.8.8.bin


PLACE TILES
lspat 16 lspatdim 16
lspec 23 lspecdim 32
MPI PARTITIONING
proc: 0 numspats: 256 numpixs: 65536 numspecs: 368 numrays: 94208
maxnumpix: 65536 maxnumray: 94208
FILL PIXELS AND RAYS
INPUT THETA DATA
DOMAIN PARTITIONING

CONSTRUCT PROJECTION MATRIX
CSR STORAGE: 28200752 (0.210112 GB) rownzmax 511
RAY-TRACING TIME: 4.907281e+00
CONSTRUCT BACKPROJECTION MATRIX
CSR STORAGE: 28200752 (0.210112 GB) rownzmax 524
TRANSPOSITION TIME: 3.612614e-02

BLOCKING PROJECTION MATRIX
NUMBER OF BLOCKS: 720 BUFFSIZE: 2048
NUMBER OF BUFFERS: 1846 AVERAGE BUFF/BLOCK: 2.563889 MAX BUFF/BLOCK: 4
BUFFER MAP: 2899000 (0.010800 GB)
CSR STORAGE: 28200752 (0.157584 GB) buffnzmax: 265 STORAGE EFFICIENCY: 1.500000 DATA REUSE: 9.727752
BLOCKING TIME: 4.912615e-02
BLOCKING BACKPROJECTION MATRIX
NUMBER OF BLOCKS: 512 BUFFSIZE: 2048
NUMBER OF BUFFERS: 1468 AVERAGE BUFF/BLOCK: 2.867188 MAX BUFF/BLOCK: 3
BUFFER MAP: 2642958 (0.009846 GB)
CSR STORAGE: 28200752 (0.157584 GB) buffnzmax: 279 STORAGE EFFICIENCY: 1.500000 DATA REUSE: 10.670148
BLOCKING TIME: 4.647589e-02

FILL PROJECTION MATRIX
TIME: 1.135218e-01
FILL BACKPROJECTION MATRIX
TIME: 1.362410e-01
REDUCTION MAPPINGS
PREPROCESSING TIME: 5.289548e+00
INPUT MEASUREMENT DATA
INPUT ENDS
GRADIENT-DESCENT OPTIMIZATION
iter: 0 error: 2.235911e+08 gradnorm: 1.319810e+13
iter: 1 error: 5.746498e+07 gradnorm: 1.082450e+12
iter: 2 error: 7.825114e+06 gradnorm: 8.191752e+10
iter: 3 error: 1.580174e+06 gradnorm: 8.642855e+09
iter: 4 error: 5.867170e+05 gradnorm: 3.836434e+09
iter: 5 error: 2.986113e+05 gradnorm: 1.314316e+09
iter: 6 error: 1.238277e+05 gradnorm: 2.682559e+08
iter: 7 error: 5.677339e+04 gradnorm: 3.270606e+08
iter: 8 error: 5.011857e+04 gradnorm: 2.068831e+08
iter: 9 error: 3.220119e+04 gradnorm: 5.891906e+07
iter: 10 error: 1.943892e+04 gradnorm: 4.016524e+07
iter: 11 error: 1.184953e+04 gradnorm: 1.640398e+07
iter: 12 error: 7.647726e+03 gradnorm: 1.020208e+07
iter: 13 error: 5.464499e+03 gradnorm: 1.330610e+07
iter: 14 error: 4.680043e+03 gradnorm: 9.513355e+06
iter: 15 error: 3.595221e+03 gradnorm: 1.416403e+07
iter: 16 error: 3.344398e+03 gradnorm: 4.758872e+06
iter: 17 error: 2.474870e+03 gradnorm: 2.074316e+06
iter: 18 error: 1.745122e+03 gradnorm: 1.674364e+06
iter: 19 error: 1.483860e+03 gradnorm: 2.537914e+06
iter: 20 error: 1.224647e+03 gradnorm: 9.350378e+05
iter: 21 error: 1.159516e+03 gradnorm: 3.792107e+06
iter: 22 error: 9.390441e+02 gradnorm: 7.397115e+05
iter: 23 error: 8.355068e+02 gradnorm: 1.034126e+06
iter: 24 error: 6.891437e+02 gradnorm: 4.458357e+05
recon: 2.733910e-01 proj: 1.827629e-01 (1.769249e-01 4.119158e-03 1.697063e-03) backproj: 8.770323e-02 (4.827976e-04 1.166344e-03 8.604193e-02) ctime: 2.763510e-03 wtime: 1.180172e-04
numproj: 49 numback: 25
proj: 1.769249e-01 s (15.620600 GFLOPS) backproj: 8.604193e-02 s (16.387797 GFLOPS) avGFLOPS: 15.871624 totGFLOPS: 15.871624
proj: 50.073353 GB/s back: 52.235099 GB/s av: 50.780669 GB/s tot: 50.780669 GB/s
Total Time: 5.742248e+00
