NUM. THETA             : 750
NUM. RHO               : 512
NUM. X PIXELS          : 512
NUM. Y PIXELS          : 512

NUM. OF PIXELS         : 262144
NUM. OF RAYS           : 384000

NUM. ITERATIONS        : 24

SPATIAL TILE SIZE      : 16
SPECTRAL TILE SIZE     : 16

NUMBER OF X TILES      : 32
NUMBER OF Y TILES      : 32
NUM. OF THETA TILES    : 47
NUM. OF RHO TILES      : 32

NUM. SPATIAL TILES     : 1024
NUM. SPECTRAL TILES    : 1504

NUM. OF X PIXELS (EXT) : 512
NUM. OF Y PIXELS (EXT) : 512
NUM. OF ANGLES (EXT)   : 752
NUM. OF RHOS (EXT)     : 512

NUM. OF PIXELS (EXT)   : 262144
NUM. OF RAYS (EXT)     : 385024

NUMBER OF PROCESSES    : 1
NUMBER OF THRD./PROC.  : 12

INTEGER: 4, FLOAT: 4, LONG: 8, SHORT: 2, POINTER: 8
APPROX. MEMORY     TOTAL: 4.394531e+00 GB
APPROX. MEMORY PER PROC.: 4.394531e+00 GB

X START       : -2.560000e+02
Y START       : -2.560000e+02
PIXEL SIZE    : 1.000000e+00
RHO START     : -2.560000e+02
RAY LENGTH    : 1.024000e+03

SPATIAL INDEXING       : 5
SPECTRAL INDEXING      : 5
 1: CARTESIAN, NATURAL
 2: CARTESIAN, TRANSPOSED
 3: MORTON, NATURAL
 4: MORTON, TRANSPOSED
 5: HILBERT
PROJECTION BLOCK SIZE      : 128
BACKPROJECTION BLOCK SIZE  : 128
PROJECTION BUFFER SIZE      : 8 KB
BACKPROJECTION BUFFER SIZE  : 8 KB

SINOGRAM FILE : ../../../../datasets/ADS2_sinogram.bin
   THETA FILE : ../../../../datasets/ADS2_theta.bin
  OUTPUT FILE : ../../output/single_cpu/gorgon0/12.ADS2.16.16.128.128.8.8.bin


PLACE TILES
lspat 32 lspatdim 32
lspec 47 lspecdim 64
MPI PARTITIONING
proc: 0 numspats: 1024 numpixs: 262144 numspecs: 1504 numrays: 385024
maxnumpix: 262144 maxnumray: 385024
FILL PIXELS AND RAYS
INPUT THETA DATA
DOMAIN PARTITIONING

CONSTRUCT PROJECTION MATRIX
CSR STORAGE: 235012096 (1.750977 GB) rownzmax 1022
RAY-TRACING TIME: 8.015578e+01
CONSTRUCT BACKPROJECTION MATRIX
CSR STORAGE: 235012096 (1.750977 GB) rownzmax 1092
TRANSPOSITION TIME: 2.891622e-01

BLOCKING PROJECTION MATRIX
NUMBER OF BLOCKS: 3000 BUFFSIZE: 2048
NUMBER OF BUFFERS: 13344 AVERAGE BUFF/BLOCK: 4.448000 MAX BUFF/BLOCK: 7
BUFFER MAP: 23751039 (0.088480 GB)
CSR STORAGE: 235012096 (1.313232 GB) buffnzmax: 334 STORAGE EFFICIENCY: 1.500000 DATA REUSE: 9.894813
BLOCKING TIME: 4.176700e-01
BLOCKING BACKPROJECTION MATRIX
NUMBER OF BLOCKS: 2048 BUFFSIZE: 2048
NUMBER OF BUFFERS: 11664 AVERAGE BUFF/BLOCK: 5.695312 MAX BUFF/BLOCK: 6
BUFFER MAP: 22030524 (0.082070 GB)
CSR STORAGE: 235012096 (1.313232 GB) buffnzmax: 465 STORAGE EFFICIENCY: 1.500000 DATA REUSE: 10.667567
BLOCKING TIME: 3.897679e-01

FILL PROJECTION MATRIX
TIME: 9.452860e-01
FILL BACKPROJECTION MATRIX
TIME: 1.103656e+00
REDUCTION MAPPINGS
PREPROCESSING TIME: 8.330380e+01
INPUT MEASUREMENT DATA
INPUT ENDS
GRADIENT-DESCENT OPTIMIZATION
iter: 0 error: 1.926988e+09 gradnorm: 4.059982e+14
iter: 1 error: 6.127064e+08 gradnorm: 5.319138e+13
iter: 2 error: 1.166512e+08 gradnorm: 6.856447e+12
iter: 3 error: 3.920477e+07 gradnorm: 1.622128e+12
iter: 4 error: 1.373284e+07 gradnorm: 3.565773e+11
iter: 5 error: 5.039980e+06 gradnorm: 8.951247e+10
iter: 6 error: 2.422938e+06 gradnorm: 4.574482e+10
iter: 7 error: 1.452608e+06 gradnorm: 2.152823e+10
iter: 8 error: 8.898551e+05 gradnorm: 2.771696e+10
iter: 9 error: 7.614338e+05 gradnorm: 1.293918e+10
iter: 10 error: 4.303360e+05 gradnorm: 3.288403e+09
iter: 11 error: 2.741978e+05 gradnorm: 2.446216e+09
iter: 12 error: 1.877758e+05 gradnorm: 1.700547e+09
iter: 13 error: 1.228860e+05 gradnorm: 7.447936e+08
iter: 14 error: 8.789092e+04 gradnorm: 5.980868e+08
iter: 15 error: 7.363991e+04 gradnorm: 8.992854e+08
iter: 16 error: 5.590674e+04 gradnorm: 3.605955e+08
iter: 17 error: 4.742131e+04 gradnorm: 1.298204e+09
iter: 18 error: 4.005453e+04 gradnorm: 2.180429e+08
iter: 19 error: 2.957837e+04 gradnorm: 1.151536e+08
iter: 20 error: 2.177559e+04 gradnorm: 9.978926e+07
iter: 21 error: 1.678944e+04 gradnorm: 6.214324e+07
iter: 22 error: 1.301437e+04 gradnorm: 8.867716e+07
iter: 23 error: 1.251537e+04 gradnorm: 7.803848e+07
iter: 24 error: 1.046912e+04 gradnorm: 6.878342e+07
recon: 2.075853e+00 proj: 1.388206e+00 (1.362824e+00 1.963639e-02 5.727530e-03) backproj: 6.813731e-01 (1.132965e-03 4.419088e-03 6.758120e-01) ctime: 6.038904e-03 wtime: 1.711845e-04
numproj: 49 numback: 25
proj: 1.362824e+00 s (16.899598 GFLOPS) backproj: 6.758120e-01 s (17.387387 GFLOPS) avGFLOPS: 17.061301 totGFLOPS: 17.061301
proj: 54.114644 GB/s back: 55.422020 GB/s av: 54.548042 GB/s tot: 54.548042 GB/s
Total Time: 8.684665e+01
