NUM. THETA             : 360
NUM. RHO               : 256
NUM. X PIXELS          : 256
NUM. Y PIXELS          : 256

NUM. OF PIXELS         : 65536
NUM. OF RAYS           : 92160

NUM. ITERATIONS        : 24

SPATIAL TILE SIZE      : 128
SPECTRAL TILE SIZE     : 128

NUMBER OF X TILES      : 2
NUMBER OF Y TILES      : 2
NUM. OF THETA TILES    : 3
NUM. OF RHO TILES      : 2

NUM. SPATIAL TILES     : 4
NUM. SPECTRAL TILES    : 6

NUM. OF X PIXELS (EXT) : 256
NUM. OF Y PIXELS (EXT) : 256
NUM. OF ANGLES (EXT)   : 384
NUM. OF RHOS (EXT)     : 256

NUM. OF PIXELS (EXT)   : 65536
NUM. OF RAYS (EXT)     : 98304

NUMBER OF PROCESSES    : 1
NUMBER OF THRD./PROC.  : 24

INTEGER: 4, FLOAT: 4, LONG: 8, SHORT: 2, POINTER: 8
APPROX. MEMORY     TOTAL: 5.273438e-01 GB
APPROX. MEMORY PER PROC.: 5.273438e-01 GB

X START       : -1.280000e+02
Y START       : -1.280000e+02
PIXEL SIZE    : 1.000000e+00
RHO START     : -1.280000e+02
RAY LENGTH    : 5.120000e+02

SPATIAL INDEXING       : 5
SPECTRAL INDEXING      : 5
 1: CARTESIAN, NATURAL
 2: CARTESIAN, TRANSPOSED
 3: MORTON, NATURAL
 4: MORTON, TRANSPOSED
PROJECTION BLOCK SIZE      : 512
BACKPROJECTION BLOCK SIZE  : 512
PROJECTION BUFFER SIZE      : 48 KB
BACKPROJECTION BUFFER SIZE  : 48 KB

SINOGRAM FILE : ../../../../datasets/ADS1_sinogram.bin
   THETA FILE : ../../../../datasets/ADS1_theta.bin
  OUTPUT FILE : ./recon.ADS1.bin


PLACE TILES
lspat 2 lspatdim 2
lspec 3 lspecdim 4
MPI PARTITIONING
proc: 0 numspats: 4 numpixs: 65536 numspecs: 6 numrays: 98304
maxnumpix: 65536 maxnumray: 98304
FILL PIXELS AND RAYS
INPUT THETA DATA
DOMAIN PARTITIONING
myid 0 raynuminc 92160/92160 raynumout 92160/92160

CONSTRUCT PROJECTION MATRIX
CSR STORAGE: 28200745 (0.210112 GB) rownzmax 511
RAY-TRACING TIME: 1.355221e-01
CONSTRUCT BACKPROJECTION MATRIX
CSR STORAGE: 28200745 (0.210112 GB) rownzmax 524
TRANSPOSITION TIME: 2.309489e-02

BLOCKING PROJECTION MATRIX
NUMBER OF BLOCKS: 180 BUFFSIZE: 12288
NUMBER OF BUFFERS: 190 AVERAGE BUFF/BLOCK: 1.055556 MAX BUFF/BLOCK: 2
BUFF MAP: 2334720 (0.008698 GB)
ELLPACK STORAGE: 31953408 (0.178554 GB) buffnzmax: 511 STORAGE EFFICIENCY: 1.323837 DATA REUSE: 17.054996
BLOCKING TIME: 3.830314e-02
BLOCKING BACKPROJECTION MATRIX
NUMBER OF BLOCKS: 128 BUFFSIZE: 12288
NUMBER OF BUFFERS: 128 AVERAGE BUFF/BLOCK: 1.000000 MAX BUFF/BLOCK: 1
BUFF MAP: 1572864 (0.005859 GB)
ELLPACK STORAGE: 31132672 (0.173967 GB) buffnzmax: 524 STORAGE EFFICIENCY: 1.358737 DATA REUSE: 21.362581
BLOCKING TIME: 4.101610e-02

FILL PROJECTION MATRIX
TIME: 7.514215e-02
FILL BACKPROJECTION MATRIX
TIME: 1.046491e-01
REDUCTION MAPPINGS
PREPROCESSING TIME: 4.183781e-01
myid: 0 device: 0

Device Count: 1
Device 0 name: 24660000
Computational Capabilities: 7, 0
Maximum global memory size: 16945512448
Maximum constant memory size: 65536
Maximum shared memory size per block: 49152
Maximum block dimensions: 1024x1024x64
Maximum grid dimensions: 2147483647x65535x65535
Maximum threads per block: 1024
Warp size: 32

PROC 0 TOTAL GPU MEMORY: 0.520321 GB
INPUT MEASUREMENT DATA
INPUT ENDS
GRADIENT-DESCENT OPTIMIZATION
iter: 0 error: 2.235910e+08 gradnorm: 1.319810e+13
iter: 1 error: 5.746500e+07 gradnorm: 1.082451e+12
iter: 2 error: 7.825113e+06 gradnorm: 8.191758e+10
iter: 3 error: 1.580174e+06 gradnorm: 8.642858e+09
iter: 4 error: 5.867174e+05 gradnorm: 3.836458e+09
iter: 5 error: 2.986178e+05 gradnorm: 1.314801e+09
iter: 6 error: 1.244510e+05 gradnorm: 3.208991e+08
iter: 7 error: 1.063538e+05 gradnorm: 9.989017e+08
iter: 8 error: 5.117795e+04 gradnorm: 1.339821e+08
iter: 9 error: 3.220284e+04 gradnorm: 5.878710e+07
iter: 10 error: 1.943894e+04 gradnorm: 4.016541e+07
iter: 11 error: 1.185054e+04 gradnorm: 1.649216e+07
iter: 12 error: 8.068144e+03 gradnorm: 4.151942e+07
iter: 13 error: 7.385299e+03 gradnorm: 1.166900e+07
iter: 14 error: 5.090073e+03 gradnorm: 7.861774e+06
iter: 15 error: 4.073794e+03 gradnorm: 1.229517e+07
iter: 16 error: 3.345889e+03 gradnorm: 4.146222e+06
iter: 17 error: 2.475783e+03 gradnorm: 2.092768e+06
iter: 18 error: 1.786300e+03 gradnorm: 2.795120e+06
iter: 19 error: 1.673103e+03 gradnorm: 4.490797e+06
iter: 20 error: 1.505395e+03 gradnorm: 2.194508e+06
iter: 21 error: 1.205150e+03 gradnorm: 8.118810e+05
iter: 22 error: 9.993217e+02 gradnorm: 1.507213e+06
iter: 23 error: 8.721821e+02 gradnorm: 6.087245e+05
iter: 24 error: 6.907278e+02 gradnorm: 5.932219e+05
recon: 4.007578e-02 proj: 2.439809e-02 (1.405507e-02 5.310297e-03 2.137899e-03) backproj: 1.217222e-02 (2.317429e-03 2.591848e-03 6.304064e-03) ctime: 3.432035e-03 wtime: 4.816055e-05
numproj: 49 numback: 25
proj: 1.405507e-02 s (196.631721 GFLOPS) backproj: 6.304064e-03 s (223.671152 GFLOPS) avGFLOPS: 205.004291 totGFLOPS: 205.004291
proj: 700.950305 GB/s back: 765.726239 GB/s av: 721.007719 GB/s tot: 721.007719 GB/s
Total Time: 1.488402e+00
