NUM. THETA             : 1501
NUM. RHO               : 2048
NUM. X PIXELS          : 2048
NUM. Y PIXELS          : 2048

NUM. OF PIXELS         : 4194304
NUM. OF RAYS           : 3074048

NUM. ITERATIONS        : 24

SPATIAL TILE SIZE      : 64
SPECTRAL TILE SIZE     : 64

NUMBER OF X TILES      : 32
NUMBER OF Y TILES      : 32
NUM. OF THETA TILES    : 24
NUM. OF RHO TILES      : 32

NUM. SPATIAL TILES     : 1024
NUM. SPECTRAL TILES    : 768

NUM. OF X PIXELS (EXT) : 2048
NUM. OF Y PIXELS (EXT) : 2048
NUM. OF ANGLES (EXT)   : 1536
NUM. OF RHOS (EXT)     : 2048

NUM. OF PIXELS (EXT)   : 4194304
NUM. OF RAYS (EXT)     : 3145728

NUMBER OF PROCESSES    : 1
NUMBER OF THRD./PROC.  : 30

INTEGER: 4, FLOAT: 4, LONG: 8, SHORT: 2, POINTER: 8
APPROX. MEMORY     TOTAL: 1.407188e+02 GB
APPROX. MEMORY PER PROC.: 1.407188e+02 GB

X START       : -1.024000e+03
Y START       : -1.024000e+03
PIXEL SIZE    : 1.000000e+00
RHO START     : -1.024000e+03
RAY LENGTH    : 4.096000e+03

SPATIAL INDEXING       : 5
SPECTRAL INDEXING      : 5
 1: CARTESIAN, NATURAL
 2: CARTESIAN, TRANSPOSED
 3: MORTON, NATURAL
 4: MORTON, TRANSPOSED
 5: HILBERT
PROJECTION BLOCK SIZE      : 2048
BACKPROJECTION BLOCK SIZE  : 2048
PROJECTION BUFFER SIZE      : 32 KB
BACKPROJECTION BUFFER SIZE  : 32 KB

SINOGRAM FILE : ../../../../datasets/CDS3_sinogram.bin
   THETA FILE : ../../../../datasets/CDS3_theta.bin
  OUTPUT FILE : ../../output/single_cpu/ip-0A00000F/30.CDS3.64.64.2048.2048.32.32.bin


PLACE TILES
lspat 32 lspatdim 32
lspec 32 lspecdim 32
MPI PARTITIONING
proc: 0 numspats: 1024 numpixs: 4194304 numspecs: 768 numrays: 3145728
maxnumpix: 4194304 maxnumray: 3145728
FILL PIXELS AND RAYS
INPUT THETA DATA
DOMAIN PARTITIONING

CONSTRUCT PROJECTION MATRIX
CSR STORAGE: 7524337176 (56.060681 GB) rownzmax 4095
RAY-TRACING TIME: 2.339230e+01
CONSTRUCT BACKPROJECTION MATRIX
CSR STORAGE: 7524337176 (56.060681 GB) rownzmax 2185
TRANSPOSITION TIME: 6.294671e+00

BLOCKING PROJECTION MATRIX
NUMBER OF BLOCKS: 1501 BUFFSIZE: 8192
NUMBER OF BUFFERS: 36586 AVERAGE BUFF/BLOCK: 24.374416 MAX BUFF/BLOCK: 50
BUFFER MAP: 293625695 (1.093841 GB)
CSR STORAGE: 7524337176 (42.045510 GB) buffnzmax: 792 STORAGE EFFICIENCY: 1.500000 DATA REUSE: 25.625608
BLOCKING TIME: 8.670701e+00
BLOCKING BACKPROJECTION MATRIX
NUMBER OF BLOCKS: 2048 BUFFSIZE: 8192
NUMBER OF BUFFERS: 23016 AVERAGE BUFF/BLOCK: 11.238281 MAX BUFF/BLOCK: 12
BUFFER MAP: 176311312 (0.656811 GB)
CSR STORAGE: 7524337176 (42.045510 GB) buffnzmax: 679 STORAGE EFFICIENCY: 1.500000 DATA REUSE: 42.676430
BLOCKING TIME: 8.163403e+00

FILL PROJECTION MATRIX
TIME: 1.174835e+01
FILL BACKPROJECTION MATRIX
TIME: 1.245585e+01
REDUCTION MAPPINGS
PREPROCESSING TIME: 7.074781e+01
INPUT MEASUREMENT DATA
INPUT ENDS
GRADIENT-DESCENT OPTIMIZATION
iter: 0 error: 4.635833e+05 gradnorm: 8.585361e+11
iter: 1 error: 9.154268e+04 gradnorm: 2.934970e+10
iter: 2 error: 5.150715e+04 gradnorm: 1.497943e+09
iter: 3 error: 4.825274e+04 gradnorm: 6.414582e+08
iter: 4 error: 4.665266e+04 gradnorm: 1.800362e+08
iter: 5 error: 4.586059e+04 gradnorm: 9.444369e+07
iter: 6 error: 4.545205e+04 gradnorm: 9.656354e+07
iter: 7 error: 4.527912e+04 gradnorm: 7.741531e+07
iter: 8 error: 4.516544e+04 gradnorm: 1.149221e+08
iter: 9 error: 4.500600e+04 gradnorm: 3.633684e+07
iter: 10 error: 4.483855e+04 gradnorm: 2.769786e+07
iter: 11 error: 4.469173e+04 gradnorm: 1.828394e+07
iter: 12 error: 4.457858e+04 gradnorm: 2.106406e+07
iter: 13 error: 4.449159e+04 gradnorm: 1.677502e+07
iter: 14 error: 4.440660e+04 gradnorm: 2.189488e+07
iter: 15 error: 4.438835e+04 gradnorm: 1.792144e+07
iter: 16 error: 4.429621e+04 gradnorm: 1.037354e+07
iter: 17 error: 4.423256e+04 gradnorm: 1.219688e+07
iter: 18 error: 4.419045e+04 gradnorm: 1.520132e+07
iter: 19 error: 4.413242e+04 gradnorm: 1.004321e+07
iter: 20 error: 4.407802e+04 gradnorm: 1.587509e+07
iter: 21 error: 4.405623e+04 gradnorm: 1.719350e+07
iter: 22 error: 4.403338e+04 gradnorm: 1.803657e+07
iter: 23 error: 4.398149e+04 gradnorm: 9.193994e+06
iter: 24 error: 4.392307e+04 gradnorm: 7.059210e+06
recon: 6.240687e+01 proj: 3.126928e+01 (3.111634e+01 7.252117e-02 8.035691e-02) backproj: 3.107612e+01 (1.968029e-02 4.568767e-02 3.101072e+01) ctime: 6.124413e-02 wtime: 8.420300e-05
numproj: 49 numback: 25
proj: 3.111634e+01 s (23.697679 GFLOPS) backproj: 3.101072e+01 s (12.131832 GFLOPS) avGFLOPS: 17.924587 totGFLOPS: 17.924587
proj: 72.942568 GB/s back: 36.964047 GB/s av: 54.983890 GB/s tot: 54.983890 GB/s
Total Time: 1.382523e+02
