NUM. THETA             : 375
NUM. RHO               : 1024
NUM. X PIXELS          : 1024
NUM. Y PIXELS          : 1024

NUM. OF PIXELS         : 1048576
NUM. OF RAYS           : 384000

NUM. ITERATIONS        : 24

SPATIAL TILE SIZE      : 16
SPECTRAL TILE SIZE     : 16

NUMBER OF X TILES      : 64
NUMBER OF Y TILES      : 64
NUM. OF THETA TILES    : 24
NUM. OF RHO TILES      : 64

NUM. SPATIAL TILES     : 4096
NUM. SPECTRAL TILES    : 1536

NUM. OF X PIXELS (EXT) : 1024
NUM. OF Y PIXELS (EXT) : 1024
NUM. OF ANGLES (EXT)   : 384
NUM. OF RHOS (EXT)     : 1024

NUM. OF PIXELS (EXT)   : 1048576
NUM. OF RAYS (EXT)     : 393216

NUMBER OF PROCESSES    : 1
NUMBER OF THRD./PROC.  : 30

INTEGER: 4, FLOAT: 4, LONG: 8, SHORT: 2, POINTER: 8
APPROX. MEMORY     TOTAL: 8.789062e+00 GB
APPROX. MEMORY PER PROC.: 8.789062e+00 GB

X START       : -5.120000e+02
Y START       : -5.120000e+02
PIXEL SIZE    : 1.000000e+00
RHO START     : -5.120000e+02
RAY LENGTH    : 2.048000e+03

SPATIAL INDEXING       : 5
SPECTRAL INDEXING      : 5
 1: CARTESIAN, NATURAL
 2: CARTESIAN, TRANSPOSED
 3: MORTON, NATURAL
 4: MORTON, TRANSPOSED
 5: HILBERT
PROJECTION BLOCK SIZE      : 2048
BACKPROJECTION BLOCK SIZE  : 2048
PROJECTION BUFFER SIZE      : 8 KB
BACKPROJECTION BUFFER SIZE  : 8 KB

SINOGRAM FILE : ../../../../datasets/CDS2_sinogram.bin
   THETA FILE : ../../../../datasets/CDS2_theta.bin
  OUTPUT FILE : ../../output/single_cpu/ip-0A00000F/30.CDS2.16.16.2048.2048.8.8.bin


PLACE TILES
lspat 64 lspatdim 64
lspec 64 lspecdim 64
MPI PARTITIONING
proc: 0 numspats: 4096 numpixs: 1048576 numspecs: 1536 numrays: 393216
maxnumpix: 1048576 maxnumray: 393216
FILL PIXELS AND RAYS
INPUT THETA DATA
DOMAIN PARTITIONING

CONSTRUCT PROJECTION MATRIX
CSR STORAGE: 470024080 (3.501952 GB) rownzmax 2046
RAY-TRACING TIME: 5.235422e+00
CONSTRUCT BACKPROJECTION MATRIX
CSR STORAGE: 470024080 (3.501952 GB) rownzmax 607
TRANSPOSITION TIME: 4.615039e-01

BLOCKING PROJECTION MATRIX
NUMBER OF BLOCKS: 188 BUFFSIZE: 2048
NUMBER OF BUFFERS: 8942 AVERAGE BUFF/BLOCK: 47.563831 MAX BUFF/BLOCK: 79
BUFFER MAP: 18112487 (0.067474 GB)
CSR STORAGE: 470024080 (2.626464 GB) buffnzmax: 279 STORAGE EFFICIENCY: 1.500000 DATA REUSE: 25.950275
BLOCKING TIME: 5.595695e-01
BLOCKING BACKPROJECTION MATRIX
NUMBER OF BLOCKS: 512 BUFFSIZE: 2048
NUMBER OF BUFFERS: 5770 AVERAGE BUFF/BLOCK: 11.269531 MAX BUFF/BLOCK: 12
BUFFER MAP: 11012616 (0.041025 GB)
CSR STORAGE: 470024080 (2.626464 GB) buffnzmax: 263 STORAGE EFFICIENCY: 1.500000 DATA REUSE: 42.680511
BLOCKING TIME: 4.724800e-01

FILL PROJECTION MATRIX
TIME: 7.396021e-01
FILL BACKPROJECTION MATRIX
TIME: 7.683649e-01
REDUCTION MAPPINGS
PREPROCESSING TIME: 8.261828e+00
INPUT MEASUREMENT DATA
INPUT ENDS
GRADIENT-DESCENT OPTIMIZATION
iter: 0 error: 5.498390e+04 gradnorm: 5.780564e+09
iter: 1 error: 2.713757e+04 gradnorm: 4.174663e+08
iter: 2 error: 2.306865e+04 gradnorm: 9.086818e+07
iter: 3 error: 2.127429e+04 gradnorm: 3.168977e+07
iter: 4 error: 2.032668e+04 gradnorm: 1.557748e+07
iter: 5 error: 1.975907e+04 gradnorm: 1.008936e+07
iter: 6 error: 1.938423e+04 gradnorm: 8.237626e+06
iter: 7 error: 1.911241e+04 gradnorm: 6.110668e+06
iter: 8 error: 1.886870e+04 gradnorm: 5.403712e+06
iter: 9 error: 1.867904e+04 gradnorm: 6.008255e+06
iter: 10 error: 1.859919e+04 gradnorm: 8.586622e+06
iter: 11 error: 1.844683e+04 gradnorm: 4.257137e+06
iter: 12 error: 1.828187e+04 gradnorm: 3.280222e+06
iter: 13 error: 1.811537e+04 gradnorm: 2.900466e+06
iter: 14 error: 1.798170e+04 gradnorm: 2.799815e+06
iter: 15 error: 1.785663e+04 gradnorm: 2.869334e+06
iter: 16 error: 1.779009e+04 gradnorm: 3.527210e+06
iter: 17 error: 1.768159e+04 gradnorm: 2.158943e+06
iter: 18 error: 1.764066e+04 gradnorm: 5.445106e+06
iter: 19 error: 1.754212e+04 gradnorm: 1.772406e+06
iter: 20 error: 1.745006e+04 gradnorm: 1.917372e+06
iter: 21 error: 1.736015e+04 gradnorm: 1.586893e+06
iter: 22 error: 1.726249e+04 gradnorm: 1.344635e+06
iter: 23 error: 1.717213e+04 gradnorm: 1.730324e+06
iter: 24 error: 1.714840e+04 gradnorm: 3.077764e+06
recon: 3.205502e+00 proj: 1.973787e+00 (1.947478e+00 1.369434e-02 1.255751e-02) backproj: 1.211734e+00 (2.853772e-03 4.651710e-03 1.204203e+00) ctime: 1.979279e-02 wtime: 5.220000e-05
numproj: 49 numback: 25
proj: 1.947478e+00 s (23.652317 GFLOPS) backproj: 1.204203e+00 s (19.515977 GFLOPS) avGFLOPS: 22.071892 totGFLOPS: 22.071892
proj: 72.779845 GB/s back: 59.462447 GB/s av: 67.691495 GB/s tot: 67.691495 GB/s
Total Time: 1.382401e+01
