NUM. THETA             : 375
NUM. RHO               : 1024
NUM. X PIXELS          : 1024
NUM. Y PIXELS          : 1024

NUM. OF PIXELS         : 1048576
NUM. OF RAYS           : 384000

NUM. ITERATIONS        : 24

SPATIAL TILE SIZE      : 1024
SPECTRAL TILE SIZE     : 1024

NUMBER OF X TILES      : 1
NUMBER OF Y TILES      : 1
NUM. OF THETA TILES    : 1
NUM. OF RHO TILES      : 1

NUM. SPATIAL TILES     : 1
NUM. SPECTRAL TILES    : 1

NUM. OF X PIXELS (EXT) : 1024
NUM. OF Y PIXELS (EXT) : 1024
NUM. OF ANGLES (EXT)   : 1024
NUM. OF RHOS (EXT)     : 1024

NUM. OF PIXELS (EXT)   : 1048576
NUM. OF RAYS (EXT)     : 1048576

NUMBER OF PROCESSES    : 1
NUMBER OF THRD./PROC.  : 30

INTEGER: 4, FLOAT: 4, LONG: 8, SHORT: 2, POINTER: 8
APPROX. MEMORY     TOTAL: 8.789062e+00 GB
APPROX. MEMORY PER PROC.: 8.789062e+00 GB

X START       : -5.120000e+02
Y START       : -5.120000e+02
PIXEL SIZE    : 1.000000e+00
RHO START     : -5.120000e+02
RAY LENGTH    : 2.048000e+03

SPATIAL INDEXING       : 5
SPECTRAL INDEXING      : 5
 1: CARTESIAN, NATURAL
 2: CARTESIAN, TRANSPOSED
 3: MORTON, NATURAL
 4: MORTON, TRANSPOSED
 5: HILBERT
PROJECTION BLOCK SIZE      : 1024
BACKPROJECTION BLOCK SIZE  : 1024
PROJECTION BUFFER SIZE      : 32 KB
BACKPROJECTION BUFFER SIZE  : 32 KB

SINOGRAM FILE : ../../../../datasets/CDS2_sinogram.bin
   THETA FILE : ../../../../datasets/CDS2_theta.bin
  OUTPUT FILE : ../../output/single_cpu/ip-0A00000F/30.CDS2.1024.1024.1024.1024.32.32.bin


PLACE TILES
lspat 1 lspatdim 1
lspec 1 lspecdim 1
MPI PARTITIONING
proc: 0 numspats: 1 numpixs: 1048576 numspecs: 1 numrays: 1048576
maxnumpix: 1048576 maxnumray: 1048576
FILL PIXELS AND RAYS
INPUT THETA DATA
DOMAIN PARTITIONING

CONSTRUCT PROJECTION MATRIX
CSR STORAGE: 470024252 (3.501954 GB) rownzmax 2046
RAY-TRACING TIME: 1.135741e+00
CONSTRUCT BACKPROJECTION MATRIX
CSR STORAGE: 470024252 (3.501954 GB) rownzmax 607
TRANSPOSITION TIME: 4.748354e-01

BLOCKING PROJECTION MATRIX
NUMBER OF BLOCKS: 375 BUFFSIZE: 8192
NUMBER OF BUFFERS: 3151 AVERAGE BUFF/BLOCK: 8.402667 MAX BUFF/BLOCK: 13
BUFFER MAP: 24250221 (0.090339 GB)
CSR STORAGE: 470024252 (2.626465 GB) buffnzmax: 526 STORAGE EFFICIENCY: 1.500000 DATA REUSE: 19.382267
BLOCKING TIME: 5.287165e-01
BLOCKING BACKPROJECTION MATRIX
NUMBER OF BLOCKS: 1024 BUFFSIZE: 8192
NUMBER OF BUFFERS: 1976 AVERAGE BUFF/BLOCK: 1.929688 MAX BUFF/BLOCK: 2
BUFFER MAP: 14686009 (0.054710 GB)
CSR STORAGE: 470024252 (2.626465 GB) buffnzmax: 482 STORAGE EFFICIENCY: 1.500000 DATA REUSE: 32.004902
BLOCKING TIME: 4.619601e-01

FILL PROJECTION MATRIX
TIME: 7.002080e-01
FILL BACKPROJECTION MATRIX
TIME: 7.500728e-01
REDUCTION MAPPINGS
PREPROCESSING TIME: 4.072333e+00
INPUT MEASUREMENT DATA
INPUT ENDS
GRADIENT-DESCENT OPTIMIZATION
iter: 0 error: 5.498394e+04 gradnorm: 5.780564e+09
iter: 1 error: 2.713761e+04 gradnorm: 4.174665e+08
iter: 2 error: 2.306869e+04 gradnorm: 9.086833e+07
iter: 3 error: 2.127433e+04 gradnorm: 3.168983e+07
iter: 4 error: 2.032674e+04 gradnorm: 1.557764e+07
iter: 5 error: 1.975913e+04 gradnorm: 1.008945e+07
iter: 6 error: 1.938431e+04 gradnorm: 8.237718e+06
iter: 7 error: 1.911249e+04 gradnorm: 6.113330e+06
iter: 8 error: 1.886954e+04 gradnorm: 5.550110e+06
iter: 9 error: 1.870565e+04 gradnorm: 9.499478e+06
iter: 10 error: 1.862117e+04 gradnorm: 5.616925e+06
iter: 11 error: 1.844734e+04 gradnorm: 4.177768e+06
iter: 12 error: 1.828196e+04 gradnorm: 3.279744e+06
iter: 13 error: 1.811553e+04 gradnorm: 2.908432e+06
iter: 14 error: 1.798319e+04 gradnorm: 2.910263e+06
iter: 15 error: 1.787228e+04 gradnorm: 3.790872e+06
iter: 16 error: 1.780562e+04 gradnorm: 3.140003e+06
iter: 17 error: 1.774312e+04 gradnorm: 6.460324e+06
iter: 18 error: 1.766379e+04 gradnorm: 1.829962e+06
iter: 19 error: 1.754234e+04 gradnorm: 1.742291e+06
iter: 20 error: 1.745013e+04 gradnorm: 1.916965e+06
iter: 21 error: 1.736022e+04 gradnorm: 1.587658e+06
iter: 22 error: 1.726315e+04 gradnorm: 1.464287e+06
iter: 23 error: 1.721854e+04 gradnorm: 5.298389e+06
iter: 24 error: 1.715839e+04 gradnorm: 1.305658e+06
recon: 4.037097e+00 proj: 2.511218e+00 (2.475517e+00 1.009963e-02 2.555690e-02) backproj: 1.481968e+00 (5.452037e-03 4.645201e-03 1.471849e+00) ctime: 4.361236e-02 wtime: 1.752060e-04
numproj: 49 numback: 25
proj: 2.475517e+00 s (18.607172 GFLOPS) backproj: 1.471849e+00 s (15.967138 GFLOPS) avGFLOPS: 17.622786 totGFLOPS: 17.622786
proj: 57.741537 GB/s back: 48.899208 GB/s av: 54.444510 GB/s tot: 54.444510 GB/s
Total Time: 8.226790e+00
