NUM. THETA             : 375
NUM. RHO               : 1024
NUM. X PIXELS          : 1024
NUM. Y PIXELS          : 1024

NUM. OF PIXELS         : 1048576
NUM. OF RAYS           : 384000

NUM. ITERATIONS        : 24

SPATIAL TILE SIZE      : 256
SPECTRAL TILE SIZE     : 256

NUMBER OF X TILES      : 4
NUMBER OF Y TILES      : 4
NUM. OF THETA TILES    : 2
NUM. OF RHO TILES      : 4

NUM. SPATIAL TILES     : 16
NUM. SPECTRAL TILES    : 8

NUM. OF X PIXELS (EXT) : 1024
NUM. OF Y PIXELS (EXT) : 1024
NUM. OF ANGLES (EXT)   : 512
NUM. OF RHOS (EXT)     : 1024

NUM. OF PIXELS (EXT)   : 1048576
NUM. OF RAYS (EXT)     : 524288

NUMBER OF PROCESSES    : 1
NUMBER OF THRD./PROC.  : 30

INTEGER: 4, FLOAT: 4, LONG: 8, SHORT: 2, POINTER: 8
APPROX. MEMORY     TOTAL: 8.789062e+00 GB
APPROX. MEMORY PER PROC.: 8.789062e+00 GB

X START       : -5.120000e+02
Y START       : -5.120000e+02
PIXEL SIZE    : 1.000000e+00
RHO START     : -5.120000e+02
RAY LENGTH    : 2.048000e+03

SPATIAL INDEXING       : 5
SPECTRAL INDEXING      : 5
 1: CARTESIAN, NATURAL
 2: CARTESIAN, TRANSPOSED
 3: MORTON, NATURAL
 4: MORTON, TRANSPOSED
 5: HILBERT
PROJECTION BLOCK SIZE      : 1024
BACKPROJECTION BLOCK SIZE  : 1024
PROJECTION BUFFER SIZE      : 32 KB
BACKPROJECTION BUFFER SIZE  : 32 KB

SINOGRAM FILE : ../../../../datasets/CDS2_sinogram.bin
   THETA FILE : ../../../../datasets/CDS2_theta.bin
  OUTPUT FILE : ../../output/single_cpu/ip-0A00001A/30.CDS2.256.256.1024.1024.32.32.bin


PLACE TILES
lspat 4 lspatdim 4
lspec 4 lspecdim 4
MPI PARTITIONING
proc: 0 numspats: 16 numpixs: 1048576 numspecs: 8 numrays: 524288
maxnumpix: 1048576 maxnumray: 524288
FILL PIXELS AND RAYS
INPUT THETA DATA
DOMAIN PARTITIONING

CONSTRUCT PROJECTION MATRIX
CSR STORAGE: 470024248 (3.501954 GB) rownzmax 2046
RAY-TRACING TIME: 1.089457e+00
CONSTRUCT BACKPROJECTION MATRIX
CSR STORAGE: 470024248 (3.501954 GB) rownzmax 607
TRANSPOSITION TIME: 4.709648e-01

BLOCKING PROJECTION MATRIX
NUMBER OF BLOCKS: 375 BUFFSIZE: 8192
NUMBER OF BUFFERS: 3177 AVERAGE BUFF/BLOCK: 8.472000 MAX BUFF/BLOCK: 13
BUFFER MAP: 24520204 (0.091345 GB)
CSR STORAGE: 470024248 (2.626465 GB) buffnzmax: 508 STORAGE EFFICIENCY: 1.500000 DATA REUSE: 19.168856
BLOCKING TIME: 5.270865e-01
BLOCKING BACKPROJECTION MATRIX
NUMBER OF BLOCKS: 1024 BUFFSIZE: 8192
NUMBER OF BUFFERS: 1976 AVERAGE BUFF/BLOCK: 1.929688 MAX BUFF/BLOCK: 2
BUFFER MAP: 14686009 (0.054710 GB)
CSR STORAGE: 470024248 (2.626465 GB) buffnzmax: 478 STORAGE EFFICIENCY: 1.500000 DATA REUSE: 32.004902
BLOCKING TIME: 4.559429e-01

FILL PROJECTION MATRIX
TIME: 7.004916e-01
FILL BACKPROJECTION MATRIX
TIME: 7.428704e-01
REDUCTION MAPPINGS
PREPROCESSING TIME: 3.999906e+00
INPUT MEASUREMENT DATA
INPUT ENDS
GRADIENT-DESCENT OPTIMIZATION
iter: 0 error: 5.498389e+04 gradnorm: 5.780564e+09
iter: 1 error: 2.713758e+04 gradnorm: 4.174663e+08
iter: 2 error: 2.306864e+04 gradnorm: 9.086830e+07
iter: 3 error: 2.127431e+04 gradnorm: 3.168985e+07
iter: 4 error: 2.032668e+04 gradnorm: 1.557752e+07
iter: 5 error: 1.975907e+04 gradnorm: 1.008934e+07
iter: 6 error: 1.938426e+04 gradnorm: 8.237593e+06
iter: 7 error: 1.911240e+04 gradnorm: 6.110514e+06
iter: 8 error: 1.886863e+04 gradnorm: 5.395508e+06
iter: 9 error: 1.867718e+04 gradnorm: 5.700646e+06
iter: 10 error: 1.859304e+04 gradnorm: 9.195091e+06
iter: 11 error: 1.844669e+04 gradnorm: 4.285191e+06
iter: 12 error: 1.828186e+04 gradnorm: 3.281487e+06
iter: 13 error: 1.811559e+04 gradnorm: 2.919564e+06
iter: 14 error: 1.798505e+04 gradnorm: 3.048500e+06
iter: 15 error: 1.788461e+04 gradnorm: 4.055002e+06
iter: 16 error: 1.780509e+04 gradnorm: 2.458864e+06
iter: 17 error: 1.767999e+04 gradnorm: 1.747386e+06
iter: 18 error: 1.755998e+04 gradnorm: 2.101944e+06
iter: 19 error: 1.751591e+04 gradnorm: 5.087525e+06
iter: 20 error: 1.744960e+04 gradnorm: 2.006060e+06
iter: 21 error: 1.736013e+04 gradnorm: 1.587592e+06
iter: 22 error: 1.726248e+04 gradnorm: 1.342241e+06
iter: 23 error: 1.716980e+04 gradnorm: 1.260390e+06
iter: 24 error: 1.708108e+04 gradnorm: 1.391303e+06
recon: 4.032633e+00 proj: 2.511600e+00 (2.482350e+00 1.223621e-02 1.694614e-02) backproj: 1.482032e+00 (5.379736e-03 4.601818e-03 1.472024e+00) ctime: 3.870409e-02 wtime: 1.672040e-04
numproj: 49 numback: 25
proj: 2.482350e+00 s (18.555956 GFLOPS) backproj: 1.472024e+00 s (15.965242 GFLOPS) avGFLOPS: 17.591558 totGFLOPS: 17.591558
proj: 57.603922 GB/s back: 48.893401 GB/s av: 54.361413 GB/s tot: 54.361413 GB/s
Total Time: 8.115131e+00
