NUM. THETA             : 375
NUM. RHO               : 1024
NUM. X PIXELS          : 1024
NUM. Y PIXELS          : 1024

NUM. OF PIXELS         : 1048576
NUM. OF RAYS           : 384000

NUM. ITERATIONS        : 24

SPATIAL TILE SIZE      : 512
SPECTRAL TILE SIZE     : 512

NUMBER OF X TILES      : 2
NUMBER OF Y TILES      : 2
NUM. OF THETA TILES    : 1
NUM. OF RHO TILES      : 2

NUM. SPATIAL TILES     : 4
NUM. SPECTRAL TILES    : 2

NUM. OF X PIXELS (EXT) : 1024
NUM. OF Y PIXELS (EXT) : 1024
NUM. OF ANGLES (EXT)   : 512
NUM. OF RHOS (EXT)     : 1024

NUM. OF PIXELS (EXT)   : 1048576
NUM. OF RAYS (EXT)     : 524288

NUMBER OF PROCESSES    : 1
NUMBER OF THRD./PROC.  : 30

INTEGER: 4, FLOAT: 4, LONG: 8, SHORT: 2, POINTER: 8
APPROX. MEMORY     TOTAL: 8.789062e+00 GB
APPROX. MEMORY PER PROC.: 8.789062e+00 GB

X START       : -5.120000e+02
Y START       : -5.120000e+02
PIXEL SIZE    : 1.000000e+00
RHO START     : -5.120000e+02
RAY LENGTH    : 2.048000e+03

SPATIAL INDEXING       : 5
SPECTRAL INDEXING      : 5
 1: CARTESIAN, NATURAL
 2: CARTESIAN, TRANSPOSED
 3: MORTON, NATURAL
 4: MORTON, TRANSPOSED
 5: HILBERT
PROJECTION BLOCK SIZE      : 512
BACKPROJECTION BLOCK SIZE  : 512
PROJECTION BUFFER SIZE      : 32 KB
BACKPROJECTION BUFFER SIZE  : 32 KB

SINOGRAM FILE : ../../../../datasets/CDS2_sinogram.bin
   THETA FILE : ../../../../datasets/CDS2_theta.bin
  OUTPUT FILE : ../../output/single_cpu/ip-0A00001A/30.CDS2.512.512.512.512.32.32.bin


PLACE TILES
lspat 2 lspatdim 2
lspec 2 lspecdim 2
MPI PARTITIONING
proc: 0 numspats: 4 numpixs: 1048576 numspecs: 2 numrays: 524288
maxnumpix: 1048576 maxnumray: 524288
FILL PIXELS AND RAYS
INPUT THETA DATA
DOMAIN PARTITIONING

CONSTRUCT PROJECTION MATRIX
CSR STORAGE: 470024253 (3.501954 GB) rownzmax 2046
RAY-TRACING TIME: 1.079089e+00
CONSTRUCT BACKPROJECTION MATRIX
CSR STORAGE: 470024253 (3.501954 GB) rownzmax 607
TRANSPOSITION TIME: 4.619949e-01

BLOCKING PROJECTION MATRIX
NUMBER OF BLOCKS: 750 BUFFSIZE: 8192
NUMBER OF BUFFERS: 4756 AVERAGE BUFF/BLOCK: 6.341333 MAX BUFF/BLOCK: 10
BUFFER MAP: 35671331 (0.132886 GB)
CSR STORAGE: 470024253 (2.626465 GB) buffnzmax: 572 STORAGE EFFICIENCY: 1.500000 DATA REUSE: 13.176527
BLOCKING TIME: 5.657511e-01
BLOCKING BACKPROJECTION MATRIX
NUMBER OF BLOCKS: 2048 BUFFSIZE: 8192
NUMBER OF BUFFERS: 3910 AVERAGE BUFF/BLOCK: 1.909180 MAX BUFF/BLOCK: 2
BUFFER MAP: 22030889 (0.082071 GB)
CSR STORAGE: 470024253 (2.626465 GB) buffnzmax: 506 STORAGE EFFICIENCY: 1.500000 DATA REUSE: 21.334785
BLOCKING TIME: 4.797771e-01

FILL PROJECTION MATRIX
TIME: 6.936881e-01
FILL BACKPROJECTION MATRIX
TIME: 7.393547e-01
REDUCTION MAPPINGS
PREPROCESSING TIME: 4.045222e+00
INPUT MEASUREMENT DATA
INPUT ENDS
GRADIENT-DESCENT OPTIMIZATION
iter: 0 error: 5.498382e+04 gradnorm: 5.780560e+09
iter: 1 error: 2.713757e+04 gradnorm: 4.174678e+08
iter: 2 error: 2.306865e+04 gradnorm: 9.086816e+07
iter: 3 error: 2.127430e+04 gradnorm: 3.168977e+07
iter: 4 error: 2.032666e+04 gradnorm: 1.557749e+07
iter: 5 error: 1.975907e+04 gradnorm: 1.008945e+07
iter: 6 error: 1.938427e+04 gradnorm: 8.241894e+06
iter: 7 error: 1.911323e+04 gradnorm: 6.261690e+06
iter: 8 error: 1.890514e+04 gradnorm: 1.090032e+07
iter: 9 error: 1.880893e+04 gradnorm: 6.693810e+06
iter: 10 error: 1.862790e+04 gradnorm: 4.441902e+06
iter: 11 error: 1.844739e+04 gradnorm: 4.158130e+06
iter: 12 error: 1.828190e+04 gradnorm: 3.280711e+06
iter: 13 error: 1.811573e+04 gradnorm: 2.932190e+06
iter: 14 error: 1.798715e+04 gradnorm: 3.192351e+06
iter: 15 error: 1.789364e+04 gradnorm: 4.096121e+06
iter: 16 error: 1.780635e+04 gradnorm: 2.359959e+06
iter: 17 error: 1.768301e+04 gradnorm: 2.346193e+06
iter: 18 error: 1.764942e+04 gradnorm: 4.386862e+06
iter: 19 error: 1.754222e+04 gradnorm: 1.758260e+06
iter: 20 error: 1.745007e+04 gradnorm: 1.917084e+06
iter: 21 error: 1.736016e+04 gradnorm: 1.586884e+06
iter: 22 error: 1.726248e+04 gradnorm: 1.342345e+06
iter: 23 error: 1.716985e+04 gradnorm: 1.263154e+06
iter: 24 error: 1.708236e+04 gradnorm: 1.541865e+06
recon: 4.884625e+00 proj: 3.094995e+00 (3.070384e+00 1.375550e-02 1.081514e-02) backproj: 1.770697e+00 (4.322098e-03 5.220814e-03 1.761136e+00) ctime: 1.864091e-02 wtime: 1.592040e-04
numproj: 49 numback: 25
proj: 3.070384e+00 s (15.002157 GFLOPS) backproj: 1.761136e+00 s (13.344351 GFLOPS) avGFLOPS: 14.397870 totGFLOPS: 14.397870
proj: 47.283574 GB/s back: 41.283999 GB/s av: 45.096671 GB/s tot: 45.096671 GB/s
Total Time: 9.012153e+00
