NUM. THETA             : 750
NUM. RHO               : 512
NUM. X PIXELS          : 512
NUM. Y PIXELS          : 512

NUM. OF PIXELS         : 262144
NUM. OF RAYS           : 384000

NUM. ITERATIONS        : 24

SPATIAL TILE SIZE      : 64
SPECTRAL TILE SIZE     : 64

NUMBER OF X TILES      : 8
NUMBER OF Y TILES      : 8
NUM. OF THETA TILES    : 12
NUM. OF RHO TILES      : 8

NUM. SPATIAL TILES     : 64
NUM. SPECTRAL TILES    : 96

NUM. OF X PIXELS (EXT) : 512
NUM. OF Y PIXELS (EXT) : 512
NUM. OF ANGLES (EXT)   : 768
NUM. OF RHOS (EXT)     : 512

NUM. OF PIXELS (EXT)   : 262144
NUM. OF RAYS (EXT)     : 393216

NUMBER OF PROCESSES    : 1
NUMBER OF THRD./PROC.  : 30

INTEGER: 4, FLOAT: 4, LONG: 8, SHORT: 2, POINTER: 8
APPROX. MEMORY     TOTAL: 4.394531e+00 GB
APPROX. MEMORY PER PROC.: 4.394531e+00 GB

X START       : -2.560000e+02
Y START       : -2.560000e+02
PIXEL SIZE    : 1.000000e+00
RHO START     : -2.560000e+02
RAY LENGTH    : 1.024000e+03

SPATIAL INDEXING       : 5
SPECTRAL INDEXING      : 5
 1: CARTESIAN, NATURAL
 2: CARTESIAN, TRANSPOSED
 3: MORTON, NATURAL
 4: MORTON, TRANSPOSED
 5: HILBERT
PROJECTION BLOCK SIZE      : 512
BACKPROJECTION BLOCK SIZE  : 512
PROJECTION BUFFER SIZE      : 128 KB
BACKPROJECTION BUFFER SIZE  : 128 KB

SINOGRAM FILE : ../../../../datasets/CDS1_sinogram.bin
   THETA FILE : ../../../../datasets/CDS1_theta.bin
  OUTPUT FILE : ../../output/single_cpu/ip-0A00001A/30.CDS1.64.64.512.512.128.128.bin


PLACE TILES
lspat 8 lspatdim 8
lspec 12 lspecdim 16
MPI PARTITIONING
proc: 0 numspats: 64 numpixs: 262144 numspecs: 96 numrays: 393216
maxnumpix: 262144 maxnumray: 393216
FILL PIXELS AND RAYS
INPUT THETA DATA
DOMAIN PARTITIONING

CONSTRUCT PROJECTION MATRIX
CSR STORAGE: 235011227 (1.750970 GB) rownzmax 1022
RAY-TRACING TIME: 5.170894e-01
CONSTRUCT BACKPROJECTION MATRIX
CSR STORAGE: 235011227 (1.750970 GB) rownzmax 1092
TRANSPOSITION TIME: 1.920421e-01

BLOCKING PROJECTION MATRIX
NUMBER OF BLOCKS: 750 BUFFSIZE: 32768
NUMBER OF BUFFERS: 750 AVERAGE BUFF/BLOCK: 1.000000 MAX BUFF/BLOCK: 1
BUFFER MAP: 13354116 (0.049748 GB)
CSR STORAGE: 235011227 (1.313228 GB) buffnzmax: 1022 STORAGE EFFICIENCY: 1.500000 DATA REUSE: 17.598412
BLOCKING TIME: 2.636379e-01
BLOCKING BACKPROJECTION MATRIX
NUMBER OF BLOCKS: 512 BUFFSIZE: 32768
NUMBER OF BUFFERS: 512 AVERAGE BUFF/BLOCK: 1.000000 MAX BUFF/BLOCK: 1
BUFFER MAP: 11012374 (0.041024 GB)
CSR STORAGE: 235011227 (1.313228 GB) buffnzmax: 1092 STORAGE EFFICIENCY: 1.500000 DATA REUSE: 21.340651
BLOCKING TIME: 2.501070e-01

FILL PROJECTION MATRIX
TIME: 3.801918e-01
FILL BACKPROJECTION MATRIX
TIME: 4.030301e-01
REDUCTION MAPPINGS
PREPROCESSING TIME: 2.018572e+00
INPUT MEASUREMENT DATA
INPUT ENDS
GRADIENT-DESCENT OPTIMIZATION
iter: 0 error: 4.959036e+04 gradnorm: 1.560968e+10
iter: 1 error: 5.316518e+03 gradnorm: 4.760847e+08
iter: 2 error: 5.074572e+02 gradnorm: 1.604497e+07
iter: 3 error: 2.940081e+02 gradnorm: 8.082367e+06
iter: 4 error: 1.716257e+02 gradnorm: 1.353841e+06
iter: 5 error: 1.154520e+02 gradnorm: 6.255228e+05
iter: 6 error: 8.909496e+01 gradnorm: 6.729298e+05
iter: 7 error: 7.788313e+01 gradnorm: 1.195019e+06
iter: 8 error: 7.140079e+01 gradnorm: 4.819104e+05
iter: 9 error: 5.778237e+01 gradnorm: 2.257560e+05
iter: 10 error: 4.873781e+01 gradnorm: 1.925259e+05
iter: 11 error: 4.172243e+01 gradnorm: 1.097195e+05
iter: 12 error: 3.765061e+01 gradnorm: 1.923598e+05
iter: 13 error: 3.466889e+01 gradnorm: 1.043061e+05
iter: 14 error: 3.165965e+01 gradnorm: 1.187877e+05
iter: 15 error: 3.099762e+01 gradnorm: 9.637177e+04
iter: 16 error: 2.842402e+01 gradnorm: 5.481688e+04
iter: 17 error: 2.682751e+01 gradnorm: 4.561113e+04
iter: 18 error: 2.523973e+01 gradnorm: 2.666028e+04
iter: 19 error: 2.394624e+01 gradnorm: 2.563721e+04
iter: 20 error: 2.288615e+01 gradnorm: 1.510515e+04
iter: 21 error: 2.205309e+01 gradnorm: 4.158489e+04
iter: 22 error: 2.187681e+01 gradnorm: 1.517882e+04
iter: 23 error: 2.120783e+01 gradnorm: 9.828701e+03
iter: 24 error: 2.079207e+01 gradnorm: 1.769215e+04
recon: 1.872745e+00 proj: 1.091714e+00 (1.074408e+00 8.383050e-03 8.884362e-03) backproj: 7.706730e-01 (2.679778e-03 5.059551e-03 7.629095e-01) ctime: 1.011591e-02 wtime: 9.460300e-05
numproj: 49 numback: 25
proj: 1.074408e+00 s (21.436092 GFLOPS) backproj: 7.629095e-01 s (15.402300 GFLOPS) avGFLOPS: 18.930679 totGFLOPS: 18.930679
proj: 66.744415 GB/s back: 47.650369 GB/s av: 58.815991 GB/s tot: 58.815991 GB/s
Total Time: 3.961326e+00
