NUM. THETA             : 750
NUM. RHO               : 512
NUM. X PIXELS          : 512
NUM. Y PIXELS          : 512

NUM. OF PIXELS         : 262144
NUM. OF RAYS           : 384000

NUM. ITERATIONS        : 24

SPATIAL TILE SIZE      : 64
SPECTRAL TILE SIZE     : 64

NUMBER OF X TILES      : 8
NUMBER OF Y TILES      : 8
NUM. OF THETA TILES    : 12
NUM. OF RHO TILES      : 8

NUM. SPATIAL TILES     : 64
NUM. SPECTRAL TILES    : 96

NUM. OF X PIXELS (EXT) : 512
NUM. OF Y PIXELS (EXT) : 512
NUM. OF ANGLES (EXT)   : 768
NUM. OF RHOS (EXT)     : 512

NUM. OF PIXELS (EXT)   : 262144
NUM. OF RAYS (EXT)     : 393216

NUMBER OF PROCESSES    : 1
NUMBER OF THRD./PROC.  : 30

INTEGER: 4, FLOAT: 4, LONG: 8, SHORT: 2, POINTER: 8
APPROX. MEMORY     TOTAL: 4.394531e+00 GB
APPROX. MEMORY PER PROC.: 4.394531e+00 GB

X START       : -2.560000e+02
Y START       : -2.560000e+02
PIXEL SIZE    : 1.000000e+00
RHO START     : -2.560000e+02
RAY LENGTH    : 1.024000e+03

SPATIAL INDEXING       : 5
SPECTRAL INDEXING      : 5
 1: CARTESIAN, NATURAL
 2: CARTESIAN, TRANSPOSED
 3: MORTON, NATURAL
 4: MORTON, TRANSPOSED
 5: HILBERT
PROJECTION BLOCK SIZE      : 128
BACKPROJECTION BLOCK SIZE  : 128
PROJECTION BUFFER SIZE      : 32 KB
BACKPROJECTION BUFFER SIZE  : 32 KB

SINOGRAM FILE : ../../../../datasets/CDS1_sinogram.bin
   THETA FILE : ../../../../datasets/CDS1_theta.bin
  OUTPUT FILE : ../../output/single_cpu/ip-0A00001A/30.CDS1.64.64.128.128.32.32.bin


PLACE TILES
lspat 8 lspatdim 8
lspec 12 lspecdim 16
MPI PARTITIONING
proc: 0 numspats: 64 numpixs: 262144 numspecs: 96 numrays: 393216
maxnumpix: 262144 maxnumray: 393216
FILL PIXELS AND RAYS
INPUT THETA DATA
DOMAIN PARTITIONING

CONSTRUCT PROJECTION MATRIX
CSR STORAGE: 235011227 (1.750970 GB) rownzmax 1022
RAY-TRACING TIME: 5.202803e-01
CONSTRUCT BACKPROJECTION MATRIX
CSR STORAGE: 235011227 (1.750970 GB) rownzmax 1092
TRANSPOSITION TIME: 1.825575e-01

BLOCKING PROJECTION MATRIX
NUMBER OF BLOCKS: 3000 BUFFSIZE: 8192
NUMBER OF BUFFERS: 5092 AVERAGE BUFF/BLOCK: 1.697333 MAX BUFF/BLOCK: 2
BUFFER MAP: 26354082 (0.098177 GB)
CSR STORAGE: 235011227 (1.313228 GB) buffnzmax: 765 STORAGE EFFICIENCY: 1.500000 DATA REUSE: 8.917451
BLOCKING TIME: 3.434539e-01
BLOCKING BACKPROJECTION MATRIX
NUMBER OF BLOCKS: 2048 BUFFSIZE: 8192
NUMBER OF BUFFERS: 3870 AVERAGE BUFF/BLOCK: 1.889648 MAX BUFF/BLOCK: 2
BUFFER MAP: 22030614 (0.082070 GB)
CSR STORAGE: 235011227 (1.313228 GB) buffnzmax: 852 STORAGE EFFICIENCY: 1.500000 DATA REUSE: 10.667484
BLOCKING TIME: 3.058410e-01

FILL PROJECTION MATRIX
TIME: 3.922494e-01
FILL BACKPROJECTION MATRIX
TIME: 3.927334e-01
REDUCTION MAPPINGS
PREPROCESSING TIME: 2.149745e+00
INPUT MEASUREMENT DATA
INPUT ENDS
GRADIENT-DESCENT OPTIMIZATION
iter: 0 error: 4.959037e+04 gradnorm: 1.560968e+10
iter: 1 error: 5.316519e+03 gradnorm: 4.760848e+08
iter: 2 error: 5.074572e+02 gradnorm: 1.604497e+07
iter: 3 error: 2.940081e+02 gradnorm: 8.082362e+06
iter: 4 error: 1.716257e+02 gradnorm: 1.353842e+06
iter: 5 error: 1.154530e+02 gradnorm: 6.259026e+05
iter: 6 error: 8.930875e+01 gradnorm: 7.391231e+05
iter: 7 error: 8.076891e+01 gradnorm: 1.293490e+06
iter: 8 error: 7.154073e+01 gradnorm: 4.404136e+05
iter: 9 error: 5.778273e+01 gradnorm: 2.256424e+05
iter: 10 error: 4.873782e+01 gradnorm: 1.925264e+05
iter: 11 error: 4.172251e+01 gradnorm: 1.097273e+05
iter: 12 error: 3.765154e+01 gradnorm: 1.923542e+05
iter: 13 error: 3.466663e+01 gradnorm: 1.035957e+05
iter: 14 error: 3.147420e+01 gradnorm: 6.292262e+04
iter: 15 error: 2.969679e+01 gradnorm: 2.400159e+05
iter: 16 error: 2.840934e+01 gradnorm: 5.905948e+04
iter: 17 error: 2.682741e+01 gradnorm: 4.564995e+04
iter: 18 error: 2.523974e+01 gradnorm: 2.666040e+04
iter: 19 error: 2.394624e+01 gradnorm: 2.563734e+04
iter: 20 error: 2.288621e+01 gradnorm: 1.512329e+04
iter: 21 error: 2.207106e+01 gradnorm: 4.618112e+04
iter: 22 error: 2.187848e+01 gradnorm: 1.462603e+04
iter: 23 error: 2.120621e+01 gradnorm: 9.628156e+03
iter: 24 error: 2.074810e+01 gradnorm: 1.490948e+04
recon: 2.140396e+00 proj: 1.217886e+00 (1.193984e+00 1.267091e-02 1.116686e-02) backproj: 9.117656e-01 (2.979897e-03 7.551042e-03 9.012122e-01) ctime: 1.057614e-02 wtime: 4.880200e-05
numproj: 49 numback: 25
proj: 1.193984e+00 s (19.289289 GFLOPS) backproj: 9.012122e-01 s (13.038618 GFLOPS) avGFLOPS: 16.600672 totGFLOPS: 16.600672
proj: 62.194057 GB/s back: 41.560407 GB/s av: 53.318851 GB/s tot: 53.318851 GB/s
Total Time: 4.364576e+00
