NUM. THETA             : 375
NUM. RHO               : 1024
NUM. X PIXELS          : 1024
NUM. Y PIXELS          : 1024

NUM. OF PIXELS         : 1048576
NUM. OF RAYS           : 384000

NUM. ITERATIONS        : 24

SPATIAL TILE SIZE      : 16
SPECTRAL TILE SIZE     : 16

NUMBER OF X TILES      : 64
NUMBER OF Y TILES      : 64
NUM. OF THETA TILES    : 24
NUM. OF RHO TILES      : 64

NUM. SPATIAL TILES     : 4096
NUM. SPECTRAL TILES    : 1536

NUM. OF X PIXELS (EXT) : 1024
NUM. OF Y PIXELS (EXT) : 1024
NUM. OF ANGLES (EXT)   : 384
NUM. OF RHOS (EXT)     : 1024

NUM. OF PIXELS (EXT)   : 1048576
NUM. OF RAYS (EXT)     : 393216

NUMBER OF PROCESSES    : 1
NUMBER OF THRD./PROC.  : 30

INTEGER: 4, FLOAT: 4, LONG: 8, SHORT: 2, POINTER: 8
APPROX. MEMORY     TOTAL: 8.789062e+00 GB
APPROX. MEMORY PER PROC.: 8.789062e+00 GB

X START       : -5.120000e+02
Y START       : -5.120000e+02
PIXEL SIZE    : 1.000000e+00
RHO START     : -5.120000e+02
RAY LENGTH    : 2.048000e+03

SPATIAL INDEXING       : 5
SPECTRAL INDEXING      : 5
 1: CARTESIAN, NATURAL
 2: CARTESIAN, TRANSPOSED
 3: MORTON, NATURAL
 4: MORTON, TRANSPOSED
 5: HILBERT
PROJECTION BLOCK SIZE      : 1024
BACKPROJECTION BLOCK SIZE  : 1024
PROJECTION BUFFER SIZE      : 8 KB
BACKPROJECTION BUFFER SIZE  : 8 KB

SINOGRAM FILE : ../../../../datasets/CDS2_sinogram.bin
   THETA FILE : ../../../../datasets/CDS2_theta.bin
  OUTPUT FILE : ../../output/single_cpu/ip-0A00000F/30.CDS2.16.16.1024.1024.8.8.bin


PLACE TILES
lspat 64 lspatdim 64
lspec 64 lspecdim 64
MPI PARTITIONING
proc: 0 numspats: 4096 numpixs: 1048576 numspecs: 1536 numrays: 393216
maxnumpix: 1048576 maxnumray: 393216
FILL PIXELS AND RAYS
INPUT THETA DATA
DOMAIN PARTITIONING

CONSTRUCT PROJECTION MATRIX
CSR STORAGE: 470024080 (3.501952 GB) rownzmax 2046
RAY-TRACING TIME: 5.047110e+00
CONSTRUCT BACKPROJECTION MATRIX
CSR STORAGE: 470024080 (3.501952 GB) rownzmax 607
TRANSPOSITION TIME: 4.656057e-01

BLOCKING PROJECTION MATRIX
NUMBER OF BLOCKS: 375 BUFFSIZE: 2048
NUMBER OF BUFFERS: 12085 AVERAGE BUFF/BLOCK: 32.226665 MAX BUFF/BLOCK: 52
BUFFER MAP: 24412709 (0.090944 GB)
CSR STORAGE: 470024080 (2.626464 GB) buffnzmax: 267 STORAGE EFFICIENCY: 1.500000 DATA REUSE: 19.253254
BLOCKING TIME: 5.395337e-01
BLOCKING BACKPROJECTION MATRIX
NUMBER OF BLOCKS: 1024 BUFFSIZE: 2048
NUMBER OF BUFFERS: 7720 AVERAGE BUFF/BLOCK: 7.539062 MAX BUFF/BLOCK: 8
BUFFER MAP: 14686007 (0.054710 GB)
CSR STORAGE: 470024080 (2.626464 GB) buffnzmax: 263 STORAGE EFFICIENCY: 1.500000 DATA REUSE: 32.004890
BLOCKING TIME: 4.669713e-01

FILL PROJECTION MATRIX
TIME: 7.117408e-01
FILL BACKPROJECTION MATRIX
TIME: 7.514205e-01
REDUCTION MAPPINGS
PREPROCESSING TIME: 8.006978e+00
INPUT MEASUREMENT DATA
INPUT ENDS
GRADIENT-DESCENT OPTIMIZATION
iter: 0 error: 5.498391e+04 gradnorm: 5.780564e+09
iter: 1 error: 2.713757e+04 gradnorm: 4.174664e+08
iter: 2 error: 2.306865e+04 gradnorm: 9.086819e+07
iter: 3 error: 2.127429e+04 gradnorm: 3.168976e+07
iter: 4 error: 2.032668e+04 gradnorm: 1.557750e+07
iter: 5 error: 1.975907e+04 gradnorm: 1.008936e+07
iter: 6 error: 1.938423e+04 gradnorm: 8.237568e+06
iter: 7 error: 1.911240e+04 gradnorm: 6.110055e+06
iter: 8 error: 1.886852e+04 gradnorm: 5.369955e+06
iter: 9 error: 1.867114e+04 gradnorm: 4.635726e+06
iter: 10 error: 1.852527e+04 gradnorm: 9.372359e+06
iter: 11 error: 1.844183e+04 gradnorm: 5.123538e+06
iter: 12 error: 1.828181e+04 gradnorm: 3.290537e+06
iter: 13 error: 1.811536e+04 gradnorm: 2.899220e+06
iter: 14 error: 1.798146e+04 gradnorm: 2.780888e+06
iter: 15 error: 1.785329e+04 gradnorm: 2.619715e+06
iter: 16 error: 1.778189e+04 gradnorm: 3.904708e+06
iter: 17 error: 1.767988e+04 gradnorm: 1.900453e+06
iter: 18 error: 1.760699e+04 gradnorm: 7.127059e+06
iter: 19 error: 1.754163e+04 gradnorm: 1.864056e+06
iter: 20 error: 1.745005e+04 gradnorm: 1.918518e+06
iter: 21 error: 1.736015e+04 gradnorm: 1.586891e+06
iter: 22 error: 1.726248e+04 gradnorm: 1.342262e+06
iter: 23 error: 1.716983e+04 gradnorm: 1.261316e+06
iter: 24 error: 1.708195e+04 gradnorm: 1.580946e+06
recon: 3.775623e+00 proj: 2.327555e+00 (2.304101e+00 1.216860e-02 1.123518e-02) backproj: 1.428166e+00 (2.299355e-03 4.812320e-03 1.421031e+00) ctime: 1.970479e-02 wtime: 6.750200e-05
numproj: 49 numback: 25
proj: 2.304101e+00 s (19.991472 GFLOPS) backproj: 1.421031e+00 s (16.538131 GFLOPS) avGFLOPS: 18.674121 totGFLOPS: 18.674121
proj: 62.051100 GB/s back: 50.647868 GB/s av: 57.701093 GB/s tot: 57.701093 GB/s
Total Time: 1.415034e+01
