NUM. THETA             : 375
NUM. RHO               : 1024
NUM. X PIXELS          : 1024
NUM. Y PIXELS          : 1024

NUM. OF PIXELS         : 1048576
NUM. OF RAYS           : 384000

NUM. ITERATIONS        : 24

SPATIAL TILE SIZE      : 16
SPECTRAL TILE SIZE     : 16

NUMBER OF X TILES      : 64
NUMBER OF Y TILES      : 64
NUM. OF THETA TILES    : 24
NUM. OF RHO TILES      : 64

NUM. SPATIAL TILES     : 4096
NUM. SPECTRAL TILES    : 1536

NUM. OF X PIXELS (EXT) : 1024
NUM. OF Y PIXELS (EXT) : 1024
NUM. OF ANGLES (EXT)   : 384
NUM. OF RHOS (EXT)     : 1024

NUM. OF PIXELS (EXT)   : 1048576
NUM. OF RAYS (EXT)     : 393216

NUMBER OF PROCESSES    : 1
NUMBER OF THRD./PROC.  : 30

INTEGER: 4, FLOAT: 4, LONG: 8, SHORT: 2, POINTER: 8
APPROX. MEMORY     TOTAL: 8.789062e+00 GB
APPROX. MEMORY PER PROC.: 8.789062e+00 GB

X START       : -5.120000e+02
Y START       : -5.120000e+02
PIXEL SIZE    : 1.000000e+00
RHO START     : -5.120000e+02
RAY LENGTH    : 2.048000e+03

SPATIAL INDEXING       : 5
SPECTRAL INDEXING      : 5
 1: CARTESIAN, NATURAL
 2: CARTESIAN, TRANSPOSED
 3: MORTON, NATURAL
 4: MORTON, TRANSPOSED
 5: HILBERT
PROJECTION BLOCK SIZE      : 512
BACKPROJECTION BLOCK SIZE  : 512
PROJECTION BUFFER SIZE      : 32 KB
BACKPROJECTION BUFFER SIZE  : 32 KB

SINOGRAM FILE : ../../../../datasets/CDS2_sinogram.bin
   THETA FILE : ../../../../datasets/CDS2_theta.bin
  OUTPUT FILE : ../../output/single_cpu/ip-0A00000F/30.CDS2.16.16.512.512.32.32.bin


PLACE TILES
lspat 64 lspatdim 64
lspec 64 lspecdim 64
MPI PARTITIONING
proc: 0 numspats: 4096 numpixs: 1048576 numspecs: 1536 numrays: 393216
maxnumpix: 1048576 maxnumray: 393216
FILL PIXELS AND RAYS
INPUT THETA DATA
DOMAIN PARTITIONING

CONSTRUCT PROJECTION MATRIX
CSR STORAGE: 470024080 (3.501952 GB) rownzmax 2046
RAY-TRACING TIME: 4.964317e+00
CONSTRUCT BACKPROJECTION MATRIX
CSR STORAGE: 470024080 (3.501952 GB) rownzmax 607
TRANSPOSITION TIME: 4.714349e-01

BLOCKING PROJECTION MATRIX
NUMBER OF BLOCKS: 750 BUFFSIZE: 8192
NUMBER OF BUFFERS: 4826 AVERAGE BUFF/BLOCK: 6.434667 MAX BUFF/BLOCK: 11
BUFFER MAP: 36402815 (0.135611 GB)
CSR STORAGE: 470024080 (2.626464 GB) buffnzmax: 551 STORAGE EFFICIENCY: 1.500000 DATA REUSE: 12.911750
BLOCKING TIME: 5.571579e-01
BLOCKING BACKPROJECTION MATRIX
NUMBER OF BLOCKS: 2048 BUFFSIZE: 8192
NUMBER OF BUFFERS: 3910 AVERAGE BUFF/BLOCK: 1.909180 MAX BUFF/BLOCK: 2
BUFFER MAP: 22030920 (0.082072 GB)
CSR STORAGE: 470024080 (2.626464 GB) buffnzmax: 506 STORAGE EFFICIENCY: 1.500000 DATA REUSE: 21.334745
BLOCKING TIME: 4.961065e-01

FILL PROJECTION MATRIX
TIME: 6.916364e-01
FILL BACKPROJECTION MATRIX
TIME: 7.488307e-01
REDUCTION MAPPINGS
PREPROCESSING TIME: 7.941445e+00
INPUT MEASUREMENT DATA
INPUT ENDS
GRADIENT-DESCENT OPTIMIZATION
iter: 0 error: 5.498391e+04 gradnorm: 5.780564e+09
iter: 1 error: 2.713757e+04 gradnorm: 4.174663e+08
iter: 2 error: 2.306865e+04 gradnorm: 9.086822e+07
iter: 3 error: 2.127430e+04 gradnorm: 3.168980e+07
iter: 4 error: 2.032668e+04 gradnorm: 1.557749e+07
iter: 5 error: 1.975907e+04 gradnorm: 1.008934e+07
iter: 6 error: 1.938423e+04 gradnorm: 8.237608e+06
iter: 7 error: 1.911241e+04 gradnorm: 6.110310e+06
iter: 8 error: 1.886859e+04 gradnorm: 5.383973e+06
iter: 9 error: 1.867453e+04 gradnorm: 5.242136e+06
iter: 10 error: 1.857822e+04 gradnorm: 1.025799e+07
iter: 11 error: 1.844622e+04 gradnorm: 4.367259e+06
iter: 12 error: 1.828186e+04 gradnorm: 3.281493e+06
iter: 13 error: 1.811538e+04 gradnorm: 2.901138e+06
iter: 14 error: 1.798181e+04 gradnorm: 2.809152e+06
iter: 15 error: 1.785818e+04 gradnorm: 2.976346e+06
iter: 16 error: 1.779244e+04 gradnorm: 3.375504e+06
iter: 17 error: 1.767979e+04 gradnorm: 1.792904e+06
iter: 18 error: 1.757435e+04 gradnorm: 4.567180e+06
iter: 19 error: 1.753938e+04 gradnorm: 2.287661e+06
iter: 20 error: 1.745003e+04 gradnorm: 1.923690e+06
iter: 21 error: 1.736015e+04 gradnorm: 1.586921e+06
iter: 22 error: 1.726247e+04 gradnorm: 1.342166e+06
iter: 23 error: 1.716979e+04 gradnorm: 1.258288e+06
iter: 24 error: 1.708012e+04 gradnorm: 1.311729e+06
recon: 4.541791e+00 proj: 2.759042e+00 (2.737723e+00 1.139838e-02 9.862935e-03) backproj: 1.763425e+00 (1.932367e-03 5.526085e-03 1.755942e+00) ctime: 1.912554e-02 wtime: 7.430100e-05
numproj: 49 numback: 25
proj: 2.737723e+00 s (16.825061 GFLOPS) backproj: 1.755942e+00 s (13.383819 GFLOPS) avGFLOPS: 15.480364 totGFLOPS: 15.480364
proj: 53.081347 GB/s back: 41.406106 GB/s av: 48.519137 GB/s tot: 48.519137 GB/s
Total Time: 1.480694e+01
