NUM. THETA             : 750
NUM. RHO               : 512
NUM. X PIXELS          : 512
NUM. Y PIXELS          : 512

NUM. OF PIXELS         : 262144
NUM. OF RAYS           : 384000

NUM. ITERATIONS        : 24

SPATIAL TILE SIZE      : 32
SPECTRAL TILE SIZE     : 32

NUMBER OF X TILES      : 16
NUMBER OF Y TILES      : 16
NUM. OF THETA TILES    : 24
NUM. OF RHO TILES      : 16

NUM. SPATIAL TILES     : 256
NUM. SPECTRAL TILES    : 384

NUM. OF X PIXELS (EXT) : 512
NUM. OF Y PIXELS (EXT) : 512
NUM. OF ANGLES (EXT)   : 768
NUM. OF RHOS (EXT)     : 512

NUM. OF PIXELS (EXT)   : 262144
NUM. OF RAYS (EXT)     : 393216

NUMBER OF PROCESSES    : 1
NUMBER OF THRD./PROC.  : 30

INTEGER: 4, FLOAT: 4, LONG: 8, SHORT: 2, POINTER: 8
APPROX. MEMORY     TOTAL: 4.394531e+00 GB
APPROX. MEMORY PER PROC.: 4.394531e+00 GB

X START       : -2.560000e+02
Y START       : -2.560000e+02
PIXEL SIZE    : 1.000000e+00
RHO START     : -2.560000e+02
RAY LENGTH    : 1.024000e+03

SPATIAL INDEXING       : 5
SPECTRAL INDEXING      : 5
 1: CARTESIAN, NATURAL
 2: CARTESIAN, TRANSPOSED
 3: MORTON, NATURAL
 4: MORTON, TRANSPOSED
 5: HILBERT
PROJECTION BLOCK SIZE      : 128
BACKPROJECTION BLOCK SIZE  : 128
PROJECTION BUFFER SIZE      : 32 KB
BACKPROJECTION BUFFER SIZE  : 32 KB

SINOGRAM FILE : ../../../../datasets/CDS1_sinogram.bin
   THETA FILE : ../../../../datasets/CDS1_theta.bin
  OUTPUT FILE : ../../output/single_cpu/ip-0A00001A/30.CDS1.32.32.128.128.32.32.bin


PLACE TILES
lspat 16 lspatdim 16
lspec 24 lspecdim 32
MPI PARTITIONING
proc: 0 numspats: 256 numpixs: 262144 numspecs: 384 numrays: 393216
maxnumpix: 262144 maxnumray: 393216
FILL PIXELS AND RAYS
INPUT THETA DATA
DOMAIN PARTITIONING

CONSTRUCT PROJECTION MATRIX
CSR STORAGE: 235011239 (1.750970 GB) rownzmax 1022
RAY-TRACING TIME: 6.775577e-01
CONSTRUCT BACKPROJECTION MATRIX
CSR STORAGE: 235011239 (1.750970 GB) rownzmax 1092
TRANSPOSITION TIME: 2.082042e-01

BLOCKING PROJECTION MATRIX
NUMBER OF BLOCKS: 3000 BUFFSIZE: 8192
NUMBER OF BUFFERS: 5086 AVERAGE BUFF/BLOCK: 1.695333 MAX BUFF/BLOCK: 2
BUFFER MAP: 26361457 (0.098204 GB)
CSR STORAGE: 235011239 (1.313228 GB) buffnzmax: 767 STORAGE EFFICIENCY: 1.500000 DATA REUSE: 8.914956
BLOCKING TIME: 3.519534e-01
BLOCKING BACKPROJECTION MATRIX
NUMBER OF BLOCKS: 2048 BUFFSIZE: 8192
NUMBER OF BUFFERS: 3870 AVERAGE BUFF/BLOCK: 1.889648 MAX BUFF/BLOCK: 2
BUFFER MAP: 22030602 (0.082070 GB)
CSR STORAGE: 235011239 (1.313228 GB) buffnzmax: 879 STORAGE EFFICIENCY: 1.500000 DATA REUSE: 10.667490
BLOCKING TIME: 2.982854e-01

FILL PROJECTION MATRIX
TIME: 3.664059e-01
FILL BACKPROJECTION MATRIX
TIME: 3.918599e-01
REDUCTION MAPPINGS
PREPROCESSING TIME: 2.306861e+00
INPUT MEASUREMENT DATA
INPUT ENDS
GRADIENT-DESCENT OPTIMIZATION
iter: 0 error: 4.959037e+04 gradnorm: 1.560967e+10
iter: 1 error: 5.316521e+03 gradnorm: 4.760835e+08
iter: 2 error: 5.074594e+02 gradnorm: 1.604491e+07
iter: 3 error: 2.940096e+02 gradnorm: 8.082411e+06
iter: 4 error: 1.716272e+02 gradnorm: 1.353851e+06
iter: 5 error: 1.154536e+02 gradnorm: 6.255934e+05
iter: 6 error: 8.913865e+01 gradnorm: 6.860252e+05
iter: 7 error: 7.869945e+01 gradnorm: 1.266309e+06
iter: 8 error: 7.145934e+01 gradnorm: 4.651516e+05
iter: 9 error: 5.778423e+01 gradnorm: 2.257064e+05
iter: 10 error: 4.873886e+01 gradnorm: 1.924518e+05
iter: 11 error: 4.171441e+01 gradnorm: 1.086271e+05
iter: 12 error: 3.749561e+01 gradnorm: 1.864554e+05
iter: 13 error: 3.463843e+01 gradnorm: 1.072404e+05
iter: 14 error: 3.174305e+01 gradnorm: 1.408278e+05
iter: 15 error: 3.103476e+01 gradnorm: 8.555855e+04
iter: 16 error: 2.842528e+01 gradnorm: 5.473613e+04
iter: 17 error: 2.682884e+01 gradnorm: 4.562668e+04
iter: 18 error: 2.524189e+01 gradnorm: 2.666372e+04
iter: 19 error: 2.394853e+01 gradnorm: 2.565087e+04
iter: 20 error: 2.289558e+01 gradnorm: 1.750110e+04
iter: 21 error: 2.262821e+01 gradnorm: 6.101361e+04
iter: 22 error: 2.188845e+01 gradnorm: 1.211089e+04
iter: 23 error: 2.120938e+01 gradnorm: 9.739772e+03
iter: 24 error: 2.077769e+01 gradnorm: 1.679441e+04
recon: 2.289293e+00 proj: 1.424140e+00 (1.401688e+00 9.290007e-03 1.311443e-02) backproj: 8.544106e-01 (7.371240e-03 7.543247e-03 8.394759e-01) ctime: 1.054444e-02 wtime: 7.360400e-05
numproj: 49 numback: 25
proj: 1.401688e+00 s (16.430975 GFLOPS) backproj: 8.394759e-01 s (13.997497 GFLOPS) avGFLOPS: 15.519464 totGFLOPS: 15.519464
proj: 52.979083 GB/s back: 44.616820 GB/s av: 49.846819 GB/s tot: 49.846819 GB/s
Total Time: 4.785426e+00
