NUM. THETA             : 375
NUM. RHO               : 1024
NUM. X PIXELS          : 1024
NUM. Y PIXELS          : 1024

NUM. OF PIXELS         : 1048576
NUM. OF RAYS           : 384000

NUM. ITERATIONS        : 24

SPATIAL TILE SIZE      : 16
SPECTRAL TILE SIZE     : 16

NUMBER OF X TILES      : 64
NUMBER OF Y TILES      : 64
NUM. OF THETA TILES    : 24
NUM. OF RHO TILES      : 64

NUM. SPATIAL TILES     : 4096
NUM. SPECTRAL TILES    : 1536

NUM. OF X PIXELS (EXT) : 1024
NUM. OF Y PIXELS (EXT) : 1024
NUM. OF ANGLES (EXT)   : 384
NUM. OF RHOS (EXT)     : 1024

NUM. OF PIXELS (EXT)   : 1048576
NUM. OF RAYS (EXT)     : 393216

NUMBER OF PROCESSES    : 1
NUMBER OF THRD./PROC.  : 30

INTEGER: 4, FLOAT: 4, LONG: 8, SHORT: 2, POINTER: 8
APPROX. MEMORY     TOTAL: 8.789062e+00 GB
APPROX. MEMORY PER PROC.: 8.789062e+00 GB

X START       : -5.120000e+02
Y START       : -5.120000e+02
PIXEL SIZE    : 1.000000e+00
RHO START     : -5.120000e+02
RAY LENGTH    : 2.048000e+03

SPATIAL INDEXING       : 5
SPECTRAL INDEXING      : 5
 1: CARTESIAN, NATURAL
 2: CARTESIAN, TRANSPOSED
 3: MORTON, NATURAL
 4: MORTON, TRANSPOSED
 5: HILBERT
PROJECTION BLOCK SIZE      : 2048
BACKPROJECTION BLOCK SIZE  : 2048
PROJECTION BUFFER SIZE      : 512 KB
BACKPROJECTION BUFFER SIZE  : 512 KB

SINOGRAM FILE : ../../../../datasets/CDS2_sinogram.bin
   THETA FILE : ../../../../datasets/CDS2_theta.bin
  OUTPUT FILE : ../../output/single_cpu/ip-0A00000F/30.CDS2.16.16.2048.2048.512.512.bin


PLACE TILES
lspat 64 lspatdim 64
lspec 64 lspecdim 64
MPI PARTITIONING
proc: 0 numspats: 4096 numpixs: 1048576 numspecs: 1536 numrays: 393216
maxnumpix: 1048576 maxnumray: 393216
FILL PIXELS AND RAYS
INPUT THETA DATA
DOMAIN PARTITIONING

CONSTRUCT PROJECTION MATRIX
CSR STORAGE: 470024080 (3.501952 GB) rownzmax 2046
RAY-TRACING TIME: 5.234084e+00
CONSTRUCT BACKPROJECTION MATRIX
CSR STORAGE: 470024080 (3.501952 GB) rownzmax 607
TRANSPOSITION TIME: 4.609071e-01

BLOCKING PROJECTION MATRIX
NUMBER OF BLOCKS: 188 BUFFSIZE: 131072
NUMBER OF BUFFERS: 203 AVERAGE BUFF/BLOCK: 1.079787 MAX BUFF/BLOCK: 2
BUFFER MAP: 18112487 (0.067474 GB)
CSR STORAGE: 470024080 (2.626464 GB) buffnzmax: 1918 STORAGE EFFICIENCY: 1.500000 DATA REUSE: 25.950275
BLOCKING TIME: 5.599114e-01
BLOCKING BACKPROJECTION MATRIX
NUMBER OF BLOCKS: 512 BUFFSIZE: 131072
NUMBER OF BUFFERS: 512 AVERAGE BUFF/BLOCK: 1.000000 MAX BUFF/BLOCK: 1
BUFFER MAP: 11012616 (0.041025 GB)
CSR STORAGE: 470024080 (2.626464 GB) buffnzmax: 607 STORAGE EFFICIENCY: 1.500000 DATA REUSE: 42.680511
BLOCKING TIME: 4.544427e-01

FILL PROJECTION MATRIX
TIME: 6.837981e-01
FILL BACKPROJECTION MATRIX
TIME: 7.528723e-01
REDUCTION MAPPINGS
PREPROCESSING TIME: 8.160044e+00
INPUT MEASUREMENT DATA
INPUT ENDS
GRADIENT-DESCENT OPTIMIZATION
iter: 0 error: 5.498390e+04 gradnorm: 5.780564e+09
iter: 1 error: 2.454350e+04 gradnorm: 3.600259e+08
iter: 2 error: 2.119277e+04 gradnorm: 8.625558e+07
iter: 3 error: 1.977926e+04 gradnorm: 6.652106e+07
iter: 4 error: 1.926605e+04 gradnorm: 2.218810e+07
iter: 5 error: 1.886808e+04 gradnorm: 9.279390e+06
iter: 6 error: 1.858126e+04 gradnorm: 1.370580e+07
iter: 7 error: 1.839119e+04 gradnorm: 1.288214e+07
iter: 8 error: 1.820111e+04 gradnorm: 5.377216e+06
iter: 9 error: 1.808110e+04 gradnorm: 3.421012e+06
iter: 10 error: 1.800671e+04 gradnorm: 3.969789e+06
iter: 11 error: 1.789721e+04 gradnorm: 8.091577e+06
iter: 12 error: 1.782683e+04 gradnorm: 4.506394e+06
iter: 13 error: 1.778792e+04 gradnorm: 4.858936e+06
iter: 14 error: 1.772595e+04 gradnorm: 2.790136e+06
iter: 15 error: 1.769102e+04 gradnorm: 3.376598e+06
iter: 16 error: 1.767926e+04 gradnorm: 1.961029e+06
iter: 17 error: 1.766410e+04 gradnorm: 1.955522e+06
iter: 18 error: 1.763371e+04 gradnorm: 1.707198e+06
iter: 19 error: 1.759776e+04 gradnorm: 2.129562e+06
iter: 20 error: 1.758178e+04 gradnorm: 1.752137e+06
iter: 21 error: 1.755580e+04 gradnorm: 1.814071e+06
iter: 22 error: 1.753754e+04 gradnorm: 2.249584e+06
iter: 23 error: 1.752681e+04 gradnorm: 1.803667e+06
iter: 24 error: 1.751763e+04 gradnorm: 1.366409e+06
recon: 3.297428e+00 proj: 1.979966e+00 (1.959357e+00 1.328683e-02 7.259782e-03) backproj: 1.298260e+00 (1.868247e-03 4.669417e-03 1.291698e+00) ctime: 1.903958e-02 wtime: 4.100100e-05
numproj: 49 numback: 25
proj: 1.959357e+00 s (23.508912 GFLOPS) backproj: 1.291698e+00 s (18.194035 GFLOPS) avGFLOPS: 21.397223 totGFLOPS: 21.397223
proj: 72.338580 GB/s back: 55.434672 GB/s av: 65.622377 GB/s tot: 65.622377 GB/s
Total Time: 1.380090e+01
