NUM. THETA             : 375
NUM. RHO               : 1024
NUM. X PIXELS          : 1024
NUM. Y PIXELS          : 1024

NUM. OF PIXELS         : 1048576
NUM. OF RAYS           : 384000

NUM. ITERATIONS        : 24

SPATIAL TILE SIZE      : 16
SPECTRAL TILE SIZE     : 16

NUMBER OF X TILES      : 64
NUMBER OF Y TILES      : 64
NUM. OF THETA TILES    : 24
NUM. OF RHO TILES      : 64

NUM. SPATIAL TILES     : 4096
NUM. SPECTRAL TILES    : 1536

NUM. OF X PIXELS (EXT) : 1024
NUM. OF Y PIXELS (EXT) : 1024
NUM. OF ANGLES (EXT)   : 384
NUM. OF RHOS (EXT)     : 1024

NUM. OF PIXELS (EXT)   : 1048576
NUM. OF RAYS (EXT)     : 393216

NUMBER OF PROCESSES    : 1
NUMBER OF THRD./PROC.  : 30

INTEGER: 4, FLOAT: 4, LONG: 8, SHORT: 2, POINTER: 8
APPROX. MEMORY     TOTAL: 8.789062e+00 GB
APPROX. MEMORY PER PROC.: 8.789062e+00 GB

X START       : -5.120000e+02
Y START       : -5.120000e+02
PIXEL SIZE    : 1.000000e+00
RHO START     : -5.120000e+02
RAY LENGTH    : 2.048000e+03

SPATIAL INDEXING       : 5
SPECTRAL INDEXING      : 5
 1: CARTESIAN, NATURAL
 2: CARTESIAN, TRANSPOSED
 3: MORTON, NATURAL
 4: MORTON, TRANSPOSED
 5: HILBERT
PROJECTION BLOCK SIZE      : 2048
BACKPROJECTION BLOCK SIZE  : 2048
PROJECTION BUFFER SIZE      : 128 KB
BACKPROJECTION BUFFER SIZE  : 128 KB

SINOGRAM FILE : ../../../../datasets/CDS2_sinogram.bin
   THETA FILE : ../../../../datasets/CDS2_theta.bin
  OUTPUT FILE : ../../output/single_cpu/ip-0A00000F/30.CDS2.16.16.2048.2048.128.128.bin


PLACE TILES
lspat 64 lspatdim 64
lspec 64 lspecdim 64
MPI PARTITIONING
proc: 0 numspats: 4096 numpixs: 1048576 numspecs: 1536 numrays: 393216
maxnumpix: 1048576 maxnumray: 393216
FILL PIXELS AND RAYS
INPUT THETA DATA
DOMAIN PARTITIONING

CONSTRUCT PROJECTION MATRIX
CSR STORAGE: 470024080 (3.501952 GB) rownzmax 2046
RAY-TRACING TIME: 5.228199e+00
CONSTRUCT BACKPROJECTION MATRIX
CSR STORAGE: 470024080 (3.501952 GB) rownzmax 607
TRANSPOSITION TIME: 4.681024e-01

BLOCKING PROJECTION MATRIX
NUMBER OF BLOCKS: 188 BUFFSIZE: 32768
NUMBER OF BUFFERS: 661 AVERAGE BUFF/BLOCK: 3.515957 MAX BUFF/BLOCK: 5
BUFFER MAP: 18112487 (0.067474 GB)
CSR STORAGE: 470024080 (2.626464 GB) buffnzmax: 898 STORAGE EFFICIENCY: 1.500000 DATA REUSE: 25.950275
BLOCKING TIME: 5.355250e-01
BLOCKING BACKPROJECTION MATRIX
NUMBER OF BLOCKS: 512 BUFFSIZE: 32768
NUMBER OF BUFFERS: 512 AVERAGE BUFF/BLOCK: 1.000000 MAX BUFF/BLOCK: 1
BUFFER MAP: 11012616 (0.041025 GB)
CSR STORAGE: 470024080 (2.626464 GB) buffnzmax: 607 STORAGE EFFICIENCY: 1.500000 DATA REUSE: 42.680511
BLOCKING TIME: 4.471465e-01

FILL PROJECTION MATRIX
TIME: 7.215137e-01
FILL BACKPROJECTION MATRIX
TIME: 7.548729e-01
REDUCTION MAPPINGS
PREPROCESSING TIME: 8.187022e+00
INPUT MEASUREMENT DATA
INPUT ENDS
GRADIENT-DESCENT OPTIMIZATION
iter: 0 error: 5.498390e+04 gradnorm: 5.780564e+09
iter: 1 error: 2.713757e+04 gradnorm: 4.174663e+08
iter: 2 error: 2.306865e+04 gradnorm: 9.086819e+07
iter: 3 error: 2.127430e+04 gradnorm: 3.168978e+07
iter: 4 error: 2.032668e+04 gradnorm: 1.557749e+07
iter: 5 error: 1.975907e+04 gradnorm: 1.008935e+07
iter: 6 error: 1.938423e+04 gradnorm: 8.237599e+06
iter: 7 error: 1.911240e+04 gradnorm: 6.110509e+06
iter: 8 error: 1.886864e+04 gradnorm: 5.393882e+06
iter: 9 error: 1.867683e+04 gradnorm: 5.638664e+06
iter: 10 error: 1.859153e+04 gradnorm: 9.330197e+06
iter: 11 error: 1.844664e+04 gradnorm: 4.292480e+06
iter: 12 error: 1.828186e+04 gradnorm: 3.280592e+06
iter: 13 error: 1.811537e+04 gradnorm: 2.899782e+06
iter: 14 error: 1.798157e+04 gradnorm: 2.790192e+06
iter: 15 error: 1.785497e+04 gradnorm: 2.749711e+06
iter: 16 error: 1.778686e+04 gradnorm: 3.724307e+06
iter: 17 error: 1.768386e+04 gradnorm: 2.588528e+06
iter: 18 error: 1.765141e+04 gradnorm: 3.933782e+06
iter: 19 error: 1.754219e+04 gradnorm: 1.757457e+06
iter: 20 error: 1.745006e+04 gradnorm: 1.917237e+06
iter: 21 error: 1.736015e+04 gradnorm: 1.586872e+06
iter: 22 error: 1.726248e+04 gradnorm: 1.342227e+06
iter: 23 error: 1.716984e+04 gradnorm: 1.267030e+06
iter: 24 error: 1.708820e+04 gradnorm: 2.781277e+06
recon: 3.293172e+00 proj: 2.177545e+00 (2.150954e+00 1.348534e-02 1.304363e-02) backproj: 1.095744e+00 (2.210956e-03 4.594112e-03 1.088914e+00) ctime: 1.970359e-02 wtime: 5.290200e-05
numproj: 49 numback: 25
proj: 2.150954e+00 s (21.414855 GFLOPS) backproj: 1.088914e+00 s (21.582243 GFLOPS) avGFLOPS: 21.471114 totGFLOPS: 21.471114
proj: 65.895017 GB/s back: 65.758069 GB/s av: 65.848989 GB/s tot: 65.848989 GB/s
Total Time: 1.384493e+01
