NUM. THETA             : 375
NUM. RHO               : 1024
NUM. X PIXELS          : 1024
NUM. Y PIXELS          : 1024

NUM. OF PIXELS         : 1048576
NUM. OF RAYS           : 384000

NUM. ITERATIONS        : 24

SPATIAL TILE SIZE      : 128
SPECTRAL TILE SIZE     : 128

NUMBER OF X TILES      : 8
NUMBER OF Y TILES      : 8
NUM. OF THETA TILES    : 3
NUM. OF RHO TILES      : 8

NUM. SPATIAL TILES     : 64
NUM. SPECTRAL TILES    : 24

NUM. OF X PIXELS (EXT) : 1024
NUM. OF Y PIXELS (EXT) : 1024
NUM. OF ANGLES (EXT)   : 384
NUM. OF RHOS (EXT)     : 1024

NUM. OF PIXELS (EXT)   : 1048576
NUM. OF RAYS (EXT)     : 393216

NUMBER OF PROCESSES    : 1
NUMBER OF THRD./PROC.  : 30

INTEGER: 4, FLOAT: 4, LONG: 8, SHORT: 2, POINTER: 8
APPROX. MEMORY     TOTAL: 8.789062e+00 GB
APPROX. MEMORY PER PROC.: 8.789062e+00 GB

X START       : -5.120000e+02
Y START       : -5.120000e+02
PIXEL SIZE    : 1.000000e+00
RHO START     : -5.120000e+02
RAY LENGTH    : 2.048000e+03

SPATIAL INDEXING       : 5
SPECTRAL INDEXING      : 5
 1: CARTESIAN, NATURAL
 2: CARTESIAN, TRANSPOSED
 3: MORTON, NATURAL
 4: MORTON, TRANSPOSED
 5: HILBERT
PROJECTION BLOCK SIZE      : 512
BACKPROJECTION BLOCK SIZE  : 512
PROJECTION BUFFER SIZE      : 32 KB
BACKPROJECTION BUFFER SIZE  : 32 KB

SINOGRAM FILE : ../../../../datasets/CDS2_sinogram.bin
   THETA FILE : ../../../../datasets/CDS2_theta.bin
  OUTPUT FILE : ../../output/single_cpu/ip-0A00001A/30.CDS2.128.128.512.512.32.32.bin


PLACE TILES
lspat 8 lspatdim 8
lspec 8 lspecdim 8
MPI PARTITIONING
proc: 0 numspats: 64 numpixs: 1048576 numspecs: 24 numrays: 393216
maxnumpix: 1048576 maxnumray: 393216
FILL PIXELS AND RAYS
INPUT THETA DATA
DOMAIN PARTITIONING

CONSTRUCT PROJECTION MATRIX
CSR STORAGE: 470024030 (3.501952 GB) rownzmax 2046
RAY-TRACING TIME: 1.060520e+00
CONSTRUCT BACKPROJECTION MATRIX
CSR STORAGE: 470024030 (3.501952 GB) rownzmax 607
TRANSPOSITION TIME: 4.863880e-01

BLOCKING PROJECTION MATRIX
NUMBER OF BLOCKS: 750 BUFFSIZE: 8192
NUMBER OF BUFFERS: 4754 AVERAGE BUFF/BLOCK: 6.338666 MAX BUFF/BLOCK: 11
BUFFER MAP: 35623385 (0.132707 GB)
CSR STORAGE: 470024030 (2.626464 GB) buffnzmax: 569 STORAGE EFFICIENCY: 1.500000 DATA REUSE: 13.194256
BLOCKING TIME: 5.792664e-01
BLOCKING BACKPROJECTION MATRIX
NUMBER OF BLOCKS: 2048 BUFFSIZE: 8192
NUMBER OF BUFFERS: 3910 AVERAGE BUFF/BLOCK: 1.909180 MAX BUFF/BLOCK: 2
BUFFER MAP: 22030871 (0.082071 GB)
CSR STORAGE: 470024030 (2.626464 GB) buffnzmax: 502 STORAGE EFFICIENCY: 1.500000 DATA REUSE: 21.334789
BLOCKING TIME: 4.808775e-01

FILL PROJECTION MATRIX
TIME: 6.874712e-01
FILL BACKPROJECTION MATRIX
TIME: 7.415607e-01
REDUCTION MAPPINGS
PREPROCESSING TIME: 4.048826e+00
INPUT MEASUREMENT DATA
INPUT ENDS
GRADIENT-DESCENT OPTIMIZATION
iter: 0 error: 5.498390e+04 gradnorm: 5.786073e+09
iter: 1 error: 2.733176e+04 gradnorm: 4.102495e+08
iter: 2 error: 2.328450e+04 gradnorm: 9.330677e+07
iter: 3 error: 2.147340e+04 gradnorm: 3.140846e+07
iter: 4 error: 2.047604e+04 gradnorm: 1.562308e+07
iter: 5 error: 1.987893e+04 gradnorm: 9.873854e+06
iter: 6 error: 1.945743e+04 gradnorm: 8.020880e+06
iter: 7 error: 1.917913e+04 gradnorm: 6.942578e+06
iter: 8 error: 1.893230e+04 gradnorm: 5.882832e+06
iter: 9 error: 1.875336e+04 gradnorm: 1.017325e+07
iter: 10 error: 1.866260e+04 gradnorm: 6.218364e+06
iter: 11 error: 1.848068e+04 gradnorm: 4.631499e+06
iter: 12 error: 1.831002e+04 gradnorm: 3.594196e+06
iter: 13 error: 1.813033e+04 gradnorm: 3.147895e+06
iter: 14 error: 1.799122e+04 gradnorm: 3.286135e+06
iter: 15 error: 1.787280e+04 gradnorm: 3.934914e+06
iter: 16 error: 1.779796e+04 gradnorm: 2.973954e+06
iter: 17 error: 1.766774e+04 gradnorm: 2.481585e+06
iter: 18 error: 1.763237e+04 gradnorm: 4.673570e+06
iter: 19 error: 1.751492e+04 gradnorm: 1.686797e+06
iter: 20 error: 1.739915e+04 gradnorm: 1.595593e+06
iter: 21 error: 1.729538e+04 gradnorm: 1.607415e+06
iter: 22 error: 1.720762e+04 gradnorm: 1.550466e+06
iter: 23 error: 1.712940e+04 gradnorm: 1.579643e+06
iter: 24 error: 1.708650e+04 gradnorm: 4.895772e+06
recon: 4.330434e+00 proj: 3.055257e+00 (3.033357e+00 1.062288e-02 1.122109e-02) backproj: 1.242871e+00 (2.375761e-03 5.035531e-03 1.235433e+00) ctime: 3.211075e-02 wtime: 6.860100e-05
numproj: 49 numback: 25
proj: 3.033357e+00 s (15.185274 GFLOPS) backproj: 1.235433e+00 s (19.022642 GFLOPS) avGFLOPS: 16.295849 totGFLOPS: 16.295849
proj: 47.857622 GB/s back: 58.851177 GB/s av: 51.039273 GB/s tot: 51.039273 GB/s
Total Time: 8.481136e+00
