NUM. THETA             : 750
NUM. RHO               : 512
NUM. X PIXELS          : 512
NUM. Y PIXELS          : 512

NUM. OF PIXELS         : 262144
NUM. OF RAYS           : 384000

NUM. ITERATIONS        : 24

SPATIAL TILE SIZE      : 16
SPECTRAL TILE SIZE     : 16

NUMBER OF X TILES      : 32
NUMBER OF Y TILES      : 32
NUM. OF THETA TILES    : 47
NUM. OF RHO TILES      : 32

NUM. SPATIAL TILES     : 1024
NUM. SPECTRAL TILES    : 1504

NUM. OF X PIXELS (EXT) : 512
NUM. OF Y PIXELS (EXT) : 512
NUM. OF ANGLES (EXT)   : 752
NUM. OF RHOS (EXT)     : 512

NUM. OF PIXELS (EXT)   : 262144
NUM. OF RAYS (EXT)     : 385024

NUMBER OF PROCESSES    : 1
NUMBER OF THRD./PROC.  : 30

INTEGER: 4, FLOAT: 4, LONG: 8, SHORT: 2, POINTER: 8
APPROX. MEMORY     TOTAL: 4.394531e+00 GB
APPROX. MEMORY PER PROC.: 4.394531e+00 GB

X START       : -2.560000e+02
Y START       : -2.560000e+02
PIXEL SIZE    : 1.000000e+00
RHO START     : -2.560000e+02
RAY LENGTH    : 1.024000e+03

SPATIAL INDEXING       : 5
SPECTRAL INDEXING      : 5
 1: CARTESIAN, NATURAL
 2: CARTESIAN, TRANSPOSED
 3: MORTON, NATURAL
 4: MORTON, TRANSPOSED
 5: HILBERT
PROJECTION BLOCK SIZE      : 128
BACKPROJECTION BLOCK SIZE  : 128
PROJECTION BUFFER SIZE      : 32 KB
BACKPROJECTION BUFFER SIZE  : 32 KB

SINOGRAM FILE : ../../../../datasets/CDS1_sinogram.bin
   THETA FILE : ../../../../datasets/CDS1_theta.bin
  OUTPUT FILE : ../../output/single_cpu/ip-0A00001A/30.CDS1.16.16.128.128.32.32.bin


PLACE TILES
lspat 32 lspatdim 32
lspec 47 lspecdim 64
MPI PARTITIONING
proc: 0 numspats: 1024 numpixs: 262144 numspecs: 1504 numrays: 385024
maxnumpix: 262144 maxnumray: 385024
FILL PIXELS AND RAYS
INPUT THETA DATA
DOMAIN PARTITIONING

CONSTRUCT PROJECTION MATRIX
CSR STORAGE: 235011197 (1.750970 GB) rownzmax 1022
RAY-TRACING TIME: 1.499250e+00
CONSTRUCT BACKPROJECTION MATRIX
CSR STORAGE: 235011197 (1.750970 GB) rownzmax 1092
TRANSPOSITION TIME: 1.939886e-01

BLOCKING PROJECTION MATRIX
NUMBER OF BLOCKS: 3000 BUFFSIZE: 8192
NUMBER OF BUFFERS: 4926 AVERAGE BUFF/BLOCK: 1.642000 MAX BUFF/BLOCK: 2
BUFFER MAP: 23755533 (0.088496 GB)
CSR STORAGE: 235011197 (1.313227 GB) buffnzmax: 773 STORAGE EFFICIENCY: 1.500000 DATA REUSE: 9.892904
BLOCKING TIME: 3.416298e-01
BLOCKING BACKPROJECTION MATRIX
NUMBER OF BLOCKS: 2048 BUFFSIZE: 8192
NUMBER OF BUFFERS: 3870 AVERAGE BUFF/BLOCK: 1.889648 MAX BUFF/BLOCK: 2
BUFFER MAP: 22030634 (0.082071 GB)
CSR STORAGE: 235011197 (1.313227 GB) buffnzmax: 843 STORAGE EFFICIENCY: 1.500000 DATA REUSE: 10.667473
BLOCKING TIME: 3.022293e-01

FILL PROJECTION MATRIX
TIME: 3.714044e-01
FILL BACKPROJECTION MATRIX
TIME: 3.898310e-01
REDUCTION MAPPINGS
PREPROCESSING TIME: 3.110648e+00
INPUT MEASUREMENT DATA
INPUT ENDS
GRADIENT-DESCENT OPTIMIZATION
iter: 0 error: 4.959039e+04 gradnorm: 1.560967e+10
iter: 1 error: 5.316511e+03 gradnorm: 4.760828e+08
iter: 2 error: 5.074560e+02 gradnorm: 1.604502e+07
iter: 3 error: 2.940063e+02 gradnorm: 8.082417e+06
iter: 4 error: 1.716230e+02 gradnorm: 1.353856e+06
iter: 5 error: 1.154547e+02 gradnorm: 6.273512e+05
iter: 6 error: 9.009464e+01 gradnorm: 9.723954e+05
iter: 7 error: 8.351838e+01 gradnorm: 9.875490e+05
iter: 8 error: 7.159308e+01 gradnorm: 4.239749e+05
iter: 9 error: 5.778128e+01 gradnorm: 2.255843e+05
iter: 10 error: 4.873566e+01 gradnorm: 1.924414e+05
iter: 11 error: 4.171124e+01 gradnorm: 1.085701e+05
iter: 12 error: 3.748608e+01 gradnorm: 1.865505e+05
iter: 13 error: 3.466056e+01 gradnorm: 1.145817e+05
iter: 14 error: 3.266019e+01 gradnorm: 2.740879e+05
iter: 15 error: 3.110380e+01 gradnorm: 6.368353e+04
iter: 16 error: 2.842424e+01 gradnorm: 5.467634e+04
iter: 17 error: 2.682751e+01 gradnorm: 4.560718e+04
iter: 18 error: 2.523985e+01 gradnorm: 2.665897e+04
iter: 19 error: 2.394643e+01 gradnorm: 2.563853e+04
iter: 20 error: 2.288809e+01 gradnorm: 1.566952e+04
iter: 21 error: 2.237720e+01 gradnorm: 8.466852e+04
iter: 22 error: 2.188569e+01 gradnorm: 1.244296e+04
iter: 23 error: 2.121298e+01 gradnorm: 1.037834e+04
iter: 24 error: 2.086880e+01 gradnorm: 1.967654e+04
recon: 2.620753e+00 proj: 1.756142e+00 (1.722435e+00 1.279483e-02 2.086179e-02) backproj: 8.515395e-01 (2.053867e-03 7.279042e-03 8.421772e-01) ctime: 1.287113e-02 wtime: 7.270200e-05
numproj: 49 numback: 25
proj: 1.722435e+00 s (13.371246 GFLOPS) backproj: 8.421772e-01 s (13.952598 GFLOPS) avGFLOPS: 13.562153 totGFLOPS: 13.562153
proj: 42.816939 GB/s back: 44.473707 GB/s av: 43.360995 GB/s tot: 43.360995 GB/s
Total Time: 6.330591e+00
