NUM. THETA             : 375
NUM. RHO               : 1024
NUM. X PIXELS          : 1024
NUM. Y PIXELS          : 1024

NUM. OF PIXELS         : 1048576
NUM. OF RAYS           : 384000

NUM. ITERATIONS        : 24

SPATIAL TILE SIZE      : 32
SPECTRAL TILE SIZE     : 32

NUMBER OF X TILES      : 32
NUMBER OF Y TILES      : 32
NUM. OF THETA TILES    : 12
NUM. OF RHO TILES      : 32

NUM. SPATIAL TILES     : 1024
NUM. SPECTRAL TILES    : 384

NUM. OF X PIXELS (EXT) : 1024
NUM. OF Y PIXELS (EXT) : 1024
NUM. OF ANGLES (EXT)   : 384
NUM. OF RHOS (EXT)     : 1024

NUM. OF PIXELS (EXT)   : 1048576
NUM. OF RAYS (EXT)     : 393216

NUMBER OF PROCESSES    : 1
NUMBER OF THRD./PROC.  : 30

INTEGER: 4, FLOAT: 4, LONG: 8, SHORT: 2, POINTER: 8
APPROX. MEMORY     TOTAL: 8.789062e+00 GB
APPROX. MEMORY PER PROC.: 8.789062e+00 GB

X START       : -5.120000e+02
Y START       : -5.120000e+02
PIXEL SIZE    : 1.000000e+00
RHO START     : -5.120000e+02
RAY LENGTH    : 2.048000e+03

SPATIAL INDEXING       : 5
SPECTRAL INDEXING      : 5
 1: CARTESIAN, NATURAL
 2: CARTESIAN, TRANSPOSED
 3: MORTON, NATURAL
 4: MORTON, TRANSPOSED
 5: HILBERT
PROJECTION BLOCK SIZE      : 2048
BACKPROJECTION BLOCK SIZE  : 2048
PROJECTION BUFFER SIZE      : 8 KB
BACKPROJECTION BUFFER SIZE  : 8 KB

SINOGRAM FILE : ../../../../datasets/CDS2_sinogram.bin
   THETA FILE : ../../../../datasets/CDS2_theta.bin
  OUTPUT FILE : ../../output/single_cpu/ip-0A00000F/30.CDS2.32.32.2048.2048.8.8.bin


PLACE TILES
lspat 32 lspatdim 32
lspec 32 lspecdim 32
MPI PARTITIONING
proc: 0 numspats: 1024 numpixs: 1048576 numspecs: 384 numrays: 393216
maxnumpix: 1048576 maxnumray: 393216
FILL PIXELS AND RAYS
INPUT THETA DATA
DOMAIN PARTITIONING

CONSTRUCT PROJECTION MATRIX
CSR STORAGE: 470024163 (3.501953 GB) rownzmax 2046
RAY-TRACING TIME: 1.931804e+00
CONSTRUCT BACKPROJECTION MATRIX
CSR STORAGE: 470024163 (3.501953 GB) rownzmax 607
TRANSPOSITION TIME: 4.607956e-01

BLOCKING PROJECTION MATRIX
NUMBER OF BLOCKS: 188 BUFFSIZE: 2048
NUMBER OF BUFFERS: 9016 AVERAGE BUFF/BLOCK: 47.957447 MAX BUFF/BLOCK: 79
BUFFER MAP: 18270885 (0.068064 GB)
CSR STORAGE: 470024163 (2.626465 GB) buffnzmax: 262 STORAGE EFFICIENCY: 1.500000 DATA REUSE: 25.725309
BLOCKING TIME: 5.676827e-01
BLOCKING BACKPROJECTION MATRIX
NUMBER OF BLOCKS: 512 BUFFSIZE: 2048
NUMBER OF BUFFERS: 5770 AVERAGE BUFF/BLOCK: 11.269531 MAX BUFF/BLOCK: 12
BUFFER MAP: 11012616 (0.041025 GB)
CSR STORAGE: 470024163 (2.626465 GB) buffnzmax: 259 STORAGE EFFICIENCY: 1.500000 DATA REUSE: 42.680519
BLOCKING TIME: 4.725458e-01

FILL PROJECTION MATRIX
TIME: 7.403217e-01
FILL BACKPROJECTION MATRIX
TIME: 7.670796e-01
REDUCTION MAPPINGS
PREPROCESSING TIME: 4.953144e+00
INPUT MEASUREMENT DATA
INPUT ENDS
GRADIENT-DESCENT OPTIMIZATION
iter: 0 error: 5.498391e+04 gradnorm: 5.780565e+09
iter: 1 error: 2.713756e+04 gradnorm: 4.174663e+08
iter: 2 error: 2.306865e+04 gradnorm: 9.086814e+07
iter: 3 error: 2.127429e+04 gradnorm: 3.168977e+07
iter: 4 error: 2.032667e+04 gradnorm: 1.557750e+07
iter: 5 error: 1.975907e+04 gradnorm: 1.008933e+07
iter: 6 error: 1.938424e+04 gradnorm: 8.237696e+06
iter: 7 error: 1.911243e+04 gradnorm: 6.113697e+06
iter: 8 error: 1.886960e+04 gradnorm: 5.572463e+06
iter: 9 error: 1.870880e+04 gradnorm: 9.805735e+06
iter: 10 error: 1.862183e+04 gradnorm: 5.496679e+06
iter: 11 error: 1.844728e+04 gradnorm: 4.175531e+06
iter: 12 error: 1.828188e+04 gradnorm: 3.279434e+06
iter: 13 error: 1.811540e+04 gradnorm: 2.902889e+06
iter: 14 error: 1.798214e+04 gradnorm: 2.833853e+06
iter: 15 error: 1.786204e+04 gradnorm: 3.227870e+06
iter: 16 error: 1.779700e+04 gradnorm: 3.150362e+06
iter: 17 error: 1.769036e+04 gradnorm: 3.646092e+06
iter: 18 error: 1.765917e+04 gradnorm: 2.675314e+06
iter: 19 error: 1.754225e+04 gradnorm: 1.747404e+06
iter: 20 error: 1.745005e+04 gradnorm: 1.917024e+06
iter: 21 error: 1.736015e+04 gradnorm: 1.586874e+06
iter: 22 error: 1.726248e+04 gradnorm: 1.342984e+06
iter: 23 error: 1.717057e+04 gradnorm: 1.418072e+06
iter: 24 error: 1.713401e+04 gradnorm: 4.748922e+06
recon: 3.447564e+00 proj: 2.127968e+00 (2.091913e+00 1.036915e-02 2.564913e-02) backproj: 1.295523e+00 (2.536462e-03 4.838918e-03 1.288129e+00) ctime: 2.388998e-02 wtime: 7.630000e-05
numproj: 49 numback: 25
proj: 2.091913e+00 s (22.019257 GFLOPS) backproj: 1.288129e+00 s (18.244451 GFLOPS) avGFLOPS: 20.580684 totGFLOPS: 20.580684
proj: 67.769646 GB/s back: 55.588285 GB/s av: 63.127347 GB/s tot: 63.127347 GB/s
Total Time: 9.144820e+00
