NUM. THETA             : 375
NUM. RHO               : 1024
NUM. X PIXELS          : 1024
NUM. Y PIXELS          : 1024

NUM. OF PIXELS         : 1048576
NUM. OF RAYS           : 384000

NUM. ITERATIONS        : 24

SPATIAL TILE SIZE      : 16
SPECTRAL TILE SIZE     : 16

NUMBER OF X TILES      : 64
NUMBER OF Y TILES      : 64
NUM. OF THETA TILES    : 24
NUM. OF RHO TILES      : 64

NUM. SPATIAL TILES     : 4096
NUM. SPECTRAL TILES    : 1536

NUM. OF X PIXELS (EXT) : 1024
NUM. OF Y PIXELS (EXT) : 1024
NUM. OF ANGLES (EXT)   : 384
NUM. OF RHOS (EXT)     : 1024

NUM. OF PIXELS (EXT)   : 1048576
NUM. OF RAYS (EXT)     : 393216

NUMBER OF PROCESSES    : 1
NUMBER OF THRD./PROC.  : 30

INTEGER: 4, FLOAT: 4, LONG: 8, SHORT: 2, POINTER: 8
APPROX. MEMORY     TOTAL: 8.789062e+00 GB
APPROX. MEMORY PER PROC.: 8.789062e+00 GB

X START       : -5.120000e+02
Y START       : -5.120000e+02
PIXEL SIZE    : 1.000000e+00
RHO START     : -5.120000e+02
RAY LENGTH    : 2.048000e+03

SPATIAL INDEXING       : 5
SPECTRAL INDEXING      : 5
 1: CARTESIAN, NATURAL
 2: CARTESIAN, TRANSPOSED
 3: MORTON, NATURAL
 4: MORTON, TRANSPOSED
 5: HILBERT
PROJECTION BLOCK SIZE      : 1024
BACKPROJECTION BLOCK SIZE  : 1024
PROJECTION BUFFER SIZE      : 512 KB
BACKPROJECTION BUFFER SIZE  : 512 KB

SINOGRAM FILE : ../../../../datasets/CDS2_sinogram.bin
   THETA FILE : ../../../../datasets/CDS2_theta.bin
  OUTPUT FILE : ../../output/single_cpu/ip-0A00000F/30.CDS2.16.16.1024.1024.512.512.bin


PLACE TILES
lspat 64 lspatdim 64
lspec 64 lspecdim 64
MPI PARTITIONING
proc: 0 numspats: 4096 numpixs: 1048576 numspecs: 1536 numrays: 393216
maxnumpix: 1048576 maxnumray: 393216
FILL PIXELS AND RAYS
INPUT THETA DATA
DOMAIN PARTITIONING

CONSTRUCT PROJECTION MATRIX
CSR STORAGE: 470024080 (3.501952 GB) rownzmax 2046
RAY-TRACING TIME: 5.045856e+00
CONSTRUCT BACKPROJECTION MATRIX
CSR STORAGE: 470024080 (3.501952 GB) rownzmax 607
TRANSPOSITION TIME: 4.614909e-01

BLOCKING PROJECTION MATRIX
NUMBER OF BLOCKS: 375 BUFFSIZE: 131072
NUMBER OF BUFFERS: 375 AVERAGE BUFF/BLOCK: 1.000000 MAX BUFF/BLOCK: 1
BUFFER MAP: 24412709 (0.090944 GB)
CSR STORAGE: 470024080 (2.626464 GB) buffnzmax: 2046 STORAGE EFFICIENCY: 1.500000 DATA REUSE: 19.253254
BLOCKING TIME: 5.855684e-01
BLOCKING BACKPROJECTION MATRIX
NUMBER OF BLOCKS: 1024 BUFFSIZE: 131072
NUMBER OF BUFFERS: 1024 AVERAGE BUFF/BLOCK: 1.000000 MAX BUFF/BLOCK: 1
BUFFER MAP: 14686007 (0.054710 GB)
CSR STORAGE: 470024080 (2.626464 GB) buffnzmax: 607 STORAGE EFFICIENCY: 1.500000 DATA REUSE: 32.004890
BLOCKING TIME: 4.613990e-01

FILL PROJECTION MATRIX
TIME: 7.131835e-01
FILL BACKPROJECTION MATRIX
TIME: 7.413449e-01
REDUCTION MAPPINGS
PREPROCESSING TIME: 8.036720e+00
INPUT MEASUREMENT DATA
INPUT ENDS
GRADIENT-DESCENT OPTIMIZATION
iter: 0 error: 5.498391e+04 gradnorm: 5.780564e+09
iter: 1 error: 2.689464e+04 gradnorm: 4.112940e+08
iter: 2 error: 2.289243e+04 gradnorm: 8.874259e+07
iter: 3 error: 2.114185e+04 gradnorm: 3.210281e+07
iter: 4 error: 2.036660e+04 gradnorm: 3.584732e+07
iter: 5 error: 2.006456e+04 gradnorm: 1.782598e+07
iter: 6 error: 1.956843e+04 gradnorm: 9.642302e+06
iter: 7 error: 1.929173e+04 gradnorm: 1.692851e+07
iter: 8 error: 1.914932e+04 gradnorm: 7.455164e+06
iter: 9 error: 1.892085e+04 gradnorm: 6.009862e+06
iter: 10 error: 1.874361e+04 gradnorm: 9.056923e+06
iter: 11 error: 1.865313e+04 gradnorm: 6.323697e+06
iter: 12 error: 1.850233e+04 gradnorm: 4.991711e+06
iter: 13 error: 1.838258e+04 gradnorm: 6.315874e+06
iter: 14 error: 1.829995e+04 gradnorm: 5.908422e+06
iter: 15 error: 1.821878e+04 gradnorm: 4.070190e+06
iter: 16 error: 1.809681e+04 gradnorm: 4.060278e+06
iter: 17 error: 1.803205e+04 gradnorm: 6.048368e+06
iter: 18 error: 1.795257e+04 gradnorm: 2.613716e+06
iter: 19 error: 1.784806e+04 gradnorm: 2.657300e+06
iter: 20 error: 1.780225e+04 gradnorm: 4.416360e+06
iter: 21 error: 1.773427e+04 gradnorm: 3.201620e+06
iter: 22 error: 1.767990e+04 gradnorm: 2.307433e+06
iter: 23 error: 1.761186e+04 gradnorm: 1.889515e+06
iter: 24 error: 1.754007e+04 gradnorm: 4.438152e+06
recon: 3.857857e+00 proj: 2.475292e+00 (2.452571e+00 1.269602e-02 9.982753e-03) backproj: 1.363041e+00 (2.182656e-03 4.717017e-03 1.356122e+00) ctime: 1.933498e-02 wtime: 5.250200e-05
numproj: 49 numback: 25
proj: 2.452571e+00 s (18.781255 GFLOPS) backproj: 1.356122e+00 s (17.329710 GFLOPS) avGFLOPS: 18.264418 totGFLOPS: 18.264418
proj: 58.294734 GB/s back: 53.072070 GB/s av: 56.435154 GB/s tot: 56.435154 GB/s
Total Time: 1.427545e+01
