NUM. THETA             : 375
NUM. RHO               : 1024
NUM. X PIXELS          : 1024
NUM. Y PIXELS          : 1024

NUM. OF PIXELS         : 1048576
NUM. OF RAYS           : 384000

NUM. ITERATIONS        : 24

SPATIAL TILE SIZE      : 16
SPECTRAL TILE SIZE     : 16

NUMBER OF X TILES      : 64
NUMBER OF Y TILES      : 64
NUM. OF THETA TILES    : 24
NUM. OF RHO TILES      : 64

NUM. SPATIAL TILES     : 4096
NUM. SPECTRAL TILES    : 1536

NUM. OF X PIXELS (EXT) : 1024
NUM. OF Y PIXELS (EXT) : 1024
NUM. OF ANGLES (EXT)   : 384
NUM. OF RHOS (EXT)     : 1024

NUM. OF PIXELS (EXT)   : 1048576
NUM. OF RAYS (EXT)     : 393216

NUMBER OF PROCESSES    : 1
NUMBER OF THRD./PROC.  : 30

INTEGER: 4, FLOAT: 4, LONG: 8, SHORT: 2, POINTER: 8
APPROX. MEMORY     TOTAL: 8.789062e+00 GB
APPROX. MEMORY PER PROC.: 8.789062e+00 GB

X START       : -5.120000e+02
Y START       : -5.120000e+02
PIXEL SIZE    : 1.000000e+00
RHO START     : -5.120000e+02
RAY LENGTH    : 2.048000e+03

SPATIAL INDEXING       : 5
SPECTRAL INDEXING      : 5
 1: CARTESIAN, NATURAL
 2: CARTESIAN, TRANSPOSED
 3: MORTON, NATURAL
 4: MORTON, TRANSPOSED
 5: HILBERT
PROJECTION BLOCK SIZE      : 1024
BACKPROJECTION BLOCK SIZE  : 1024
PROJECTION BUFFER SIZE      : 16 KB
BACKPROJECTION BUFFER SIZE  : 16 KB

SINOGRAM FILE : ../../../../datasets/CDS2_sinogram.bin
   THETA FILE : ../../../../datasets/CDS2_theta.bin
  OUTPUT FILE : ../../output/single_cpu/ip-0A00000F/30.CDS2.16.16.1024.1024.16.16.bin


PLACE TILES
lspat 64 lspatdim 64
lspec 64 lspecdim 64
MPI PARTITIONING
proc: 0 numspats: 4096 numpixs: 1048576 numspecs: 1536 numrays: 393216
maxnumpix: 1048576 maxnumray: 393216
FILL PIXELS AND RAYS
INPUT THETA DATA
DOMAIN PARTITIONING

CONSTRUCT PROJECTION MATRIX
CSR STORAGE: 470024080 (3.501952 GB) rownzmax 2046
RAY-TRACING TIME: 5.038058e+00
CONSTRUCT BACKPROJECTION MATRIX
CSR STORAGE: 470024080 (3.501952 GB) rownzmax 607
TRANSPOSITION TIME: 4.680803e-01

BLOCKING PROJECTION MATRIX
NUMBER OF BLOCKS: 375 BUFFSIZE: 4096
NUMBER OF BUFFERS: 6140 AVERAGE BUFF/BLOCK: 16.373333 MAX BUFF/BLOCK: 26
BUFFER MAP: 24412709 (0.090944 GB)
CSR STORAGE: 470024080 (2.626464 GB) buffnzmax: 391 STORAGE EFFICIENCY: 1.500000 DATA REUSE: 19.253254
BLOCKING TIME: 5.331447e-01
BLOCKING BACKPROJECTION MATRIX
NUMBER OF BLOCKS: 1024 BUFFSIZE: 4096
NUMBER OF BUFFERS: 3892 AVERAGE BUFF/BLOCK: 3.800781 MAX BUFF/BLOCK: 4
BUFFER MAP: 14686007 (0.054710 GB)
CSR STORAGE: 470024080 (2.626464 GB) buffnzmax: 391 STORAGE EFFICIENCY: 1.500000 DATA REUSE: 32.004890
BLOCKING TIME: 4.634815e-01

FILL PROJECTION MATRIX
TIME: 7.076861e-01
FILL BACKPROJECTION MATRIX
TIME: 7.488230e-01
REDUCTION MAPPINGS
PREPROCESSING TIME: 7.971398e+00
INPUT MEASUREMENT DATA
INPUT ENDS
GRADIENT-DESCENT OPTIMIZATION
iter: 0 error: 5.498390e+04 gradnorm: 5.780564e+09
iter: 1 error: 2.713757e+04 gradnorm: 4.174662e+08
iter: 2 error: 2.306865e+04 gradnorm: 9.086819e+07
iter: 3 error: 2.127430e+04 gradnorm: 3.168978e+07
iter: 4 error: 2.032667e+04 gradnorm: 1.557748e+07
iter: 5 error: 1.975907e+04 gradnorm: 1.008936e+07
iter: 6 error: 1.938424e+04 gradnorm: 8.237638e+06
iter: 7 error: 1.911241e+04 gradnorm: 6.112569e+06
iter: 8 error: 1.886926e+04 gradnorm: 5.508387e+06
iter: 9 error: 1.869907e+04 gradnorm: 8.801857e+06
iter: 10 error: 1.861916e+04 gradnorm: 5.929223e+06
iter: 11 error: 1.844724e+04 gradnorm: 4.183709e+06
iter: 12 error: 1.828188e+04 gradnorm: 3.279370e+06
iter: 13 error: 1.811537e+04 gradnorm: 2.899617e+06
iter: 14 error: 1.798154e+04 gradnorm: 2.787776e+06
iter: 15 error: 1.785454e+04 gradnorm: 2.715194e+06
iter: 16 error: 1.778553e+04 gradnorm: 3.744439e+06
iter: 17 error: 1.767968e+04 gradnorm: 1.828825e+06
iter: 18 error: 1.758434e+04 gradnorm: 5.796864e+06
iter: 19 error: 1.754065e+04 gradnorm: 2.050563e+06
iter: 20 error: 1.745004e+04 gradnorm: 1.920721e+06
iter: 21 error: 1.736014e+04 gradnorm: 1.586914e+06
iter: 22 error: 1.726248e+04 gradnorm: 1.342319e+06
iter: 23 error: 1.716985e+04 gradnorm: 1.263635e+06
iter: 24 error: 1.708364e+04 gradnorm: 1.870866e+06
recon: 3.975463e+00 proj: 2.358474e+00 (2.338219e+00 1.087547e-02 9.327025e-03) backproj: 1.589654e+00 (2.555266e-03 5.097927e-03 1.581976e+00) ctime: 2.715518e-02 wtime: 6.220200e-05
numproj: 49 numback: 25
proj: 2.338219e+00 s (19.699760 GFLOPS) backproj: 1.581976e+00 s (14.855602 GFLOPS) avGFLOPS: 17.744923 totGFLOPS: 17.744923
proj: 61.145661 GB/s back: 45.495140 GB/s av: 54.829969 GB/s tot: 54.829969 GB/s
Total Time: 1.427446e+01
