NUM. THETA             : 750
NUM. RHO               : 512
NUM. X PIXELS          : 512
NUM. Y PIXELS          : 512

NUM. OF PIXELS         : 262144
NUM. OF RAYS           : 384000

NUM. ITERATIONS        : 24

SPATIAL TILE SIZE      : 1024
SPECTRAL TILE SIZE     : 1024

NUMBER OF X TILES      : 1
NUMBER OF Y TILES      : 1
NUM. OF THETA TILES    : 1
NUM. OF RHO TILES      : 1

NUM. SPATIAL TILES     : 1
NUM. SPECTRAL TILES    : 1

NUM. OF X PIXELS (EXT) : 1024
NUM. OF Y PIXELS (EXT) : 1024
NUM. OF ANGLES (EXT)   : 1024
NUM. OF RHOS (EXT)     : 1024

NUM. OF PIXELS (EXT)   : 1048576
NUM. OF RAYS (EXT)     : 1048576

NUMBER OF PROCESSES    : 1
NUMBER OF THRD./PROC.  : 30

INTEGER: 4, FLOAT: 4, LONG: 8, SHORT: 2, POINTER: 8
APPROX. MEMORY     TOTAL: 4.394531e+00 GB
APPROX. MEMORY PER PROC.: 4.394531e+00 GB

X START       : -2.560000e+02
Y START       : -2.560000e+02
PIXEL SIZE    : 1.000000e+00
RHO START     : -2.560000e+02
RAY LENGTH    : 1.024000e+03

SPATIAL INDEXING       : 5
SPECTRAL INDEXING      : 5
 1: CARTESIAN, NATURAL
 2: CARTESIAN, TRANSPOSED
 3: MORTON, NATURAL
 4: MORTON, TRANSPOSED
 5: HILBERT
PROJECTION BLOCK SIZE      : 1024
BACKPROJECTION BLOCK SIZE  : 1024
PROJECTION BUFFER SIZE      : 32 KB
BACKPROJECTION BUFFER SIZE  : 32 KB

SINOGRAM FILE : ../../../../datasets/CDS1_sinogram.bin
   THETA FILE : ../../../../datasets/CDS1_theta.bin
  OUTPUT FILE : ../../output/single_cpu/ip-0A00001A/30.CDS1.1024.1024.1024.1024.32.32.bin


PLACE TILES
lspat 1 lspatdim 1
lspec 1 lspecdim 1
MPI PARTITIONING
proc: 0 numspats: 1 numpixs: 1048576 numspecs: 1 numrays: 1048576
maxnumpix: 1048576 maxnumray: 1048576
FILL PIXELS AND RAYS
INPUT THETA DATA
DOMAIN PARTITIONING

CONSTRUCT PROJECTION MATRIX
CSR STORAGE: 235011336 (1.750971 GB) rownzmax 1022
RAY-TRACING TIME: 5.344325e-01
CONSTRUCT BACKPROJECTION MATRIX
CSR STORAGE: 235011336 (1.750971 GB) rownzmax 1092
TRANSPOSITION TIME: 2.797278e-01

BLOCKING PROJECTION MATRIX
NUMBER OF BLOCKS: 375 BUFFSIZE: 8192
NUMBER OF BUFFERS: 1335 AVERAGE BUFF/BLOCK: 3.560000 MAX BUFF/BLOCK: 7
BUFFER MAP: 8996884 (0.033516 GB)
CSR STORAGE: 235011336 (1.313228 GB) buffnzmax: 456 STORAGE EFFICIENCY: 1.500000 DATA REUSE: 26.121414
BLOCKING TIME: 2.652082e-01
BLOCKING BACKPROJECTION MATRIX
NUMBER OF BLOCKS: 1024 BUFFSIZE: 8192
NUMBER OF BUFFERS: 984 AVERAGE BUFF/BLOCK: 0.960938 MAX BUFF/BLOCK: 4
BUFFER MAP: 7339007 (0.027340 GB)
CSR STORAGE: 235011336 (1.313228 GB) buffnzmax: 493 STORAGE EFFICIENCY: 1.500000 DATA REUSE: 32.022224
BLOCKING TIME: 2.342604e-01

FILL PROJECTION MATRIX
TIME: 3.776899e-01
FILL BACKPROJECTION MATRIX
TIME: 4.115114e-01
REDUCTION MAPPINGS
PREPROCESSING TIME: 2.130692e+00
INPUT MEASUREMENT DATA
INPUT ENDS
GRADIENT-DESCENT OPTIMIZATION
iter: 0 error: 4.958989e+04 gradnorm: 1.560969e+10
iter: 1 error: 5.316511e+03 gradnorm: 4.760825e+08
iter: 2 error: 5.074550e+02 gradnorm: 1.604497e+07
iter: 3 error: 2.940051e+02 gradnorm: 8.082483e+06
iter: 4 error: 1.716215e+02 gradnorm: 1.353907e+06
iter: 5 error: 1.154734e+02 gradnorm: 6.342544e+05
iter: 6 error: 9.317992e+01 gradnorm: 1.720132e+06
iter: 7 error: 8.488397e+01 gradnorm: 6.906279e+05
iter: 8 error: 7.160929e+01 gradnorm: 4.188595e+05
iter: 9 error: 5.778047e+01 gradnorm: 2.255664e+05
iter: 10 error: 4.873497e+01 gradnorm: 1.924706e+05
iter: 11 error: 4.171482e+01 gradnorm: 1.090718e+05
iter: 12 error: 3.757161e+01 gradnorm: 1.937548e+05
iter: 13 error: 3.488743e+01 gradnorm: 1.638589e+05
iter: 14 error: 3.371525e+01 gradnorm: 1.776142e+05
iter: 15 error: 3.111449e+01 gradnorm: 6.029359e+04
iter: 16 error: 2.842273e+01 gradnorm: 5.461656e+04
iter: 17 error: 2.682601e+01 gradnorm: 4.562745e+04
iter: 18 error: 2.523925e+01 gradnorm: 2.666488e+04
iter: 19 error: 2.394727e+01 gradnorm: 2.605362e+04
iter: 20 error: 2.306852e+01 gradnorm: 6.466044e+04
iter: 21 error: 2.279346e+01 gradnorm: 1.726407e+04
iter: 22 error: 2.188773e+01 gradnorm: 1.215138e+04
iter: 23 error: 2.125749e+01 gradnorm: 1.514539e+04
iter: 24 error: 2.101777e+01 gradnorm: 1.382821e+04
recon: 1.578856e+00 proj: 9.659635e-01 (9.349477e-01 1.736399e-02 1.361510e-02) backproj: 5.871447e-01 (6.018135e-03 5.322319e-03 5.757855e-01) ctime: 2.558837e-02 wtime: 5.140700e-05
numproj: 49 numback: 25
proj: 9.349477e-01 s (24.633582 GFLOPS) backproj: 5.757855e-01 s (20.407889 GFLOPS) avGFLOPS: 23.023044 totGFLOPS: 23.023044
proj: 75.786831 GB/s back: 62.498273 GB/s av: 70.722165 GB/s tot: 70.722165 GB/s
Total Time: 3.752393e+00
