NUM. THETA             : 750
NUM. RHO               : 512
NUM. X PIXELS          : 512
NUM. Y PIXELS          : 512

NUM. OF PIXELS         : 262144
NUM. OF RAYS           : 384000

NUM. ITERATIONS        : 24

SPATIAL TILE SIZE      : 64
SPECTRAL TILE SIZE     : 64

NUMBER OF X TILES      : 8
NUMBER OF Y TILES      : 8
NUM. OF THETA TILES    : 12
NUM. OF RHO TILES      : 8

NUM. SPATIAL TILES     : 64
NUM. SPECTRAL TILES    : 96

NUM. OF X PIXELS (EXT) : 512
NUM. OF Y PIXELS (EXT) : 512
NUM. OF ANGLES (EXT)   : 768
NUM. OF RHOS (EXT)     : 512

NUM. OF PIXELS (EXT)   : 262144
NUM. OF RAYS (EXT)     : 393216

NUMBER OF PROCESSES    : 1
NUMBER OF THRD./PROC.  : 30

INTEGER: 4, FLOAT: 4, LONG: 8, SHORT: 2, POINTER: 8
APPROX. MEMORY     TOTAL: 4.394531e+00 GB
APPROX. MEMORY PER PROC.: 4.394531e+00 GB

X START       : -2.560000e+02
Y START       : -2.560000e+02
PIXEL SIZE    : 1.000000e+00
RHO START     : -2.560000e+02
RAY LENGTH    : 1.024000e+03

SPATIAL INDEXING       : 5
SPECTRAL INDEXING      : 5
 1: CARTESIAN, NATURAL
 2: CARTESIAN, TRANSPOSED
 3: MORTON, NATURAL
 4: MORTON, TRANSPOSED
 5: HILBERT
PROJECTION BLOCK SIZE      : 512
BACKPROJECTION BLOCK SIZE  : 512
PROJECTION BUFFER SIZE      : 32 KB
BACKPROJECTION BUFFER SIZE  : 32 KB

SINOGRAM FILE : ../../../../datasets/CDS1_sinogram.bin
   THETA FILE : ../../../../datasets/CDS1_theta.bin
  OUTPUT FILE : ../../output/single_cpu/ip-0A00001A/30.CDS1.64.64.512.512.32.32.bin


PLACE TILES
lspat 8 lspatdim 8
lspec 12 lspecdim 16
MPI PARTITIONING
proc: 0 numspats: 64 numpixs: 262144 numspecs: 96 numrays: 393216
maxnumpix: 262144 maxnumray: 393216
FILL PIXELS AND RAYS
INPUT THETA DATA
DOMAIN PARTITIONING

CONSTRUCT PROJECTION MATRIX
CSR STORAGE: 235011227 (1.750970 GB) rownzmax 1022
RAY-TRACING TIME: 5.168072e-01
CONSTRUCT BACKPROJECTION MATRIX
CSR STORAGE: 235011227 (1.750970 GB) rownzmax 1092
TRANSPOSITION TIME: 1.916027e-01

BLOCKING PROJECTION MATRIX
NUMBER OF BLOCKS: 750 BUFFSIZE: 8192
NUMBER OF BUFFERS: 2034 AVERAGE BUFF/BLOCK: 2.712000 MAX BUFF/BLOCK: 4
BUFFER MAP: 13354116 (0.049748 GB)
CSR STORAGE: 235011227 (1.313228 GB) buffnzmax: 544 STORAGE EFFICIENCY: 1.500000 DATA REUSE: 17.598412
BLOCKING TIME: 2.445697e-01
BLOCKING BACKPROJECTION MATRIX
NUMBER OF BLOCKS: 512 BUFFSIZE: 8192
NUMBER OF BUFFERS: 1484 AVERAGE BUFF/BLOCK: 2.898438 MAX BUFF/BLOCK: 3
BUFFER MAP: 11012374 (0.041024 GB)
CSR STORAGE: 235011227 (1.313228 GB) buffnzmax: 575 STORAGE EFFICIENCY: 1.500000 DATA REUSE: 21.340651
BLOCKING TIME: 2.313215e-01

FILL PROJECTION MATRIX
TIME: 3.779172e-01
FILL BACKPROJECTION MATRIX
TIME: 3.989983e-01
REDUCTION MAPPINGS
PREPROCESSING TIME: 1.973253e+00
INPUT MEASUREMENT DATA
INPUT ENDS
GRADIENT-DESCENT OPTIMIZATION
iter: 0 error: 4.959036e+04 gradnorm: 1.560968e+10
iter: 1 error: 5.316519e+03 gradnorm: 4.760846e+08
iter: 2 error: 5.074572e+02 gradnorm: 1.604496e+07
iter: 3 error: 2.940081e+02 gradnorm: 8.082370e+06
iter: 4 error: 1.716257e+02 gradnorm: 1.353840e+06
iter: 5 error: 1.154516e+02 gradnorm: 6.254099e+05
iter: 6 error: 8.903058e+01 gradnorm: 6.527166e+05
iter: 7 error: 7.616264e+01 gradnorm: 9.320897e+05
iter: 8 error: 7.114034e+01 gradnorm: 5.564758e+05
iter: 9 error: 5.778167e+01 gradnorm: 2.259750e+05
iter: 10 error: 4.873782e+01 gradnorm: 1.925280e+05
iter: 11 error: 4.172253e+01 gradnorm: 1.097300e+05
iter: 12 error: 3.765196e+01 gradnorm: 1.923662e+05
iter: 13 error: 3.466658e+01 gradnorm: 1.035649e+05
iter: 14 error: 3.146707e+01 gradnorm: 6.061318e+04
iter: 15 error: 2.881440e+01 gradnorm: 7.553267e+04
iter: 16 error: 2.808328e+01 gradnorm: 1.282111e+05
iter: 17 error: 2.682356e+01 gradnorm: 4.681110e+04
iter: 18 error: 2.523973e+01 gradnorm: 2.666382e+04
iter: 19 error: 2.394625e+01 gradnorm: 2.563680e+04
iter: 20 error: 2.288589e+01 gradnorm: 1.501966e+04
iter: 21 error: 2.195627e+01 gradnorm: 1.251275e+04
iter: 22 error: 2.142381e+01 gradnorm: 5.094966e+04
iter: 23 error: 2.120144e+01 gradnorm: 1.038344e+04
iter: 24 error: 2.068566e+01 gradnorm: 9.153342e+03
recon: 1.623882e+00 proj: 9.234578e-01 (8.928314e-01 9.396882e-03 2.115955e-02) backproj: 6.848410e-01 (2.991291e-03 4.812346e-03 6.770097e-01) ctime: 1.293739e-02 wtime: 2.523779e-03
numproj: 49 numback: 25
proj: 8.928314e-01 s (25.795576 GFLOPS) backproj: 6.770097e-01 s (17.356562 GFLOPS) avGFLOPS: 22.156167 totGFLOPS: 22.156167
proj: 80.318308 GB/s back: 53.696306 GB/s av: 68.837303 GB/s tot: 68.837303 GB/s
Total Time: 3.681578e+00
