NUM. THETA             : 750
NUM. RHO               : 512
NUM. X PIXELS          : 512
NUM. Y PIXELS          : 512

NUM. OF PIXELS         : 262144
NUM. OF RAYS           : 384000

NUM. ITERATIONS        : 24

SPATIAL TILE SIZE      : 512
SPECTRAL TILE SIZE     : 512

NUMBER OF X TILES      : 1
NUMBER OF Y TILES      : 1
NUM. OF THETA TILES    : 2
NUM. OF RHO TILES      : 1

NUM. SPATIAL TILES     : 1
NUM. SPECTRAL TILES    : 2

NUM. OF X PIXELS (EXT) : 512
NUM. OF Y PIXELS (EXT) : 512
NUM. OF ANGLES (EXT)   : 1024
NUM. OF RHOS (EXT)     : 512

NUM. OF PIXELS (EXT)   : 262144
NUM. OF RAYS (EXT)     : 524288

NUMBER OF PROCESSES    : 1
NUMBER OF THRD./PROC.  : 30

INTEGER: 4, FLOAT: 4, LONG: 8, SHORT: 2, POINTER: 8
APPROX. MEMORY     TOTAL: 4.394531e+00 GB
APPROX. MEMORY PER PROC.: 4.394531e+00 GB

X START       : -2.560000e+02
Y START       : -2.560000e+02
PIXEL SIZE    : 1.000000e+00
RHO START     : -2.560000e+02
RAY LENGTH    : 1.024000e+03

SPATIAL INDEXING       : 5
SPECTRAL INDEXING      : 5
 1: CARTESIAN, NATURAL
 2: CARTESIAN, TRANSPOSED
 3: MORTON, NATURAL
 4: MORTON, TRANSPOSED
 5: HILBERT
PROJECTION BLOCK SIZE      : 1024
BACKPROJECTION BLOCK SIZE  : 1024
PROJECTION BUFFER SIZE      : 64 KB
BACKPROJECTION BUFFER SIZE  : 64 KB

SINOGRAM FILE : ../../../../datasets/CDS1_sinogram.bin
   THETA FILE : ../../../../datasets/CDS1_theta.bin
  OUTPUT FILE : ../../output/single_cpu/ip-0A00001A/30.CDS1.512.512.1024.1024.64.64.bin


PLACE TILES
lspat 1 lspatdim 1
lspec 2 lspecdim 2
MPI PARTITIONING
proc: 0 numspats: 1 numpixs: 262144 numspecs: 2 numrays: 524288
maxnumpix: 262144 maxnumray: 524288
FILL PIXELS AND RAYS
INPUT THETA DATA
DOMAIN PARTITIONING

CONSTRUCT PROJECTION MATRIX
CSR STORAGE: 235011336 (1.750971 GB) rownzmax 1022
RAY-TRACING TIME: 5.251207e-01
CONSTRUCT BACKPROJECTION MATRIX
CSR STORAGE: 235011336 (1.750971 GB) rownzmax 1092
TRANSPOSITION TIME: 1.857644e-01

BLOCKING PROJECTION MATRIX
NUMBER OF BLOCKS: 375 BUFFSIZE: 16384
NUMBER OF BUFFERS: 716 AVERAGE BUFF/BLOCK: 1.909333 MAX BUFF/BLOCK: 4
BUFFER MAP: 8996884 (0.033516 GB)
CSR STORAGE: 235011336 (1.313228 GB) buffnzmax: 632 STORAGE EFFICIENCY: 1.500000 DATA REUSE: 26.121414
BLOCKING TIME: 2.278907e-01
BLOCKING BACKPROJECTION MATRIX
NUMBER OF BLOCKS: 256 BUFFSIZE: 16384
NUMBER OF BUFFERS: 512 AVERAGE BUFF/BLOCK: 2.000000 MAX BUFF/BLOCK: 2
BUFFER MAP: 7339007 (0.027340 GB)
CSR STORAGE: 235011336 (1.313228 GB) buffnzmax: 750 STORAGE EFFICIENCY: 1.500000 DATA REUSE: 32.022224
BLOCKING TIME: 2.245434e-01

FILL PROJECTION MATRIX
TIME: 3.829646e-01
FILL BACKPROJECTION MATRIX
TIME: 4.156124e-01
REDUCTION MAPPINGS
PREPROCESSING TIME: 1.974810e+00
INPUT MEASUREMENT DATA
INPUT ENDS
GRADIENT-DESCENT OPTIMIZATION
iter: 0 error: 4.959040e+04 gradnorm: 1.560970e+10
iter: 1 error: 5.316509e+03 gradnorm: 4.760833e+08
iter: 2 error: 5.074555e+02 gradnorm: 1.604495e+07
iter: 3 error: 2.940056e+02 gradnorm: 8.082490e+06
iter: 4 error: 1.716219e+02 gradnorm: 1.353861e+06
iter: 5 error: 1.154517e+02 gradnorm: 6.267118e+05
iter: 6 error: 8.975681e+01 gradnorm: 8.747741e+05
iter: 7 error: 8.286451e+01 gradnorm: 1.095468e+06
iter: 8 error: 7.158260e+01 gradnorm: 4.269529e+05
iter: 9 error: 5.778055e+01 gradnorm: 2.255872e+05
iter: 10 error: 4.873506e+01 gradnorm: 1.924649e+05
iter: 11 error: 4.171425e+01 gradnorm: 1.089808e+05
iter: 12 error: 3.755192e+01 gradnorm: 1.908020e+05
iter: 13 error: 3.476702e+01 gradnorm: 1.372835e+05
iter: 14 error: 3.347651e+01 gradnorm: 2.228781e+05
iter: 15 error: 3.111301e+01 gradnorm: 6.074963e+04
iter: 16 error: 2.842273e+01 gradnorm: 5.461505e+04
iter: 17 error: 2.682596e+01 gradnorm: 4.562928e+04
iter: 18 error: 2.523933e+01 gradnorm: 2.666393e+04
iter: 19 error: 2.394636e+01 gradnorm: 2.573460e+04
iter: 20 error: 2.293681e+01 gradnorm: 3.127434e+04
iter: 21 error: 2.277118e+01 gradnorm: 2.437237e+04
iter: 22 error: 2.188654e+01 gradnorm: 1.201890e+04
iter: 23 error: 2.120900e+01 gradnorm: 9.953779e+03
iter: 24 error: 2.081504e+01 gradnorm: 1.865853e+04
recon: 1.524508e+00 proj: 8.800020e-01 (8.447899e-01 1.072524e-02 2.443994e-02) backproj: 6.289518e-01 (5.258319e-03 4.814407e-03 6.188543e-01) ctime: 1.530995e-02 wtime: 1.148030e-04
numproj: 49 numback: 25
proj: 8.447899e-01 s (27.262530 GFLOPS) backproj: 6.188543e-01 s (18.987616 GFLOPS) avGFLOPS: 23.763752 totGFLOPS: 23.763752
proj: 83.874961 GB/s back: 58.148749 GB/s av: 72.997471 GB/s tot: 72.997471 GB/s
Total Time: 3.555165e+00
