NUM. THETA             : 375
NUM. RHO               : 1024
NUM. X PIXELS          : 1024
NUM. Y PIXELS          : 1024

NUM. OF PIXELS         : 1048576
NUM. OF RAYS           : 384000

NUM. ITERATIONS        : 24

SPATIAL TILE SIZE      : 16
SPECTRAL TILE SIZE     : 16

NUMBER OF X TILES      : 64
NUMBER OF Y TILES      : 64
NUM. OF THETA TILES    : 24
NUM. OF RHO TILES      : 64

NUM. SPATIAL TILES     : 4096
NUM. SPECTRAL TILES    : 1536

NUM. OF X PIXELS (EXT) : 1024
NUM. OF Y PIXELS (EXT) : 1024
NUM. OF ANGLES (EXT)   : 384
NUM. OF RHOS (EXT)     : 1024

NUM. OF PIXELS (EXT)   : 1048576
NUM. OF RAYS (EXT)     : 393216

NUMBER OF PROCESSES    : 1
NUMBER OF THRD./PROC.  : 30

INTEGER: 4, FLOAT: 4, LONG: 8, SHORT: 2, POINTER: 8
APPROX. MEMORY     TOTAL: 8.789062e+00 GB
APPROX. MEMORY PER PROC.: 8.789062e+00 GB

X START       : -5.120000e+02
Y START       : -5.120000e+02
PIXEL SIZE    : 1.000000e+00
RHO START     : -5.120000e+02
RAY LENGTH    : 2.048000e+03

SPATIAL INDEXING       : 5
SPECTRAL INDEXING      : 5
 1: CARTESIAN, NATURAL
 2: CARTESIAN, TRANSPOSED
 3: MORTON, NATURAL
 4: MORTON, TRANSPOSED
 5: HILBERT
PROJECTION BLOCK SIZE      : 2048
BACKPROJECTION BLOCK SIZE  : 2048
PROJECTION BUFFER SIZE      : 32 KB
BACKPROJECTION BUFFER SIZE  : 32 KB

SINOGRAM FILE : ../../../../datasets/CDS2_sinogram.bin
   THETA FILE : ../../../../datasets/CDS2_theta.bin
  OUTPUT FILE : ../../output/single_cpu/ip-0A00000F/30.CDS2.16.16.2048.2048.32.32.bin


PLACE TILES
lspat 64 lspatdim 64
lspec 64 lspecdim 64
MPI PARTITIONING
proc: 0 numspats: 4096 numpixs: 1048576 numspecs: 1536 numrays: 393216
maxnumpix: 1048576 maxnumray: 393216
FILL PIXELS AND RAYS
INPUT THETA DATA
DOMAIN PARTITIONING

CONSTRUCT PROJECTION MATRIX
CSR STORAGE: 470024080 (3.501952 GB) rownzmax 2046
RAY-TRACING TIME: 5.235025e+00
CONSTRUCT BACKPROJECTION MATRIX
CSR STORAGE: 470024080 (3.501952 GB) rownzmax 607
TRANSPOSITION TIME: 4.653581e-01

BLOCKING PROJECTION MATRIX
NUMBER OF BLOCKS: 188 BUFFSIZE: 8192
NUMBER OF BUFFERS: 2305 AVERAGE BUFF/BLOCK: 12.260638 MAX BUFF/BLOCK: 20
BUFFER MAP: 18112487 (0.067474 GB)
CSR STORAGE: 470024080 (2.626464 GB) buffnzmax: 526 STORAGE EFFICIENCY: 1.500000 DATA REUSE: 25.950275
BLOCKING TIME: 5.338361e-01
BLOCKING BACKPROJECTION MATRIX
NUMBER OF BLOCKS: 512 BUFFSIZE: 8192
NUMBER OF BUFFERS: 1470 AVERAGE BUFF/BLOCK: 2.871094 MAX BUFF/BLOCK: 3
BUFFER MAP: 11012616 (0.041025 GB)
CSR STORAGE: 470024080 (2.626464 GB) buffnzmax: 478 STORAGE EFFICIENCY: 1.500000 DATA REUSE: 42.680511
BLOCKING TIME: 4.554493e-01

FILL PROJECTION MATRIX
TIME: 7.262112e-01
FILL BACKPROJECTION MATRIX
TIME: 7.557489e-01
REDUCTION MAPPINGS
PREPROCESSING TIME: 8.190369e+00
INPUT MEASUREMENT DATA
INPUT ENDS
GRADIENT-DESCENT OPTIMIZATION
iter: 0 error: 5.498390e+04 gradnorm: 5.780564e+09
iter: 1 error: 2.713757e+04 gradnorm: 4.174662e+08
iter: 2 error: 2.306865e+04 gradnorm: 9.086817e+07
iter: 3 error: 2.127430e+04 gradnorm: 3.168978e+07
iter: 4 error: 2.032668e+04 gradnorm: 1.557749e+07
iter: 5 error: 1.975907e+04 gradnorm: 1.008934e+07
iter: 6 error: 1.938424e+04 gradnorm: 8.237758e+06
iter: 7 error: 1.911244e+04 gradnorm: 6.115952e+06
iter: 8 error: 1.887025e+04 gradnorm: 5.693646e+06
iter: 9 error: 1.872359e+04 gradnorm: 1.088848e+07
iter: 10 error: 1.862409e+04 gradnorm: 5.113684e+06
iter: 11 error: 1.844732e+04 gradnorm: 4.168775e+06
iter: 12 error: 1.828188e+04 gradnorm: 3.279253e+06
iter: 13 error: 1.811537e+04 gradnorm: 2.900551e+06
iter: 14 error: 1.798171e+04 gradnorm: 2.801087e+06
iter: 15 error: 1.785685e+04 gradnorm: 2.883672e+06
iter: 16 error: 1.779037e+04 gradnorm: 3.495445e+06
iter: 17 error: 1.767974e+04 gradnorm: 1.798572e+06
iter: 18 error: 1.757446e+04 gradnorm: 4.584058e+06
iter: 19 error: 1.753940e+04 gradnorm: 2.283374e+06
iter: 20 error: 1.745002e+04 gradnorm: 1.923646e+06
iter: 21 error: 1.736015e+04 gradnorm: 1.586926e+06
iter: 22 error: 1.726248e+04 gradnorm: 1.342175e+06
iter: 23 error: 1.716980e+04 gradnorm: 1.258714e+06
iter: 24 error: 1.708037e+04 gradnorm: 1.341629e+06
recon: 3.288431e+00 proj: 2.028709e+00 (1.998143e+00 1.053945e-02 1.996706e-02) backproj: 1.229429e+00 (2.182273e-03 4.437446e-03 1.222785e+00) ctime: 3.012339e-02 wtime: 4.510200e-05
numproj: 49 numback: 25
proj: 1.998143e+00 s (23.052578 GFLOPS) backproj: 1.222785e+00 s (19.219414 GFLOPS) avGFLOPS: 21.597366 totGFLOPS: 21.597366
proj: 70.934408 GB/s back: 58.558859 GB/s av: 66.236187 GB/s tot: 66.236187 GB/s
Total Time: 1.383069e+01
