NUM. THETA             : 375
NUM. RHO               : 1024
NUM. X PIXELS          : 1024
NUM. Y PIXELS          : 1024

NUM. OF PIXELS         : 1048576
NUM. OF RAYS           : 384000

NUM. ITERATIONS        : 24

SPATIAL TILE SIZE      : 16
SPECTRAL TILE SIZE     : 16

NUMBER OF X TILES      : 64
NUMBER OF Y TILES      : 64
NUM. OF THETA TILES    : 24
NUM. OF RHO TILES      : 64

NUM. SPATIAL TILES     : 4096
NUM. SPECTRAL TILES    : 1536

NUM. OF X PIXELS (EXT) : 1024
NUM. OF Y PIXELS (EXT) : 1024
NUM. OF ANGLES (EXT)   : 384
NUM. OF RHOS (EXT)     : 1024

NUM. OF PIXELS (EXT)   : 1048576
NUM. OF RAYS (EXT)     : 393216

NUMBER OF PROCESSES    : 1
NUMBER OF THRD./PROC.  : 30

INTEGER: 4, FLOAT: 4, LONG: 8, SHORT: 2, POINTER: 8
APPROX. MEMORY     TOTAL: 8.789062e+00 GB
APPROX. MEMORY PER PROC.: 8.789062e+00 GB

X START       : -5.120000e+02
Y START       : -5.120000e+02
PIXEL SIZE    : 1.000000e+00
RHO START     : -5.120000e+02
RAY LENGTH    : 2.048000e+03

SPATIAL INDEXING       : 5
SPECTRAL INDEXING      : 5
 1: CARTESIAN, NATURAL
 2: CARTESIAN, TRANSPOSED
 3: MORTON, NATURAL
 4: MORTON, TRANSPOSED
 5: HILBERT
PROJECTION BLOCK SIZE      : 4096
BACKPROJECTION BLOCK SIZE  : 4096
PROJECTION BUFFER SIZE      : 32 KB
BACKPROJECTION BUFFER SIZE  : 32 KB

SINOGRAM FILE : ../../../../datasets/CDS2_sinogram.bin
   THETA FILE : ../../../../datasets/CDS2_theta.bin
  OUTPUT FILE : ../../output/single_cpu/ip-0A00000F/30.CDS2.16.16.4096.4096.32.32.bin


PLACE TILES
lspat 64 lspatdim 64
lspec 64 lspecdim 64
MPI PARTITIONING
proc: 0 numspats: 4096 numpixs: 1048576 numspecs: 1536 numrays: 393216
maxnumpix: 1048576 maxnumray: 393216
FILL PIXELS AND RAYS
INPUT THETA DATA
DOMAIN PARTITIONING

CONSTRUCT PROJECTION MATRIX
CSR STORAGE: 470024080 (3.501952 GB) rownzmax 2046
RAY-TRACING TIME: 5.822292e+00
CONSTRUCT BACKPROJECTION MATRIX
CSR STORAGE: 470024080 (3.501952 GB) rownzmax 607
TRANSPOSITION TIME: 4.734962e-01

BLOCKING PROJECTION MATRIX
NUMBER OF BLOCKS: 94 BUFFSIZE: 8192
NUMBER OF BUFFERS: 1597 AVERAGE BUFF/BLOCK: 16.989361 MAX BUFF/BLOCK: 27
BUFFER MAP: 12730867 (0.047426 GB)
CSR STORAGE: 470024080 (2.626464 GB) buffnzmax: 483 STORAGE EFFICIENCY: 1.500000 DATA REUSE: 36.920036
BLOCKING TIME: 5.837626e-01
BLOCKING BACKPROJECTION MATRIX
NUMBER OF BLOCKS: 256 BUFFSIZE: 8192
NUMBER OF BUFFERS: 978 AVERAGE BUFF/BLOCK: 3.820312 MAX BUFF/BLOCK: 4
BUFFER MAP: 7339190 (0.027341 GB)
CSR STORAGE: 470024080 (2.626464 GB) buffnzmax: 376 STORAGE EFFICIENCY: 1.500000 DATA REUSE: 64.043045
BLOCKING TIME: 4.667177e-01

FILL PROJECTION MATRIX
TIME: 7.744441e-01
FILL BACKPROJECTION MATRIX
TIME: 7.746721e-01
REDUCTION MAPPINGS
PREPROCESSING TIME: 8.926352e+00
INPUT MEASUREMENT DATA
INPUT ENDS
GRADIENT-DESCENT OPTIMIZATION
iter: 0 error: 5.498391e+04 gradnorm: 5.780564e+09
iter: 1 error: 2.713757e+04 gradnorm: 4.174662e+08
iter: 2 error: 2.306865e+04 gradnorm: 9.086820e+07
iter: 3 error: 2.127430e+04 gradnorm: 3.168978e+07
iter: 4 error: 2.032668e+04 gradnorm: 1.557749e+07
iter: 5 error: 1.975907e+04 gradnorm: 1.008936e+07
iter: 6 error: 1.938424e+04 gradnorm: 8.237614e+06
iter: 7 error: 1.911241e+04 gradnorm: 6.111685e+06
iter: 8 error: 1.886900e+04 gradnorm: 5.460549e+06
iter: 9 error: 1.869064e+04 gradnorm: 7.746347e+06
iter: 10 error: 1.861503e+04 gradnorm: 6.564408e+06
iter: 11 error: 1.844716e+04 gradnorm: 4.197102e+06
iter: 12 error: 1.828188e+04 gradnorm: 3.279574e+06
iter: 13 error: 1.811537e+04 gradnorm: 2.900792e+06
iter: 14 error: 1.798175e+04 gradnorm: 2.804581e+06
iter: 15 error: 1.785744e+04 gradnorm: 2.925164e+06
iter: 16 error: 1.779137e+04 gradnorm: 3.445198e+06
iter: 17 error: 1.768058e+04 gradnorm: 1.955670e+06
iter: 18 error: 1.762431e+04 gradnorm: 6.833982e+06
iter: 19 error: 1.754196e+04 gradnorm: 1.804942e+06
iter: 20 error: 1.745006e+04 gradnorm: 1.917737e+06
iter: 21 error: 1.736014e+04 gradnorm: 1.586880e+06
iter: 22 error: 1.726247e+04 gradnorm: 1.342371e+06
iter: 23 error: 1.716994e+04 gradnorm: 1.286580e+06
iter: 24 error: 1.710132e+04 gradnorm: 4.451936e+06
recon: 3.426254e+00 proj: 2.111853e+00 (2.087193e+00 1.210061e-02 1.250842e-02) backproj: 1.279726e+00 (2.251154e-03 4.695323e-03 1.272753e+00) ctime: 3.449799e-02 wtime: 5.510200e-05
numproj: 49 numback: 25
proj: 2.087193e+00 s (22.069052 GFLOPS) backproj: 1.272753e+00 s (18.464861 GFLOPS) avGFLOPS: 20.703778 totGFLOPS: 20.703778
proj: 67.402661 GB/s back: 55.971221 GB/s av: 63.072413 GB/s tot: 63.072413 GB/s
Total Time: 1.468234e+01
