NUM. THETA             : 750
NUM. RHO               : 512
NUM. X PIXELS          : 512
NUM. Y PIXELS          : 512

NUM. OF PIXELS         : 262144
NUM. OF RAYS           : 384000

NUM. ITERATIONS        : 24

SPATIAL TILE SIZE      : 256
SPECTRAL TILE SIZE     : 256

NUMBER OF X TILES      : 2
NUMBER OF Y TILES      : 2
NUM. OF THETA TILES    : 3
NUM. OF RHO TILES      : 2

NUM. SPATIAL TILES     : 4
NUM. SPECTRAL TILES    : 6

NUM. OF X PIXELS (EXT) : 512
NUM. OF Y PIXELS (EXT) : 512
NUM. OF ANGLES (EXT)   : 768
NUM. OF RHOS (EXT)     : 512

NUM. OF PIXELS (EXT)   : 262144
NUM. OF RAYS (EXT)     : 393216

NUMBER OF PROCESSES    : 1
NUMBER OF THRD./PROC.  : 30

INTEGER: 4, FLOAT: 4, LONG: 8, SHORT: 2, POINTER: 8
APPROX. MEMORY     TOTAL: 4.394531e+00 GB
APPROX. MEMORY PER PROC.: 4.394531e+00 GB

X START       : -2.560000e+02
Y START       : -2.560000e+02
PIXEL SIZE    : 1.000000e+00
RHO START     : -2.560000e+02
RAY LENGTH    : 1.024000e+03

SPATIAL INDEXING       : 5
SPECTRAL INDEXING      : 5
 1: CARTESIAN, NATURAL
 2: CARTESIAN, TRANSPOSED
 3: MORTON, NATURAL
 4: MORTON, TRANSPOSED
 5: HILBERT
PROJECTION BLOCK SIZE      : 512
BACKPROJECTION BLOCK SIZE  : 512
PROJECTION BUFFER SIZE      : 32 KB
BACKPROJECTION BUFFER SIZE  : 32 KB

SINOGRAM FILE : ../../../../datasets/CDS1_sinogram.bin
   THETA FILE : ../../../../datasets/CDS1_theta.bin
  OUTPUT FILE : ../../output/single_cpu/ip-0A00001A/30.CDS1.256.256.512.512.32.32.bin


PLACE TILES
lspat 2 lspatdim 2
lspec 3 lspecdim 4
MPI PARTITIONING
proc: 0 numspats: 4 numpixs: 262144 numspecs: 6 numrays: 393216
maxnumpix: 262144 maxnumray: 393216
FILL PIXELS AND RAYS
INPUT THETA DATA
DOMAIN PARTITIONING

CONSTRUCT PROJECTION MATRIX
CSR STORAGE: 235011337 (1.750971 GB) rownzmax 1022
RAY-TRACING TIME: 5.098241e-01
CONSTRUCT BACKPROJECTION MATRIX
CSR STORAGE: 235011337 (1.750971 GB) rownzmax 1092
TRANSPOSITION TIME: 1.924477e-01

BLOCKING PROJECTION MATRIX
NUMBER OF BLOCKS: 750 BUFFSIZE: 8192
NUMBER OF BUFFERS: 2026 AVERAGE BUFF/BLOCK: 2.701333 MAX BUFF/BLOCK: 4
BUFFER MAP: 13318065 (0.049614 GB)
CSR STORAGE: 235011337 (1.313228 GB) buffnzmax: 517 STORAGE EFFICIENCY: 1.500000 DATA REUSE: 17.646057
BLOCKING TIME: 2.369980e-01
BLOCKING BACKPROJECTION MATRIX
NUMBER OF BLOCKS: 512 BUFFSIZE: 8192
NUMBER OF BUFFERS: 1484 AVERAGE BUFF/BLOCK: 2.898438 MAX BUFF/BLOCK: 3
BUFFER MAP: 11012386 (0.041024 GB)
CSR STORAGE: 235011337 (1.313228 GB) buffnzmax: 583 STORAGE EFFICIENCY: 1.500000 DATA REUSE: 21.340637
BLOCKING TIME: 2.275422e-01

FILL PROJECTION MATRIX
TIME: 3.757643e-01
FILL BACKPROJECTION MATRIX
TIME: 4.000415e-01
REDUCTION MAPPINGS
PREPROCESSING TIME: 1.954813e+00
INPUT MEASUREMENT DATA
INPUT ENDS
GRADIENT-DESCENT OPTIMIZATION
iter: 0 error: 4.959038e+04 gradnorm: 1.560969e+10
iter: 1 error: 5.316513e+03 gradnorm: 4.760833e+08
iter: 2 error: 5.074559e+02 gradnorm: 1.604497e+07
iter: 3 error: 2.940059e+02 gradnorm: 8.082466e+06
iter: 4 error: 1.716220e+02 gradnorm: 1.353856e+06
iter: 5 error: 1.154509e+02 gradnorm: 6.263546e+05
iter: 6 error: 8.956306e+01 gradnorm: 8.172580e+05
iter: 7 error: 8.224670e+01 gradnorm: 1.177318e+06
iter: 8 error: 7.157185e+01 gradnorm: 4.302089e+05
iter: 9 error: 5.778055e+01 gradnorm: 2.255952e+05
iter: 10 error: 4.873505e+01 gradnorm: 1.924674e+05
iter: 11 error: 4.171456e+01 gradnorm: 1.090154e+05
iter: 12 error: 3.755696e+01 gradnorm: 1.909679e+05
iter: 13 error: 3.476655e+01 gradnorm: 1.368237e+05
iter: 14 error: 3.347323e+01 gradnorm: 2.237029e+05
iter: 15 error: 3.111306e+01 gradnorm: 6.075171e+04
iter: 16 error: 2.842272e+01 gradnorm: 5.461583e+04
iter: 17 error: 2.682601e+01 gradnorm: 4.562884e+04
iter: 18 error: 2.523937e+01 gradnorm: 2.666737e+04
iter: 19 error: 2.394912e+01 gradnorm: 2.662838e+04
iter: 20 error: 2.322698e+01 gradnorm: 8.839977e+04
iter: 21 error: 2.279763e+01 gradnorm: 1.589663e+04
iter: 22 error: 2.188653e+01 gradnorm: 1.199812e+04
iter: 23 error: 2.120641e+01 gradnorm: 9.641863e+03
iter: 24 error: 2.075337e+01 gradnorm: 1.532511e+04
recon: 1.715175e+00 proj: 9.494126e-01 (9.301313e-01 9.034140e-03 1.020577e-02) backproj: 7.550306e-01 (2.827677e-03 5.976556e-03 7.462039e-01) ctime: 1.055308e-02 wtime: 5.580300e-05
numproj: 49 numback: 25
proj: 9.301313e-01 s (24.761139 GFLOPS) backproj: 7.462039e-01 s (15.747126 GFLOPS) avGFLOPS: 20.748641 totGFLOPS: 20.748641
proj: 77.089840 GB/s back: 48.717167 GB/s av: 64.460027 GB/s tot: 64.460027 GB/s
Total Time: 3.703390e+00
