NUM. THETA             : 750
NUM. RHO               : 512
NUM. X PIXELS          : 512
NUM. Y PIXELS          : 512

NUM. OF PIXELS         : 262144
NUM. OF RAYS           : 384000

NUM. ITERATIONS        : 24

SPATIAL TILE SIZE      : 16
SPECTRAL TILE SIZE     : 16

NUMBER OF X TILES      : 32
NUMBER OF Y TILES      : 32
NUM. OF THETA TILES    : 47
NUM. OF RHO TILES      : 32

NUM. SPATIAL TILES     : 1024
NUM. SPECTRAL TILES    : 1504

NUM. OF X PIXELS (EXT) : 512
NUM. OF Y PIXELS (EXT) : 512
NUM. OF ANGLES (EXT)   : 752
NUM. OF RHOS (EXT)     : 512

NUM. OF PIXELS (EXT)   : 262144
NUM. OF RAYS (EXT)     : 385024

NUMBER OF PROCESSES    : 1
NUMBER OF THRD./PROC.  : 30

INTEGER: 4, FLOAT: 4, LONG: 8, SHORT: 2, POINTER: 8
APPROX. MEMORY     TOTAL: 4.394531e+00 GB
APPROX. MEMORY PER PROC.: 4.394531e+00 GB

X START       : -2.560000e+02
Y START       : -2.560000e+02
PIXEL SIZE    : 1.000000e+00
RHO START     : -2.560000e+02
RAY LENGTH    : 1.024000e+03

SPATIAL INDEXING       : 5
SPECTRAL INDEXING      : 5
 1: CARTESIAN, NATURAL
 2: CARTESIAN, TRANSPOSED
 3: MORTON, NATURAL
 4: MORTON, TRANSPOSED
 5: HILBERT
PROJECTION BLOCK SIZE      : 2048
BACKPROJECTION BLOCK SIZE  : 2048
PROJECTION BUFFER SIZE      : 32 KB
BACKPROJECTION BUFFER SIZE  : 32 KB

SINOGRAM FILE : ../../../../datasets/CDS1_sinogram.bin
   THETA FILE : ../../../../datasets/CDS1_theta.bin
  OUTPUT FILE : ../../output/single_cpu/ip-0A00000F/30.CDS1.16.16.2048.2048.32.32.bin


PLACE TILES
lspat 32 lspatdim 32
lspec 47 lspecdim 64
MPI PARTITIONING
proc: 0 numspats: 1024 numpixs: 262144 numspecs: 1504 numrays: 385024
maxnumpix: 262144 maxnumray: 385024
FILL PIXELS AND RAYS
INPUT THETA DATA
DOMAIN PARTITIONING

CONSTRUCT PROJECTION MATRIX
CSR STORAGE: 235011197 (1.750970 GB) rownzmax 1022
RAY-TRACING TIME: 1.613700e+00
CONSTRUCT BACKPROJECTION MATRIX
CSR STORAGE: 235011197 (1.750970 GB) rownzmax 1092
TRANSPOSITION TIME: 1.885889e-01

BLOCKING PROJECTION MATRIX
NUMBER OF BLOCKS: 188 BUFFSIZE: 8192
NUMBER OF BUFFERS: 923 AVERAGE BUFF/BLOCK: 4.909575 MAX BUFF/BLOCK: 8
BUFFER MAP: 6728413 (0.025065 GB)
CSR STORAGE: 235011197 (1.313227 GB) buffnzmax: 424 STORAGE EFFICIENCY: 1.500000 DATA REUSE: 34.928177
BLOCKING TIME: 2.456023e-01
BLOCKING BACKPROJECTION MATRIX
NUMBER OF BLOCKS: 128 BUFFSIZE: 8192
NUMBER OF BUFFERS: 736 AVERAGE BUFF/BLOCK: 5.750000 MAX BUFF/BLOCK: 6
BUFFER MAP: 5500390 (0.020491 GB)
CSR STORAGE: 235011197 (1.313227 GB) buffnzmax: 467 STORAGE EFFICIENCY: 1.500000 DATA REUSE: 42.726280
BLOCKING TIME: 2.461232e-01

FILL PROJECTION MATRIX
TIME: 4.079194e-01
FILL BACKPROJECTION MATRIX
TIME: 4.440865e-01
REDUCTION MAPPINGS
PREPROCESSING TIME: 3.158257e+00
INPUT MEASUREMENT DATA
INPUT ENDS
GRADIENT-DESCENT OPTIMIZATION
iter: 0 error: 4.959040e+04 gradnorm: 1.560967e+10
iter: 1 error: 5.316509e+03 gradnorm: 4.760827e+08
iter: 2 error: 5.074560e+02 gradnorm: 1.604502e+07
iter: 3 error: 2.940064e+02 gradnorm: 8.082422e+06
iter: 4 error: 1.716230e+02 gradnorm: 1.353860e+06
iter: 5 error: 1.154574e+02 gradnorm: 6.283177e+05
iter: 6 error: 9.058698e+01 gradnorm: 1.109327e+06
iter: 7 error: 8.404306e+01 gradnorm: 8.849308e+05
iter: 8 error: 7.160007e+01 gradnorm: 4.218528e+05
iter: 9 error: 5.778130e+01 gradnorm: 2.255792e+05
iter: 10 error: 4.873568e+01 gradnorm: 1.924433e+05
iter: 11 error: 4.171164e+01 gradnorm: 1.086570e+05
iter: 12 error: 3.752094e+01 gradnorm: 1.952691e+05
iter: 13 error: 3.503368e+01 gradnorm: 1.937613e+05
iter: 14 error: 3.380192e+01 gradnorm: 1.524934e+05
iter: 15 error: 3.111468e+01 gradnorm: 6.023403e+04
iter: 16 error: 2.842429e+01 gradnorm: 5.466196e+04
iter: 17 error: 2.682753e+01 gradnorm: 4.560744e+04
iter: 18 error: 2.523990e+01 gradnorm: 2.668033e+04
iter: 19 error: 2.396259e+01 gradnorm: 3.081728e+04
iter: 20 error: 2.358129e+01 gradnorm: 7.668808e+04
iter: 21 error: 2.280043e+01 gradnorm: 1.508399e+04
iter: 22 error: 2.188720e+01 gradnorm: 1.203932e+04
iter: 23 error: 2.122211e+01 gradnorm: 1.142948e+04
iter: 24 error: 2.094080e+01 gradnorm: 1.851688e+04
recon: 1.533723e+00 proj: 1.016405e+00 (9.820972e-01 2.058547e-02 1.367855e-02) backproj: 4.909046e-01 (2.090466e-03 4.532550e-03 4.842602e-01) ctime: 2.624775e-02 wtime: 5.740300e-05
numproj: 49 numback: 25
proj: 9.820972e-01 s (23.450935 GFLOPS) backproj: 4.842602e-01 s (24.264970 GFLOPS) avGFLOPS: 23.719768 totGFLOPS: 23.719768
proj: 71.695614 GB/s back: 73.930743 GB/s av: 72.433759 GB/s tot: 72.433759 GB/s
Total Time: 5.318002e+00
