NUM. THETA             : 750
NUM. RHO               : 512
NUM. X PIXELS          : 512
NUM. Y PIXELS          : 512

NUM. OF PIXELS         : 262144
NUM. OF RAYS           : 384000

NUM. ITERATIONS        : 24

SPATIAL TILE SIZE      : 128
SPECTRAL TILE SIZE     : 128

NUMBER OF X TILES      : 4
NUMBER OF Y TILES      : 4
NUM. OF THETA TILES    : 6
NUM. OF RHO TILES      : 4

NUM. SPATIAL TILES     : 16
NUM. SPECTRAL TILES    : 24

NUM. OF X PIXELS (EXT) : 512
NUM. OF Y PIXELS (EXT) : 512
NUM. OF ANGLES (EXT)   : 768
NUM. OF RHOS (EXT)     : 512

NUM. OF PIXELS (EXT)   : 262144
NUM. OF RAYS (EXT)     : 393216

NUMBER OF PROCESSES    : 1
NUMBER OF THRD./PROC.  : 30

INTEGER: 4, FLOAT: 4, LONG: 8, SHORT: 2, POINTER: 8
APPROX. MEMORY     TOTAL: 4.394531e+00 GB
APPROX. MEMORY PER PROC.: 4.394531e+00 GB

X START       : -2.560000e+02
Y START       : -2.560000e+02
PIXEL SIZE    : 1.000000e+00
RHO START     : -2.560000e+02
RAY LENGTH    : 1.024000e+03

SPATIAL INDEXING       : 5
SPECTRAL INDEXING      : 5
 1: CARTESIAN, NATURAL
 2: CARTESIAN, TRANSPOSED
 3: MORTON, NATURAL
 4: MORTON, TRANSPOSED
 5: HILBERT
PROJECTION BLOCK SIZE      : 512
BACKPROJECTION BLOCK SIZE  : 512
PROJECTION BUFFER SIZE      : 32 KB
BACKPROJECTION BUFFER SIZE  : 32 KB

SINOGRAM FILE : ../../../../datasets/CDS1_sinogram.bin
   THETA FILE : ../../../../datasets/CDS1_theta.bin
  OUTPUT FILE : ../../output/single_cpu/ip-0A00001A/30.CDS1.128.128.512.512.32.32.bin


PLACE TILES
lspat 4 lspatdim 4
lspec 6 lspecdim 8
MPI PARTITIONING
proc: 0 numspats: 16 numpixs: 262144 numspecs: 24 numrays: 393216
maxnumpix: 262144 maxnumray: 393216
FILL PIXELS AND RAYS
INPUT THETA DATA
DOMAIN PARTITIONING

CONSTRUCT PROJECTION MATRIX
CSR STORAGE: 235011121 (1.750969 GB) rownzmax 1022
RAY-TRACING TIME: 5.067080e-01
CONSTRUCT BACKPROJECTION MATRIX
CSR STORAGE: 235011121 (1.750969 GB) rownzmax 1092
TRANSPOSITION TIME: 1.920495e-01

BLOCKING PROJECTION MATRIX
NUMBER OF BLOCKS: 750 BUFFSIZE: 8192
NUMBER OF BUFFERS: 2016 AVERAGE BUFF/BLOCK: 2.688000 MAX BUFF/BLOCK: 4
BUFFER MAP: 13327823 (0.049650 GB)
CSR STORAGE: 235011121 (1.313227 GB) buffnzmax: 520 STORAGE EFFICIENCY: 1.500000 DATA REUSE: 17.633121
BLOCKING TIME: 2.446364e-01
BLOCKING BACKPROJECTION MATRIX
NUMBER OF BLOCKS: 512 BUFFSIZE: 8192
NUMBER OF BUFFERS: 1484 AVERAGE BUFF/BLOCK: 2.898438 MAX BUFF/BLOCK: 3
BUFFER MAP: 11012369 (0.041024 GB)
CSR STORAGE: 235011121 (1.313227 GB) buffnzmax: 586 STORAGE EFFICIENCY: 1.500000 DATA REUSE: 21.340651
BLOCKING TIME: 2.343780e-01

FILL PROJECTION MATRIX
TIME: 3.808805e-01
FILL BACKPROJECTION MATRIX
TIME: 4.013540e-01
REDUCTION MAPPINGS
PREPROCESSING TIME: 1.972189e+00
INPUT MEASUREMENT DATA
INPUT ENDS
GRADIENT-DESCENT OPTIMIZATION
iter: 0 error: 4.959037e+04 gradnorm: 1.560966e+10
iter: 1 error: 5.316521e+03 gradnorm: 4.760843e+08
iter: 2 error: 5.074577e+02 gradnorm: 1.604497e+07
iter: 3 error: 2.940089e+02 gradnorm: 8.082361e+06
iter: 4 error: 1.716261e+02 gradnorm: 1.353840e+06
iter: 5 error: 1.154529e+02 gradnorm: 6.256913e+05
iter: 6 error: 8.919459e+01 gradnorm: 7.039480e+05
iter: 7 error: 7.957177e+01 gradnorm: 1.304713e+06
iter: 8 error: 7.150038e+01 gradnorm: 4.525339e+05
iter: 9 error: 5.778317e+01 gradnorm: 2.256798e+05
iter: 10 error: 4.873898e+01 gradnorm: 1.925919e+05
iter: 11 error: 4.173143e+01 gradnorm: 1.106567e+05
iter: 12 error: 3.777251e+01 gradnorm: 1.959770e+05
iter: 13 error: 3.469092e+01 gradnorm: 1.026446e+05
iter: 14 error: 3.166477e+01 gradnorm: 1.198250e+05
iter: 15 error: 3.100226e+01 gradnorm: 9.558754e+04
iter: 16 error: 2.842617e+01 gradnorm: 5.486704e+04
iter: 17 error: 2.682947e+01 gradnorm: 4.558202e+04
iter: 18 error: 2.524039e+01 gradnorm: 2.665433e+04
iter: 19 error: 2.394676e+01 gradnorm: 2.563817e+04
iter: 20 error: 2.288751e+01 gradnorm: 1.540417e+04
iter: 21 error: 2.226855e+01 gradnorm: 7.954042e+04
iter: 22 error: 2.188476e+01 gradnorm: 1.271359e+04
iter: 23 error: 2.120466e+01 gradnorm: 9.387150e+03
iter: 24 error: 2.067738e+01 gradnorm: 8.163849e+03
recon: 1.609785e+00 proj: 9.514043e-01 (9.200583e-01 9.637369e-03 2.165130e-02) backproj: 6.458895e-01 (2.959982e-03 4.816440e-03 6.380853e-01) ctime: 1.222755e-02 wtime: 1.371020e-04
numproj: 49 numback: 25
proj: 9.200583e-01 s (25.032207 GFLOPS) backproj: 6.380853e-01 s (18.415338 GFLOPS) avGFLOPS: 22.322491 totGFLOPS: 22.322491
proj: 77.935847 GB/s back: 56.971859 GB/s av: 69.350751 GB/s tot: 69.350751 GB/s
Total Time: 3.699032e+00
