NUM. THETA             : 375
NUM. RHO               : 1024
NUM. X PIXELS          : 1024
NUM. Y PIXELS          : 1024

NUM. OF PIXELS         : 1048576
NUM. OF RAYS           : 384000

NUM. ITERATIONS        : 24

SPATIAL TILE SIZE      : 8
SPECTRAL TILE SIZE     : 8

NUMBER OF X TILES      : 128
NUMBER OF Y TILES      : 128
NUM. OF THETA TILES    : 47
NUM. OF RHO TILES      : 128

NUM. SPATIAL TILES     : 16384
NUM. SPECTRAL TILES    : 6016

NUM. OF X PIXELS (EXT) : 1024
NUM. OF Y PIXELS (EXT) : 1024
NUM. OF ANGLES (EXT)   : 376
NUM. OF RHOS (EXT)     : 1024

NUM. OF PIXELS (EXT)   : 1048576
NUM. OF RAYS (EXT)     : 385024

NUMBER OF PROCESSES    : 1
NUMBER OF THRD./PROC.  : 30

INTEGER: 4, FLOAT: 4, LONG: 8, SHORT: 2, POINTER: 8
APPROX. MEMORY     TOTAL: 8.789062e+00 GB
APPROX. MEMORY PER PROC.: 8.789062e+00 GB

X START       : -5.120000e+02
Y START       : -5.120000e+02
PIXEL SIZE    : 1.000000e+00
RHO START     : -5.120000e+02
RAY LENGTH    : 2.048000e+03

SPATIAL INDEXING       : 5
SPECTRAL INDEXING      : 5
 1: CARTESIAN, NATURAL
 2: CARTESIAN, TRANSPOSED
 3: MORTON, NATURAL
 4: MORTON, TRANSPOSED
 5: HILBERT
PROJECTION BLOCK SIZE      : 2048
BACKPROJECTION BLOCK SIZE  : 2048
PROJECTION BUFFER SIZE      : 8 KB
BACKPROJECTION BUFFER SIZE  : 8 KB

SINOGRAM FILE : ../../../../datasets/CDS2_sinogram.bin
   THETA FILE : ../../../../datasets/CDS2_theta.bin
  OUTPUT FILE : ../../output/single_cpu/ip-0A00000F/30.CDS2.8.8.2048.2048.8.8.bin


PLACE TILES
lspat 128 lspatdim 128
lspec 128 lspecdim 128
MPI PARTITIONING
proc: 0 numspats: 16384 numpixs: 1048576 numspecs: 6016 numrays: 385024
maxnumpix: 1048576 maxnumray: 385024
FILL PIXELS AND RAYS
INPUT THETA DATA
DOMAIN PARTITIONING

CONSTRUCT PROJECTION MATRIX
CSR STORAGE: 470023898 (3.501951 GB) rownzmax 2046
RAY-TRACING TIME: 1.850580e+01
CONSTRUCT BACKPROJECTION MATRIX
CSR STORAGE: 470023898 (3.501951 GB) rownzmax 607
TRANSPOSITION TIME: 4.767281e-01

BLOCKING PROJECTION MATRIX
NUMBER OF BLOCKS: 188 BUFFSIZE: 2048
NUMBER OF BUFFERS: 8915 AVERAGE BUFF/BLOCK: 47.420212 MAX BUFF/BLOCK: 79
BUFFER MAP: 18066605 (0.067303 GB)
CSR STORAGE: 470023898 (2.626463 GB) buffnzmax: 279 STORAGE EFFICIENCY: 1.500000 DATA REUSE: 26.016174
BLOCKING TIME: 5.662545e-01
BLOCKING BACKPROJECTION MATRIX
NUMBER OF BLOCKS: 512 BUFFSIZE: 2048
NUMBER OF BUFFERS: 5770 AVERAGE BUFF/BLOCK: 11.269531 MAX BUFF/BLOCK: 12
BUFFER MAP: 11012617 (0.041025 GB)
CSR STORAGE: 470023898 (2.626463 GB) buffnzmax: 261 STORAGE EFFICIENCY: 1.500000 DATA REUSE: 42.680492
BLOCKING TIME: 4.724111e-01

FILL PROJECTION MATRIX
TIME: 7.484296e-01
FILL BACKPROJECTION MATRIX
TIME: 7.666260e-01
REDUCTION MAPPINGS
PREPROCESSING TIME: 2.154939e+01
INPUT MEASUREMENT DATA
INPUT ENDS
GRADIENT-DESCENT OPTIMIZATION
iter: 0 error: 5.498391e+04 gradnorm: 5.780559e+09
iter: 1 error: 2.713755e+04 gradnorm: 4.174663e+08
iter: 2 error: 2.306863e+04 gradnorm: 9.086760e+07
iter: 3 error: 2.127429e+04 gradnorm: 3.168959e+07
iter: 4 error: 2.032667e+04 gradnorm: 1.557749e+07
iter: 5 error: 1.975906e+04 gradnorm: 1.008938e+07
iter: 6 error: 1.938423e+04 gradnorm: 8.237628e+06
iter: 7 error: 1.911240e+04 gradnorm: 6.110251e+06
iter: 8 error: 1.886857e+04 gradnorm: 5.383163e+06
iter: 9 error: 1.867432e+04 gradnorm: 5.208660e+06
iter: 10 error: 1.857669e+04 gradnorm: 1.033485e+07
iter: 11 error: 1.844616e+04 gradnorm: 4.377142e+06
iter: 12 error: 1.828185e+04 gradnorm: 3.281479e+06
iter: 13 error: 1.811535e+04 gradnorm: 2.899040e+06
iter: 14 error: 1.798143e+04 gradnorm: 2.779778e+06
iter: 15 error: 1.785307e+04 gradnorm: 2.605616e+06
iter: 16 error: 1.778148e+04 gradnorm: 3.967286e+06
iter: 17 error: 1.768341e+04 gradnorm: 2.542332e+06
iter: 18 error: 1.764988e+04 gradnorm: 4.116074e+06
iter: 19 error: 1.754216e+04 gradnorm: 1.760046e+06
iter: 20 error: 1.745005e+04 gradnorm: 1.917324e+06
iter: 21 error: 1.736013e+04 gradnorm: 1.586922e+06
iter: 22 error: 1.726248e+04 gradnorm: 1.345272e+06
iter: 23 error: 1.717273e+04 gradnorm: 1.850140e+06
iter: 24 error: 1.715036e+04 gradnorm: 2.766653e+06
recon: 3.426194e+00 proj: 2.137245e+00 (2.116198e+00 9.213221e-03 1.174889e-02) backproj: 1.268069e+00 (2.236055e-03 4.628912e-03 1.261172e+00) ctime: 2.069020e-02 wtime: 6.330000e-05
numproj: 49 numback: 25
proj: 2.116198e+00 s (21.766561 GFLOPS) backproj: 1.261172e+00 s (18.634410 GFLOPS) avGFLOPS: 20.596958 totGFLOPS: 20.596958
proj: 66.972992 GB/s back: 56.776434 GB/s av: 63.165410 GB/s tot: 63.165410 GB/s
Total Time: 3.379366e+01
