NUM. THETA             : 375
NUM. RHO               : 1024
NUM. X PIXELS          : 1024
NUM. Y PIXELS          : 1024

NUM. OF PIXELS         : 1048576
NUM. OF RAYS           : 384000

NUM. ITERATIONS        : 24

SPATIAL TILE SIZE      : 16
SPECTRAL TILE SIZE     : 16

NUMBER OF X TILES      : 64
NUMBER OF Y TILES      : 64
NUM. OF THETA TILES    : 24
NUM. OF RHO TILES      : 64

NUM. SPATIAL TILES     : 4096
NUM. SPECTRAL TILES    : 1536

NUM. OF X PIXELS (EXT) : 1024
NUM. OF Y PIXELS (EXT) : 1024
NUM. OF ANGLES (EXT)   : 384
NUM. OF RHOS (EXT)     : 1024

NUM. OF PIXELS (EXT)   : 1048576
NUM. OF RAYS (EXT)     : 393216

NUMBER OF PROCESSES    : 1
NUMBER OF THRD./PROC.  : 30

INTEGER: 4, FLOAT: 4, LONG: 8, SHORT: 2, POINTER: 8
APPROX. MEMORY     TOTAL: 8.789062e+00 GB
APPROX. MEMORY PER PROC.: 8.789062e+00 GB

X START       : -5.120000e+02
Y START       : -5.120000e+02
PIXEL SIZE    : 1.000000e+00
RHO START     : -5.120000e+02
RAY LENGTH    : 2.048000e+03

SPATIAL INDEXING       : 5
SPECTRAL INDEXING      : 5
 1: CARTESIAN, NATURAL
 2: CARTESIAN, TRANSPOSED
 3: MORTON, NATURAL
 4: MORTON, TRANSPOSED
 5: HILBERT
PROJECTION BLOCK SIZE      : 2048
BACKPROJECTION BLOCK SIZE  : 2048
PROJECTION BUFFER SIZE      : 4 KB
BACKPROJECTION BUFFER SIZE  : 4 KB

SINOGRAM FILE : ../../../../datasets/CDS2_sinogram.bin
   THETA FILE : ../../../../datasets/CDS2_theta.bin
  OUTPUT FILE : ../../output/single_cpu/ip-0A00000F/30.CDS2.16.16.2048.2048.4.4.bin


PLACE TILES
lspat 64 lspatdim 64
lspec 64 lspecdim 64
MPI PARTITIONING
proc: 0 numspats: 4096 numpixs: 1048576 numspecs: 1536 numrays: 393216
maxnumpix: 1048576 maxnumray: 393216
FILL PIXELS AND RAYS
INPUT THETA DATA
DOMAIN PARTITIONING

CONSTRUCT PROJECTION MATRIX
CSR STORAGE: 470024080 (3.501952 GB) rownzmax 2046
RAY-TRACING TIME: 5.221404e+00
CONSTRUCT BACKPROJECTION MATRIX
CSR STORAGE: 470024080 (3.501952 GB) rownzmax 607
TRANSPOSITION TIME: 4.607965e-01

BLOCKING PROJECTION MATRIX
NUMBER OF BLOCKS: 188 BUFFSIZE: 1024
NUMBER OF BUFFERS: 17778 AVERAGE BUFF/BLOCK: 94.563828 MAX BUFF/BLOCK: 157
BUFFER MAP: 18112487 (0.067474 GB)
CSR STORAGE: 470024080 (2.626464 GB) buffnzmax: 216 STORAGE EFFICIENCY: 1.500000 DATA REUSE: 25.950275
BLOCKING TIME: 6.165948e-01
BLOCKING BACKPROJECTION MATRIX
NUMBER OF BLOCKS: 512 BUFFSIZE: 1024
NUMBER OF BUFFERS: 11060 AVERAGE BUFF/BLOCK: 21.601562 MAX BUFF/BLOCK: 23
BUFFER MAP: 11012616 (0.041025 GB)
CSR STORAGE: 470024080 (2.626464 GB) buffnzmax: 189 STORAGE EFFICIENCY: 1.500000 DATA REUSE: 42.680511
BLOCKING TIME: 5.134611e-01

FILL PROJECTION MATRIX
TIME: 7.530612e-01
FILL BACKPROJECTION MATRIX
TIME: 7.805704e-01
REDUCTION MAPPINGS
PREPROCESSING TIME: 8.358452e+00
INPUT MEASUREMENT DATA
INPUT ENDS
GRADIENT-DESCENT OPTIMIZATION
iter: 0 error: 5.498390e+04 gradnorm: 5.780564e+09
iter: 1 error: 2.713757e+04 gradnorm: 4.174664e+08
iter: 2 error: 2.306865e+04 gradnorm: 9.086819e+07
iter: 3 error: 2.127430e+04 gradnorm: 3.168978e+07
iter: 4 error: 2.032668e+04 gradnorm: 1.557750e+07
iter: 5 error: 1.975907e+04 gradnorm: 1.008935e+07
iter: 6 error: 1.938423e+04 gradnorm: 8.237579e+06
iter: 7 error: 1.911241e+04 gradnorm: 6.109982e+06
iter: 8 error: 1.886850e+04 gradnorm: 5.366923e+06
iter: 9 error: 1.867038e+04 gradnorm: 4.496268e+06
iter: 10 error: 1.849439e+04 gradnorm: 5.478713e+06
iter: 11 error: 1.841668e+04 gradnorm: 8.426376e+06
iter: 12 error: 1.828147e+04 gradnorm: 3.357502e+06
iter: 13 error: 1.811535e+04 gradnorm: 2.899792e+06
iter: 14 error: 1.798147e+04 gradnorm: 2.781798e+06
iter: 15 error: 1.785346e+04 gradnorm: 2.632381e+06
iter: 16 error: 1.778241e+04 gradnorm: 3.878698e+06
iter: 17 error: 1.767942e+04 gradnorm: 1.808464e+06
iter: 18 error: 1.756388e+04 gradnorm: 2.855516e+06
iter: 19 error: 1.753339e+04 gradnorm: 3.271024e+06
iter: 20 error: 1.744995e+04 gradnorm: 1.939320e+06
iter: 21 error: 1.736014e+04 gradnorm: 1.587058e+06
iter: 22 error: 1.726248e+04 gradnorm: 1.342184e+06
iter: 23 error: 1.716980e+04 gradnorm: 1.258834e+06
iter: 24 error: 1.708041e+04 gradnorm: 1.343531e+06
recon: 3.605000e+00 proj: 2.288499e+00 (2.254067e+00 1.012615e-02 2.424199e-02) backproj: 1.295301e+00 (2.902273e-03 4.661511e-03 1.287711e+00) ctime: 2.101992e-02 wtime: 6.390100e-05
numproj: 49 numback: 25
proj: 2.254067e+00 s (20.435218 GFLOPS) backproj: 1.287711e+00 s (18.250372 GFLOPS) avGFLOPS: 19.640857 totGFLOPS: 19.640857
proj: 62.880607 GB/s back: 55.606325 GB/s av: 60.235842 GB/s tot: 60.235842 GB/s
Total Time: 1.437173e+01
