NUM. THETA             : 375
NUM. RHO               : 1024
NUM. X PIXELS          : 1024
NUM. Y PIXELS          : 1024

NUM. OF PIXELS         : 1048576
NUM. OF RAYS           : 384000

NUM. ITERATIONS        : 24

SPATIAL TILE SIZE      : 512
SPECTRAL TILE SIZE     : 512

NUMBER OF X TILES      : 2
NUMBER OF Y TILES      : 2
NUM. OF THETA TILES    : 1
NUM. OF RHO TILES      : 2

NUM. SPATIAL TILES     : 4
NUM. SPECTRAL TILES    : 2

NUM. OF X PIXELS (EXT) : 1024
NUM. OF Y PIXELS (EXT) : 1024
NUM. OF ANGLES (EXT)   : 512
NUM. OF RHOS (EXT)     : 1024

NUM. OF PIXELS (EXT)   : 1048576
NUM. OF RAYS (EXT)     : 524288

NUMBER OF PROCESSES    : 1
NUMBER OF THRD./PROC.  : 30

INTEGER: 4, FLOAT: 4, LONG: 8, SHORT: 2, POINTER: 8
APPROX. MEMORY     TOTAL: 8.789062e+00 GB
APPROX. MEMORY PER PROC.: 8.789062e+00 GB

X START       : -5.120000e+02
Y START       : -5.120000e+02
PIXEL SIZE    : 1.000000e+00
RHO START     : -5.120000e+02
RAY LENGTH    : 2.048000e+03

SPATIAL INDEXING       : 5
SPECTRAL INDEXING      : 5
 1: CARTESIAN, NATURAL
 2: CARTESIAN, TRANSPOSED
 3: MORTON, NATURAL
 4: MORTON, TRANSPOSED
 5: HILBERT
PROJECTION BLOCK SIZE      : 1024
BACKPROJECTION BLOCK SIZE  : 1024
PROJECTION BUFFER SIZE      : 32 KB
BACKPROJECTION BUFFER SIZE  : 32 KB

SINOGRAM FILE : ../../../../datasets/CDS2_sinogram.bin
   THETA FILE : ../../../../datasets/CDS2_theta.bin
  OUTPUT FILE : ../../output/single_cpu/ip-0A00000F/30.CDS2.512.512.1024.1024.32.32.bin


PLACE TILES
lspat 2 lspatdim 2
lspec 2 lspecdim 2
MPI PARTITIONING
proc: 0 numspats: 4 numpixs: 1048576 numspecs: 2 numrays: 524288
maxnumpix: 1048576 maxnumray: 524288
FILL PIXELS AND RAYS
INPUT THETA DATA
DOMAIN PARTITIONING

CONSTRUCT PROJECTION MATRIX
CSR STORAGE: 470024253 (3.501954 GB) rownzmax 2046
RAY-TRACING TIME: 1.103631e+00
CONSTRUCT BACKPROJECTION MATRIX
CSR STORAGE: 470024253 (3.501954 GB) rownzmax 607
TRANSPOSITION TIME: 4.689894e-01

BLOCKING PROJECTION MATRIX
NUMBER OF BLOCKS: 375 BUFFSIZE: 8192
NUMBER OF BUFFERS: 3305 AVERAGE BUFF/BLOCK: 8.813334 MAX BUFF/BLOCK: 16
BUFFER MAP: 25497175 (0.094984 GB)
CSR STORAGE: 470024253 (2.626465 GB) buffnzmax: 529 STORAGE EFFICIENCY: 1.500000 DATA REUSE: 18.434366
BLOCKING TIME: 5.333295e-01
BLOCKING BACKPROJECTION MATRIX
NUMBER OF BLOCKS: 1024 BUFFSIZE: 8192
NUMBER OF BUFFERS: 1976 AVERAGE BUFF/BLOCK: 1.929688 MAX BUFF/BLOCK: 2
BUFFER MAP: 14686009 (0.054710 GB)
CSR STORAGE: 470024253 (2.626465 GB) buffnzmax: 484 STORAGE EFFICIENCY: 1.500000 DATA REUSE: 32.004902
BLOCKING TIME: 4.445042e-01

FILL PROJECTION MATRIX
TIME: 6.922801e-01
FILL BACKPROJECTION MATRIX
TIME: 7.710965e-01
REDUCTION MAPPINGS
PREPROCESSING TIME: 4.026645e+00
INPUT MEASUREMENT DATA
INPUT ENDS
GRADIENT-DESCENT OPTIMIZATION
iter: 0 error: 5.498381e+04 gradnorm: 5.780560e+09
iter: 1 error: 2.713758e+04 gradnorm: 4.174677e+08
iter: 2 error: 2.306865e+04 gradnorm: 9.086822e+07
iter: 3 error: 2.127431e+04 gradnorm: 3.168974e+07
iter: 4 error: 2.032667e+04 gradnorm: 1.557750e+07
iter: 5 error: 1.975907e+04 gradnorm: 1.008943e+07
iter: 6 error: 1.938426e+04 gradnorm: 8.241298e+06
iter: 7 error: 1.911314e+04 gradnorm: 6.241114e+06
iter: 8 error: 1.890100e+04 gradnorm: 1.040856e+07
iter: 9 error: 1.880752e+04 gradnorm: 6.908119e+06
iter: 10 error: 1.862787e+04 gradnorm: 4.446474e+06
iter: 11 error: 1.844738e+04 gradnorm: 4.158181e+06
iter: 12 error: 1.828189e+04 gradnorm: 3.280540e+06
iter: 13 error: 1.811570e+04 gradnorm: 2.928765e+06
iter: 14 error: 1.798663e+04 gradnorm: 3.163068e+06
iter: 15 error: 1.789298e+04 gradnorm: 4.294800e+06
iter: 16 error: 1.781574e+04 gradnorm: 3.650395e+06
iter: 17 error: 1.777264e+04 gradnorm: 4.205097e+06
iter: 18 error: 1.766420e+04 gradnorm: 1.758670e+06
iter: 19 error: 1.754230e+04 gradnorm: 1.741490e+06
iter: 20 error: 1.745007e+04 gradnorm: 1.916896e+06
iter: 21 error: 1.736015e+04 gradnorm: 1.587069e+06
iter: 22 error: 1.726264e+04 gradnorm: 1.374770e+06
iter: 23 error: 1.719294e+04 gradnorm: 4.698333e+06
iter: 24 error: 1.715765e+04 gradnorm: 1.428382e+06
recon: 4.131644e+00 proj: 2.626096e+00 (2.597889e+00 1.094143e-02 1.721856e-02) backproj: 1.483438e+00 (4.128686e-03 4.684195e-03 1.474602e+00) ctime: 2.180785e-02 wtime: 1.636030e-04
numproj: 49 numback: 25
proj: 2.597889e+00 s (17.730692 GFLOPS) backproj: 1.474602e+00 s (15.937325 GFLOPS) avGFLOPS: 17.081334 totGFLOPS: 17.081334
proj: 55.115731 GB/s back: 48.807905 GB/s av: 52.831740 GB/s tot: 52.831740 GB/s
Total Time: 8.287890e+00
