NUM. THETA             : 750
NUM. RHO               : 512
NUM. X PIXELS          : 512
NUM. Y PIXELS          : 512

NUM. OF PIXELS         : 262144
NUM. OF RAYS           : 384000

NUM. ITERATIONS        : 24

SPATIAL TILE SIZE      : 512
SPECTRAL TILE SIZE     : 512

NUMBER OF X TILES      : 1
NUMBER OF Y TILES      : 1
NUM. OF THETA TILES    : 2
NUM. OF RHO TILES      : 1

NUM. SPATIAL TILES     : 1
NUM. SPECTRAL TILES    : 2

NUM. OF X PIXELS (EXT) : 512
NUM. OF Y PIXELS (EXT) : 512
NUM. OF ANGLES (EXT)   : 1024
NUM. OF RHOS (EXT)     : 512

NUM. OF PIXELS (EXT)   : 262144
NUM. OF RAYS (EXT)     : 524288

NUMBER OF PROCESSES    : 1
NUMBER OF THRD./PROC.  : 30

INTEGER: 4, FLOAT: 4, LONG: 8, SHORT: 2, POINTER: 8
APPROX. MEMORY     TOTAL: 4.394531e+00 GB
APPROX. MEMORY PER PROC.: 4.394531e+00 GB

X START       : -2.560000e+02
Y START       : -2.560000e+02
PIXEL SIZE    : 1.000000e+00
RHO START     : -2.560000e+02
RAY LENGTH    : 1.024000e+03

SPATIAL INDEXING       : 5
SPECTRAL INDEXING      : 5
 1: CARTESIAN, NATURAL
 2: CARTESIAN, TRANSPOSED
 3: MORTON, NATURAL
 4: MORTON, TRANSPOSED
 5: HILBERT
PROJECTION BLOCK SIZE      : 1024
BACKPROJECTION BLOCK SIZE  : 1024
PROJECTION BUFFER SIZE      : 32 KB
BACKPROJECTION BUFFER SIZE  : 32 KB

SINOGRAM FILE : ../../../../datasets/CDS1_sinogram.bin
   THETA FILE : ../../../../datasets/CDS1_theta.bin
  OUTPUT FILE : ../../output/single_cpu/ip-0A00001A/30.CDS1.512.512.1024.1024.32.32.bin


PLACE TILES
lspat 1 lspatdim 1
lspec 2 lspecdim 2
MPI PARTITIONING
proc: 0 numspats: 1 numpixs: 262144 numspecs: 2 numrays: 524288
maxnumpix: 262144 maxnumray: 524288
FILL PIXELS AND RAYS
INPUT THETA DATA
DOMAIN PARTITIONING

CONSTRUCT PROJECTION MATRIX
CSR STORAGE: 235011336 (1.750971 GB) rownzmax 1022
RAY-TRACING TIME: 5.257776e-01
CONSTRUCT BACKPROJECTION MATRIX
CSR STORAGE: 235011336 (1.750971 GB) rownzmax 1092
TRANSPOSITION TIME: 1.862769e-01

BLOCKING PROJECTION MATRIX
NUMBER OF BLOCKS: 375 BUFFSIZE: 8192
NUMBER OF BUFFERS: 1335 AVERAGE BUFF/BLOCK: 3.560000 MAX BUFF/BLOCK: 7
BUFFER MAP: 8996884 (0.033516 GB)
CSR STORAGE: 235011336 (1.313228 GB) buffnzmax: 475 STORAGE EFFICIENCY: 1.500000 DATA REUSE: 26.121414
BLOCKING TIME: 2.297784e-01
BLOCKING BACKPROJECTION MATRIX
NUMBER OF BLOCKS: 256 BUFFSIZE: 8192
NUMBER OF BUFFERS: 984 AVERAGE BUFF/BLOCK: 3.843750 MAX BUFF/BLOCK: 4
BUFFER MAP: 7339007 (0.027340 GB)
CSR STORAGE: 235011336 (1.313228 GB) buffnzmax: 493 STORAGE EFFICIENCY: 1.500000 DATA REUSE: 32.022224
BLOCKING TIME: 2.265903e-01

FILL PROJECTION MATRIX
TIME: 3.860434e-01
FILL BACKPROJECTION MATRIX
TIME: 4.135335e-01
REDUCTION MAPPINGS
PREPROCESSING TIME: 1.980148e+00
INPUT MEASUREMENT DATA
INPUT ENDS
GRADIENT-DESCENT OPTIMIZATION
iter: 0 error: 4.959041e+04 gradnorm: 1.560969e+10
iter: 1 error: 5.316510e+03 gradnorm: 4.760834e+08
iter: 2 error: 5.074555e+02 gradnorm: 1.604495e+07
iter: 3 error: 2.940056e+02 gradnorm: 8.082487e+06
iter: 4 error: 1.716219e+02 gradnorm: 1.353860e+06
iter: 5 error: 1.154519e+02 gradnorm: 6.267529e+05
iter: 6 error: 8.977824e+01 gradnorm: 8.810959e+05
iter: 7 error: 8.291885e+01 gradnorm: 1.087327e+06
iter: 8 error: 7.158346e+01 gradnorm: 4.266882e+05
iter: 9 error: 5.778054e+01 gradnorm: 2.255860e+05
iter: 10 error: 4.873500e+01 gradnorm: 1.924639e+05
iter: 11 error: 4.171405e+01 gradnorm: 1.089588e+05
iter: 12 error: 3.754758e+01 gradnorm: 1.902441e+05
iter: 13 error: 3.474383e+01 gradnorm: 1.317775e+05
iter: 14 error: 3.338351e+01 gradnorm: 2.368963e+05
iter: 15 error: 3.111232e+01 gradnorm: 6.095626e+04
iter: 16 error: 2.842270e+01 gradnorm: 5.461587e+04
iter: 17 error: 2.682595e+01 gradnorm: 4.562943e+04
iter: 18 error: 2.523935e+01 gradnorm: 2.666372e+04
iter: 19 error: 2.394622e+01 gradnorm: 2.569339e+04
iter: 20 error: 2.291623e+01 gradnorm: 2.494015e+04
iter: 21 error: 2.275133e+01 gradnorm: 3.037470e+04
iter: 22 error: 2.188664e+01 gradnorm: 1.204767e+04
iter: 23 error: 2.121546e+01 gradnorm: 1.070888e+04
iter: 24 error: 2.089827e+01 gradnorm: 1.958946e+04
recon: 1.429215e+00 proj: 8.349203e-01 (8.135862e-01 8.722799e-03 1.257619e-02) backproj: 5.835763e-01 (5.525826e-03 4.836907e-03 5.731889e-01) ctime: 1.052474e-02 wtime: 7.030000e-05
numproj: 49 numback: 25
proj: 8.135862e-01 s (28.308139 GFLOPS) backproj: 5.731889e-01 s (20.500341 GFLOPS) avGFLOPS: 25.080981 totGFLOPS: 25.080981
proj: 87.091846 GB/s back: 62.781405 GB/s av: 77.043732 GB/s tot: 77.043732 GB/s
Total Time: 3.485960e+00
