NUM. THETA             : 375
NUM. RHO               : 1024
NUM. X PIXELS          : 1024
NUM. Y PIXELS          : 1024

NUM. OF PIXELS         : 1048576
NUM. OF RAYS           : 384000

NUM. ITERATIONS        : 24

SPATIAL TILE SIZE      : 16
SPECTRAL TILE SIZE     : 16

NUMBER OF X TILES      : 64
NUMBER OF Y TILES      : 64
NUM. OF THETA TILES    : 24
NUM. OF RHO TILES      : 64

NUM. SPATIAL TILES     : 4096
NUM. SPECTRAL TILES    : 1536

NUM. OF X PIXELS (EXT) : 1024
NUM. OF Y PIXELS (EXT) : 1024
NUM. OF ANGLES (EXT)   : 384
NUM. OF RHOS (EXT)     : 1024

NUM. OF PIXELS (EXT)   : 1048576
NUM. OF RAYS (EXT)     : 393216

NUMBER OF PROCESSES    : 1
NUMBER OF THRD./PROC.  : 30

INTEGER: 4, FLOAT: 4, LONG: 8, SHORT: 2, POINTER: 8
APPROX. MEMORY     TOTAL: 8.789062e+00 GB
APPROX. MEMORY PER PROC.: 8.789062e+00 GB

X START       : -5.120000e+02
Y START       : -5.120000e+02
PIXEL SIZE    : 1.000000e+00
RHO START     : -5.120000e+02
RAY LENGTH    : 2.048000e+03

SPATIAL INDEXING       : 5
SPECTRAL INDEXING      : 5
 1: CARTESIAN, NATURAL
 2: CARTESIAN, TRANSPOSED
 3: MORTON, NATURAL
 4: MORTON, TRANSPOSED
 5: HILBERT
PROJECTION BLOCK SIZE      : 2048
BACKPROJECTION BLOCK SIZE  : 2048
PROJECTION BUFFER SIZE      : 64 KB
BACKPROJECTION BUFFER SIZE  : 64 KB

SINOGRAM FILE : ../../../../datasets/CDS2_sinogram.bin
   THETA FILE : ../../../../datasets/CDS2_theta.bin
  OUTPUT FILE : ../../output/single_cpu/ip-0A00000F/30.CDS2.16.16.2048.2048.64.64.bin


PLACE TILES
lspat 64 lspatdim 64
lspec 64 lspecdim 64
MPI PARTITIONING
proc: 0 numspats: 4096 numpixs: 1048576 numspecs: 1536 numrays: 393216
maxnumpix: 1048576 maxnumray: 393216
FILL PIXELS AND RAYS
INPUT THETA DATA
DOMAIN PARTITIONING

CONSTRUCT PROJECTION MATRIX
CSR STORAGE: 470024080 (3.501952 GB) rownzmax 2046
RAY-TRACING TIME: 5.234555e+00
CONSTRUCT BACKPROJECTION MATRIX
CSR STORAGE: 470024080 (3.501952 GB) rownzmax 607
TRANSPOSITION TIME: 4.646402e-01

BLOCKING PROJECTION MATRIX
NUMBER OF BLOCKS: 188 BUFFSIZE: 16384
NUMBER OF BUFFERS: 1206 AVERAGE BUFF/BLOCK: 6.414894 MAX BUFF/BLOCK: 10
BUFFER MAP: 18112487 (0.067474 GB)
CSR STORAGE: 470024080 (2.626464 GB) buffnzmax: 664 STORAGE EFFICIENCY: 1.500000 DATA REUSE: 25.950275
BLOCKING TIME: 5.283696e-01
BLOCKING BACKPROJECTION MATRIX
NUMBER OF BLOCKS: 512 BUFFSIZE: 16384
NUMBER OF BUFFERS: 980 AVERAGE BUFF/BLOCK: 1.914062 MAX BUFF/BLOCK: 2
BUFFER MAP: 11012616 (0.041025 GB)
CSR STORAGE: 470024080 (2.626464 GB) buffnzmax: 506 STORAGE EFFICIENCY: 1.500000 DATA REUSE: 42.680511
BLOCKING TIME: 4.496054e-01

FILL PROJECTION MATRIX
TIME: 7.286998e-01
FILL BACKPROJECTION MATRIX
TIME: 7.546411e-01
REDUCTION MAPPINGS
PREPROCESSING TIME: 8.179283e+00
INPUT MEASUREMENT DATA
INPUT ENDS
GRADIENT-DESCENT OPTIMIZATION
iter: 0 error: 5.498391e+04 gradnorm: 5.780564e+09
iter: 1 error: 2.713757e+04 gradnorm: 4.174662e+08
iter: 2 error: 2.306865e+04 gradnorm: 9.086814e+07
iter: 3 error: 2.127430e+04 gradnorm: 3.168979e+07
iter: 4 error: 2.032668e+04 gradnorm: 1.557749e+07
iter: 5 error: 1.975907e+04 gradnorm: 1.008933e+07
iter: 6 error: 1.938424e+04 gradnorm: 8.237736e+06
iter: 7 error: 1.911244e+04 gradnorm: 6.116381e+06
iter: 8 error: 1.887038e+04 gradnorm: 5.716715e+06
iter: 9 error: 1.872600e+04 gradnorm: 1.101344e+07
iter: 10 error: 1.862435e+04 gradnorm: 5.069139e+06
iter: 11 error: 1.844732e+04 gradnorm: 4.168040e+06
iter: 12 error: 1.828188e+04 gradnorm: 3.279313e+06
iter: 13 error: 1.811539e+04 gradnorm: 2.902053e+06
iter: 14 error: 1.798198e+04 gradnorm: 2.822330e+06
iter: 15 error: 1.786031e+04 gradnorm: 3.120874e+06
iter: 16 error: 1.779545e+04 gradnorm: 3.270979e+06
iter: 17 error: 1.769127e+04 gradnorm: 3.776275e+06
iter: 18 error: 1.765943e+04 gradnorm: 2.612683e+06
iter: 19 error: 1.754226e+04 gradnorm: 1.747270e+06
iter: 20 error: 1.745006e+04 gradnorm: 1.917039e+06
iter: 21 error: 1.736015e+04 gradnorm: 1.586868e+06
iter: 22 error: 1.726248e+04 gradnorm: 1.342291e+06
iter: 23 error: 1.716992e+04 gradnorm: 1.284351e+06
iter: 24 error: 1.710062e+04 gradnorm: 4.424055e+06
recon: 3.531286e+00 proj: 2.123460e+00 (2.100076e+00 1.393405e-02 9.408635e-03) backproj: 1.387914e+00 (1.843646e-03 4.503614e-03 1.381543e+00) ctime: 1.973710e-02 wtime: 4.930200e-05
numproj: 49 numback: 25
proj: 2.100076e+00 s (21.933666 GFLOPS) backproj: 1.381543e+00 s (17.010842 GFLOPS) avGFLOPS: 19.980238 totGFLOPS: 19.980238
proj: 67.491436 GB/s back: 51.829649 GB/s av: 61.276675 GB/s tot: 61.276675 GB/s
Total Time: 1.402909e+01
