NUM. THETA             : 375
NUM. RHO               : 1024
NUM. X PIXELS          : 1024
NUM. Y PIXELS          : 1024

NUM. OF PIXELS         : 1048576
NUM. OF RAYS           : 384000

NUM. ITERATIONS        : 24

SPATIAL TILE SIZE      : 16
SPECTRAL TILE SIZE     : 16

NUMBER OF X TILES      : 64
NUMBER OF Y TILES      : 64
NUM. OF THETA TILES    : 24
NUM. OF RHO TILES      : 64

NUM. SPATIAL TILES     : 4096
NUM. SPECTRAL TILES    : 1536

NUM. OF X PIXELS (EXT) : 1024
NUM. OF Y PIXELS (EXT) : 1024
NUM. OF ANGLES (EXT)   : 384
NUM. OF RHOS (EXT)     : 1024

NUM. OF PIXELS (EXT)   : 1048576
NUM. OF RAYS (EXT)     : 393216

NUMBER OF PROCESSES    : 1
NUMBER OF THRD./PROC.  : 30

INTEGER: 4, FLOAT: 4, LONG: 8, SHORT: 2, POINTER: 8
APPROX. MEMORY     TOTAL: 8.789062e+00 GB
APPROX. MEMORY PER PROC.: 8.789062e+00 GB

X START       : -5.120000e+02
Y START       : -5.120000e+02
PIXEL SIZE    : 1.000000e+00
RHO START     : -5.120000e+02
RAY LENGTH    : 2.048000e+03

SPATIAL INDEXING       : 5
SPECTRAL INDEXING      : 5
 1: CARTESIAN, NATURAL
 2: CARTESIAN, TRANSPOSED
 3: MORTON, NATURAL
 4: MORTON, TRANSPOSED
 5: HILBERT
PROJECTION BLOCK SIZE      : 1024
BACKPROJECTION BLOCK SIZE  : 1024
PROJECTION BUFFER SIZE      : 32 KB
BACKPROJECTION BUFFER SIZE  : 32 KB

SINOGRAM FILE : ../../../../datasets/CDS2_sinogram.bin
   THETA FILE : ../../../../datasets/CDS2_theta.bin
  OUTPUT FILE : ../../output/single_cpu/ip-0A00000F/30.CDS2.16.16.1024.1024.32.32.bin


PLACE TILES
lspat 64 lspatdim 64
lspec 64 lspecdim 64
MPI PARTITIONING
proc: 0 numspats: 4096 numpixs: 1048576 numspecs: 1536 numrays: 393216
maxnumpix: 1048576 maxnumray: 393216
FILL PIXELS AND RAYS
INPUT THETA DATA
DOMAIN PARTITIONING

CONSTRUCT PROJECTION MATRIX
CSR STORAGE: 470024080 (3.501952 GB) rownzmax 2046
RAY-TRACING TIME: 5.035618e+00
CONSTRUCT BACKPROJECTION MATRIX
CSR STORAGE: 470024080 (3.501952 GB) rownzmax 607
TRANSPOSITION TIME: 4.604972e-01

BLOCKING PROJECTION MATRIX
NUMBER OF BLOCKS: 375 BUFFSIZE: 8192
NUMBER OF BUFFERS: 3168 AVERAGE BUFF/BLOCK: 8.448000 MAX BUFF/BLOCK: 13
BUFFER MAP: 24412709 (0.090944 GB)
CSR STORAGE: 470024080 (2.626464 GB) buffnzmax: 526 STORAGE EFFICIENCY: 1.500000 DATA REUSE: 19.253254
BLOCKING TIME: 5.247468e-01
BLOCKING BACKPROJECTION MATRIX
NUMBER OF BLOCKS: 1024 BUFFSIZE: 8192
NUMBER OF BUFFERS: 1976 AVERAGE BUFF/BLOCK: 1.929688 MAX BUFF/BLOCK: 2
BUFFER MAP: 14686007 (0.054710 GB)
CSR STORAGE: 470024080 (2.626464 GB) buffnzmax: 482 STORAGE EFFICIENCY: 1.500000 DATA REUSE: 32.004890
BLOCKING TIME: 4.561724e-01

FILL PROJECTION MATRIX
TIME: 7.039043e-01
FILL BACKPROJECTION MATRIX
TIME: 7.463185e-01
REDUCTION MAPPINGS
PREPROCESSING TIME: 7.939628e+00
INPUT MEASUREMENT DATA
INPUT ENDS
GRADIENT-DESCENT OPTIMIZATION
iter: 0 error: 5.498391e+04 gradnorm: 5.780564e+09
iter: 1 error: 2.713757e+04 gradnorm: 4.174663e+08
iter: 2 error: 2.306865e+04 gradnorm: 9.086816e+07
iter: 3 error: 2.127430e+04 gradnorm: 3.168978e+07
iter: 4 error: 2.032668e+04 gradnorm: 1.557748e+07
iter: 5 error: 1.975907e+04 gradnorm: 1.008934e+07
iter: 6 error: 1.938424e+04 gradnorm: 8.237651e+06
iter: 7 error: 1.911241e+04 gradnorm: 6.110848e+06
iter: 8 error: 1.886874e+04 gradnorm: 5.413638e+06
iter: 9 error: 1.868121e+04 gradnorm: 6.357628e+06
iter: 10 error: 1.860423e+04 gradnorm: 8.014388e+06
iter: 11 error: 1.844695e+04 gradnorm: 4.236339e+06
iter: 12 error: 1.828188e+04 gradnorm: 3.279956e+06
iter: 13 error: 1.811536e+04 gradnorm: 2.899808e+06
iter: 14 error: 1.798158e+04 gradnorm: 2.790622e+06
iter: 15 error: 1.785507e+04 gradnorm: 2.761633e+06
iter: 16 error: 1.778773e+04 gradnorm: 3.792191e+06
iter: 17 error: 1.769269e+04 gradnorm: 3.921680e+06
iter: 18 error: 1.765921e+04 gradnorm: 2.570843e+06
iter: 19 error: 1.754224e+04 gradnorm: 1.748337e+06
iter: 20 error: 1.745005e+04 gradnorm: 1.917122e+06
iter: 21 error: 1.736014e+04 gradnorm: 1.586902e+06
iter: 22 error: 1.726250e+04 gradnorm: 1.347367e+06
iter: 23 error: 1.717464e+04 gradnorm: 2.207189e+06
iter: 24 error: 1.715346e+04 gradnorm: 2.232510e+06
recon: 3.713259e+00 proj: 2.185112e+00 (2.164029e+00 1.249834e-02 8.531798e-03) backproj: 1.508298e+00 (1.962770e-03 5.494890e-03 1.500813e+00) ctime: 1.962629e-02 wtime: 8.080600e-05
numproj: 49 numback: 25
proj: 2.164029e+00 s (21.285463 GFLOPS) backproj: 1.500813e+00 s (15.658977 GFLOPS) avGFLOPS: 18.981324 totGFLOPS: 18.981324
proj: 66.067492 GB/s back: 47.955469 GB/s av: 58.650320 GB/s tot: 58.650320 GB/s
Total Time: 1.400885e+01
