NUM. THETA             : 375
NUM. RHO               : 1024
NUM. X PIXELS          : 1024
NUM. Y PIXELS          : 1024

NUM. OF PIXELS         : 1048576
NUM. OF RAYS           : 384000

NUM. ITERATIONS        : 24

SPATIAL TILE SIZE      : 256
SPECTRAL TILE SIZE     : 256

NUMBER OF X TILES      : 4
NUMBER OF Y TILES      : 4
NUM. OF THETA TILES    : 2
NUM. OF RHO TILES      : 4

NUM. SPATIAL TILES     : 16
NUM. SPECTRAL TILES    : 8

NUM. OF X PIXELS (EXT) : 1024
NUM. OF Y PIXELS (EXT) : 1024
NUM. OF ANGLES (EXT)   : 512
NUM. OF RHOS (EXT)     : 1024

NUM. OF PIXELS (EXT)   : 1048576
NUM. OF RAYS (EXT)     : 524288

NUMBER OF PROCESSES    : 1
NUMBER OF THRD./PROC.  : 30

INTEGER: 4, FLOAT: 4, LONG: 8, SHORT: 2, POINTER: 8
APPROX. MEMORY     TOTAL: 8.789062e+00 GB
APPROX. MEMORY PER PROC.: 8.789062e+00 GB

X START       : -5.120000e+02
Y START       : -5.120000e+02
PIXEL SIZE    : 1.000000e+00
RHO START     : -5.120000e+02
RAY LENGTH    : 2.048000e+03

SPATIAL INDEXING       : 5
SPECTRAL INDEXING      : 5
 1: CARTESIAN, NATURAL
 2: CARTESIAN, TRANSPOSED
 3: MORTON, NATURAL
 4: MORTON, TRANSPOSED
 5: HILBERT
PROJECTION BLOCK SIZE      : 512
BACKPROJECTION BLOCK SIZE  : 512
PROJECTION BUFFER SIZE      : 32 KB
BACKPROJECTION BUFFER SIZE  : 32 KB

SINOGRAM FILE : ../../../../datasets/CDS2_sinogram.bin
   THETA FILE : ../../../../datasets/CDS2_theta.bin
  OUTPUT FILE : ../../output/single_cpu/ip-0A00001A/30.CDS2.256.256.512.512.32.32.bin


PLACE TILES
lspat 4 lspatdim 4
lspec 4 lspecdim 4
MPI PARTITIONING
proc: 0 numspats: 16 numpixs: 1048576 numspecs: 8 numrays: 524288
maxnumpix: 1048576 maxnumray: 524288
FILL PIXELS AND RAYS
INPUT THETA DATA
DOMAIN PARTITIONING

CONSTRUCT PROJECTION MATRIX
CSR STORAGE: 470024248 (3.501954 GB) rownzmax 2046
RAY-TRACING TIME: 1.063890e+00
CONSTRUCT BACKPROJECTION MATRIX
CSR STORAGE: 470024248 (3.501954 GB) rownzmax 607
TRANSPOSITION TIME: 4.705715e-01

BLOCKING PROJECTION MATRIX
NUMBER OF BLOCKS: 750 BUFFSIZE: 8192
NUMBER OF BUFFERS: 4740 AVERAGE BUFF/BLOCK: 6.320000 MAX BUFF/BLOCK: 11
BUFFER MAP: 35696551 (0.132980 GB)
CSR STORAGE: 470024248 (2.626465 GB) buffnzmax: 535 STORAGE EFFICIENCY: 1.500000 DATA REUSE: 13.167217
BLOCKING TIME: 5.743150e-01
BLOCKING BACKPROJECTION MATRIX
NUMBER OF BLOCKS: 2048 BUFFSIZE: 8192
NUMBER OF BUFFERS: 3910 AVERAGE BUFF/BLOCK: 1.909180 MAX BUFF/BLOCK: 2
BUFFER MAP: 22030814 (0.082071 GB)
CSR STORAGE: 470024248 (2.626465 GB) buffnzmax: 501 STORAGE EFFICIENCY: 1.500000 DATA REUSE: 21.334856
BLOCKING TIME: 4.855509e-01

FILL PROJECTION MATRIX
TIME: 6.867690e-01
FILL BACKPROJECTION MATRIX
TIME: 7.416002e-01
REDUCTION MAPPINGS
PREPROCESSING TIME: 4.035122e+00
INPUT MEASUREMENT DATA
INPUT ENDS
GRADIENT-DESCENT OPTIMIZATION
iter: 0 error: 5.498389e+04 gradnorm: 5.780564e+09
iter: 1 error: 2.713758e+04 gradnorm: 4.174663e+08
iter: 2 error: 2.306863e+04 gradnorm: 9.086830e+07
iter: 3 error: 2.127431e+04 gradnorm: 3.168982e+07
iter: 4 error: 2.032668e+04 gradnorm: 1.557754e+07
iter: 5 error: 1.975907e+04 gradnorm: 1.008934e+07
iter: 6 error: 1.938424e+04 gradnorm: 8.237602e+06
iter: 7 error: 1.911239e+04 gradnorm: 6.110058e+06
iter: 8 error: 1.886852e+04 gradnorm: 5.370097e+06
iter: 9 error: 1.867117e+04 gradnorm: 4.642432e+06
iter: 10 error: 1.852640e+04 gradnorm: 9.467668e+06
iter: 11 error: 1.844204e+04 gradnorm: 5.088598e+06
iter: 12 error: 1.828182e+04 gradnorm: 3.291166e+06
iter: 13 error: 1.811560e+04 gradnorm: 2.920592e+06
iter: 14 error: 1.798521e+04 gradnorm: 3.059980e+06
iter: 15 error: 1.788545e+04 gradnorm: 4.065906e+06
iter: 16 error: 1.780523e+04 gradnorm: 2.447399e+06
iter: 17 error: 1.768004e+04 gradnorm: 1.758934e+06
iter: 18 error: 1.757041e+04 gradnorm: 3.975436e+06
iter: 19 error: 1.753830e+04 gradnorm: 2.477144e+06
iter: 20 error: 1.745001e+04 gradnorm: 1.926161e+06
iter: 21 error: 1.736013e+04 gradnorm: 1.586946e+06
iter: 22 error: 1.726247e+04 gradnorm: 1.342183e+06
iter: 23 error: 1.716979e+04 gradnorm: 1.259195e+06
iter: 24 error: 1.708079e+04 gradnorm: 1.420309e+06
recon: 4.322036e+00 proj: 2.889909e+00 (2.866948e+00 1.087088e-02 1.203581e-02) backproj: 1.396719e+00 (5.406738e-03 5.245238e-03 1.386044e+00) ctime: 3.521752e-02 wtime: 7.760000e-05
numproj: 49 numback: 25
proj: 2.866948e+00 s (16.066696 GFLOPS) backproj: 1.386044e+00 s (16.955608 GFLOPS) avGFLOPS: 16.356391 totGFLOPS: 16.356391
proj: 50.640496 GB/s back: 52.456298 GB/s av: 51.232264 GB/s tot: 51.232264 GB/s
Total Time: 8.491930e+00
