NUM. THETA             : 375
NUM. RHO               : 1024
NUM. X PIXELS          : 1024
NUM. Y PIXELS          : 1024

NUM. OF PIXELS         : 1048576
NUM. OF RAYS           : 384000

NUM. ITERATIONS        : 24

SPATIAL TILE SIZE      : 8
SPECTRAL TILE SIZE     : 8

NUMBER OF X TILES      : 128
NUMBER OF Y TILES      : 128
NUM. OF THETA TILES    : 47
NUM. OF RHO TILES      : 128

NUM. SPATIAL TILES     : 16384
NUM. SPECTRAL TILES    : 6016

NUM. OF X PIXELS (EXT) : 1024
NUM. OF Y PIXELS (EXT) : 1024
NUM. OF ANGLES (EXT)   : 376
NUM. OF RHOS (EXT)     : 1024

NUM. OF PIXELS (EXT)   : 1048576
NUM. OF RAYS (EXT)     : 385024

NUMBER OF PROCESSES    : 1
NUMBER OF THRD./PROC.  : 30

INTEGER: 4, FLOAT: 4, LONG: 8, SHORT: 2, POINTER: 8
APPROX. MEMORY     TOTAL: 8.789062e+00 GB
APPROX. MEMORY PER PROC.: 8.789062e+00 GB

X START       : -5.120000e+02
Y START       : -5.120000e+02
PIXEL SIZE    : 1.000000e+00
RHO START     : -5.120000e+02
RAY LENGTH    : 2.048000e+03

SPATIAL INDEXING       : 5
SPECTRAL INDEXING      : 5
 1: CARTESIAN, NATURAL
 2: CARTESIAN, TRANSPOSED
 3: MORTON, NATURAL
 4: MORTON, TRANSPOSED
 5: HILBERT
PROJECTION BLOCK SIZE      : 1024
BACKPROJECTION BLOCK SIZE  : 1024
PROJECTION BUFFER SIZE      : 32 KB
BACKPROJECTION BUFFER SIZE  : 32 KB

SINOGRAM FILE : ../../../../datasets/CDS2_sinogram.bin
   THETA FILE : ../../../../datasets/CDS2_theta.bin
  OUTPUT FILE : ../../output/single_cpu/ip-0A00000F/30.CDS2.8.8.1024.1024.32.32.bin


PLACE TILES
lspat 128 lspatdim 128
lspec 128 lspecdim 128
MPI PARTITIONING
proc: 0 numspats: 16384 numpixs: 1048576 numspecs: 6016 numrays: 385024
maxnumpix: 1048576 maxnumray: 385024
FILL PIXELS AND RAYS
INPUT THETA DATA
DOMAIN PARTITIONING

CONSTRUCT PROJECTION MATRIX
CSR STORAGE: 470023898 (3.501951 GB) rownzmax 2046
RAY-TRACING TIME: 1.794089e+01
CONSTRUCT BACKPROJECTION MATRIX
CSR STORAGE: 470023898 (3.501951 GB) rownzmax 607
TRANSPOSITION TIME: 4.684562e-01

BLOCKING PROJECTION MATRIX
NUMBER OF BLOCKS: 375 BUFFSIZE: 8192
NUMBER OF BUFFERS: 3151 AVERAGE BUFF/BLOCK: 8.402667 MAX BUFF/BLOCK: 13
BUFFER MAP: 24272853 (0.090423 GB)
CSR STORAGE: 470023898 (2.626463 GB) buffnzmax: 526 STORAGE EFFICIENCY: 1.500000 DATA REUSE: 19.364182
BLOCKING TIME: 5.237566e-01
BLOCKING BACKPROJECTION MATRIX
NUMBER OF BLOCKS: 1024 BUFFSIZE: 8192
NUMBER OF BUFFERS: 1976 AVERAGE BUFF/BLOCK: 1.929688 MAX BUFF/BLOCK: 2
BUFFER MAP: 14686008 (0.054710 GB)
CSR STORAGE: 470023898 (2.626463 GB) buffnzmax: 482 STORAGE EFFICIENCY: 1.500000 DATA REUSE: 32.004879
BLOCKING TIME: 4.519873e-01

FILL PROJECTION MATRIX
TIME: 7.114738e-01
FILL BACKPROJECTION MATRIX
TIME: 7.419301e-01
REDUCTION MAPPINGS
PREPROCESSING TIME: 2.084126e+01
INPUT MEASUREMENT DATA
INPUT ENDS
GRADIENT-DESCENT OPTIMIZATION
iter: 0 error: 5.498391e+04 gradnorm: 5.780559e+09
iter: 1 error: 2.713755e+04 gradnorm: 4.174663e+08
iter: 2 error: 2.306863e+04 gradnorm: 9.086762e+07
iter: 3 error: 2.127429e+04 gradnorm: 3.168959e+07
iter: 4 error: 2.032667e+04 gradnorm: 1.557749e+07
iter: 5 error: 1.975906e+04 gradnorm: 1.008937e+07
iter: 6 error: 1.938424e+04 gradnorm: 8.237614e+06
iter: 7 error: 1.911240e+04 gradnorm: 6.109993e+06
iter: 8 error: 1.886850e+04 gradnorm: 5.367481e+06
iter: 9 error: 1.867052e+04 gradnorm: 4.522719e+06
iter: 10 error: 1.850152e+04 gradnorm: 6.600892e+06
iter: 11 error: 1.843080e+04 gradnorm: 6.788749e+06
iter: 12 error: 1.828168e+04 gradnorm: 3.316430e+06
iter: 13 error: 1.811534e+04 gradnorm: 2.898721e+06
iter: 14 error: 1.798132e+04 gradnorm: 2.771438e+06
iter: 15 error: 1.785150e+04 gradnorm: 2.477940e+06
iter: 16 error: 1.777443e+04 gradnorm: 4.138142e+06
iter: 17 error: 1.767909e+04 gradnorm: 1.834345e+06
iter: 18 error: 1.756126e+04 gradnorm: 2.362832e+06
iter: 19 error: 1.752618e+04 gradnorm: 4.208020e+06
iter: 20 error: 1.744982e+04 gradnorm: 1.962209e+06
iter: 21 error: 1.736013e+04 gradnorm: 1.587274e+06
iter: 22 error: 1.726246e+04 gradnorm: 1.342204e+06
iter: 23 error: 1.716979e+04 gradnorm: 1.258714e+06
iter: 24 error: 1.708024e+04 gradnorm: 1.314037e+06
recon: 3.910192e+00 proj: 2.356230e+00 (2.337520e+00 9.995542e-03 8.659194e-03) backproj: 1.534990e+00 (1.534254e-03 4.667662e-03 1.528761e+00) ctime: 1.881184e-02 wtime: 3.630000e-05
numproj: 49 numback: 25
proj: 2.337520e+00 s (19.705642 GFLOPS) backproj: 1.528761e+00 s (15.372704 GFLOPS) avGFLOPS: 17.992361 totGFLOPS: 17.992361
proj: 61.152194 GB/s back: 47.078760 GB/s av: 55.587436 GB/s tot: 55.587436 GB/s
Total Time: 3.354995e+01
