NUM. THETA             : 375
NUM. RHO               : 1024
NUM. X PIXELS          : 1024
NUM. Y PIXELS          : 1024

NUM. OF PIXELS         : 1048576
NUM. OF RAYS           : 384000

NUM. ITERATIONS        : 24

SPATIAL TILE SIZE      : 128
SPECTRAL TILE SIZE     : 128

NUMBER OF X TILES      : 8
NUMBER OF Y TILES      : 8
NUM. OF THETA TILES    : 3
NUM. OF RHO TILES      : 8

NUM. SPATIAL TILES     : 64
NUM. SPECTRAL TILES    : 24

NUM. OF X PIXELS (EXT) : 1024
NUM. OF Y PIXELS (EXT) : 1024
NUM. OF ANGLES (EXT)   : 384
NUM. OF RHOS (EXT)     : 1024

NUM. OF PIXELS (EXT)   : 1048576
NUM. OF RAYS (EXT)     : 393216

NUMBER OF PROCESSES    : 1
NUMBER OF THRD./PROC.  : 30

INTEGER: 4, FLOAT: 4, LONG: 8, SHORT: 2, POINTER: 8
APPROX. MEMORY     TOTAL: 8.789062e+00 GB
APPROX. MEMORY PER PROC.: 8.789062e+00 GB

X START       : -5.120000e+02
Y START       : -5.120000e+02
PIXEL SIZE    : 1.000000e+00
RHO START     : -5.120000e+02
RAY LENGTH    : 2.048000e+03

SPATIAL INDEXING       : 5
SPECTRAL INDEXING      : 5
 1: CARTESIAN, NATURAL
 2: CARTESIAN, TRANSPOSED
 3: MORTON, NATURAL
 4: MORTON, TRANSPOSED
 5: HILBERT
PROJECTION BLOCK SIZE      : 1024
BACKPROJECTION BLOCK SIZE  : 1024
PROJECTION BUFFER SIZE      : 32 KB
BACKPROJECTION BUFFER SIZE  : 32 KB

SINOGRAM FILE : ../../../../datasets/CDS2_sinogram.bin
   THETA FILE : ../../../../datasets/CDS2_theta.bin
  OUTPUT FILE : ../../output/single_cpu/ip-0A00001A/30.CDS2.128.128.1024.1024.32.32.bin


PLACE TILES
lspat 8 lspatdim 8
lspec 8 lspecdim 8
MPI PARTITIONING
proc: 0 numspats: 64 numpixs: 1048576 numspecs: 24 numrays: 393216
maxnumpix: 1048576 maxnumray: 393216
FILL PIXELS AND RAYS
INPUT THETA DATA
DOMAIN PARTITIONING

CONSTRUCT PROJECTION MATRIX
CSR STORAGE: 470024030 (3.501952 GB) rownzmax 2046
RAY-TRACING TIME: 1.082807e+00
CONSTRUCT BACKPROJECTION MATRIX
CSR STORAGE: 470024030 (3.501952 GB) rownzmax 607
TRANSPOSITION TIME: 4.726548e-01

BLOCKING PROJECTION MATRIX
NUMBER OF BLOCKS: 375 BUFFSIZE: 8192
NUMBER OF BUFFERS: 3162 AVERAGE BUFF/BLOCK: 8.432000 MAX BUFF/BLOCK: 13
BUFFER MAP: 24349112 (0.090708 GB)
CSR STORAGE: 470024030 (2.626464 GB) buffnzmax: 526 STORAGE EFFICIENCY: 1.500000 DATA REUSE: 19.303539
BLOCKING TIME: 5.263372e-01
BLOCKING BACKPROJECTION MATRIX
NUMBER OF BLOCKS: 1024 BUFFSIZE: 8192
NUMBER OF BUFFERS: 1976 AVERAGE BUFF/BLOCK: 1.929688 MAX BUFF/BLOCK: 2
BUFFER MAP: 14686003 (0.054710 GB)
CSR STORAGE: 470024030 (2.626464 GB) buffnzmax: 478 STORAGE EFFICIENCY: 1.500000 DATA REUSE: 32.004898
BLOCKING TIME: 4.483325e-01

FILL PROJECTION MATRIX
TIME: 6.971619e-01
FILL BACKPROJECTION MATRIX
TIME: 7.423821e-01
REDUCTION MAPPINGS
PREPROCESSING TIME: 3.981836e+00
INPUT MEASUREMENT DATA
INPUT ENDS
GRADIENT-DESCENT OPTIMIZATION
iter: 0 error: 5.498390e+04 gradnorm: 5.786073e+09
iter: 1 error: 2.733176e+04 gradnorm: 4.102494e+08
iter: 2 error: 2.328450e+04 gradnorm: 9.330677e+07
iter: 3 error: 2.147340e+04 gradnorm: 3.140846e+07
iter: 4 error: 2.047605e+04 gradnorm: 1.562311e+07
iter: 5 error: 1.987893e+04 gradnorm: 9.873860e+06
iter: 6 error: 1.945743e+04 gradnorm: 8.020762e+06
iter: 7 error: 1.917912e+04 gradnorm: 6.939152e+06
iter: 8 error: 1.893153e+04 gradnorm: 5.739428e+06
iter: 9 error: 1.872559e+04 gradnorm: 6.427000e+06
iter: 10 error: 1.863621e+04 gradnorm: 9.578284e+06
iter: 11 error: 1.848006e+04 gradnorm: 4.743350e+06
iter: 12 error: 1.831002e+04 gradnorm: 3.595596e+06
iter: 13 error: 1.813031e+04 gradnorm: 3.146850e+06
iter: 14 error: 1.799104e+04 gradnorm: 3.273498e+06
iter: 15 error: 1.787155e+04 gradnorm: 3.884831e+06
iter: 16 error: 1.779745e+04 gradnorm: 3.007682e+06
iter: 17 error: 1.766604e+04 gradnorm: 2.150098e+06
iter: 18 error: 1.761904e+04 gradnorm: 6.396490e+06
iter: 19 error: 1.751485e+04 gradnorm: 1.701893e+06
iter: 20 error: 1.739915e+04 gradnorm: 1.595661e+06
iter: 21 error: 1.729538e+04 gradnorm: 1.607412e+06
iter: 22 error: 1.720761e+04 gradnorm: 1.549580e+06
iter: 23 error: 1.712896e+04 gradnorm: 1.495103e+06
iter: 24 error: 1.707097e+04 gradnorm: 4.808221e+06
recon: 3.852264e+00 proj: 2.342733e+00 (2.317309e+00 1.172746e-02 1.364800e-02) backproj: 1.469025e+00 (2.684062e-03 4.807508e-03 1.461511e+00) ctime: 4.024458e-02 wtime: 1.484020e-04
numproj: 49 numback: 25
proj: 2.317309e+00 s (19.877520 GFLOPS) backproj: 1.461511e+00 s (16.080071 GFLOPS) avGFLOPS: 18.408804 totGFLOPS: 18.408804
proj: 61.692029 GB/s back: 49.245064 GB/s av: 56.877993 GB/s tot: 56.877993 GB/s
Total Time: 7.933058e+00
