NUM. THETA             : 750
NUM. RHO               : 512
NUM. X PIXELS          : 512
NUM. Y PIXELS          : 512

NUM. OF PIXELS         : 262144
NUM. OF RAYS           : 384000

NUM. ITERATIONS        : 24

SPATIAL TILE SIZE      : 128
SPECTRAL TILE SIZE     : 128

NUMBER OF X TILES      : 4
NUMBER OF Y TILES      : 4
NUM. OF THETA TILES    : 6
NUM. OF RHO TILES      : 4

NUM. SPATIAL TILES     : 16
NUM. SPECTRAL TILES    : 24

NUM. OF X PIXELS (EXT) : 512
NUM. OF Y PIXELS (EXT) : 512
NUM. OF ANGLES (EXT)   : 768
NUM. OF RHOS (EXT)     : 512

NUM. OF PIXELS (EXT)   : 262144
NUM. OF RAYS (EXT)     : 393216

NUMBER OF PROCESSES    : 1
NUMBER OF THRD./PROC.  : 30

INTEGER: 4, FLOAT: 4, LONG: 8, SHORT: 2, POINTER: 8
APPROX. MEMORY     TOTAL: 4.394531e+00 GB
APPROX. MEMORY PER PROC.: 4.394531e+00 GB

X START       : -2.560000e+02
Y START       : -2.560000e+02
PIXEL SIZE    : 1.000000e+00
RHO START     : -2.560000e+02
RAY LENGTH    : 1.024000e+03

SPATIAL INDEXING       : 5
SPECTRAL INDEXING      : 5
 1: CARTESIAN, NATURAL
 2: CARTESIAN, TRANSPOSED
 3: MORTON, NATURAL
 4: MORTON, TRANSPOSED
 5: HILBERT
PROJECTION BLOCK SIZE      : 128
BACKPROJECTION BLOCK SIZE  : 128
PROJECTION BUFFER SIZE      : 32 KB
BACKPROJECTION BUFFER SIZE  : 32 KB

SINOGRAM FILE : ../../../../datasets/CDS1_sinogram.bin
   THETA FILE : ../../../../datasets/CDS1_theta.bin
  OUTPUT FILE : ../../output/single_cpu/ip-0A00001A/30.CDS1.128.128.128.128.32.32.bin


PLACE TILES
lspat 4 lspatdim 4
lspec 6 lspecdim 8
MPI PARTITIONING
proc: 0 numspats: 16 numpixs: 262144 numspecs: 24 numrays: 393216
maxnumpix: 262144 maxnumray: 393216
FILL PIXELS AND RAYS
INPUT THETA DATA
DOMAIN PARTITIONING

CONSTRUCT PROJECTION MATRIX
CSR STORAGE: 235011121 (1.750969 GB) rownzmax 1022
RAY-TRACING TIME: 5.038666e-01
CONSTRUCT BACKPROJECTION MATRIX
CSR STORAGE: 235011121 (1.750969 GB) rownzmax 1092
TRANSPOSITION TIME: 1.864117e-01

BLOCKING PROJECTION MATRIX
NUMBER OF BLOCKS: 3000 BUFFSIZE: 8192
NUMBER OF BUFFERS: 5088 AVERAGE BUFF/BLOCK: 1.696000 MAX BUFF/BLOCK: 2
BUFFER MAP: 26351654 (0.098168 GB)
CSR STORAGE: 235011121 (1.313227 GB) buffnzmax: 773 STORAGE EFFICIENCY: 1.500000 DATA REUSE: 8.918268
BLOCKING TIME: 3.536550e-01
BLOCKING BACKPROJECTION MATRIX
NUMBER OF BLOCKS: 2048 BUFFSIZE: 8192
NUMBER OF BUFFERS: 3870 AVERAGE BUFF/BLOCK: 1.889648 MAX BUFF/BLOCK: 2
BUFFER MAP: 22030582 (0.082070 GB)
CSR STORAGE: 235011121 (1.313227 GB) buffnzmax: 855 STORAGE EFFICIENCY: 1.500000 DATA REUSE: 10.667495
BLOCKING TIME: 3.195465e-01

FILL PROJECTION MATRIX
TIME: 3.899927e-01
FILL BACKPROJECTION MATRIX
TIME: 3.921792e-01
REDUCTION MAPPINGS
PREPROCESSING TIME: 2.157959e+00
INPUT MEASUREMENT DATA
INPUT ENDS
GRADIENT-DESCENT OPTIMIZATION
iter: 0 error: 4.959036e+04 gradnorm: 1.560966e+10
iter: 1 error: 5.316521e+03 gradnorm: 4.760846e+08
iter: 2 error: 5.074577e+02 gradnorm: 1.604498e+07
iter: 3 error: 2.940090e+02 gradnorm: 8.082353e+06
iter: 4 error: 1.716262e+02 gradnorm: 1.353839e+06
iter: 5 error: 1.154519e+02 gradnorm: 6.253114e+05
iter: 6 error: 8.897867e+01 gradnorm: 6.363968e+05
iter: 7 error: 7.409597e+01 gradnorm: 4.144956e+05
iter: 8 error: 5.947604e+01 gradnorm: 3.515086e+05
iter: 9 error: 5.682217e+01 gradnorm: 4.904009e+05
iter: 10 error: 4.873405e+01 gradnorm: 1.941169e+05
iter: 11 error: 4.173146e+01 gradnorm: 1.106660e+05
iter: 12 error: 3.777311e+01 gradnorm: 1.959559e+05
iter: 13 error: 3.468858e+01 gradnorm: 1.019391e+05
iter: 14 error: 3.146911e+01 gradnorm: 6.068640e+04
iter: 15 error: 2.888916e+01 gradnorm: 9.701712e+04
iter: 16 error: 2.826520e+01 gradnorm: 9.605198e+04
iter: 17 error: 2.682784e+01 gradnorm: 4.606286e+04
iter: 18 error: 2.524040e+01 gradnorm: 2.665579e+04
iter: 19 error: 2.394676e+01 gradnorm: 2.563615e+04
iter: 20 error: 2.288639e+01 gradnorm: 1.502687e+04
iter: 21 error: 2.196492e+01 gradnorm: 1.518273e+04
iter: 22 error: 2.178105e+01 gradnorm: 4.094641e+04
iter: 23 error: 2.121102e+01 gradnorm: 1.025905e+04
iter: 24 error: 2.084628e+01 gradnorm: 1.947840e+04
recon: 2.264891e+00 proj: 1.327227e+00 (1.304283e+00 9.406292e-03 1.349462e-02) backproj: 9.274198e-01 (2.894986e-03 7.719043e-03 9.167820e-01) ctime: 9.929305e-03 wtime: 1.765060e-04
numproj: 49 numback: 25
proj: 1.304283e+00 s (17.658050 GFLOPS) backproj: 9.167820e-01 s (12.817175 GFLOPS) avGFLOPS: 15.659897 totGFLOPS: 15.659897
proj: 56.934123 GB/s back: 40.854559 GB/s av: 50.297011 GB/s tot: 50.297011 GB/s
Total Time: 4.456083e+00
