NUM. THETA             : 375
NUM. RHO               : 1024
NUM. X PIXELS          : 1024
NUM. Y PIXELS          : 1024

NUM. OF PIXELS         : 1048576
NUM. OF RAYS           : 384000

NUM. ITERATIONS        : 24

SPATIAL TILE SIZE      : 32
SPECTRAL TILE SIZE     : 32

NUMBER OF X TILES      : 32
NUMBER OF Y TILES      : 32
NUM. OF THETA TILES    : 12
NUM. OF RHO TILES      : 32

NUM. SPATIAL TILES     : 1024
NUM. SPECTRAL TILES    : 384

NUM. OF X PIXELS (EXT) : 1024
NUM. OF Y PIXELS (EXT) : 1024
NUM. OF ANGLES (EXT)   : 384
NUM. OF RHOS (EXT)     : 1024

NUM. OF PIXELS (EXT)   : 1048576
NUM. OF RAYS (EXT)     : 393216

NUMBER OF PROCESSES    : 1
NUMBER OF THRD./PROC.  : 30

INTEGER: 4, FLOAT: 4, LONG: 8, SHORT: 2, POINTER: 8
APPROX. MEMORY     TOTAL: 8.789062e+00 GB
APPROX. MEMORY PER PROC.: 8.789062e+00 GB

X START       : -5.120000e+02
Y START       : -5.120000e+02
PIXEL SIZE    : 1.000000e+00
RHO START     : -5.120000e+02
RAY LENGTH    : 2.048000e+03

SPATIAL INDEXING       : 5
SPECTRAL INDEXING      : 5
 1: CARTESIAN, NATURAL
 2: CARTESIAN, TRANSPOSED
 3: MORTON, NATURAL
 4: MORTON, TRANSPOSED
 5: HILBERT
PROJECTION BLOCK SIZE      : 1024
BACKPROJECTION BLOCK SIZE  : 1024
PROJECTION BUFFER SIZE      : 32 KB
BACKPROJECTION BUFFER SIZE  : 32 KB

SINOGRAM FILE : ../../../../datasets/CDS2_sinogram.bin
   THETA FILE : ../../../../datasets/CDS2_theta.bin
  OUTPUT FILE : ../../output/single_cpu/ip-0A00000F/30.CDS2.32.32.1024.1024.32.32.bin


PLACE TILES
lspat 32 lspatdim 32
lspec 32 lspecdim 32
MPI PARTITIONING
proc: 0 numspats: 1024 numpixs: 1048576 numspecs: 384 numrays: 393216
maxnumpix: 1048576 maxnumray: 393216
FILL PIXELS AND RAYS
INPUT THETA DATA
DOMAIN PARTITIONING

CONSTRUCT PROJECTION MATRIX
CSR STORAGE: 470024163 (3.501953 GB) rownzmax 2046
RAY-TRACING TIME: 1.892236e+00
CONSTRUCT BACKPROJECTION MATRIX
CSR STORAGE: 470024163 (3.501953 GB) rownzmax 607
TRANSPOSITION TIME: 4.554422e-01

BLOCKING PROJECTION MATRIX
NUMBER OF BLOCKS: 375 BUFFSIZE: 8192
NUMBER OF BUFFERS: 3207 AVERAGE BUFF/BLOCK: 8.552000 MAX BUFF/BLOCK: 13
BUFFER MAP: 24715407 (0.092072 GB)
CSR STORAGE: 470024163 (2.626465 GB) buffnzmax: 526 STORAGE EFFICIENCY: 1.500000 DATA REUSE: 19.017454
BLOCKING TIME: 5.290201e-01
BLOCKING BACKPROJECTION MATRIX
NUMBER OF BLOCKS: 1024 BUFFSIZE: 8192
NUMBER OF BUFFERS: 1976 AVERAGE BUFF/BLOCK: 1.929688 MAX BUFF/BLOCK: 2
BUFFER MAP: 14686007 (0.054710 GB)
CSR STORAGE: 470024163 (2.626465 GB) buffnzmax: 482 STORAGE EFFICIENCY: 1.500000 DATA REUSE: 32.004898
BLOCKING TIME: 4.627411e-01

FILL PROJECTION MATRIX
TIME: 6.983068e-01
FILL BACKPROJECTION MATRIX
TIME: 7.441257e-01
REDUCTION MAPPINGS
PREPROCESSING TIME: 4.794272e+00
INPUT MEASUREMENT DATA
INPUT ENDS
GRADIENT-DESCENT OPTIMIZATION
iter: 0 error: 5.498391e+04 gradnorm: 5.780564e+09
iter: 1 error: 2.713757e+04 gradnorm: 4.174662e+08
iter: 2 error: 2.306865e+04 gradnorm: 9.086819e+07
iter: 3 error: 2.127430e+04 gradnorm: 3.168977e+07
iter: 4 error: 2.032668e+04 gradnorm: 1.557750e+07
iter: 5 error: 1.975907e+04 gradnorm: 1.008934e+07
iter: 6 error: 1.938424e+04 gradnorm: 8.237757e+06
iter: 7 error: 1.911245e+04 gradnorm: 6.116173e+06
iter: 8 error: 1.887032e+04 gradnorm: 5.705618e+06
iter: 9 error: 1.872486e+04 gradnorm: 1.095591e+07
iter: 10 error: 1.862423e+04 gradnorm: 5.089829e+06
iter: 11 error: 1.844732e+04 gradnorm: 4.168384e+06
iter: 12 error: 1.828188e+04 gradnorm: 3.279387e+06
iter: 13 error: 1.811540e+04 gradnorm: 2.903083e+06
iter: 14 error: 1.798217e+04 gradnorm: 2.837444e+06
iter: 15 error: 1.786277e+04 gradnorm: 3.310744e+06
iter: 16 error: 1.780042e+04 gradnorm: 3.437326e+06
iter: 17 error: 1.772785e+04 gradnorm: 6.364930e+06
iter: 18 error: 1.766311e+04 gradnorm: 1.907285e+06
iter: 19 error: 1.754227e+04 gradnorm: 1.743292e+06
iter: 20 error: 1.745006e+04 gradnorm: 1.916983e+06
iter: 21 error: 1.736014e+04 gradnorm: 1.587572e+06
iter: 22 error: 1.726301e+04 gradnorm: 1.452884e+06
iter: 23 error: 1.721654e+04 gradnorm: 5.371081e+06
iter: 24 error: 1.715827e+04 gradnorm: 1.306986e+06
recon: 3.763166e+00 proj: 2.171136e+00 (2.147072e+00 1.295818e-02 1.105062e-02) backproj: 1.563356e+00 (1.936875e-03 5.270496e-03 1.556121e+00) ctime: 2.849796e-02 wtime: 6.820600e-05
numproj: 49 numback: 25
proj: 2.147072e+00 s (21.453572 GFLOPS) backproj: 1.556121e+00 s (15.102427 GFLOPS) avGFLOPS: 18.784753 totGFLOPS: 18.784753
proj: 66.616914 GB/s back: 46.251037 GB/s av: 58.058956 GB/s tot: 58.058956 GB/s
Total Time: 9.210187e+00
