NUM. THETA             : 1501
NUM. RHO               : 2048
NUM. X PIXELS          : 2048
NUM. Y PIXELS          : 2048

NUM. OF PIXELS         : 4194304
NUM. OF RAYS           : 3074048

NUM. ITERATIONS        : 24

SPATIAL TILE SIZE      : 16
SPECTRAL TILE SIZE     : 16

NUMBER OF X TILES      : 128
NUMBER OF Y TILES      : 128
NUM. OF THETA TILES    : 94
NUM. OF RHO TILES      : 128

NUM. SPATIAL TILES     : 16384
NUM. SPECTRAL TILES    : 12032

NUM. OF X PIXELS (EXT) : 2048
NUM. OF Y PIXELS (EXT) : 2048
NUM. OF ANGLES (EXT)   : 1504
NUM. OF RHOS (EXT)     : 2048

NUM. OF PIXELS (EXT)   : 4194304
NUM. OF RAYS (EXT)     : 3080192

NUMBER OF PROCESSES    : 1
NUMBER OF THRD./PROC.  : 30

INTEGER: 4, FLOAT: 4, LONG: 8, SHORT: 2, POINTER: 8
APPROX. MEMORY     TOTAL: 1.407188e+02 GB
APPROX. MEMORY PER PROC.: 1.407188e+02 GB

X START       : -1.024000e+03
Y START       : -1.024000e+03
PIXEL SIZE    : 1.000000e+00
RHO START     : -1.024000e+03
RAY LENGTH    : 4.096000e+03

SPATIAL INDEXING       : 5
SPECTRAL INDEXING      : 5
 1: CARTESIAN, NATURAL
 2: CARTESIAN, TRANSPOSED
 3: MORTON, NATURAL
 4: MORTON, TRANSPOSED
 5: HILBERT
PROJECTION BLOCK SIZE      : 2048
BACKPROJECTION BLOCK SIZE  : 2048
PROJECTION BUFFER SIZE      : 32 KB
BACKPROJECTION BUFFER SIZE  : 32 KB

SINOGRAM FILE : ../../../../datasets/CDS3_sinogram.bin
   THETA FILE : ../../../../datasets/CDS3_theta.bin
  OUTPUT FILE : ../../output/single_cpu/ip-0A00000F/30.CDS3.16.16.2048.2048.32.32.bin


PLACE TILES
lspat 128 lspatdim 128
lspec 128 lspecdim 128
MPI PARTITIONING
proc: 0 numspats: 16384 numpixs: 4194304 numspecs: 12032 numrays: 3080192
maxnumpix: 4194304 maxnumray: 3080192
FILL PIXELS AND RAYS
INPUT THETA DATA
DOMAIN PARTITIONING

CONSTRUCT PROJECTION MATRIX
CSR STORAGE: 7524322709 (56.060573 GB) rownzmax 4095
RAY-TRACING TIME: 1.556530e+02
CONSTRUCT BACKPROJECTION MATRIX
CSR STORAGE: 7524322709 (56.060573 GB) rownzmax 2185
TRANSPOSITION TIME: 6.627075e+00

BLOCKING PROJECTION MATRIX
NUMBER OF BLOCKS: 1501 BUFFSIZE: 8192
NUMBER OF BUFFERS: 35822 AVERAGE BUFF/BLOCK: 23.865423 MAX BUFF/BLOCK: 42
BUFFER MAP: 287382006 (1.070581 GB)
CSR STORAGE: 7524322709 (42.045430 GB) buffnzmax: 697 STORAGE EFFICIENCY: 1.500000 DATA REUSE: 26.182302
BLOCKING TIME: 8.449636e+00
BLOCKING BACKPROJECTION MATRIX
NUMBER OF BLOCKS: 2048 BUFFSIZE: 8192
NUMBER OF BUFFERS: 23020 AVERAGE BUFF/BLOCK: 11.240234 MAX BUFF/BLOCK: 12
BUFFER MAP: 176343851 (0.656932 GB)
CSR STORAGE: 7524322709 (42.045430 GB) buffnzmax: 688 STORAGE EFFICIENCY: 1.500000 DATA REUSE: 42.668472
BLOCKING TIME: 8.299588e+00

FILL PROJECTION MATRIX
TIME: 1.180564e+01
FILL BACKPROJECTION MATRIX
TIME: 1.242393e+01
REDUCTION MAPPINGS
PREPROCESSING TIME: 2.032839e+02
INPUT MEASUREMENT DATA
INPUT ENDS
GRADIENT-DESCENT OPTIMIZATION
iter: 0 error: 4.635825e+05 gradnorm: 8.585332e+11
iter: 1 error: 9.154249e+04 gradnorm: 2.934957e+10
iter: 2 error: 5.150693e+04 gradnorm: 1.497917e+09
iter: 3 error: 4.825264e+04 gradnorm: 6.414464e+08
iter: 4 error: 4.665262e+04 gradnorm: 1.800297e+08
iter: 5 error: 4.586064e+04 gradnorm: 9.445856e+07
iter: 6 error: 4.545251e+04 gradnorm: 9.777424e+07
iter: 7 error: 4.528423e+04 gradnorm: 8.312669e+07
iter: 8 error: 4.517605e+04 gradnorm: 1.050388e+08
iter: 9 error: 4.500597e+04 gradnorm: 3.607851e+07
iter: 10 error: 4.483853e+04 gradnorm: 2.769689e+07
iter: 11 error: 4.469177e+04 gradnorm: 1.828483e+07
iter: 12 error: 4.457857e+04 gradnorm: 2.109608e+07
iter: 13 error: 4.449261e+04 gradnorm: 1.886601e+07
iter: 14 error: 4.444963e+04 gradnorm: 5.060477e+07
iter: 15 error: 4.439141e+04 gradnorm: 1.133160e+07
iter: 16 error: 4.429620e+04 gradnorm: 1.026836e+07
iter: 17 error: 4.423054e+04 gradnorm: 1.135908e+07
iter: 18 error: 4.418736e+04 gradnorm: 1.745645e+07
iter: 19 error: 4.413633e+04 gradnorm: 1.161644e+07
iter: 20 error: 4.409493e+04 gradnorm: 1.796405e+07
iter: 21 error: 4.406362e+04 gradnorm: 2.271004e+07
iter: 22 error: 4.404215e+04 gradnorm: 1.124985e+07
iter: 23 error: 4.398171e+04 gradnorm: 8.947029e+06
iter: 24 error: 4.392296e+04 gradnorm: 7.053992e+06
recon: 8.745703e+01 proj: 5.696807e+01 (5.681050e+01 7.033635e-02 8.718349e-02) backproj: 3.042139e+01 (2.156626e-02 4.655632e-02 3.035324e+01) ctime: 6.735877e-02 wtime: 6.220200e-05
numproj: 49 numback: 25
proj: 5.681050e+01 s (12.979706 GFLOPS) backproj: 3.035324e+01 s (12.394596 GFLOPS) avGFLOPS: 12.775952 totGFLOPS: 12.775952
proj: 39.930604 GB/s back: 37.764759 GB/s av: 39.176387 GB/s tot: 39.176387 GB/s
Total Time: 3.621614e+02
