ip-0A000015
ip-0A000015
ip-0A000012
ip-0A00000F
ip-0A000012
ip-0A00000F
ip-0A000014
ip-0A000014
NUM. THETA             : 1501
NUM. RHO               : 2048
NUM. X PIXELS          : 2048
NUM. Y PIXELS          : 2048

NUM. OF PIXELS         : 4194304
NUM. OF RAYS           : 3074048

NUM. ITERATIONS        : 24

SPATIAL TILE SIZE      : 64
SPECTRAL TILE SIZE     : 64

NUMBER OF X TILES      : 32
NUMBER OF Y TILES      : 32
NUM. OF THETA TILES    : 24
NUM. OF RHO TILES      : 32

NUM. SPATIAL TILES     : 1024
NUM. SPECTRAL TILES    : 768

NUM. OF X PIXELS (EXT) : 2048
NUM. OF Y PIXELS (EXT) : 2048
NUM. OF ANGLES (EXT)   : 1536
NUM. OF RHOS (EXT)     : 2048

NUM. OF PIXELS (EXT)   : 4194304
NUM. OF RAYS (EXT)     : 3145728

NUMBER OF PROCESSES    : 8
NUMBER OF THRD./PROC.  : 60

INTEGER: 4, FLOAT: 4, LONG: 8, SHORT: 2, POINTER: 8
APPROX. MEMORY     TOTAL: 1.407188e+02 GB
APPROX. MEMORY PER PROC.: 1.758984e+01 GB

X START       : -1.024000e+03
Y START       : -1.024000e+03
PIXEL SIZE    : 1.000000e+00
RHO START     : -1.024000e+03
RAY LENGTH    : 4.096000e+03

SPATIAL INDEXING       : 5
SPECTRAL INDEXING      : 5
 1: CARTESIAN, NATURAL
 2: CARTESIAN, TRANSPOSED
 3: MORTON, NATURAL
 4: MORTON, TRANSPOSED
 5: HILBERT
PROJECTION BLOCK SIZE      : 1024
BACKPROJECTION BLOCK SIZE  : 1024
PROJECTION BUFFER SIZE      : 32 KB
BACKPROJECTION BUFFER SIZE  : 32 KB

SINOGRAM FILE : ../../../../datasets/CDS3_sinogram.bin
   THETA FILE : ../../../../datasets/CDS3_theta.bin
  OUTPUT FILE : ../../output/visualization/ip-0A000009/24.60.CDS3.64.64.1024.1024.32.32.bin


PLACE TILES
lspat 32 lspatdim 32
lspec 32 lspecdim 32
MPI PARTITIONING
proc: 0 numspats: 128 numpixs: 524288 numspecs: 96 numrays: 393216
proc: 1 numspats: 128 numpixs: 524288 numspecs: 96 numrays: 393216
proc: 2 numspats: 128 numpixs: 524288 numspecs: 96 numrays: 393216
proc: 3 numspats: 128 numpixs: 524288 numspecs: 96 numrays: 393216
proc: 4 numspats: 128 numpixs: 524288 numspecs: 96 numrays: 393216
proc: 5 numspats: 128 numpixs: 524288 numspecs: 96 numrays: 393216
proc: 6 numspats: 128 numpixs: 524288 numspecs: 96 numrays: 393216
proc: 7 numspats: 128 numpixs: 524288 numspecs: 96 numrays: 393216
maxnumpix: 524288 maxnumray: 393216
FILL PIXELS AND RAYS
INPUT THETA DATA
DOMAIN PARTITIONING

CONSTRUCT PROJECTION MATRIX
CSR STORAGE: 7524337176 (56.060681 GB) rownzmax 1535
RAY-TRACING TIME: 1.000978e+00
CONSTRUCT BACKPROJECTION MATRIX
CSR STORAGE: 7524337176 (56.060681 GB) rownzmax 2035
TRANSPOSITION TIME: 6.464011e-01

BLOCKING PROJECTION MATRIX
NUMBER OF BLOCKS: 1229 BUFFSIZE: 8192
NUMBER OF BUFFERS: 7641 AVERAGE BUFF/BLOCK: 6.217250 MAX BUFF/BLOCK: 15
BUFFER MAP: 419827871 (1.563981 GB)
CSR STORAGE: 7524337176 (42.045510 GB) buffnzmax: 753 STORAGE EFFICIENCY: 0.176627 DATA REUSE: 15.331580
BLOCKING TIME: 4.821823e-01
BLOCKING BACKPROJECTION MATRIX
NUMBER OF BLOCKS: 512 BUFFSIZE: 8192
NUMBER OF BUFFERS: 3656 AVERAGE BUFF/BLOCK: 7.140625 MAX BUFF/BLOCK: 8
BUFFER MAP: 235135281 (0.875947 GB)
CSR STORAGE: 7524337176 (42.045510 GB) buffnzmax: 528 STORAGE EFFICIENCY: 0.176627 DATA REUSE: 31.999743
BLOCKING TIME: 5.003078e-01

FILL PROJECTION MATRIX
TIME: 6.006916e-01
FILL BACKPROJECTION MATRIX
TIME: 7.150974e-01
REDUCTION MAPPINGS
PREPROCESSING TIME: 4.163761e+00
INPUT MEASUREMENT DATA
INPUT ENDS
GRADIENT-DESCENT OPTIMIZATION
iter: 0 error: 4.635891e+05 gradnorm: 1.207701e+12
iter: 1 error: 4.012780e+04 gradnorm: 2.761367e+10
iter: 2 error: 4.345173e+03 gradnorm: 1.113062e+09
iter: 3 error: 2.518517e+03 gradnorm: 4.642885e+08
iter: 4 error: 1.738984e+03 gradnorm: 8.752230e+07
iter: 5 error: 1.274328e+03 gradnorm: 3.327775e+07
iter: 6 error: 1.023795e+03 gradnorm: 4.484665e+07
iter: 7 error: 9.626494e+02 gradnorm: 9.002984e+07
iter: 8 error: 8.502700e+02 gradnorm: 3.846799e+07
iter: 9 error: 7.653348e+02 gradnorm: 3.198560e+07
iter: 10 error: 6.697335e+02 gradnorm: 2.374004e+07
iter: 11 error: 5.941122e+02 gradnorm: 1.737161e+07
iter: 12 error: 5.181949e+02 gradnorm: 1.243865e+07
iter: 13 error: 4.529813e+02 gradnorm: 1.243424e+07
iter: 14 error: 4.082333e+02 gradnorm: 1.257289e+07
iter: 15 error: 3.975282e+02 gradnorm: 1.458544e+07
iter: 16 error: 3.636200e+02 gradnorm: 9.012918e+06
iter: 17 error: 3.274557e+02 gradnorm: 4.640104e+06
iter: 18 error: 2.923560e+02 gradnorm: 5.231760e+06
iter: 19 error: 2.667912e+02 gradnorm: 3.720104e+06
iter: 20 error: 2.437901e+02 gradnorm: 2.804900e+06
iter: 21 error: 2.261631e+02 gradnorm: 1.429498e+07
iter: 22 error: 2.183641e+02 gradnorm: 2.443999e+06
iter: 23 error: 2.084891e+02 gradnorm: 5.072837e+06
iter: 24 error: 1.980392e+02 gradnorm: 1.821625e+06
recon: 1.251684e+01 proj: 7.113752e+00 (4.810718e+00 1.648194e+00 6.547975e-01) backproj: 3.468628e+00 (3.478048e-01 7.329537e-01 2.387844e+00) ctime: 1.878157e+00 wtime: 3.160634e-02
numproj: 49 numback: 25
proj: 3.849029e+01 s (19.157690 GFLOPS) backproj: 1.911104e+01 s (19.685844 GFLOPS) avGFLOPS: 19.332921 totGFLOPS: 154.663369
proj: 59.610914 GB/s back: 60.287894 GB/s av: 59.835523 GB/s tot: 478.684185 GB/s
Total Time: 1.814542e+01
