ip-0A00000F
ip-0A000012
ip-0A000015
ip-0A000014
ip-0A00000F
ip-0A000015
ip-0A000012
ip-0A000014
NUM. THETA             : 1501
NUM. RHO               : 2048
NUM. X PIXELS          : 2048
NUM. Y PIXELS          : 2048

NUM. OF PIXELS         : 4194304
NUM. OF RAYS           : 3074048

NUM. ITERATIONS        : 40

SPATIAL TILE SIZE      : 64
SPECTRAL TILE SIZE     : 64

NUMBER OF X TILES      : 32
NUMBER OF Y TILES      : 32
NUM. OF THETA TILES    : 24
NUM. OF RHO TILES      : 32

NUM. SPATIAL TILES     : 1024
NUM. SPECTRAL TILES    : 768

NUM. OF X PIXELS (EXT) : 2048
NUM. OF Y PIXELS (EXT) : 2048
NUM. OF ANGLES (EXT)   : 1536
NUM. OF RHOS (EXT)     : 2048

NUM. OF PIXELS (EXT)   : 4194304
NUM. OF RAYS (EXT)     : 3145728

NUMBER OF PROCESSES    : 8
NUMBER OF THRD./PROC.  : 60

INTEGER: 4, FLOAT: 4, LONG: 8, SHORT: 2, POINTER: 8
APPROX. MEMORY     TOTAL: 1.407188e+02 GB
APPROX. MEMORY PER PROC.: 1.758984e+01 GB

X START       : -1.024000e+03
Y START       : -1.024000e+03
PIXEL SIZE    : 1.000000e+00
RHO START     : -1.024000e+03
RAY LENGTH    : 4.096000e+03

SPATIAL INDEXING       : 5
SPECTRAL INDEXING      : 5
 1: CARTESIAN, NATURAL
 2: CARTESIAN, TRANSPOSED
 3: MORTON, NATURAL
 4: MORTON, TRANSPOSED
 5: HILBERT
PROJECTION BLOCK SIZE      : 1024
BACKPROJECTION BLOCK SIZE  : 1024
PROJECTION BUFFER SIZE      : 32 KB
BACKPROJECTION BUFFER SIZE  : 32 KB

SINOGRAM FILE : ../../../../datasets/CDS3_sinogram.bin
   THETA FILE : ../../../../datasets/CDS3_theta.bin
  OUTPUT FILE : ../../output/visualization/ip-0A000009/40.60.CDS3.64.64.1024.1024.32.32.bin


PLACE TILES
lspat 32 lspatdim 32
lspec 32 lspecdim 32
MPI PARTITIONING
proc: 0 numspats: 128 numpixs: 524288 numspecs: 96 numrays: 393216
proc: 1 numspats: 128 numpixs: 524288 numspecs: 96 numrays: 393216
proc: 2 numspats: 128 numpixs: 524288 numspecs: 96 numrays: 393216
proc: 3 numspats: 128 numpixs: 524288 numspecs: 96 numrays: 393216
proc: 4 numspats: 128 numpixs: 524288 numspecs: 96 numrays: 393216
proc: 5 numspats: 128 numpixs: 524288 numspecs: 96 numrays: 393216
proc: 6 numspats: 128 numpixs: 524288 numspecs: 96 numrays: 393216
proc: 7 numspats: 128 numpixs: 524288 numspecs: 96 numrays: 393216
maxnumpix: 524288 maxnumray: 393216
FILL PIXELS AND RAYS
INPUT THETA DATA
DOMAIN PARTITIONING

CONSTRUCT PROJECTION MATRIX
CSR STORAGE: 7524337176 (56.060681 GB) rownzmax 1535
RAY-TRACING TIME: 1.028562e+00
CONSTRUCT BACKPROJECTION MATRIX
CSR STORAGE: 7524337176 (56.060681 GB) rownzmax 2035
TRANSPOSITION TIME: 6.429873e-01

BLOCKING PROJECTION MATRIX
NUMBER OF BLOCKS: 1229 BUFFSIZE: 8192
NUMBER OF BUFFERS: 7641 AVERAGE BUFF/BLOCK: 6.217250 MAX BUFF/BLOCK: 15
BUFFER MAP: 419827871 (1.563981 GB)
CSR STORAGE: 7524337176 (42.045510 GB) buffnzmax: 753 STORAGE EFFICIENCY: 0.176627 DATA REUSE: 15.331580
BLOCKING TIME: 4.161106e-01
BLOCKING BACKPROJECTION MATRIX
NUMBER OF BLOCKS: 512 BUFFSIZE: 8192
NUMBER OF BUFFERS: 3656 AVERAGE BUFF/BLOCK: 7.140625 MAX BUFF/BLOCK: 8
BUFFER MAP: 235135281 (0.875947 GB)
CSR STORAGE: 7524337176 (42.045510 GB) buffnzmax: 528 STORAGE EFFICIENCY: 0.176627 DATA REUSE: 31.999743
BLOCKING TIME: 4.989846e-01

FILL PROJECTION MATRIX
TIME: 5.988958e-01
FILL BACKPROJECTION MATRIX
TIME: 7.070792e-01
REDUCTION MAPPINGS
PREPROCESSING TIME: 4.089780e+00
INPUT MEASUREMENT DATA
INPUT ENDS
GRADIENT-DESCENT OPTIMIZATION
iter: 0 error: 4.635891e+05 gradnorm: 1.207701e+12
iter: 1 error: 4.012780e+04 gradnorm: 2.761369e+10
iter: 2 error: 4.345173e+03 gradnorm: 1.113062e+09
iter: 3 error: 2.518517e+03 gradnorm: 4.642885e+08
iter: 4 error: 1.738984e+03 gradnorm: 8.752218e+07
iter: 5 error: 1.274321e+03 gradnorm: 3.325820e+07
iter: 6 error: 1.020793e+03 gradnorm: 3.704116e+07
iter: 7 error: 8.887887e+02 gradnorm: 5.574717e+07
iter: 8 error: 8.313827e+02 gradnorm: 6.210726e+07
iter: 9 error: 7.645341e+02 gradnorm: 3.372890e+07
iter: 10 error: 6.697245e+02 gradnorm: 2.376042e+07
iter: 11 error: 5.941121e+02 gradnorm: 1.737181e+07
iter: 12 error: 5.181948e+02 gradnorm: 1.243833e+07
iter: 13 error: 4.529582e+02 gradnorm: 1.237584e+07
iter: 14 error: 4.063341e+02 gradnorm: 7.939998e+06
iter: 15 error: 3.714879e+02 gradnorm: 1.161053e+07
iter: 16 error: 3.577283e+02 gradnorm: 2.056614e+07
iter: 17 error: 3.274392e+02 gradnorm: 4.684092e+06
iter: 18 error: 2.923560e+02 gradnorm: 5.231921e+06
iter: 19 error: 2.667915e+02 gradnorm: 3.720251e+06
iter: 20 error: 2.437849e+02 gradnorm: 2.772905e+06
iter: 21 error: 2.208899e+02 gradnorm: 3.253113e+06
iter: 22 error: 2.142521e+02 gradnorm: 3.500746e+06
iter: 23 error: 2.015768e+02 gradnorm: 6.666831e+06
iter: 24 error: 1.979834e+02 gradnorm: 2.092434e+06
iter: 25 error: 1.829129e+02 gradnorm: 1.535568e+06
iter: 26 error: 1.734089e+02 gradnorm: 1.371294e+06
iter: 27 error: 1.662712e+02 gradnorm: 2.666975e+06
iter: 28 error: 1.612609e+02 gradnorm: 1.443004e+06
iter: 29 error: 1.546743e+02 gradnorm: 9.684628e+05
iter: 30 error: 1.493727e+02 gradnorm: 1.199379e+06
iter: 31 error: 1.471505e+02 gradnorm: 3.504712e+06
iter: 32 error: 1.431801e+02 gradnorm: 9.380130e+05
iter: 33 error: 1.397612e+02 gradnorm: 7.447782e+05
iter: 34 error: 1.360207e+02 gradnorm: 6.856760e+05
iter: 35 error: 1.323369e+02 gradnorm: 5.408308e+05
iter: 36 error: 1.293328e+02 gradnorm: 4.547976e+05
iter: 37 error: 1.263388e+02 gradnorm: 6.826451e+05
iter: 38 error: 1.257561e+02 gradnorm: 8.110532e+05
iter: 39 error: 1.239185e+02 gradnorm: 3.997065e+05
iter: 40 error: 1.224869e+02 gradnorm: 6.576889e+05
recon: 2.100054e+01 proj: 1.183999e+01 (7.940474e+00 2.770845e+00 1.128565e+00) backproj: 5.531443e+00 (6.427237e-01 1.255224e+00 3.633462e+00) ctime: 3.545097e+00 wtime: 5.552674e-02
numproj: 81 numback: 41
proj: 6.352167e+01 s (19.189397 GFLOPS) backproj: 2.906640e+01 s (21.227112 GFLOPS) avGFLOPS: 19.829102 totGFLOPS: 158.632813
proj: 59.709573 GB/s back: 65.008029 GB/s av: 61.372930 GB/s tot: 490.983443 GB/s
Total Time: 2.631793e+01
