NUM. THETA             : 375
NUM. RHO               : 1024
NUM. X PIXELS          : 1024
NUM. Y PIXELS          : 1024

NUM. OF PIXELS         : 1048576
NUM. OF RAYS           : 384000

NUM. ITERATIONS        : 24

SPATIAL TILE SIZE      : 128
SPECTRAL TILE SIZE     : 128

NUMBER OF X TILES      : 8
NUMBER OF Y TILES      : 8
NUM. OF THETA TILES    : 3
NUM. OF RHO TILES      : 8

NUM. SPATIAL TILES     : 64
NUM. SPECTRAL TILES    : 24

NUM. OF X PIXELS (EXT) : 1024
NUM. OF Y PIXELS (EXT) : 1024
NUM. OF ANGLES (EXT)   : 384
NUM. OF RHOS (EXT)     : 1024

NUM. OF PIXELS (EXT)   : 1048576
NUM. OF RAYS (EXT)     : 393216

NUMBER OF PROCESSES    : 1
NUMBER OF THRD./PROC.  : 24

INTEGER: 4, FLOAT: 4, LONG: 8, SHORT: 2, POINTER: 8
APPROX. MEMORY     TOTAL: 8.789062e+00 GB
APPROX. MEMORY PER PROC.: 8.789062e+00 GB

X START       : -5.120000e+02
Y START       : -5.120000e+02
PIXEL SIZE    : 1.000000e+00
RHO START     : -5.120000e+02
RAY LENGTH    : 2.048000e+03

SPATIAL INDEXING       : 5
SPECTRAL INDEXING      : 5
 1: CARTESIAN, NATURAL
 2: CARTESIAN, TRANSPOSED
 3: MORTON, NATURAL
 4: MORTON, TRANSPOSED
PROJECTION BLOCK SIZE      : 512
BACKPROJECTION BLOCK SIZE  : 512
PROJECTION BUFFER SIZE      : 48 KB
BACKPROJECTION BUFFER SIZE  : 48 KB

SINOGRAM FILE : ../../../../datasets/CDS2_sinogram.bin
   THETA FILE : ../../../../datasets/CDS2_theta.bin
  OUTPUT FILE : ../../output/single_gpu/ip-0A00000F/v100.24.CDS2.128.128.512.512.48.48.bin


PLACE TILES
lspat 8 lspatdim 8
lspec 8 lspecdim 8
MPI PARTITIONING
proc: 0 numspats: 64 numpixs: 1048576 numspecs: 24 numrays: 393216
maxnumpix: 1048576 maxnumray: 393216
FILL PIXELS AND RAYS
INPUT THETA DATA
DOMAIN PARTITIONING
myid 0 raynuminc 384000/384000 raynumout 384000/384000

CONSTRUCT PROJECTION MATRIX
CSR STORAGE: 470024030 (3.501952 GB) rownzmax 2046
RAY-TRACING TIME: 2.384729e+00
CONSTRUCT BACKPROJECTION MATRIX
CSR STORAGE: 470024030 (3.501952 GB) rownzmax 607
TRANSPOSITION TIME: 7.642271e-01

BLOCKING PROJECTION MATRIX
NUMBER OF BLOCKS: 750 BUFFSIZE: 12288
NUMBER OF BUFFERS: 3338 AVERAGE BUFF/BLOCK: 4.450667 MAX BUFF/BLOCK: 7
BUFF MAP: 41017344 (0.152802 GB)
ELLPACK STORAGE: 601530368 (3.361313 GB) buffnzmax: 714 STORAGE EFFICIENCY: 1.172071 DATA REUSE: 13.194256
BLOCKING TIME: 1.443289e+00
BLOCKING BACKPROJECTION MATRIX
NUMBER OF BLOCKS: 2048 BUFFSIZE: 12288
NUMBER OF BUFFERS: 2048 AVERAGE BUFF/BLOCK: 1.000000 MAX BUFF/BLOCK: 1
BUFF MAP: 25165824 (0.093750 GB)
ELLPACK STORAGE: 499561984 (2.791520 GB) buffnzmax: 607 STORAGE EFFICIENCY: 1.411308 DATA REUSE: 21.334789
BLOCKING TIME: 1.224878e+00

FILL PROJECTION MATRIX
TIME: 2.071735e+00
FILL BACKPROJECTION MATRIX
TIME: 2.439152e+00
REDUCTION MAPPINGS
PREPROCESSING TIME: 1.033083e+01
myid: 0 device: 0

Device Count: 1
Device 0 name: -280656304
Computational Capabilities: 7, 0
Maximum global memory size: 16945512448
Maximum constant memory size: 65536
Maximum shared memory size per block: 49152
Maximum block dimensions: 1024x1024x64
Maximum grid dimensions: 2147483647x65535x65535
Maximum threads per block: 1024
Warp size: 32

PROC 0 TOTAL GPU MEMORY: 9.073503 GB
INPUT MEASUREMENT DATA
INPUT ENDS
GRADIENT-DESCENT OPTIMIZATION
iter: 0 error: 5.498393e+04 gradnorm: 1.963864e+10
iter: 1 error: 3.375401e+03 gradnorm: 2.933218e+08
iter: 2 error: 1.127913e+03 gradnorm: 5.687498e+07
iter: 3 error: 4.702542e+02 gradnorm: 1.895868e+07
iter: 4 error: 3.071300e+02 gradnorm: 8.957445e+06
iter: 5 error: 2.100907e+02 gradnorm: 2.580058e+06
iter: 6 error: 1.482711e+02 gradnorm: 1.226209e+06
iter: 7 error: 1.195227e+02 gradnorm: 1.059180e+06
iter: 8 error: 9.902809e+01 gradnorm: 9.590355e+05
iter: 9 error: 9.160651e+01 gradnorm: 1.336557e+06
iter: 10 error: 7.638821e+01 gradnorm: 4.608627e+05
iter: 11 error: 6.296141e+01 gradnorm: 3.333474e+05
iter: 12 error: 5.228047e+01 gradnorm: 2.624440e+05
iter: 13 error: 4.623236e+01 gradnorm: 2.832515e+05
iter: 14 error: 4.087199e+01 gradnorm: 2.441492e+05
iter: 15 error: 3.865960e+01 gradnorm: 1.768939e+05
iter: 16 error: 3.377760e+01 gradnorm: 1.091969e+05
iter: 17 error: 3.071632e+01 gradnorm: 8.135029e+04
iter: 18 error: 2.834941e+01 gradnorm: 1.858456e+05
iter: 19 error: 2.746136e+01 gradnorm: 8.102474e+04
iter: 20 error: 2.639230e+01 gradnorm: 6.904090e+04
iter: 21 error: 2.497102e+01 gradnorm: 5.031910e+04
iter: 22 error: 2.403986e+01 gradnorm: 3.830052e+04
iter: 23 error: 2.319415e+01 gradnorm: 2.517085e+04
iter: 24 error: 2.231761e+01 gradnorm: 1.774064e+04
recon: 4.144648e-01 proj: 2.675099e-01 (2.241178e-01 1.837980e-02 7.199767e-03) backproj: 1.139432e-01 (3.838876e-03 9.093905e-03 9.251680e-02) ctime: 3.295922e-02 wtime: 2.199800e-05
numproj: 49 numback: 25
proj: 2.241178e-01 s (205.527407 GFLOPS) backproj: 9.251680e-02 s (254.020908 GFLOPS) avGFLOPS: 219.696620 totGFLOPS: 219.696620
proj: 824.964856 GB/s back: 837.154766 GB/s av: 828.526600 GB/s tot: 828.526600 GB/s
Total Time: 1.205906e+01
