NUM. THETA             : 750
NUM. RHO               : 512
NUM. X PIXELS          : 512
NUM. Y PIXELS          : 512

NUM. OF PIXELS         : 262144
NUM. OF RAYS           : 384000

NUM. ITERATIONS        : 24

SPATIAL TILE SIZE      : 128
SPECTRAL TILE SIZE     : 128

NUMBER OF X TILES      : 4
NUMBER OF Y TILES      : 4
NUM. OF THETA TILES    : 6
NUM. OF RHO TILES      : 4

NUM. SPATIAL TILES     : 16
NUM. SPECTRAL TILES    : 24

NUM. OF X PIXELS (EXT) : 512
NUM. OF Y PIXELS (EXT) : 512
NUM. OF ANGLES (EXT)   : 768
NUM. OF RHOS (EXT)     : 512

NUM. OF PIXELS (EXT)   : 262144
NUM. OF RAYS (EXT)     : 393216

NUMBER OF PROCESSES    : 1
NUMBER OF THRD./PROC.  : 12

INTEGER: 4, FLOAT: 4, LONG: 8, SHORT: 2, POINTER: 8
APPROX. MEMORY     TOTAL: 4.394531e+00 GB
APPROX. MEMORY PER PROC.: 4.394531e+00 GB

X START       : -2.560000e+02
Y START       : -2.560000e+02
PIXEL SIZE    : 1.000000e+00
RHO START     : -2.560000e+02
RAY LENGTH    : 1.024000e+03

SPATIAL INDEXING       : 5
SPECTRAL INDEXING      : 5
 1: CARTESIAN, NATURAL
 2: CARTESIAN, TRANSPOSED
 3: MORTON, NATURAL
 4: MORTON, TRANSPOSED
PROJECTION BLOCK SIZE      : 512
BACKPROJECTION BLOCK SIZE  : 512
PROJECTION BUFFER SIZE      : 48 KB
BACKPROJECTION BUFFER SIZE  : 48 KB

SINOGRAM FILE : ../../../../datasets/CDS1_sinogram.bin
   THETA FILE : ../../../../datasets/CDS1_theta.bin
  OUTPUT FILE : ../../output/single_gpu/ip-0A00000F/v100.12.CDS1.128.128.512.512.48.48.bin


PLACE TILES
lspat 4 lspatdim 4
lspec 6 lspecdim 8
MPI PARTITIONING
proc: 0 numspats: 16 numpixs: 262144 numspecs: 24 numrays: 393216
maxnumpix: 262144 maxnumray: 393216
FILL PIXELS AND RAYS
INPUT THETA DATA
DOMAIN PARTITIONING
myid 0 raynuminc 384000/384000 raynumout 384000/384000

CONSTRUCT PROJECTION MATRIX
CSR STORAGE: 235011121 (1.750969 GB) rownzmax 1022
RAY-TRACING TIME: 1.133567e+00
CONSTRUCT BACKPROJECTION MATRIX
CSR STORAGE: 235011121 (1.750969 GB) rownzmax 1092
TRANSPOSITION TIME: 3.233539e-01

BLOCKING PROJECTION MATRIX
NUMBER OF BLOCKS: 750 BUFFSIZE: 12288
NUMBER OF BUFFERS: 1416 AVERAGE BUFF/BLOCK: 1.888000 MAX BUFF/BLOCK: 3
BUFF MAP: 17399808 (0.064819 GB)
ELLPACK STORAGE: 272871424 (1.524788 GB) buffnzmax: 693 STORAGE EFFICIENCY: 1.291878 DATA REUSE: 17.633121
BLOCKING TIME: 5.861999e-01
BLOCKING BACKPROJECTION MATRIX
NUMBER OF BLOCKS: 512 BUFFSIZE: 12288
NUMBER OF BUFFERS: 1020 AVERAGE BUFF/BLOCK: 1.992188 MAX BUFF/BLOCK: 2
BUFF MAP: 12533760 (0.046692 GB)
ELLPACK STORAGE: 260354048 (1.454842 GB) buffnzmax: 746 STORAGE EFFICIENCY: 1.353990 DATA REUSE: 21.340651
BLOCKING TIME: 5.907783e-01

FILL PROJECTION MATRIX
TIME: 1.022525e+00
FILL BACKPROJECTION MATRIX
TIME: 1.275031e+00
REDUCTION MAPPINGS
PREPROCESSING TIME: 4.934043e+00
myid: 0 device: 0

Device Count: 1
Device 0 name: 687361056
Computational Capabilities: 7, 0
Maximum global memory size: 16945512448
Maximum constant memory size: 65536
Maximum shared memory size per block: 49152
Maximum block dimensions: 1024x1024x64
Maximum grid dimensions: 2147483647x65535x65535
Maximum threads per block: 1024
Warp size: 32

PROC 0 TOTAL GPU MEMORY: 4.385553 GB
INPUT MEASUREMENT DATA
INPUT ENDS
GRADIENT-DESCENT OPTIMIZATION
iter: 0 error: 4.958979e+04 gradnorm: 1.560966e+10
iter: 1 error: 5.316505e+03 gradnorm: 4.760834e+08
iter: 2 error: 5.074574e+02 gradnorm: 1.604494e+07
iter: 3 error: 2.940082e+02 gradnorm: 8.082360e+06
iter: 4 error: 1.716257e+02 gradnorm: 1.353848e+06
iter: 5 error: 1.154564e+02 gradnorm: 6.269994e+05
iter: 6 error: 8.990897e+01 gradnorm: 9.183141e+05
iter: 7 error: 8.320319e+01 gradnorm: 1.042790e+06
iter: 8 error: 7.159060e+01 gradnorm: 4.253969e+05
iter: 9 error: 5.778325e+01 gradnorm: 2.256078e+05
iter: 10 error: 4.873885e+01 gradnorm: 1.925933e+05
iter: 11 error: 4.173161e+01 gradnorm: 1.107440e+05
iter: 12 error: 3.780797e+01 gradnorm: 2.052495e+05
iter: 13 error: 3.512558e+01 gradnorm: 2.009843e+05
iter: 14 error: 3.392236e+01 gradnorm: 1.419585e+05
iter: 15 error: 3.111979e+01 gradnorm: 5.982800e+04
iter: 16 error: 2.842666e+01 gradnorm: 5.471255e+04
iter: 17 error: 2.682945e+01 gradnorm: 4.558060e+04
iter: 18 error: 2.524045e+01 gradnorm: 2.668795e+04
iter: 19 error: 2.397187e+01 gradnorm: 3.364959e+04
iter: 20 error: 2.364764e+01 gradnorm: 6.459139e+04
iter: 21 error: 2.280087e+01 gradnorm: 1.502213e+04
iter: 22 error: 2.188952e+01 gradnorm: 1.230221e+04
iter: 23 error: 2.129934e+01 gradnorm: 1.865127e+04
iter: 24 error: 2.104080e+01 gradnorm: 1.182795e+04
recon: 2.119885e-01 proj: 1.317498e-01 (1.015500e-01 1.789836e-02 7.062849e-03) backproj: 6.392563e-02 (3.841565e-03 9.113073e-03 4.848768e-02) ctime: 1.627482e-02 wtime: 1.339900e-05
numproj: 49 numback: 25
proj: 1.015500e-01 s (226.795459 GFLOPS) backproj: 4.848768e-02 s (242.341067 GFLOPS) avGFLOPS: 231.819332 totGFLOPS: 231.819332
proj: 823.579725 GB/s back: 831.272673 GB/s av: 826.065855 GB/s tot: 826.065855 GB/s
Total Time: 5.990807e+00
