NUM. THETA             : 750
NUM. RHO               : 512
NUM. X PIXELS          : 512
NUM. Y PIXELS          : 512

NUM. OF PIXELS         : 262144
NUM. OF RAYS           : 384000

NUM. ITERATIONS        : 24

SPATIAL TILE SIZE      : 128
SPECTRAL TILE SIZE     : 128

NUMBER OF X TILES      : 4
NUMBER OF Y TILES      : 4
NUM. OF THETA TILES    : 6
NUM. OF RHO TILES      : 4

NUM. SPATIAL TILES     : 16
NUM. SPECTRAL TILES    : 24

NUM. OF X PIXELS (EXT) : 512
NUM. OF Y PIXELS (EXT) : 512
NUM. OF ANGLES (EXT)   : 768
NUM. OF RHOS (EXT)     : 512

NUM. OF PIXELS (EXT)   : 262144
NUM. OF RAYS (EXT)     : 393216

NUMBER OF PROCESSES    : 1
NUMBER OF THRD./PROC.  : 24

INTEGER: 4, FLOAT: 4, LONG: 8, SHORT: 2, POINTER: 8
APPROX. MEMORY     TOTAL: 4.394531e+00 GB
APPROX. MEMORY PER PROC.: 4.394531e+00 GB

X START       : -2.560000e+02
Y START       : -2.560000e+02
PIXEL SIZE    : 1.000000e+00
RHO START     : -2.560000e+02
RAY LENGTH    : 1.024000e+03

SPATIAL INDEXING       : 5
SPECTRAL INDEXING      : 5
 1: CARTESIAN, NATURAL
 2: CARTESIAN, TRANSPOSED
 3: MORTON, NATURAL
 4: MORTON, TRANSPOSED
PROJECTION BLOCK SIZE      : 128
BACKPROJECTION BLOCK SIZE  : 128
PROJECTION BUFFER SIZE      : 8 KB
BACKPROJECTION BUFFER SIZE  : 8 KB

SINOGRAM FILE : ../../../../datasets/ADS2_sinogram.bin
   THETA FILE : ../../../../datasets/ADS2_theta.bin
  OUTPUT FILE : ../../output/single_gpu/gorgon1/v100.24.ADS2.128.128.128.128.8.8.bin


PLACE TILES
lspat 4 lspatdim 4
lspec 6 lspecdim 8
MPI PARTITIONING
proc: 0 numspats: 16 numpixs: 262144 numspecs: 24 numrays: 393216
maxnumpix: 262144 maxnumray: 393216
FILL PIXELS AND RAYS
INPUT THETA DATA
DOMAIN PARTITIONING
myid 0 raynuminc 384000/384000 raynumout 384000/384000

CONSTRUCT PROJECTION MATRIX
CSR STORAGE: 235012144 (1.750977 GB) rownzmax 1022
RAY-TRACING TIME: 1.526093e+00
CONSTRUCT BACKPROJECTION MATRIX
CSR STORAGE: 235012144 (1.750977 GB) rownzmax 1092
TRANSPOSITION TIME: 1.873329e-01

BLOCKING PROJECTION MATRIX
NUMBER OF BLOCKS: 3000 BUFFSIZE: 2048
NUMBER OF BUFFERS: 14550 AVERAGE BUFF/BLOCK: 4.850000 MAX BUFF/BLOCK: 8
BUFF MAP: 29798400 (0.111008 GB)
ELLPACK STORAGE: 287811712 (1.608273 GB) buffnzmax: 312 STORAGE EFFICIENCY: 1.224822 DATA REUSE: 8.919461
BLOCKING TIME: 2.523110e-01
BLOCKING BACKPROJECTION MATRIX
NUMBER OF BLOCKS: 2048 BUFFSIZE: 2048
NUMBER OF BUFFERS: 11664 AVERAGE BUFF/BLOCK: 5.695312 MAX BUFF/BLOCK: 6
BUFF MAP: 23887872 (0.088989 GB)
ELLPACK STORAGE: 273891712 (1.530489 GB) buffnzmax: 456 STORAGE EFFICIENCY: 1.287071 DATA REUSE: 10.667567
BLOCKING TIME: 2.989051e-01

FILL PROJECTION MATRIX
TIME: 5.583808e-01
FILL BACKPROJECTION MATRIX
TIME: 7.598400e-01
REDUCTION MAPPINGS
PREPROCESSING TIME: 3.587649e+00
myid: 0 device: 0

Device Count: 1
Device 0 name: -197853136
Computational Capabilities: 7, 0
Maximum global memory size: 16945512448
Maximum constant memory size: 65536
Maximum shared memory size per block: 49152
Maximum block dimensions: 1024x1024x64
Maximum grid dimensions: 2147483647x65535x65535
Maximum threads per block: 1024
Warp size: 32

PROC 0 TOTAL GPU MEMORY: 4.708498 GB
INPUT MEASUREMENT DATA
INPUT ENDS
GRADIENT-DESCENT OPTIMIZATION
iter: 0 error: 1.926981e+09 gradnorm: 4.059989e+14
iter: 1 error: 6.127070e+08 gradnorm: 5.319121e+13
iter: 2 error: 1.166508e+08 gradnorm: 6.856450e+12
iter: 3 error: 3.920466e+07 gradnorm: 1.622120e+12
iter: 4 error: 1.373287e+07 gradnorm: 3.565781e+11
iter: 5 error: 5.039986e+06 gradnorm: 8.952029e+10
iter: 6 error: 2.424824e+06 gradnorm: 4.636493e+10
iter: 7 error: 1.522165e+06 gradnorm: 4.154008e+10
iter: 8 error: 1.292791e+06 gradnorm: 2.971522e+10
iter: 9 error: 7.720033e+05 gradnorm: 9.793165e+09
iter: 10 error: 4.303458e+05 gradnorm: 3.285569e+09
iter: 11 error: 2.742052e+05 gradnorm: 2.447143e+09
iter: 12 error: 1.878860e+05 gradnorm: 1.711910e+09
iter: 13 error: 1.245524e+05 gradnorm: 9.665677e+08
iter: 14 error: 1.078353e+05 gradnorm: 1.843433e+09
iter: 15 error: 9.384834e+04 gradnorm: 1.618033e+09
iter: 16 error: 7.694305e+04 gradnorm: 4.861295e+08
iter: 17 error: 5.414516e+04 gradnorm: 3.113205e+08
iter: 18 error: 4.008732e+04 gradnorm: 2.085675e+08
iter: 19 error: 2.958060e+04 gradnorm: 1.152904e+08
iter: 20 error: 2.182265e+04 gradnorm: 1.030460e+08
iter: 21 error: 1.731229e+04 gradnorm: 1.288449e+08
iter: 22 error: 1.643245e+04 gradnorm: 1.462563e+08
iter: 23 error: 1.417547e+04 gradnorm: 8.630906e+07
iter: 24 error: 1.160775e+04 gradnorm: 4.221324e+07
recon: 2.325332e-01 proj: 1.481729e-01 (1.114686e-01 2.134585e-02 7.063150e-03) backproj: 7.302499e-02 (5.966663e-03 1.099992e-02 5.358346e-02) ctime: 1.123309e-02 wtime: 6.699562e-05
numproj: 49 numback: 25
proj: 1.114686e-01 s (206.615931 GFLOPS) backproj: 5.358346e-02 s (219.295432 GFLOPS) avGFLOPS: 210.732278 totGFLOPS: 210.732278
proj: 811.503184 GB/s back: 811.305337 GB/s av: 811.438954 GB/s tot: 811.438954 GB/s
Total Time: 5.426443e+00
