NUM. THETA             : 360
NUM. RHO               : 256
NUM. X PIXELS          : 256
NUM. Y PIXELS          : 256

NUM. OF PIXELS         : 65536
NUM. OF RAYS           : 92160

NUM. ITERATIONS        : 24

SPATIAL TILE SIZE      : 128
SPECTRAL TILE SIZE     : 128

NUMBER OF X TILES      : 2
NUMBER OF Y TILES      : 2
NUM. OF THETA TILES    : 3
NUM. OF RHO TILES      : 2

NUM. SPATIAL TILES     : 4
NUM. SPECTRAL TILES    : 6

NUM. OF X PIXELS (EXT) : 256
NUM. OF Y PIXELS (EXT) : 256
NUM. OF ANGLES (EXT)   : 384
NUM. OF RHOS (EXT)     : 256

NUM. OF PIXELS (EXT)   : 65536
NUM. OF RAYS (EXT)     : 98304

NUMBER OF PROCESSES    : 1
NUMBER OF THRD./PROC.  : 24

INTEGER: 4, FLOAT: 4, LONG: 8, SHORT: 2, POINTER: 8
APPROX. MEMORY     TOTAL: 5.273438e-01 GB
APPROX. MEMORY PER PROC.: 5.273438e-01 GB

X START       : -1.280000e+02
Y START       : -1.280000e+02
PIXEL SIZE    : 1.000000e+00
RHO START     : -1.280000e+02
RAY LENGTH    : 5.120000e+02

SPATIAL INDEXING       : 5
SPECTRAL INDEXING      : 5
 1: CARTESIAN, NATURAL
 2: CARTESIAN, TRANSPOSED
 3: MORTON, NATURAL
 4: MORTON, TRANSPOSED
PROJECTION BLOCK SIZE      : 128
BACKPROJECTION BLOCK SIZE  : 128
PROJECTION BUFFER SIZE      : 8 KB
BACKPROJECTION BUFFER SIZE  : 8 KB

SINOGRAM FILE : ../../../../datasets/ADS1_sinogram.bin
   THETA FILE : ../../../../datasets/ADS1_theta.bin
  OUTPUT FILE : ../../output/single_gpu/gorgon1/v100.24.ADS1.128.128.128.128.8.8.bin


PLACE TILES
lspat 2 lspatdim 2
lspec 3 lspecdim 4
MPI PARTITIONING
proc: 0 numspats: 4 numpixs: 65536 numspecs: 6 numrays: 98304
maxnumpix: 65536 maxnumray: 98304
FILL PIXELS AND RAYS
INPUT THETA DATA
DOMAIN PARTITIONING
myid 0 raynuminc 92160/92160 raynumout 92160/92160

CONSTRUCT PROJECTION MATRIX
CSR STORAGE: 28200745 (0.210112 GB) rownzmax 511
RAY-TRACING TIME: 1.306188e-01
CONSTRUCT BACKPROJECTION MATRIX
CSR STORAGE: 28200745 (0.210112 GB) rownzmax 524
TRANSPOSITION TIME: 2.389097e-02

BLOCKING PROJECTION MATRIX
NUMBER OF BLOCKS: 720 BUFFSIZE: 2048
NUMBER OF BUFFERS: 1942 AVERAGE BUFF/BLOCK: 2.697222 MAX BUFF/BLOCK: 4
BUFF MAP: 3977216 (0.014816 GB)
ELLPACK STORAGE: 34655744 (0.193654 GB) buffnzmax: 263 STORAGE EFFICIENCY: 1.220609 DATA REUSE: 8.812000
BLOCKING TIME: 2.748513e-02
BLOCKING BACKPROJECTION MATRIX
NUMBER OF BLOCKS: 512 BUFFSIZE: 2048
NUMBER OF BUFFERS: 1468 AVERAGE BUFF/BLOCK: 2.867188 MAX BUFF/BLOCK: 3
BUFF MAP: 3006464 (0.011200 GB)
ELLPACK STORAGE: 32418688 (0.181154 GB) buffnzmax: 288 STORAGE EFFICIENCY: 1.304837 DATA REUSE: 10.670145
BLOCKING TIME: 2.500510e-02

FILL PROJECTION MATRIX
TIME: 6.711388e-02
FILL BACKPROJECTION MATRIX
TIME: 8.866978e-02
REDUCTION MAPPINGS
PREPROCESSING TIME: 3.634062e-01
myid: 0 device: 0

Device Count: 1
Device 0 name: -101409616
Computational Capabilities: 7, 0
Maximum global memory size: 16945512448
Maximum constant memory size: 65536
Maximum shared memory size per block: 49152
Maximum block dimensions: 1024x1024x64
Maximum grid dimensions: 2147483647x65535x65535
Maximum threads per block: 1024
Warp size: 32

PROC 0 TOTAL GPU MEMORY: 0.564549 GB
INPUT MEASUREMENT DATA
INPUT ENDS
GRADIENT-DESCENT OPTIMIZATION
iter: 0 error: 2.235910e+08 gradnorm: 1.319810e+13
iter: 1 error: 5.746499e+07 gradnorm: 1.082451e+12
iter: 2 error: 7.825116e+06 gradnorm: 8.191757e+10
iter: 3 error: 1.580174e+06 gradnorm: 8.642858e+09
iter: 4 error: 5.867173e+05 gradnorm: 3.836445e+09
iter: 5 error: 2.986147e+05 gradnorm: 1.314577e+09
iter: 6 error: 1.241647e+05 gradnorm: 2.967723e+08
iter: 7 error: 9.955334e+04 gradnorm: 1.284562e+09
iter: 8 error: 5.117045e+04 gradnorm: 1.345334e+08
iter: 9 error: 3.220286e+04 gradnorm: 5.878813e+07
iter: 10 error: 1.943894e+04 gradnorm: 4.016528e+07
iter: 11 error: 1.185028e+04 gradnorm: 1.646509e+07
iter: 12 error: 7.942348e+03 gradnorm: 3.275102e+07
iter: 13 error: 7.374001e+03 gradnorm: 1.274426e+07
iter: 14 error: 5.194242e+03 gradnorm: 1.069598e+07
iter: 15 error: 4.456302e+03 gradnorm: 1.023261e+07
iter: 16 error: 3.356576e+03 gradnorm: 3.867152e+06
iter: 17 error: 2.477608e+03 gradnorm: 2.125652e+06
iter: 18 error: 1.866451e+03 gradnorm: 5.332968e+06
iter: 19 error: 1.738967e+03 gradnorm: 3.925284e+06
iter: 20 error: 1.545797e+03 gradnorm: 1.732804e+06
iter: 21 error: 1.210206e+03 gradnorm: 8.656842e+05
iter: 22 error: 1.047742e+03 gradnorm: 1.597137e+06
iter: 23 error: 8.748837e+02 gradnorm: 5.639383e+05
iter: 24 error: 6.941733e+02 gradnorm: 6.420011e+05
recon: 5.590820e-02 proj: 2.836823e-02 (1.539533e-02 7.376194e-03 2.467632e-03) backproj: 1.393771e-02 (2.336740e-03 3.623962e-03 6.827680e-03) ctime: 1.344132e-02 wtime: 9.250641e-05
numproj: 49 numback: 25
proj: 1.539533e-02 s (179.513748 GFLOPS) backproj: 6.827680e-03 s (206.517772 GFLOPS) avGFLOPS: 187.810323 totGFLOPS: 187.810323
proj: 712.444917 GB/s back: 756.252439 GB/s av: 725.904110 GB/s tot: 725.904110 GB/s
Total Time: 1.484211e+00
