NUM. THETA             : 360
NUM. RHO               : 256
NUM. X PIXELS          : 256
NUM. Y PIXELS          : 256

NUM. OF PIXELS         : 65536
NUM. OF RAYS           : 92160

NUM. ITERATIONS        : 24

SPATIAL TILE SIZE      : 32
SPECTRAL TILE SIZE     : 32

NUMBER OF X TILES      : 8
NUMBER OF Y TILES      : 8
NUM. OF THETA TILES    : 12
NUM. OF RHO TILES      : 8

NUM. SPATIAL TILES     : 64
NUM. SPECTRAL TILES    : 96

NUM. OF X PIXELS (EXT) : 256
NUM. OF Y PIXELS (EXT) : 256
NUM. OF ANGLES (EXT)   : 384
NUM. OF RHOS (EXT)     : 256

NUM. OF PIXELS (EXT)   : 65536
NUM. OF RAYS (EXT)     : 98304

NUMBER OF PROCESSES    : 16
NUMBER OF THRD./PROC.  : 1

INTEGER: 4, FLOAT: 4, LONG: 8, SHORT: 2, POINTER: 8
APPROX. MEMORY     TOTAL: 5.273438e-01 GB
APPROX. MEMORY PER PROC.: 3.295898e-02 GB

X START       : -1.280000e+02
Y START       : -1.280000e+02
PIXEL SIZE    : 1.000000e+00
RHO START     : -1.280000e+02
RAY LENGTH    : 5.120000e+02

SPATIAL INDEXING       : 5
SPECTRAL INDEXING      : 5
 1: CARTESIAN, NATURAL
 2: CARTESIAN, TRANSPOSED
 3: MORTON, NATURAL
 4: MORTON, TRANSPOSED
 5: HILBERT
PROJECTION BLOCK SIZE      : 128
BACKPROJECTION BLOCK SIZE  : 128
PROJECTION BUFFER SIZE      : 8 KB
BACKPROJECTION BUFFER SIZE  : 8 KB

SINOGRAM FILE : ../../../datasets/ADS1_sinogram.bin
   THETA FILE : ../../../datasets/ADS1_theta.bin
  OUTPUT FILE : ./recon.ADS1.bin


PLACE TILES
lspat 8 lspatdim 8
lspec 12 lspecdim 16
MPI PARTITIONING
proc: 0 numspats: 4 numpixs: 4096 numspecs: 6 numrays: 6144
proc: 1 numspats: 4 numpixs: 4096 numspecs: 6 numrays: 6144
proc: 2 numspats: 4 numpixs: 4096 numspecs: 6 numrays: 6144
proc: 3 numspats: 4 numpixs: 4096 numspecs: 6 numrays: 6144
proc: 4 numspats: 4 numpixs: 4096 numspecs: 6 numrays: 6144
proc: 5 numspats: 4 numpixs: 4096 numspecs: 6 numrays: 6144
proc: 6 numspats: 4 numpixs: 4096 numspecs: 6 numrays: 6144
proc: 7 numspats: 4 numpixs: 4096 numspecs: 6 numrays: 6144
proc: 8 numspats: 4 numpixs: 4096 numspecs: 6 numrays: 6144
proc: 9 numspats: 4 numpixs: 4096 numspecs: 6 numrays: 6144
proc: 10 numspats: 4 numpixs: 4096 numspecs: 6 numrays: 6144
proc: 11 numspats: 4 numpixs: 4096 numspecs: 6 numrays: 6144
proc: 12 numspats: 4 numpixs: 4096 numspecs: 6 numrays: 6144
proc: 13 numspats: 4 numpixs: 4096 numspecs: 6 numrays: 6144
proc: 14 numspats: 4 numpixs: 4096 numspecs: 6 numrays: 6144
proc: 15 numspats: 4 numpixs: 4096 numspecs: 6 numrays: 6144
maxnumpix: 4096 maxnumray: 6144
FILL PIXELS AND RAYS
INPUT THETA DATA
DOMAIN PARTITIONING

CONSTRUCT PROJECTION MATRIX
CSR STORAGE: 28200752 (0.210112 GB) rownzmax 127
RAY-TRACING TIME: 1.042861e-01
CONSTRUCT BACKPROJECTION MATRIX
CSR STORAGE: 28200752 (0.210112 GB) rownzmax 511
TRANSPOSITION TIME: 4.513737e-02

BLOCKING PROJECTION MATRIX
NUMBER OF BLOCKS: 181 BUFFSIZE: 2048
NUMBER OF BUFFERS: 185 AVERAGE BUFF/BLOCK: 1.022099 MAX BUFF/BLOCK: 2
BUFFER MAP: 3320770 (0.012371 GB)
CSR STORAGE: 28200752 (0.157584 GB) buffnzmax: 127 STORAGE EFFICIENCY: 0.078104 DATA REUSE: 7.341426
BLOCKING TIME: 2.439372e-02
BLOCKING BACKPROJECTION MATRIX
NUMBER OF BLOCKS: 32 BUFFSIZE: 2048
NUMBER OF BUFFERS: 80 AVERAGE BUFF/BLOCK: 2.500000 MAX BUFF/BLOCK: 3
BUFFER MAP: 2642958 (0.009846 GB)
CSR STORAGE: 28200752 (0.157584 GB) buffnzmax: 279 STORAGE EFFICIENCY: 0.078104 DATA REUSE: 10.617872
BLOCKING TIME: 2.355118e-02

FILL PROJECTION MATRIX
TIME: 5.755849e-02
FILL BACKPROJECTION MATRIX
TIME: 6.578353e-02
REDUCTION MAPPINGS
PREPROCESSING TIME: 3.544997e-01
INPUT MEASUREMENT DATA
INPUT ENDS
GRADIENT-DESCENT OPTIMIZATION
iter: 0 error: 2.235910e+08 gradnorm: 1.319810e+13
iter: 1 error: 5.746498e+07 gradnorm: 1.082450e+12
iter: 2 error: 7.825114e+06 gradnorm: 8.191753e+10
iter: 3 error: 1.580174e+06 gradnorm: 8.642855e+09
iter: 4 error: 5.867170e+05 gradnorm: 3.836436e+09
iter: 5 error: 2.986119e+05 gradnorm: 1.314363e+09
iter: 6 error: 1.238900e+05 gradnorm: 2.735325e+08
iter: 7 error: 7.522915e+04 gradnorm: 1.323144e+09
iter: 8 error: 5.110340e+04 gradnorm: 1.394373e+08
iter: 9 error: 3.220275e+04 gradnorm: 5.879593e+07
iter: 10 error: 1.943893e+04 gradnorm: 4.016506e+07
iter: 11 error: 1.184951e+04 gradnorm: 1.640309e+07
iter: 12 error: 7.646453e+03 gradnorm: 1.019575e+07
iter: 13 error: 5.575848e+03 gradnorm: 2.472884e+07
iter: 14 error: 5.074497e+03 gradnorm: 1.189903e+07
iter: 15 error: 4.308222e+03 gradnorm: 1.214454e+07
iter: 16 error: 3.353687e+03 gradnorm: 3.936428e+06
iter: 17 error: 2.474650e+03 gradnorm: 2.069639e+06
iter: 18 error: 1.734645e+03 gradnorm: 1.461804e+06
iter: 19 error: 1.352577e+03 gradnorm: 1.787976e+06
iter: 20 error: 1.234573e+03 gradnorm: 2.576276e+06
iter: 21 error: 1.175974e+03 gradnorm: 1.376112e+06
iter: 22 error: 9.284747e+02 gradnorm: 6.220729e+05
iter: 23 error: 7.893871e+02 gradnorm: 1.183214e+06
iter: 24 error: 6.862523e+02 gradnorm: 4.308421e+05
recon: 1.722330e-01 proj: 1.173372e-01 (1.051053e-01 7.999093e-03 4.219290e-03) backproj: 5.282734e-02 (8.613379e-04 2.905839e-03 4.905516e-02) ctime: 1.469700e-03 wtime: 4.382576e-04
numproj: 49 numback: 25
proj: 1.681714e+00 s (1.643367 GFLOPS) backproj: 7.848613e-01 s (1.796544 GFLOPS) avGFLOPS: 1.692107 totGFLOPS: 27.073720
proj: 5.317129 GB/s back: 5.726373 GB/s av: 5.447350 GB/s tot: 87.157595 GB/s
Total Time: 5.584469e-01
