NUM. THETA             : 750
NUM. RHO               : 512
NUM. X PIXELS          : 512
NUM. Y PIXELS          : 512

NUM. OF PIXELS         : 262144
NUM. OF RAYS           : 384000

NUM. ITERATIONS        : 24

SPATIAL TILE SIZE      : 512
SPECTRAL TILE SIZE     : 512

NUMBER OF X TILES      : 1
NUMBER OF Y TILES      : 1
NUM. OF THETA TILES    : 2
NUM. OF RHO TILES      : 1

NUM. SPATIAL TILES     : 1
NUM. SPECTRAL TILES    : 2

NUM. OF X PIXELS (EXT) : 512
NUM. OF Y PIXELS (EXT) : 512
NUM. OF ANGLES (EXT)   : 1024
NUM. OF RHOS (EXT)     : 512

NUM. OF PIXELS (EXT)   : 262144
NUM. OF RAYS (EXT)     : 524288

NUMBER OF PROCESSES    : 1
NUMBER OF THRD./PROC.  : 6

INTEGER: 4, FLOAT: 4, LONG: 8, SHORT: 2, POINTER: 8
APPROX. MEMORY     TOTAL: 4.394531e+00 GB
APPROX. MEMORY PER PROC.: 4.394531e+00 GB

X START       : -2.560000e+02
Y START       : -2.560000e+02
PIXEL SIZE    : 1.000000e+00
RHO START     : -2.560000e+02
RAY LENGTH    : 1.024000e+03

SPATIAL INDEXING       : 5
SPECTRAL INDEXING      : 5
 1: CARTESIAN, NATURAL
 2: CARTESIAN, TRANSPOSED
 3: MORTON, NATURAL
 4: MORTON, TRANSPOSED
PROJECTION BLOCK SIZE      : 512
BACKPROJECTION BLOCK SIZE  : 512
PROJECTION BUFFER SIZE      : 48 KB
BACKPROJECTION BUFFER SIZE  : 48 KB

SINOGRAM FILE : ../../../../datasets/CDS1_sinogram.bin
   THETA FILE : ../../../../datasets/CDS1_theta.bin
  OUTPUT FILE : ../../output/single_gpu/ip-0A00000A/v100.6.CDS1.512.512.512.512.48.48.bin


PLACE TILES
lspat 1 lspatdim 1
lspec 2 lspecdim 2
MPI PARTITIONING
proc: 0 numspats: 1 numpixs: 262144 numspecs: 2 numrays: 524288
maxnumpix: 262144 maxnumray: 524288
FILL PIXELS AND RAYS
INPUT THETA DATA
DOMAIN PARTITIONING
myid 0 raynuminc 384000/384000 raynumout 384000/384000

CONSTRUCT PROJECTION MATRIX
CSR STORAGE: 235011336 (1.750971 GB) rownzmax 1022
RAY-TRACING TIME: 2.373848e+00
CONSTRUCT BACKPROJECTION MATRIX
CSR STORAGE: 235011336 (1.750971 GB) rownzmax 1092
TRANSPOSITION TIME: 5.635734e-01

BLOCKING PROJECTION MATRIX
NUMBER OF BLOCKS: 750 BUFFSIZE: 12288
NUMBER OF BUFFERS: 1410 AVERAGE BUFF/BLOCK: 1.880000 MAX BUFF/BLOCK: 3
BUFF MAP: 17326080 (0.064545 GB)
ELLPACK STORAGE: 273400320 (1.527743 GB) buffnzmax: 647 STORAGE EFFICIENCY: 1.289380 DATA REUSE: 17.612637
BLOCKING TIME: 1.119709e+00
BLOCKING BACKPROJECTION MATRIX
NUMBER OF BLOCKS: 512 BUFFSIZE: 12288
NUMBER OF BUFFERS: 1020 AVERAGE BUFF/BLOCK: 1.992188 MAX BUFF/BLOCK: 2
BUFF MAP: 12533760 (0.046692 GB)
ELLPACK STORAGE: 263151104 (1.470471 GB) buffnzmax: 742 STORAGE EFFICIENCY: 1.339599 DATA REUSE: 21.340656
BLOCKING TIME: 1.124332e+00

FILL PROJECTION MATRIX
TIME: 2.023386e+00
FILL BACKPROJECTION MATRIX
TIME: 2.505167e+00
REDUCTION MAPPINGS
PREPROCESSING TIME: 9.713190e+00
myid: 0 device: 0

Device Count: 4
Device 0 name: 1775553088
Computational Capabilities: 7, 0
Maximum global memory size: 16945512448
Maximum constant memory size: 65536
Maximum shared memory size per block: 49152
Maximum block dimensions: 1024x1024x64
Maximum grid dimensions: 2147483647x65535x65535
Maximum threads per block: 1024
Warp size: 32

PROC 0 TOTAL GPU MEMORY: 4.411865 GB
INPUT MEASUREMENT DATA
INPUT ENDS
GRADIENT-DESCENT OPTIMIZATION
iter: 0 error: 4.958389e+04 gradnorm: 1.560968e+10
iter: 1 error: 5.316479e+03 gradnorm: 4.760868e+08
iter: 2 error: 5.074505e+02 gradnorm: 1.604528e+07
iter: 3 error: 2.940024e+02 gradnorm: 8.082540e+06
iter: 4 error: 1.716210e+02 gradnorm: 1.354195e+06
iter: 5 error: 1.156219e+02 gradnorm: 6.855066e+05
iter: 6 error: 1.028308e+02 gradnorm: 2.358991e+06
iter: 7 error: 8.529273e+01 gradnorm: 5.827729e+05
iter: 8 error: 7.161263e+01 gradnorm: 4.175736e+05
iter: 9 error: 5.778002e+01 gradnorm: 2.255687e+05
iter: 10 error: 4.873480e+01 gradnorm: 1.925061e+05
iter: 11 error: 4.171944e+01 gradnorm: 1.099148e+05
iter: 12 error: 3.780735e+01 gradnorm: 2.399707e+05
iter: 13 error: 3.580681e+01 gradnorm: 2.430966e+05
iter: 14 error: 3.397450e+01 gradnorm: 1.168321e+05
iter: 15 error: 3.111618e+01 gradnorm: 5.985225e+04
iter: 16 error: 2.842274e+01 gradnorm: 5.462046e+04
iter: 17 error: 2.682591e+01 gradnorm: 4.563127e+04
iter: 18 error: 2.524182e+01 gradnorm: 2.757072e+04
iter: 19 error: 2.437946e+01 gradnorm: 1.131545e+05
iter: 20 error: 2.379216e+01 gradnorm: 2.700323e+04
iter: 21 error: 2.280078e+01 gradnorm: 1.494778e+04
iter: 22 error: 2.190755e+01 gradnorm: 1.450837e+04
iter: 23 error: 2.154351e+01 gradnorm: 2.395312e+04
iter: 24 error: 2.107229e+01 gradnorm: 1.145297e+04
recon: 2.155353e-01 proj: 1.341427e-01 (1.020531e-01 1.776382e-02 9.044655e-03) backproj: 6.533714e-02 (4.886101e-03 9.031952e-03 4.891018e-02) ctime: 1.599884e-02 wtime: 2.329700e-05
numproj: 49 numback: 25
proj: 1.020531e-01 s (225.677746 GFLOPS) backproj: 4.891018e-02 s (240.247895 GFLOPS) avGFLOPS: 230.398289 totGFLOPS: 230.398289
proj: 820.902210 GB/s back: 832.670111 GB/s av: 824.714860 GB/s tot: 824.714860 GB/s
Total Time: 1.101753e+01
