NUM. THETA             : 375
NUM. RHO               : 1024
NUM. X PIXELS          : 1024
NUM. Y PIXELS          : 1024

NUM. OF PIXELS         : 1048576
NUM. OF RAYS           : 384000

NUM. ITERATIONS        : 24

SPATIAL TILE SIZE      : 128
SPECTRAL TILE SIZE     : 128

NUMBER OF X TILES      : 8
NUMBER OF Y TILES      : 8
NUM. OF THETA TILES    : 3
NUM. OF RHO TILES      : 8

NUM. SPATIAL TILES     : 64
NUM. SPECTRAL TILES    : 24

NUM. OF X PIXELS (EXT) : 1024
NUM. OF Y PIXELS (EXT) : 1024
NUM. OF ANGLES (EXT)   : 384
NUM. OF RHOS (EXT)     : 1024

NUM. OF PIXELS (EXT)   : 1048576
NUM. OF RAYS (EXT)     : 393216

NUMBER OF PROCESSES    : 1
NUMBER OF THRD./PROC.  : 12

INTEGER: 4, FLOAT: 4, LONG: 8, SHORT: 2, POINTER: 8
APPROX. MEMORY     TOTAL: 8.789062e+00 GB
APPROX. MEMORY PER PROC.: 8.789062e+00 GB

X START       : -5.120000e+02
Y START       : -5.120000e+02
PIXEL SIZE    : 1.000000e+00
RHO START     : -5.120000e+02
RAY LENGTH    : 2.048000e+03

SPATIAL INDEXING       : 5
SPECTRAL INDEXING      : 5
 1: CARTESIAN, NATURAL
 2: CARTESIAN, TRANSPOSED
 3: MORTON, NATURAL
 4: MORTON, TRANSPOSED
PROJECTION BLOCK SIZE      : 512
BACKPROJECTION BLOCK SIZE  : 512
PROJECTION BUFFER SIZE      : 48 KB
BACKPROJECTION BUFFER SIZE  : 48 KB

SINOGRAM FILE : ../../../../datasets/CDS2_sinogram.bin
   THETA FILE : ../../../../datasets/CDS2_theta.bin
  OUTPUT FILE : ../../output/single_gpu/ip-0A00000F/v100.12.CDS2.128.128.512.512.48.48.bin


PLACE TILES
lspat 8 lspatdim 8
lspec 8 lspecdim 8
MPI PARTITIONING
proc: 0 numspats: 64 numpixs: 1048576 numspecs: 24 numrays: 393216
maxnumpix: 1048576 maxnumray: 393216
FILL PIXELS AND RAYS
INPUT THETA DATA
DOMAIN PARTITIONING
myid 0 raynuminc 384000/384000 raynumout 384000/384000

CONSTRUCT PROJECTION MATRIX
CSR STORAGE: 470024030 (3.501952 GB) rownzmax 2046
RAY-TRACING TIME: 2.370913e+00
CONSTRUCT BACKPROJECTION MATRIX
CSR STORAGE: 470024030 (3.501952 GB) rownzmax 607
TRANSPOSITION TIME: 7.268835e-01

BLOCKING PROJECTION MATRIX
NUMBER OF BLOCKS: 750 BUFFSIZE: 12288
NUMBER OF BUFFERS: 3338 AVERAGE BUFF/BLOCK: 4.450667 MAX BUFF/BLOCK: 7
BUFF MAP: 41017344 (0.152802 GB)
ELLPACK STORAGE: 601530368 (3.361313 GB) buffnzmax: 714 STORAGE EFFICIENCY: 1.172071 DATA REUSE: 13.194256
BLOCKING TIME: 1.431118e+00
BLOCKING BACKPROJECTION MATRIX
NUMBER OF BLOCKS: 2048 BUFFSIZE: 12288
NUMBER OF BUFFERS: 2048 AVERAGE BUFF/BLOCK: 1.000000 MAX BUFF/BLOCK: 1
BUFF MAP: 25165824 (0.093750 GB)
ELLPACK STORAGE: 499561984 (2.791520 GB) buffnzmax: 607 STORAGE EFFICIENCY: 1.411308 DATA REUSE: 21.334789
BLOCKING TIME: 1.208738e+00

FILL PROJECTION MATRIX
TIME: 2.040604e+00
FILL BACKPROJECTION MATRIX
TIME: 2.433284e+00
REDUCTION MAPPINGS
PREPROCESSING TIME: 1.021397e+01
myid: 0 device: 0

Device Count: 1
Device 0 name: -199162624
Computational Capabilities: 7, 0
Maximum global memory size: 16945512448
Maximum constant memory size: 65536
Maximum shared memory size per block: 49152
Maximum block dimensions: 1024x1024x64
Maximum grid dimensions: 2147483647x65535x65535
Maximum threads per block: 1024
Warp size: 32

PROC 0 TOTAL GPU MEMORY: 9.073503 GB
INPUT MEASUREMENT DATA
INPUT ENDS
GRADIENT-DESCENT OPTIMIZATION
iter: 0 error: 5.498397e+04 gradnorm: 1.963862e+10
iter: 1 error: 3.375396e+03 gradnorm: 2.933211e+08
iter: 2 error: 1.127912e+03 gradnorm: 5.687453e+07
iter: 3 error: 4.702536e+02 gradnorm: 1.895876e+07
iter: 4 error: 3.071292e+02 gradnorm: 8.957454e+06
iter: 5 error: 2.100903e+02 gradnorm: 2.580050e+06
iter: 6 error: 1.482710e+02 gradnorm: 1.226273e+06
iter: 7 error: 1.195338e+02 gradnorm: 1.062599e+06
iter: 8 error: 9.938680e+01 gradnorm: 1.056891e+06
iter: 9 error: 9.229074e+01 gradnorm: 1.191634e+06
iter: 10 error: 7.639383e+01 gradnorm: 4.590502e+05
iter: 11 error: 6.296113e+01 gradnorm: 3.333196e+05
iter: 12 error: 5.227724e+01 gradnorm: 2.618502e+05
iter: 13 error: 4.618097e+01 gradnorm: 2.765188e+05
iter: 14 error: 4.049470e+01 gradnorm: 1.929377e+05
iter: 15 error: 3.837112e+01 gradnorm: 2.209093e+05
iter: 16 error: 3.383628e+01 gradnorm: 1.295121e+05
iter: 17 error: 3.234131e+01 gradnorm: 2.708898e+05
iter: 18 error: 3.028596e+01 gradnorm: 8.525540e+04
iter: 19 error: 2.786356e+01 gradnorm: 9.662699e+04
iter: 20 error: 2.666697e+01 gradnorm: 5.376145e+04
iter: 21 error: 2.503840e+01 gradnorm: 4.889664e+04
iter: 22 error: 2.405653e+01 gradnorm: 3.742923e+04
iter: 23 error: 2.322185e+01 gradnorm: 3.335895e+04
iter: 24 error: 2.293123e+01 gradnorm: 5.838031e+04
recon: 3.916147e-01 proj: 2.667496e-01 (2.241685e-01 1.773691e-02 7.095865e-03) backproj: 1.136379e-01 (3.813074e-03 8.892806e-03 9.248778e-02) ctime: 1.118073e-02 wtime: 1.719900e-05
numproj: 49 numback: 25
proj: 2.241685e-01 s (205.480936 GFLOPS) backproj: 9.248778e-02 s (254.100624 GFLOPS) avGFLOPS: 219.681592 totGFLOPS: 219.681592
proj: 824.778329 GB/s back: 837.417479 GB/s av: 828.469924 GB/s tot: 828.469924 GB/s
Total Time: 1.188292e+01
