NUM. THETA             : 375
NUM. RHO               : 1024
NUM. X PIXELS          : 1024
NUM. Y PIXELS          : 1024

NUM. OF PIXELS         : 1048576
NUM. OF RAYS           : 384000

NUM. ITERATIONS        : 24

SPATIAL TILE SIZE      : 16
SPECTRAL TILE SIZE     : 16

NUMBER OF X TILES      : 64
NUMBER OF Y TILES      : 64
NUM. OF THETA TILES    : 24
NUM. OF RHO TILES      : 64

NUM. SPATIAL TILES     : 4096
NUM. SPECTRAL TILES    : 1536

NUM. OF X PIXELS (EXT) : 1024
NUM. OF Y PIXELS (EXT) : 1024
NUM. OF ANGLES (EXT)   : 384
NUM. OF RHOS (EXT)     : 1024

NUM. OF PIXELS (EXT)   : 1048576
NUM. OF RAYS (EXT)     : 393216

NUMBER OF PROCESSES    : 1
NUMBER OF THRD./PROC.  : 6

INTEGER: 4, FLOAT: 4, LONG: 8, SHORT: 2, POINTER: 8
APPROX. MEMORY     TOTAL: 8.789062e+00 GB
APPROX. MEMORY PER PROC.: 8.789062e+00 GB

X START       : -5.120000e+02
Y START       : -5.120000e+02
PIXEL SIZE    : 1.000000e+00
RHO START     : -5.120000e+02
RAY LENGTH    : 2.048000e+03

SPATIAL INDEXING       : 5
SPECTRAL INDEXING      : 5
 1: CARTESIAN, NATURAL
 2: CARTESIAN, TRANSPOSED
 3: MORTON, NATURAL
 4: MORTON, TRANSPOSED
PROJECTION BLOCK SIZE      : 512
BACKPROJECTION BLOCK SIZE  : 512
PROJECTION BUFFER SIZE      : 48 KB
BACKPROJECTION BUFFER SIZE  : 48 KB

SINOGRAM FILE : ../../../../datasets/CDS2_sinogram.bin
   THETA FILE : ../../../../datasets/CDS2_theta.bin
  OUTPUT FILE : ../../output/single_gpu/ip-0A00000A/v100.6.CDS2.16.16.512.512.48.48.bin


PLACE TILES
lspat 64 lspatdim 64
lspec 64 lspecdim 64
MPI PARTITIONING
proc: 0 numspats: 4096 numpixs: 1048576 numspecs: 1536 numrays: 393216
maxnumpix: 1048576 maxnumray: 393216
FILL PIXELS AND RAYS
INPUT THETA DATA
DOMAIN PARTITIONING
myid 0 raynuminc 384000/384000 raynumout 384000/384000

CONSTRUCT PROJECTION MATRIX
CSR STORAGE: 470024080 (3.501952 GB) rownzmax 2046
RAY-TRACING TIME: 2.193692e+01
CONSTRUCT BACKPROJECTION MATRIX
CSR STORAGE: 470024080 (3.501952 GB) rownzmax 607
TRANSPOSITION TIME: 1.269592e+00

BLOCKING PROJECTION MATRIX
NUMBER OF BLOCKS: 750 BUFFSIZE: 12288
NUMBER OF BUFFERS: 3376 AVERAGE BUFF/BLOCK: 4.501333 MAX BUFF/BLOCK: 7
BUFF MAP: 41484288 (0.154541 GB)
ELLPACK STORAGE: 608699904 (3.401376 GB) buffnzmax: 706 STORAGE EFFICIENCY: 1.158265 DATA REUSE: 12.911750
BLOCKING TIME: 2.508791e+00
BLOCKING BACKPROJECTION MATRIX
NUMBER OF BLOCKS: 2048 BUFFSIZE: 12288
NUMBER OF BUFFERS: 2048 AVERAGE BUFF/BLOCK: 1.000000 MAX BUFF/BLOCK: 1
BUFF MAP: 25165824 (0.093750 GB)
ELLPACK STORAGE: 499592704 (2.791692 GB) buffnzmax: 607 STORAGE EFFICIENCY: 1.411222 DATA REUSE: 21.334745
BLOCKING TIME: 2.335025e+00

FILL PROJECTION MATRIX
TIME: 4.087115e+00
FILL BACKPROJECTION MATRIX
TIME: 4.802491e+00
REDUCTION MAPPINGS
PREPROCESSING TIME: 3.694188e+01
myid: 0 device: 0

Device Count: 4
Device 0 name: -1317227248
Computational Capabilities: 7, 0
Maximum global memory size: 16945512448
Maximum constant memory size: 65536
Maximum shared memory size per block: 49152
Maximum block dimensions: 1024x1024x64
Maximum grid dimensions: 2147483647x65535x65535
Maximum threads per block: 1024
Warp size: 32

PROC 0 TOTAL GPU MEMORY: 9.132975 GB
INPUT MEASUREMENT DATA
INPUT ENDS
GRADIENT-DESCENT OPTIMIZATION
iter: 0 error: 5.498197e+04 gradnorm: 1.963803e+10
iter: 1 error: 3.375375e+03 gradnorm: 2.933188e+08
iter: 2 error: 1.127912e+03 gradnorm: 5.687405e+07
iter: 3 error: 4.702563e+02 gradnorm: 1.895835e+07
iter: 4 error: 3.071311e+02 gradnorm: 8.957277e+06
iter: 5 error: 2.100909e+02 gradnorm: 2.580095e+06
iter: 6 error: 1.482812e+02 gradnorm: 1.229658e+06
iter: 7 error: 1.200864e+02 gradnorm: 1.227426e+06
iter: 8 error: 1.072703e+02 gradnorm: 1.960989e+06
iter: 9 error: 9.407104e+01 gradnorm: 7.220840e+05
iter: 10 error: 7.640675e+01 gradnorm: 4.551022e+05
iter: 11 error: 6.296175e+01 gradnorm: 3.333618e+05
iter: 12 error: 5.228868e+01 gradnorm: 2.640083e+05
iter: 13 error: 4.635954e+01 gradnorm: 2.989381e+05
iter: 14 error: 4.150523e+01 gradnorm: 3.014348e+05
iter: 15 error: 3.883608e+01 gradnorm: 1.582064e+05
iter: 16 error: 3.529998e+01 gradnorm: 4.407710e+05
iter: 17 error: 3.316737e+01 gradnorm: 1.102219e+05
iter: 18 error: 3.028870e+01 gradnorm: 8.133877e+04
iter: 19 error: 2.778468e+01 gradnorm: 9.055708e+04
iter: 20 error: 2.664020e+01 gradnorm: 5.586947e+04
iter: 21 error: 2.503552e+01 gradnorm: 4.970898e+04
iter: 22 error: 2.412515e+01 gradnorm: 5.649200e+04
iter: 23 error: 2.374557e+01 gradnorm: 5.910447e+04
iter: 24 error: 2.305204e+01 gradnorm: 2.576296e+04
recon: 4.037006e-01 proj: 2.718073e-01 (2.273762e-01 1.901245e-02 7.155073e-03) backproj: 1.144723e-01 (4.099712e-03 9.073190e-03 9.260358e-02) ctime: 1.737111e-02 wtime: 1.959800e-05
numproj: 49 numback: 25
proj: 2.273762e-01 s (202.582159 GFLOPS) backproj: 9.260358e-02 s (253.782876 GFLOPS) avGFLOPS: 217.399876 totGFLOPS: 217.399876
proj: 822.815664 GB/s back: 836.419977 GB/s av: 826.752813 GB/s tot: 826.752813 GB/s
Total Time: 4.813523e+01
