NUM. THETA             : 750
NUM. RHO               : 512
NUM. X PIXELS          : 512
NUM. Y PIXELS          : 512

NUM. OF PIXELS         : 262144
NUM. OF RAYS           : 384000

NUM. ITERATIONS        : 24

SPATIAL TILE SIZE      : 512
SPECTRAL TILE SIZE     : 512

NUMBER OF X TILES      : 1
NUMBER OF Y TILES      : 1
NUM. OF THETA TILES    : 2
NUM. OF RHO TILES      : 1

NUM. SPATIAL TILES     : 1
NUM. SPECTRAL TILES    : 2

NUM. OF X PIXELS (EXT) : 512
NUM. OF Y PIXELS (EXT) : 512
NUM. OF ANGLES (EXT)   : 1024
NUM. OF RHOS (EXT)     : 512

NUM. OF PIXELS (EXT)   : 262144
NUM. OF RAYS (EXT)     : 524288

NUMBER OF PROCESSES    : 1
NUMBER OF THRD./PROC.  : 12

INTEGER: 4, FLOAT: 4, LONG: 8, SHORT: 2, POINTER: 8
APPROX. MEMORY     TOTAL: 4.394531e+00 GB
APPROX. MEMORY PER PROC.: 4.394531e+00 GB

X START       : -2.560000e+02
Y START       : -2.560000e+02
PIXEL SIZE    : 1.000000e+00
RHO START     : -2.560000e+02
RAY LENGTH    : 1.024000e+03

SPATIAL INDEXING       : 5
SPECTRAL INDEXING      : 5
 1: CARTESIAN, NATURAL
 2: CARTESIAN, TRANSPOSED
 3: MORTON, NATURAL
 4: MORTON, TRANSPOSED
PROJECTION BLOCK SIZE      : 512
BACKPROJECTION BLOCK SIZE  : 512
PROJECTION BUFFER SIZE      : 48 KB
BACKPROJECTION BUFFER SIZE  : 48 KB

SINOGRAM FILE : ../../../../datasets/CDS1_sinogram.bin
   THETA FILE : ../../../../datasets/CDS1_theta.bin
  OUTPUT FILE : ../../output/single_gpu/ip-0A00000F/v100.12.CDS1.512.512.512.512.48.48.bin


PLACE TILES
lspat 1 lspatdim 1
lspec 2 lspecdim 2
MPI PARTITIONING
proc: 0 numspats: 1 numpixs: 262144 numspecs: 2 numrays: 524288
maxnumpix: 262144 maxnumray: 524288
FILL PIXELS AND RAYS
INPUT THETA DATA
DOMAIN PARTITIONING
myid 0 raynuminc 384000/384000 raynumout 384000/384000

CONSTRUCT PROJECTION MATRIX
CSR STORAGE: 235011336 (1.750971 GB) rownzmax 1022
RAY-TRACING TIME: 1.199174e+00
CONSTRUCT BACKPROJECTION MATRIX
CSR STORAGE: 235011336 (1.750971 GB) rownzmax 1092
TRANSPOSITION TIME: 3.149557e-01

BLOCKING PROJECTION MATRIX
NUMBER OF BLOCKS: 750 BUFFSIZE: 12288
NUMBER OF BUFFERS: 1410 AVERAGE BUFF/BLOCK: 1.880000 MAX BUFF/BLOCK: 3
BUFF MAP: 17326080 (0.064545 GB)
ELLPACK STORAGE: 273400320 (1.527743 GB) buffnzmax: 647 STORAGE EFFICIENCY: 1.289380 DATA REUSE: 17.612637
BLOCKING TIME: 5.723696e-01
BLOCKING BACKPROJECTION MATRIX
NUMBER OF BLOCKS: 512 BUFFSIZE: 12288
NUMBER OF BUFFERS: 1020 AVERAGE BUFF/BLOCK: 1.992188 MAX BUFF/BLOCK: 2
BUFF MAP: 12533760 (0.046692 GB)
ELLPACK STORAGE: 263151104 (1.470471 GB) buffnzmax: 742 STORAGE EFFICIENCY: 1.339599 DATA REUSE: 21.340656
BLOCKING TIME: 5.969119e-01

FILL PROJECTION MATRIX
TIME: 1.015529e+00
FILL BACKPROJECTION MATRIX
TIME: 1.272915e+00
REDUCTION MAPPINGS
PREPROCESSING TIME: 4.975019e+00
myid: 0 device: 0

Device Count: 1
Device 0 name: 624512928
Computational Capabilities: 7, 0
Maximum global memory size: 16945512448
Maximum constant memory size: 65536
Maximum shared memory size per block: 49152
Maximum block dimensions: 1024x1024x64
Maximum grid dimensions: 2147483647x65535x65535
Maximum threads per block: 1024
Warp size: 32

PROC 0 TOTAL GPU MEMORY: 4.411865 GB
INPUT MEASUREMENT DATA
INPUT ENDS
GRADIENT-DESCENT OPTIMIZATION
iter: 0 error: 4.958965e+04 gradnorm: 1.560969e+10
iter: 1 error: 5.316504e+03 gradnorm: 4.760837e+08
iter: 2 error: 5.074543e+02 gradnorm: 1.604506e+07
iter: 3 error: 2.940040e+02 gradnorm: 8.082487e+06
iter: 4 error: 1.716211e+02 gradnorm: 1.353870e+06
iter: 5 error: 1.154472e+02 gradnorm: 6.253071e+05
iter: 6 error: 8.897517e+01 gradnorm: 6.364062e+05
iter: 7 error: 7.409007e+01 gradnorm: 4.136937e+05
iter: 8 error: 5.916568e+01 gradnorm: 2.523316e+05
iter: 9 error: 5.353467e+01 gradnorm: 8.347033e+05
iter: 10 error: 4.869418e+01 gradnorm: 2.051136e+05
iter: 11 error: 4.171705e+01 gradnorm: 1.093406e+05
iter: 12 error: 3.759334e+01 gradnorm: 1.903670e+05
iter: 13 error: 3.465387e+01 gradnorm: 1.044095e+05
iter: 14 error: 3.146544e+01 gradnorm: 6.059652e+04
iter: 15 error: 2.879008e+01 gradnorm: 6.862462e+04
iter: 16 error: 2.791470e+01 gradnorm: 1.449961e+05
iter: 17 error: 2.681905e+01 gradnorm: 4.777284e+04
iter: 18 error: 2.523928e+01 gradnorm: 2.666932e+04
iter: 19 error: 2.394597e+01 gradnorm: 2.563625e+04
iter: 20 error: 2.288585e+01 gradnorm: 1.504605e+04
iter: 21 error: 2.198297e+01 gradnorm: 2.041603e+04
iter: 22 error: 2.184415e+01 gradnorm: 2.523311e+04
iter: 23 error: 2.127432e+01 gradnorm: 1.685846e+04
iter: 24 error: 2.103036e+01 gradnorm: 1.273833e+04
recon: 2.078874e-01 proj: 1.339950e-01 (1.019508e-01 1.777071e-02 9.034497e-03) backproj: 6.515632e-02 (4.878040e-03 8.937301e-03 4.888579e-02) ctime: 8.693812e-03 wtime: 1.639900e-05
numproj: 49 numback: 25
proj: 1.019508e-01 s (225.904136 GFLOPS) backproj: 4.888579e-02 s (240.367731 GFLOPS) avGFLOPS: 230.591753 totGFLOPS: 230.591753
proj: 821.725702 GB/s back: 833.085447 GB/s av: 825.407369 GB/s tot: 825.407369 GB/s
Total Time: 6.022770e+00
