NUM. THETA             : 750
NUM. RHO               : 512
NUM. X PIXELS          : 512
NUM. Y PIXELS          : 512

NUM. OF PIXELS         : 262144
NUM. OF RAYS           : 384000

NUM. ITERATIONS        : 24

SPATIAL TILE SIZE      : 128
SPECTRAL TILE SIZE     : 128

NUMBER OF X TILES      : 4
NUMBER OF Y TILES      : 4
NUM. OF THETA TILES    : 6
NUM. OF RHO TILES      : 4

NUM. SPATIAL TILES     : 16
NUM. SPECTRAL TILES    : 24

NUM. OF X PIXELS (EXT) : 512
NUM. OF Y PIXELS (EXT) : 512
NUM. OF ANGLES (EXT)   : 768
NUM. OF RHOS (EXT)     : 512

NUM. OF PIXELS (EXT)   : 262144
NUM. OF RAYS (EXT)     : 393216

NUMBER OF PROCESSES    : 1
NUMBER OF THRD./PROC.  : 24

INTEGER: 4, FLOAT: 4, LONG: 8, SHORT: 2, POINTER: 8
APPROX. MEMORY     TOTAL: 4.394531e+00 GB
APPROX. MEMORY PER PROC.: 4.394531e+00 GB

X START       : -2.560000e+02
Y START       : -2.560000e+02
PIXEL SIZE    : 1.000000e+00
RHO START     : -2.560000e+02
RAY LENGTH    : 1.024000e+03

SPATIAL INDEXING       : 5
SPECTRAL INDEXING      : 5
 1: CARTESIAN, NATURAL
 2: CARTESIAN, TRANSPOSED
 3: MORTON, NATURAL
 4: MORTON, TRANSPOSED
PROJECTION BLOCK SIZE      : 1024
BACKPROJECTION BLOCK SIZE  : 1024
PROJECTION BUFFER SIZE      : 48 KB
BACKPROJECTION BUFFER SIZE  : 48 KB

SINOGRAM FILE : ../../../../datasets/CDS1_sinogram.bin
   THETA FILE : ../../../../datasets/CDS1_theta.bin
  OUTPUT FILE : ../../output/single_gpu/ip-0A00000F/v100.24.CDS1.128.128.1024.1024.48.48.bin


PLACE TILES
lspat 4 lspatdim 4
lspec 6 lspecdim 8
MPI PARTITIONING
proc: 0 numspats: 16 numpixs: 262144 numspecs: 24 numrays: 393216
maxnumpix: 262144 maxnumray: 393216
FILL PIXELS AND RAYS
INPUT THETA DATA
DOMAIN PARTITIONING
myid 0 raynuminc 384000/384000 raynumout 384000/384000

CONSTRUCT PROJECTION MATRIX
CSR STORAGE: 235011121 (1.750969 GB) rownzmax 1022
RAY-TRACING TIME: 1.139425e+00
CONSTRUCT BACKPROJECTION MATRIX
CSR STORAGE: 235011121 (1.750969 GB) rownzmax 1092
TRANSPOSITION TIME: 3.557980e-01

BLOCKING PROJECTION MATRIX
NUMBER OF BLOCKS: 375 BUFFSIZE: 12288
NUMBER OF BUFFERS: 970 AVERAGE BUFF/BLOCK: 2.586667 MAX BUFF/BLOCK: 4
BUFF MAP: 11919360 (0.044403 GB)
ELLPACK STORAGE: 297254912 (1.661041 GB) buffnzmax: 575 STORAGE EFFICIENCY: 1.185907 DATA REUSE: 26.094927
BLOCKING TIME: 5.873163e-01
BLOCKING BACKPROJECTION MATRIX
NUMBER OF BLOCKS: 256 BUFFSIZE: 12288
NUMBER OF BUFFERS: 728 AVERAGE BUFF/BLOCK: 2.843750 MAX BUFF/BLOCK: 3
BUFF MAP: 8945664 (0.033325 GB)
ELLPACK STORAGE: 279740416 (1.563171 GB) buffnzmax: 618 STORAGE EFFICIENCY: 1.260156 DATA REUSE: 32.022221
BLOCKING TIME: 6.002006e-01

FILL PROJECTION MATRIX
TIME: 1.052443e+00
FILL BACKPROJECTION MATRIX
TIME: 1.522851e+00
REDUCTION MAPPINGS
PREPROCESSING TIME: 5.260941e+00
myid: 0 device: 0

Device Count: 1
Device 0 name: 684927616
Computational Capabilities: 7, 0
Maximum global memory size: 16945512448
Maximum constant memory size: 65536
Maximum shared memory size per block: 49152
Maximum block dimensions: 1024x1024x64
Maximum grid dimensions: 2147483647x65535x65535
Maximum threads per block: 1024
Warp size: 32

PROC 0 TOTAL GPU MEMORY: 4.699432 GB
INPUT MEASUREMENT DATA
INPUT ENDS
GRADIENT-DESCENT OPTIMIZATION
iter: 0 error: 4.959035e+04 gradnorm: 1.560966e+10
iter: 1 error: 5.316517e+03 gradnorm: 4.760844e+08
iter: 2 error: 5.074576e+02 gradnorm: 1.604495e+07
iter: 3 error: 2.940087e+02 gradnorm: 8.082360e+06
iter: 4 error: 1.716260e+02 gradnorm: 1.353840e+06
iter: 5 error: 1.154520e+02 gradnorm: 6.254114e+05
iter: 6 error: 8.903509e+01 gradnorm: 6.541808e+05
iter: 7 error: 7.631552e+01 gradnorm: 9.615885e+05
iter: 8 error: 7.117913e+01 gradnorm: 5.456266e+05
iter: 9 error: 5.778228e+01 gradnorm: 2.259470e+05
iter: 10 error: 4.873902e+01 gradnorm: 1.925969e+05
iter: 11 error: 4.173187e+01 gradnorm: 1.107050e+05
iter: 12 error: 3.777834e+01 gradnorm: 1.960963e+05
iter: 13 error: 3.468957e+01 gradnorm: 1.019153e+05
iter: 14 error: 3.148186e+01 gradnorm: 6.481118e+04
iter: 15 error: 3.004840e+01 gradnorm: 2.465998e+05
iter: 16 error: 2.841826e+01 gradnorm: 5.715456e+04
iter: 17 error: 2.682936e+01 gradnorm: 4.560364e+04
iter: 18 error: 2.524042e+01 gradnorm: 2.665457e+04
iter: 19 error: 2.394674e+01 gradnorm: 2.563610e+04
iter: 20 error: 2.288638e+01 gradnorm: 1.502186e+04
iter: 21 error: 2.195893e+01 gradnorm: 1.322457e+04
iter: 22 error: 2.164115e+01 gradnorm: 6.087367e+04
iter: 23 error: 2.120657e+01 gradnorm: 9.949816e+03
iter: 24 error: 2.076876e+01 gradnorm: 1.636769e+04
recon: 2.347311e-01 proj: 1.414586e-01 (1.107237e-01 1.837728e-02 7.084662e-03) backproj: 6.736212e-02 (3.792371e-03 9.063093e-03 5.204083e-02) ctime: 2.586482e-02 wtime: 1.750000e-05
numproj: 49 numback: 25
proj: 1.107237e-01 s (208.004979 GFLOPS) backproj: 5.204083e-02 s (225.794929 GFLOPS) avGFLOPS: 213.692972 totGFLOPS: 213.692972
proj: 810.387511 GB/s back: 823.500065 GB/s av: 814.579997 GB/s tot: 814.579997 GB/s
Total Time: 6.352396e+00
