NUM. THETA             : 375
NUM. RHO               : 1024
NUM. X PIXELS          : 1024
NUM. Y PIXELS          : 1024

NUM. OF PIXELS         : 1048576
NUM. OF RAYS           : 384000

NUM. ITERATIONS        : 24

SPATIAL TILE SIZE      : 256
SPECTRAL TILE SIZE     : 256

NUMBER OF X TILES      : 4
NUMBER OF Y TILES      : 4
NUM. OF THETA TILES    : 2
NUM. OF RHO TILES      : 4

NUM. SPATIAL TILES     : 16
NUM. SPECTRAL TILES    : 8

NUM. OF X PIXELS (EXT) : 1024
NUM. OF Y PIXELS (EXT) : 1024
NUM. OF ANGLES (EXT)   : 512
NUM. OF RHOS (EXT)     : 1024

NUM. OF PIXELS (EXT)   : 1048576
NUM. OF RAYS (EXT)     : 524288

NUMBER OF PROCESSES    : 1
NUMBER OF THRD./PROC.  : 12

INTEGER: 4, FLOAT: 4, LONG: 8, SHORT: 2, POINTER: 8
APPROX. MEMORY     TOTAL: 8.789062e+00 GB
APPROX. MEMORY PER PROC.: 8.789062e+00 GB

X START       : -5.120000e+02
Y START       : -5.120000e+02
PIXEL SIZE    : 1.000000e+00
RHO START     : -5.120000e+02
RAY LENGTH    : 2.048000e+03

SPATIAL INDEXING       : 5
SPECTRAL INDEXING      : 5
 1: CARTESIAN, NATURAL
 2: CARTESIAN, TRANSPOSED
 3: MORTON, NATURAL
 4: MORTON, TRANSPOSED
PROJECTION BLOCK SIZE      : 512
BACKPROJECTION BLOCK SIZE  : 512
PROJECTION BUFFER SIZE      : 48 KB
BACKPROJECTION BUFFER SIZE  : 48 KB

SINOGRAM FILE : ../../../../datasets/CDS2_sinogram.bin
   THETA FILE : ../../../../datasets/CDS2_theta.bin
  OUTPUT FILE : ../../output/single_gpu/ip-0A00000F/v100.12.CDS2.256.256.512.512.48.48.bin


PLACE TILES
lspat 4 lspatdim 4
lspec 4 lspecdim 4
MPI PARTITIONING
proc: 0 numspats: 16 numpixs: 1048576 numspecs: 8 numrays: 524288
maxnumpix: 1048576 maxnumray: 524288
FILL PIXELS AND RAYS
INPUT THETA DATA
DOMAIN PARTITIONING
myid 0 raynuminc 384000/384000 raynumout 384000/384000

CONSTRUCT PROJECTION MATRIX
CSR STORAGE: 470024248 (3.501954 GB) rownzmax 2046
RAY-TRACING TIME: 2.387928e+00
CONSTRUCT BACKPROJECTION MATRIX
CSR STORAGE: 470024248 (3.501954 GB) rownzmax 607
TRANSPOSITION TIME: 7.056176e-01

BLOCKING PROJECTION MATRIX
NUMBER OF BLOCKS: 750 BUFFSIZE: 12288
NUMBER OF BUFFERS: 3324 AVERAGE BUFF/BLOCK: 4.432000 MAX BUFF/BLOCK: 7
BUFF MAP: 40845312 (0.152161 GB)
ELLPACK STORAGE: 599623168 (3.350656 GB) buffnzmax: 716 STORAGE EFFICIENCY: 1.175799 DATA REUSE: 13.167217
BLOCKING TIME: 1.430526e+00
BLOCKING BACKPROJECTION MATRIX
NUMBER OF BLOCKS: 2048 BUFFSIZE: 12288
NUMBER OF BUFFERS: 2048 AVERAGE BUFF/BLOCK: 1.000000 MAX BUFF/BLOCK: 1
BUFF MAP: 25165824 (0.093750 GB)
ELLPACK STORAGE: 499608064 (2.791778 GB) buffnzmax: 607 STORAGE EFFICIENCY: 1.411179 DATA REUSE: 21.334856
BLOCKING TIME: 1.205271e+00

FILL PROJECTION MATRIX
TIME: 2.047086e+00
FILL BACKPROJECTION MATRIX
TIME: 2.430987e+00
REDUCTION MAPPINGS
PREPROCESSING TIME: 1.021048e+01
myid: 0 device: 0

Device Count: 1
Device 0 name: 718152944
Computational Capabilities: 7, 0
Maximum global memory size: 16945512448
Maximum constant memory size: 65536
Maximum shared memory size per block: 49152
Maximum block dimensions: 1024x1024x64
Maximum grid dimensions: 2147483647x65535x65535
Maximum threads per block: 1024
Warp size: 32

PROC 0 TOTAL GPU MEMORY: 9.057927 GB
INPUT MEASUREMENT DATA
INPUT ENDS
GRADIENT-DESCENT OPTIMIZATION
iter: 0 error: 5.498304e+04 gradnorm: 1.963867e+10
iter: 1 error: 3.375389e+03 gradnorm: 2.933218e+08
iter: 2 error: 1.127915e+03 gradnorm: 5.687460e+07
iter: 3 error: 4.702581e+02 gradnorm: 1.895928e+07
iter: 4 error: 3.071317e+02 gradnorm: 8.957338e+06
iter: 5 error: 2.100911e+02 gradnorm: 2.580086e+06
iter: 6 error: 1.482713e+02 gradnorm: 1.226510e+06
iter: 7 error: 1.195708e+02 gradnorm: 1.074066e+06
iter: 8 error: 1.004727e+02 gradnorm: 1.323058e+06
iter: 9 error: 9.318867e+01 gradnorm: 9.713409e+05
iter: 10 error: 7.640025e+01 gradnorm: 4.569416e+05
iter: 11 error: 6.296140e+01 gradnorm: 3.334273e+05
iter: 12 error: 5.229907e+01 gradnorm: 2.660069e+05
iter: 13 error: 4.651144e+01 gradnorm: 3.160092e+05
iter: 14 error: 4.195826e+01 gradnorm: 3.175284e+05
iter: 15 error: 3.887415e+01 gradnorm: 1.490626e+05
iter: 16 error: 3.528600e+01 gradnorm: 4.446989e+05
iter: 17 error: 3.316817e+01 gradnorm: 1.100150e+05
iter: 18 error: 3.028075e+01 gradnorm: 8.052459e+04
iter: 19 error: 2.769509e+01 gradnorm: 8.270386e+04
iter: 20 error: 2.659546e+01 gradnorm: 5.907336e+04
iter: 21 error: 2.502491e+01 gradnorm: 4.927852e+04
iter: 22 error: 2.405307e+01 gradnorm: 3.752416e+04
iter: 23 error: 2.320605e+01 gradnorm: 2.848918e+04
iter: 24 error: 2.279564e+01 gradnorm: 7.717641e+04
recon: 4.055477e-01 proj: 2.745961e-01 (2.237813e-01 2.373894e-02 9.102312e-03) backproj: 1.146675e-01 (4.884946e-03 9.002317e-03 9.232339e-02) ctime: 1.623778e-02 wtime: 1.849900e-05
numproj: 49 numback: 25
proj: 2.237813e-01 s (205.836592 GFLOPS) backproj: 9.232339e-02 s (254.553173 GFLOPS) avGFLOPS: 220.065043 totGFLOPS: 220.065043
proj: 823.549187 GB/s back: 838.983386 GB/s av: 828.056990 GB/s tot: 828.056990 GB/s
Total Time: 1.182876e+01
