NUM. THETA             : 750
NUM. RHO               : 512
NUM. X PIXELS          : 512
NUM. Y PIXELS          : 512

NUM. OF PIXELS         : 262144
NUM. OF RAYS           : 384000

NUM. ITERATIONS        : 24

SPATIAL TILE SIZE      : 128
SPECTRAL TILE SIZE     : 128

NUMBER OF X TILES      : 4
NUMBER OF Y TILES      : 4
NUM. OF THETA TILES    : 6
NUM. OF RHO TILES      : 4

NUM. SPATIAL TILES     : 16
NUM. SPECTRAL TILES    : 24

NUM. OF X PIXELS (EXT) : 512
NUM. OF Y PIXELS (EXT) : 512
NUM. OF ANGLES (EXT)   : 768
NUM. OF RHOS (EXT)     : 512

NUM. OF PIXELS (EXT)   : 262144
NUM. OF RAYS (EXT)     : 393216

NUMBER OF PROCESSES    : 1
NUMBER OF THRD./PROC.  : 6

INTEGER: 4, FLOAT: 4, LONG: 8, SHORT: 2, POINTER: 8
APPROX. MEMORY     TOTAL: 4.394531e+00 GB
APPROX. MEMORY PER PROC.: 4.394531e+00 GB

X START       : -2.560000e+02
Y START       : -2.560000e+02
PIXEL SIZE    : 1.000000e+00
RHO START     : -2.560000e+02
RAY LENGTH    : 1.024000e+03

SPATIAL INDEXING       : 5
SPECTRAL INDEXING      : 5
 1: CARTESIAN, NATURAL
 2: CARTESIAN, TRANSPOSED
 3: MORTON, NATURAL
 4: MORTON, TRANSPOSED
PROJECTION BLOCK SIZE      : 128
BACKPROJECTION BLOCK SIZE  : 128
PROJECTION BUFFER SIZE      : 48 KB
BACKPROJECTION BUFFER SIZE  : 48 KB

SINOGRAM FILE : ../../../../datasets/CDS1_sinogram.bin
   THETA FILE : ../../../../datasets/CDS1_theta.bin
  OUTPUT FILE : ../../output/single_gpu/ip-0A00000A/v100.6.CDS1.128.128.128.128.48.48.bin


PLACE TILES
lspat 4 lspatdim 4
lspec 6 lspecdim 8
MPI PARTITIONING
proc: 0 numspats: 16 numpixs: 262144 numspecs: 24 numrays: 393216
maxnumpix: 262144 maxnumray: 393216
FILL PIXELS AND RAYS
INPUT THETA DATA
DOMAIN PARTITIONING
myid 0 raynuminc 384000/384000 raynumout 384000/384000

CONSTRUCT PROJECTION MATRIX
CSR STORAGE: 235011121 (1.750969 GB) rownzmax 1022
RAY-TRACING TIME: 2.261670e+00
CONSTRUCT BACKPROJECTION MATRIX
CSR STORAGE: 235011121 (1.750969 GB) rownzmax 1092
TRANSPOSITION TIME: 5.562872e-01

BLOCKING PROJECTION MATRIX
NUMBER OF BLOCKS: 3000 BUFFSIZE: 12288
NUMBER OF BUFFERS: 3192 AVERAGE BUFF/BLOCK: 1.064000 MAX BUFF/BLOCK: 2
BUFF MAP: 39223296 (0.146118 GB)
ELLPACK STORAGE: 243461376 (1.360446 GB) buffnzmax: 1010 STORAGE EFFICIENCY: 1.447937 DATA REUSE: 8.918268
BLOCKING TIME: 8.137701e-01
BLOCKING BACKPROJECTION MATRIX
NUMBER OF BLOCKS: 2048 BUFFSIZE: 12288
NUMBER OF BUFFERS: 2048 AVERAGE BUFF/BLOCK: 1.000000 MAX BUFF/BLOCK: 1
BUFF MAP: 25165824 (0.093750 GB)
ELLPACK STORAGE: 244580736 (1.366701 GB) buffnzmax: 1092 STORAGE EFFICIENCY: 1.441310 DATA REUSE: 10.667495
BLOCKING TIME: 1.003828e+00

FILL PROJECTION MATRIX
TIME: 1.806379e+00
FILL BACKPROJECTION MATRIX
TIME: 2.326657e+00
REDUCTION MAPPINGS
PREPROCESSING TIME: 8.771179e+00
myid: 0 device: 0

Device Count: 4
Device 0 name: 1956030320
Computational Capabilities: 7, 0
Maximum global memory size: 16945512448
Maximum constant memory size: 65536
Maximum shared memory size per block: 49152
Maximum block dimensions: 1024x1024x64
Maximum grid dimensions: 2147483647x65535x65535
Maximum threads per block: 1024
Warp size: 32

PROC 0 TOTAL GPU MEMORY: 4.161935 GB
INPUT MEASUREMENT DATA
INPUT ENDS
GRADIENT-DESCENT OPTIMIZATION
iter: 0 error: 4.958808e+04 gradnorm: 1.560965e+10
iter: 1 error: 5.316487e+03 gradnorm: 4.760854e+08
iter: 2 error: 5.074548e+02 gradnorm: 1.604522e+07
iter: 3 error: 2.940066e+02 gradnorm: 8.082376e+06
iter: 4 error: 1.716250e+02 gradnorm: 1.353966e+06
iter: 5 error: 1.155072e+02 gradnorm: 6.446950e+05
iter: 6 error: 9.649216e+01 gradnorm: 2.229348e+06
iter: 7 error: 8.514266e+01 gradnorm: 6.243762e+05
iter: 8 error: 7.161437e+01 gradnorm: 4.180702e+05
iter: 9 error: 5.778292e+01 gradnorm: 2.255938e+05
iter: 10 error: 4.873914e+01 gradnorm: 1.926473e+05
iter: 11 error: 4.173875e+01 gradnorm: 1.117050e+05
iter: 12 error: 3.797195e+01 gradnorm: 2.255025e+05
iter: 13 error: 3.564083e+01 gradnorm: 2.563483e+05
iter: 14 error: 3.403471e+01 gradnorm: 1.166146e+05
iter: 15 error: 3.112097e+01 gradnorm: 5.962007e+04
iter: 16 error: 2.842673e+01 gradnorm: 5.471526e+04
iter: 17 error: 2.682953e+01 gradnorm: 4.557718e+04
iter: 18 error: 2.524028e+01 gradnorm: 2.666109e+04
iter: 19 error: 2.395226e+01 gradnorm: 2.746921e+04
iter: 20 error: 2.336597e+01 gradnorm: 9.447834e+04
iter: 21 error: 2.279947e+01 gradnorm: 1.544272e+04
iter: 22 error: 2.188856e+01 gradnorm: 1.220119e+04
iter: 23 error: 2.127240e+01 gradnorm: 1.647066e+04
iter: 24 error: 2.102878e+01 gradnorm: 1.291694e+04
recon: 2.508262e-01 proj: 1.626570e-01 (1.323262e-01 1.793141e-02 7.117007e-03) backproj: 7.690909e-02 (3.811294e-03 9.029252e-03 6.150992e-02) ctime: 1.121370e-02 wtime: 1.770000e-05
numproj: 49 numback: 25
proj: 1.323262e-01 s (174.047834 GFLOPS) backproj: 6.150992e-02 s (191.035138 GFLOPS) avGFLOPS: 179.438407 totGFLOPS: 179.438407
proj: 599.015206 GB/s back: 637.355613 GB/s av: 611.181748 GB/s tot: 611.181748 GB/s
Total Time: 1.014163e+01
