NUM. THETA             : 375
NUM. RHO               : 1024
NUM. X PIXELS          : 1024
NUM. Y PIXELS          : 1024

NUM. OF PIXELS         : 1048576
NUM. OF RAYS           : 384000

NUM. ITERATIONS        : 24

SPATIAL TILE SIZE      : 256
SPECTRAL TILE SIZE     : 256

NUMBER OF X TILES      : 4
NUMBER OF Y TILES      : 4
NUM. OF THETA TILES    : 2
NUM. OF RHO TILES      : 4

NUM. SPATIAL TILES     : 16
NUM. SPECTRAL TILES    : 8

NUM. OF X PIXELS (EXT) : 1024
NUM. OF Y PIXELS (EXT) : 1024
NUM. OF ANGLES (EXT)   : 512
NUM. OF RHOS (EXT)     : 1024

NUM. OF PIXELS (EXT)   : 1048576
NUM. OF RAYS (EXT)     : 524288

NUMBER OF PROCESSES    : 1
NUMBER OF THRD./PROC.  : 24

INTEGER: 4, FLOAT: 4, LONG: 8, SHORT: 2, POINTER: 8
APPROX. MEMORY     TOTAL: 8.789062e+00 GB
APPROX. MEMORY PER PROC.: 8.789062e+00 GB

X START       : -5.120000e+02
Y START       : -5.120000e+02
PIXEL SIZE    : 1.000000e+00
RHO START     : -5.120000e+02
RAY LENGTH    : 2.048000e+03

SPATIAL INDEXING       : 5
SPECTRAL INDEXING      : 5
 1: CARTESIAN, NATURAL
 2: CARTESIAN, TRANSPOSED
 3: MORTON, NATURAL
 4: MORTON, TRANSPOSED
PROJECTION BLOCK SIZE      : 512
BACKPROJECTION BLOCK SIZE  : 512
PROJECTION BUFFER SIZE      : 48 KB
BACKPROJECTION BUFFER SIZE  : 48 KB

SINOGRAM FILE : ../../../../datasets/CDS2_sinogram.bin
   THETA FILE : ../../../../datasets/CDS2_theta.bin
  OUTPUT FILE : ../../output/single_gpu/ip-0A00000F/v100.24.CDS2.256.256.512.512.48.48.bin


PLACE TILES
lspat 4 lspatdim 4
lspec 4 lspecdim 4
MPI PARTITIONING
proc: 0 numspats: 16 numpixs: 1048576 numspecs: 8 numrays: 524288
maxnumpix: 1048576 maxnumray: 524288
FILL PIXELS AND RAYS
INPUT THETA DATA
DOMAIN PARTITIONING
myid 0 raynuminc 384000/384000 raynumout 384000/384000

CONSTRUCT PROJECTION MATRIX
CSR STORAGE: 470024248 (3.501954 GB) rownzmax 2046
RAY-TRACING TIME: 2.372433e+00
CONSTRUCT BACKPROJECTION MATRIX
CSR STORAGE: 470024248 (3.501954 GB) rownzmax 607
TRANSPOSITION TIME: 7.685731e-01

BLOCKING PROJECTION MATRIX
NUMBER OF BLOCKS: 750 BUFFSIZE: 12288
NUMBER OF BUFFERS: 3324 AVERAGE BUFF/BLOCK: 4.432000 MAX BUFF/BLOCK: 7
BUFF MAP: 40845312 (0.152161 GB)
ELLPACK STORAGE: 599623168 (3.350656 GB) buffnzmax: 716 STORAGE EFFICIENCY: 1.175799 DATA REUSE: 13.167217
BLOCKING TIME: 1.468105e+00
BLOCKING BACKPROJECTION MATRIX
NUMBER OF BLOCKS: 2048 BUFFSIZE: 12288
NUMBER OF BUFFERS: 2048 AVERAGE BUFF/BLOCK: 1.000000 MAX BUFF/BLOCK: 1
BUFF MAP: 25165824 (0.093750 GB)
ELLPACK STORAGE: 499608064 (2.791778 GB) buffnzmax: 607 STORAGE EFFICIENCY: 1.411179 DATA REUSE: 21.334856
BLOCKING TIME: 1.237983e+00

FILL PROJECTION MATRIX
TIME: 2.052560e+00
FILL BACKPROJECTION MATRIX
TIME: 2.444917e+00
REDUCTION MAPPINGS
PREPROCESSING TIME: 1.034790e+01
myid: 0 device: 0

Device Count: 1
Device 0 name: -1130240976
Computational Capabilities: 7, 0
Maximum global memory size: 16945512448
Maximum constant memory size: 65536
Maximum shared memory size per block: 49152
Maximum block dimensions: 1024x1024x64
Maximum grid dimensions: 2147483647x65535x65535
Maximum threads per block: 1024
Warp size: 32

PROC 0 TOTAL GPU MEMORY: 9.057927 GB
INPUT MEASUREMENT DATA
INPUT ENDS
GRADIENT-DESCENT OPTIMIZATION
iter: 0 error: 5.498395e+04 gradnorm: 1.963866e+10
iter: 1 error: 3.375398e+03 gradnorm: 2.933234e+08
iter: 2 error: 1.127917e+03 gradnorm: 5.687518e+07
iter: 3 error: 4.702581e+02 gradnorm: 1.895935e+07
iter: 4 error: 3.071325e+02 gradnorm: 8.957456e+06
iter: 5 error: 2.100912e+02 gradnorm: 2.580107e+06
iter: 6 error: 1.482740e+02 gradnorm: 1.227234e+06
iter: 7 error: 1.196924e+02 gradnorm: 1.110841e+06
iter: 8 error: 1.030861e+02 gradnorm: 1.777922e+06
iter: 9 error: 9.380249e+01 gradnorm: 8.013708e+05
iter: 10 error: 7.640451e+01 gradnorm: 4.556387e+05
iter: 11 error: 6.296129e+01 gradnorm: 3.333532e+05
iter: 12 error: 5.228622e+01 gradnorm: 2.635934e+05
iter: 13 error: 4.632658e+01 gradnorm: 2.951102e+05
iter: 14 error: 4.137876e+01 gradnorm: 2.943531e+05
iter: 15 error: 3.883319e+01 gradnorm: 1.644179e+05
iter: 16 error: 3.562697e+01 gradnorm: 4.607898e+05
iter: 17 error: 3.317262e+01 gradnorm: 1.074728e+05
iter: 18 error: 3.026441e+01 gradnorm: 7.877856e+04
iter: 19 error: 2.746285e+01 gradnorm: 5.731776e+04
iter: 20 error: 2.614139e+01 gradnorm: 6.646708e+04
iter: 21 error: 2.479572e+01 gradnorm: 4.751837e+04
iter: 22 error: 2.395466e+01 gradnorm: 4.309270e+04
iter: 23 error: 2.324741e+01 gradnorm: 4.269011e+04
iter: 24 error: 2.297506e+01 gradnorm: 4.467227e+04
recon: 4.182735e-01 proj: 2.691981e-01 (2.239771e-01 1.836581e-02 9.116810e-03) backproj: 1.148090e-01 (4.882743e-03 9.080905e-03 9.234362e-02) ctime: 3.421400e-02 wtime: 2.180000e-05
numproj: 49 numback: 25
proj: 2.239771e-01 s (205.656672 GFLOPS) backproj: 9.234362e-02 s (254.497423 GFLOPS) avGFLOPS: 219.914772 totGFLOPS: 219.914772
proj: 822.829333 GB/s back: 838.799637 GB/s av: 827.491550 GB/s tot: 827.491550 GB/s
Total Time: 1.203896e+01
