NUM. THETA             : 750
NUM. RHO               : 512
NUM. X PIXELS          : 512
NUM. Y PIXELS          : 512

NUM. OF PIXELS         : 262144
NUM. OF RAYS           : 384000

NUM. ITERATIONS        : 24

SPATIAL TILE SIZE      : 128
SPECTRAL TILE SIZE     : 128

NUMBER OF X TILES      : 4
NUMBER OF Y TILES      : 4
NUM. OF THETA TILES    : 6
NUM. OF RHO TILES      : 4

NUM. SPATIAL TILES     : 16
NUM. SPECTRAL TILES    : 24

NUM. OF X PIXELS (EXT) : 512
NUM. OF Y PIXELS (EXT) : 512
NUM. OF ANGLES (EXT)   : 768
NUM. OF RHOS (EXT)     : 512

NUM. OF PIXELS (EXT)   : 262144
NUM. OF RAYS (EXT)     : 393216

NUMBER OF PROCESSES    : 1
NUMBER OF THRD./PROC.  : 12

INTEGER: 4, FLOAT: 4, LONG: 8, SHORT: 2, POINTER: 8
APPROX. MEMORY     TOTAL: 4.394531e+00 GB
APPROX. MEMORY PER PROC.: 4.394531e+00 GB

X START       : -2.560000e+02
Y START       : -2.560000e+02
PIXEL SIZE    : 1.000000e+00
RHO START     : -2.560000e+02
RAY LENGTH    : 1.024000e+03

SPATIAL INDEXING       : 5
SPECTRAL INDEXING      : 5
 1: CARTESIAN, NATURAL
 2: CARTESIAN, TRANSPOSED
 3: MORTON, NATURAL
 4: MORTON, TRANSPOSED
PROJECTION BLOCK SIZE      : 1024
BACKPROJECTION BLOCK SIZE  : 1024
PROJECTION BUFFER SIZE      : 48 KB
BACKPROJECTION BUFFER SIZE  : 48 KB

SINOGRAM FILE : ../../../../datasets/CDS1_sinogram.bin
   THETA FILE : ../../../../datasets/CDS1_theta.bin
  OUTPUT FILE : ../../output/single_gpu/ip-0A00000A/v100.12.CDS1.128.128.1024.1024.48.48.bin


PLACE TILES
lspat 4 lspatdim 4
lspec 6 lspecdim 8
MPI PARTITIONING
proc: 0 numspats: 16 numpixs: 262144 numspecs: 24 numrays: 393216
maxnumpix: 262144 maxnumray: 393216
FILL PIXELS AND RAYS
INPUT THETA DATA
DOMAIN PARTITIONING
myid 0 raynuminc 384000/384000 raynumout 384000/384000

CONSTRUCT PROJECTION MATRIX
CSR STORAGE: 235011121 (1.750969 GB) rownzmax 1022
RAY-TRACING TIME: 1.142126e+00
CONSTRUCT BACKPROJECTION MATRIX
CSR STORAGE: 235011121 (1.750969 GB) rownzmax 1092
TRANSPOSITION TIME: 3.271463e-01

BLOCKING PROJECTION MATRIX
NUMBER OF BLOCKS: 375 BUFFSIZE: 12288
NUMBER OF BUFFERS: 970 AVERAGE BUFF/BLOCK: 2.586667 MAX BUFF/BLOCK: 4
BUFF MAP: 11919360 (0.044403 GB)
ELLPACK STORAGE: 297254912 (1.661041 GB) buffnzmax: 575 STORAGE EFFICIENCY: 1.185907 DATA REUSE: 26.094927
BLOCKING TIME: 5.643916e-01
BLOCKING BACKPROJECTION MATRIX
NUMBER OF BLOCKS: 256 BUFFSIZE: 12288
NUMBER OF BUFFERS: 728 AVERAGE BUFF/BLOCK: 2.843750 MAX BUFF/BLOCK: 3
BUFF MAP: 8945664 (0.033325 GB)
ELLPACK STORAGE: 279740416 (1.563171 GB) buffnzmax: 618 STORAGE EFFICIENCY: 1.260156 DATA REUSE: 32.022221
BLOCKING TIME: 5.870796e-01

FILL PROJECTION MATRIX
TIME: 1.046456e+00
FILL BACKPROJECTION MATRIX
TIME: 1.509793e+00
REDUCTION MAPPINGS
PREPROCESSING TIME: 5.179540e+00
myid: 0 device: 0

Device Count: 4
Device 0 name: 61427440
Computational Capabilities: 7, 0
Maximum global memory size: 16945512448
Maximum constant memory size: 65536
Maximum shared memory size per block: 49152
Maximum block dimensions: 1024x1024x64
Maximum grid dimensions: 2147483647x65535x65535
Maximum threads per block: 1024
Warp size: 32

PROC 0 TOTAL GPU MEMORY: 4.699432 GB
INPUT MEASUREMENT DATA
INPUT ENDS
GRADIENT-DESCENT OPTIMIZATION
iter: 0 error: 4.958979e+04 gradnorm: 1.560966e+10
iter: 1 error: 5.316505e+03 gradnorm: 4.760836e+08
iter: 2 error: 5.074574e+02 gradnorm: 1.604494e+07
iter: 3 error: 2.940081e+02 gradnorm: 8.082363e+06
iter: 4 error: 1.716258e+02 gradnorm: 1.353846e+06
iter: 5 error: 1.154543e+02 gradnorm: 6.263282e+05
iter: 6 error: 8.954697e+01 gradnorm: 8.114529e+05
iter: 7 error: 8.217210e+01 gradnorm: 1.186258e+06
iter: 8 error: 7.157293e+01 gradnorm: 4.306822e+05
iter: 9 error: 5.778316e+01 gradnorm: 2.256219e+05
iter: 10 error: 4.873883e+01 gradnorm: 1.925914e+05
iter: 11 error: 4.173116e+01 gradnorm: 1.106404e+05
iter: 12 error: 3.777037e+01 gradnorm: 1.958964e+05
iter: 13 error: 3.468874e+01 gradnorm: 1.021722e+05
iter: 14 error: 3.152772e+01 gradnorm: 7.939621e+04
iter: 15 error: 3.075312e+01 gradnorm: 1.588885e+05
iter: 16 error: 2.842480e+01 gradnorm: 5.525713e+04
iter: 17 error: 2.682940e+01 gradnorm: 4.558555e+04
iter: 18 error: 2.524035e+01 gradnorm: 2.665446e+04
iter: 19 error: 2.394671e+01 gradnorm: 2.563839e+04
iter: 20 error: 2.288764e+01 gradnorm: 1.544799e+04
iter: 21 error: 2.228983e+01 gradnorm: 8.126009e+04
iter: 22 error: 2.188509e+01 gradnorm: 1.266367e+04
iter: 23 error: 2.121203e+01 gradnorm: 1.026592e+04
iter: 24 error: 2.085707e+01 gradnorm: 1.963025e+04
recon: 2.162132e-01 proj: 1.407598e-01 (1.105235e-01 1.780043e-02 7.088935e-03) backproj: 6.745936e-02 (3.841949e-03 8.939215e-03 5.213056e-02) ctime: 7.953868e-03 wtime: 1.260000e-05
numproj: 49 numback: 25
proj: 1.105235e-01 s (208.381860 GFLOPS) backproj: 5.213056e-02 s (225.406293 GFLOPS) avGFLOPS: 213.838184 totGFLOPS: 213.838184
proj: 811.855840 GB/s back: 822.082664 GB/s av: 815.133533 GB/s tot: 815.133533 GB/s
Total Time: 6.491698e+00
