NUM. THETA             : 750
NUM. RHO               : 512
NUM. X PIXELS          : 512
NUM. Y PIXELS          : 512

NUM. OF PIXELS         : 262144
NUM. OF RAYS           : 384000

NUM. ITERATIONS        : 24

SPATIAL TILE SIZE      : 128
SPECTRAL TILE SIZE     : 128

NUMBER OF X TILES      : 4
NUMBER OF Y TILES      : 4
NUM. OF THETA TILES    : 6
NUM. OF RHO TILES      : 4

NUM. SPATIAL TILES     : 16
NUM. SPECTRAL TILES    : 24

NUM. OF X PIXELS (EXT) : 512
NUM. OF Y PIXELS (EXT) : 512
NUM. OF ANGLES (EXT)   : 768
NUM. OF RHOS (EXT)     : 512

NUM. OF PIXELS (EXT)   : 262144
NUM. OF RAYS (EXT)     : 393216

NUMBER OF PROCESSES    : 1
NUMBER OF THRD./PROC.  : 12

INTEGER: 4, FLOAT: 4, LONG: 8, SHORT: 2, POINTER: 8
APPROX. MEMORY     TOTAL: 4.394531e+00 GB
APPROX. MEMORY PER PROC.: 4.394531e+00 GB

X START       : -2.560000e+02
Y START       : -2.560000e+02
PIXEL SIZE    : 1.000000e+00
RHO START     : -2.560000e+02
RAY LENGTH    : 1.024000e+03

SPATIAL INDEXING       : 5
SPECTRAL INDEXING      : 5
 1: CARTESIAN, NATURAL
 2: CARTESIAN, TRANSPOSED
 3: MORTON, NATURAL
 4: MORTON, TRANSPOSED
PROJECTION BLOCK SIZE      : 512
BACKPROJECTION BLOCK SIZE  : 512
PROJECTION BUFFER SIZE      : 48 KB
BACKPROJECTION BUFFER SIZE  : 48 KB

SINOGRAM FILE : ../../../../datasets/CDS1_sinogram.bin
   THETA FILE : ../../../../datasets/CDS1_theta.bin
  OUTPUT FILE : ../../output/single_gpu/ip-0A00000A/v100.12.CDS1.128.128.512.512.48.48.bin


PLACE TILES
lspat 4 lspatdim 4
lspec 6 lspecdim 8
MPI PARTITIONING
proc: 0 numspats: 16 numpixs: 262144 numspecs: 24 numrays: 393216
maxnumpix: 262144 maxnumray: 393216
FILL PIXELS AND RAYS
INPUT THETA DATA
DOMAIN PARTITIONING
myid 0 raynuminc 384000/384000 raynumout 384000/384000

CONSTRUCT PROJECTION MATRIX
CSR STORAGE: 235011121 (1.750969 GB) rownzmax 1022
RAY-TRACING TIME: 1.134821e+00
CONSTRUCT BACKPROJECTION MATRIX
CSR STORAGE: 235011121 (1.750969 GB) rownzmax 1092
TRANSPOSITION TIME: 3.420076e-01

BLOCKING PROJECTION MATRIX
NUMBER OF BLOCKS: 750 BUFFSIZE: 12288
NUMBER OF BUFFERS: 1416 AVERAGE BUFF/BLOCK: 1.888000 MAX BUFF/BLOCK: 3
BUFF MAP: 17399808 (0.064819 GB)
ELLPACK STORAGE: 272871424 (1.524788 GB) buffnzmax: 693 STORAGE EFFICIENCY: 1.291878 DATA REUSE: 17.633121
BLOCKING TIME: 5.723669e-01
BLOCKING BACKPROJECTION MATRIX
NUMBER OF BLOCKS: 512 BUFFSIZE: 12288
NUMBER OF BUFFERS: 1020 AVERAGE BUFF/BLOCK: 1.992188 MAX BUFF/BLOCK: 2
BUFF MAP: 12533760 (0.046692 GB)
ELLPACK STORAGE: 260354048 (1.454842 GB) buffnzmax: 746 STORAGE EFFICIENCY: 1.353990 DATA REUSE: 21.340651
BLOCKING TIME: 5.865134e-01

FILL PROJECTION MATRIX
TIME: 1.023978e+00
FILL BACKPROJECTION MATRIX
TIME: 1.263859e+00
REDUCTION MAPPINGS
PREPROCESSING TIME: 4.926151e+00
myid: 0 device: 0

Device Count: 4
Device 0 name: 1713480688
Computational Capabilities: 7, 0
Maximum global memory size: 16945512448
Maximum constant memory size: 65536
Maximum shared memory size per block: 49152
Maximum block dimensions: 1024x1024x64
Maximum grid dimensions: 2147483647x65535x65535
Maximum threads per block: 1024
Warp size: 32

PROC 0 TOTAL GPU MEMORY: 4.385553 GB
INPUT MEASUREMENT DATA
INPUT ENDS
GRADIENT-DESCENT OPTIMIZATION
iter: 0 error: 4.958979e+04 gradnorm: 1.560966e+10
iter: 1 error: 5.316505e+03 gradnorm: 4.760833e+08
iter: 2 error: 5.074574e+02 gradnorm: 1.604495e+07
iter: 3 error: 2.940081e+02 gradnorm: 8.082360e+06
iter: 4 error: 1.716257e+02 gradnorm: 1.353847e+06
iter: 5 error: 1.154563e+02 gradnorm: 6.269604e+05
iter: 6 error: 8.988754e+01 gradnorm: 9.120655e+05
iter: 7 error: 8.316026e+01 gradnorm: 1.049865e+06
iter: 8 error: 7.158992e+01 gradnorm: 4.255895e+05
iter: 9 error: 5.778328e+01 gradnorm: 2.256088e+05
iter: 10 error: 4.873884e+01 gradnorm: 1.925929e+05
iter: 11 error: 4.173133e+01 gradnorm: 1.106592e+05
iter: 12 error: 3.777374e+01 gradnorm: 1.963468e+05
iter: 13 error: 3.471280e+01 gradnorm: 1.088336e+05
iter: 14 error: 3.263944e+01 gradnorm: 2.784667e+05
iter: 15 error: 3.110809e+01 gradnorm: 6.356368e+04
iter: 16 error: 2.842661e+01 gradnorm: 5.472661e+04
iter: 17 error: 2.682944e+01 gradnorm: 4.558089e+04
iter: 18 error: 2.524044e+01 gradnorm: 2.666540e+04
iter: 19 error: 2.395512e+01 gradnorm: 2.835169e+04
iter: 20 error: 2.345464e+01 gradnorm: 9.118088e+04
iter: 21 error: 2.280006e+01 gradnorm: 1.526068e+04
iter: 22 error: 2.188700e+01 gradnorm: 1.200062e+04
iter: 23 error: 2.120740e+01 gradnorm: 9.707753e+03
iter: 24 error: 2.076737e+01 gradnorm: 1.621943e+04
recon: 2.240780e-01 proj: 1.332056e-01 (1.015420e-01 1.841661e-02 7.561103e-03) backproj: 6.462991e-02 (3.965896e-03 9.470653e-03 4.857456e-02) ctime: 2.619731e-02 wtime: 1.790000e-05
numproj: 49 numback: 25
proj: 1.015420e-01 s (226.813471 GFLOPS) backproj: 4.857456e-02 s (241.907618 GFLOPS) avGFLOPS: 231.697620 totGFLOPS: 231.697620
proj: 823.645135 GB/s back: 829.785866 GB/s av: 825.632146 GB/s tot: 825.632146 GB/s
Total Time: 6.210647e+00
