NUM. THETA             : 750
NUM. RHO               : 512
NUM. X PIXELS          : 512
NUM. Y PIXELS          : 512

NUM. OF PIXELS         : 262144
NUM. OF RAYS           : 384000

NUM. ITERATIONS        : 24

SPATIAL TILE SIZE      : 128
SPECTRAL TILE SIZE     : 128

NUMBER OF X TILES      : 4
NUMBER OF Y TILES      : 4
NUM. OF THETA TILES    : 6
NUM. OF RHO TILES      : 4

NUM. SPATIAL TILES     : 16
NUM. SPECTRAL TILES    : 24

NUM. OF X PIXELS (EXT) : 512
NUM. OF Y PIXELS (EXT) : 512
NUM. OF ANGLES (EXT)   : 768
NUM. OF RHOS (EXT)     : 512

NUM. OF PIXELS (EXT)   : 262144
NUM. OF RAYS (EXT)     : 393216

NUMBER OF PROCESSES    : 1
NUMBER OF THRD./PROC.  : 6

INTEGER: 4, FLOAT: 4, LONG: 8, SHORT: 2, POINTER: 8
APPROX. MEMORY     TOTAL: 4.394531e+00 GB
APPROX. MEMORY PER PROC.: 4.394531e+00 GB

X START       : -2.560000e+02
Y START       : -2.560000e+02
PIXEL SIZE    : 1.000000e+00
RHO START     : -2.560000e+02
RAY LENGTH    : 1.024000e+03

SPATIAL INDEXING       : 5
SPECTRAL INDEXING      : 5
 1: CARTESIAN, NATURAL
 2: CARTESIAN, TRANSPOSED
 3: MORTON, NATURAL
 4: MORTON, TRANSPOSED
PROJECTION BLOCK SIZE      : 512
BACKPROJECTION BLOCK SIZE  : 512
PROJECTION BUFFER SIZE      : 48 KB
BACKPROJECTION BUFFER SIZE  : 48 KB

SINOGRAM FILE : ../../../../datasets/CDS1_sinogram.bin
   THETA FILE : ../../../../datasets/CDS1_theta.bin
  OUTPUT FILE : ../../output/single_gpu/ip-0A00000A/v100.6.CDS1.128.128.512.512.48.48.bin


PLACE TILES
lspat 4 lspatdim 4
lspec 6 lspecdim 8
MPI PARTITIONING
proc: 0 numspats: 16 numpixs: 262144 numspecs: 24 numrays: 393216
maxnumpix: 262144 maxnumray: 393216
FILL PIXELS AND RAYS
INPUT THETA DATA
DOMAIN PARTITIONING
myid 0 raynuminc 384000/384000 raynumout 384000/384000

CONSTRUCT PROJECTION MATRIX
CSR STORAGE: 235011121 (1.750969 GB) rownzmax 1022
RAY-TRACING TIME: 2.258479e+00
CONSTRUCT BACKPROJECTION MATRIX
CSR STORAGE: 235011121 (1.750969 GB) rownzmax 1092
TRANSPOSITION TIME: 5.586502e-01

BLOCKING PROJECTION MATRIX
NUMBER OF BLOCKS: 750 BUFFSIZE: 12288
NUMBER OF BUFFERS: 1416 AVERAGE BUFF/BLOCK: 1.888000 MAX BUFF/BLOCK: 3
BUFF MAP: 17399808 (0.064819 GB)
ELLPACK STORAGE: 272871424 (1.524788 GB) buffnzmax: 693 STORAGE EFFICIENCY: 1.291878 DATA REUSE: 17.633121
BLOCKING TIME: 1.128372e+00
BLOCKING BACKPROJECTION MATRIX
NUMBER OF BLOCKS: 512 BUFFSIZE: 12288
NUMBER OF BUFFERS: 1020 AVERAGE BUFF/BLOCK: 1.992188 MAX BUFF/BLOCK: 2
BUFF MAP: 12533760 (0.046692 GB)
ELLPACK STORAGE: 260354048 (1.454842 GB) buffnzmax: 746 STORAGE EFFICIENCY: 1.353990 DATA REUSE: 21.340651
BLOCKING TIME: 1.124797e+00

FILL PROJECTION MATRIX
TIME: 2.023436e+00
FILL BACKPROJECTION MATRIX
TIME: 2.501319e+00
REDUCTION MAPPINGS
PREPROCESSING TIME: 9.597578e+00
myid: 0 device: 0

Device Count: 4
Device 0 name: 630229648
Computational Capabilities: 7, 0
Maximum global memory size: 16945512448
Maximum constant memory size: 65536
Maximum shared memory size per block: 49152
Maximum block dimensions: 1024x1024x64
Maximum grid dimensions: 2147483647x65535x65535
Maximum threads per block: 1024
Warp size: 32

PROC 0 TOTAL GPU MEMORY: 4.385553 GB
INPUT MEASUREMENT DATA
INPUT ENDS
GRADIENT-DESCENT OPTIMIZATION
iter: 0 error: 4.958808e+04 gradnorm: 1.560965e+10
iter: 1 error: 5.316486e+03 gradnorm: 4.760854e+08
iter: 2 error: 5.074547e+02 gradnorm: 1.604521e+07
iter: 3 error: 2.940067e+02 gradnorm: 8.082372e+06
iter: 4 error: 1.716252e+02 gradnorm: 1.353951e+06
iter: 5 error: 1.155030e+02 gradnorm: 6.433239e+05
iter: 6 error: 9.612605e+01 gradnorm: 2.187892e+06
iter: 7 error: 8.512566e+01 gradnorm: 6.288846e+05
iter: 8 error: 7.161420e+01 gradnorm: 4.181217e+05
iter: 9 error: 5.778294e+01 gradnorm: 2.255923e+05
iter: 10 error: 4.873905e+01 gradnorm: 1.926256e+05
iter: 11 error: 4.173540e+01 gradnorm: 1.111590e+05
iter: 12 error: 3.784700e+01 gradnorm: 2.026133e+05
iter: 13 error: 3.497691e+01 gradnorm: 1.712314e+05
iter: 14 error: 3.385342e+01 gradnorm: 1.621404e+05
iter: 15 error: 3.111987e+01 gradnorm: 5.989215e+04
iter: 16 error: 2.842669e+01 gradnorm: 5.471753e+04
iter: 17 error: 2.682950e+01 gradnorm: 4.557780e+04
iter: 18 error: 2.524035e+01 gradnorm: 2.670806e+04
iter: 19 error: 2.398672e+01 gradnorm: 3.824395e+04
iter: 20 error: 2.369911e+01 gradnorm: 5.297486e+04
iter: 21 error: 2.280086e+01 gradnorm: 1.497508e+04
iter: 22 error: 2.188897e+01 gradnorm: 1.224748e+04
iter: 23 error: 2.128566e+01 gradnorm: 1.761986e+04
iter: 24 error: 2.103578e+01 gradnorm: 1.227729e+04
recon: 2.060160e-01 proj: 1.321864e-01 (1.014469e-01 1.800154e-02 7.139986e-03) backproj: 6.387854e-02 (3.800174e-03 9.041869e-03 4.851264e-02) ctime: 9.908319e-03 wtime: 1.799800e-05
numproj: 49 numback: 25
proj: 1.014469e-01 s (227.025962 GFLOPS) backproj: 4.851264e-02 s (242.216381 GFLOPS) avGFLOPS: 231.940135 totGFLOPS: 231.940135
proj: 824.416767 GB/s back: 830.844979 GB/s av: 826.496324 GB/s tot: 826.496324 GB/s
Total Time: 1.089973e+01
