NUM. THETA             : 375
NUM. RHO               : 1024
NUM. X PIXELS          : 1024
NUM. Y PIXELS          : 1024

NUM. OF PIXELS         : 1048576
NUM. OF RAYS           : 384000

NUM. ITERATIONS        : 24

SPATIAL TILE SIZE      : 128
SPECTRAL TILE SIZE     : 128

NUMBER OF X TILES      : 8
NUMBER OF Y TILES      : 8
NUM. OF THETA TILES    : 3
NUM. OF RHO TILES      : 8

NUM. SPATIAL TILES     : 64
NUM. SPECTRAL TILES    : 24

NUM. OF X PIXELS (EXT) : 1024
NUM. OF Y PIXELS (EXT) : 1024
NUM. OF ANGLES (EXT)   : 384
NUM. OF RHOS (EXT)     : 1024

NUM. OF PIXELS (EXT)   : 1048576
NUM. OF RAYS (EXT)     : 393216

NUMBER OF PROCESSES    : 1
NUMBER OF THRD./PROC.  : 6

INTEGER: 4, FLOAT: 4, LONG: 8, SHORT: 2, POINTER: 8
APPROX. MEMORY     TOTAL: 8.789062e+00 GB
APPROX. MEMORY PER PROC.: 8.789062e+00 GB

X START       : -5.120000e+02
Y START       : -5.120000e+02
PIXEL SIZE    : 1.000000e+00
RHO START     : -5.120000e+02
RAY LENGTH    : 2.048000e+03

SPATIAL INDEXING       : 5
SPECTRAL INDEXING      : 5
 1: CARTESIAN, NATURAL
 2: CARTESIAN, TRANSPOSED
 3: MORTON, NATURAL
 4: MORTON, TRANSPOSED
PROJECTION BLOCK SIZE      : 512
BACKPROJECTION BLOCK SIZE  : 512
PROJECTION BUFFER SIZE      : 48 KB
BACKPROJECTION BUFFER SIZE  : 48 KB

SINOGRAM FILE : ../../../../datasets/CDS2_sinogram.bin
   THETA FILE : ../../../../datasets/CDS2_theta.bin
  OUTPUT FILE : ../../output/single_gpu/ip-0A00000A/v100.6.CDS2.128.128.512.512.48.48.bin


PLACE TILES
lspat 8 lspatdim 8
lspec 8 lspecdim 8
MPI PARTITIONING
proc: 0 numspats: 64 numpixs: 1048576 numspecs: 24 numrays: 393216
maxnumpix: 1048576 maxnumray: 393216
FILL PIXELS AND RAYS
INPUT THETA DATA
DOMAIN PARTITIONING
myid 0 raynuminc 384000/384000 raynumout 384000/384000

CONSTRUCT PROJECTION MATRIX
CSR STORAGE: 470024030 (3.501952 GB) rownzmax 2046
RAY-TRACING TIME: 4.719608e+00
CONSTRUCT BACKPROJECTION MATRIX
CSR STORAGE: 470024030 (3.501952 GB) rownzmax 607
TRANSPOSITION TIME: 1.235716e+00

BLOCKING PROJECTION MATRIX
NUMBER OF BLOCKS: 750 BUFFSIZE: 12288
NUMBER OF BUFFERS: 3338 AVERAGE BUFF/BLOCK: 4.450667 MAX BUFF/BLOCK: 7
BUFF MAP: 41017344 (0.152802 GB)
ELLPACK STORAGE: 601530368 (3.361313 GB) buffnzmax: 714 STORAGE EFFICIENCY: 1.172071 DATA REUSE: 13.194256
BLOCKING TIME: 2.508601e+00
BLOCKING BACKPROJECTION MATRIX
NUMBER OF BLOCKS: 2048 BUFFSIZE: 12288
NUMBER OF BUFFERS: 2048 AVERAGE BUFF/BLOCK: 1.000000 MAX BUFF/BLOCK: 1
BUFF MAP: 25165824 (0.093750 GB)
ELLPACK STORAGE: 499561984 (2.791520 GB) buffnzmax: 607 STORAGE EFFICIENCY: 1.411308 DATA REUSE: 21.334789
BLOCKING TIME: 2.331247e+00

FILL PROJECTION MATRIX
TIME: 4.054463e+00
FILL BACKPROJECTION MATRIX
TIME: 4.817257e+00
REDUCTION MAPPINGS
PREPROCESSING TIME: 1.966939e+01
myid: 0 device: 0

Device Count: 4
Device 0 name: 1895817648
Computational Capabilities: 7, 0
Maximum global memory size: 16945512448
Maximum constant memory size: 65536
Maximum shared memory size per block: 49152
Maximum block dimensions: 1024x1024x64
Maximum grid dimensions: 2147483647x65535x65535
Maximum threads per block: 1024
Warp size: 32

PROC 0 TOTAL GPU MEMORY: 9.073503 GB
INPUT MEASUREMENT DATA
INPUT ENDS
GRADIENT-DESCENT OPTIMIZATION
iter: 0 error: 5.498199e+04 gradnorm: 1.963805e+10
iter: 1 error: 3.375368e+03 gradnorm: 2.933182e+08
iter: 2 error: 1.127910e+03 gradnorm: 5.687392e+07
iter: 3 error: 4.702511e+02 gradnorm: 1.895790e+07
iter: 4 error: 3.071284e+02 gradnorm: 8.957289e+06
iter: 5 error: 2.100897e+02 gradnorm: 2.580077e+06
iter: 6 error: 1.482825e+02 gradnorm: 1.230576e+06
iter: 7 error: 1.202301e+02 gradnorm: 1.269159e+06
iter: 8 error: 1.080936e+02 gradnorm: 1.917928e+06
iter: 9 error: 9.409680e+01 gradnorm: 7.139720e+05
iter: 10 error: 7.640609e+01 gradnorm: 4.550361e+05
iter: 11 error: 6.296101e+01 gradnorm: 3.332823e+05
iter: 12 error: 5.227560e+01 gradnorm: 2.615925e+05
iter: 13 error: 4.615866e+01 gradnorm: 2.737558e+05
iter: 14 error: 4.033356e+01 gradnorm: 1.737318e+05
iter: 15 error: 3.841245e+01 gradnorm: 3.042822e+05
iter: 16 error: 3.516180e+01 gradnorm: 3.151216e+05
iter: 17 error: 3.310136e+01 gradnorm: 1.183006e+05
iter: 18 error: 3.030507e+01 gradnorm: 8.359917e+04
iter: 19 error: 2.796423e+01 gradnorm: 1.031005e+05
iter: 20 error: 2.669061e+01 gradnorm: 5.172566e+04
iter: 21 error: 2.504241e+01 gradnorm: 4.890251e+04
iter: 22 error: 2.407220e+01 gradnorm: 4.184239e+04
iter: 23 error: 2.355039e+01 gradnorm: 8.017236e+04
iter: 24 error: 2.304853e+01 gradnorm: 2.704816e+04
recon: 3.980778e-01 proj: 2.670192e-01 (2.239483e-01 1.804839e-02 7.147602e-03) backproj: 1.139168e-01 (3.808588e-03 9.063794e-03 9.248867e-02) ctime: 1.709664e-02 wtime: 1.849800e-05
numproj: 49 numback: 25
proj: 2.239483e-01 s (205.682968 GFLOPS) backproj: 9.248867e-02 s (254.098160 GFLOPS) avGFLOPS: 219.833832 totGFLOPS: 219.833832
proj: 825.589265 GB/s back: 837.409361 GB/s av: 829.044060 GB/s tot: 829.044060 GB/s
Total Time: 2.171659e+01
