NUM. THETA             : 375
NUM. RHO               : 1024
NUM. X PIXELS          : 1024
NUM. Y PIXELS          : 1024

NUM. OF PIXELS         : 1048576
NUM. OF RAYS           : 384000

NUM. ITERATIONS        : 24

SPATIAL TILE SIZE      : 16
SPECTRAL TILE SIZE     : 16

NUMBER OF X TILES      : 64
NUMBER OF Y TILES      : 64
NUM. OF THETA TILES    : 24
NUM. OF RHO TILES      : 64

NUM. SPATIAL TILES     : 4096
NUM. SPECTRAL TILES    : 1536

NUM. OF X PIXELS (EXT) : 1024
NUM. OF Y PIXELS (EXT) : 1024
NUM. OF ANGLES (EXT)   : 384
NUM. OF RHOS (EXT)     : 1024

NUM. OF PIXELS (EXT)   : 1048576
NUM. OF RAYS (EXT)     : 393216

NUMBER OF PROCESSES    : 1
NUMBER OF THRD./PROC.  : 6

INTEGER: 4, FLOAT: 4, LONG: 8, SHORT: 2, POINTER: 8
APPROX. MEMORY     TOTAL: 8.789062e+00 GB
APPROX. MEMORY PER PROC.: 8.789062e+00 GB

X START       : -5.120000e+02
Y START       : -5.120000e+02
PIXEL SIZE    : 1.000000e+00
RHO START     : -5.120000e+02
RAY LENGTH    : 2.048000e+03

SPATIAL INDEXING       : 5
SPECTRAL INDEXING      : 5
 1: CARTESIAN, NATURAL
 2: CARTESIAN, TRANSPOSED
 3: MORTON, NATURAL
 4: MORTON, TRANSPOSED
PROJECTION BLOCK SIZE      : 256
BACKPROJECTION BLOCK SIZE  : 256
PROJECTION BUFFER SIZE      : 48 KB
BACKPROJECTION BUFFER SIZE  : 48 KB

SINOGRAM FILE : ../../../../datasets/CDS2_sinogram.bin
   THETA FILE : ../../../../datasets/CDS2_theta.bin
  OUTPUT FILE : ../../output/single_gpu/ip-0A00000A/v100.6.CDS2.16.16.256.256.48.48.bin


PLACE TILES
lspat 64 lspatdim 64
lspec 64 lspecdim 64
MPI PARTITIONING
proc: 0 numspats: 4096 numpixs: 1048576 numspecs: 1536 numrays: 393216
maxnumpix: 1048576 maxnumray: 393216
FILL PIXELS AND RAYS
INPUT THETA DATA
DOMAIN PARTITIONING
myid 0 raynuminc 384000/384000 raynumout 384000/384000

CONSTRUCT PROJECTION MATRIX
CSR STORAGE: 470024080 (3.501952 GB) rownzmax 2046
RAY-TRACING TIME: 2.185431e+01
CONSTRUCT BACKPROJECTION MATRIX
CSR STORAGE: 470024080 (3.501952 GB) rownzmax 607
TRANSPOSITION TIME: 1.275163e+00

BLOCKING PROJECTION MATRIX
NUMBER OF BLOCKS: 1500 BUFFSIZE: 12288
NUMBER OF BUFFERS: 4688 AVERAGE BUFF/BLOCK: 3.125333 MAX BUFF/BLOCK: 5
BUFF MAP: 57606144 (0.214600 GB)
ELLPACK STORAGE: 544115968 (3.040485 GB) buffnzmax: 831 STORAGE EFFICIENCY: 1.295746 DATA REUSE: 9.528811
BLOCKING TIME: 2.796768e+00
BLOCKING BACKPROJECTION MATRIX
NUMBER OF BLOCKS: 4096 BUFFSIZE: 12288
NUMBER OF BUFFERS: 4096 AVERAGE BUFF/BLOCK: 1.000000 MAX BUFF/BLOCK: 1
BUFF MAP: 50331648 (0.187500 GB)
ELLPACK STORAGE: 495463424 (2.768618 GB) buffnzmax: 607 STORAGE EFFICIENCY: 1.422983 DATA REUSE: 16.000364
BLOCKING TIME: 1.870574e+00

FILL PROJECTION MATRIX
TIME: 3.945956e+00
FILL BACKPROJECTION MATRIX
TIME: 4.576045e+00
REDUCTION MAPPINGS
PREPROCESSING TIME: 3.632078e+01
myid: 0 device: 0

Device Count: 4
Device 0 name: 694161376
Computational Capabilities: 7, 0
Maximum global memory size: 16945512448
Maximum constant memory size: 65536
Maximum shared memory size per block: 49152
Maximum block dimensions: 1024x1024x64
Maximum grid dimensions: 2147483647x65535x65535
Maximum threads per block: 1024
Warp size: 32

PROC 0 TOTAL GPU MEMORY: 8.748444 GB
INPUT MEASUREMENT DATA
INPUT ENDS
GRADIENT-DESCENT OPTIMIZATION
iter: 0 error: 5.498197e+04 gradnorm: 1.963803e+10
iter: 1 error: 3.375375e+03 gradnorm: 2.933189e+08
iter: 2 error: 1.127913e+03 gradnorm: 5.687408e+07
iter: 3 error: 4.702561e+02 gradnorm: 1.895835e+07
iter: 4 error: 3.071313e+02 gradnorm: 8.957254e+06
iter: 5 error: 2.100911e+02 gradnorm: 2.580100e+06
iter: 6 error: 1.482829e+02 gradnorm: 1.230233e+06
iter: 7 error: 1.201776e+02 gradnorm: 1.253753e+06
iter: 8 error: 1.078138e+02 gradnorm: 1.935522e+06
iter: 9 error: 9.408919e+01 gradnorm: 7.165900e+05
iter: 10 error: 7.640701e+01 gradnorm: 4.550628e+05
iter: 11 error: 6.296186e+01 gradnorm: 3.333442e+05
iter: 12 error: 5.228586e+01 gradnorm: 2.635232e+05
iter: 13 error: 4.632584e+01 gradnorm: 2.966633e+05
iter: 14 error: 4.154902e+01 gradnorm: 3.422447e+05
iter: 15 error: 3.923320e+01 gradnorm: 2.097907e+05
iter: 16 error: 3.732086e+01 gradnorm: 2.894847e+05
iter: 17 error: 3.319280e+01 gradnorm: 1.021026e+05
iter: 18 error: 3.028978e+01 gradnorm: 8.138104e+04
iter: 19 error: 2.779499e+01 gradnorm: 9.138838e+04
iter: 20 error: 2.664432e+01 gradnorm: 5.557582e+04
iter: 21 error: 2.503964e+01 gradnorm: 5.078832e+04
iter: 22 error: 2.421534e+01 gradnorm: 7.504107e+04
iter: 23 error: 2.380077e+01 gradnorm: 4.672370e+04
iter: 24 error: 2.305297e+01 gradnorm: 2.557804e+04
recon: 4.019681e-01 proj: 2.631803e-01 (2.201682e-01 1.802473e-02 7.176996e-03) backproj: 1.206119e-01 (3.803943e-03 9.037316e-03 9.922070e-02) ctime: 1.812604e-02 wtime: 1.799800e-05
numproj: 49 numback: 25
proj: 2.201682e-01 s (209.214414 GFLOPS) backproj: 9.922070e-02 s (236.857863 GFLOPS) avGFLOPS: 217.802072 totGFLOPS: 217.802072
proj: 777.863937 GB/s back: 799.759274 GB/s av: 784.665898 GB/s tot: 784.665898 GB/s
Total Time: 4.747107e+01
