NUM. THETA             : 375
NUM. RHO               : 1024
NUM. X PIXELS          : 1024
NUM. Y PIXELS          : 1024

NUM. OF PIXELS         : 1048576
NUM. OF RAYS           : 384000

NUM. ITERATIONS        : 24

SPATIAL TILE SIZE      : 256
SPECTRAL TILE SIZE     : 256

NUMBER OF X TILES      : 4
NUMBER OF Y TILES      : 4
NUM. OF THETA TILES    : 2
NUM. OF RHO TILES      : 4

NUM. SPATIAL TILES     : 16
NUM. SPECTRAL TILES    : 8

NUM. OF X PIXELS (EXT) : 1024
NUM. OF Y PIXELS (EXT) : 1024
NUM. OF ANGLES (EXT)   : 512
NUM. OF RHOS (EXT)     : 1024

NUM. OF PIXELS (EXT)   : 1048576
NUM. OF RAYS (EXT)     : 524288

NUMBER OF PROCESSES    : 1
NUMBER OF THRD./PROC.  : 6

INTEGER: 4, FLOAT: 4, LONG: 8, SHORT: 2, POINTER: 8
APPROX. MEMORY     TOTAL: 8.789062e+00 GB
APPROX. MEMORY PER PROC.: 8.789062e+00 GB

X START       : -5.120000e+02
Y START       : -5.120000e+02
PIXEL SIZE    : 1.000000e+00
RHO START     : -5.120000e+02
RAY LENGTH    : 2.048000e+03

SPATIAL INDEXING       : 5
SPECTRAL INDEXING      : 5
 1: CARTESIAN, NATURAL
 2: CARTESIAN, TRANSPOSED
 3: MORTON, NATURAL
 4: MORTON, TRANSPOSED
PROJECTION BLOCK SIZE      : 512
BACKPROJECTION BLOCK SIZE  : 512
PROJECTION BUFFER SIZE      : 48 KB
BACKPROJECTION BUFFER SIZE  : 48 KB

SINOGRAM FILE : ../../../../datasets/CDS2_sinogram.bin
   THETA FILE : ../../../../datasets/CDS2_theta.bin
  OUTPUT FILE : ../../output/single_gpu/ip-0A00000A/v100.6.CDS2.256.256.512.512.48.48.bin


PLACE TILES
lspat 4 lspatdim 4
lspec 4 lspecdim 4
MPI PARTITIONING
proc: 0 numspats: 16 numpixs: 1048576 numspecs: 8 numrays: 524288
maxnumpix: 1048576 maxnumray: 524288
FILL PIXELS AND RAYS
INPUT THETA DATA
DOMAIN PARTITIONING
myid 0 raynuminc 384000/384000 raynumout 384000/384000

CONSTRUCT PROJECTION MATRIX
CSR STORAGE: 470024248 (3.501954 GB) rownzmax 2046
RAY-TRACING TIME: 4.748816e+00
CONSTRUCT BACKPROJECTION MATRIX
CSR STORAGE: 470024248 (3.501954 GB) rownzmax 607
TRANSPOSITION TIME: 1.202389e+00

BLOCKING PROJECTION MATRIX
NUMBER OF BLOCKS: 750 BUFFSIZE: 12288
NUMBER OF BUFFERS: 3324 AVERAGE BUFF/BLOCK: 4.432000 MAX BUFF/BLOCK: 7
BUFF MAP: 40845312 (0.152161 GB)
ELLPACK STORAGE: 599623168 (3.350656 GB) buffnzmax: 716 STORAGE EFFICIENCY: 1.175799 DATA REUSE: 13.167217
BLOCKING TIME: 2.498493e+00
BLOCKING BACKPROJECTION MATRIX
NUMBER OF BLOCKS: 2048 BUFFSIZE: 12288
NUMBER OF BUFFERS: 2048 AVERAGE BUFF/BLOCK: 1.000000 MAX BUFF/BLOCK: 1
BUFF MAP: 25165824 (0.093750 GB)
ELLPACK STORAGE: 499608064 (2.791778 GB) buffnzmax: 607 STORAGE EFFICIENCY: 1.411179 DATA REUSE: 21.334856
BLOCKING TIME: 2.332933e+00

FILL PROJECTION MATRIX
TIME: 4.035351e+00
FILL BACKPROJECTION MATRIX
TIME: 4.818942e+00
REDUCTION MAPPINGS
PREPROCESSING TIME: 1.963926e+01
myid: 0 device: 0

Device Count: 4
Device 0 name: 316246304
Computational Capabilities: 7, 0
Maximum global memory size: 16945512448
Maximum constant memory size: 65536
Maximum shared memory size per block: 49152
Maximum block dimensions: 1024x1024x64
Maximum grid dimensions: 2147483647x65535x65535
Maximum threads per block: 1024
Warp size: 32

PROC 0 TOTAL GPU MEMORY: 9.057927 GB
INPUT MEASUREMENT DATA
INPUT ENDS
GRADIENT-DESCENT OPTIMIZATION
iter: 0 error: 5.498064e+04 gradnorm: 1.963811e+10
iter: 1 error: 3.375356e+03 gradnorm: 2.933178e+08
iter: 2 error: 1.127908e+03 gradnorm: 5.687438e+07
iter: 3 error: 4.702556e+02 gradnorm: 1.895871e+07
iter: 4 error: 3.071287e+02 gradnorm: 8.957102e+06
iter: 5 error: 2.100903e+02 gradnorm: 2.580060e+06
iter: 6 error: 1.482718e+02 gradnorm: 1.226706e+06
iter: 7 error: 1.196038e+02 gradnorm: 1.084193e+06
iter: 8 error: 1.013079e+02 gradnorm: 1.496969e+06
iter: 9 error: 9.348734e+01 gradnorm: 8.904568e+05
iter: 10 error: 7.640208e+01 gradnorm: 4.562812e+05
iter: 11 error: 6.296085e+01 gradnorm: 3.333253e+05
iter: 12 error: 5.228059e+01 gradnorm: 2.626100e+05
iter: 13 error: 4.624432e+01 gradnorm: 2.851032e+05
iter: 14 error: 4.099717e+01 gradnorm: 2.701944e+05
iter: 15 error: 3.890875e+01 gradnorm: 2.004196e+05
iter: 16 error: 3.651250e+01 gradnorm: 3.955479e+05
iter: 17 error: 3.318628e+01 gradnorm: 1.051858e+05
iter: 18 error: 3.034835e+01 gradnorm: 8.736025e+04
iter: 19 error: 2.824043e+01 gradnorm: 1.139004e+05
iter: 20 error: 2.672739e+01 gradnorm: 4.825634e+04
iter: 21 error: 2.504726e+01 gradnorm: 4.862509e+04
iter: 22 error: 2.406207e+01 gradnorm: 3.861947e+04
iter: 23 error: 2.337401e+01 gradnorm: 6.784502e+04
iter: 24 error: 2.303705e+01 gradnorm: 3.049874e+04
recon: 4.030682e-01 proj: 2.691290e-01 (2.240006e-01 1.812376e-02 9.137021e-03) backproj: 1.148299e-01 (4.875545e-03 9.058328e-03 9.232166e-02) ctime: 1.905760e-02 wtime: 2.220000e-05
numproj: 49 numback: 25
proj: 2.240006e-01 s (205.635020 GFLOPS) backproj: 9.232166e-02 s (254.557938 GFLOPS) avGFLOPS: 219.913638 totGFLOPS: 219.913638
proj: 822.742703 GB/s back: 838.999088 GB/s av: 827.487283 GB/s tot: 827.487283 GB/s
Total Time: 2.156206e+01
