NUM. THETA             : 750
NUM. RHO               : 512
NUM. X PIXELS          : 512
NUM. Y PIXELS          : 512

NUM. OF PIXELS         : 262144
NUM. OF RAYS           : 384000

NUM. ITERATIONS        : 24

SPATIAL TILE SIZE      : 512
SPECTRAL TILE SIZE     : 512

NUMBER OF X TILES      : 1
NUMBER OF Y TILES      : 1
NUM. OF THETA TILES    : 2
NUM. OF RHO TILES      : 1

NUM. SPATIAL TILES     : 1
NUM. SPECTRAL TILES    : 2

NUM. OF X PIXELS (EXT) : 512
NUM. OF Y PIXELS (EXT) : 512
NUM. OF ANGLES (EXT)   : 1024
NUM. OF RHOS (EXT)     : 512

NUM. OF PIXELS (EXT)   : 262144
NUM. OF RAYS (EXT)     : 524288

NUMBER OF PROCESSES    : 1
NUMBER OF THRD./PROC.  : 12

INTEGER: 4, FLOAT: 4, LONG: 8, SHORT: 2, POINTER: 8
APPROX. MEMORY     TOTAL: 4.394531e+00 GB
APPROX. MEMORY PER PROC.: 4.394531e+00 GB

X START       : -2.560000e+02
Y START       : -2.560000e+02
PIXEL SIZE    : 1.000000e+00
RHO START     : -2.560000e+02
RAY LENGTH    : 1.024000e+03

SPATIAL INDEXING       : 5
SPECTRAL INDEXING      : 5
 1: CARTESIAN, NATURAL
 2: CARTESIAN, TRANSPOSED
 3: MORTON, NATURAL
 4: MORTON, TRANSPOSED
PROJECTION BLOCK SIZE      : 1024
BACKPROJECTION BLOCK SIZE  : 1024
PROJECTION BUFFER SIZE      : 48 KB
BACKPROJECTION BUFFER SIZE  : 48 KB

SINOGRAM FILE : ../../../../datasets/CDS1_sinogram.bin
   THETA FILE : ../../../../datasets/CDS1_theta.bin
  OUTPUT FILE : ../../output/single_gpu/ip-0A00000A/v100.12.CDS1.512.512.1024.1024.48.48.bin


PLACE TILES
lspat 1 lspatdim 1
lspec 2 lspecdim 2
MPI PARTITIONING
proc: 0 numspats: 1 numpixs: 262144 numspecs: 2 numrays: 524288
maxnumpix: 262144 maxnumray: 524288
FILL PIXELS AND RAYS
INPUT THETA DATA
DOMAIN PARTITIONING
myid 0 raynuminc 384000/384000 raynumout 384000/384000

CONSTRUCT PROJECTION MATRIX
CSR STORAGE: 235011336 (1.750971 GB) rownzmax 1022
RAY-TRACING TIME: 1.201180e+00
CONSTRUCT BACKPROJECTION MATRIX
CSR STORAGE: 235011336 (1.750971 GB) rownzmax 1092
TRANSPOSITION TIME: 3.194867e-01

BLOCKING PROJECTION MATRIX
NUMBER OF BLOCKS: 375 BUFFSIZE: 12288
NUMBER OF BUFFERS: 969 AVERAGE BUFF/BLOCK: 2.584000 MAX BUFF/BLOCK: 5
BUFF MAP: 11907072 (0.044357 GB)
ELLPACK STORAGE: 298817536 (1.669773 GB) buffnzmax: 613 STORAGE EFFICIENCY: 1.179707 DATA REUSE: 26.121414
BLOCKING TIME: 5.736143e-01
BLOCKING BACKPROJECTION MATRIX
NUMBER OF BLOCKS: 256 BUFFSIZE: 12288
NUMBER OF BUFFERS: 728 AVERAGE BUFF/BLOCK: 2.843750 MAX BUFF/BLOCK: 3
BUFF MAP: 8945664 (0.033325 GB)
ELLPACK STORAGE: 283390976 (1.583570 GB) buffnzmax: 647 STORAGE EFFICIENCY: 1.243925 DATA REUSE: 32.022224
BLOCKING TIME: 5.795293e-01

FILL PROJECTION MATRIX
TIME: 1.045044e+00
FILL BACKPROJECTION MATRIX
TIME: 1.506653e+00
REDUCTION MAPPINGS
PREPROCESSING TIME: 5.228628e+00
myid: 0 device: 0

Device Count: 4
Device 0 name: 1828062448
Computational Capabilities: 7, 0
Maximum global memory size: 16945512448
Maximum constant memory size: 65536
Maximum shared memory size per block: 49152
Maximum block dimensions: 1024x1024x64
Maximum grid dimensions: 2147483647x65535x65535
Maximum threads per block: 1024
Warp size: 32

PROC 0 TOTAL GPU MEMORY: 4.741088 GB
INPUT MEASUREMENT DATA
INPUT ENDS
GRADIENT-DESCENT OPTIMIZATION
iter: 0 error: 4.958965e+04 gradnorm: 1.560969e+10
iter: 1 error: 5.316504e+03 gradnorm: 4.760838e+08
iter: 2 error: 5.074544e+02 gradnorm: 1.604506e+07
iter: 3 error: 2.940041e+02 gradnorm: 8.082496e+06
iter: 4 error: 1.716212e+02 gradnorm: 1.353866e+06
iter: 5 error: 1.154472e+02 gradnorm: 6.253317e+05
iter: 6 error: 8.898841e+01 gradnorm: 6.406446e+05
iter: 7 error: 7.471056e+01 gradnorm: 5.923061e+05
iter: 8 error: 6.995588e+01 gradnorm: 8.513255e+05
iter: 9 error: 5.777560e+01 gradnorm: 2.270777e+05
iter: 10 error: 4.873500e+01 gradnorm: 1.924859e+05
iter: 11 error: 4.171587e+01 gradnorm: 1.091709e+05
iter: 12 error: 3.757335e+01 gradnorm: 1.896273e+05
iter: 13 error: 3.464986e+01 gradnorm: 1.047779e+05
iter: 14 error: 3.148004e+01 gradnorm: 6.538685e+04
iter: 15 error: 3.010614e+01 gradnorm: 2.443556e+05
iter: 16 error: 2.841523e+01 gradnorm: 5.680636e+04
iter: 17 error: 2.682591e+01 gradnorm: 4.564749e+04
iter: 18 error: 2.523927e+01 gradnorm: 2.666348e+04
iter: 19 error: 2.394599e+01 gradnorm: 2.565840e+04
iter: 20 error: 2.289788e+01 gradnorm: 1.905922e+04
iter: 21 error: 2.268498e+01 gradnorm: 4.811900e+04
iter: 22 error: 2.188634e+01 gradnorm: 1.207463e+04
iter: 23 error: 2.121005e+01 gradnorm: 1.007830e+04
iter: 24 error: 2.083285e+01 gradnorm: 1.915817e+04
recon: 2.353358e-01 proj: 1.498205e-01 (1.118802e-01 2.245006e-02 9.333400e-03) backproj: 7.041278e-02 (5.029979e-03 9.440598e-03 5.332438e-02) ctime: 1.505783e-02 wtime: 1.799900e-05
numproj: 49 numback: 25
proj: 1.118802e-01 s (205.855064 GFLOPS) backproj: 5.332438e-02 s (220.360102 GFLOPS) avGFLOPS: 210.536969 totGFLOPS: 210.536969
proj: 806.095461 GB/s back: 813.946814 GB/s av: 808.629704 GB/s tot: 808.629704 GB/s
Total Time: 6.523591e+00
