NUM. THETA             : 750
NUM. RHO               : 512
NUM. X PIXELS          : 512
NUM. Y PIXELS          : 512

NUM. OF PIXELS         : 262144
NUM. OF RAYS           : 384000

NUM. ITERATIONS        : 24

SPATIAL TILE SIZE      : 256
SPECTRAL TILE SIZE     : 256

NUMBER OF X TILES      : 2
NUMBER OF Y TILES      : 2
NUM. OF THETA TILES    : 3
NUM. OF RHO TILES      : 2

NUM. SPATIAL TILES     : 4
NUM. SPECTRAL TILES    : 6

NUM. OF X PIXELS (EXT) : 512
NUM. OF Y PIXELS (EXT) : 512
NUM. OF ANGLES (EXT)   : 768
NUM. OF RHOS (EXT)     : 512

NUM. OF PIXELS (EXT)   : 262144
NUM. OF RAYS (EXT)     : 393216

NUMBER OF PROCESSES    : 1
NUMBER OF THRD./PROC.  : 12

INTEGER: 4, FLOAT: 4, LONG: 8, SHORT: 2, POINTER: 8
APPROX. MEMORY     TOTAL: 4.394531e+00 GB
APPROX. MEMORY PER PROC.: 4.394531e+00 GB

X START       : -2.560000e+02
Y START       : -2.560000e+02
PIXEL SIZE    : 1.000000e+00
RHO START     : -2.560000e+02
RAY LENGTH    : 1.024000e+03

SPATIAL INDEXING       : 5
SPECTRAL INDEXING      : 5
 1: CARTESIAN, NATURAL
 2: CARTESIAN, TRANSPOSED
 3: MORTON, NATURAL
 4: MORTON, TRANSPOSED
PROJECTION BLOCK SIZE      : 512
BACKPROJECTION BLOCK SIZE  : 512
PROJECTION BUFFER SIZE      : 48 KB
BACKPROJECTION BUFFER SIZE  : 48 KB

SINOGRAM FILE : ../../../../datasets/CDS1_sinogram.bin
   THETA FILE : ../../../../datasets/CDS1_theta.bin
  OUTPUT FILE : ../../output/single_gpu/ip-0A00000F/v100.12.CDS1.256.256.512.512.48.48.bin


PLACE TILES
lspat 2 lspatdim 2
lspec 3 lspecdim 4
MPI PARTITIONING
proc: 0 numspats: 4 numpixs: 262144 numspecs: 6 numrays: 393216
maxnumpix: 262144 maxnumray: 393216
FILL PIXELS AND RAYS
INPUT THETA DATA
DOMAIN PARTITIONING
myid 0 raynuminc 384000/384000 raynumout 384000/384000

CONSTRUCT PROJECTION MATRIX
CSR STORAGE: 235011337 (1.750971 GB) rownzmax 1022
RAY-TRACING TIME: 1.159052e+00
CONSTRUCT BACKPROJECTION MATRIX
CSR STORAGE: 235011337 (1.750971 GB) rownzmax 1092
TRANSPOSITION TIME: 3.497321e-01

BLOCKING PROJECTION MATRIX
NUMBER OF BLOCKS: 750 BUFFSIZE: 12288
NUMBER OF BUFFERS: 1400 AVERAGE BUFF/BLOCK: 1.866667 MAX BUFF/BLOCK: 3
BUFF MAP: 17203200 (0.064087 GB)
ELLPACK STORAGE: 271854592 (1.519106 GB) buffnzmax: 651 STORAGE EFFICIENCY: 1.296712 DATA REUSE: 17.646057
BLOCKING TIME: 5.741109e-01
BLOCKING BACKPROJECTION MATRIX
NUMBER OF BLOCKS: 512 BUFFSIZE: 12288
NUMBER OF BUFFERS: 1020 AVERAGE BUFF/BLOCK: 1.992188 MAX BUFF/BLOCK: 2
BUFF MAP: 12533760 (0.046692 GB)
ELLPACK STORAGE: 260837888 (1.457545 GB) buffnzmax: 734 STORAGE EFFICIENCY: 1.351479 DATA REUSE: 21.340637
BLOCKING TIME: 5.939600e-01

FILL PROJECTION MATRIX
TIME: 1.027499e+00
FILL BACKPROJECTION MATRIX
TIME: 1.270948e+00
REDUCTION MAPPINGS
PREPROCESSING TIME: 4.977787e+00
myid: 0 device: 0

Device Count: 1
Device 0 name: -1418891136
Computational Capabilities: 7, 0
Maximum global memory size: 16945512448
Maximum constant memory size: 65536
Maximum shared memory size per block: 49152
Maximum block dimensions: 1024x1024x64
Maximum grid dimensions: 2147483647x65535x65535
Maximum threads per block: 1024
Warp size: 32

PROC 0 TOTAL GPU MEMORY: 4.380503 GB
INPUT MEASUREMENT DATA
INPUT ENDS
GRADIENT-DESCENT OPTIMIZATION
iter: 0 error: 4.959043e+04 gradnorm: 1.560970e+10
iter: 1 error: 5.316504e+03 gradnorm: 4.760845e+08
iter: 2 error: 5.074557e+02 gradnorm: 1.604490e+07
iter: 3 error: 2.940054e+02 gradnorm: 8.082481e+06
iter: 4 error: 1.716216e+02 gradnorm: 1.353870e+06
iter: 5 error: 1.154545e+02 gradnorm: 6.277132e+05
iter: 6 error: 9.027965e+01 gradnorm: 1.024905e+06
iter: 7 error: 8.375488e+01 gradnorm: 9.428513e+05
iter: 8 error: 7.159574e+01 gradnorm: 4.229768e+05
iter: 9 error: 5.778045e+01 gradnorm: 2.255771e+05
iter: 10 error: 4.873502e+01 gradnorm: 1.924647e+05
iter: 11 error: 4.171404e+01 gradnorm: 1.089804e+05
iter: 12 error: 3.755730e+01 gradnorm: 1.928577e+05
iter: 13 error: 3.486686e+01 gradnorm: 1.601716e+05
iter: 14 error: 3.368805e+01 gradnorm: 1.826705e+05
iter: 15 error: 3.111414e+01 gradnorm: 6.035188e+04
iter: 16 error: 2.842274e+01 gradnorm: 5.461520e+04
iter: 17 error: 2.682595e+01 gradnorm: 4.562893e+04
iter: 18 error: 2.523929e+01 gradnorm: 2.666906e+04
iter: 19 error: 2.395029e+01 gradnorm: 2.703696e+04
iter: 20 error: 2.330367e+01 gradnorm: 9.345464e+04
iter: 21 error: 2.279847e+01 gradnorm: 1.560436e+04
iter: 22 error: 2.188648e+01 gradnorm: 1.199880e+04
iter: 23 error: 2.120682e+01 gradnorm: 9.696468e+03
iter: 24 error: 2.076623e+01 gradnorm: 1.622101e+04
recon: 2.022182e-01 proj: 1.306540e-01 (1.003578e-01 1.798017e-02 7.073254e-03) backproj: 6.394376e-02 (3.809166e-03 8.964784e-03 4.871488e-02) ctime: 7.579333e-03 wtime: 1.580000e-05
numproj: 49 numback: 25
proj: 1.003578e-01 s (229.490086 GFLOPS) backproj: 4.871488e-02 s (241.211038 GFLOPS) avGFLOPS: 233.320331 totGFLOPS: 233.320331
proj: 830.001358 GB/s back: 828.885525 GB/s av: 829.636719 GB/s tot: 829.636719 GB/s
Total Time: 6.034473e+00
