NUM. THETA             : 750
NUM. RHO               : 512
NUM. X PIXELS          : 512
NUM. Y PIXELS          : 512

NUM. OF PIXELS         : 262144
NUM. OF RAYS           : 384000

NUM. ITERATIONS        : 24

SPATIAL TILE SIZE      : 64
SPECTRAL TILE SIZE     : 64

NUMBER OF X TILES      : 8
NUMBER OF Y TILES      : 8
NUM. OF THETA TILES    : 12
NUM. OF RHO TILES      : 8

NUM. SPATIAL TILES     : 64
NUM. SPECTRAL TILES    : 96

NUM. OF X PIXELS (EXT) : 512
NUM. OF Y PIXELS (EXT) : 512
NUM. OF ANGLES (EXT)   : 768
NUM. OF RHOS (EXT)     : 512

NUM. OF PIXELS (EXT)   : 262144
NUM. OF RAYS (EXT)     : 393216

NUMBER OF PROCESSES    : 1
NUMBER OF THRD./PROC.  : 1

INTEGER: 4, FLOAT: 4, LONG: 8, SHORT: 2, POINTER: 8
APPROX. MEMORY     TOTAL: 4.394531e+00 GB
APPROX. MEMORY PER PROC.: 4.394531e+00 GB

X START       : -2.560000e+02
Y START       : -2.560000e+02
PIXEL SIZE    : 1.000000e+00
RHO START     : -2.560000e+02
RAY LENGTH    : 1.024000e+03

SPATIAL INDEXING       : 5
SPECTRAL INDEXING      : 5
 1: CARTESIAN, NATURAL
 2: CARTESIAN, TRANSPOSED
 3: MORTON, NATURAL
 4: MORTON, TRANSPOSED
PROJECTION BLOCK SIZE      : 512
BACKPROJECTION BLOCK SIZE  : 512
PROJECTION BUFFER SIZE      : 48 KB
BACKPROJECTION BUFFER SIZE  : 48 KB

SINOGRAM FILE : ./datasets/ADS2_sinogram.bin
   THETA FILE : ./datasets/ADS2_theta.bin
  OUTPUT FILE : ./recon.ADS2.bin


PLACE TILES
lspat 8 lspatdim 8
lspec 12 lspecdim 16
MPI PARTITIONING
proc: 0 numspats: 64 numpixs: 262144 numspecs: 96 numrays: 393216
maxnumpix: 262144 maxnumray: 393216
FILL PIXELS AND RAYS
INPUT THETA DATA
DOMAIN PARTITIONING
myid 0 raynuminc 384000/384000 raynumout 384000/384000

CONSTRUCT PROJECTION MATRIX
CSR STORAGE: 235012145 (1.750977 GB) rownzmax 1022
RAY-TRACING TIME: 1.401889e+01
CONSTRUCT BACKPROJECTION MATRIX
CSR STORAGE: 235012145 (1.750977 GB) rownzmax 1092
TRANSPOSITION TIME: 2.697534e+00

BLOCKING PROJECTION MATRIX
NUMBER OF BLOCKS: 750 BUFFSIZE: 12288
NUMBER OF BUFFERS: 1416 AVERAGE BUFF/BLOCK: 1.888000 MAX BUFF/BLOCK: 3
BUFF MAP: 17399808 (0.064819 GB)
ELLPACK STORAGE: 272961024 (1.525289 GB) buffnzmax: 685 STORAGE EFFICIENCY: 1.291460 DATA REUSE: 17.600401
BLOCKING TIME: 6.351721e+00
BLOCKING BACKPROJECTION MATRIX
NUMBER OF BLOCKS: 512 BUFFSIZE: 12288
NUMBER OF BUFFERS: 1020 AVERAGE BUFF/BLOCK: 1.992188 MAX BUFF/BLOCK: 2
BUFF MAP: 12533760 (0.046692 GB)
ELLPACK STORAGE: 260311552 (1.454604 GB) buffnzmax: 731 STORAGE EFFICIENCY: 1.354217 DATA REUSE: 21.340776
BLOCKING TIME: 6.368019e+00

FILL PROJECTION MATRIX
TIME: 1.193790e+01
FILL BACKPROJECTION MATRIX
TIME: 1.781050e+01
REDUCTION MAPPINGS
PREPROCESSING TIME: 5.918682e+01
myid: 0 device: 0

Device Count: 1
Device 0 name: -453824496
Computational Capabilities: 7, 0
Maximum global memory size: 16945512448
Maximum constant memory size: 65536
Maximum shared memory size per block: 49152
Maximum block dimensions: 1024x1024x64
Maximum grid dimensions: 2147483647x65535x65535
Maximum threads per block: 1024
Warp size: 32

PROC 0 TOTAL GPU MEMORY: 4.385930 GB
INPUT MEASUREMENT DATA
INPUT ENDS
GRADIENT-DESCENT OPTIMIZATION
iter: 0 error: 1.926931e+09 gradnorm: 4.060025e+14
iter: 1 error: 6.126869e+08 gradnorm: 5.319072e+13
iter: 2 error: 1.166408e+08 gradnorm: 6.856345e+12
iter: 3 error: 3.920082e+07 gradnorm: 1.622474e+12
iter: 4 error: 1.373126e+07 gradnorm: 3.566075e+11
iter: 5 error: 5.040720e+06 gradnorm: 9.013769e+10
iter: 6 error: 2.573135e+06 gradnorm: 9.193502e+10
iter: 7 error: 2.100491e+06 gradnorm: 5.515881e+10
iter: 8 error: 1.328594e+06 gradnorm: 2.001753e+10
iter: 9 error: 7.720461e+05 gradnorm: 9.766248e+09
iter: 10 error: 4.309876e+05 gradnorm: 3.382840e+09
iter: 11 error: 2.958573e+05 gradnorm: 5.054371e+09
iter: 12 error: 2.511393e+05 gradnorm: 5.151024e+09
iter: 13 error: 2.144866e+05 gradnorm: 3.067789e+09
iter: 14 error: 1.525510e+05 gradnorm: 1.448182e+09
iter: 15 error: 1.086188e+05 gradnorm: 6.378718e+08
iter: 16 error: 7.734739e+04 gradnorm: 4.516390e+08
iter: 17 error: 6.088540e+04 gradnorm: 1.861274e+09
iter: 18 error: 5.235379e+04 gradnorm: 3.193453e+08
iter: 19 error: 3.919882e+04 gradnorm: 2.290500e+08
iter: 20 error: 3.222623e+04 gradnorm: 3.264630e+08
iter: 21 error: 2.735705e+04 gradnorm: 1.376476e+08
iter: 22 error: 2.259278e+04 gradnorm: 2.634442e+08
iter: 23 error: 2.065413e+04 gradnorm: 2.905204e+08
iter: 24 error: 1.750542e+04 gradnorm: 7.556078e+07
recon: 2.858538e-01 proj: 1.580332e-01 (1.019925e-01 3.372983e-02 1.293716e-02) backproj: 7.699337e-02 (7.003365e-03 1.703244e-02 4.850221e-02) ctime: 5.078852e-02 wtime: 1.703808e-05
numproj: 49 numback: 25
proj: 1.019925e-01 s (225.812489 GFLOPS) backproj: 4.850221e-02 s (242.269531 GFLOPS) avGFLOPS: 231.116348 totGFLOPS: 231.116348
proj: 820.264895 GB/s back: 830.892248 GB/s av: 823.689932 GB/s tot: 823.689932 GB/s
Total Time: 6.211690e+01
