NUM. THETA             : 360
NUM. RHO               : 256
NUM. X PIXELS          : 256
NUM. Y PIXELS          : 256

NUM. OF PIXELS         : 65536
NUM. OF RAYS           : 92160

NUM. ITERATIONS        : 24

SPATIAL TILE SIZE      : 128
SPECTRAL TILE SIZE     : 128

NUMBER OF X TILES      : 2
NUMBER OF Y TILES      : 2
NUM. OF THETA TILES    : 3
NUM. OF RHO TILES      : 2

NUM. SPATIAL TILES     : 4
NUM. SPECTRAL TILES    : 6

NUM. OF X PIXELS (EXT) : 256
NUM. OF Y PIXELS (EXT) : 256
NUM. OF ANGLES (EXT)   : 384
NUM. OF RHOS (EXT)     : 256

NUM. OF PIXELS (EXT)   : 65536
NUM. OF RAYS (EXT)     : 98304

NUMBER OF PROCESSES    : 1
NUMBER OF THRD./PROC.  : 1

INTEGER: 4, FLOAT: 4, LONG: 8, SHORT: 2, POINTER: 8
APPROX. MEMORY     TOTAL: 5.273438e-01 GB
APPROX. MEMORY PER PROC.: 5.273438e-01 GB

X START       : -1.280000e+02
Y START       : -1.280000e+02
PIXEL SIZE    : 1.000000e+00
RHO START     : -1.280000e+02
RAY LENGTH    : 5.120000e+02

SPATIAL INDEXING       : 5
SPECTRAL INDEXING      : 5
 1: CARTESIAN, NATURAL
 2: CARTESIAN, TRANSPOSED
 3: MORTON, NATURAL
 4: MORTON, TRANSPOSED
PROJECTION BLOCK SIZE      : 256
BACKPROJECTION BLOCK SIZE  : 256
PROJECTION BUFFER SIZE      : 48 KB
BACKPROJECTION BUFFER SIZE  : 48 KB

SINOGRAM FILE : ./datasets/ADS1_sinogram.bin
   THETA FILE : ./datasets/ADS1_theta.bin
  OUTPUT FILE : ./recon.ADS1.bin


PLACE TILES
lspat 2 lspatdim 2
lspec 3 lspecdim 4
MPI PARTITIONING
proc: 0 numspats: 4 numpixs: 65536 numspecs: 6 numrays: 98304
maxnumpix: 65536 maxnumray: 98304
FILL PIXELS AND RAYS
INPUT THETA DATA
DOMAIN PARTITIONING
myid 0 raynuminc 92160/92160 raynumout 92160/92160

CONSTRUCT PROJECTION MATRIX
CSR STORAGE: 28200745 (0.210112 GB) rownzmax 511
RAY-TRACING TIME: 1.542541e+00
CONSTRUCT BACKPROJECTION MATRIX
CSR STORAGE: 28200745 (0.210112 GB) rownzmax 524
TRANSPOSITION TIME: 3.071525e-01

BLOCKING PROJECTION MATRIX
NUMBER OF BLOCKS: 360 BUFFSIZE: 12288
NUMBER OF BUFFERS: 360 AVERAGE BUFF/BLOCK: 1.000000 MAX BUFF/BLOCK: 1
BUFF MAP: 4423680 (0.016479 GB)
ELLPACK STORAGE: 30590464 (0.170938 GB) buffnzmax: 511 STORAGE EFFICIENCY: 1.382820 DATA REUSE: 13.066523
BLOCKING TIME: 3.663766e-01
BLOCKING BACKPROJECTION MATRIX
NUMBER OF BLOCKS: 256 BUFFSIZE: 12288
NUMBER OF BUFFERS: 256 AVERAGE BUFF/BLOCK: 1.000000 MAX BUFF/BLOCK: 1
BUFF MAP: 3145728 (0.011719 GB)
ELLPACK STORAGE: 30495232 (0.170405 GB) buffnzmax: 524 STORAGE EFFICIENCY: 1.387139 DATA REUSE: 16.010815
BLOCKING TIME: 4.390610e-01

FILL PROJECTION MATRIX
TIME: 1.327567e+00
FILL BACKPROJECTION MATRIX
TIME: 1.936018e+00
REDUCTION MAPPINGS
PREPROCESSING TIME: 5.919506e+00
myid: 0 device: 0

Device Count: 1
Device 0 name: -1216600608
Computational Capabilities: 7, 0
Maximum global memory size: 16945512448
Maximum constant memory size: 65536
Maximum shared memory size per block: 49152
Maximum block dimensions: 1024x1024x64
Maximum grid dimensions: 2147483647x65535x65535
Maximum threads per block: 1024
Warp size: 32

PROC 0 TOTAL GPU MEMORY: 0.518968 GB
INPUT MEASUREMENT DATA
INPUT ENDS
GRADIENT-DESCENT OPTIMIZATION
iter: 0 error: 2.235914e+08 gradnorm: 1.319800e+13
iter: 1 error: 5.746494e+07 gradnorm: 1.082424e+12
iter: 2 error: 7.825020e+06 gradnorm: 8.191635e+10
iter: 3 error: 1.580177e+06 gradnorm: 8.642811e+09
iter: 4 error: 5.867927e+05 gradnorm: 3.843746e+09
iter: 5 error: 3.011415e+05 gradnorm: 1.508402e+09
iter: 6 error: 2.159029e+05 gradnorm: 3.461366e+09
iter: 7 error: 1.176704e+05 gradnorm: 2.571062e+08
iter: 8 error: 5.118539e+04 gradnorm: 1.333331e+08
iter: 9 error: 3.220231e+04 gradnorm: 5.881124e+07
iter: 10 error: 1.951824e+04 gradnorm: 4.661277e+07
iter: 11 error: 1.671546e+04 gradnorm: 1.372676e+08
iter: 12 error: 1.147033e+04 gradnorm: 1.594443e+07
iter: 13 error: 7.448078e+03 gradnorm: 1.050715e+07
iter: 14 error: 5.769548e+03 gradnorm: 1.791862e+07
iter: 15 error: 4.635402e+03 gradnorm: 8.429709e+06
iter: 16 error: 3.715394e+03 gradnorm: 7.337504e+06
iter: 17 error: 2.983009e+03 gradnorm: 4.096305e+06
iter: 18 error: 2.676226e+03 gradnorm: 1.374696e+07
iter: 19 error: 2.249843e+03 gradnorm: 2.390513e+06
iter: 20 error: 1.824704e+03 gradnorm: 3.610986e+06
iter: 21 error: 1.467724e+03 gradnorm: 1.131110e+06
iter: 22 error: 1.137702e+03 gradnorm: 7.920064e+05
iter: 23 error: 1.070323e+03 gradnorm: 3.966292e+06
iter: 24 error: 8.648737e+02 gradnorm: 5.418865e+05
recon: 7.426082e-02 proj: 3.219878e-02 (1.496285e-02 9.804085e-03 3.935736e-03) backproj: 1.618339e-02 (2.317620e-03 4.948551e-03 7.276576e-03) ctime: 2.581845e-02 wtime: 2.247095e-05
numproj: 49 numback: 25
proj: 1.496285e-02 s (184.702338 GFLOPS) backproj: 7.276576e-03 s (193.777575 GFLOPS) avGFLOPS: 187.671689 totGFLOPS: 187.671689
proj: 659.008078 GB/s back: 671.862372 GB/s av: 663.213909 GB/s tot: 663.213909 GB/s
Total Time: 6.978031e+00
