NUM. THETA             : 750
NUM. RHO               : 512
NUM. X PIXELS          : 512
NUM. Y PIXELS          : 512

NUM. OF PIXELS         : 262144
NUM. OF RAYS           : 384000

NUM. ITERATIONS        : 24

SPATIAL TILE SIZE      : 32
SPECTRAL TILE SIZE     : 32

NUMBER OF X TILES      : 16
NUMBER OF Y TILES      : 16
NUM. OF THETA TILES    : 24
NUM. OF RHO TILES      : 16

NUM. SPATIAL TILES     : 256
NUM. SPECTRAL TILES    : 384

NUM. OF X PIXELS (EXT) : 512
NUM. OF Y PIXELS (EXT) : 512
NUM. OF ANGLES (EXT)   : 768
NUM. OF RHOS (EXT)     : 512

NUM. OF PIXELS (EXT)   : 262144
NUM. OF RAYS (EXT)     : 393216

NUMBER OF PROCESSES    : 1
NUMBER OF THRD./PROC.  : 1

INTEGER: 4, FLOAT: 4, LONG: 8, SHORT: 2, POINTER: 8
APPROX. MEMORY     TOTAL: 4.394531e+00 GB
APPROX. MEMORY PER PROC.: 4.394531e+00 GB

X START       : -2.560000e+02
Y START       : -2.560000e+02
PIXEL SIZE    : 1.000000e+00
RHO START     : -2.560000e+02
RAY LENGTH    : 1.024000e+03

SPATIAL INDEXING       : 5
SPECTRAL INDEXING      : 5
 1: CARTESIAN, NATURAL
 2: CARTESIAN, TRANSPOSED
 3: MORTON, NATURAL
 4: MORTON, TRANSPOSED
PROJECTION BLOCK SIZE      : 512
BACKPROJECTION BLOCK SIZE  : 512
PROJECTION BUFFER SIZE      : 32 KB
BACKPROJECTION BUFFER SIZE  : 32 KB

SINOGRAM FILE : ./datasets/ADS2_sinogram.bin
   THETA FILE : ./datasets/ADS2_theta.bin
  OUTPUT FILE : ./recon.ADS2.bin


PLACE TILES
lspat 16 lspatdim 16
lspec 24 lspecdim 32
MPI PARTITIONING
proc: 0 numspats: 256 numpixs: 262144 numspecs: 384 numrays: 393216
maxnumpix: 262144 maxnumray: 393216
FILL PIXELS AND RAYS
INPUT THETA DATA
DOMAIN PARTITIONING
myid 0 raynuminc 384000/384000 raynumout 384000/384000

CONSTRUCT PROJECTION MATRIX
CSR STORAGE: 235012144 (1.750977 GB) rownzmax 1022
RAY-TRACING TIME: 1.873883e+01
CONSTRUCT BACKPROJECTION MATRIX
CSR STORAGE: 235012144 (1.750977 GB) rownzmax 1092
TRANSPOSITION TIME: 2.673147e+00

BLOCKING PROJECTION MATRIX
NUMBER OF BLOCKS: 750 BUFFSIZE: 8192
NUMBER OF BUFFERS: 1936 AVERAGE BUFF/BLOCK: 2.581333 MAX BUFF/BLOCK: 4
BUFF MAP: 15859712 (0.059082 GB)
ELLPACK STORAGE: 283643904 (1.584984 GB) buffnzmax: 547 STORAGE EFFICIENCY: 1.242820 DATA REUSE: 19.259050
BLOCKING TIME: 6.128802e+00
BLOCKING BACKPROJECTION MATRIX
NUMBER OF BLOCKS: 512 BUFFSIZE: 8192
NUMBER OF BUFFERS: 1484 AVERAGE BUFF/BLOCK: 2.898438 MAX BUFF/BLOCK: 3
BUFF MAP: 12156928 (0.045288 GB)
ELLPACK STORAGE: 266884608 (1.491334 GB) buffnzmax: 587 STORAGE EFFICIENCY: 1.320864 DATA REUSE: 21.340776
BLOCKING TIME: 6.188012e+00

FILL PROJECTION MATRIX
TIME: 1.193388e+01
FILL BACKPROJECTION MATRIX
TIME: 1.791299e+01
REDUCTION MAPPINGS
PREPROCESSING TIME: 6.357948e+01
myid: 0 device: 0

Device Count: 1
Device 0 name: -426894432
Computational Capabilities: 7, 0
Maximum global memory size: 16945512448
Maximum constant memory size: 65536
Maximum shared memory size per block: 49152
Maximum block dimensions: 1024x1024x64
Maximum grid dimensions: 2147483647x65535x65535
Maximum threads per block: 1024
Warp size: 32

PROC 0 TOTAL GPU MEMORY: 4.516314 GB
INPUT MEASUREMENT DATA
INPUT ENDS
GRADIENT-DESCENT OPTIMIZATION
iter: 0 error: 1.926938e+09 gradnorm: 4.060026e+14
iter: 1 error: 6.126871e+08 gradnorm: 5.319093e+13
iter: 2 error: 1.166410e+08 gradnorm: 6.856372e+12
iter: 3 error: 3.920063e+07 gradnorm: 1.622462e+12
iter: 4 error: 1.373128e+07 gradnorm: 3.566236e+11
iter: 5 error: 5.041723e+06 gradnorm: 9.050145e+10
iter: 6 error: 2.650047e+06 gradnorm: 1.129086e+11
iter: 7 error: 2.124326e+06 gradnorm: 4.982801e+10
iter: 8 error: 1.328792e+06 gradnorm: 1.997130e+10
iter: 9 error: 7.720518e+05 gradnorm: 9.766356e+09
iter: 10 error: 4.310188e+05 gradnorm: 3.383478e+09
iter: 11 error: 2.943805e+05 gradnorm: 4.430981e+09
iter: 12 error: 2.362763e+05 gradnorm: 3.386896e+09
iter: 13 error: 2.063911e+05 gradnorm: 4.904593e+09
iter: 14 error: 1.525271e+05 gradnorm: 1.462660e+09
iter: 15 error: 1.086186e+05 gradnorm: 6.378918e+08
iter: 16 error: 7.733053e+04 gradnorm: 4.463103e+08
iter: 17 error: 5.830645e+04 gradnorm: 1.441615e+09
iter: 18 error: 5.227983e+04 gradnorm: 3.374793e+08
iter: 19 error: 3.900851e+04 gradnorm: 2.109088e+08
iter: 20 error: 3.023878e+04 gradnorm: 2.241297e+08
iter: 21 error: 2.684731e+04 gradnorm: 1.635842e+08
iter: 22 error: 2.149398e+04 gradnorm: 1.725224e+08
iter: 23 error: 1.800479e+04 gradnorm: 1.340761e+08
iter: 24 error: 1.714334e+04 gradnorm: 1.428961e+08
recon: 3.006246e-01 proj: 1.593071e-01 (1.060190e-01 3.094478e-02 1.290699e-02) backproj: 7.790637e-02 (7.024815e-03 1.569853e-02 5.068954e-02) ctime: 6.335541e-02 wtime: 2.266932e-05
numproj: 49 numback: 25
proj: 1.060190e-01 s (217.236423 GFLOPS) backproj: 5.068954e-02 s (231.815243 GFLOPS) avGFLOPS: 221.952143 totGFLOPS: 221.952143
proj: 815.889648 GB/s back: 813.745537 GB/s av: 815.196106 GB/s tot: 815.196106 GB/s
Total Time: 6.939357e+01
