NUM. THETA             : 750
NUM. RHO               : 512
NUM. X PIXELS          : 512
NUM. Y PIXELS          : 512

NUM. OF PIXELS         : 262144
NUM. OF RAYS           : 384000

NUM. ITERATIONS        : 24

SPATIAL TILE SIZE      : 32
SPECTRAL TILE SIZE     : 32

NUMBER OF X TILES      : 16
NUMBER OF Y TILES      : 16
NUM. OF THETA TILES    : 24
NUM. OF RHO TILES      : 16

NUM. SPATIAL TILES     : 256
NUM. SPECTRAL TILES    : 384

NUM. OF X PIXELS (EXT) : 512
NUM. OF Y PIXELS (EXT) : 512
NUM. OF ANGLES (EXT)   : 768
NUM. OF RHOS (EXT)     : 512

NUM. OF PIXELS (EXT)   : 262144
NUM. OF RAYS (EXT)     : 393216

NUMBER OF PROCESSES    : 1
NUMBER OF THRD./PROC.  : 1

INTEGER: 4, FLOAT: 4, LONG: 8, SHORT: 2, POINTER: 8
APPROX. MEMORY     TOTAL: 4.394531e+00 GB
APPROX. MEMORY PER PROC.: 4.394531e+00 GB

X START       : -2.560000e+02
Y START       : -2.560000e+02
PIXEL SIZE    : 1.000000e+00
RHO START     : -2.560000e+02
RAY LENGTH    : 1.024000e+03

SPATIAL INDEXING       : 5
SPECTRAL INDEXING      : 5
 1: CARTESIAN, NATURAL
 2: CARTESIAN, TRANSPOSED
 3: MORTON, NATURAL
 4: MORTON, TRANSPOSED
PROJECTION BLOCK SIZE      : 512
BACKPROJECTION BLOCK SIZE  : 512
PROJECTION BUFFER SIZE      : 16 KB
BACKPROJECTION BUFFER SIZE  : 16 KB

SINOGRAM FILE : ./datasets/ADS2_sinogram.bin
   THETA FILE : ./datasets/ADS2_theta.bin
  OUTPUT FILE : ./recon.ADS2.bin


PLACE TILES
lspat 16 lspatdim 16
lspec 24 lspecdim 32
MPI PARTITIONING
proc: 0 numspats: 256 numpixs: 262144 numspecs: 384 numrays: 393216
maxnumpix: 262144 maxnumray: 393216
FILL PIXELS AND RAYS
INPUT THETA DATA
DOMAIN PARTITIONING
myid 0 raynuminc 384000/384000 raynumout 384000/384000

CONSTRUCT PROJECTION MATRIX
CSR STORAGE: 235012144 (1.750977 GB) rownzmax 1022
RAY-TRACING TIME: 1.880854e+01
CONSTRUCT BACKPROJECTION MATRIX
CSR STORAGE: 235012144 (1.750977 GB) rownzmax 1092
TRANSPOSITION TIME: 2.700550e+00

BLOCKING PROJECTION MATRIX
NUMBER OF BLOCKS: 750 BUFFSIZE: 4096
NUMBER OF BUFFERS: 3398 AVERAGE BUFF/BLOCK: 4.530667 MAX BUFF/BLOCK: 8
BUFF MAP: 13918208 (0.051849 GB)
ELLPACK STORAGE: 322483712 (1.802018 GB) buffnzmax: 362 STORAGE EFFICIENCY: 1.093135 DATA REUSE: 19.259050
BLOCKING TIME: 6.364659e+00
BLOCKING BACKPROJECTION MATRIX
NUMBER OF BLOCKS: 512 BUFFSIZE: 4096
NUMBER OF BUFFERS: 2924 AVERAGE BUFF/BLOCK: 5.710938 MAX BUFF/BLOCK: 6
BUFF MAP: 11976704 (0.044617 GB)
ELLPACK STORAGE: 300918272 (1.681512 GB) buffnzmax: 463 STORAGE EFFICIENCY: 1.171475 DATA REUSE: 21.340776
BLOCKING TIME: 6.386831e+00

FILL PROJECTION MATRIX
TIME: 1.232818e+01
FILL BACKPROJECTION MATRIX
TIME: 1.808518e+01
REDUCTION MAPPINGS
PREPROCESSING TIME: 6.467648e+01
myid: 0 device: 0

Device Count: 1
Device 0 name: -1902229328
Computational Capabilities: 7, 0
Maximum global memory size: 16945512448
Maximum constant memory size: 65536
Maximum shared memory size per block: 49152
Maximum block dimensions: 1024x1024x64
Maximum grid dimensions: 2147483647x65535x65535
Maximum threads per block: 1024
Warp size: 32

PROC 0 TOTAL GPU MEMORY: 5.090826 GB
INPUT MEASUREMENT DATA
INPUT ENDS
GRADIENT-DESCENT OPTIMIZATION
iter: 0 error: 1.926938e+09 gradnorm: 4.060026e+14
iter: 1 error: 6.126871e+08 gradnorm: 5.319093e+13
iter: 2 error: 1.166410e+08 gradnorm: 6.856373e+12
iter: 3 error: 3.920064e+07 gradnorm: 1.622462e+12
iter: 4 error: 1.373128e+07 gradnorm: 3.566235e+11
iter: 5 error: 5.041723e+06 gradnorm: 9.050125e+10
iter: 6 error: 2.650033e+06 gradnorm: 1.129047e+11
iter: 7 error: 2.124322e+06 gradnorm: 4.982872e+10
iter: 8 error: 1.328792e+06 gradnorm: 1.997127e+10
iter: 9 error: 7.720527e+05 gradnorm: 9.766300e+09
iter: 10 error: 4.310174e+05 gradnorm: 3.383791e+09
iter: 11 error: 2.944732e+05 gradnorm: 4.459382e+09
iter: 12 error: 2.373178e+05 gradnorm: 3.604823e+09
iter: 13 error: 2.084870e+05 gradnorm: 4.526039e+09
iter: 14 error: 1.525422e+05 gradnorm: 1.458051e+09
iter: 15 error: 1.086187e+05 gradnorm: 6.378143e+08
iter: 16 error: 7.733346e+04 gradnorm: 4.475769e+08
iter: 17 error: 5.901507e+04 gradnorm: 1.578192e+09
iter: 18 error: 5.230509e+04 gradnorm: 3.304565e+08
iter: 19 error: 3.906300e+04 gradnorm: 2.171468e+08
iter: 20 error: 3.119306e+04 gradnorm: 2.947103e+08
iter: 21 error: 2.718720e+04 gradnorm: 1.399249e+08
iter: 22 error: 2.175461e+04 gradnorm: 2.269215e+08
iter: 23 error: 1.993163e+04 gradnorm: 2.784784e+08
iter: 24 error: 1.735350e+04 gradnorm: 8.077659e+07
recon: 3.109537e-01 proj: 1.750905e-01 (1.191348e-01 3.363036e-02 1.294506e-02) backproj: 8.507540e-02 (7.010664e-03 1.706699e-02 5.654205e-02) ctime: 5.074634e-02 wtime: 2.028421e-05
numproj: 49 numback: 25
proj: 1.191348e-01 s (193.320398 GFLOPS) backproj: 5.654205e-02 s (207.820684 GFLOPS) avGFLOPS: 197.987352 totGFLOPS: 197.987352
proj: 818.721035 GB/s back: 819.485895 GB/s av: 818.967207 GB/s tot: 818.967207 GB/s
Total Time: 7.043003e+01
