NUM. THETA             : 360
NUM. RHO               : 256
NUM. X PIXELS          : 256
NUM. Y PIXELS          : 256

NUM. OF PIXELS         : 65536
NUM. OF RAYS           : 92160

NUM. ITERATIONS        : 24

SPATIAL TILE SIZE      : 128
SPECTRAL TILE SIZE     : 128

NUMBER OF X TILES      : 2
NUMBER OF Y TILES      : 2
NUM. OF THETA TILES    : 3
NUM. OF RHO TILES      : 2

NUM. SPATIAL TILES     : 4
NUM. SPECTRAL TILES    : 6

NUM. OF X PIXELS (EXT) : 256
NUM. OF Y PIXELS (EXT) : 256
NUM. OF ANGLES (EXT)   : 384
NUM. OF RHOS (EXT)     : 256

NUM. OF PIXELS (EXT)   : 65536
NUM. OF RAYS (EXT)     : 98304

NUMBER OF PROCESSES    : 1
NUMBER OF THRD./PROC.  : 1

INTEGER: 4, FLOAT: 4, LONG: 8, SHORT: 2, POINTER: 8
APPROX. MEMORY     TOTAL: 5.273438e-01 GB
APPROX. MEMORY PER PROC.: 5.273438e-01 GB

X START       : -1.280000e+02
Y START       : -1.280000e+02
PIXEL SIZE    : 1.000000e+00
RHO START     : -1.280000e+02
RAY LENGTH    : 5.120000e+02

SPATIAL INDEXING       : 5
SPECTRAL INDEXING      : 5
 1: CARTESIAN, NATURAL
 2: CARTESIAN, TRANSPOSED
 3: MORTON, NATURAL
 4: MORTON, TRANSPOSED
PROJECTION BLOCK SIZE      : 512
BACKPROJECTION BLOCK SIZE  : 512
PROJECTION BUFFER SIZE      : 48 KB
BACKPROJECTION BUFFER SIZE  : 48 KB

SINOGRAM FILE : ./datasets/ADS1_sinogram.bin
   THETA FILE : ./datasets/ADS1_theta.bin
  OUTPUT FILE : ./recon.ADS1.bin


PLACE TILES
lspat 2 lspatdim 2
lspec 3 lspecdim 4
MPI PARTITIONING
proc: 0 numspats: 4 numpixs: 65536 numspecs: 6 numrays: 98304
maxnumpix: 65536 maxnumray: 98304
FILL PIXELS AND RAYS
INPUT THETA DATA
DOMAIN PARTITIONING
myid 0 raynuminc 92160/92160 raynumout 92160/92160

CONSTRUCT PROJECTION MATRIX
CSR STORAGE: 28200745 (0.210112 GB) rownzmax 511
RAY-TRACING TIME: 1.555022e+00
CONSTRUCT BACKPROJECTION MATRIX
CSR STORAGE: 28200745 (0.210112 GB) rownzmax 524
TRANSPOSITION TIME: 3.115123e-01

BLOCKING PROJECTION MATRIX
NUMBER OF BLOCKS: 180 BUFFSIZE: 12288
NUMBER OF BUFFERS: 190 AVERAGE BUFF/BLOCK: 1.055556 MAX BUFF/BLOCK: 2
BUFF MAP: 2334720 (0.008698 GB)
ELLPACK STORAGE: 31953408 (0.178554 GB) buffnzmax: 511 STORAGE EFFICIENCY: 1.323837 DATA REUSE: 17.054996
BLOCKING TIME: 6.423345e-01
BLOCKING BACKPROJECTION MATRIX
NUMBER OF BLOCKS: 128 BUFFSIZE: 12288
NUMBER OF BUFFERS: 128 AVERAGE BUFF/BLOCK: 1.000000 MAX BUFF/BLOCK: 1
BUFF MAP: 1572864 (0.005859 GB)
ELLPACK STORAGE: 31132672 (0.173967 GB) buffnzmax: 524 STORAGE EFFICIENCY: 1.358737 DATA REUSE: 21.362581
BLOCKING TIME: 7.303217e-01

FILL PROJECTION MATRIX
TIME: 1.416793e+00
FILL BACKPROJECTION MATRIX
TIME: 2.126781e+00
REDUCTION MAPPINGS
PREPROCESSING TIME: 6.783465e+00
myid: 0 device: 0

Device Count: 1
Device 0 name: 1182040432
Computational Capabilities: 7, 0
Maximum global memory size: 16945512448
Maximum constant memory size: 65536
Maximum shared memory size per block: 49152
Maximum block dimensions: 1024x1024x64
Maximum grid dimensions: 2147483647x65535x65535
Maximum threads per block: 1024
Warp size: 32

PROC 0 TOTAL GPU MEMORY: 0.520321 GB
INPUT MEASUREMENT DATA
INPUT ENDS
GRADIENT-DESCENT OPTIMIZATION
iter: 0 error: 2.235914e+08 gradnorm: 1.319800e+13
iter: 1 error: 5.746494e+07 gradnorm: 1.082424e+12
iter: 2 error: 7.825020e+06 gradnorm: 8.191633e+10
iter: 3 error: 1.580176e+06 gradnorm: 8.642810e+09
iter: 4 error: 5.867926e+05 gradnorm: 3.843776e+09
iter: 5 error: 3.011448e+05 gradnorm: 1.508782e+09
iter: 6 error: 2.159684e+05 gradnorm: 3.460315e+09
iter: 7 error: 1.176703e+05 gradnorm: 2.570957e+08
iter: 8 error: 5.118538e+04 gradnorm: 1.333323e+08
iter: 9 error: 3.220231e+04 gradnorm: 5.882396e+07
iter: 10 error: 1.956904e+04 gradnorm: 5.069840e+07
iter: 11 error: 1.729088e+04 gradnorm: 1.137867e+08
iter: 12 error: 1.147090e+04 gradnorm: 1.588420e+07
iter: 13 error: 7.446872e+03 gradnorm: 1.052300e+07
iter: 14 error: 5.802084e+03 gradnorm: 1.863932e+07
iter: 15 error: 4.650732e+03 gradnorm: 8.755861e+06
iter: 16 error: 4.030421e+03 gradnorm: 2.077685e+07
iter: 17 error: 3.495962e+03 gradnorm: 7.213080e+06
iter: 18 error: 2.879457e+03 gradnorm: 3.774209e+06
iter: 19 error: 2.247031e+03 gradnorm: 2.297221e+06
iter: 20 error: 1.804170e+03 gradnorm: 3.606494e+06
iter: 21 error: 1.474679e+03 gradnorm: 1.750080e+06
iter: 22 error: 1.419977e+03 gradnorm: 2.640952e+06
iter: 23 error: 1.120237e+03 gradnorm: 7.002742e+05
iter: 24 error: 8.651967e+02 gradnorm: 5.480863e+05
recon: 7.501989e-02 proj: 3.135473e-02 (1.410963e-02 9.744253e-03 3.946602e-03) backproj: 1.521854e-02 (2.325989e-03 4.883431e-03 6.350752e-03) ctime: 2.838240e-02 wtime: 2.573524e-05
numproj: 49 numback: 25
proj: 1.410963e-02 s (195.871373 GFLOPS) backproj: 6.350752e-03 s (222.026815 GFLOPS) avGFLOPS: 203.989829 totGFLOPS: 203.989829
proj: 698.239829 GB/s back: 760.096940 GB/s av: 717.439819 GB/s tot: 717.439819 GB/s
Total Time: 7.941855e+00
