NUM. THETA             : 360
NUM. RHO               : 256
NUM. X PIXELS          : 256
NUM. Y PIXELS          : 256

NUM. OF PIXELS         : 65536
NUM. OF RAYS           : 92160

NUM. ITERATIONS        : 24

SPATIAL TILE SIZE      : 128
SPECTRAL TILE SIZE     : 128

NUMBER OF X TILES      : 2
NUMBER OF Y TILES      : 2
NUM. OF THETA TILES    : 3
NUM. OF RHO TILES      : 2

NUM. SPATIAL TILES     : 4
NUM. SPECTRAL TILES    : 6

NUM. OF X PIXELS (EXT) : 256
NUM. OF Y PIXELS (EXT) : 256
NUM. OF ANGLES (EXT)   : 384
NUM. OF RHOS (EXT)     : 256

NUM. OF PIXELS (EXT)   : 65536
NUM. OF RAYS (EXT)     : 98304

NUMBER OF PROCESSES    : 1
NUMBER OF THRD./PROC.  : 1

INTEGER: 4, FLOAT: 4, LONG: 8, SHORT: 2, POINTER: 8
APPROX. MEMORY     TOTAL: 5.273438e-01 GB
APPROX. MEMORY PER PROC.: 5.273438e-01 GB

X START       : -1.280000e+02
Y START       : -1.280000e+02
PIXEL SIZE    : 1.000000e+00
RHO START     : -1.280000e+02
RAY LENGTH    : 5.120000e+02

SPATIAL INDEXING       : 5
SPECTRAL INDEXING      : 5
 1: CARTESIAN, NATURAL
 2: CARTESIAN, TRANSPOSED
 3: MORTON, NATURAL
 4: MORTON, TRANSPOSED
PROJECTION BLOCK SIZE      : 384
BACKPROJECTION BLOCK SIZE  : 384
PROJECTION BUFFER SIZE      : 48 KB
BACKPROJECTION BUFFER SIZE  : 48 KB

SINOGRAM FILE : ./datasets/ADS1_sinogram.bin
   THETA FILE : ./datasets/ADS1_theta.bin
  OUTPUT FILE : ./recon.ADS1.bin


PLACE TILES
lspat 2 lspatdim 2
lspec 3 lspecdim 4
MPI PARTITIONING
proc: 0 numspats: 4 numpixs: 65536 numspecs: 6 numrays: 98304
maxnumpix: 65536 maxnumray: 98304
FILL PIXELS AND RAYS
INPUT THETA DATA
DOMAIN PARTITIONING
myid 0 raynuminc 92160/92160 raynumout 92160/92160

CONSTRUCT PROJECTION MATRIX
CSR STORAGE: 28200745 (0.210112 GB) rownzmax 511
RAY-TRACING TIME: 1.535360e+00
CONSTRUCT BACKPROJECTION MATRIX
CSR STORAGE: 28200745 (0.210112 GB) rownzmax 524
TRANSPOSITION TIME: 3.117701e-01

BLOCKING PROJECTION MATRIX
NUMBER OF BLOCKS: 240 BUFFSIZE: 12288
NUMBER OF BUFFERS: 246 AVERAGE BUFF/BLOCK: 1.025000 MAX BUFF/BLOCK: 2
BUFF MAP: 3022848 (0.011261 GB)
ELLPACK STORAGE: 31435392 (0.175659 GB) buffnzmax: 511 STORAGE EFFICIENCY: 1.345653 DATA REUSE: 14.903681
BLOCKING TIME: 3.412437e-01
BLOCKING BACKPROJECTION MATRIX
NUMBER OF BLOCKS: 171 BUFFSIZE: 12288
NUMBER OF BUFFERS: 172 AVERAGE BUFF/BLOCK: 1.005848 MAX BUFF/BLOCK: 2
BUFF MAP: 2113536 (0.007874 GB)
ELLPACK STORAGE: 30916608 (0.172760 GB) buffnzmax: 524 STORAGE EFFICIENCY: 1.368233 DATA REUSE: 18.258747
BLOCKING TIME: 3.449647e-01

FILL PROJECTION MATRIX
TIME: 1.467539e+00
FILL BACKPROJECTION MATRIX
TIME: 1.873397e+00
REDUCTION MAPPINGS
PREPROCESSING TIME: 5.875057e+00
myid: 0 device: 0

Device Count: 1
Device 0 name: 1290204768
Computational Capabilities: 7, 0
Maximum global memory size: 16945512448
Maximum constant memory size: 65536
Maximum shared memory size per block: 49152
Maximum block dimensions: 1024x1024x64
Maximum grid dimensions: 2147483647x65535x65535
Maximum threads per block: 1024
Warp size: 32

PROC 0 TOTAL GPU MEMORY: 0.519365 GB
INPUT MEASUREMENT DATA
INPUT ENDS
GRADIENT-DESCENT OPTIMIZATION
iter: 0 error: 2.235914e+08 gradnorm: 1.319800e+13
iter: 1 error: 5.746494e+07 gradnorm: 1.082424e+12
iter: 2 error: 7.825020e+06 gradnorm: 8.191635e+10
iter: 3 error: 1.580177e+06 gradnorm: 8.642815e+09
iter: 4 error: 5.867927e+05 gradnorm: 3.843747e+09
iter: 5 error: 3.011412e+05 gradnorm: 1.508389e+09
iter: 6 error: 2.159006e+05 gradnorm: 3.461391e+09
iter: 7 error: 1.176704e+05 gradnorm: 2.571063e+08
iter: 8 error: 5.118546e+04 gradnorm: 1.333328e+08
iter: 9 error: 3.220237e+04 gradnorm: 5.881354e+07
iter: 10 error: 1.952621e+04 gradnorm: 4.725297e+07
iter: 11 error: 1.683837e+04 gradnorm: 1.329259e+08
iter: 12 error: 1.147053e+04 gradnorm: 1.593037e+07
iter: 13 error: 7.446175e+03 gradnorm: 1.043468e+07
iter: 14 error: 5.715679e+03 gradnorm: 1.719684e+07
iter: 15 error: 4.620096e+03 gradnorm: 8.625896e+06
iter: 16 error: 3.728072e+03 gradnorm: 7.938122e+06
iter: 17 error: 3.199778e+03 gradnorm: 1.441583e+07
iter: 18 error: 2.885006e+03 gradnorm: 4.044921e+06
iter: 19 error: 2.251488e+03 gradnorm: 2.344285e+06
iter: 20 error: 1.828698e+03 gradnorm: 3.608014e+06
iter: 21 error: 1.467850e+03 gradnorm: 1.131354e+06
iter: 22 error: 1.153652e+03 gradnorm: 2.050111e+06
iter: 23 error: 1.116786e+03 gradnorm: 9.822136e+05
iter: 24 error: 8.650682e+02 gradnorm: 5.434909e+05
recon: 7.485553e-02 proj: 3.179268e-02 (1.542317e-02 9.087778e-03 3.855474e-03) backproj: 1.576640e-02 (2.284650e-03 4.556980e-03 7.324608e-03) ctime: 2.723258e-02 wtime: 2.710754e-05
numproj: 49 numback: 25
proj: 1.542317e-02 s (179.189711 GFLOPS) backproj: 7.324608e-03 s (192.506854 GFLOPS) avGFLOPS: 183.477728 totGFLOPS: 183.477728
proj: 637.643542 GB/s back: 661.993757 GB/s av: 645.484123 GB/s tot: 645.484123 GB/s
Total Time: 7.023601e+00
