NUM. THETA             : 750
NUM. RHO               : 512
NUM. X PIXELS          : 512
NUM. Y PIXELS          : 512

NUM. OF PIXELS         : 262144
NUM. OF RAYS           : 384000

NUM. ITERATIONS        : 24

SPATIAL TILE SIZE      : 128
SPECTRAL TILE SIZE     : 128

NUMBER OF X TILES      : 4
NUMBER OF Y TILES      : 4
NUM. OF THETA TILES    : 6
NUM. OF RHO TILES      : 4

NUM. SPATIAL TILES     : 16
NUM. SPECTRAL TILES    : 24

NUM. OF X PIXELS (EXT) : 512
NUM. OF Y PIXELS (EXT) : 512
NUM. OF ANGLES (EXT)   : 768
NUM. OF RHOS (EXT)     : 512

NUM. OF PIXELS (EXT)   : 262144
NUM. OF RAYS (EXT)     : 393216

NUMBER OF PROCESSES    : 1
NUMBER OF THRD./PROC.  : 1

INTEGER: 4, FLOAT: 4, LONG: 8, SHORT: 2, POINTER: 8
APPROX. MEMORY     TOTAL: 4.394531e+00 GB
APPROX. MEMORY PER PROC.: 4.394531e+00 GB

X START       : -2.560000e+02
Y START       : -2.560000e+02
PIXEL SIZE    : 1.000000e+00
RHO START     : -2.560000e+02
RAY LENGTH    : 1.024000e+03

SPATIAL INDEXING       : 5
SPECTRAL INDEXING      : 5
 1: CARTESIAN, NATURAL
 2: CARTESIAN, TRANSPOSED
 3: MORTON, NATURAL
 4: MORTON, TRANSPOSED
PROJECTION BLOCK SIZE      : 1024
BACKPROJECTION BLOCK SIZE  : 1024
PROJECTION BUFFER SIZE      : 48 KB
BACKPROJECTION BUFFER SIZE  : 48 KB

SINOGRAM FILE : ./datasets/ADS2_sinogram.bin
   THETA FILE : ./datasets/ADS2_theta.bin
  OUTPUT FILE : ./recon.ADS2.bin


PLACE TILES
lspat 4 lspatdim 4
lspec 6 lspecdim 8
MPI PARTITIONING
proc: 0 numspats: 16 numpixs: 262144 numspecs: 24 numrays: 393216
maxnumpix: 262144 maxnumray: 393216
FILL PIXELS AND RAYS
INPUT THETA DATA
DOMAIN PARTITIONING
myid 0 raynuminc 384000/384000 raynumout 384000/384000

CONSTRUCT PROJECTION MATRIX
CSR STORAGE: 235012144 (1.750977 GB) rownzmax 1022
RAY-TRACING TIME: 1.332915e+01
CONSTRUCT BACKPROJECTION MATRIX
CSR STORAGE: 235012144 (1.750977 GB) rownzmax 1092
TRANSPOSITION TIME: 2.689316e+00

BLOCKING PROJECTION MATRIX
NUMBER OF BLOCKS: 375 BUFFSIZE: 12288
NUMBER OF BUFFERS: 970 AVERAGE BUFF/BLOCK: 2.586667 MAX BUFF/BLOCK: 4
BUFF MAP: 11919360 (0.044403 GB)
ELLPACK STORAGE: 297171968 (1.660578 GB) buffnzmax: 575 STORAGE EFFICIENCY: 1.186243 DATA REUSE: 26.099388
BLOCKING TIME: 6.159755e+00
BLOCKING BACKPROJECTION MATRIX
NUMBER OF BLOCKS: 256 BUFFSIZE: 12288
NUMBER OF BUFFERS: 728 AVERAGE BUFF/BLOCK: 2.843750 MAX BUFF/BLOCK: 3
BUFF MAP: 8945664 (0.033325 GB)
ELLPACK STORAGE: 279769088 (1.563332 GB) buffnzmax: 617 STORAGE EFFICIENCY: 1.260033 DATA REUSE: 32.022366
BLOCKING TIME: 6.187817e+00

FILL PROJECTION MATRIX
TIME: 1.238362e+01
FILL BACKPROJECTION MATRIX
TIME: 1.850479e+01
REDUCTION MAPPINGS
PREPROCESSING TIME: 5.925715e+01
myid: 0 device: 0

Device Count: 1
Device 0 name: -1665496544
Computational Capabilities: 7, 0
Maximum global memory size: 16945512448
Maximum constant memory size: 65536
Maximum shared memory size per block: 49152
Maximum block dimensions: 1024x1024x64
Maximum grid dimensions: 2147483647x65535x65535
Maximum threads per block: 1024
Warp size: 32

PROC 0 TOTAL GPU MEMORY: 4.698998 GB
INPUT MEASUREMENT DATA
INPUT ENDS
GRADIENT-DESCENT OPTIMIZATION
iter: 0 error: 1.926915e+09 gradnorm: 4.060025e+14
iter: 1 error: 6.126889e+08 gradnorm: 5.319061e+13
iter: 2 error: 1.166408e+08 gradnorm: 6.856256e+12
iter: 3 error: 3.920062e+07 gradnorm: 1.622453e+12
iter: 4 error: 1.373127e+07 gradnorm: 3.566040e+11
iter: 5 error: 5.040214e+06 gradnorm: 8.994227e+10
iter: 6 error: 2.528689e+06 gradnorm: 7.898536e+10
iter: 7 error: 2.073073e+06 gradnorm: 6.069270e+10
iter: 8 error: 1.328395e+06 gradnorm: 2.007481e+10
iter: 9 error: 7.720582e+05 gradnorm: 9.767333e+09
iter: 10 error: 4.310816e+05 gradnorm: 3.391673e+09
iter: 11 error: 2.956320e+05 gradnorm: 4.475678e+09
iter: 12 error: 2.341874e+05 gradnorm: 2.751166e+09
iter: 13 error: 1.922142e+05 gradnorm: 6.274159e+09
iter: 14 error: 1.524042e+05 gradnorm: 1.508329e+09
iter: 15 error: 1.086184e+05 gradnorm: 6.378420e+08
iter: 16 error: 7.731529e+04 gradnorm: 4.407486e+08
iter: 17 error: 5.420133e+04 gradnorm: 3.230191e+08
iter: 18 error: 4.443414e+04 gradnorm: 1.132500e+09
iter: 19 error: 3.902627e+04 gradnorm: 2.315771e+08
iter: 20 error: 3.024410e+04 gradnorm: 1.903981e+08
iter: 21 error: 2.596190e+04 gradnorm: 1.536369e+08
iter: 22 error: 2.087118e+04 gradnorm: 2.115227e+08
iter: 23 error: 1.800168e+04 gradnorm: 1.035702e+08
iter: 24 error: 1.687897e+04 gradnorm: 2.254525e+08
recon: 3.058912e-01 proj: 1.636868e-01 (1.105331e-01 3.078809e-02 1.290309e-02) backproj: 7.940532e-02 (7.030835e-03 1.567505e-02 5.220774e-02) ctime: 6.274049e-02 wtime: 2.402673e-05
numproj: 49 numback: 25
proj: 1.105331e-01 s (208.364668 GFLOPS) backproj: 5.220774e-02 s (225.074026 GFLOPS) avGFLOPS: 213.725080 totGFLOPS: 213.725080
proj: 811.564709 GB/s back: 820.949655 GB/s av: 814.575427 GB/s tot: 814.575427 GB/s
Total Time: 6.140786e+01
