NUM. THETA             : 360
NUM. RHO               : 256
NUM. X PIXELS          : 256
NUM. Y PIXELS          : 256

NUM. OF PIXELS         : 65536
NUM. OF RAYS           : 92160

NUM. ITERATIONS        : 24

SPATIAL TILE SIZE      : 64
SPECTRAL TILE SIZE     : 64

NUMBER OF X TILES      : 4
NUMBER OF Y TILES      : 4
NUM. OF THETA TILES    : 6
NUM. OF RHO TILES      : 4

NUM. SPATIAL TILES     : 16
NUM. SPECTRAL TILES    : 24

NUM. OF X PIXELS (EXT) : 256
NUM. OF Y PIXELS (EXT) : 256
NUM. OF ANGLES (EXT)   : 384
NUM. OF RHOS (EXT)     : 256

NUM. OF PIXELS (EXT)   : 65536
NUM. OF RAYS (EXT)     : 98304

NUMBER OF PROCESSES    : 1
NUMBER OF THRD./PROC.  : 1

INTEGER: 4, FLOAT: 4, LONG: 8, SHORT: 2, POINTER: 8
APPROX. MEMORY     TOTAL: 5.273438e-01 GB
APPROX. MEMORY PER PROC.: 5.273438e-01 GB

X START       : -1.280000e+02
Y START       : -1.280000e+02
PIXEL SIZE    : 1.000000e+00
RHO START     : -1.280000e+02
RAY LENGTH    : 5.120000e+02

SPATIAL INDEXING       : 5
SPECTRAL INDEXING      : 5
 1: CARTESIAN, NATURAL
 2: CARTESIAN, TRANSPOSED
 3: MORTON, NATURAL
 4: MORTON, TRANSPOSED
PROJECTION BLOCK SIZE      : 128
BACKPROJECTION BLOCK SIZE  : 128
PROJECTION BUFFER SIZE      : 48 KB
BACKPROJECTION BUFFER SIZE  : 48 KB

SINOGRAM FILE : ./datasets/ADS1_sinogram.bin
   THETA FILE : ./datasets/ADS1_theta.bin
  OUTPUT FILE : ./recon.ADS1.bin


PLACE TILES
lspat 4 lspatdim 4
lspec 6 lspecdim 8
MPI PARTITIONING
proc: 0 numspats: 16 numpixs: 65536 numspecs: 24 numrays: 98304
maxnumpix: 65536 maxnumray: 98304
FILL PIXELS AND RAYS
INPUT THETA DATA
DOMAIN PARTITIONING
myid 0 raynuminc 92160/92160 raynumout 92160/92160

CONSTRUCT PROJECTION MATRIX
CSR STORAGE: 28200745 (0.210112 GB) rownzmax 511
RAY-TRACING TIME: 1.538784e+00
CONSTRUCT BACKPROJECTION MATRIX
CSR STORAGE: 28200745 (0.210112 GB) rownzmax 524
TRANSPOSITION TIME: 3.072809e-01

BLOCKING PROJECTION MATRIX
NUMBER OF BLOCKS: 720 BUFFSIZE: 12288
NUMBER OF BUFFERS: 720 AVERAGE BUFF/BLOCK: 1.000000 MAX BUFF/BLOCK: 1
BUFF MAP: 8847360 (0.032959 GB)
ELLPACK STORAGE: 29956096 (0.167393 GB) buffnzmax: 511 STORAGE EFFICIENCY: 1.412104 DATA REUSE: 8.809076
BLOCKING TIME: 4.173008e-01
BLOCKING BACKPROJECTION MATRIX
NUMBER OF BLOCKS: 512 BUFFSIZE: 12288
NUMBER OF BUFFERS: 512 AVERAGE BUFF/BLOCK: 1.000000 MAX BUFF/BLOCK: 1
BUFF MAP: 6291456 (0.023438 GB)
ELLPACK STORAGE: 30093312 (0.168159 GB) buffnzmax: 524 STORAGE EFFICIENCY: 1.405665 DATA REUSE: 10.670145
BLOCKING TIME: 4.173220e-01

FILL PROJECTION MATRIX
TIME: 1.283135e+00
FILL BACKPROJECTION MATRIX
TIME: 1.827792e+00
REDUCTION MAPPINGS
PREPROCESSING TIME: 5.792408e+00
myid: 0 device: 0

Device Count: 1
Device 0 name: 749879376
Computational Capabilities: 7, 0
Maximum global memory size: 16945512448
Maximum constant memory size: 65536
Maximum shared memory size per block: 49152
Maximum block dimensions: 1024x1024x64
Maximum grid dimensions: 2147483647x65535x65535
Maximum threads per block: 1024
Warp size: 32

PROC 0 TOTAL GPU MEMORY: 0.540960 GB
INPUT MEASUREMENT DATA
INPUT ENDS
GRADIENT-DESCENT OPTIMIZATION
iter: 0 error: 2.235884e+08 gradnorm: 1.319800e+13
iter: 1 error: 5.746502e+07 gradnorm: 1.082428e+12
iter: 2 error: 7.825015e+06 gradnorm: 8.191673e+10
iter: 3 error: 1.580171e+06 gradnorm: 8.642731e+09
iter: 4 error: 5.867383e+05 gradnorm: 3.839490e+09
iter: 5 error: 2.996985e+05 gradnorm: 1.398364e+09
iter: 6 error: 1.860325e+05 gradnorm: 3.436991e+09
iter: 7 error: 1.176239e+05 gradnorm: 2.607532e+08
iter: 8 error: 5.118518e+04 gradnorm: 1.333273e+08
iter: 9 error: 3.220186e+04 gradnorm: 5.878987e+07
iter: 10 error: 1.944367e+04 gradnorm: 4.058488e+07
iter: 11 error: 1.282995e+04 gradnorm: 8.660593e+07
iter: 12 error: 1.144362e+04 gradnorm: 1.810174e+07
iter: 13 error: 7.463364e+03 gradnorm: 1.092290e+07
iter: 14 error: 5.962403e+03 gradnorm: 1.898514e+07
iter: 15 error: 4.672633e+03 gradnorm: 8.313423e+06
iter: 16 error: 3.751413e+03 gradnorm: 7.289446e+06
iter: 17 error: 2.987350e+03 gradnorm: 4.083490e+06
iter: 18 error: 2.694165e+03 gradnorm: 1.348057e+07
iter: 19 error: 2.253280e+03 gradnorm: 2.435211e+06
iter: 20 error: 1.845212e+03 gradnorm: 3.602485e+06
iter: 21 error: 1.468396e+03 gradnorm: 1.120000e+06
iter: 22 error: 1.136841e+03 gradnorm: 7.148581e+05
iter: 23 error: 9.245342e+02 gradnorm: 3.320366e+06
iter: 24 error: 8.675831e+02 gradnorm: 7.759487e+05
recon: 8.585282e-02 proj: 3.987613e-02 (2.288989e-02 9.741154e-03 3.851230e-03) backproj: 1.964900e-02 (2.263217e-03 4.925852e-03 1.086595e-02) ctime: 2.627495e-02 wtime: 1.989026e-05
numproj: 49 numback: 25
proj: 2.288989e-02 s (120.737726 GFLOPS) backproj: 1.086595e-02 s (129.766563 GFLOPS) avGFLOPS: 123.644094 totGFLOPS: 123.644094
proj: 460.516662 GB/s back: 473.326441 GB/s av: 464.640110 GB/s tot: 464.640110 GB/s
Total Time: 7.035882e+00
