NUM. THETA             : 750
NUM. RHO               : 512
NUM. X PIXELS          : 512
NUM. Y PIXELS          : 512

NUM. OF PIXELS         : 262144
NUM. OF RAYS           : 384000

NUM. ITERATIONS        : 24

SPATIAL TILE SIZE      : 32
SPECTRAL TILE SIZE     : 32

NUMBER OF X TILES      : 16
NUMBER OF Y TILES      : 16
NUM. OF THETA TILES    : 24
NUM. OF RHO TILES      : 16

NUM. SPATIAL TILES     : 256
NUM. SPECTRAL TILES    : 384

NUM. OF X PIXELS (EXT) : 512
NUM. OF Y PIXELS (EXT) : 512
NUM. OF ANGLES (EXT)   : 768
NUM. OF RHOS (EXT)     : 512

NUM. OF PIXELS (EXT)   : 262144
NUM. OF RAYS (EXT)     : 393216

NUMBER OF PROCESSES    : 1
NUMBER OF THRD./PROC.  : 1

INTEGER: 4, FLOAT: 4, LONG: 8, SHORT: 2, POINTER: 8
APPROX. MEMORY     TOTAL: 4.394531e+00 GB
APPROX. MEMORY PER PROC.: 4.394531e+00 GB

X START       : -2.560000e+02
Y START       : -2.560000e+02
PIXEL SIZE    : 1.000000e+00
RHO START     : -2.560000e+02
RAY LENGTH    : 1.024000e+03

SPATIAL INDEXING       : 5
SPECTRAL INDEXING      : 5
 1: CARTESIAN, NATURAL
 2: CARTESIAN, TRANSPOSED
 3: MORTON, NATURAL
 4: MORTON, TRANSPOSED
PROJECTION BLOCK SIZE      : 512
BACKPROJECTION BLOCK SIZE  : 512
PROJECTION BUFFER SIZE      : 48 KB
BACKPROJECTION BUFFER SIZE  : 48 KB

SINOGRAM FILE : ./datasets/ADS2_sinogram.bin
   THETA FILE : ./datasets/ADS2_theta.bin
  OUTPUT FILE : ./recon.ADS2.bin


PLACE TILES
lspat 16 lspatdim 16
lspec 24 lspecdim 32
MPI PARTITIONING
proc: 0 numspats: 256 numpixs: 262144 numspecs: 384 numrays: 393216
maxnumpix: 262144 maxnumray: 393216
FILL PIXELS AND RAYS
INPUT THETA DATA
DOMAIN PARTITIONING
myid 0 raynuminc 384000/384000 raynumout 384000/384000

CONSTRUCT PROJECTION MATRIX
CSR STORAGE: 235012144 (1.750977 GB) rownzmax 1022
RAY-TRACING TIME: 1.874835e+01
CONSTRUCT BACKPROJECTION MATRIX
CSR STORAGE: 235012144 (1.750977 GB) rownzmax 1092
TRANSPOSITION TIME: 2.697878e+00

BLOCKING PROJECTION MATRIX
NUMBER OF BLOCKS: 750 BUFFSIZE: 12288
NUMBER OF BUFFERS: 1352 AVERAGE BUFF/BLOCK: 1.802667 MAX BUFF/BLOCK: 3
BUFF MAP: 16613376 (0.061890 GB)
ELLPACK STORAGE: 269725696 (1.507210 GB) buffnzmax: 661 STORAGE EFFICIENCY: 1.306951 DATA REUSE: 19.259050
BLOCKING TIME: 6.383932e+00
BLOCKING BACKPROJECTION MATRIX
NUMBER OF BLOCKS: 512 BUFFSIZE: 12288
NUMBER OF BUFFERS: 1020 AVERAGE BUFF/BLOCK: 1.992188 MAX BUFF/BLOCK: 2
BUFF MAP: 12533760 (0.046692 GB)
ELLPACK STORAGE: 262174720 (1.465015 GB) buffnzmax: 702 STORAGE EFFICIENCY: 1.344593 DATA REUSE: 21.340776
BLOCKING TIME: 6.406469e+00

FILL PROJECTION MATRIX
TIME: 1.201946e+01
FILL BACKPROJECTION MATRIX
TIME: 1.785681e+01
REDUCTION MAPPINGS
PREPROCESSING TIME: 6.411601e+01
myid: 0 device: 0

Device Count: 1
Device 0 name: -72717440
Computational Capabilities: 7, 0
Maximum global memory size: 16945512448
Maximum constant memory size: 65536
Maximum shared memory size per block: 49152
Maximum block dimensions: 1024x1024x64
Maximum grid dimensions: 2147483647x65535x65535
Maximum threads per block: 1024
Warp size: 32

PROC 0 TOTAL GPU MEMORY: 4.371806 GB
INPUT MEASUREMENT DATA
INPUT ENDS
GRADIENT-DESCENT OPTIMIZATION
iter: 0 error: 1.926938e+09 gradnorm: 4.060026e+14
iter: 1 error: 6.126871e+08 gradnorm: 5.319093e+13
iter: 2 error: 1.166411e+08 gradnorm: 6.856371e+12
iter: 3 error: 3.920063e+07 gradnorm: 1.622462e+12
iter: 4 error: 1.373128e+07 gradnorm: 3.566222e+11
iter: 5 error: 5.041698e+06 gradnorm: 9.049778e+10
iter: 6 error: 2.649244e+06 gradnorm: 1.127042e+11
iter: 7 error: 2.124166e+06 gradnorm: 4.986800e+10
iter: 8 error: 1.328792e+06 gradnorm: 1.997185e+10
iter: 9 error: 7.720526e+05 gradnorm: 9.766250e+09
iter: 10 error: 4.310118e+05 gradnorm: 3.382739e+09
iter: 11 error: 2.941590e+05 gradnorm: 4.377915e+09
iter: 12 error: 2.342918e+05 gradnorm: 2.938455e+09
iter: 13 error: 1.977091e+05 gradnorm: 5.961022e+09
iter: 14 error: 1.524383e+05 gradnorm: 1.487930e+09
iter: 15 error: 1.086180e+05 gradnorm: 6.378731e+08
iter: 16 error: 7.731366e+04 gradnorm: 4.407510e+08
iter: 17 error: 5.426251e+04 gradnorm: 3.489834e+08
iter: 18 error: 4.831779e+04 gradnorm: 1.161176e+09
iter: 19 error: 3.896760e+04 gradnorm: 2.121077e+08
iter: 20 error: 2.963272e+04 gradnorm: 1.639821e+08
iter: 21 error: 2.583425e+04 gradnorm: 1.949971e+08
iter: 22 error: 2.105362e+04 gradnorm: 1.831828e+08
iter: 23 error: 1.789976e+04 gradnorm: 1.117899e+08
iter: 24 error: 1.691679e+04 gradnorm: 1.917045e+08
recon: 2.848486e-01 proj: 1.567470e-01 (1.007553e-01 3.382478e-02 1.280899e-02) backproj: 7.736849e-02 (6.990951e-03 1.706990e-02 4.885622e-02) ctime: 5.069170e-02 wtime: 2.190238e-05
numproj: 49 numback: 25
proj: 1.007553e-01 s (228.585332 GFLOPS) backproj: 4.885622e-02 s (240.514027 GFLOPS) avGFLOPS: 232.480693 totGFLOPS: 232.480693
proj: 819.366857 GB/s back: 830.591901 GB/s av: 823.032438 GB/s tot: 823.032438 GB/s
Total Time: 6.988694e+01
