NUM. THETA             : 360
NUM. RHO               : 256
NUM. X PIXELS          : 256
NUM. Y PIXELS          : 256

NUM. OF PIXELS         : 65536
NUM. OF RAYS           : 92160

NUM. ITERATIONS        : 24

SPATIAL TILE SIZE      : 128
SPECTRAL TILE SIZE     : 128

NUMBER OF X TILES      : 2
NUMBER OF Y TILES      : 2
NUM. OF THETA TILES    : 3
NUM. OF RHO TILES      : 2

NUM. SPATIAL TILES     : 4
NUM. SPECTRAL TILES    : 6

NUM. OF X PIXELS (EXT) : 256
NUM. OF Y PIXELS (EXT) : 256
NUM. OF ANGLES (EXT)   : 384
NUM. OF RHOS (EXT)     : 256

NUM. OF PIXELS (EXT)   : 65536
NUM. OF RAYS (EXT)     : 98304

NUMBER OF PROCESSES    : 1
NUMBER OF THRD./PROC.  : 1

INTEGER: 4, FLOAT: 4, LONG: 8, SHORT: 2, POINTER: 8
APPROX. MEMORY     TOTAL: 5.273438e-01 GB
APPROX. MEMORY PER PROC.: 5.273438e-01 GB

X START       : -1.280000e+02
Y START       : -1.280000e+02
PIXEL SIZE    : 1.000000e+00
RHO START     : -1.280000e+02
RAY LENGTH    : 5.120000e+02

SPATIAL INDEXING       : 5
SPECTRAL INDEXING      : 5
 1: CARTESIAN, NATURAL
 2: CARTESIAN, TRANSPOSED
 3: MORTON, NATURAL
 4: MORTON, TRANSPOSED
PROJECTION BLOCK SIZE      : 640
BACKPROJECTION BLOCK SIZE  : 640
PROJECTION BUFFER SIZE      : 48 KB
BACKPROJECTION BUFFER SIZE  : 48 KB

SINOGRAM FILE : ./datasets/ADS1_sinogram.bin
   THETA FILE : ./datasets/ADS1_theta.bin
  OUTPUT FILE : ./recon.ADS1.bin


PLACE TILES
lspat 2 lspatdim 2
lspec 3 lspecdim 4
MPI PARTITIONING
proc: 0 numspats: 4 numpixs: 65536 numspecs: 6 numrays: 98304
maxnumpix: 65536 maxnumray: 98304
FILL PIXELS AND RAYS
INPUT THETA DATA
DOMAIN PARTITIONING
myid 0 raynuminc 92160/92160 raynumout 92160/92160

CONSTRUCT PROJECTION MATRIX
CSR STORAGE: 28200745 (0.210112 GB) rownzmax 511
RAY-TRACING TIME: 1.547663e+00
CONSTRUCT BACKPROJECTION MATRIX
CSR STORAGE: 28200745 (0.210112 GB) rownzmax 524
TRANSPOSITION TIME: 3.105579e-01

BLOCKING PROJECTION MATRIX
NUMBER OF BLOCKS: 144 BUFFSIZE: 12288
NUMBER OF BUFFERS: 179 AVERAGE BUFF/BLOCK: 1.243056 MAX BUFF/BLOCK: 2
BUFF MAP: 2199552 (0.008194 GB)
ELLPACK STORAGE: 33804160 (0.188895 GB) buffnzmax: 508 STORAGE EFFICIENCY: 1.251358 DATA REUSE: 18.736256
BLOCKING TIME: 3.415278e-01
BLOCKING BACKPROJECTION MATRIX
NUMBER OF BLOCKS: 103 BUFFSIZE: 12288
NUMBER OF BUFFERS: 133 AVERAGE BUFF/BLOCK: 1.291262 MAX BUFF/BLOCK: 2
BUFF MAP: 1634304 (0.006088 GB)
ELLPACK STORAGE: 32433280 (0.181235 GB) buffnzmax: 524 STORAGE EFFICIENCY: 1.304250 DATA REUSE: 22.976562
BLOCKING TIME: 3.500657e-01

FILL PROJECTION MATRIX
TIME: 1.375700e+00
FILL BACKPROJECTION MATRIX
TIME: 1.897125e+00
REDUCTION MAPPINGS
PREPROCESSING TIME: 5.823376e+00
myid: 0 device: 0

Device Count: 1
Device 0 name: -113707232
Computational Capabilities: 7, 0
Maximum global memory size: 16945512448
Maximum constant memory size: 65536
Maximum shared memory size per block: 49152
Maximum block dimensions: 1024x1024x64
Maximum grid dimensions: 2147483647x65535x65535
Maximum threads per block: 1024
Warp size: 32

PROC 0 TOTAL GPU MEMORY: 0.545237 GB
INPUT MEASUREMENT DATA
INPUT ENDS
GRADIENT-DESCENT OPTIMIZATION
iter: 0 error: 2.235914e+08 gradnorm: 1.319800e+13
iter: 1 error: 5.746494e+07 gradnorm: 1.082424e+12
iter: 2 error: 7.825016e+06 gradnorm: 8.191647e+10
iter: 3 error: 1.580175e+06 gradnorm: 8.642812e+09
iter: 4 error: 5.867970e+05 gradnorm: 3.844294e+09
iter: 5 error: 3.012915e+05 gradnorm: 1.519976e+09
iter: 6 error: 2.178390e+05 gradnorm: 3.429628e+09
iter: 7 error: 1.176721e+05 gradnorm: 2.569493e+08
iter: 8 error: 5.118633e+04 gradnorm: 1.333303e+08
iter: 9 error: 3.220291e+04 gradnorm: 5.886745e+07
iter: 10 error: 1.973079e+04 gradnorm: 6.338241e+07
iter: 11 error: 1.790869e+04 gradnorm: 7.968178e+07
iter: 12 error: 1.147127e+04 gradnorm: 1.582761e+07
iter: 13 error: 7.435102e+03 gradnorm: 1.016967e+07
iter: 14 error: 5.549291e+03 gradnorm: 1.545798e+07
iter: 15 error: 4.579050e+03 gradnorm: 9.295508e+06
iter: 16 error: 3.910814e+03 gradnorm: 1.859456e+07
iter: 17 error: 3.462589e+03 gradnorm: 7.735100e+06
iter: 18 error: 2.876511e+03 gradnorm: 3.826506e+06
iter: 19 error: 2.246533e+03 gradnorm: 2.292689e+06
iter: 20 error: 1.800949e+03 gradnorm: 3.597529e+06
iter: 21 error: 1.472690e+03 gradnorm: 1.608670e+06
iter: 22 error: 1.413746e+03 gradnorm: 3.054376e+06
iter: 23 error: 1.120217e+03 gradnorm: 7.005614e+05
iter: 24 error: 8.643851e+02 gradnorm: 5.218874e+05
recon: 7.633515e-02 proj: 3.167342e-02 (1.448048e-02 9.702581e-03 3.947575e-03) backproj: 1.622407e-02 (2.340079e-03 4.872040e-03 7.366848e-03) ctime: 2.837335e-02 wtime: 2.466422e-05
numproj: 49 numback: 25
proj: 1.448048e-02 s (190.855068 GFLOPS) backproj: 7.366848e-03 s (191.403061 GFLOPS) avGFLOPS: 191.039850 totGFLOPS: 191.039850
proj: 716.104383 GB/s back: 682.574477 GB/s av: 704.798208 GB/s tot: 704.798208 GB/s
Total Time: 6.929337e+00
