NUM. THETA             : 360
NUM. RHO               : 256
NUM. X PIXELS          : 256
NUM. Y PIXELS          : 256

NUM. OF PIXELS         : 65536
NUM. OF RAYS           : 92160

NUM. ITERATIONS        : 24

SPATIAL TILE SIZE      : 32
SPECTRAL TILE SIZE     : 32

NUMBER OF X TILES      : 8
NUMBER OF Y TILES      : 8
NUM. OF THETA TILES    : 12
NUM. OF RHO TILES      : 8

NUM. SPATIAL TILES     : 64
NUM. SPECTRAL TILES    : 96

NUM. OF X PIXELS (EXT) : 256
NUM. OF Y PIXELS (EXT) : 256
NUM. OF ANGLES (EXT)   : 384
NUM. OF RHOS (EXT)     : 256

NUM. OF PIXELS (EXT)   : 65536
NUM. OF RAYS (EXT)     : 98304

NUMBER OF PROCESSES    : 1
NUMBER OF THRD./PROC.  : 1

INTEGER: 4, FLOAT: 4, LONG: 8, SHORT: 2, POINTER: 8
APPROX. MEMORY     TOTAL: 5.273438e-01 GB
APPROX. MEMORY PER PROC.: 5.273438e-01 GB

X START       : -1.280000e+02
Y START       : -1.280000e+02
PIXEL SIZE    : 1.000000e+00
RHO START     : -1.280000e+02
RAY LENGTH    : 5.120000e+02

SPATIAL INDEXING       : 5
SPECTRAL INDEXING      : 5
 1: CARTESIAN, NATURAL
 2: CARTESIAN, TRANSPOSED
 3: MORTON, NATURAL
 4: MORTON, TRANSPOSED
PROJECTION BLOCK SIZE      : 128
BACKPROJECTION BLOCK SIZE  : 128
PROJECTION BUFFER SIZE      : 48 KB
BACKPROJECTION BUFFER SIZE  : 48 KB

SINOGRAM FILE : ./datasets/ADS1_sinogram.bin
   THETA FILE : ./datasets/ADS1_theta.bin
  OUTPUT FILE : ./recon.ADS1.bin


PLACE TILES
lspat 8 lspatdim 8
lspec 12 lspecdim 16
MPI PARTITIONING
proc: 0 numspats: 64 numpixs: 65536 numspecs: 96 numrays: 98304
maxnumpix: 65536 maxnumray: 98304
FILL PIXELS AND RAYS
INPUT THETA DATA
DOMAIN PARTITIONING
myid 0 raynuminc 92160/92160 raynumout 92160/92160

CONSTRUCT PROJECTION MATRIX
CSR STORAGE: 28200745 (0.210112 GB) rownzmax 511
RAY-TRACING TIME: 1.764914e+00
CONSTRUCT BACKPROJECTION MATRIX
CSR STORAGE: 28200745 (0.210112 GB) rownzmax 524
TRANSPOSITION TIME: 3.089665e-01

BLOCKING PROJECTION MATRIX
NUMBER OF BLOCKS: 720 BUFFSIZE: 12288
NUMBER OF BUFFERS: 720 AVERAGE BUFF/BLOCK: 1.000000 MAX BUFF/BLOCK: 1
BUFF MAP: 8847360 (0.032959 GB)
ELLPACK STORAGE: 29948416 (0.167350 GB) buffnzmax: 511 STORAGE EFFICIENCY: 1.412466 DATA REUSE: 8.816353
BLOCKING TIME: 4.191850e-01
BLOCKING BACKPROJECTION MATRIX
NUMBER OF BLOCKS: 512 BUFFSIZE: 12288
NUMBER OF BUFFERS: 512 AVERAGE BUFF/BLOCK: 1.000000 MAX BUFF/BLOCK: 1
BUFF MAP: 6291456 (0.023438 GB)
ELLPACK STORAGE: 30093312 (0.168159 GB) buffnzmax: 524 STORAGE EFFICIENCY: 1.405665 DATA REUSE: 10.670145
BLOCKING TIME: 4.202262e-01

FILL PROJECTION MATRIX
TIME: 1.284656e+00
FILL BACKPROJECTION MATRIX
TIME: 1.829815e+00
REDUCTION MAPPINGS
PREPROCESSING TIME: 6.028526e+00
myid: 0 device: 0

Device Count: 1
Device 0 name: 593879440
Computational Capabilities: 7, 0
Maximum global memory size: 16945512448
Maximum constant memory size: 65536
Maximum shared memory size per block: 49152
Maximum block dimensions: 1024x1024x64
Maximum grid dimensions: 2147483647x65535x65535
Maximum threads per block: 1024
Warp size: 32

PROC 0 TOTAL GPU MEMORY: 0.540899 GB
INPUT MEASUREMENT DATA
INPUT ENDS
GRADIENT-DESCENT OPTIMIZATION
iter: 0 error: 2.235889e+08 gradnorm: 1.319801e+13
iter: 1 error: 5.746499e+07 gradnorm: 1.082428e+12
iter: 2 error: 7.825010e+06 gradnorm: 8.191669e+10
iter: 3 error: 1.580166e+06 gradnorm: 8.642738e+09
iter: 4 error: 5.867336e+05 gradnorm: 3.839022e+09
iter: 5 error: 2.994799e+05 gradnorm: 1.381943e+09
iter: 6 error: 1.784321e+05 gradnorm: 3.275584e+09
iter: 7 error: 1.176060e+05 gradnorm: 2.623164e+08
iter: 8 error: 5.118510e+04 gradnorm: 1.333315e+08
iter: 9 error: 3.220226e+04 gradnorm: 5.880012e+07
iter: 10 error: 1.947622e+04 gradnorm: 4.322648e+07
iter: 11 error: 1.558751e+04 gradnorm: 1.601265e+08
iter: 12 error: 1.146765e+04 gradnorm: 1.610084e+07
iter: 13 error: 7.437792e+03 gradnorm: 1.029058e+07
iter: 14 error: 5.669206e+03 gradnorm: 1.759851e+07
iter: 15 error: 4.619031e+03 gradnorm: 8.194710e+06
iter: 16 error: 3.633488e+03 gradnorm: 6.938052e+06
iter: 17 error: 2.987305e+03 gradnorm: 6.115928e+06
iter: 18 error: 2.811133e+03 gradnorm: 7.254824e+06
iter: 19 error: 2.240147e+03 gradnorm: 2.278444e+06
iter: 20 error: 1.782029e+03 gradnorm: 3.582245e+06
iter: 21 error: 1.466132e+03 gradnorm: 1.158737e+06
iter: 22 error: 1.139159e+03 gradnorm: 9.150221e+05
iter: 23 error: 1.097305e+03 gradnorm: 2.411606e+06
iter: 24 error: 8.646178e+02 gradnorm: 5.313301e+05
recon: 8.392239e-02 proj: 3.950647e-02 (2.345075e-02 8.889794e-03 3.815435e-03) backproj: 1.937704e-02 (2.235658e-03 4.478903e-03 1.108515e-02) ctime: 2.498318e-02 wtime: 1.668558e-05
numproj: 49 numback: 25
proj: 2.345075e-02 s (117.850080 GFLOPS) backproj: 1.108515e-02 s (127.200532 GFLOPS) avGFLOPS: 120.851339 totGFLOPS: 120.851339
proj: 449.406349 GB/s back: 463.966787 GB/s av: 454.079881 GB/s tot: 454.079881 GB/s
Total Time: 7.336747e+00
