NUM. THETA             : 360
NUM. RHO               : 256
NUM. X PIXELS          : 256
NUM. Y PIXELS          : 256

NUM. OF PIXELS         : 65536
NUM. OF RAYS           : 92160

NUM. ITERATIONS        : 24

SPATIAL TILE SIZE      : 128
SPECTRAL TILE SIZE     : 128

NUMBER OF X TILES      : 2
NUMBER OF Y TILES      : 2
NUM. OF THETA TILES    : 3
NUM. OF RHO TILES      : 2

NUM. SPATIAL TILES     : 4
NUM. SPECTRAL TILES    : 6

NUM. OF X PIXELS (EXT) : 256
NUM. OF Y PIXELS (EXT) : 256
NUM. OF ANGLES (EXT)   : 384
NUM. OF RHOS (EXT)     : 256

NUM. OF PIXELS (EXT)   : 65536
NUM. OF RAYS (EXT)     : 98304

NUMBER OF PROCESSES    : 1
NUMBER OF THRD./PROC.  : 1

INTEGER: 4, FLOAT: 4, LONG: 8, SHORT: 2, POINTER: 8
APPROX. MEMORY     TOTAL: 5.273438e-01 GB
APPROX. MEMORY PER PROC.: 5.273438e-01 GB

X START       : -1.280000e+02
Y START       : -1.280000e+02
PIXEL SIZE    : 1.000000e+00
RHO START     : -1.280000e+02
RAY LENGTH    : 5.120000e+02

SPATIAL INDEXING       : 5
SPECTRAL INDEXING      : 5
 1: CARTESIAN, NATURAL
 2: CARTESIAN, TRANSPOSED
 3: MORTON, NATURAL
 4: MORTON, TRANSPOSED
PROJECTION BLOCK SIZE      : 576
BACKPROJECTION BLOCK SIZE  : 576
PROJECTION BUFFER SIZE      : 48 KB
BACKPROJECTION BUFFER SIZE  : 48 KB

SINOGRAM FILE : ./datasets/ADS1_sinogram.bin
   THETA FILE : ./datasets/ADS1_theta.bin
  OUTPUT FILE : ./recon.ADS1.bin


PLACE TILES
lspat 2 lspatdim 2
lspec 3 lspecdim 4
MPI PARTITIONING
proc: 0 numspats: 4 numpixs: 65536 numspecs: 6 numrays: 98304
maxnumpix: 65536 maxnumray: 98304
FILL PIXELS AND RAYS
INPUT THETA DATA
DOMAIN PARTITIONING
myid 0 raynuminc 92160/92160 raynumout 92160/92160

CONSTRUCT PROJECTION MATRIX
CSR STORAGE: 28200745 (0.210112 GB) rownzmax 511
RAY-TRACING TIME: 1.559000e+00
CONSTRUCT BACKPROJECTION MATRIX
CSR STORAGE: 28200745 (0.210112 GB) rownzmax 524
TRANSPOSITION TIME: 3.108278e-01

BLOCKING PROJECTION MATRIX
NUMBER OF BLOCKS: 160 BUFFSIZE: 12288
NUMBER OF BUFFERS: 186 AVERAGE BUFF/BLOCK: 1.162500 MAX BUFF/BLOCK: 2
BUFF MAP: 2285568 (0.008514 GB)
ELLPACK STORAGE: 33058944 (0.184731 GB) buffnzmax: 508 STORAGE EFFICIENCY: 1.279566 DATA REUSE: 17.855534
BLOCKING TIME: 3.280896e-01
BLOCKING BACKPROJECTION MATRIX
NUMBER OF BLOCKS: 114 BUFFSIZE: 12288
NUMBER OF BUFFERS: 138 AVERAGE BUFF/BLOCK: 1.210526 MAX BUFF/BLOCK: 2
BUFF MAP: 1695744 (0.006317 GB)
ELLPACK STORAGE: 31897728 (0.178242 GB) buffnzmax: 524 STORAGE EFFICIENCY: 1.326148 DATA REUSE: 21.534256
BLOCKING TIME: 3.512194e-01

FILL PROJECTION MATRIX
TIME: 1.352602e+00
FILL BACKPROJECTION MATRIX
TIME: 1.849386e+00
REDUCTION MAPPINGS
PREPROCESSING TIME: 5.751870e+00
myid: 0 device: 0

Device Count: 1
Device 0 name: 688645856
Computational Capabilities: 7, 0
Maximum global memory size: 16945512448
Maximum constant memory size: 65536
Maximum shared memory size per block: 49152
Maximum block dimensions: 1024x1024x64
Maximum grid dimensions: 2147483647x65535x65535
Maximum threads per block: 1024
Warp size: 32

PROC 0 TOTAL GPU MEMORY: 0.535581 GB
INPUT MEASUREMENT DATA
INPUT ENDS
GRADIENT-DESCENT OPTIMIZATION
iter: 0 error: 2.235914e+08 gradnorm: 1.319800e+13
iter: 1 error: 5.746494e+07 gradnorm: 1.082424e+12
iter: 2 error: 7.825020e+06 gradnorm: 8.191635e+10
iter: 3 error: 1.580176e+06 gradnorm: 8.642808e+09
iter: 4 error: 5.867930e+05 gradnorm: 3.843794e+09
iter: 5 error: 3.011497e+05 gradnorm: 1.509074e+09
iter: 6 error: 2.160241e+05 gradnorm: 3.459463e+09
iter: 7 error: 1.176703e+05 gradnorm: 2.570943e+08
iter: 8 error: 5.118509e+04 gradnorm: 1.333308e+08
iter: 9 error: 3.220206e+04 gradnorm: 5.879110e+07
iter: 10 error: 1.943922e+04 gradnorm: 4.023423e+07
iter: 11 error: 1.202504e+04 gradnorm: 3.060743e+07
iter: 12 error: 1.129392e+04 gradnorm: 2.934584e+07
iter: 13 error: 7.446719e+03 gradnorm: 1.058343e+07
iter: 14 error: 5.844481e+03 gradnorm: 1.923059e+07
iter: 15 error: 4.645899e+03 gradnorm: 7.828898e+06
iter: 16 error: 3.643644e+03 gradnorm: 6.930938e+06
iter: 17 error: 2.968711e+03 gradnorm: 4.442504e+06
iter: 18 error: 2.707486e+03 gradnorm: 1.235074e+07
iter: 19 error: 2.242324e+03 gradnorm: 2.309328e+06
iter: 20 error: 1.786169e+03 gradnorm: 3.570297e+06
iter: 21 error: 1.466205e+03 gradnorm: 1.155994e+06
iter: 22 error: 1.136857e+03 gradnorm: 7.244482e+05
iter: 23 error: 9.808281e+02 gradnorm: 5.554818e+06
iter: 24 error: 8.644261e+02 gradnorm: 5.467844e+05
recon: 7.625424e-02 proj: 3.178721e-02 (1.473165e-02 9.599888e-03 3.955360e-03) backproj: 1.601946e-02 (2.367618e-03 4.918155e-03 7.077376e-03) ctime: 2.838089e-02 wtime: 2.603000e-05
numproj: 49 numback: 25
proj: 1.473165e-02 s (187.601077 GFLOPS) backproj: 7.077376e-03 s (199.231644 GFLOPS) avGFLOPS: 191.375381 totGFLOPS: 191.375381
proj: 690.167246 GB/s back: 700.009949 GB/s av: 693.361360 GB/s tot: 693.361360 GB/s
Total Time: 6.910310e+00
