NUM. THETA             : 750
NUM. RHO               : 512
NUM. X PIXELS          : 512
NUM. Y PIXELS          : 512

NUM. OF PIXELS         : 262144
NUM. OF RAYS           : 384000

NUM. ITERATIONS        : 24

SPATIAL TILE SIZE      : 16
SPECTRAL TILE SIZE     : 16

NUMBER OF X TILES      : 32
NUMBER OF Y TILES      : 32
NUM. OF THETA TILES    : 47
NUM. OF RHO TILES      : 32

NUM. SPATIAL TILES     : 1024
NUM. SPECTRAL TILES    : 1504

NUM. OF X PIXELS (EXT) : 512
NUM. OF Y PIXELS (EXT) : 512
NUM. OF ANGLES (EXT)   : 752
NUM. OF RHOS (EXT)     : 512

NUM. OF PIXELS (EXT)   : 262144
NUM. OF RAYS (EXT)     : 385024

NUMBER OF PROCESSES    : 1
NUMBER OF THRD./PROC.  : 1

INTEGER: 4, FLOAT: 4, LONG: 8, SHORT: 2, POINTER: 8
APPROX. MEMORY     TOTAL: 4.394531e+00 GB
APPROX. MEMORY PER PROC.: 4.394531e+00 GB

X START       : -2.560000e+02
Y START       : -2.560000e+02
PIXEL SIZE    : 1.000000e+00
RHO START     : -2.560000e+02
RAY LENGTH    : 1.024000e+03

SPATIAL INDEXING       : 5
SPECTRAL INDEXING      : 5
 1: CARTESIAN, NATURAL
 2: CARTESIAN, TRANSPOSED
 3: MORTON, NATURAL
 4: MORTON, TRANSPOSED
PROJECTION BLOCK SIZE      : 512
BACKPROJECTION BLOCK SIZE  : 512
PROJECTION BUFFER SIZE      : 48 KB
BACKPROJECTION BUFFER SIZE  : 48 KB

SINOGRAM FILE : ./datasets/ADS2_sinogram.bin
   THETA FILE : ./datasets/ADS2_theta.bin
  OUTPUT FILE : ./recon.ADS2.bin


PLACE TILES
lspat 32 lspatdim 32
lspec 47 lspecdim 64
MPI PARTITIONING
proc: 0 numspats: 1024 numpixs: 262144 numspecs: 1504 numrays: 385024
maxnumpix: 262144 maxnumray: 385024
FILL PIXELS AND RAYS
INPUT THETA DATA
DOMAIN PARTITIONING
myid 0 raynuminc 384000/384000 raynumout 384000/384000

CONSTRUCT PROJECTION MATRIX
CSR STORAGE: 235012084 (1.750976 GB) rownzmax 1022
RAY-TRACING TIME: 4.110469e+01
CONSTRUCT BACKPROJECTION MATRIX
CSR STORAGE: 235012084 (1.750976 GB) rownzmax 1092
TRANSPOSITION TIME: 2.693603e+00

BLOCKING PROJECTION MATRIX
NUMBER OF BLOCKS: 750 BUFFSIZE: 12288
NUMBER OF BUFFERS: 1413 AVERAGE BUFF/BLOCK: 1.884000 MAX BUFF/BLOCK: 3
BUFF MAP: 17362944 (0.064682 GB)
ELLPACK STORAGE: 273766912 (1.529792 GB) buffnzmax: 637 STORAGE EFFICIENCY: 1.287658 DATA REUSE: 17.567787
BLOCKING TIME: 6.323890e+00
BLOCKING BACKPROJECTION MATRIX
NUMBER OF BLOCKS: 512 BUFFSIZE: 12288
NUMBER OF BUFFERS: 1020 AVERAGE BUFF/BLOCK: 1.992188 MAX BUFF/BLOCK: 2
BUFF MAP: 12533760 (0.046692 GB)
ELLPACK STORAGE: 260832256 (1.457514 GB) buffnzmax: 742 STORAGE EFFICIENCY: 1.351513 DATA REUSE: 21.340775
BLOCKING TIME: 6.337516e+00

FILL PROJECTION MATRIX
TIME: 1.202576e+01
FILL BACKPROJECTION MATRIX
TIME: 1.777955e+01
REDUCTION MAPPINGS
PREPROCESSING TIME: 8.626741e+01
myid: 0 device: 0

Device Count: 1
Device 0 name: -392192960
Computational Capabilities: 7, 0
Maximum global memory size: 16945512448
Maximum constant memory size: 65536
Maximum shared memory size per block: 49152
Maximum block dimensions: 1024x1024x64
Maximum grid dimensions: 2147483647x65535x65535
Maximum threads per block: 1024
Warp size: 32

PROC 0 TOTAL GPU MEMORY: 4.396395 GB
INPUT MEASUREMENT DATA
INPUT ENDS
GRADIENT-DESCENT OPTIMIZATION
iter: 0 error: 1.926939e+09 gradnorm: 4.060025e+14
iter: 1 error: 6.126872e+08 gradnorm: 5.319103e+13
iter: 2 error: 1.166414e+08 gradnorm: 6.856416e+12
iter: 3 error: 3.920069e+07 gradnorm: 1.622477e+12
iter: 4 error: 1.373127e+07 gradnorm: 3.566215e+11
iter: 5 error: 5.042248e+06 gradnorm: 9.068098e+10
iter: 6 error: 2.686876e+06 gradnorm: 1.223683e+11
iter: 7 error: 2.131176e+06 gradnorm: 4.821041e+10
iter: 8 error: 1.328820e+06 gradnorm: 1.995430e+10
iter: 9 error: 7.720570e+05 gradnorm: 9.766795e+09
iter: 10 error: 4.312477e+05 gradnorm: 3.451165e+09
iter: 11 error: 3.200648e+05 gradnorm: 1.019345e+10
iter: 12 error: 2.674793e+05 gradnorm: 3.952989e+09
iter: 13 error: 2.167620e+05 gradnorm: 2.710390e+09
iter: 14 error: 1.526239e+05 gradnorm: 1.441081e+09
iter: 15 error: 1.086290e+05 gradnorm: 6.407424e+08
iter: 16 error: 7.950547e+04 gradnorm: 1.122249e+09
iter: 17 error: 7.426751e+04 gradnorm: 6.096638e+08
iter: 18 error: 5.240911e+04 gradnorm: 2.964778e+08
iter: 19 error: 3.899346e+04 gradnorm: 2.101021e+08
iter: 20 error: 3.034718e+04 gradnorm: 2.948859e+08
iter: 21 error: 2.828165e+04 gradnorm: 2.742444e+08
iter: 22 error: 2.557763e+04 gradnorm: 2.114931e+08
iter: 23 error: 2.034634e+04 gradnorm: 1.460543e+08
iter: 24 error: 1.728221e+04 gradnorm: 8.093182e+07
recon: 3.010144e-01 proj: 1.581211e-01 (1.026485e-01 3.330767e-02 1.265360e-02) backproj: 7.690365e-02 (6.939143e-03 1.677746e-02 4.869472e-02) ctime: 6.593853e-02 wtime: 2.015103e-05
numproj: 49 numback: 25
proj: 1.026485e-01 s (224.369462 GFLOPS) backproj: 4.869472e-02 s (241.311672 GFLOPS) avGFLOPS: 229.820623 totGFLOPS: 229.820623
proj: 817.261096 GB/s back: 829.211353 GB/s av: 821.106095 GB/s tot: 821.106095 GB/s
Total Time: 1.031798e+02
