NUM. THETA             : 360
NUM. RHO               : 256
NUM. X PIXELS          : 256
NUM. Y PIXELS          : 256

NUM. OF PIXELS         : 65536
NUM. OF RAYS           : 92160

NUM. ITERATIONS        : 24

SPATIAL TILE SIZE      : 128
SPECTRAL TILE SIZE     : 128

NUMBER OF X TILES      : 2
NUMBER OF Y TILES      : 2
NUM. OF THETA TILES    : 3
NUM. OF RHO TILES      : 2

NUM. SPATIAL TILES     : 4
NUM. SPECTRAL TILES    : 6

NUM. OF X PIXELS (EXT) : 256
NUM. OF Y PIXELS (EXT) : 256
NUM. OF ANGLES (EXT)   : 384
NUM. OF RHOS (EXT)     : 256

NUM. OF PIXELS (EXT)   : 65536
NUM. OF RAYS (EXT)     : 98304

NUMBER OF PROCESSES    : 1
NUMBER OF THRD./PROC.  : 1

INTEGER: 4, FLOAT: 4, LONG: 8, SHORT: 2, POINTER: 8
APPROX. MEMORY     TOTAL: 5.273438e-01 GB
APPROX. MEMORY PER PROC.: 5.273438e-01 GB

X START       : -1.280000e+02
Y START       : -1.280000e+02
PIXEL SIZE    : 1.000000e+00
RHO START     : -1.280000e+02
RAY LENGTH    : 5.120000e+02

SPATIAL INDEXING       : 5
SPECTRAL INDEXING      : 5
 1: CARTESIAN, NATURAL
 2: CARTESIAN, TRANSPOSED
 3: MORTON, NATURAL
 4: MORTON, TRANSPOSED
PROJECTION BLOCK SIZE      : 128
BACKPROJECTION BLOCK SIZE  : 128
PROJECTION BUFFER SIZE      : 48 KB
BACKPROJECTION BUFFER SIZE  : 48 KB

SINOGRAM FILE : ./datasets/ADS1_sinogram.bin
   THETA FILE : ./datasets/ADS1_theta.bin
  OUTPUT FILE : ./recon.ADS1.bin


PLACE TILES
lspat 2 lspatdim 2
lspec 3 lspecdim 4
MPI PARTITIONING
proc: 0 numspats: 4 numpixs: 65536 numspecs: 6 numrays: 98304
maxnumpix: 65536 maxnumray: 98304
FILL PIXELS AND RAYS
INPUT THETA DATA
DOMAIN PARTITIONING
myid 0 raynuminc 92160/92160 raynumout 92160/92160

CONSTRUCT PROJECTION MATRIX
CSR STORAGE: 28200745 (0.210112 GB) rownzmax 511
RAY-TRACING TIME: 1.557183e+00
CONSTRUCT BACKPROJECTION MATRIX
CSR STORAGE: 28200745 (0.210112 GB) rownzmax 524
TRANSPOSITION TIME: 3.101605e-01

BLOCKING PROJECTION MATRIX
NUMBER OF BLOCKS: 720 BUFFSIZE: 12288
NUMBER OF BUFFERS: 720 AVERAGE BUFF/BLOCK: 1.000000 MAX BUFF/BLOCK: 1
BUFF MAP: 8847360 (0.032959 GB)
ELLPACK STORAGE: 29950208 (0.167360 GB) buffnzmax: 511 STORAGE EFFICIENCY: 1.412381 DATA REUSE: 8.812000
BLOCKING TIME: 4.185974e-01
BLOCKING BACKPROJECTION MATRIX
NUMBER OF BLOCKS: 512 BUFFSIZE: 12288
NUMBER OF BUFFERS: 512 AVERAGE BUFF/BLOCK: 1.000000 MAX BUFF/BLOCK: 1
BUFF MAP: 6291456 (0.023438 GB)
ELLPACK STORAGE: 30093312 (0.168159 GB) buffnzmax: 524 STORAGE EFFICIENCY: 1.405665 DATA REUSE: 10.670145
BLOCKING TIME: 4.182078e-01

FILL PROJECTION MATRIX
TIME: 1.282547e+00
FILL BACKPROJECTION MATRIX
TIME: 1.828959e+00
REDUCTION MAPPINGS
PREPROCESSING TIME: 5.816418e+00
myid: 0 device: 0

Device Count: 1
Device 0 name: 620311456
Computational Capabilities: 7, 0
Maximum global memory size: 16945512448
Maximum constant memory size: 65536
Maximum shared memory size per block: 49152
Maximum block dimensions: 1024x1024x64
Maximum grid dimensions: 2147483647x65535x65535
Maximum threads per block: 1024
Warp size: 32

PROC 0 TOTAL GPU MEMORY: 0.540913 GB
INPUT MEASUREMENT DATA
INPUT ENDS
GRADIENT-DESCENT OPTIMIZATION
iter: 0 error: 2.235914e+08 gradnorm: 1.319800e+13
iter: 1 error: 5.746494e+07 gradnorm: 1.082424e+12
iter: 2 error: 7.825020e+06 gradnorm: 8.191635e+10
iter: 3 error: 1.580177e+06 gradnorm: 8.642811e+09
iter: 4 error: 5.867927e+05 gradnorm: 3.843746e+09
iter: 5 error: 3.011415e+05 gradnorm: 1.508402e+09
iter: 6 error: 2.159029e+05 gradnorm: 3.461366e+09
iter: 7 error: 1.176704e+05 gradnorm: 2.571062e+08
iter: 8 error: 5.118539e+04 gradnorm: 1.333331e+08
iter: 9 error: 3.220231e+04 gradnorm: 5.881124e+07
iter: 10 error: 1.951824e+04 gradnorm: 4.661277e+07
iter: 11 error: 1.671546e+04 gradnorm: 1.372676e+08
iter: 12 error: 1.147033e+04 gradnorm: 1.594443e+07
iter: 13 error: 7.448078e+03 gradnorm: 1.050715e+07
iter: 14 error: 5.769548e+03 gradnorm: 1.791862e+07
iter: 15 error: 4.635402e+03 gradnorm: 8.429709e+06
iter: 16 error: 3.715394e+03 gradnorm: 7.337504e+06
iter: 17 error: 2.983009e+03 gradnorm: 4.096305e+06
iter: 18 error: 2.676226e+03 gradnorm: 1.374696e+07
iter: 19 error: 2.249843e+03 gradnorm: 2.390513e+06
iter: 20 error: 1.824704e+03 gradnorm: 3.610986e+06
iter: 21 error: 1.467724e+03 gradnorm: 1.131110e+06
iter: 22 error: 1.137702e+03 gradnorm: 7.920064e+05
iter: 23 error: 1.070323e+03 gradnorm: 3.966292e+06
iter: 24 error: 8.648737e+02 gradnorm: 5.418865e+05
recon: 6.770556e-02 proj: 3.715930e-02 (2.286256e-02 7.715546e-03 3.587981e-03) backproj: 1.839922e-02 (2.084170e-03 3.883641e-03 1.101731e-02) ctime: 1.211646e-02 wtime: 1.089834e-05
numproj: 49 numback: 25
proj: 2.286256e-02 s (120.882045 GFLOPS) backproj: 1.101731e-02 s (127.983781 GFLOPS) avGFLOPS: 123.191441 totGFLOPS: 123.191441
proj: 460.991407 GB/s back: 466.823704 GB/s av: 462.887997 GB/s tot: 462.887997 GB/s
Total Time: 6.873421e+00
