NUM. THETA             : 750
NUM. RHO               : 512
NUM. X PIXELS          : 512
NUM. Y PIXELS          : 512

NUM. OF PIXELS         : 262144
NUM. OF RAYS           : 384000

NUM. ITERATIONS        : 24

SPATIAL TILE SIZE      : 64
SPECTRAL TILE SIZE     : 64

NUMBER OF X TILES      : 8
NUMBER OF Y TILES      : 8
NUM. OF THETA TILES    : 12
NUM. OF RHO TILES      : 8

NUM. SPATIAL TILES     : 64
NUM. SPECTRAL TILES    : 96

NUM. OF X PIXELS (EXT) : 512
NUM. OF Y PIXELS (EXT) : 512
NUM. OF ANGLES (EXT)   : 768
NUM. OF RHOS (EXT)     : 512

NUM. OF PIXELS (EXT)   : 262144
NUM. OF RAYS (EXT)     : 393216

NUMBER OF PROCESSES    : 1
NUMBER OF THRD./PROC.  : 1

INTEGER: 4, FLOAT: 4, LONG: 8, SHORT: 2, POINTER: 8
APPROX. MEMORY     TOTAL: 4.394531e+00 GB
APPROX. MEMORY PER PROC.: 4.394531e+00 GB

X START       : -2.560000e+02
Y START       : -2.560000e+02
PIXEL SIZE    : 1.000000e+00
RHO START     : -2.560000e+02
RAY LENGTH    : 1.024000e+03

SPATIAL INDEXING       : 5
SPECTRAL INDEXING      : 5
 1: CARTESIAN, NATURAL
 2: CARTESIAN, TRANSPOSED
 3: MORTON, NATURAL
 4: MORTON, TRANSPOSED
PROJECTION BLOCK SIZE      : 512
BACKPROJECTION BLOCK SIZE  : 512
PROJECTION BUFFER SIZE      : 32 KB
BACKPROJECTION BUFFER SIZE  : 32 KB

SINOGRAM FILE : ./datasets/ADS2_sinogram.bin
   THETA FILE : ./datasets/ADS2_theta.bin
  OUTPUT FILE : ./recon.ADS2.bin


PLACE TILES
lspat 8 lspatdim 8
lspec 12 lspecdim 16
MPI PARTITIONING
proc: 0 numspats: 64 numpixs: 262144 numspecs: 96 numrays: 393216
maxnumpix: 262144 maxnumray: 393216
FILL PIXELS AND RAYS
INPUT THETA DATA
DOMAIN PARTITIONING
myid 0 raynuminc 384000/384000 raynumout 384000/384000

CONSTRUCT PROJECTION MATRIX
CSR STORAGE: 235012145 (1.750977 GB) rownzmax 1022
RAY-TRACING TIME: 1.402099e+01
CONSTRUCT BACKPROJECTION MATRIX
CSR STORAGE: 235012145 (1.750977 GB) rownzmax 1092
TRANSPOSITION TIME: 2.688420e+00

BLOCKING PROJECTION MATRIX
NUMBER OF BLOCKS: 750 BUFFSIZE: 8192
NUMBER OF BUFFERS: 2036 AVERAGE BUFF/BLOCK: 2.714667 MAX BUFF/BLOCK: 4
BUFF MAP: 16678912 (0.062134 GB)
ELLPACK STORAGE: 292260352 (1.633132 GB) buffnzmax: 547 STORAGE EFFICIENCY: 1.206179 DATA REUSE: 17.600401
BLOCKING TIME: 6.352730e+00
BLOCKING BACKPROJECTION MATRIX
NUMBER OF BLOCKS: 512 BUFFSIZE: 8192
NUMBER OF BUFFERS: 1484 AVERAGE BUFF/BLOCK: 2.898438 MAX BUFF/BLOCK: 3
BUFF MAP: 12156928 (0.045288 GB)
ELLPACK STORAGE: 268898816 (1.502589 GB) buffnzmax: 574 STORAGE EFFICIENCY: 1.310970 DATA REUSE: 21.340776
BLOCKING TIME: 6.368968e+00

FILL PROJECTION MATRIX
TIME: 1.203044e+01
FILL BACKPROJECTION MATRIX
TIME: 1.782942e+01
REDUCTION MAPPINGS
PREPROCESSING TIME: 5.929386e+01
myid: 0 device: 0

Device Count: 1
Device 0 name: 163802816
Computational Capabilities: 7, 0
Maximum global memory size: 16945512448
Maximum constant memory size: 65536
Maximum shared memory size per block: 49152
Maximum block dimensions: 1024x1024x64
Maximum grid dimensions: 2147483647x65535x65535
Maximum threads per block: 1024
Warp size: 32

PROC 0 TOTAL GPU MEMORY: 4.604636 GB
INPUT MEASUREMENT DATA
INPUT ENDS
GRADIENT-DESCENT OPTIMIZATION
iter: 0 error: 1.926931e+09 gradnorm: 4.060025e+14
iter: 1 error: 6.126870e+08 gradnorm: 5.319072e+13
iter: 2 error: 1.166408e+08 gradnorm: 6.856341e+12
iter: 3 error: 3.920082e+07 gradnorm: 1.622474e+12
iter: 4 error: 1.373126e+07 gradnorm: 3.566063e+11
iter: 5 error: 5.040706e+06 gradnorm: 9.013549e+10
iter: 6 error: 2.572574e+06 gradnorm: 9.177650e+10
iter: 7 error: 2.100239e+06 gradnorm: 5.521458e+10
iter: 8 error: 1.328594e+06 gradnorm: 2.001748e+10
iter: 9 error: 7.720440e+05 gradnorm: 9.766244e+09
iter: 10 error: 4.309949e+05 gradnorm: 3.385883e+09
iter: 11 error: 2.975176e+05 gradnorm: 5.530168e+09
iter: 12 error: 2.557502e+05 gradnorm: 5.083343e+09
iter: 13 error: 2.149618e+05 gradnorm: 2.938877e+09
iter: 14 error: 1.525529e+05 gradnorm: 1.447305e+09
iter: 15 error: 1.086186e+05 gradnorm: 6.378351e+08
iter: 16 error: 7.732322e+04 gradnorm: 4.433676e+08
iter: 17 error: 5.635808e+04 gradnorm: 9.791871e+08
iter: 18 error: 5.214383e+04 gradnorm: 3.816994e+08
iter: 19 error: 3.903129e+04 gradnorm: 2.112508e+08
iter: 20 error: 3.005105e+04 gradnorm: 1.917302e+08
iter: 21 error: 2.633408e+04 gradnorm: 1.787870e+08
iter: 22 error: 2.198211e+04 gradnorm: 2.722335e+08
iter: 23 error: 1.989709e+04 gradnorm: 2.807622e+08
iter: 24 error: 1.744543e+04 gradnorm: 8.018670e+07
recon: 3.038841e-01 proj: 1.629312e-01 (1.097352e-01 3.081825e-02 1.295255e-02) backproj: 7.827293e-02 (7.025907e-03 1.568246e-02 5.108224e-02) ctime: 6.263385e-02 wtime: 1.785951e-05
numproj: 49 numback: 25
proj: 1.097352e-01 s (209.879695 GFLOPS) backproj: 5.108224e-02 s (230.033120 GFLOPS) avGFLOPS: 216.281253 totGFLOPS: 216.281253
proj: 812.807656 GB/s back: 813.404316 GB/s av: 812.997180 GB/s tot: 812.997180 GB/s
Total Time: 6.220708e+01
