NUM. THETA             : 360
NUM. RHO               : 256
NUM. X PIXELS          : 256
NUM. Y PIXELS          : 256

NUM. OF PIXELS         : 65536
NUM. OF RAYS           : 92160

NUM. ITERATIONS        : 24

SPATIAL TILE SIZE      : 128
SPECTRAL TILE SIZE     : 128

NUMBER OF X TILES      : 2
NUMBER OF Y TILES      : 2
NUM. OF THETA TILES    : 3
NUM. OF RHO TILES      : 2

NUM. SPATIAL TILES     : 4
NUM. SPECTRAL TILES    : 6

NUM. OF X PIXELS (EXT) : 256
NUM. OF Y PIXELS (EXT) : 256
NUM. OF ANGLES (EXT)   : 384
NUM. OF RHOS (EXT)     : 256

NUM. OF PIXELS (EXT)   : 65536
NUM. OF RAYS (EXT)     : 98304

NUMBER OF PROCESSES    : 1
NUMBER OF THRD./PROC.  : 1

INTEGER: 4, FLOAT: 4, LONG: 8, SHORT: 2, POINTER: 8
APPROX. MEMORY     TOTAL: 5.273438e-01 GB
APPROX. MEMORY PER PROC.: 5.273438e-01 GB

X START       : -1.280000e+02
Y START       : -1.280000e+02
PIXEL SIZE    : 1.000000e+00
RHO START     : -1.280000e+02
RAY LENGTH    : 5.120000e+02

SPATIAL INDEXING       : 5
SPECTRAL INDEXING      : 5
 1: CARTESIAN, NATURAL
 2: CARTESIAN, TRANSPOSED
 3: MORTON, NATURAL
 4: MORTON, TRANSPOSED
PROJECTION BLOCK SIZE      : 1024
BACKPROJECTION BLOCK SIZE  : 1024
PROJECTION BUFFER SIZE      : 48 KB
BACKPROJECTION BUFFER SIZE  : 48 KB

SINOGRAM FILE : ./datasets/ADS1_sinogram.bin
   THETA FILE : ./datasets/ADS1_theta.bin
  OUTPUT FILE : ./recon.ADS1.bin


PLACE TILES
lspat 2 lspatdim 2
lspec 3 lspecdim 4
MPI PARTITIONING
proc: 0 numspats: 4 numpixs: 65536 numspecs: 6 numrays: 98304
maxnumpix: 65536 maxnumray: 98304
FILL PIXELS AND RAYS
INPUT THETA DATA
DOMAIN PARTITIONING
myid 0 raynuminc 92160/92160 raynumout 92160/92160

CONSTRUCT PROJECTION MATRIX
CSR STORAGE: 28200745 (0.210112 GB) rownzmax 511
RAY-TRACING TIME: 1.539824e+00
CONSTRUCT BACKPROJECTION MATRIX
CSR STORAGE: 28200745 (0.210112 GB) rownzmax 524
TRANSPOSITION TIME: 3.084993e-01

BLOCKING PROJECTION MATRIX
NUMBER OF BLOCKS: 90 BUFFSIZE: 12288
NUMBER OF BUFFERS: 144 AVERAGE BUFF/BLOCK: 1.600000 MAX BUFF/BLOCK: 2
BUFF MAP: 1769472 (0.006592 GB)
ELLPACK STORAGE: 36725760 (0.205221 GB) buffnzmax: 464 STORAGE EFFICIENCY: 1.151810 DATA REUSE: 25.519974
BLOCKING TIME: 7.032315e-01
BLOCKING BACKPROJECTION MATRIX
NUMBER OF BLOCKS: 64 BUFFSIZE: 12288
NUMBER OF BUFFERS: 116 AVERAGE BUFF/BLOCK: 1.812500 MAX BUFF/BLOCK: 2
BUFF MAP: 1425408 (0.005310 GB)
ELLPACK STORAGE: 34757632 (0.194223 GB) buffnzmax: 496 STORAGE EFFICIENCY: 1.217031 DATA REUSE: 32.088451
BLOCKING TIME: 7.048674e-01

FILL PROJECTION MATRIX
TIME: 1.476291e+00
FILL BACKPROJECTION MATRIX
TIME: 2.196876e+00
REDUCTION MAPPINGS
PREPROCESSING TIME: 6.930289e+00
myid: 0 device: 0

Device Count: 1
Device 0 name: -272066160
Computational Capabilities: 7, 0
Maximum global memory size: 16945512448
Maximum constant memory size: 65536
Maximum shared memory size per block: 49152
Maximum block dimensions: 1024x1024x64
Maximum grid dimensions: 2147483647x65535x65535
Maximum threads per block: 1024
Warp size: 32

PROC 0 TOTAL GPU MEMORY: 0.584648 GB
INPUT MEASUREMENT DATA
INPUT ENDS
GRADIENT-DESCENT OPTIMIZATION
iter: 0 error: 2.235914e+08 gradnorm: 1.319800e+13
iter: 1 error: 5.746494e+07 gradnorm: 1.082424e+12
iter: 2 error: 7.825016e+06 gradnorm: 8.191648e+10
iter: 3 error: 1.580174e+06 gradnorm: 8.642811e+09
iter: 4 error: 5.867973e+05 gradnorm: 3.844296e+09
iter: 5 error: 3.012925e+05 gradnorm: 1.520030e+09
iter: 6 error: 2.178463e+05 gradnorm: 3.429521e+09
iter: 7 error: 1.176722e+05 gradnorm: 2.569490e+08
iter: 8 error: 5.118638e+04 gradnorm: 1.333307e+08
iter: 9 error: 3.220341e+04 gradnorm: 5.890636e+07
iter: 10 error: 1.986393e+04 gradnorm: 7.356563e+07
iter: 11 error: 1.808796e+04 gradnorm: 6.805150e+07
iter: 12 error: 1.147127e+04 gradnorm: 1.581179e+07
iter: 13 error: 7.430865e+03 gradnorm: 1.006356e+07
iter: 14 error: 5.465889e+03 gradnorm: 1.427209e+07
iter: 15 error: 4.559813e+03 gradnorm: 1.060862e+07
iter: 16 error: 4.059616e+03 gradnorm: 1.866695e+07
iter: 17 error: 3.443780e+03 gradnorm: 7.013070e+06
iter: 18 error: 2.868797e+03 gradnorm: 3.895697e+06
iter: 19 error: 2.244381e+03 gradnorm: 2.276910e+06
iter: 20 error: 1.789810e+03 gradnorm: 3.590281e+06
iter: 21 error: 1.479186e+03 gradnorm: 2.131552e+06
iter: 22 error: 1.426520e+03 gradnorm: 2.112643e+06
iter: 23 error: 1.120226e+03 gradnorm: 6.998752e+05
iter: 24 error: 8.644620e+02 gradnorm: 5.242034e+05
recon: 7.771146e-02 proj: 3.333494e-02 (1.641478e-02 9.480723e-03 3.924031e-03) backproj: 1.582906e-02 (2.379467e-03 4.852852e-03 6.955200e-03) ctime: 2.848017e-02 wtime: 2.476620e-05
numproj: 49 numback: 25
proj: 1.641478e-02 s (168.364873 GFLOPS) backproj: 6.955200e-03 s (202.731371 GFLOPS) avGFLOPS: 178.592773 totGFLOPS: 178.592773
proj: 678.911767 GB/s back: 770.097987 GB/s av: 706.049928 GB/s tot: 706.049928 GB/s
Total Time: 8.071212e+00
