NUM. THETA             : 750
NUM. RHO               : 512
NUM. X PIXELS          : 512
NUM. Y PIXELS          : 512

NUM. OF PIXELS         : 262144
NUM. OF RAYS           : 384000

NUM. ITERATIONS        : 24

SPATIAL TILE SIZE      : 32
SPECTRAL TILE SIZE     : 32

NUMBER OF X TILES      : 16
NUMBER OF Y TILES      : 16
NUM. OF THETA TILES    : 24
NUM. OF RHO TILES      : 16

NUM. SPATIAL TILES     : 256
NUM. SPECTRAL TILES    : 384

NUM. OF X PIXELS (EXT) : 512
NUM. OF Y PIXELS (EXT) : 512
NUM. OF ANGLES (EXT)   : 768
NUM. OF RHOS (EXT)     : 512

NUM. OF PIXELS (EXT)   : 262144
NUM. OF RAYS (EXT)     : 393216

NUMBER OF PROCESSES    : 1
NUMBER OF THRD./PROC.  : 1

INTEGER: 4, FLOAT: 4, LONG: 8, SHORT: 2, POINTER: 8
APPROX. MEMORY     TOTAL: 4.394531e+00 GB
APPROX. MEMORY PER PROC.: 4.394531e+00 GB

X START       : -2.560000e+02
Y START       : -2.560000e+02
PIXEL SIZE    : 1.000000e+00
RHO START     : -2.560000e+02
RAY LENGTH    : 1.024000e+03

SPATIAL INDEXING       : 5
SPECTRAL INDEXING      : 5
 1: CARTESIAN, NATURAL
 2: CARTESIAN, TRANSPOSED
 3: MORTON, NATURAL
 4: MORTON, TRANSPOSED
PROJECTION BLOCK SIZE      : 1024
BACKPROJECTION BLOCK SIZE  : 1024
PROJECTION BUFFER SIZE      : 48 KB
BACKPROJECTION BUFFER SIZE  : 48 KB

SINOGRAM FILE : ./datasets/ADS2_sinogram.bin
   THETA FILE : ./datasets/ADS2_theta.bin
  OUTPUT FILE : ./recon.ADS2.bin


PLACE TILES
lspat 16 lspatdim 16
lspec 24 lspecdim 32
MPI PARTITIONING
proc: 0 numspats: 256 numpixs: 262144 numspecs: 384 numrays: 393216
maxnumpix: 262144 maxnumray: 393216
FILL PIXELS AND RAYS
INPUT THETA DATA
DOMAIN PARTITIONING
myid 0 raynuminc 384000/384000 raynumout 384000/384000

CONSTRUCT PROJECTION MATRIX
CSR STORAGE: 235012144 (1.750977 GB) rownzmax 1022
RAY-TRACING TIME: 1.873806e+01
CONSTRUCT BACKPROJECTION MATRIX
CSR STORAGE: 235012144 (1.750977 GB) rownzmax 1092
TRANSPOSITION TIME: 2.692600e+00

BLOCKING PROJECTION MATRIX
NUMBER OF BLOCKS: 375 BUFFSIZE: 12288
NUMBER OF BUFFERS: 970 AVERAGE BUFF/BLOCK: 2.586667 MAX BUFF/BLOCK: 4
BUFF MAP: 11919360 (0.044403 GB)
ELLPACK STORAGE: 299429888 (1.673195 GB) buffnzmax: 592 STORAGE EFFICIENCY: 1.177298 DATA REUSE: 26.021841
BLOCKING TIME: 6.129073e+00
BLOCKING BACKPROJECTION MATRIX
NUMBER OF BLOCKS: 256 BUFFSIZE: 12288
NUMBER OF BUFFERS: 728 AVERAGE BUFF/BLOCK: 2.843750 MAX BUFF/BLOCK: 3
BUFF MAP: 8945664 (0.033325 GB)
ELLPACK STORAGE: 279269376 (1.560539 GB) buffnzmax: 642 STORAGE EFFICIENCY: 1.262287 DATA REUSE: 32.022366
BLOCKING TIME: 6.133772e+00

FILL PROJECTION MATRIX
TIME: 1.246458e+01
FILL BACKPROJECTION MATRIX
TIME: 1.853353e+01
REDUCTION MAPPINGS
PREPROCESSING TIME: 6.469471e+01
myid: 0 device: 0

Device Count: 1
Device 0 name: 174125440
Computational Capabilities: 7, 0
Maximum global memory size: 16945512448
Maximum constant memory size: 65536
Maximum shared memory size per block: 49152
Maximum block dimensions: 1024x1024x64
Maximum grid dimensions: 2147483647x65535x65535
Maximum threads per block: 1024
Warp size: 32

PROC 0 TOTAL GPU MEMORY: 4.713063 GB
INPUT MEASUREMENT DATA
INPUT ENDS
GRADIENT-DESCENT OPTIMIZATION
iter: 0 error: 1.926938e+09 gradnorm: 4.060026e+14
iter: 1 error: 6.126871e+08 gradnorm: 5.319093e+13
iter: 2 error: 1.166410e+08 gradnorm: 6.856373e+12
iter: 3 error: 3.920064e+07 gradnorm: 1.622461e+12
iter: 4 error: 1.373128e+07 gradnorm: 3.566233e+11
iter: 5 error: 5.041723e+06 gradnorm: 9.050119e+10
iter: 6 error: 2.650012e+06 gradnorm: 1.129004e+11
iter: 7 error: 2.124320e+06 gradnorm: 4.982984e+10
iter: 8 error: 1.328792e+06 gradnorm: 1.997121e+10
iter: 9 error: 7.720520e+05 gradnorm: 9.766252e+09
iter: 10 error: 4.310127e+05 gradnorm: 3.382781e+09
iter: 11 error: 2.941639e+05 gradnorm: 4.378405e+09
iter: 12 error: 2.342983e+05 gradnorm: 2.939481e+09
iter: 13 error: 1.977509e+05 gradnorm: 5.958053e+09
iter: 14 error: 1.524389e+05 gradnorm: 1.487806e+09
iter: 15 error: 1.086182e+05 gradnorm: 6.378764e+08
iter: 16 error: 7.731494e+04 gradnorm: 4.409237e+08
iter: 17 error: 5.442615e+04 gradnorm: 4.033282e+08
iter: 18 error: 5.036343e+04 gradnorm: 8.408191e+08
iter: 19 error: 3.897699e+04 gradnorm: 2.095314e+08
iter: 20 error: 2.962906e+04 gradnorm: 1.627861e+08
iter: 21 error: 2.576797e+04 gradnorm: 1.938418e+08
iter: 22 error: 2.103209e+04 gradnorm: 1.919668e+08
iter: 23 error: 1.829132e+04 gradnorm: 2.010186e+08
iter: 24 error: 1.723250e+04 gradnorm: 1.080456e+08
recon: 2.998925e-01 proj: 1.687136e-01 (1.128099e-01 3.362417e-02 1.290257e-02) backproj: 8.052153e-02 (7.014377e-03 1.705891e-02 5.199478e-02) ctime: 5.062064e-02 wtime: 1.451140e-05
numproj: 49 numback: 25
proj: 1.128099e-01 s (204.159378 GFLOPS) backproj: 5.199478e-02 s (225.995885 GFLOPS) avGFLOPS: 211.048653 totGFLOPS: 211.048653
proj: 801.069909 GB/s back: 822.870482 GB/s av: 807.947847 GB/s tot: 807.947847 GB/s
Total Time: 7.048566e+01
