NUM. THETA             : 750
NUM. RHO               : 512
NUM. X PIXELS          : 512
NUM. Y PIXELS          : 512

NUM. OF PIXELS         : 262144
NUM. OF RAYS           : 384000

NUM. ITERATIONS        : 24

SPATIAL TILE SIZE      : 128
SPECTRAL TILE SIZE     : 128

NUMBER OF X TILES      : 4
NUMBER OF Y TILES      : 4
NUM. OF THETA TILES    : 6
NUM. OF RHO TILES      : 4

NUM. SPATIAL TILES     : 16
NUM. SPECTRAL TILES    : 24

NUM. OF X PIXELS (EXT) : 512
NUM. OF Y PIXELS (EXT) : 512
NUM. OF ANGLES (EXT)   : 768
NUM. OF RHOS (EXT)     : 512

NUM. OF PIXELS (EXT)   : 262144
NUM. OF RAYS (EXT)     : 393216

NUMBER OF PROCESSES    : 1
NUMBER OF THRD./PROC.  : 1

INTEGER: 4, FLOAT: 4, LONG: 8, SHORT: 2, POINTER: 8
APPROX. MEMORY     TOTAL: 4.394531e+00 GB
APPROX. MEMORY PER PROC.: 4.394531e+00 GB

X START       : -2.560000e+02
Y START       : -2.560000e+02
PIXEL SIZE    : 1.000000e+00
RHO START     : -2.560000e+02
RAY LENGTH    : 1.024000e+03

SPATIAL INDEXING       : 5
SPECTRAL INDEXING      : 5
 1: CARTESIAN, NATURAL
 2: CARTESIAN, TRANSPOSED
 3: MORTON, NATURAL
 4: MORTON, TRANSPOSED
PROJECTION BLOCK SIZE      : 512
BACKPROJECTION BLOCK SIZE  : 512
PROJECTION BUFFER SIZE      : 48 KB
BACKPROJECTION BUFFER SIZE  : 48 KB

SINOGRAM FILE : ./datasets/ADS2_sinogram.bin
   THETA FILE : ./datasets/ADS2_theta.bin
  OUTPUT FILE : ./recon.ADS2.bin


PLACE TILES
lspat 4 lspatdim 4
lspec 6 lspecdim 8
MPI PARTITIONING
proc: 0 numspats: 16 numpixs: 262144 numspecs: 24 numrays: 393216
maxnumpix: 262144 maxnumray: 393216
FILL PIXELS AND RAYS
INPUT THETA DATA
DOMAIN PARTITIONING
myid 0 raynuminc 384000/384000 raynumout 384000/384000

CONSTRUCT PROJECTION MATRIX
CSR STORAGE: 235012144 (1.750977 GB) rownzmax 1022
RAY-TRACING TIME: 1.332849e+01
CONSTRUCT BACKPROJECTION MATRIX
CSR STORAGE: 235012144 (1.750977 GB) rownzmax 1092
TRANSPOSITION TIME: 2.691774e+00

BLOCKING PROJECTION MATRIX
NUMBER OF BLOCKS: 750 BUFFSIZE: 12288
NUMBER OF BUFFERS: 1414 AVERAGE BUFF/BLOCK: 1.885333 MAX BUFF/BLOCK: 3
BUFF MAP: 17375232 (0.064728 GB)
ELLPACK STORAGE: 272903680 (1.524968 GB) buffnzmax: 693 STORAGE EFFICIENCY: 1.291731 DATA REUSE: 17.635595
BLOCKING TIME: 6.344776e+00
BLOCKING BACKPROJECTION MATRIX
NUMBER OF BLOCKS: 512 BUFFSIZE: 12288
NUMBER OF BUFFERS: 1020 AVERAGE BUFF/BLOCK: 1.992188 MAX BUFF/BLOCK: 2
BUFF MAP: 12533760 (0.046692 GB)
ELLPACK STORAGE: 260261888 (1.454327 GB) buffnzmax: 745 STORAGE EFFICIENCY: 1.354475 DATA REUSE: 21.340776
BLOCKING TIME: 6.374863e+00

FILL PROJECTION MATRIX
TIME: 1.187742e+01
FILL BACKPROJECTION MATRIX
TIME: 1.775349e+01
REDUCTION MAPPINGS
PREPROCESSING TIME: 5.837340e+01
myid: 0 device: 0

Device Count: 1
Device 0 name: -1562476784
Computational Capabilities: 7, 0
Maximum global memory size: 16945512448
Maximum constant memory size: 65536
Maximum shared memory size per block: 49152
Maximum block dimensions: 1024x1024x64
Maximum grid dimensions: 2147483647x65535x65535
Maximum threads per block: 1024
Warp size: 32

PROC 0 TOTAL GPU MEMORY: 4.384975 GB
INPUT MEASUREMENT DATA
INPUT ENDS
GRADIENT-DESCENT OPTIMIZATION
iter: 0 error: 1.926915e+09 gradnorm: 4.060025e+14
iter: 1 error: 6.126890e+08 gradnorm: 5.319068e+13
iter: 2 error: 1.166408e+08 gradnorm: 6.856264e+12
iter: 3 error: 3.920061e+07 gradnorm: 1.622457e+12
iter: 4 error: 1.373127e+07 gradnorm: 3.566022e+11
iter: 5 error: 5.040240e+06 gradnorm: 8.994748e+10
iter: 6 error: 2.529862e+06 gradnorm: 7.932920e+10
iter: 7 error: 2.074020e+06 gradnorm: 6.050851e+10
iter: 8 error: 1.328409e+06 gradnorm: 2.007184e+10
iter: 9 error: 7.720574e+05 gradnorm: 9.767422e+09
iter: 10 error: 4.310809e+05 gradnorm: 3.392090e+09
iter: 11 error: 2.958679e+05 gradnorm: 4.556985e+09
iter: 12 error: 2.374713e+05 gradnorm: 3.513823e+09
iter: 13 error: 2.088223e+05 gradnorm: 4.593945e+09
iter: 14 error: 1.525839e+05 gradnorm: 1.455091e+09
iter: 15 error: 1.086191e+05 gradnorm: 6.377420e+08
iter: 16 error: 7.732056e+04 gradnorm: 4.424586e+08
iter: 17 error: 5.561118e+04 gradnorm: 7.643114e+08
iter: 18 error: 5.199363e+04 gradnorm: 4.315489e+08
iter: 19 error: 3.923920e+04 gradnorm: 2.315261e+08
iter: 20 error: 3.227187e+04 gradnorm: 3.190699e+08
iter: 21 error: 2.738090e+04 gradnorm: 1.428393e+08
iter: 22 error: 2.271305e+04 gradnorm: 1.842871e+08
iter: 23 error: 1.802037e+04 gradnorm: 7.683352e+07
iter: 24 error: 1.557129e+04 gradnorm: 3.053521e+08
recon: 2.761808e-01 proj: 1.534208e-01 (1.015100e-01 2.974921e-02 1.287043e-02) backproj: 7.502423e-02 (6.940930e-03 1.506832e-02 4.859824e-02) ctime: 4.770263e-02 wtime: 1.290720e-05
numproj: 49 numback: 25
proj: 1.015100e-01 s (226.886029 GFLOPS) backproj: 4.859824e-02 s (241.790794 GFLOPS) avGFLOPS: 231.711518 totGFLOPS: 231.711518
proj: 823.951004 GB/s back: 829.097076 GB/s av: 825.617069 GB/s tot: 825.617069 GB/s
Total Time: 6.045012e+01
