NUM. THETA             : 750
NUM. RHO               : 512
NUM. X PIXELS          : 512
NUM. Y PIXELS          : 512

NUM. OF PIXELS         : 262144
NUM. OF RAYS           : 384000

NUM. ITERATIONS        : 24

SPATIAL TILE SIZE      : 16
SPECTRAL TILE SIZE     : 16

NUMBER OF X TILES      : 32
NUMBER OF Y TILES      : 32
NUM. OF THETA TILES    : 47
NUM. OF RHO TILES      : 32

NUM. SPATIAL TILES     : 1024
NUM. SPECTRAL TILES    : 1504

NUM. OF X PIXELS (EXT) : 512
NUM. OF Y PIXELS (EXT) : 512
NUM. OF ANGLES (EXT)   : 752
NUM. OF RHOS (EXT)     : 512

NUM. OF PIXELS (EXT)   : 262144
NUM. OF RAYS (EXT)     : 385024

NUMBER OF PROCESSES    : 2
NUMBER OF THRD./PROC.  : 12

INTEGER: 4, FLOAT: 4, LONG: 8, SHORT: 2, POINTER: 8
APPROX. MEMORY     TOTAL: 4.394531e+00 GB
APPROX. MEMORY PER PROC.: 2.197266e+00 GB

X START       : -2.560000e+02
Y START       : -2.560000e+02
PIXEL SIZE    : 1.000000e+00
RHO START     : -2.560000e+02
RAY LENGTH    : 1.024000e+03

SPATIAL INDEXING       : 5
SPECTRAL INDEXING      : 5
 1: CARTESIAN, NATURAL
 2: CARTESIAN, TRANSPOSED
 3: MORTON, NATURAL
 4: MORTON, TRANSPOSED
 5: HILBERT
PROJECTION BLOCK SIZE      : 128
BACKPROJECTION BLOCK SIZE  : 128
PROJECTION BUFFER SIZE      : 8 KB
BACKPROJECTION BUFFER SIZE  : 8 KB

SINOGRAM FILE : ../../../../datasets/ADS2_sinogram.bin
   THETA FILE : ../../../../datasets/ADS2_theta.bin
  OUTPUT FILE : ./recon.ADS2.bin


PLACE TILES
lspat 32 lspatdim 32
lspec 47 lspecdim 64
MPI PARTITIONING
proc: 0 numspats: 512 numpixs: 131072 numspecs: 752 numrays: 192512
proc: 1 numspats: 512 numpixs: 131072 numspecs: 752 numrays: 192512
maxnumpix: 131072 maxnumray: 192512
FILL PIXELS AND RAYS
INPUT THETA DATA
DOMAIN PARTITIONING

CONSTRUCT PROJECTION MATRIX
CSR STORAGE: 235012096 (1.750977 GB) rownzmax 766
RAY-TRACING TIME: 1.476290e+01
CONSTRUCT BACKPROJECTION MATRIX
CSR STORAGE: 235012096 (1.750977 GB) rownzmax 1092
TRANSPOSITION TIME: 5.447001e-01

BLOCKING PROJECTION MATRIX
NUMBER OF BLOCKS: 2455 BUFFSIZE: 2048
NUMBER OF BUFFERS: 8136 AVERAGE BUFF/BLOCK: 3.314053 MAX BUFF/BLOCK: 7
BUFFER MAP: 28467892 (0.106051 GB)
CSR STORAGE: 235012096 (1.313232 GB) buffnzmax: 311 STORAGE EFFICIENCY: 0.749998 DATA REUSE: 8.355506
BLOCKING TIME: 2.404442e-01
BLOCKING BACKPROJECTION MATRIX
NUMBER OF BLOCKS: 1024 BUFFSIZE: 2048
NUMBER OF BUFFERS: 5832 AVERAGE BUFF/BLOCK: 5.695312 MAX BUFF/BLOCK: 6
BUFFER MAP: 22030524 (0.082070 GB)
CSR STORAGE: 235012096 (1.313232 GB) buffnzmax: 346 STORAGE EFFICIENCY: 0.749998 DATA REUSE: 10.667545
BLOCKING TIME: 2.159541e-01

FILL PROJECTION MATRIX
TIME: 5.195780e-01
FILL BACKPROJECTION MATRIX
TIME: 6.037960e-01
REDUCTION MAPPINGS
PREPROCESSING TIME: 1.690918e+01
INPUT MEASUREMENT DATA
INPUT ENDS
GRADIENT-DESCENT OPTIMIZATION
iter: 0 error: 1.926989e+09 gradnorm: 4.059983e+14
iter: 1 error: 6.127064e+08 gradnorm: 5.319142e+13
iter: 2 error: 1.166512e+08 gradnorm: 6.856443e+12
iter: 3 error: 3.920479e+07 gradnorm: 1.622127e+12
iter: 4 error: 1.373285e+07 gradnorm: 3.565774e+11
iter: 5 error: 5.039982e+06 gradnorm: 8.951266e+10
iter: 6 error: 2.422978e+06 gradnorm: 4.575729e+10
iter: 7 error: 1.454154e+06 gradnorm: 2.201567e+10
iter: 8 error: 9.696144e+05 gradnorm: 4.419951e+10
iter: 9 error: 7.683134e+05 gradnorm: 1.091750e+10
iter: 10 error: 4.303420e+05 gradnorm: 3.286497e+09
iter: 11 error: 2.741978e+05 gradnorm: 2.446205e+09
iter: 12 error: 1.877743e+05 gradnorm: 1.700389e+09
iter: 13 error: 1.228639e+05 gradnorm: 7.420972e+08
iter: 14 error: 8.724411e+04 gradnorm: 5.320477e+08
iter: 15 error: 7.181420e+04 gradnorm: 1.692278e+09
iter: 16 error: 6.184234e+04 gradnorm: 8.032015e+08
iter: 17 error: 5.311705e+04 gradnorm: 4.091345e+08
iter: 18 error: 4.006855e+04 gradnorm: 2.105540e+08
iter: 19 error: 2.957827e+04 gradnorm: 1.151553e+08
iter: 20 error: 2.177529e+04 gradnorm: 9.977826e+07
iter: 21 error: 1.679443e+04 gradnorm: 6.461947e+07
iter: 22 error: 1.468110e+04 gradnorm: 3.572092e+08
iter: 23 error: 1.259553e+04 gradnorm: 4.389506e+07
iter: 24 error: 1.021506e+04 gradnorm: 6.540240e+07
recon: 2.188767e+00 proj: 1.422647e+00 (1.282761e+00 8.374763e-02 5.611825e-02) backproj: 7.197230e-01 (9.491444e-04 6.487131e-03 7.122798e-01) ctime: 3.320646e-02 wtime: 3.921986e-04
numproj: 49 numback: 25
proj: 2.569484e+00 s (8.963350 GFLOPS) backproj: 1.416577e+00 s (8.295068 GFLOPS) avGFLOPS: 8.725854 totGFLOPS: 17.451708
proj: 29.061579 GB/s back: 26.440397 GB/s av: 28.130056 GB/s tot: 56.260113 GB/s
Total Time: 2.026000e+01
