NUM. THETA             : 750
NUM. RHO               : 512
NUM. X PIXELS          : 512
NUM. Y PIXELS          : 512

NUM. OF PIXELS         : 262144
NUM. OF RAYS           : 384000

NUM. ITERATIONS        : 24

SPATIAL TILE SIZE      : 16
SPECTRAL TILE SIZE     : 16

NUMBER OF X TILES      : 32
NUMBER OF Y TILES      : 32
NUM. OF THETA TILES    : 47
NUM. OF RHO TILES      : 32

NUM. SPATIAL TILES     : 1024
NUM. SPECTRAL TILES    : 1504

NUM. OF X PIXELS (EXT) : 512
NUM. OF Y PIXELS (EXT) : 512
NUM. OF ANGLES (EXT)   : 752
NUM. OF RHOS (EXT)     : 512

NUM. OF PIXELS (EXT)   : 262144
NUM. OF RAYS (EXT)     : 385024

NUMBER OF PROCESSES    : 4
NUMBER OF THRD./PROC.  : 12

INTEGER: 4, FLOAT: 4, LONG: 8, SHORT: 2, POINTER: 8
APPROX. MEMORY     TOTAL: 4.394531e+00 GB
APPROX. MEMORY PER PROC.: 1.098633e+00 GB

X START       : -2.560000e+02
Y START       : -2.560000e+02
PIXEL SIZE    : 1.000000e+00
RHO START     : -2.560000e+02
RAY LENGTH    : 1.024000e+03

SPATIAL INDEXING       : 5
SPECTRAL INDEXING      : 5
 1: CARTESIAN, NATURAL
 2: CARTESIAN, TRANSPOSED
 3: MORTON, NATURAL
 4: MORTON, TRANSPOSED
 5: HILBERT
PROJECTION BLOCK SIZE      : 128
BACKPROJECTION BLOCK SIZE  : 128
PROJECTION BUFFER SIZE      : 8 KB
BACKPROJECTION BUFFER SIZE  : 8 KB

SINOGRAM FILE : ../../../../datasets/ADS2_sinogram.bin
   THETA FILE : ../../../../datasets/ADS2_theta.bin
  OUTPUT FILE : ./recon.ADS2.bin


PLACE TILES
lspat 32 lspatdim 32
lspec 47 lspecdim 64
MPI PARTITIONING
proc: 0 numspats: 256 numpixs: 65536 numspecs: 376 numrays: 96256
proc: 1 numspats: 256 numpixs: 65536 numspecs: 376 numrays: 96256
proc: 2 numspats: 256 numpixs: 65536 numspecs: 376 numrays: 96256
proc: 3 numspats: 256 numpixs: 65536 numspecs: 376 numrays: 96256
maxnumpix: 65536 maxnumray: 96256
FILL PIXELS AND RAYS
INPUT THETA DATA
DOMAIN PARTITIONING

CONSTRUCT PROJECTION MATRIX
CSR STORAGE: 235012096 (1.750977 GB) rownzmax 511
RAY-TRACING TIME: 5.297645e+00
CONSTRUCT BACKPROJECTION MATRIX
CSR STORAGE: 235012096 (1.750977 GB) rownzmax 1092
TRANSPOSITION TIME: 1.591599e-01

BLOCKING PROJECTION MATRIX
NUMBER OF BLOCKS: 1705 BUFFSIZE: 2048
NUMBER OF BUFFERS: 4019 AVERAGE BUFF/BLOCK: 2.357185 MAX BUFF/BLOCK: 5
BUFFER MAP: 26823809 (0.099926 GB)
CSR STORAGE: 235012096 (1.313232 GB) buffnzmax: 327 STORAGE EFFICIENCY: 0.375000 DATA REUSE: 9.111356
BLOCKING TIME: 1.330760e-01
BLOCKING BACKPROJECTION MATRIX
NUMBER OF BLOCKS: 512 BUFFSIZE: 2048
NUMBER OF BUFFERS: 2916 AVERAGE BUFF/BLOCK: 5.695312 MAX BUFF/BLOCK: 6
BUFFER MAP: 22030524 (0.082070 GB)
CSR STORAGE: 235012096 (1.313232 GB) buffnzmax: 336 STORAGE EFFICIENCY: 0.375000 DATA REUSE: 10.667562
BLOCKING TIME: 1.276419e-01

FILL PROJECTION MATRIX
TIME: 2.559521e-01
FILL BACKPROJECTION MATRIX
TIME: 2.926269e-01
REDUCTION MAPPINGS
PREPROCESSING TIME: 6.318076e+00
INPUT MEASUREMENT DATA
INPUT ENDS
GRADIENT-DESCENT OPTIMIZATION
iter: 0 error: 1.926989e+09 gradnorm: 4.059983e+14
iter: 1 error: 6.127064e+08 gradnorm: 5.319139e+13
iter: 2 error: 1.166512e+08 gradnorm: 6.856444e+12
iter: 3 error: 3.920479e+07 gradnorm: 1.622128e+12
iter: 4 error: 1.373285e+07 gradnorm: 3.565773e+11
iter: 5 error: 5.039982e+06 gradnorm: 8.951242e+10
iter: 6 error: 2.422920e+06 gradnorm: 4.573812e+10
iter: 7 error: 1.451778e+06 gradnorm: 2.126568e+10
iter: 8 error: 8.306744e+05 gradnorm: 1.035515e+10
iter: 9 error: 4.498112e+05 gradnorm: 3.554793e+09
iter: 10 error: 3.084942e+05 gradnorm: 8.238830e+09
iter: 11 error: 2.721589e+05 gradnorm: 3.055447e+09
iter: 12 error: 1.877660e+05 gradnorm: 1.702822e+09
iter: 13 error: 1.228579e+05 gradnorm: 7.413254e+08
iter: 14 error: 8.702027e+04 gradnorm: 4.975052e+08
iter: 15 error: 6.357309e+04 gradnorm: 6.092617e+08
iter: 16 error: 5.434485e+04 gradnorm: 4.749114e+08
iter: 17 error: 4.246096e+04 gradnorm: 5.679543e+08
iter: 18 error: 3.977116e+04 gradnorm: 2.941018e+08
iter: 19 error: 2.957764e+04 gradnorm: 1.152914e+08
iter: 20 error: 2.177520e+04 gradnorm: 9.976329e+07
iter: 21 error: 1.678544e+04 gradnorm: 6.180809e+07
iter: 22 error: 1.282761e+04 gradnorm: 4.332685e+07
iter: 23 error: 1.050411e+04 gradnorm: 1.137630e+08
iter: 24 error: 9.858975e+03 gradnorm: 8.195243e+07
recon: 1.332043e+00 proj: 8.607755e-01 (7.413921e-01 2.491641e-02 9.443808e-02) backproj: 3.565512e-01 (1.266146e-02 1.925468e-02 3.246241e-01) ctime: 1.136987e-01 wtime: 6.744862e-04
numproj: 49 numback: 25
proj: 2.923785e+00 s (7.877180 GFLOPS) backproj: 1.298506e+00 s (9.049330 GFLOPS) avGFLOPS: 8.237658 totGFLOPS: 32.950633
proj: 25.429712 GB/s back: 28.844595 GB/s av: 26.479911 GB/s tot: 105.919644 GB/s
Total Time: 8.428372e+00
