NUM. THETA             : 750
NUM. RHO               : 512
NUM. X PIXELS          : 512
NUM. Y PIXELS          : 512

NUM. OF PIXELS         : 262144
NUM. OF RAYS           : 384000

NUM. ITERATIONS        : 24

SPATIAL TILE SIZE      : 16
SPECTRAL TILE SIZE     : 16

NUMBER OF X TILES      : 32
NUMBER OF Y TILES      : 32
NUM. OF THETA TILES    : 47
NUM. OF RHO TILES      : 32

NUM. SPATIAL TILES     : 1024
NUM. SPECTRAL TILES    : 1504

NUM. OF X PIXELS (EXT) : 512
NUM. OF Y PIXELS (EXT) : 512
NUM. OF ANGLES (EXT)   : 752
NUM. OF RHOS (EXT)     : 512

NUM. OF PIXELS (EXT)   : 262144
NUM. OF RAYS (EXT)     : 385024

NUMBER OF PROCESSES    : 8
NUMBER OF THRD./PROC.  : 12

INTEGER: 4, FLOAT: 4, LONG: 8, SHORT: 2, POINTER: 8
APPROX. MEMORY     TOTAL: 4.394531e+00 GB
APPROX. MEMORY PER PROC.: 5.493164e-01 GB

X START       : -2.560000e+02
Y START       : -2.560000e+02
PIXEL SIZE    : 1.000000e+00
RHO START     : -2.560000e+02
RAY LENGTH    : 1.024000e+03

SPATIAL INDEXING       : 5
SPECTRAL INDEXING      : 5
 1: CARTESIAN, NATURAL
 2: CARTESIAN, TRANSPOSED
 3: MORTON, NATURAL
 4: MORTON, TRANSPOSED
 5: HILBERT
PROJECTION BLOCK SIZE      : 128
BACKPROJECTION BLOCK SIZE  : 128
PROJECTION BUFFER SIZE      : 8 KB
BACKPROJECTION BUFFER SIZE  : 8 KB

SINOGRAM FILE : ../../../../datasets/ADS2_sinogram.bin
   THETA FILE : ../../../../datasets/ADS2_theta.bin
  OUTPUT FILE : ./recon.ADS2.bin


PLACE TILES
lspat 32 lspatdim 32
lspec 47 lspecdim 64
MPI PARTITIONING
proc: 0 numspats: 128 numpixs: 32768 numspecs: 188 numrays: 48128
proc: 1 numspats: 128 numpixs: 32768 numspecs: 188 numrays: 48128
proc: 2 numspats: 128 numpixs: 32768 numspecs: 188 numrays: 48128
proc: 3 numspats: 128 numpixs: 32768 numspecs: 188 numrays: 48128
proc: 4 numspats: 128 numpixs: 32768 numspecs: 188 numrays: 48128
proc: 5 numspats: 128 numpixs: 32768 numspecs: 188 numrays: 48128
proc: 6 numspats: 128 numpixs: 32768 numspecs: 188 numrays: 48128
proc: 7 numspats: 128 numpixs: 32768 numspecs: 188 numrays: 48128
maxnumpix: 32768 maxnumray: 48128
FILL PIXELS AND RAYS
INPUT THETA DATA
DOMAIN PARTITIONING

CONSTRUCT PROJECTION MATRIX
CSR STORAGE: 235012096 (1.750977 GB) rownzmax 383
RAY-TRACING TIME: 2.019422e+00
CONSTRUCT BACKPROJECTION MATRIX
CSR STORAGE: 235012096 (1.750977 GB) rownzmax 1033
TRANSPOSITION TIME: 2.516210e-01

BLOCKING PROJECTION MATRIX
NUMBER OF BLOCKS: 1228 BUFFSIZE: 2048
NUMBER OF BUFFERS: 2338 AVERAGE BUFF/BLOCK: 1.903909 MAX BUFF/BLOCK: 4
BUFFER MAP: 27415436 (0.102130 GB)
CSR STORAGE: 235012096 (1.313232 GB) buffnzmax: 335 STORAGE EFFICIENCY: 0.176622 DATA REUSE: 8.313587
BLOCKING TIME: 8.914804e-02
BLOCKING BACKPROJECTION MATRIX
NUMBER OF BLOCKS: 256 BUFFSIZE: 2048
NUMBER OF BUFFERS: 1386 AVERAGE BUFF/BLOCK: 5.414062 MAX BUFF/BLOCK: 6
BUFFER MAP: 22030524 (0.082070 GB)
CSR STORAGE: 235012096 (1.313232 GB) buffnzmax: 336 STORAGE EFFICIENCY: 0.176622 DATA REUSE: 10.679137
BLOCKING TIME: 9.237003e-02

FILL PROJECTION MATRIX
TIME: 1.177361e-01
FILL BACKPROJECTION MATRIX
TIME: 1.395388e-01
REDUCTION MAPPINGS
PREPROCESSING TIME: 2.785868e+00
INPUT MEASUREMENT DATA
INPUT ENDS
GRADIENT-DESCENT OPTIMIZATION
iter: 0 error: 1.926989e+09 gradnorm: 4.059983e+14
iter: 1 error: 6.127064e+08 gradnorm: 5.319139e+13
iter: 2 error: 1.166512e+08 gradnorm: 6.856444e+12
iter: 3 error: 3.920479e+07 gradnorm: 1.622128e+12
iter: 4 error: 1.373285e+07 gradnorm: 3.565773e+11
iter: 5 error: 5.039982e+06 gradnorm: 8.951241e+10
iter: 6 error: 2.422919e+06 gradnorm: 4.573811e+10
iter: 7 error: 1.451778e+06 gradnorm: 2.126571e+10
iter: 8 error: 8.306855e+05 gradnorm: 1.035882e+10
iter: 9 error: 4.513559e+05 gradnorm: 4.088519e+09
iter: 10 error: 3.925012e+05 gradnorm: 1.219638e+10
iter: 11 error: 2.740754e+05 gradnorm: 2.483744e+09
iter: 12 error: 1.877736e+05 gradnorm: 1.700513e+09
iter: 13 error: 1.228603e+05 gradnorm: 7.416166e+08
iter: 14 error: 8.709633e+04 gradnorm: 5.065754e+08
iter: 15 error: 6.554058e+04 gradnorm: 7.665197e+08
iter: 16 error: 5.530159e+04 gradnorm: 4.512731e+08
iter: 17 error: 4.803954e+04 gradnorm: 1.193442e+09
iter: 18 error: 4.003469e+04 gradnorm: 2.184759e+08
iter: 19 error: 2.957815e+04 gradnorm: 1.151750e+08
iter: 20 error: 2.177509e+04 gradnorm: 9.975622e+07
iter: 21 error: 1.678461e+04 gradnorm: 6.180664e+07
iter: 22 error: 1.289885e+04 gradnorm: 7.234054e+07
iter: 23 error: 1.244633e+04 gradnorm: 8.216021e+07
iter: 24 error: 9.712789e+03 gradnorm: 3.952096e+07
recon: 1.012426e+00 proj: 5.142307e-01 (2.741230e-01 1.251321e-01 1.149473e-01) backproj: 3.851688e-01 (2.456999e-02 7.565498e-03 3.530223e-01) ctime: 6.743717e-02 wtime: 1.704955e-02
numproj: 49 numback: 25
proj: 2.032581e+00 s (11.331007 GFLOPS) backproj: 2.808476e+00 s (4.183979 GFLOPS) avGFLOPS: 7.184752 totGFLOPS: 57.478015
proj: 36.636668 GB/s back: 13.336367 GB/s av: 23.119302 GB/s tot: 184.954415 GB/s
Total Time: 4.273054e+00
