NUM. THETA             : 750
NUM. RHO               : 512
NUM. X PIXELS          : 512
NUM. Y PIXELS          : 512

NUM. OF PIXELS         : 262144
NUM. OF RAYS           : 384000

NUM. ITERATIONS        : 24

SPATIAL TILE SIZE      : 256
SPECTRAL TILE SIZE     : 256

NUMBER OF X TILES      : 2
NUMBER OF Y TILES      : 2
NUM. OF THETA TILES    : 3
NUM. OF RHO TILES      : 2

NUM. SPATIAL TILES     : 4
NUM. SPECTRAL TILES    : 6

NUM. OF X PIXELS (EXT) : 512
NUM. OF Y PIXELS (EXT) : 512
NUM. OF ANGLES (EXT)   : 768
NUM. OF RHOS (EXT)     : 512

NUM. OF PIXELS (EXT)   : 262144
NUM. OF RAYS (EXT)     : 393216

NUMBER OF PROCESSES    : 1
NUMBER OF THRD./PROC.  : 16

INTEGER: 4, FLOAT: 4, LONG: 8, SHORT: 2, POINTER: 8
APPROX. MEMORY     TOTAL: 4.394531e+00 GB
APPROX. MEMORY PER PROC.: 4.394531e+00 GB

X START       : -2.560000e+02
Y START       : -2.560000e+02
PIXEL SIZE    : 1.000000e+00
RHO START     : -2.560000e+02
RAY LENGTH    : 1.024000e+03

SPATIAL INDEXING       : 5
SPECTRAL INDEXING      : 5
 1: CARTESIAN, NATURAL
 2: CARTESIAN, TRANSPOSED
 3: MORTON, NATURAL
 4: MORTON, TRANSPOSED
 5: HILBERT
PROJECTION BLOCK SIZE      : 512
BACKPROJECTION BLOCK SIZE  : 512
PROJECTION BUFFER SIZE      : 32 KB
BACKPROJECTION BUFFER SIZE  : 32 KB

SINOGRAM FILE : ../../../../datasets/CDS1_sinogram.bin
   THETA FILE : ../../../../datasets/CDS1_theta.bin
  OUTPUT FILE : ../../output/single_cpu/ip-0A00000F/16.CDS1.256.256.512.512.32.32.bin


PLACE TILES
lspat 2 lspatdim 2
lspec 3 lspecdim 4
MPI PARTITIONING
proc: 0 numspats: 4 numpixs: 262144 numspecs: 6 numrays: 393216
maxnumpix: 262144 maxnumray: 393216
FILL PIXELS AND RAYS
INPUT THETA DATA
DOMAIN PARTITIONING

CONSTRUCT PROJECTION MATRIX
CSR STORAGE: 235011336 (1.750971 GB) rownzmax 1022
RAY-TRACING TIME: 1.480090e+00
CONSTRUCT BACKPROJECTION MATRIX
CSR STORAGE: 235011336 (1.750971 GB) rownzmax 1092
TRANSPOSITION TIME: 3.595306e-01

BLOCKING PROJECTION MATRIX
NUMBER OF BLOCKS: 750 BUFFSIZE: 8192
NUMBER OF BUFFERS: 2026 AVERAGE BUFF/BLOCK: 2.701333 MAX BUFF/BLOCK: 4
BUFFER MAP: 13318065 (0.049614 GB)
CSR STORAGE: 235011336 (1.313228 GB) buffnzmax: 517 STORAGE EFFICIENCY: 1.500000 DATA REUSE: 17.646057
BLOCKING TIME: 2.517189e-01
BLOCKING BACKPROJECTION MATRIX
NUMBER OF BLOCKS: 512 BUFFSIZE: 8192
NUMBER OF BUFFERS: 1484 AVERAGE BUFF/BLOCK: 2.898438 MAX BUFF/BLOCK: 3
BUFFER MAP: 11012386 (0.041024 GB)
CSR STORAGE: 235011336 (1.313228 GB) buffnzmax: 583 STORAGE EFFICIENCY: 1.500000 DATA REUSE: 21.340637
BLOCKING TIME: 2.513648e-01

FILL PROJECTION MATRIX
TIME: 7.092661e-01
FILL BACKPROJECTION MATRIX
TIME: 7.784593e-01
REDUCTION MAPPINGS
PREPROCESSING TIME: 3.833171e+00
INPUT MEASUREMENT DATA
INPUT ENDS
GRADIENT-DESCENT OPTIMIZATION
iter: 0 error: 4.959038e+04 gradnorm: 1.560969e+10
iter: 1 error: 5.316516e+03 gradnorm: 4.760838e+08
iter: 2 error: 5.074562e+02 gradnorm: 1.604495e+07
iter: 3 error: 2.940060e+02 gradnorm: 8.082470e+06
iter: 4 error: 1.716221e+02 gradnorm: 1.353849e+06
iter: 5 error: 1.154479e+02 gradnorm: 6.253376e+05
iter: 6 error: 8.899481e+01 gradnorm: 6.425212e+05
iter: 7 error: 7.496573e+01 gradnorm: 6.598858e+05
iter: 8 error: 7.041789e+01 gradnorm: 7.445762e+05
iter: 9 error: 5.777733e+01 gradnorm: 2.266103e+05
iter: 10 error: 4.873507e+01 gradnorm: 1.924685e+05
iter: 11 error: 4.171410e+01 gradnorm: 1.089494e+05
iter: 12 error: 3.754143e+01 gradnorm: 1.883827e+05
iter: 13 error: 3.464281e+01 gradnorm: 1.052449e+05
iter: 14 error: 3.146516e+01 gradnorm: 6.063010e+04
iter: 15 error: 2.878956e+01 gradnorm: 6.843219e+04
iter: 16 error: 2.790788e+01 gradnorm: 1.454168e+05
iter: 17 error: 2.681884e+01 gradnorm: 4.782093e+04
iter: 18 error: 2.523935e+01 gradnorm: 2.666945e+04
iter: 19 error: 2.394607e+01 gradnorm: 2.563558e+04
iter: 20 error: 2.288581e+01 gradnorm: 1.501798e+04
iter: 21 error: 2.195579e+01 gradnorm: 1.234603e+04
iter: 22 error: 2.130179e+01 gradnorm: 2.311004e+04
iter: 23 error: 2.119030e+01 gradnorm: 1.398568e+04
iter: 24 error: 2.069300e+01 gradnorm: 9.976416e+03
recon: 1.437453e+00 proj: 9.518449e-01 (9.206016e-01 2.179888e-02 9.386213e-03) backproj: 4.775480e-01 (8.879486e-04 8.328892e-03 4.683113e-01) ctime: 7.563784e-03 wtime: 3.371849e-04
numproj: 49 numback: 25
proj: 9.206016e-01 s (25.017458 GFLOPS) backproj: 4.683113e-01 s (25.091359 GFLOPS) avGFLOPS: 25.042376 totGFLOPS: 25.042376
proj: 77.887846 GB/s back: 77.625588 GB/s av: 77.799418 GB/s tot: 77.799418 GB/s
Total Time: 5.304288e+00
