NUM. THETA             : 750
NUM. RHO               : 512
NUM. X PIXELS          : 512
NUM. Y PIXELS          : 512

NUM. OF PIXELS         : 262144
NUM. OF RAYS           : 384000

NUM. ITERATIONS        : 24

SPATIAL TILE SIZE      : 1024
SPECTRAL TILE SIZE     : 1024

NUMBER OF X TILES      : 1
NUMBER OF Y TILES      : 1
NUM. OF THETA TILES    : 1
NUM. OF RHO TILES      : 1

NUM. SPATIAL TILES     : 1
NUM. SPECTRAL TILES    : 1

NUM. OF X PIXELS (EXT) : 1024
NUM. OF Y PIXELS (EXT) : 1024
NUM. OF ANGLES (EXT)   : 1024
NUM. OF RHOS (EXT)     : 1024

NUM. OF PIXELS (EXT)   : 1048576
NUM. OF RAYS (EXT)     : 1048576

NUMBER OF PROCESSES    : 1
NUMBER OF THRD./PROC.  : 16

INTEGER: 4, FLOAT: 4, LONG: 8, SHORT: 2, POINTER: 8
APPROX. MEMORY     TOTAL: 4.394531e+00 GB
APPROX. MEMORY PER PROC.: 4.394531e+00 GB

X START       : -2.560000e+02
Y START       : -2.560000e+02
PIXEL SIZE    : 1.000000e+00
RHO START     : -2.560000e+02
RAY LENGTH    : 1.024000e+03

SPATIAL INDEXING       : 5
SPECTRAL INDEXING      : 5
 1: CARTESIAN, NATURAL
 2: CARTESIAN, TRANSPOSED
 3: MORTON, NATURAL
 4: MORTON, TRANSPOSED
 5: HILBERT
PROJECTION BLOCK SIZE      : 512
BACKPROJECTION BLOCK SIZE  : 512
PROJECTION BUFFER SIZE      : 32 KB
BACKPROJECTION BUFFER SIZE  : 32 KB

SINOGRAM FILE : ../../../../datasets/CDS1_sinogram.bin
   THETA FILE : ../../../../datasets/CDS1_theta.bin
  OUTPUT FILE : ../../output/single_cpu/ip-0A00000F/16.CDS1.1024.1024.512.512.32.32.bin


PLACE TILES
lspat 1 lspatdim 1
lspec 1 lspecdim 1
MPI PARTITIONING
proc: 0 numspats: 1 numpixs: 1048576 numspecs: 1 numrays: 1048576
maxnumpix: 1048576 maxnumray: 1048576
FILL PIXELS AND RAYS
INPUT THETA DATA
DOMAIN PARTITIONING

CONSTRUCT PROJECTION MATRIX
CSR STORAGE: 235011335 (1.750971 GB) rownzmax 1022
RAY-TRACING TIME: 1.595713e+00
CONSTRUCT BACKPROJECTION MATRIX
CSR STORAGE: 235011335 (1.750971 GB) rownzmax 1092
TRANSPOSITION TIME: 3.624313e-01

BLOCKING PROJECTION MATRIX
NUMBER OF BLOCKS: 750 BUFFSIZE: 8192
NUMBER OF BUFFERS: 2032 AVERAGE BUFF/BLOCK: 2.709333 MAX BUFF/BLOCK: 4
BUFFER MAP: 13333096 (0.049670 GB)
CSR STORAGE: 235011335 (1.313228 GB) buffnzmax: 523 STORAGE EFFICIENCY: 1.500000 DATA REUSE: 17.626163
BLOCKING TIME: 4.571457e-01
BLOCKING BACKPROJECTION MATRIX
NUMBER OF BLOCKS: 2048 BUFFSIZE: 8192
NUMBER OF BUFFERS: 1484 AVERAGE BUFF/BLOCK: 0.724609 MAX BUFF/BLOCK: 3
BUFFER MAP: 11012382 (0.041024 GB)
CSR STORAGE: 235011335 (1.313228 GB) buffnzmax: 586 STORAGE EFFICIENCY: 1.500000 DATA REUSE: 21.340645
BLOCKING TIME: 4.379408e-01

FILL PROJECTION MATRIX
TIME: 7.110828e-01
FILL BACKPROJECTION MATRIX
TIME: 7.775131e-01
REDUCTION MAPPINGS
PREPROCESSING TIME: 4.345456e+00
INPUT MEASUREMENT DATA
INPUT ENDS
GRADIENT-DESCENT OPTIMIZATION
iter: 0 error: 4.959038e+04 gradnorm: 1.560969e+10
iter: 1 error: 5.316515e+03 gradnorm: 4.760838e+08
iter: 2 error: 5.074560e+02 gradnorm: 1.604495e+07
iter: 3 error: 2.940059e+02 gradnorm: 8.082466e+06
iter: 4 error: 1.716221e+02 gradnorm: 1.353849e+06
iter: 5 error: 1.154478e+02 gradnorm: 6.253291e+05
iter: 6 error: 8.899010e+01 gradnorm: 6.410381e+05
iter: 7 error: 7.476617e+01 gradnorm: 6.072398e+05
iter: 8 error: 7.008199e+01 gradnorm: 8.233156e+05
iter: 9 error: 5.777623e+01 gradnorm: 2.269455e+05
iter: 10 error: 4.873507e+01 gradnorm: 1.924708e+05
iter: 11 error: 4.171422e+01 gradnorm: 1.089627e+05
iter: 12 error: 3.754336e+01 gradnorm: 1.884597e+05
iter: 13 error: 3.464325e+01 gradnorm: 1.052152e+05
iter: 14 error: 3.146586e+01 gradnorm: 6.085327e+04
iter: 15 error: 2.892244e+01 gradnorm: 1.075738e+05
iter: 16 error: 2.829803e+01 gradnorm: 8.760038e+04
iter: 17 error: 2.682483e+01 gradnorm: 4.599044e+04
iter: 18 error: 2.523935e+01 gradnorm: 2.666431e+04
iter: 19 error: 2.394605e+01 gradnorm: 2.563566e+04
iter: 20 error: 2.288583e+01 gradnorm: 1.502363e+04
iter: 21 error: 2.196208e+01 gradnorm: 1.435932e+04
iter: 22 error: 2.174564e+01 gradnorm: 4.771309e+04
iter: 23 error: 2.121359e+01 gradnorm: 1.067800e+04
iter: 24 error: 2.088490e+01 gradnorm: 1.972044e+04
recon: 1.453413e+00 proj: 9.590440e-01 (9.183598e-01 2.022199e-02 2.042537e-02) backproj: 4.755422e-01 (1.200828e-03 8.125754e-03 4.661940e-01) ctime: 1.840575e-02 wtime: 2.491727e-04
numproj: 49 numback: 25
proj: 9.183598e-01 s (25.078528 GFLOPS) backproj: 4.661940e-01 s (25.205315 GFLOPS) avGFLOPS: 25.121218 totGFLOPS: 25.121218
proj: 78.081185 GB/s back: 77.978133 GB/s av: 78.046486 GB/s tot: 78.046486 GB/s
Total Time: 5.852457e+00
