NUM. THETA             : 750
NUM. RHO               : 512
NUM. X PIXELS          : 512
NUM. Y PIXELS          : 512

NUM. OF PIXELS         : 262144
NUM. OF RAYS           : 384000

NUM. ITERATIONS        : 24

SPATIAL TILE SIZE      : 1024
SPECTRAL TILE SIZE     : 1024

NUMBER OF X TILES      : 1
NUMBER OF Y TILES      : 1
NUM. OF THETA TILES    : 1
NUM. OF RHO TILES      : 1

NUM. SPATIAL TILES     : 1
NUM. SPECTRAL TILES    : 1

NUM. OF X PIXELS (EXT) : 1024
NUM. OF Y PIXELS (EXT) : 1024
NUM. OF ANGLES (EXT)   : 1024
NUM. OF RHOS (EXT)     : 1024

NUM. OF PIXELS (EXT)   : 1048576
NUM. OF RAYS (EXT)     : 1048576

NUMBER OF PROCESSES    : 1
NUMBER OF THRD./PROC.  : 16

INTEGER: 4, FLOAT: 4, LONG: 8, SHORT: 2, POINTER: 8
APPROX. MEMORY     TOTAL: 4.394531e+00 GB
APPROX. MEMORY PER PROC.: 4.394531e+00 GB

X START       : -2.560000e+02
Y START       : -2.560000e+02
PIXEL SIZE    : 1.000000e+00
RHO START     : -2.560000e+02
RAY LENGTH    : 1.024000e+03

SPATIAL INDEXING       : 5
SPECTRAL INDEXING      : 5
 1: CARTESIAN, NATURAL
 2: CARTESIAN, TRANSPOSED
 3: MORTON, NATURAL
 4: MORTON, TRANSPOSED
 5: HILBERT
PROJECTION BLOCK SIZE      : 1024
BACKPROJECTION BLOCK SIZE  : 1024
PROJECTION BUFFER SIZE      : 32 KB
BACKPROJECTION BUFFER SIZE  : 32 KB

SINOGRAM FILE : ../../../../datasets/CDS1_sinogram.bin
   THETA FILE : ../../../../datasets/CDS1_theta.bin
  OUTPUT FILE : ../../output/single_cpu/ip-0A00000F/16.CDS1.1024.1024.1024.1024.32.32.bin


PLACE TILES
lspat 1 lspatdim 1
lspec 1 lspecdim 1
MPI PARTITIONING
proc: 0 numspats: 1 numpixs: 1048576 numspecs: 1 numrays: 1048576
maxnumpix: 1048576 maxnumray: 1048576
FILL PIXELS AND RAYS
INPUT THETA DATA
DOMAIN PARTITIONING

CONSTRUCT PROJECTION MATRIX
CSR STORAGE: 235011335 (1.750971 GB) rownzmax 1022
RAY-TRACING TIME: 1.604852e+00
CONSTRUCT BACKPROJECTION MATRIX
CSR STORAGE: 235011335 (1.750971 GB) rownzmax 1092
TRANSPOSITION TIME: 3.684884e-01

BLOCKING PROJECTION MATRIX
NUMBER OF BLOCKS: 375 BUFFSIZE: 8192
NUMBER OF BUFFERS: 1335 AVERAGE BUFF/BLOCK: 3.560000 MAX BUFF/BLOCK: 7
BUFFER MAP: 8996884 (0.033516 GB)
CSR STORAGE: 235011335 (1.313228 GB) buffnzmax: 456 STORAGE EFFICIENCY: 1.500000 DATA REUSE: 26.121414
BLOCKING TIME: 3.073564e-01
BLOCKING BACKPROJECTION MATRIX
NUMBER OF BLOCKS: 1024 BUFFSIZE: 8192
NUMBER OF BUFFERS: 984 AVERAGE BUFF/BLOCK: 0.960938 MAX BUFF/BLOCK: 4
BUFFER MAP: 7339007 (0.027340 GB)
CSR STORAGE: 235011335 (1.313228 GB) buffnzmax: 493 STORAGE EFFICIENCY: 1.500000 DATA REUSE: 32.022224
BLOCKING TIME: 2.961093e-01

FILL PROJECTION MATRIX
TIME: 7.188477e-01
FILL BACKPROJECTION MATRIX
TIME: 7.814183e-01
REDUCTION MAPPINGS
PREPROCESSING TIME: 4.080784e+00
INPUT MEASUREMENT DATA
INPUT ENDS
GRADIENT-DESCENT OPTIMIZATION
iter: 0 error: 4.959038e+04 gradnorm: 1.560969e+10
iter: 1 error: 5.316515e+03 gradnorm: 4.760838e+08
iter: 2 error: 5.074560e+02 gradnorm: 1.604495e+07
iter: 3 error: 2.940059e+02 gradnorm: 8.082473e+06
iter: 4 error: 1.716221e+02 gradnorm: 1.353848e+06
iter: 5 error: 1.154478e+02 gradnorm: 6.253039e+05
iter: 6 error: 8.897540e+01 gradnorm: 6.363954e+05
iter: 7 error: 7.409010e+01 gradnorm: 4.136092e+05
iter: 8 error: 5.913264e+01 gradnorm: 2.413561e+05
iter: 9 error: 5.116434e+01 gradnorm: 5.444084e+05
iter: 10 error: 4.855717e+01 gradnorm: 2.459953e+05
iter: 11 error: 4.171378e+01 gradnorm: 1.090938e+05
iter: 12 error: 3.754342e+01 gradnorm: 1.884653e+05
iter: 13 error: 3.464325e+01 gradnorm: 1.052112e+05
iter: 14 error: 3.146503e+01 gradnorm: 6.058481e+04
iter: 15 error: 2.876170e+01 gradnorm: 5.962100e+04
iter: 16 error: 2.710020e+01 gradnorm: 4.665308e+04
iter: 17 error: 2.581265e+01 gradnorm: 1.272798e+05
iter: 18 error: 2.523036e+01 gradnorm: 2.955286e+04
iter: 19 error: 2.394603e+01 gradnorm: 2.564646e+04
iter: 20 error: 2.288581e+01 gradnorm: 1.501786e+04
iter: 21 error: 2.195565e+01 gradnorm: 1.230091e+04
iter: 22 error: 2.125863e+01 gradnorm: 9.699518e+03
iter: 23 error: 2.080283e+01 gradnorm: 3.048926e+04
iter: 24 error: 2.067067e+01 gradnorm: 9.679339e+03
recon: 1.422559e+00 proj: 9.395710e-01 (8.995547e-01 1.942937e-02 2.053566e-02) backproj: 4.639188e-01 (1.399569e-03 7.985899e-03 4.545135e-01) ctime: 1.857982e-02 wtime: 3.146758e-04
numproj: 49 numback: 25
proj: 8.995547e-01 s (25.602792 GFLOPS) backproj: 4.545135e-01 s (25.853062 GFLOPS) avGFLOPS: 25.686799 totGFLOPS: 25.686799
proj: 78.768668 GB/s back: 79.173880 GB/s av: 78.904683 GB/s tot: 78.904683 GB/s
Total Time: 5.552968e+00
