NUM. THETA             : 375
NUM. RHO               : 1024
NUM. X PIXELS          : 1024
NUM. Y PIXELS          : 1024

NUM. OF PIXELS         : 1048576
NUM. OF RAYS           : 384000

NUM. ITERATIONS        : 24

SPATIAL TILE SIZE      : 64
SPECTRAL TILE SIZE     : 64

NUMBER OF X TILES      : 16
NUMBER OF Y TILES      : 16
NUM. OF THETA TILES    : 6
NUM. OF RHO TILES      : 16

NUM. SPATIAL TILES     : 256
NUM. SPECTRAL TILES    : 96

NUM. OF X PIXELS (EXT) : 1024
NUM. OF Y PIXELS (EXT) : 1024
NUM. OF ANGLES (EXT)   : 384
NUM. OF RHOS (EXT)     : 1024

NUM. OF PIXELS (EXT)   : 1048576
NUM. OF RAYS (EXT)     : 393216

NUMBER OF PROCESSES    : 1
NUMBER OF THRD./PROC.  : 16

INTEGER: 4, FLOAT: 4, LONG: 8, SHORT: 2, POINTER: 8
APPROX. MEMORY     TOTAL: 8.789062e+00 GB
APPROX. MEMORY PER PROC.: 8.789062e+00 GB

X START       : -5.120000e+02
Y START       : -5.120000e+02
PIXEL SIZE    : 1.000000e+00
RHO START     : -5.120000e+02
RAY LENGTH    : 2.048000e+03

SPATIAL INDEXING       : 5
SPECTRAL INDEXING      : 5
 1: CARTESIAN, NATURAL
 2: CARTESIAN, TRANSPOSED
 3: MORTON, NATURAL
 4: MORTON, TRANSPOSED
 5: HILBERT
PROJECTION BLOCK SIZE      : 1024
BACKPROJECTION BLOCK SIZE  : 1024
PROJECTION BUFFER SIZE      : 32 KB
BACKPROJECTION BUFFER SIZE  : 32 KB

SINOGRAM FILE : ../../../../datasets/CDS2_sinogram.bin
   THETA FILE : ../../../../datasets/CDS2_theta.bin
  OUTPUT FILE : ../../output/single_cpu/ip-0A00000F/16.CDS2.64.64.1024.1024.32.32.bin


PLACE TILES
lspat 16 lspatdim 16
lspec 16 lspecdim 16
MPI PARTITIONING
proc: 0 numspats: 256 numpixs: 1048576 numspecs: 96 numrays: 393216
maxnumpix: 1048576 maxnumray: 393216
FILL PIXELS AND RAYS
INPUT THETA DATA
DOMAIN PARTITIONING

CONSTRUCT PROJECTION MATRIX
CSR STORAGE: 470024138 (3.501953 GB) rownzmax 2046
RAY-TRACING TIME: 3.390802e+00
CONSTRUCT BACKPROJECTION MATRIX
CSR STORAGE: 470024138 (3.501953 GB) rownzmax 607
TRANSPOSITION TIME: 8.715170e-01

BLOCKING PROJECTION MATRIX
NUMBER OF BLOCKS: 375 BUFFSIZE: 8192
NUMBER OF BUFFERS: 3184 AVERAGE BUFF/BLOCK: 8.490666 MAX BUFF/BLOCK: 13
BUFFER MAP: 24536915 (0.091407 GB)
CSR STORAGE: 470024138 (2.626465 GB) buffnzmax: 810 STORAGE EFFICIENCY: 1.500000 DATA REUSE: 19.155794
BLOCKING TIME: 5.086658e-01
BLOCKING BACKPROJECTION MATRIX
NUMBER OF BLOCKS: 1024 BUFFSIZE: 8192
NUMBER OF BUFFERS: 1976 AVERAGE BUFF/BLOCK: 1.929688 MAX BUFF/BLOCK: 2
BUFFER MAP: 14686006 (0.054710 GB)
CSR STORAGE: 470024138 (2.626465 GB) buffnzmax: 478 STORAGE EFFICIENCY: 1.500000 DATA REUSE: 32.004898
BLOCKING TIME: 4.750781e-01

FILL PROJECTION MATRIX
TIME: 1.468168e+00
FILL BACKPROJECTION MATRIX
TIME: 1.575280e+00
REDUCTION MAPPINGS
PREPROCESSING TIME: 8.292142e+00
INPUT MEASUREMENT DATA
INPUT ENDS
GRADIENT-DESCENT OPTIMIZATION
iter: 0 error: 5.498395e+04 gradnorm: 5.780557e+09
iter: 1 error: 2.713759e+04 gradnorm: 4.174671e+08
iter: 2 error: 2.306866e+04 gradnorm: 9.086840e+07
iter: 3 error: 2.127431e+04 gradnorm: 3.168982e+07
iter: 4 error: 2.032668e+04 gradnorm: 1.557750e+07
iter: 5 error: 1.975908e+04 gradnorm: 1.008936e+07
iter: 6 error: 1.938425e+04 gradnorm: 8.237602e+06
iter: 7 error: 1.911242e+04 gradnorm: 6.110364e+06
iter: 8 error: 1.886861e+04 gradnorm: 5.386526e+06
iter: 9 error: 1.867513e+04 gradnorm: 5.346186e+06
iter: 10 error: 1.858249e+04 gradnorm: 1.001162e+07
iter: 11 error: 1.844638e+04 gradnorm: 4.341146e+06
iter: 12 error: 1.828187e+04 gradnorm: 3.280990e+06
iter: 13 error: 1.811534e+04 gradnorm: 2.896938e+06
iter: 14 error: 1.798105e+04 gradnorm: 2.749036e+06
iter: 15 error: 1.784702e+04 gradnorm: 2.090713e+06
iter: 16 error: 1.771148e+04 gradnorm: 1.858665e+06
iter: 17 error: 1.763167e+04 gradnorm: 6.637544e+06
iter: 18 error: 1.757525e+04 gradnorm: 2.184521e+06
iter: 19 error: 1.748691e+04 gradnorm: 1.906418e+06
iter: 20 error: 1.739586e+04 gradnorm: 2.143274e+06
iter: 21 error: 1.734707e+04 gradnorm: 2.577004e+06
iter: 22 error: 1.726218e+04 gradnorm: 1.371299e+06
iter: 23 error: 1.716980e+04 gradnorm: 1.259237e+06
iter: 24 error: 1.708056e+04 gradnorm: 1.401803e+06
recon: 2.873999e+00 proj: 1.913429e+00 (1.883967e+00 2.118499e-02 8.224085e-03) backproj: 9.458090e-01 (1.133496e-03 7.823443e-03 9.368223e-01) ctime: 1.429258e-02 wtime: 2.905949e-04
numproj: 49 numback: 25
proj: 1.883967e+00 s (24.449671 GFLOPS) backproj: 9.368223e-01 s (25.086087 GFLOPS) avGFLOPS: 24.661033 totGFLOPS: 24.661033
proj: 75.901730 GB/s back: 76.825902 GB/s av: 76.208660 GB/s tot: 76.208660 GB/s
Total Time: 1.147782e+01
