NUM. THETA             : 375
NUM. RHO               : 1024
NUM. X PIXELS          : 1024
NUM. Y PIXELS          : 1024

NUM. OF PIXELS         : 1048576
NUM. OF RAYS           : 384000

NUM. ITERATIONS        : 24

SPATIAL TILE SIZE      : 512
SPECTRAL TILE SIZE     : 512

NUMBER OF X TILES      : 2
NUMBER OF Y TILES      : 2
NUM. OF THETA TILES    : 1
NUM. OF RHO TILES      : 2

NUM. SPATIAL TILES     : 4
NUM. SPECTRAL TILES    : 2

NUM. OF X PIXELS (EXT) : 1024
NUM. OF Y PIXELS (EXT) : 1024
NUM. OF ANGLES (EXT)   : 512
NUM. OF RHOS (EXT)     : 1024

NUM. OF PIXELS (EXT)   : 1048576
NUM. OF RAYS (EXT)     : 524288

NUMBER OF PROCESSES    : 1
NUMBER OF THRD./PROC.  : 16

INTEGER: 4, FLOAT: 4, LONG: 8, SHORT: 2, POINTER: 8
APPROX. MEMORY     TOTAL: 8.789062e+00 GB
APPROX. MEMORY PER PROC.: 8.789062e+00 GB

X START       : -5.120000e+02
Y START       : -5.120000e+02
PIXEL SIZE    : 1.000000e+00
RHO START     : -5.120000e+02
RAY LENGTH    : 2.048000e+03

SPATIAL INDEXING       : 5
SPECTRAL INDEXING      : 5
 1: CARTESIAN, NATURAL
 2: CARTESIAN, TRANSPOSED
 3: MORTON, NATURAL
 4: MORTON, TRANSPOSED
 5: HILBERT
PROJECTION BLOCK SIZE      : 1024
BACKPROJECTION BLOCK SIZE  : 1024
PROJECTION BUFFER SIZE      : 32 KB
BACKPROJECTION BUFFER SIZE  : 32 KB

SINOGRAM FILE : ../../../../datasets/CDS2_sinogram.bin
   THETA FILE : ../../../../datasets/CDS2_theta.bin
  OUTPUT FILE : ../../output/single_cpu/ip-0A00000F/16.CDS2.512.512.1024.1024.32.32.bin


PLACE TILES
lspat 2 lspatdim 2
lspec 2 lspecdim 2
MPI PARTITIONING
proc: 0 numspats: 4 numpixs: 1048576 numspecs: 2 numrays: 524288
maxnumpix: 1048576 maxnumray: 524288
FILL PIXELS AND RAYS
INPUT THETA DATA
DOMAIN PARTITIONING

CONSTRUCT PROJECTION MATRIX
CSR STORAGE: 470024253 (3.501954 GB) rownzmax 2046
RAY-TRACING TIME: 3.128737e+00
CONSTRUCT BACKPROJECTION MATRIX
CSR STORAGE: 470024253 (3.501954 GB) rownzmax 607
TRANSPOSITION TIME: 8.385574e-01

BLOCKING PROJECTION MATRIX
NUMBER OF BLOCKS: 375 BUFFSIZE: 8192
NUMBER OF BUFFERS: 3305 AVERAGE BUFF/BLOCK: 8.813334 MAX BUFF/BLOCK: 16
BUFFER MAP: 25497175 (0.094984 GB)
CSR STORAGE: 470024253 (2.626465 GB) buffnzmax: 529 STORAGE EFFICIENCY: 1.500000 DATA REUSE: 18.434366
BLOCKING TIME: 5.099359e-01
BLOCKING BACKPROJECTION MATRIX
NUMBER OF BLOCKS: 1024 BUFFSIZE: 8192
NUMBER OF BUFFERS: 1976 AVERAGE BUFF/BLOCK: 1.929688 MAX BUFF/BLOCK: 2
BUFFER MAP: 14686009 (0.054710 GB)
CSR STORAGE: 470024253 (2.626465 GB) buffnzmax: 484 STORAGE EFFICIENCY: 1.500000 DATA REUSE: 32.004902
BLOCKING TIME: 4.744237e-01

FILL PROJECTION MATRIX
TIME: 1.460405e+00
FILL BACKPROJECTION MATRIX
TIME: 1.576503e+00
REDUCTION MAPPINGS
PREPROCESSING TIME: 7.991383e+00
INPUT MEASUREMENT DATA
INPUT ENDS
GRADIENT-DESCENT OPTIMIZATION
iter: 0 error: 5.498394e+04 gradnorm: 5.780557e+09
iter: 1 error: 2.713759e+04 gradnorm: 4.174675e+08
iter: 2 error: 2.306865e+04 gradnorm: 9.086845e+07
iter: 3 error: 2.127431e+04 gradnorm: 3.168983e+07
iter: 4 error: 2.032668e+04 gradnorm: 1.557751e+07
iter: 5 error: 1.975908e+04 gradnorm: 1.008937e+07
iter: 6 error: 1.938425e+04 gradnorm: 8.237831e+06
iter: 7 error: 1.911246e+04 gradnorm: 6.118020e+06
iter: 8 error: 1.887086e+04 gradnorm: 5.803070e+06
iter: 9 error: 1.873403e+04 gradnorm: 1.133021e+07
iter: 10 error: 1.862508e+04 gradnorm: 4.942330e+06
iter: 11 error: 1.844734e+04 gradnorm: 4.165892e+06
iter: 12 error: 1.828188e+04 gradnorm: 3.279079e+06
iter: 13 error: 1.811534e+04 gradnorm: 2.897536e+06
iter: 14 error: 1.798116e+04 gradnorm: 2.758096e+06
iter: 15 error: 1.784893e+04 gradnorm: 2.268398e+06
iter: 16 error: 1.775706e+04 gradnorm: 4.807693e+06
iter: 17 error: 1.769267e+04 gradnorm: 3.539834e+06
iter: 18 error: 1.765368e+04 gradnorm: 2.954254e+06
iter: 19 error: 1.754208e+04 gradnorm: 1.761702e+06
iter: 20 error: 1.745006e+04 gradnorm: 1.917946e+06
iter: 21 error: 1.736015e+04 gradnorm: 1.586914e+06
iter: 22 error: 1.726248e+04 gradnorm: 1.342404e+06
iter: 23 error: 1.717002e+04 gradnorm: 1.304713e+06
iter: 24 error: 1.711047e+04 gradnorm: 5.131197e+06
recon: 2.768137e+00 proj: 1.846288e+00 (1.815268e+00 2.052876e-02 1.043781e-02) backproj: 9.075323e-01 (1.100167e-03 8.054120e-03 8.983516e-01) ctime: 1.378310e-02 wtime: 3.357585e-04
numproj: 49 numback: 25
proj: 1.815268e+00 s (25.374971 GFLOPS) backproj: 8.983516e-01 s (26.160372 GFLOPS) avGFLOPS: 25.634981 totGFLOPS: 25.634981
proj: 78.877921 GB/s back: 80.115890 GB/s av: 79.287754 GB/s tot: 79.287754 GB/s
Total Time: 1.080133e+01
