NUM. THETA             : 375
NUM. RHO               : 1024
NUM. X PIXELS          : 1024
NUM. Y PIXELS          : 1024

NUM. OF PIXELS         : 1048576
NUM. OF RAYS           : 384000

NUM. ITERATIONS        : 24

SPATIAL TILE SIZE      : 512
SPECTRAL TILE SIZE     : 512

NUMBER OF X TILES      : 2
NUMBER OF Y TILES      : 2
NUM. OF THETA TILES    : 1
NUM. OF RHO TILES      : 2

NUM. SPATIAL TILES     : 4
NUM. SPECTRAL TILES    : 2

NUM. OF X PIXELS (EXT) : 1024
NUM. OF Y PIXELS (EXT) : 1024
NUM. OF ANGLES (EXT)   : 512
NUM. OF RHOS (EXT)     : 1024

NUM. OF PIXELS (EXT)   : 1048576
NUM. OF RAYS (EXT)     : 524288

NUMBER OF PROCESSES    : 1
NUMBER OF THRD./PROC.  : 16

INTEGER: 4, FLOAT: 4, LONG: 8, SHORT: 2, POINTER: 8
APPROX. MEMORY     TOTAL: 8.789062e+00 GB
APPROX. MEMORY PER PROC.: 8.789062e+00 GB

X START       : -5.120000e+02
Y START       : -5.120000e+02
PIXEL SIZE    : 1.000000e+00
RHO START     : -5.120000e+02
RAY LENGTH    : 2.048000e+03

SPATIAL INDEXING       : 5
SPECTRAL INDEXING      : 5
 1: CARTESIAN, NATURAL
 2: CARTESIAN, TRANSPOSED
 3: MORTON, NATURAL
 4: MORTON, TRANSPOSED
 5: HILBERT
PROJECTION BLOCK SIZE      : 512
BACKPROJECTION BLOCK SIZE  : 512
PROJECTION BUFFER SIZE      : 64 KB
BACKPROJECTION BUFFER SIZE  : 64 KB

SINOGRAM FILE : ../../../../datasets/CDS2_sinogram.bin
   THETA FILE : ../../../../datasets/CDS2_theta.bin
  OUTPUT FILE : ../../output/single_cpu/ip-0A00000F/16.CDS2.512.512.512.512.64.64.bin


PLACE TILES
lspat 2 lspatdim 2
lspec 2 lspecdim 2
MPI PARTITIONING
proc: 0 numspats: 4 numpixs: 1048576 numspecs: 2 numrays: 524288
maxnumpix: 1048576 maxnumray: 524288
FILL PIXELS AND RAYS
INPUT THETA DATA
DOMAIN PARTITIONING

CONSTRUCT PROJECTION MATRIX
CSR STORAGE: 470024253 (3.501954 GB) rownzmax 2046
RAY-TRACING TIME: 3.112047e+00
CONSTRUCT BACKPROJECTION MATRIX
CSR STORAGE: 470024253 (3.501954 GB) rownzmax 607
TRANSPOSITION TIME: 8.369352e-01

BLOCKING PROJECTION MATRIX
NUMBER OF BLOCKS: 750 BUFFSIZE: 16384
NUMBER OF BUFFERS: 2612 AVERAGE BUFF/BLOCK: 3.482667 MAX BUFF/BLOCK: 5
BUFFER MAP: 35671331 (0.132886 GB)
CSR STORAGE: 470024253 (2.626465 GB) buffnzmax: 813 STORAGE EFFICIENCY: 1.500000 DATA REUSE: 13.176527
BLOCKING TIME: 6.547496e-01
BLOCKING BACKPROJECTION MATRIX
NUMBER OF BLOCKS: 2048 BUFFSIZE: 16384
NUMBER OF BUFFERS: 2048 AVERAGE BUFF/BLOCK: 1.000000 MAX BUFF/BLOCK: 1
BUFFER MAP: 22030889 (0.082071 GB)
CSR STORAGE: 470024253 (2.626465 GB) buffnzmax: 607 STORAGE EFFICIENCY: 1.500000 DATA REUSE: 21.334785
BLOCKING TIME: 6.449863e-01

FILL PROJECTION MATRIX
TIME: 1.438164e+00
FILL BACKPROJECTION MATRIX
TIME: 1.550319e+00
REDUCTION MAPPINGS
PREPROCESSING TIME: 8.240070e+00
INPUT MEASUREMENT DATA
INPUT ENDS
GRADIENT-DESCENT OPTIMIZATION
iter: 0 error: 5.498394e+04 gradnorm: 5.780557e+09
iter: 1 error: 2.713759e+04 gradnorm: 4.174674e+08
iter: 2 error: 2.306865e+04 gradnorm: 9.086845e+07
iter: 3 error: 2.127431e+04 gradnorm: 3.168983e+07
iter: 4 error: 2.032668e+04 gradnorm: 1.557752e+07
iter: 5 error: 1.975908e+04 gradnorm: 1.008936e+07
iter: 6 error: 1.938425e+04 gradnorm: 8.237700e+06
iter: 7 error: 1.911244e+04 gradnorm: 6.113702e+06
iter: 8 error: 1.886960e+04 gradnorm: 5.570246e+06
iter: 9 error: 1.870849e+04 gradnorm: 9.777216e+06
iter: 10 error: 1.862177e+04 gradnorm: 5.507557e+06
iter: 11 error: 1.844729e+04 gradnorm: 4.175702e+06
iter: 12 error: 1.828188e+04 gradnorm: 3.279182e+06
iter: 13 error: 1.811534e+04 gradnorm: 2.897504e+06
iter: 14 error: 1.798115e+04 gradnorm: 2.757454e+06
iter: 15 error: 1.784876e+04 gradnorm: 2.246242e+06
iter: 16 error: 1.775132e+04 gradnorm: 4.216074e+06
iter: 17 error: 1.767871e+04 gradnorm: 2.159959e+06
iter: 18 error: 1.761729e+04 gradnorm: 6.816785e+06
iter: 19 error: 1.754171e+04 gradnorm: 1.832932e+06
iter: 20 error: 1.745005e+04 gradnorm: 1.918817e+06
iter: 21 error: 1.736015e+04 gradnorm: 1.586921e+06
iter: 22 error: 1.726248e+04 gradnorm: 1.342176e+06
iter: 23 error: 1.716980e+04 gradnorm: 1.258890e+06
iter: 24 error: 1.708076e+04 gradnorm: 1.442728e+06
recon: 2.977315e+00 proj: 1.964774e+00 (1.932323e+00 2.130574e-02 1.109142e-02) backproj: 9.970542e-01 (1.106904e-03 8.223983e-03 9.876960e-01) ctime: 1.494407e-02 wtime: 3.635579e-04
numproj: 49 numback: 25
proj: 1.932323e+00 s (23.837828 GFLOPS) backproj: 9.876960e-01 s (23.793974 GFLOPS) avGFLOPS: 23.822994 totGFLOPS: 23.822994
proj: 75.131709 GB/s back: 73.612455 GB/s av: 74.617822 GB/s tot: 74.617822 GB/s
Total Time: 1.126396e+01
