NUM. THETA             : 750
NUM. RHO               : 512
NUM. X PIXELS          : 512
NUM. Y PIXELS          : 512

NUM. OF PIXELS         : 262144
NUM. OF RAYS           : 384000

NUM. ITERATIONS        : 24

SPATIAL TILE SIZE      : 512
SPECTRAL TILE SIZE     : 512

NUMBER OF X TILES      : 1
NUMBER OF Y TILES      : 1
NUM. OF THETA TILES    : 2
NUM. OF RHO TILES      : 1

NUM. SPATIAL TILES     : 1
NUM. SPECTRAL TILES    : 2

NUM. OF X PIXELS (EXT) : 512
NUM. OF Y PIXELS (EXT) : 512
NUM. OF ANGLES (EXT)   : 1024
NUM. OF RHOS (EXT)     : 512

NUM. OF PIXELS (EXT)   : 262144
NUM. OF RAYS (EXT)     : 524288

NUMBER OF PROCESSES    : 1
NUMBER OF THRD./PROC.  : 16

INTEGER: 4, FLOAT: 4, LONG: 8, SHORT: 2, POINTER: 8
APPROX. MEMORY     TOTAL: 4.394531e+00 GB
APPROX. MEMORY PER PROC.: 4.394531e+00 GB

X START       : -2.560000e+02
Y START       : -2.560000e+02
PIXEL SIZE    : 1.000000e+00
RHO START     : -2.560000e+02
RAY LENGTH    : 1.024000e+03

SPATIAL INDEXING       : 5
SPECTRAL INDEXING      : 5
 1: CARTESIAN, NATURAL
 2: CARTESIAN, TRANSPOSED
 3: MORTON, NATURAL
 4: MORTON, TRANSPOSED
 5: HILBERT
PROJECTION BLOCK SIZE      : 512
BACKPROJECTION BLOCK SIZE  : 512
PROJECTION BUFFER SIZE      : 64 KB
BACKPROJECTION BUFFER SIZE  : 64 KB

SINOGRAM FILE : ../../../../datasets/CDS1_sinogram.bin
   THETA FILE : ../../../../datasets/CDS1_theta.bin
  OUTPUT FILE : ../../output/single_cpu/ip-0A00000F/16.CDS1.512.512.512.512.64.64.bin


PLACE TILES
lspat 1 lspatdim 1
lspec 2 lspecdim 2
MPI PARTITIONING
proc: 0 numspats: 1 numpixs: 262144 numspecs: 2 numrays: 524288
maxnumpix: 262144 maxnumray: 524288
FILL PIXELS AND RAYS
INPUT THETA DATA
DOMAIN PARTITIONING

CONSTRUCT PROJECTION MATRIX
CSR STORAGE: 235011335 (1.750971 GB) rownzmax 1022
RAY-TRACING TIME: 1.529894e+00
CONSTRUCT BACKPROJECTION MATRIX
CSR STORAGE: 235011335 (1.750971 GB) rownzmax 1092
TRANSPOSITION TIME: 3.620715e-01

BLOCKING PROJECTION MATRIX
NUMBER OF BLOCKS: 750 BUFFSIZE: 16384
NUMBER OF BUFFERS: 1262 AVERAGE BUFF/BLOCK: 1.682667 MAX BUFF/BLOCK: 2
BUFFER MAP: 13343336 (0.049708 GB)
CSR STORAGE: 235011335 (1.313228 GB) buffnzmax: 818 STORAGE EFFICIENCY: 1.500000 DATA REUSE: 17.612637
BLOCKING TIME: 2.536560e-01
BLOCKING BACKPROJECTION MATRIX
NUMBER OF BLOCKS: 512 BUFFSIZE: 16384
NUMBER OF BUFFERS: 972 AVERAGE BUFF/BLOCK: 1.898438 MAX BUFF/BLOCK: 2
BUFFER MAP: 11012376 (0.041024 GB)
CSR STORAGE: 235011335 (1.313228 GB) buffnzmax: 946 STORAGE EFFICIENCY: 1.500000 DATA REUSE: 21.340656
BLOCKING TIME: 2.456062e-01

FILL PROJECTION MATRIX
TIME: 7.077688e-01
FILL BACKPROJECTION MATRIX
TIME: 7.694060e-01
REDUCTION MAPPINGS
PREPROCESSING TIME: 3.871683e+00
INPUT MEASUREMENT DATA
INPUT ENDS
GRADIENT-DESCENT OPTIMIZATION
iter: 0 error: 4.959038e+04 gradnorm: 1.560969e+10
iter: 1 error: 5.316516e+03 gradnorm: 4.760836e+08
iter: 2 error: 5.074561e+02 gradnorm: 1.604495e+07
iter: 3 error: 2.940060e+02 gradnorm: 8.082471e+06
iter: 4 error: 1.716221e+02 gradnorm: 1.353849e+06
iter: 5 error: 1.154480e+02 gradnorm: 6.253791e+05
iter: 6 error: 8.901852e+01 gradnorm: 6.499872e+05
iter: 7 error: 7.586794e+01 gradnorm: 8.723139e+05
iter: 8 error: 7.104623e+01 gradnorm: 5.818236e+05
iter: 9 error: 5.777916e+01 gradnorm: 2.260334e+05
iter: 10 error: 4.873508e+01 gradnorm: 1.924665e+05
iter: 11 error: 4.171417e+01 gradnorm: 1.089572e+05
iter: 12 error: 3.754258e+01 gradnorm: 1.884315e+05
iter: 13 error: 3.464326e+01 gradnorm: 1.052780e+05
iter: 14 error: 3.147945e+01 gradnorm: 6.524305e+04
iter: 15 error: 3.008541e+01 gradnorm: 2.452124e+05
iter: 16 error: 2.841497e+01 gradnorm: 5.688441e+04
iter: 17 error: 2.682596e+01 gradnorm: 4.564929e+04
iter: 18 error: 2.523936e+01 gradnorm: 2.666335e+04
iter: 19 error: 2.394606e+01 gradnorm: 2.563559e+04
iter: 20 error: 2.288583e+01 gradnorm: 1.502553e+04
iter: 21 error: 2.196537e+01 gradnorm: 1.556044e+04
iter: 22 error: 2.179221e+01 gradnorm: 3.843473e+04
iter: 23 error: 2.120457e+01 gradnorm: 9.507753e+03
iter: 24 error: 2.069813e+01 gradnorm: 1.049827e+04
recon: 1.472556e+00 proj: 9.665150e-01 (9.337894e-01 2.156093e-02 1.110409e-02) backproj: 4.973865e-01 (1.166470e-03 8.093612e-03 4.881046e-01) ctime: 8.253075e-03 wtime: 2.449142e-04
numproj: 49 numback: 25
proj: 9.337894e-01 s (24.664138 GFLOPS) backproj: 4.881046e-01 s (24.073869 GFLOPS) avGFLOPS: 24.461512 totGFLOPS: 24.461512
proj: 76.793147 GB/s back: 74.477756 GB/s av: 75.998325 GB/s tot: 75.998325 GB/s
Total Time: 5.370044e+00
