NUM. THETA             : 375
NUM. RHO               : 1024
NUM. X PIXELS          : 1024
NUM. Y PIXELS          : 1024

NUM. OF PIXELS         : 1048576
NUM. OF RAYS           : 384000

NUM. ITERATIONS        : 24

SPATIAL TILE SIZE      : 128
SPECTRAL TILE SIZE     : 128

NUMBER OF X TILES      : 8
NUMBER OF Y TILES      : 8
NUM. OF THETA TILES    : 3
NUM. OF RHO TILES      : 8

NUM. SPATIAL TILES     : 64
NUM. SPECTRAL TILES    : 24

NUM. OF X PIXELS (EXT) : 1024
NUM. OF Y PIXELS (EXT) : 1024
NUM. OF ANGLES (EXT)   : 384
NUM. OF RHOS (EXT)     : 1024

NUM. OF PIXELS (EXT)   : 1048576
NUM. OF RAYS (EXT)     : 393216

NUMBER OF PROCESSES    : 1
NUMBER OF THRD./PROC.  : 16

INTEGER: 4, FLOAT: 4, LONG: 8, SHORT: 2, POINTER: 8
APPROX. MEMORY     TOTAL: 8.789062e+00 GB
APPROX. MEMORY PER PROC.: 8.789062e+00 GB

X START       : -5.120000e+02
Y START       : -5.120000e+02
PIXEL SIZE    : 1.000000e+00
RHO START     : -5.120000e+02
RAY LENGTH    : 2.048000e+03

SPATIAL INDEXING       : 5
SPECTRAL INDEXING      : 5
 1: CARTESIAN, NATURAL
 2: CARTESIAN, TRANSPOSED
 3: MORTON, NATURAL
 4: MORTON, TRANSPOSED
 5: HILBERT
PROJECTION BLOCK SIZE      : 1024
BACKPROJECTION BLOCK SIZE  : 1024
PROJECTION BUFFER SIZE      : 32 KB
BACKPROJECTION BUFFER SIZE  : 32 KB

SINOGRAM FILE : ../../../../datasets/CDS2_sinogram.bin
   THETA FILE : ../../../../datasets/CDS2_theta.bin
  OUTPUT FILE : ../../output/single_cpu/ip-0A00000F/16.CDS2.128.128.1024.1024.32.32.bin


PLACE TILES
lspat 8 lspatdim 8
lspec 8 lspecdim 8
MPI PARTITIONING
proc: 0 numspats: 64 numpixs: 1048576 numspecs: 24 numrays: 393216
maxnumpix: 1048576 maxnumray: 393216
FILL PIXELS AND RAYS
INPUT THETA DATA
DOMAIN PARTITIONING

CONSTRUCT PROJECTION MATRIX
CSR STORAGE: 470024035 (3.501952 GB) rownzmax 2046
RAY-TRACING TIME: 3.015746e+00
CONSTRUCT BACKPROJECTION MATRIX
CSR STORAGE: 470024035 (3.501952 GB) rownzmax 607
TRANSPOSITION TIME: 8.471768e-01

BLOCKING PROJECTION MATRIX
NUMBER OF BLOCKS: 375 BUFFSIZE: 8192
NUMBER OF BUFFERS: 3162 AVERAGE BUFF/BLOCK: 8.432000 MAX BUFF/BLOCK: 13
BUFFER MAP: 24349112 (0.090708 GB)
CSR STORAGE: 470024035 (2.626464 GB) buffnzmax: 526 STORAGE EFFICIENCY: 1.500000 DATA REUSE: 19.303539
BLOCKING TIME: 5.082350e-01
BLOCKING BACKPROJECTION MATRIX
NUMBER OF BLOCKS: 1024 BUFFSIZE: 8192
NUMBER OF BUFFERS: 1976 AVERAGE BUFF/BLOCK: 1.929688 MAX BUFF/BLOCK: 2
BUFFER MAP: 14686003 (0.054710 GB)
CSR STORAGE: 470024035 (2.626464 GB) buffnzmax: 478 STORAGE EFFICIENCY: 1.500000 DATA REUSE: 32.004898
BLOCKING TIME: 4.714977e-01

FILL PROJECTION MATRIX
TIME: 1.453164e+00
FILL BACKPROJECTION MATRIX
TIME: 1.559886e+00
REDUCTION MAPPINGS
PREPROCESSING TIME: 7.858416e+00
INPUT MEASUREMENT DATA
INPUT ENDS
GRADIENT-DESCENT OPTIMIZATION
iter: 0 error: 5.498395e+04 gradnorm: 5.786066e+09
iter: 1 error: 2.733178e+04 gradnorm: 4.102495e+08
iter: 2 error: 2.328451e+04 gradnorm: 9.330712e+07
iter: 3 error: 2.147340e+04 gradnorm: 3.140848e+07
iter: 4 error: 2.047606e+04 gradnorm: 1.562314e+07
iter: 5 error: 1.987894e+04 gradnorm: 9.873854e+06
iter: 6 error: 1.945744e+04 gradnorm: 8.020763e+06
iter: 7 error: 1.917912e+04 gradnorm: 6.938734e+06
iter: 8 error: 1.893143e+04 gradnorm: 5.720606e+06
iter: 9 error: 1.872104e+04 gradnorm: 5.646916e+06
iter: 10 error: 1.861121e+04 gradnorm: 1.116038e+07
iter: 11 error: 1.847911e+04 gradnorm: 4.908726e+06
iter: 12 error: 1.831000e+04 gradnorm: 3.597018e+06
iter: 13 error: 1.813015e+04 gradnorm: 3.132186e+06
iter: 14 error: 1.798854e+04 gradnorm: 3.089924e+06
iter: 15 error: 1.784659e+04 gradnorm: 2.250884e+06
iter: 16 error: 1.769971e+04 gradnorm: 2.173011e+06
iter: 17 error: 1.762861e+04 gradnorm: 4.307882e+06
iter: 18 error: 1.753737e+04 gradnorm: 3.146989e+06
iter: 19 error: 1.750621e+04 gradnorm: 3.035428e+06
iter: 20 error: 1.739907e+04 gradnorm: 1.607266e+06
iter: 21 error: 1.729539e+04 gradnorm: 1.607574e+06
iter: 22 error: 1.720762e+04 gradnorm: 1.548833e+06
iter: 23 error: 1.712863e+04 gradnorm: 1.432944e+06
iter: 24 error: 1.704323e+04 gradnorm: 1.285766e+06
recon: 2.771237e+00 proj: 1.841935e+00 (1.812104e+00 2.161466e-02 8.148460e-03) backproj: 9.155540e-01 (9.604851e-04 1.017174e-02 9.043955e-01) ctime: 1.322686e-02 wtime: 3.463673e-04
numproj: 49 numback: 25
proj: 1.812104e+00 s (25.419267 GFLOPS) backproj: 9.043955e-01 s (25.985537 GFLOPS) avGFLOPS: 25.607794 totGFLOPS: 25.607794
proj: 78.891440 GB/s back: 79.580459 GB/s av: 79.120833 GB/s tot: 79.120833 GB/s
Total Time: 1.073866e+01
