NUM. THETA             : 375
NUM. RHO               : 1024
NUM. X PIXELS          : 1024
NUM. Y PIXELS          : 1024

NUM. OF PIXELS         : 1048576
NUM. OF RAYS           : 384000

NUM. ITERATIONS        : 24

SPATIAL TILE SIZE      : 512
SPECTRAL TILE SIZE     : 512

NUMBER OF X TILES      : 2
NUMBER OF Y TILES      : 2
NUM. OF THETA TILES    : 1
NUM. OF RHO TILES      : 2

NUM. SPATIAL TILES     : 4
NUM. SPECTRAL TILES    : 2

NUM. OF X PIXELS (EXT) : 1024
NUM. OF Y PIXELS (EXT) : 1024
NUM. OF ANGLES (EXT)   : 512
NUM. OF RHOS (EXT)     : 1024

NUM. OF PIXELS (EXT)   : 1048576
NUM. OF RAYS (EXT)     : 524288

NUMBER OF PROCESSES    : 1
NUMBER OF THRD./PROC.  : 16

INTEGER: 4, FLOAT: 4, LONG: 8, SHORT: 2, POINTER: 8
APPROX. MEMORY     TOTAL: 8.789062e+00 GB
APPROX. MEMORY PER PROC.: 8.789062e+00 GB

X START       : -5.120000e+02
Y START       : -5.120000e+02
PIXEL SIZE    : 1.000000e+00
RHO START     : -5.120000e+02
RAY LENGTH    : 2.048000e+03

SPATIAL INDEXING       : 5
SPECTRAL INDEXING      : 5
 1: CARTESIAN, NATURAL
 2: CARTESIAN, TRANSPOSED
 3: MORTON, NATURAL
 4: MORTON, TRANSPOSED
 5: HILBERT
PROJECTION BLOCK SIZE      : 2048
BACKPROJECTION BLOCK SIZE  : 2048
PROJECTION BUFFER SIZE      : 32 KB
BACKPROJECTION BUFFER SIZE  : 32 KB

SINOGRAM FILE : ../../../../datasets/CDS2_sinogram.bin
   THETA FILE : ../../../../datasets/CDS2_theta.bin
  OUTPUT FILE : ../../output/single_cpu/ip-0A00000F/16.CDS2.512.512.2048.2048.32.32.bin


PLACE TILES
lspat 2 lspatdim 2
lspec 2 lspecdim 2
MPI PARTITIONING
proc: 0 numspats: 4 numpixs: 1048576 numspecs: 2 numrays: 524288
maxnumpix: 1048576 maxnumray: 524288
FILL PIXELS AND RAYS
INPUT THETA DATA
DOMAIN PARTITIONING

CONSTRUCT PROJECTION MATRIX
CSR STORAGE: 470024253 (3.501954 GB) rownzmax 2046
RAY-TRACING TIME: 3.145348e+00
CONSTRUCT BACKPROJECTION MATRIX
CSR STORAGE: 470024253 (3.501954 GB) rownzmax 607
TRANSPOSITION TIME: 8.502218e-01

BLOCKING PROJECTION MATRIX
NUMBER OF BLOCKS: 188 BUFFSIZE: 8192
NUMBER OF BUFFERS: 2323 AVERAGE BUFF/BLOCK: 12.356383 MAX BUFF/BLOCK: 24
BUFFER MAP: 18257505 (0.068015 GB)
CSR STORAGE: 470024253 (2.626465 GB) buffnzmax: 510 STORAGE EFFICIENCY: 1.500000 DATA REUSE: 25.744169
BLOCKING TIME: 4.422724e-01
BLOCKING BACKPROJECTION MATRIX
NUMBER OF BLOCKS: 512 BUFFSIZE: 8192
NUMBER OF BUFFERS: 1470 AVERAGE BUFF/BLOCK: 2.871094 MAX BUFF/BLOCK: 3
BUFFER MAP: 11012629 (0.041025 GB)
CSR STORAGE: 470024253 (2.626465 GB) buffnzmax: 456 STORAGE EFFICIENCY: 1.500000 DATA REUSE: 42.680477
BLOCKING TIME: 3.928620e-01

FILL PROJECTION MATRIX
TIME: 1.471709e+00
FILL BACKPROJECTION MATRIX
TIME: 1.602775e+00
REDUCTION MAPPINGS
PREPROCESSING TIME: 7.907982e+00
INPUT MEASUREMENT DATA
INPUT ENDS
GRADIENT-DESCENT OPTIMIZATION
iter: 0 error: 5.498394e+04 gradnorm: 5.780557e+09
iter: 1 error: 2.713759e+04 gradnorm: 4.174675e+08
iter: 2 error: 2.306865e+04 gradnorm: 9.086845e+07
iter: 3 error: 2.127431e+04 gradnorm: 3.168983e+07
iter: 4 error: 2.032668e+04 gradnorm: 1.557752e+07
iter: 5 error: 1.975908e+04 gradnorm: 1.008936e+07
iter: 6 error: 1.938425e+04 gradnorm: 8.237714e+06
iter: 7 error: 1.911244e+04 gradnorm: 6.113949e+06
iter: 8 error: 1.886967e+04 gradnorm: 5.584130e+06
iter: 9 error: 1.871042e+04 gradnorm: 9.949652e+06
iter: 10 error: 1.862215e+04 gradnorm: 5.442882e+06
iter: 11 error: 1.844730e+04 gradnorm: 4.174531e+06
iter: 12 error: 1.828188e+04 gradnorm: 3.279185e+06
iter: 13 error: 1.811535e+04 gradnorm: 2.897791e+06
iter: 14 error: 1.798121e+04 gradnorm: 2.761696e+06
iter: 15 error: 1.784962e+04 gradnorm: 2.320528e+06
iter: 16 error: 1.776131e+04 gradnorm: 4.340574e+06
iter: 17 error: 1.768052e+04 gradnorm: 2.255830e+06
iter: 18 error: 1.763510e+04 gradnorm: 5.756382e+06
iter: 19 error: 1.754199e+04 gradnorm: 1.786859e+06
iter: 20 error: 1.745006e+04 gradnorm: 1.917984e+06
iter: 21 error: 1.736015e+04 gradnorm: 1.586901e+06
iter: 22 error: 1.726248e+04 gradnorm: 1.342222e+06
iter: 23 error: 1.716985e+04 gradnorm: 1.268481e+06
iter: 24 error: 1.708965e+04 gradnorm: 3.033769e+06
recon: 2.889715e+00 proj: 1.925765e+00 (1.892321e+00 2.048830e-02 1.291148e-02) backproj: 9.495092e-01 (1.203306e-03 8.054633e-03 9.402292e-01) ctime: 1.401306e-02 wtime: 2.614366e-04
numproj: 49 numback: 25
proj: 1.892321e+00 s (24.341729 GFLOPS) backproj: 9.402292e-01 s (24.995196 GFLOPS) avGFLOPS: 24.558639 totGFLOPS: 24.558639
proj: 74.916236 GB/s back: 76.156857 GB/s av: 75.328044 GB/s tot: 75.328044 GB/s
Total Time: 1.083856e+01
