NUM. THETA             : 375
NUM. RHO               : 1024
NUM. X PIXELS          : 1024
NUM. Y PIXELS          : 1024

NUM. OF PIXELS         : 1048576
NUM. OF RAYS           : 384000

NUM. ITERATIONS        : 24

SPATIAL TILE SIZE      : 256
SPECTRAL TILE SIZE     : 256

NUMBER OF X TILES      : 4
NUMBER OF Y TILES      : 4
NUM. OF THETA TILES    : 2
NUM. OF RHO TILES      : 4

NUM. SPATIAL TILES     : 16
NUM. SPECTRAL TILES    : 8

NUM. OF X PIXELS (EXT) : 1024
NUM. OF Y PIXELS (EXT) : 1024
NUM. OF ANGLES (EXT)   : 512
NUM. OF RHOS (EXT)     : 1024

NUM. OF PIXELS (EXT)   : 1048576
NUM. OF RAYS (EXT)     : 524288

NUMBER OF PROCESSES    : 1
NUMBER OF THRD./PROC.  : 16

INTEGER: 4, FLOAT: 4, LONG: 8, SHORT: 2, POINTER: 8
APPROX. MEMORY     TOTAL: 8.789062e+00 GB
APPROX. MEMORY PER PROC.: 8.789062e+00 GB

X START       : -5.120000e+02
Y START       : -5.120000e+02
PIXEL SIZE    : 1.000000e+00
RHO START     : -5.120000e+02
RAY LENGTH    : 2.048000e+03

SPATIAL INDEXING       : 5
SPECTRAL INDEXING      : 5
 1: CARTESIAN, NATURAL
 2: CARTESIAN, TRANSPOSED
 3: MORTON, NATURAL
 4: MORTON, TRANSPOSED
 5: HILBERT
PROJECTION BLOCK SIZE      : 512
BACKPROJECTION BLOCK SIZE  : 512
PROJECTION BUFFER SIZE      : 64 KB
BACKPROJECTION BUFFER SIZE  : 64 KB

SINOGRAM FILE : ../../../../datasets/CDS2_sinogram.bin
   THETA FILE : ../../../../datasets/CDS2_theta.bin
  OUTPUT FILE : ../../output/single_cpu/ip-0A00000F/16.CDS2.256.256.512.512.64.64.bin


PLACE TILES
lspat 4 lspatdim 4
lspec 4 lspecdim 4
MPI PARTITIONING
proc: 0 numspats: 16 numpixs: 1048576 numspecs: 8 numrays: 524288
maxnumpix: 1048576 maxnumray: 524288
FILL PIXELS AND RAYS
INPUT THETA DATA
DOMAIN PARTITIONING

CONSTRUCT PROJECTION MATRIX
CSR STORAGE: 470024251 (3.501954 GB) rownzmax 2046
RAY-TRACING TIME: 3.012289e+00
CONSTRUCT BACKPROJECTION MATRIX
CSR STORAGE: 470024251 (3.501954 GB) rownzmax 607
TRANSPOSITION TIME: 8.482657e-01

BLOCKING PROJECTION MATRIX
NUMBER OF BLOCKS: 750 BUFFSIZE: 16384
NUMBER OF BUFFERS: 2626 AVERAGE BUFF/BLOCK: 3.501333 MAX BUFF/BLOCK: 6
BUFFER MAP: 35696551 (0.132980 GB)
CSR STORAGE: 470024251 (2.626465 GB) buffnzmax: 869 STORAGE EFFICIENCY: 1.500000 DATA REUSE: 13.167217
BLOCKING TIME: 6.505092e-01
BLOCKING BACKPROJECTION MATRIX
NUMBER OF BLOCKS: 2048 BUFFSIZE: 16384
NUMBER OF BUFFERS: 2048 AVERAGE BUFF/BLOCK: 1.000000 MAX BUFF/BLOCK: 1
BUFFER MAP: 22030814 (0.082071 GB)
CSR STORAGE: 470024251 (2.626465 GB) buffnzmax: 607 STORAGE EFFICIENCY: 1.500000 DATA REUSE: 21.334856
BLOCKING TIME: 6.391650e-01

FILL PROJECTION MATRIX
TIME: 1.442448e+00
FILL BACKPROJECTION MATRIX
TIME: 1.551999e+00
REDUCTION MAPPINGS
PREPROCESSING TIME: 8.147620e+00
INPUT MEASUREMENT DATA
INPUT ENDS
GRADIENT-DESCENT OPTIMIZATION
iter: 0 error: 5.498395e+04 gradnorm: 5.780557e+09
iter: 1 error: 2.713759e+04 gradnorm: 4.174673e+08
iter: 2 error: 2.306865e+04 gradnorm: 9.086846e+07
iter: 3 error: 2.127431e+04 gradnorm: 3.168981e+07
iter: 4 error: 2.032669e+04 gradnorm: 1.557751e+07
iter: 5 error: 1.975908e+04 gradnorm: 1.008935e+07
iter: 6 error: 1.938425e+04 gradnorm: 8.237644e+06
iter: 7 error: 1.911243e+04 gradnorm: 6.111391e+06
iter: 8 error: 1.886891e+04 gradnorm: 5.443516e+06
iter: 9 error: 1.868737e+04 gradnorm: 7.288516e+06
iter: 10 error: 1.861247e+04 gradnorm: 6.937217e+06
iter: 11 error: 1.844712e+04 gradnorm: 4.205833e+06
iter: 12 error: 1.828188e+04 gradnorm: 3.279486e+06
iter: 13 error: 1.811534e+04 gradnorm: 2.896948e+06
iter: 14 error: 1.798105e+04 gradnorm: 2.749429e+06
iter: 15 error: 1.784711e+04 gradnorm: 2.099461e+06
iter: 16 error: 1.771564e+04 gradnorm: 2.385799e+06
iter: 17 error: 1.767338e+04 gradnorm: 4.551236e+06
iter: 18 error: 1.759936e+04 gradnorm: 3.935882e+06
iter: 19 error: 1.753760e+04 gradnorm: 2.111012e+06
iter: 20 error: 1.744976e+04 gradnorm: 1.941429e+06
iter: 21 error: 1.736015e+04 gradnorm: 1.587896e+06
iter: 22 error: 1.726249e+04 gradnorm: 1.342202e+06
iter: 23 error: 1.716981e+04 gradnorm: 1.260099e+06
iter: 24 error: 1.708201e+04 gradnorm: 1.689853e+06
recon: 2.939499e+00 proj: 1.933057e+00 (1.900799e+00 2.158305e-02 1.061382e-02) backproj: 9.883588e-01 (1.165129e-03 8.556336e-03 9.786141e-01) ctime: 1.751110e-02 wtime: 3.841383e-04
numproj: 49 numback: 25
proj: 1.900799e+00 s (24.233168 GFLOPS) backproj: 9.786141e-01 s (24.014790 GFLOPS) avGFLOPS: 24.158949 totGFLOPS: 24.158949
proj: 76.380339 GB/s back: 74.295595 GB/s av: 75.671806 GB/s tot: 75.671806 GB/s
Total Time: 1.114953e+01
