NUM. THETA             : 750
NUM. RHO               : 512
NUM. X PIXELS          : 512
NUM. Y PIXELS          : 512

NUM. OF PIXELS         : 262144
NUM. OF RAYS           : 384000

NUM. ITERATIONS        : 24

SPATIAL TILE SIZE      : 128
SPECTRAL TILE SIZE     : 128

NUMBER OF X TILES      : 4
NUMBER OF Y TILES      : 4
NUM. OF THETA TILES    : 6
NUM. OF RHO TILES      : 4

NUM. SPATIAL TILES     : 16
NUM. SPECTRAL TILES    : 24

NUM. OF X PIXELS (EXT) : 512
NUM. OF Y PIXELS (EXT) : 512
NUM. OF ANGLES (EXT)   : 768
NUM. OF RHOS (EXT)     : 512

NUM. OF PIXELS (EXT)   : 262144
NUM. OF RAYS (EXT)     : 393216

NUMBER OF PROCESSES    : 1
NUMBER OF THRD./PROC.  : 16

INTEGER: 4, FLOAT: 4, LONG: 8, SHORT: 2, POINTER: 8
APPROX. MEMORY     TOTAL: 4.394531e+00 GB
APPROX. MEMORY PER PROC.: 4.394531e+00 GB

X START       : -2.560000e+02
Y START       : -2.560000e+02
PIXEL SIZE    : 1.000000e+00
RHO START     : -2.560000e+02
RAY LENGTH    : 1.024000e+03

SPATIAL INDEXING       : 5
SPECTRAL INDEXING      : 5
 1: CARTESIAN, NATURAL
 2: CARTESIAN, TRANSPOSED
 3: MORTON, NATURAL
 4: MORTON, TRANSPOSED
 5: HILBERT
PROJECTION BLOCK SIZE      : 512
BACKPROJECTION BLOCK SIZE  : 512
PROJECTION BUFFER SIZE      : 32 KB
BACKPROJECTION BUFFER SIZE  : 32 KB

SINOGRAM FILE : ../../../../datasets/CDS1_sinogram.bin
   THETA FILE : ../../../../datasets/CDS1_theta.bin
  OUTPUT FILE : ../../output/single_cpu/ip-0A00000F/16.CDS1.128.128.512.512.32.32.bin


PLACE TILES
lspat 4 lspatdim 4
lspec 6 lspecdim 8
MPI PARTITIONING
proc: 0 numspats: 16 numpixs: 262144 numspecs: 24 numrays: 393216
maxnumpix: 262144 maxnumray: 393216
FILL PIXELS AND RAYS
INPUT THETA DATA
DOMAIN PARTITIONING

CONSTRUCT PROJECTION MATRIX
CSR STORAGE: 235011120 (1.750969 GB) rownzmax 1022
RAY-TRACING TIME: 1.440555e+00
CONSTRUCT BACKPROJECTION MATRIX
CSR STORAGE: 235011120 (1.750969 GB) rownzmax 1092
TRANSPOSITION TIME: 3.597357e-01

BLOCKING PROJECTION MATRIX
NUMBER OF BLOCKS: 750 BUFFSIZE: 8192
NUMBER OF BUFFERS: 2016 AVERAGE BUFF/BLOCK: 2.688000 MAX BUFF/BLOCK: 4
BUFFER MAP: 13327823 (0.049650 GB)
CSR STORAGE: 235011120 (1.313227 GB) buffnzmax: 520 STORAGE EFFICIENCY: 1.500000 DATA REUSE: 17.633121
BLOCKING TIME: 2.536191e-01
BLOCKING BACKPROJECTION MATRIX
NUMBER OF BLOCKS: 512 BUFFSIZE: 8192
NUMBER OF BUFFERS: 1484 AVERAGE BUFF/BLOCK: 2.898438 MAX BUFF/BLOCK: 3
BUFFER MAP: 11012369 (0.041024 GB)
CSR STORAGE: 235011120 (1.313227 GB) buffnzmax: 586 STORAGE EFFICIENCY: 1.500000 DATA REUSE: 21.340651
BLOCKING TIME: 2.558680e-01

FILL PROJECTION MATRIX
TIME: 7.116737e-01
FILL BACKPROJECTION MATRIX
TIME: 7.749502e-01
REDUCTION MAPPINGS
PREPROCESSING TIME: 3.798715e+00
INPUT MEASUREMENT DATA
INPUT ENDS
GRADIENT-DESCENT OPTIMIZATION
iter: 0 error: 4.959038e+04 gradnorm: 1.560966e+10
iter: 1 error: 5.316522e+03 gradnorm: 4.760848e+08
iter: 2 error: 5.074581e+02 gradnorm: 1.604495e+07
iter: 3 error: 2.940091e+02 gradnorm: 8.082360e+06
iter: 4 error: 1.716263e+02 gradnorm: 1.353838e+06
iter: 5 error: 1.154519e+02 gradnorm: 6.253216e+05
iter: 6 error: 8.898447e+01 gradnorm: 6.381975e+05
iter: 7 error: 7.436785e+01 gradnorm: 4.951401e+05
iter: 8 error: 6.832961e+01 gradnorm: 1.141303e+06
iter: 9 error: 5.777225e+01 gradnorm: 2.291172e+05
iter: 10 error: 4.873899e+01 gradnorm: 1.926088e+05
iter: 11 error: 4.173164e+01 gradnorm: 1.106780e+05
iter: 12 error: 3.777509e+01 gradnorm: 1.960073e+05
iter: 13 error: 3.468892e+01 gradnorm: 1.019181e+05
iter: 14 error: 3.147020e+01 gradnorm: 6.103045e+04
iter: 15 error: 2.907261e+01 gradnorm: 1.450232e+05
iter: 16 error: 2.836227e+01 gradnorm: 7.261589e+04
iter: 17 error: 2.682887e+01 gradnorm: 4.575881e+04
iter: 18 error: 2.524043e+01 gradnorm: 2.665490e+04
iter: 19 error: 2.394677e+01 gradnorm: 2.563606e+04
iter: 20 error: 2.288640e+01 gradnorm: 1.502240e+04
iter: 21 error: 2.195988e+01 gradnorm: 1.356985e+04
iter: 22 error: 2.168888e+01 gradnorm: 5.660279e+04
iter: 23 error: 2.120436e+01 gradnorm: 9.569519e+03
iter: 24 error: 2.068543e+01 gradnorm: 9.090741e+03
recon: 1.459839e+00 proj: 9.660374e-01 (9.354407e-01 2.123108e-02 9.329505e-03) backproj: 4.856235e-01 (1.086335e-03 8.056313e-03 4.764661e-01) ctime: 7.823265e-03 wtime: 2.404752e-04
numproj: 49 numback: 25
proj: 9.354407e-01 s (24.620578 GFLOPS) backproj: 4.764661e-01 s (24.661891 GFLOPS) avGFLOPS: 24.634520 totGFLOPS: 24.634520
proj: 76.654272 GB/s back: 76.296931 GB/s av: 76.533683 GB/s tot: 76.533683 GB/s
Total Time: 5.309497e+00
