NUM. THETA             : 375
NUM. RHO               : 1024
NUM. X PIXELS          : 1024
NUM. Y PIXELS          : 1024

NUM. OF PIXELS         : 1048576
NUM. OF RAYS           : 384000

NUM. ITERATIONS        : 24

SPATIAL TILE SIZE      : 256
SPECTRAL TILE SIZE     : 256

NUMBER OF X TILES      : 4
NUMBER OF Y TILES      : 4
NUM. OF THETA TILES    : 2
NUM. OF RHO TILES      : 4

NUM. SPATIAL TILES     : 16
NUM. SPECTRAL TILES    : 8

NUM. OF X PIXELS (EXT) : 1024
NUM. OF Y PIXELS (EXT) : 1024
NUM. OF ANGLES (EXT)   : 512
NUM. OF RHOS (EXT)     : 1024

NUM. OF PIXELS (EXT)   : 1048576
NUM. OF RAYS (EXT)     : 524288

NUMBER OF PROCESSES    : 1
NUMBER OF THRD./PROC.  : 16

INTEGER: 4, FLOAT: 4, LONG: 8, SHORT: 2, POINTER: 8
APPROX. MEMORY     TOTAL: 8.789062e+00 GB
APPROX. MEMORY PER PROC.: 8.789062e+00 GB

X START       : -5.120000e+02
Y START       : -5.120000e+02
PIXEL SIZE    : 1.000000e+00
RHO START     : -5.120000e+02
RAY LENGTH    : 2.048000e+03

SPATIAL INDEXING       : 5
SPECTRAL INDEXING      : 5
 1: CARTESIAN, NATURAL
 2: CARTESIAN, TRANSPOSED
 3: MORTON, NATURAL
 4: MORTON, TRANSPOSED
 5: HILBERT
PROJECTION BLOCK SIZE      : 512
BACKPROJECTION BLOCK SIZE  : 512
PROJECTION BUFFER SIZE      : 32 KB
BACKPROJECTION BUFFER SIZE  : 32 KB

SINOGRAM FILE : ../../../../datasets/CDS2_sinogram.bin
   THETA FILE : ../../../../datasets/CDS2_theta.bin
  OUTPUT FILE : ../../output/single_cpu/ip-0A00000F/16.CDS2.256.256.512.512.32.32.bin


PLACE TILES
lspat 4 lspatdim 4
lspec 4 lspecdim 4
MPI PARTITIONING
proc: 0 numspats: 16 numpixs: 1048576 numspecs: 8 numrays: 524288
maxnumpix: 1048576 maxnumray: 524288
FILL PIXELS AND RAYS
INPUT THETA DATA
DOMAIN PARTITIONING

CONSTRUCT PROJECTION MATRIX
CSR STORAGE: 470024251 (3.501954 GB) rownzmax 2046
RAY-TRACING TIME: 3.018212e+00
CONSTRUCT BACKPROJECTION MATRIX
CSR STORAGE: 470024251 (3.501954 GB) rownzmax 607
TRANSPOSITION TIME: 8.505417e-01

BLOCKING PROJECTION MATRIX
NUMBER OF BLOCKS: 750 BUFFSIZE: 8192
NUMBER OF BUFFERS: 4740 AVERAGE BUFF/BLOCK: 6.320000 MAX BUFF/BLOCK: 11
BUFFER MAP: 35696551 (0.132980 GB)
CSR STORAGE: 470024251 (2.626465 GB) buffnzmax: 535 STORAGE EFFICIENCY: 1.500000 DATA REUSE: 13.167217
BLOCKING TIME: 6.507019e-01
BLOCKING BACKPROJECTION MATRIX
NUMBER OF BLOCKS: 2048 BUFFSIZE: 8192
NUMBER OF BUFFERS: 3910 AVERAGE BUFF/BLOCK: 1.909180 MAX BUFF/BLOCK: 2
BUFFER MAP: 22030814 (0.082071 GB)
CSR STORAGE: 470024251 (2.626465 GB) buffnzmax: 501 STORAGE EFFICIENCY: 1.500000 DATA REUSE: 21.334856
BLOCKING TIME: 6.400916e-01

FILL PROJECTION MATRIX
TIME: 1.441711e+00
FILL BACKPROJECTION MATRIX
TIME: 1.550427e+00
REDUCTION MAPPINGS
PREPROCESSING TIME: 8.154601e+00
INPUT MEASUREMENT DATA
INPUT ENDS
GRADIENT-DESCENT OPTIMIZATION
iter: 0 error: 5.498395e+04 gradnorm: 5.780557e+09
iter: 1 error: 2.713759e+04 gradnorm: 4.174674e+08
iter: 2 error: 2.306865e+04 gradnorm: 9.086846e+07
iter: 3 error: 2.127431e+04 gradnorm: 3.168981e+07
iter: 4 error: 2.032669e+04 gradnorm: 1.557751e+07
iter: 5 error: 1.975908e+04 gradnorm: 1.008935e+07
iter: 6 error: 1.938425e+04 gradnorm: 8.237701e+06
iter: 7 error: 1.911244e+04 gradnorm: 6.113741e+06
iter: 8 error: 1.886961e+04 gradnorm: 5.572843e+06
iter: 9 error: 1.870886e+04 gradnorm: 9.810640e+06
iter: 10 error: 1.862184e+04 gradnorm: 5.494848e+06
iter: 11 error: 1.844730e+04 gradnorm: 4.175464e+06
iter: 12 error: 1.828188e+04 gradnorm: 3.279152e+06
iter: 13 error: 1.811534e+04 gradnorm: 2.896924e+06
iter: 14 error: 1.798105e+04 gradnorm: 2.749069e+06
iter: 15 error: 1.784703e+04 gradnorm: 2.091132e+06
iter: 16 error: 1.771150e+04 gradnorm: 1.828490e+06
iter: 17 error: 1.760960e+04 gradnorm: 3.472286e+06
iter: 18 error: 1.756365e+04 gradnorm: 3.557954e+06
iter: 19 error: 1.751346e+04 gradnorm: 3.316768e+06
iter: 20 error: 1.744716e+04 gradnorm: 2.146271e+06
iter: 21 error: 1.736005e+04 gradnorm: 1.596755e+06
iter: 22 error: 1.726248e+04 gradnorm: 1.342369e+06
iter: 23 error: 1.716980e+04 gradnorm: 1.258301e+06
iter: 24 error: 1.708012e+04 gradnorm: 1.308604e+06
recon: 2.957111e+00 proj: 1.961665e+00 (1.930021e+00 2.098567e-02 1.060754e-02) backproj: 9.807156e-01 (1.862659e-03 8.299957e-03 9.705030e-01) ctime: 1.423523e-02 wtime: 3.136389e-04
numproj: 49 numback: 25
proj: 1.930021e+00 s (23.866253 GFLOPS) backproj: 9.705030e-01 s (24.215498 GFLOPS) avGFLOPS: 23.983109 totGFLOPS: 23.983109
proj: 75.223862 GB/s back: 74.916534 GB/s av: 75.121031 GB/s tot: 75.121031 GB/s
Total Time: 1.116931e+01
