NUM. THETA             : 375
NUM. RHO               : 1024
NUM. X PIXELS          : 1024
NUM. Y PIXELS          : 1024

NUM. OF PIXELS         : 1048576
NUM. OF RAYS           : 384000

NUM. ITERATIONS        : 24

SPATIAL TILE SIZE      : 256
SPECTRAL TILE SIZE     : 256

NUMBER OF X TILES      : 4
NUMBER OF Y TILES      : 4
NUM. OF THETA TILES    : 2
NUM. OF RHO TILES      : 4

NUM. SPATIAL TILES     : 16
NUM. SPECTRAL TILES    : 8

NUM. OF X PIXELS (EXT) : 1024
NUM. OF Y PIXELS (EXT) : 1024
NUM. OF ANGLES (EXT)   : 512
NUM. OF RHOS (EXT)     : 1024

NUM. OF PIXELS (EXT)   : 1048576
NUM. OF RAYS (EXT)     : 524288

NUMBER OF PROCESSES    : 1
NUMBER OF THRD./PROC.  : 16

INTEGER: 4, FLOAT: 4, LONG: 8, SHORT: 2, POINTER: 8
APPROX. MEMORY     TOTAL: 8.789062e+00 GB
APPROX. MEMORY PER PROC.: 8.789062e+00 GB

X START       : -5.120000e+02
Y START       : -5.120000e+02
PIXEL SIZE    : 1.000000e+00
RHO START     : -5.120000e+02
RAY LENGTH    : 2.048000e+03

SPATIAL INDEXING       : 5
SPECTRAL INDEXING      : 5
 1: CARTESIAN, NATURAL
 2: CARTESIAN, TRANSPOSED
 3: MORTON, NATURAL
 4: MORTON, TRANSPOSED
 5: HILBERT
PROJECTION BLOCK SIZE      : 1024
BACKPROJECTION BLOCK SIZE  : 1024
PROJECTION BUFFER SIZE      : 32 KB
BACKPROJECTION BUFFER SIZE  : 32 KB

SINOGRAM FILE : ../../../../datasets/CDS2_sinogram.bin
   THETA FILE : ../../../../datasets/CDS2_theta.bin
  OUTPUT FILE : ../../output/single_cpu/ip-0A00000F/16.CDS2.256.256.1024.1024.32.32.bin


PLACE TILES
lspat 4 lspatdim 4
lspec 4 lspecdim 4
MPI PARTITIONING
proc: 0 numspats: 16 numpixs: 1048576 numspecs: 8 numrays: 524288
maxnumpix: 1048576 maxnumray: 524288
FILL PIXELS AND RAYS
INPUT THETA DATA
DOMAIN PARTITIONING

CONSTRUCT PROJECTION MATRIX
CSR STORAGE: 470024251 (3.501954 GB) rownzmax 2046
RAY-TRACING TIME: 3.061248e+00
CONSTRUCT BACKPROJECTION MATRIX
CSR STORAGE: 470024251 (3.501954 GB) rownzmax 607
TRANSPOSITION TIME: 8.573372e-01

BLOCKING PROJECTION MATRIX
NUMBER OF BLOCKS: 375 BUFFSIZE: 8192
NUMBER OF BUFFERS: 3177 AVERAGE BUFF/BLOCK: 8.472000 MAX BUFF/BLOCK: 13
BUFFER MAP: 24520204 (0.091345 GB)
CSR STORAGE: 470024251 (2.626465 GB) buffnzmax: 508 STORAGE EFFICIENCY: 1.500000 DATA REUSE: 19.168856
BLOCKING TIME: 5.120369e-01
BLOCKING BACKPROJECTION MATRIX
NUMBER OF BLOCKS: 1024 BUFFSIZE: 8192
NUMBER OF BUFFERS: 1976 AVERAGE BUFF/BLOCK: 1.929688 MAX BUFF/BLOCK: 2
BUFFER MAP: 14686009 (0.054710 GB)
CSR STORAGE: 470024251 (2.626465 GB) buffnzmax: 478 STORAGE EFFICIENCY: 1.500000 DATA REUSE: 32.004902
BLOCKING TIME: 4.705254e-01

FILL PROJECTION MATRIX
TIME: 1.453480e+00
FILL BACKPROJECTION MATRIX
TIME: 1.582019e+00
REDUCTION MAPPINGS
PREPROCESSING TIME: 7.940042e+00
INPUT MEASUREMENT DATA
INPUT ENDS
GRADIENT-DESCENT OPTIMIZATION
iter: 0 error: 5.498395e+04 gradnorm: 5.780557e+09
iter: 1 error: 2.713759e+04 gradnorm: 4.174674e+08
iter: 2 error: 2.306865e+04 gradnorm: 9.086846e+07
iter: 3 error: 2.127431e+04 gradnorm: 3.168982e+07
iter: 4 error: 2.032669e+04 gradnorm: 1.557751e+07
iter: 5 error: 1.975908e+04 gradnorm: 1.008935e+07
iter: 6 error: 1.938425e+04 gradnorm: 8.237712e+06
iter: 7 error: 1.911244e+04 gradnorm: 6.113841e+06
iter: 8 error: 1.886964e+04 gradnorm: 5.578243e+06
iter: 9 error: 1.870962e+04 gradnorm: 9.878379e+06
iter: 10 error: 1.862200e+04 gradnorm: 5.469352e+06
iter: 11 error: 1.844730e+04 gradnorm: 4.175003e+06
iter: 12 error: 1.828188e+04 gradnorm: 3.279148e+06
iter: 13 error: 1.811534e+04 gradnorm: 2.896925e+06
iter: 14 error: 1.798105e+04 gradnorm: 2.749069e+06
iter: 15 error: 1.784703e+04 gradnorm: 2.092692e+06
iter: 16 error: 1.771303e+04 gradnorm: 2.164144e+06
iter: 17 error: 1.767155e+04 gradnorm: 5.434238e+06
iter: 18 error: 1.757770e+04 gradnorm: 2.148018e+06
iter: 19 error: 1.750449e+04 gradnorm: 2.808952e+06
iter: 20 error: 1.744357e+04 gradnorm: 2.371572e+06
iter: 21 error: 1.735990e+04 gradnorm: 1.610676e+06
iter: 22 error: 1.726248e+04 gradnorm: 1.342654e+06
iter: 23 error: 1.716980e+04 gradnorm: 1.259015e+06
iter: 24 error: 1.708088e+04 gradnorm: 1.466634e+06
recon: 2.816715e+00 proj: 1.870101e+00 (1.836316e+00 2.189518e-02 1.179399e-02) backproj: 9.316676e-01 (1.281846e-03 9.329169e-03 9.210250e-01) ctime: 1.442854e-02 wtime: 3.378254e-04
numproj: 49 numback: 25
proj: 1.836316e+00 s (25.084120 GFLOPS) backproj: 9.210250e-01 s (25.516369 GFLOPS) avGFLOPS: 25.228503 totGFLOPS: 25.228503
proj: 77.869535 GB/s back: 78.143634 GB/s av: 77.961091 GB/s tot: 77.961091 GB/s
Total Time: 1.082747e+01
