NUM. THETA             : 375
NUM. RHO               : 1024
NUM. X PIXELS          : 1024
NUM. Y PIXELS          : 1024

NUM. OF PIXELS         : 1048576
NUM. OF RAYS           : 384000

NUM. ITERATIONS        : 24

SPATIAL TILE SIZE      : 128
SPECTRAL TILE SIZE     : 128

NUMBER OF X TILES      : 8
NUMBER OF Y TILES      : 8
NUM. OF THETA TILES    : 3
NUM. OF RHO TILES      : 8

NUM. SPATIAL TILES     : 64
NUM. SPECTRAL TILES    : 24

NUM. OF X PIXELS (EXT) : 1024
NUM. OF Y PIXELS (EXT) : 1024
NUM. OF ANGLES (EXT)   : 384
NUM. OF RHOS (EXT)     : 1024

NUM. OF PIXELS (EXT)   : 1048576
NUM. OF RAYS (EXT)     : 393216

NUMBER OF PROCESSES    : 8
NUMBER OF THRD./PROC.  : 6

INTEGER: 4, FLOAT: 4, LONG: 8, SHORT: 2, POINTER: 8
APPROX. MEMORY     TOTAL: 8.789062e+00 GB
APPROX. MEMORY PER PROC.: 1.098633e+00 GB

X START       : -5.120000e+02
Y START       : -5.120000e+02
PIXEL SIZE    : 1.000000e+00
RHO START     : -5.120000e+02
RAY LENGTH    : 2.048000e+03

SPATIAL INDEXING       : 5
SPECTRAL INDEXING      : 5
 1: CARTESIAN, NATURAL
 2: CARTESIAN, TRANSPOSED
 3: MORTON, NATURAL
 4: MORTON, TRANSPOSED
PROJECTION BLOCK SIZE      : 512
BACKPROJECTION BLOCK SIZE  : 512
PROJECTION BUFFER SIZE      : 48 KB
BACKPROJECTION BUFFER SIZE  : 48 KB

SINOGRAM FILE : ../../../../datasets/CDS2_sinogram.bin
   THETA FILE : ../../../../datasets/CDS2_theta.bin
  OUTPUT FILE : ../../output/strong_scaling_on_gpu/ip-0A00000F/p100.8.6.CDS2.128.128.512.512.48.48.bin


PLACE TILES
lspat 8 lspatdim 8
lspec 8 lspecdim 8
MPI PARTITIONING
proc: 0 numspats: 8 numpixs: 131072 numspecs: 3 numrays: 49152
proc: 1 numspats: 8 numpixs: 131072 numspecs: 3 numrays: 49152
proc: 2 numspats: 8 numpixs: 131072 numspecs: 3 numrays: 49152
proc: 3 numspats: 8 numpixs: 131072 numspecs: 3 numrays: 49152
proc: 4 numspats: 8 numpixs: 131072 numspecs: 3 numrays: 49152
proc: 5 numspats: 8 numpixs: 131072 numspecs: 3 numrays: 49152
proc: 6 numspats: 8 numpixs: 131072 numspecs: 3 numrays: 49152
proc: 7 numspats: 8 numpixs: 131072 numspecs: 3 numrays: 49152
maxnumpix: 131072 maxnumray: 49152
FILL PIXELS AND RAYS
INPUT THETA DATA
DOMAIN PARTITIONING
myid 3 raynuminc 125994/1344108 raynumout 183294/1344108
myid 4 raynuminc 174344/1344108 raynumout 174399/1344108
myid 0 raynuminc 136972/1344108 raynumout 130963/1344108
myid 5 raynuminc 216848/1344108 raynumout 130819/1344108
myid 1 raynuminc 181287/1344108 raynumout 174527/1344108
myid 6 raynuminc 177355/1344108 raynumout 183395/1344108
myid 7 raynuminc 132235/1344108 raynumout 183426/1344108
myid 2 raynuminc 199073/1344108 raynumout 183285/1344108

CONSTRUCT PROJECTION MATRIX
CSR STORAGE: 470024030 (3.501952 GB) rownzmax 766
RAY-TRACING TIME: 6.108546e-01
CONSTRUCT BACKPROJECTION MATRIX
CSR STORAGE: 470024030 (3.501952 GB) rownzmax 516
TRANSPOSITION TIME: 2.013845e-01

BLOCKING PROJECTION MATRIX
NUMBER OF BLOCKS: 2628 BUFFSIZE: 12288
NUMBER OF BUFFERS: 4291 AVERAGE BUFF/BLOCK: 1.632801 MAX BUFF/BLOCK: 3
BUFF MAP: 52727808 (0.196426 GB)
ELLPACK STORAGE: 605216256 (3.381909 GB) buffnzmax: 615 STORAGE EFFICIENCY: 1.164932 DATA REUSE: 13.075727
BLOCKING TIME: 3.087878e-01
BLOCKING BACKPROJECTION MATRIX
NUMBER OF BLOCKS: 2048 BUFFSIZE: 12288
NUMBER OF BUFFERS: 2048 AVERAGE BUFF/BLOCK: 1.000000 MAX BUFF/BLOCK: 1
BUFF MAP: 25165824 (0.093750 GB)
ELLPACK STORAGE: 499561984 (2.791520 GB) buffnzmax: 516 STORAGE EFFICIENCY: 1.411308 DATA REUSE: 21.334789
BLOCKING TIME: 3.485536e-01

FILL PROJECTION MATRIX
TIME: 5.769995e-01
FILL BACKPROJECTION MATRIX
TIME: 7.049444e-01
REDUCTION MAPPINGS
myid: 2 device: 2
myid: 1 device: 1
myid: 3 device: 3
PREPROCESSING TIME: 2.756058e+00
myid: 0 device: 0
myid: 4 device: 4
myid: 5 device: 5
myid: 6 device: 6
myid: 7 device: 7

Device Count: 4
Device 0 name: 1619282768
Computational Capabilities: 6, 0
Maximum global memory size: 17071734784
Maximum constant memory size: 65536
Maximum shared memory size per block: 49152
Maximum block dimensions: 1024x1024x64
Maximum grid dimensions: 2147483647x65535x65535
Maximum threads per block: 1024
Warp size: 32

PROC 0 TOTAL GPU MEMORY: 0.935953 GB
INPUT MEASUREMENT DATA
INPUT ENDS
GRADIENT-DESCENT OPTIMIZATION
PROC 5 TOTAL GPU MEMORY: 0.936002 GB
PROC 3 TOTAL GPU MEMORY: 1.192466 GB
PROC 1 TOTAL GPU MEMORY: 1.136182 GB
PROC 6 TOTAL GPU MEMORY: 1.189238 GB
PROC 7 TOTAL GPU MEMORY: 1.303112 GB
PROC 2 TOTAL GPU MEMORY: 1.307576 GB
PROC 4 TOTAL GPU MEMORY: 1.149314 GB
iter: 0 error: 5.498395e+04 gradnorm: 1.963864e+10
iter: 1 error: 3.375404e+03 gradnorm: 2.933219e+08
iter: 2 error: 1.127914e+03 gradnorm: 5.687498e+07
iter: 3 error: 4.702545e+02 gradnorm: 1.895871e+07
iter: 4 error: 3.071304e+02 gradnorm: 8.957490e+06
iter: 5 error: 2.100908e+02 gradnorm: 2.580059e+06
iter: 6 error: 1.482707e+02 gradnorm: 1.226068e+06
iter: 7 error: 1.194989e+02 gradnorm: 1.051825e+06
iter: 8 error: 9.819646e+01 gradnorm: 7.132455e+05
iter: 9 error: 8.316997e+01 gradnorm: 1.500230e+06
iter: 10 error: 7.616701e+01 gradnorm: 5.293384e+05
iter: 11 error: 6.296000e+01 gradnorm: 3.337259e+05
iter: 12 error: 5.227480e+01 gradnorm: 2.613792e+05
iter: 13 error: 4.613999e+01 gradnorm: 2.711258e+05
iter: 14 error: 4.012222e+01 gradnorm: 1.293187e+05
iter: 15 error: 3.501012e+01 gradnorm: 1.486912e+05
iter: 16 error: 3.284892e+01 gradnorm: 1.993898e+05
iter: 17 error: 3.073556e+01 gradnorm: 1.005319e+05
iter: 18 error: 2.955734e+01 gradnorm: 2.324622e+05
iter: 19 error: 2.744665e+01 gradnorm: 5.706552e+04
iter: 20 error: 2.606245e+01 gradnorm: 6.308000e+04
iter: 21 error: 2.465813e+01 gradnorm: 3.863336e+04
iter: 22 error: 2.362888e+01 gradnorm: 3.368715e+04
iter: 23 error: 2.306896e+01 gradnorm: 3.601888e+04
iter: 24 error: 2.230827e+01 gradnorm: 1.695637e+04
recon: 1.110574e+00 proj: 5.362086e-01 (4.276288e-02 4.580403e-01 3.060475e-02) backproj: 2.709129e-01 (2.073696e-02 2.303928e-01 1.814637e-02) ctime: 2.320765e-01 wtime: 3.346048e-02
numproj: 49 numback: 25
proj: 7.291760e-01 s (63.170418 GFLOPS) backproj: 3.014654e-01 s (77.956536 GFLOPS) avGFLOPS: 67.495398 totGFLOPS: 539.963185
proj: 258.193113 GB/s back: 256.914623 GB/s av: 257.819151 GB/s tot: 2062.553211 GB/s
Total Time: 5.177918e+00
