NUM. THETA             : 750
NUM. RHO               : 512
NUM. X PIXELS          : 512
NUM. Y PIXELS          : 512

NUM. OF PIXELS         : 262144
NUM. OF RAYS           : 384000

NUM. ITERATIONS        : 24

SPATIAL TILE SIZE      : 128
SPECTRAL TILE SIZE     : 128

NUMBER OF X TILES      : 4
NUMBER OF Y TILES      : 4
NUM. OF THETA TILES    : 6
NUM. OF RHO TILES      : 4

NUM. SPATIAL TILES     : 16
NUM. SPECTRAL TILES    : 24

NUM. OF X PIXELS (EXT) : 512
NUM. OF Y PIXELS (EXT) : 512
NUM. OF ANGLES (EXT)   : 768
NUM. OF RHOS (EXT)     : 512

NUM. OF PIXELS (EXT)   : 262144
NUM. OF RAYS (EXT)     : 393216

NUMBER OF PROCESSES    : 4
NUMBER OF THRD./PROC.  : 6

INTEGER: 4, FLOAT: 4, LONG: 8, SHORT: 2, POINTER: 8
APPROX. MEMORY     TOTAL: 4.394531e+00 GB
APPROX. MEMORY PER PROC.: 1.098633e+00 GB

X START       : -2.560000e+02
Y START       : -2.560000e+02
PIXEL SIZE    : 1.000000e+00
RHO START     : -2.560000e+02
RAY LENGTH    : 1.024000e+03

SPATIAL INDEXING       : 5
SPECTRAL INDEXING      : 5
 1: CARTESIAN, NATURAL
 2: CARTESIAN, TRANSPOSED
 3: MORTON, NATURAL
 4: MORTON, TRANSPOSED
PROJECTION BLOCK SIZE      : 512
BACKPROJECTION BLOCK SIZE  : 512
PROJECTION BUFFER SIZE      : 48 KB
BACKPROJECTION BUFFER SIZE  : 48 KB

SINOGRAM FILE : ../../../../datasets/CDS1_sinogram.bin
   THETA FILE : ../../../../datasets/CDS1_theta.bin
  OUTPUT FILE : ../../output/strong_scaling_on_gpu/ip-0A00000F/p100.4.6.CDS1.128.128.512.512.48.48.bin


PLACE TILES
lspat 4 lspatdim 4
lspec 6 lspecdim 8
MPI PARTITIONING
proc: 0 numspats: 4 numpixs: 65536 numspecs: 6 numrays: 98304
proc: 1 numspats: 4 numpixs: 65536 numspecs: 6 numrays: 98304
proc: 2 numspats: 4 numpixs: 65536 numspecs: 6 numrays: 98304
proc: 3 numspats: 4 numpixs: 65536 numspecs: 6 numrays: 98304
maxnumpix: 65536 maxnumray: 98304
FILL PIXELS AND RAYS
INPUT THETA DATA
DOMAIN PARTITIONING
myid 1 raynuminc 223693/872870 raynumout 218218/872870
myid 2 raynuminc 223626/872870 raynumout 218217/872870
myid 3 raynuminc 201952/872870 raynumout 218218/872870
myid 0 raynuminc 223599/872870 raynumout 218217/872870

CONSTRUCT PROJECTION MATRIX
CSR STORAGE: 235011121 (1.750969 GB) rownzmax 511
RAY-TRACING TIME: 5.563472e-01
CONSTRUCT BACKPROJECTION MATRIX
CSR STORAGE: 235011121 (1.750969 GB) rownzmax 1092
TRANSPOSITION TIME: 1.855124e-01

BLOCKING PROJECTION MATRIX
NUMBER OF BLOCKS: 1708 BUFFSIZE: 12288
NUMBER OF BUFFERS: 1850 AVERAGE BUFF/BLOCK: 1.083138 MAX BUFF/BLOCK: 2
BUFF MAP: 22732800 (0.084686 GB)
ELLPACK STORAGE: 275701248 (1.540601 GB) buffnzmax: 511 STORAGE EFFICIENCY: 1.278618 DATA REUSE: 17.177723
BLOCKING TIME: 2.579467e-01
BLOCKING BACKPROJECTION MATRIX
NUMBER OF BLOCKS: 512 BUFFSIZE: 12288
NUMBER OF BUFFERS: 1020 AVERAGE BUFF/BLOCK: 1.992188 MAX BUFF/BLOCK: 2
BUFF MAP: 12533760 (0.046692 GB)
ELLPACK STORAGE: 260354048 (1.454842 GB) buffnzmax: 746 STORAGE EFFICIENCY: 1.353990 DATA REUSE: 21.340651
BLOCKING TIME: 3.198923e-01

FILL PROJECTION MATRIX
TIME: 5.364223e-01
FILL BACKPROJECTION MATRIX
TIME: 6.778131e-01
REDUCTION MAPPINGS
myid: 3 device: 3
myid: 1 device: 1
myid: 2 device: 2
PREPROCESSING TIME: 2.537501e+00
myid: 0 device: 0

Device Count: 4
Device 0 name: 1439635856
Computational Capabilities: 6, 0
Maximum global memory size: 17071734784
Maximum constant memory size: 65536
Maximum shared memory size per block: 49152
Maximum block dimensions: 1024x1024x64
Maximum grid dimensions: 2147483647x65535x65535
Maximum threads per block: 1024
Warp size: 32

PROC 3 TOTAL GPU MEMORY: 1.121060 GB
PROC 2 TOTAL GPU MEMORY: 1.098855 GB
PROC 1 TOTAL GPU MEMORY: 1.108862 GB
PROC 0 TOTAL GPU MEMORY: 1.100752 GB
INPUT MEASUREMENT DATA
INPUT ENDS
GRADIENT-DESCENT OPTIMIZATION
iter: 0 error: 4.959034e+04 gradnorm: 1.560966e+10
iter: 1 error: 5.316518e+03 gradnorm: 4.760844e+08
iter: 2 error: 5.074576e+02 gradnorm: 1.604496e+07
iter: 3 error: 2.940087e+02 gradnorm: 8.082358e+06
iter: 4 error: 1.716260e+02 gradnorm: 1.353840e+06
iter: 5 error: 1.154520e+02 gradnorm: 6.254024e+05
iter: 6 error: 8.903041e+01 gradnorm: 6.527132e+05
iter: 7 error: 7.616527e+01 gradnorm: 9.325678e+05
iter: 8 error: 7.114107e+01 gradnorm: 5.563048e+05
iter: 9 error: 5.778220e+01 gradnorm: 2.259795e+05
iter: 10 error: 4.873899e+01 gradnorm: 1.925942e+05
iter: 11 error: 4.173150e+01 gradnorm: 1.106648e+05
iter: 12 error: 3.777338e+01 gradnorm: 1.959642e+05
iter: 13 error: 3.468859e+01 gradnorm: 1.019340e+05
iter: 14 error: 3.146860e+01 gradnorm: 6.051890e+04
iter: 15 error: 2.878780e+01 gradnorm: 6.657859e+04
iter: 16 error: 2.782782e+01 gradnorm: 1.489552e+05
iter: 17 error: 2.682015e+01 gradnorm: 4.840706e+04
iter: 18 error: 2.524037e+01 gradnorm: 2.666232e+04
iter: 19 error: 2.394676e+01 gradnorm: 2.563613e+04
iter: 20 error: 2.288639e+01 gradnorm: 1.502471e+04
iter: 21 error: 2.196202e+01 gradnorm: 1.420058e+04
iter: 22 error: 2.173724e+01 gradnorm: 4.929498e+04
iter: 23 error: 2.121227e+01 gradnorm: 1.048143e+04
iter: 24 error: 2.086578e+01 gradnorm: 1.970786e+04
recon: 1.921416e-01 proj: 9.293974e-02 (4.473805e-02 4.046695e-02 4.266174e-03) backproj: 4.426834e-02 (2.518028e-03 1.753820e-02 2.311920e-02) ctime: 5.384507e-02 wtime: 9.040730e-04
numproj: 49 numback: 25
proj: 1.837227e-01 s (125.357919 GFLOPS) backproj: 9.306384e-02 s (126.263392 GFLOPS) avGFLOPS: 125.662366 totGFLOPS: 502.649464
proj: 465.439580 GB/s back: 433.105740 GB/s av: 454.567983 GB/s tot: 1818.271931 GB/s
Total Time: 3.859276e+00
