NUM. THETA             : 375
NUM. RHO               : 1024
NUM. X PIXELS          : 1024
NUM. Y PIXELS          : 1024

NUM. OF PIXELS         : 1048576
NUM. OF RAYS           : 384000

NUM. ITERATIONS        : 24

SPATIAL TILE SIZE      : 128
SPECTRAL TILE SIZE     : 128

NUMBER OF X TILES      : 8
NUMBER OF Y TILES      : 8
NUM. OF THETA TILES    : 3
NUM. OF RHO TILES      : 8

NUM. SPATIAL TILES     : 64
NUM. SPECTRAL TILES    : 24

NUM. OF X PIXELS (EXT) : 1024
NUM. OF Y PIXELS (EXT) : 1024
NUM. OF ANGLES (EXT)   : 384
NUM. OF RHOS (EXT)     : 1024

NUM. OF PIXELS (EXT)   : 1048576
NUM. OF RAYS (EXT)     : 393216

NUMBER OF PROCESSES    : 4
NUMBER OF THRD./PROC.  : 24

INTEGER: 4, FLOAT: 4, LONG: 8, SHORT: 2, POINTER: 8
APPROX. MEMORY     TOTAL: 8.789062e+00 GB
APPROX. MEMORY PER PROC.: 2.197266e+00 GB

X START       : -5.120000e+02
Y START       : -5.120000e+02
PIXEL SIZE    : 1.000000e+00
RHO START     : -5.120000e+02
RAY LENGTH    : 2.048000e+03

SPATIAL INDEXING       : 5
SPECTRAL INDEXING      : 5
 1: CARTESIAN, NATURAL
 2: CARTESIAN, TRANSPOSED
 3: MORTON, NATURAL
 4: MORTON, TRANSPOSED
PROJECTION BLOCK SIZE      : 512
BACKPROJECTION BLOCK SIZE  : 512
PROJECTION BUFFER SIZE      : 48 KB
BACKPROJECTION BUFFER SIZE  : 48 KB

SINOGRAM FILE : ../../../../datasets/CDS2_sinogram.bin
   THETA FILE : ../../../../datasets/CDS2_theta.bin
  OUTPUT FILE : ../../output/strong_scaling_on_gpu/ip-0A000013/p100.4.24.CDS2.128.128.512.512.48.48.bin


PLACE TILES
lspat 8 lspatdim 8
lspec 8 lspecdim 8
MPI PARTITIONING
proc: 0 numspats: 16 numpixs: 262144 numspecs: 6 numrays: 98304
proc: 1 numspats: 16 numpixs: 262144 numspecs: 6 numrays: 98304
proc: 2 numspats: 16 numpixs: 262144 numspecs: 6 numrays: 98304
proc: 3 numspats: 16 numpixs: 262144 numspecs: 6 numrays: 98304
maxnumpix: 262144 maxnumray: 98304
FILL PIXELS AND RAYS
INPUT THETA DATA
DOMAIN PARTITIONING
myid 1 raynuminc 222911/872944 raynumout 218241/872944
myid 2 raynuminc 222911/872944 raynumout 218231/872944
myid 3 raynuminc 213561/872944 raynumout 218241/872944
myid 0 raynuminc 213561/872944 raynumout 218231/872944

CONSTRUCT PROJECTION MATRIX
CSR STORAGE: 470023301 (3.501946 GB) rownzmax 1023
RAY-TRACING TIME: 1.172571e+00
CONSTRUCT BACKPROJECTION MATRIX
CSR STORAGE: 470023301 (3.501946 GB) rownzmax 546
TRANSPOSITION TIME: 4.775348e-01

BLOCKING PROJECTION MATRIX
NUMBER OF BLOCKS: 1708 BUFFSIZE: 12288
NUMBER OF BUFFERS: 5366 AVERAGE BUFF/BLOCK: 3.141686 MAX BUFF/BLOCK: 7
BUFF MAP: 65937408 (0.245636 GB)
ELLPACK STORAGE: 737109504 (4.118920 GB) buffnzmax: 594 STORAGE EFFICIENCY: 0.956486 DATA REUSE: 8.427031
BLOCKING TIME: 6.910972e-01
BLOCKING BACKPROJECTION MATRIX
NUMBER OF BLOCKS: 2048 BUFFSIZE: 12288
NUMBER OF BUFFERS: 2048 AVERAGE BUFF/BLOCK: 1.000000 MAX BUFF/BLOCK: 1
BUFF MAP: 25165824 (0.093750 GB)
ELLPACK STORAGE: 501363200 (2.801585 GB) buffnzmax: 546 STORAGE EFFICIENCY: 1.406236 DATA REUSE: 21.334652
BLOCKING TIME: 6.738249e-01

FILL PROJECTION MATRIX
TIME: 1.192553e+00
FILL BACKPROJECTION MATRIX
TIME: 1.358022e+00
REDUCTION MAPPINGS
myid: 3 device: 3
myid: 1 device: 1
myid: 2 device: 2
PREPROCESSING TIME: 5.602383e+00
myid: 0 device: 0

Device Count: 4
Device 0 name: -214265840
Computational Capabilities: 6, 0
Maximum global memory size: 17071734784
Maximum constant memory size: 65536
Maximum shared memory size per block: 49152
Maximum block dimensions: 1024x1024x64
Maximum grid dimensions: 2147483647x65535x65535
Maximum threads per block: 1024
Warp size: 32

PROC 3 TOTAL GPU MEMORY: 2.546814 GB
PROC 0 TOTAL GPU MEMORY: 2.561887 GB
INPUT MEASUREMENT DATA
INPUT ENDS
GRADIENT-DESCENT OPTIMIZATION
PROC 1 TOTAL GPU MEMORY: 2.578689 GB
PROC 2 TOTAL GPU MEMORY: 2.584849 GB
iter: 0 error: 5.498394e+04 gradnorm: 1.762642e+10
iter: 1 error: 5.281431e+03 gradnorm: 4.625475e+08
iter: 2 error: 5.295587e+02 gradnorm: 1.815120e+07
iter: 3 error: 2.871581e+02 gradnorm: 8.325885e+06
iter: 4 error: 1.707038e+02 gradnorm: 1.467362e+06
iter: 5 error: 1.122323e+02 gradnorm: 5.837411e+05
iter: 6 error: 7.959934e+01 gradnorm: 6.609144e+05
iter: 7 error: 6.936864e+01 gradnorm: 1.449667e+06
iter: 8 error: 6.023631e+01 gradnorm: 5.284681e+05
iter: 9 error: 4.691653e+01 gradnorm: 2.968467e+05
iter: 10 error: 3.541416e+01 gradnorm: 2.033378e+05
iter: 11 error: 2.726289e+01 gradnorm: 1.415863e+05
iter: 12 error: 2.261641e+01 gradnorm: 2.282097e+05
iter: 13 error: 1.895144e+01 gradnorm: 1.151777e+05
iter: 14 error: 1.588937e+01 gradnorm: 6.495871e+04
iter: 15 error: 1.412271e+01 gradnorm: 2.792976e+05
iter: 16 error: 1.245621e+01 gradnorm: 6.399481e+04
iter: 17 error: 1.094268e+01 gradnorm: 3.783323e+04
iter: 18 error: 9.460485e+00 gradnorm: 2.687164e+04
iter: 19 error: 8.456343e+00 gradnorm: 1.881303e+04
iter: 20 error: 7.654043e+00 gradnorm: 1.004322e+04
iter: 21 error: 7.004518e+00 gradnorm: 7.783410e+03
iter: 22 error: 6.818126e+00 gradnorm: 3.801954e+04
iter: 23 error: 6.526036e+00 gradnorm: 4.423855e+03
iter: 24 error: 6.311168e+00 gradnorm: 9.758719e+03
recon: 1.964447e+00 proj: 1.804645e-01 (1.259865e-01 4.031330e-02 4.201048e-03) backproj: 6.835542e-02 (5.266784e-03 1.856749e-02 4.029213e-02) ctime: 1.703683e+00 wtime: 6.056343e-03
numproj: 49 numback: 25
proj: 5.033755e-01 s (91.506801 GFLOPS) backproj: 1.621285e-01 s (144.953930 GFLOPS) avGFLOPS: 104.527464 totGFLOPS: 418.109856
proj: 456.188110 GB/s back: 479.379361 GB/s av: 461.837908 GB/s tot: 1847.351630 GB/s
Total Time: 9.344296e+00
