NUM. THETA             : 750
NUM. RHO               : 512
NUM. X PIXELS          : 512
NUM. Y PIXELS          : 512

NUM. OF PIXELS         : 262144
NUM. OF RAYS           : 384000

NUM. ITERATIONS        : 24

SPATIAL TILE SIZE      : 128
SPECTRAL TILE SIZE     : 128

NUMBER OF X TILES      : 4
NUMBER OF Y TILES      : 4
NUM. OF THETA TILES    : 6
NUM. OF RHO TILES      : 4

NUM. SPATIAL TILES     : 16
NUM. SPECTRAL TILES    : 24

NUM. OF X PIXELS (EXT) : 512
NUM. OF Y PIXELS (EXT) : 512
NUM. OF ANGLES (EXT)   : 768
NUM. OF RHOS (EXT)     : 512

NUM. OF PIXELS (EXT)   : 262144
NUM. OF RAYS (EXT)     : 393216

NUMBER OF PROCESSES    : 16
NUMBER OF THRD./PROC.  : 6

INTEGER: 4, FLOAT: 4, LONG: 8, SHORT: 2, POINTER: 8
APPROX. MEMORY     TOTAL: 4.394531e+00 GB
APPROX. MEMORY PER PROC.: 2.746582e-01 GB

X START       : -2.560000e+02
Y START       : -2.560000e+02
PIXEL SIZE    : 1.000000e+00
RHO START     : -2.560000e+02
RAY LENGTH    : 1.024000e+03

SPATIAL INDEXING       : 5
SPECTRAL INDEXING      : 5
 1: CARTESIAN, NATURAL
 2: CARTESIAN, TRANSPOSED
 3: MORTON, NATURAL
 4: MORTON, TRANSPOSED
PROJECTION BLOCK SIZE      : 512
BACKPROJECTION BLOCK SIZE  : 512
PROJECTION BUFFER SIZE      : 48 KB
BACKPROJECTION BUFFER SIZE  : 48 KB

SINOGRAM FILE : ../../../../datasets/CDS1_sinogram.bin
   THETA FILE : ../../../../datasets/CDS1_theta.bin
  OUTPUT FILE : ../../output/strong_scaling_on_gpu/ip-0A00000F/p100.16.6.CDS1.128.128.512.512.48.48.bin


PLACE TILES
lspat 4 lspatdim 4
lspec 6 lspecdim 8
MPI PARTITIONING
proc: 0 numspats: 1 numpixs: 16384 numspecs: 2 numrays: 32768
proc: 1 numspats: 1 numpixs: 16384 numspecs: 2 numrays: 32768
proc: 2 numspats: 1 numpixs: 16384 numspecs: 2 numrays: 32768
proc: 3 numspats: 1 numpixs: 16384 numspecs: 2 numrays: 32768
proc: 4 numspats: 1 numpixs: 16384 numspecs: 2 numrays: 32768
proc: 5 numspats: 1 numpixs: 16384 numspecs: 2 numrays: 32768
proc: 6 numspats: 1 numpixs: 16384 numspecs: 2 numrays: 32768
proc: 7 numspats: 1 numpixs: 16384 numspecs: 2 numrays: 32768
proc: 8 numspats: 1 numpixs: 16384 numspecs: 1 numrays: 16384
proc: 9 numspats: 1 numpixs: 16384 numspecs: 1 numrays: 16384
proc: 10 numspats: 1 numpixs: 16384 numspecs: 1 numrays: 16384
proc: 11 numspats: 1 numpixs: 16384 numspecs: 1 numrays: 16384
proc: 12 numspats: 1 numpixs: 16384 numspecs: 1 numrays: 16384
proc: 13 numspats: 1 numpixs: 16384 numspecs: 1 numrays: 16384
proc: 14 numspats: 1 numpixs: 16384 numspecs: 1 numrays: 16384
proc: 15 numspats: 1 numpixs: 16384 numspecs: 1 numrays: 16384
maxnumpix: 16384 maxnumray: 32768
FILL PIXELS AND RAYS
INPUT THETA DATA
DOMAIN PARTITIONING
myid 5 raynuminc 151559/1815123 raynumout 95982/1815123
myid 7 raynuminc 131897/1815123 raynumout 122236/1815123
myid 13 raynuminc 69624/1815123 raynumout 122236/1815123
myid 6 raynuminc 167006/1815123 raynumout 117786/1815123
myid 14 raynuminc 103549/1815123 raynumout 117786/1815123
myid 1 raynuminc 187197/1815123 raynumout 117777/1815123
myid 2 raynuminc 149325/1815123 raynumout 122236/1815123
myid 0 raynuminc 128559/1815123 raynumout 95981/1815123
myid 3 raynuminc 166431/1815123 raynumout 117786/1815123
myid 15 raynuminc 62683/1815123 raynumout 95982/1815123
myid 8 raynuminc 62683/1815123 raynumout 122237/1815123
myid 9 raynuminc 103548/1815123 raynumout 117777/1815123
myid 4 raynuminc 147344/1815123 raynumout 117777/1815123
myid 12 raynuminc 57047/1815123 raynumout 117777/1815123
myid 11 raynuminc 57047/1815123 raynumout 117786/1815123
myid 10 raynuminc 69624/1815123 raynumout 95981/1815123

CONSTRUCT PROJECTION MATRIX
CSR STORAGE: 235011121 (1.750969 GB) rownzmax 255
RAY-TRACING TIME: 1.456920e-01
CONSTRUCT BACKPROJECTION MATRIX
CSR STORAGE: 235011121 (1.750969 GB) rownzmax 1024
TRANSPOSITION TIME: 5.650209e-02

BLOCKING PROJECTION MATRIX
NUMBER OF BLOCKS: 3556 BUFFSIZE: 12288
NUMBER OF BUFFERS: 3556 AVERAGE BUFF/BLOCK: 1.000000 MAX BUFF/BLOCK: 1
BUFF MAP: 43696128 (0.162781 GB)
ELLPACK STORAGE: 298298368 (1.666872 GB) buffnzmax: 255 STORAGE EFFICIENCY: 1.181759 DATA REUSE: 17.299297
BLOCKING TIME: 4.769314e-02
BLOCKING BACKPROJECTION MATRIX
NUMBER OF BLOCKS: 512 BUFFSIZE: 12288
NUMBER OF BUFFERS: 1020 AVERAGE BUFF/BLOCK: 1.992188 MAX BUFF/BLOCK: 2
BUFF MAP: 12533760 (0.046692 GB)
ELLPACK STORAGE: 260354048 (1.454842 GB) buffnzmax: 746 STORAGE EFFICIENCY: 1.353990 DATA REUSE: 21.340651
BLOCKING TIME: 9.664024e-02

FILL PROJECTION MATRIX
TIME: 1.337921e-01
FILL BACKPROJECTION MATRIX
TIME: 1.960829e-01
REDUCTION MAPPINGS
myid: 2 device: 2
myid: 3 device: 3
PREPROCESSING TIME: 6.784372e-01
myid: 0 device: 0
myid: 6 device: 6
myid: 8 device: 8
myid: 1 device: 1
myid: 15 device: 15
myid: 7 device: 7
myid: 11 device: 11
myid: 13 device: 13
myid: 5 device: 5
myid: 9 device: 9
myid: 14 device: 14
myid: 4 device: 4
myid: 10 device: 10
myid: 12 device: 12

Device Count: 4
Device 0 name: 265796544
Computational Capabilities: 6, 0
Maximum global memory size: 17071734784
Maximum constant memory size: 65536
Maximum shared memory size per block: 49152
Maximum block dimensions: 1024x1024x64
Maximum grid dimensions: 2147483647x65535x65535
Maximum threads per block: 1024
Warp size: 32

PROC 3 TOTAL GPU MEMORY: 0.304630 GB
PROC 0 TOTAL GPU MEMORY: 0.251451 GB
INPUT MEASUREMENT DATA
INPUT ENDS
GRADIENT-DESCENT OPTIMIZATION
PROC 14 TOTAL GPU MEMORY: 0.308370 GB
PROC 5 TOTAL GPU MEMORY: 0.250247 GB
PROC 10 TOTAL GPU MEMORY: 0.252070 GB
PROC 15 TOTAL GPU MEMORY: 0.252909 GB
PROC 13 TOTAL GPU MEMORY: 0.312298 GB
PROC 1 TOTAL GPU MEMORY: 0.307989 GB
PROC 9 TOTAL GPU MEMORY: 0.306174 GB
PROC 12 TOTAL GPU MEMORY: 0.305855 GB
PROC 7 TOTAL GPU MEMORY: 0.310082 GB
PROC 2 TOTAL GPU MEMORY: 0.307440 GB
PROC 6 TOTAL GPU MEMORY: 0.306784 GB
PROC 8 TOTAL GPU MEMORY: 0.307960 GB
PROC 4 TOTAL GPU MEMORY: 0.305961 GB
PROC 11 TOTAL GPU MEMORY: 0.303954 GB
iter: 0 error: 4.959038e+04 gradnorm: 1.560966e+10
iter: 1 error: 5.316521e+03 gradnorm: 4.760846e+08
iter: 2 error: 5.074579e+02 gradnorm: 1.604495e+07
iter: 3 error: 2.940091e+02 gradnorm: 8.082354e+06
iter: 4 error: 1.716263e+02 gradnorm: 1.353838e+06
iter: 5 error: 1.154520e+02 gradnorm: 6.253584e+05
iter: 6 error: 8.900581e+01 gradnorm: 6.449234e+05
iter: 7 error: 7.527901e+01 gradnorm: 7.376944e+05
iter: 8 error: 7.073605e+01 gradnorm: 6.654413e+05
iter: 9 error: 5.778109e+01 gradnorm: 2.263380e+05
iter: 10 error: 4.873901e+01 gradnorm: 1.925953e+05
iter: 11 error: 4.173150e+01 gradnorm: 1.106617e+05
iter: 12 error: 3.777309e+01 gradnorm: 1.959569e+05
iter: 13 error: 3.468872e+01 gradnorm: 1.019811e+05
iter: 14 error: 3.148151e+01 gradnorm: 6.470124e+04
iter: 15 error: 3.003282e+01 gradnorm: 2.470092e+05
iter: 16 error: 2.841804e+01 gradnorm: 5.721987e+04
iter: 17 error: 2.682936e+01 gradnorm: 4.560426e+04
iter: 18 error: 2.524042e+01 gradnorm: 2.665449e+04
iter: 19 error: 2.394676e+01 gradnorm: 2.563628e+04
iter: 20 error: 2.288652e+01 gradnorm: 1.506406e+04
iter: 21 error: 2.200984e+01 gradnorm: 2.939595e+04
iter: 22 error: 2.186855e+01 gradnorm: 1.790560e+04
iter: 23 error: 2.120462e+01 gradnorm: 9.393182e+03
iter: 24 error: 2.067617e+01 gradnorm: 8.019223e+03
recon: 1.213506e+00 proj: 6.284718e-01 (1.311130e-02 5.119592e-01 1.015023e-01) backproj: 2.534136e-01 (2.155328e-02 2.237719e-01 7.342176e-03) ctime: 1.962119e-01 wtime: 8.684222e-02
numproj: 49 numback: 25
proj: 5.495359e-01 s (41.910073 GFLOPS) backproj: 2.828230e-01 s (41.547388 GFLOPS) avGFLOPS: 41.786838 totGFLOPS: 668.589412
proj: 175.173561 GB/s back: 142.514882 GB/s av: 164.076635 GB/s tot: 2625.226166 GB/s
Total Time: 2.959844e+00
