NUM. THETA             : 750
NUM. RHO               : 512
NUM. X PIXELS          : 512
NUM. Y PIXELS          : 512

NUM. OF PIXELS         : 262144
NUM. OF RAYS           : 384000

NUM. ITERATIONS        : 24

SPATIAL TILE SIZE      : 64
SPECTRAL TILE SIZE     : 64

NUMBER OF X TILES      : 8
NUMBER OF Y TILES      : 8
NUM. OF THETA TILES    : 12
NUM. OF RHO TILES      : 8

NUM. SPATIAL TILES     : 64
NUM. SPECTRAL TILES    : 96

NUM. OF X PIXELS (EXT) : 512
NUM. OF Y PIXELS (EXT) : 512
NUM. OF ANGLES (EXT)   : 768
NUM. OF RHOS (EXT)     : 512

NUM. OF PIXELS (EXT)   : 262144
NUM. OF RAYS (EXT)     : 393216

NUMBER OF PROCESSES    : 8
NUMBER OF THRD./PROC.  : 24

INTEGER: 4, FLOAT: 4, LONG: 8, SHORT: 2, POINTER: 8
APPROX. MEMORY     TOTAL: 4.394531e+00 GB
APPROX. MEMORY PER PROC.: 5.493164e-01 GB

X START       : -2.560000e+02
Y START       : -2.560000e+02
PIXEL SIZE    : 1.000000e+00
RHO START     : -2.560000e+02
RAY LENGTH    : 1.024000e+03

SPATIAL INDEXING       : 5
SPECTRAL INDEXING      : 5
 1: CARTESIAN, NATURAL
 2: CARTESIAN, TRANSPOSED
 3: MORTON, NATURAL
 4: MORTON, TRANSPOSED
PROJECTION BLOCK SIZE      : 1024
BACKPROJECTION BLOCK SIZE  : 1024
PROJECTION BUFFER SIZE      : 48 KB
BACKPROJECTION BUFFER SIZE  : 48 KB

SINOGRAM FILE : ../../../../datasets/CDS1_sinogram.bin
   THETA FILE : ../../../../datasets/CDS1_theta.bin
  OUTPUT FILE : ../../output/strong_scaling_on_gpu/ip-0A000013/p100.8.24.CDS1.64.64.1024.1024.48.48.bin


PLACE TILES
lspat 8 lspatdim 8
lspec 12 lspecdim 16
MPI PARTITIONING
proc: 0 numspats: 8 numpixs: 32768 numspecs: 12 numrays: 49152
proc: 1 numspats: 8 numpixs: 32768 numspecs: 12 numrays: 49152
proc: 2 numspats: 8 numpixs: 32768 numspecs: 12 numrays: 49152
proc: 3 numspats: 8 numpixs: 32768 numspecs: 12 numrays: 49152
proc: 4 numspats: 8 numpixs: 32768 numspecs: 12 numrays: 49152
proc: 5 numspats: 8 numpixs: 32768 numspecs: 12 numrays: 49152
proc: 6 numspats: 8 numpixs: 32768 numspecs: 12 numrays: 49152
proc: 7 numspats: 8 numpixs: 32768 numspecs: 12 numrays: 49152
maxnumpix: 32768 maxnumray: 49152
FILL PIXELS AND RAYS
INPUT THETA DATA
DOMAIN PARTITIONING
myid 4 raynuminc 148030/1343996 raynumout 178900/1343996
myid 5 raynuminc 162942/1343996 raynumout 157090/1343996
myid 6 raynuminc 139266/1343996 raynumout 178900/1343996
myid 7 raynuminc 170625/1343996 raynumout 157090/1343996
myid 1 raynuminc 174234/1343996 raynumout 178890/1343996
myid 2 raynuminc 192113/1343996 raynumout 157119/1343996
myid 3 raynuminc 186961/1343996 raynumout 178890/1343996
myid 0 raynuminc 169825/1343996 raynumout 157117/1343996

CONSTRUCT PROJECTION MATRIX
CSR STORAGE: 235011227 (1.750970 GB) rownzmax 383
RAY-TRACING TIME: 2.967221e-01
CONSTRUCT BACKPROJECTION MATRIX
CSR STORAGE: 235011227 (1.750970 GB) rownzmax 1042
TRANSPOSITION TIME: 1.404197e-01

BLOCKING PROJECTION MATRIX
NUMBER OF BLOCKS: 1316 BUFFSIZE: 12288
NUMBER OF BUFFERS: 1443 AVERAGE BUFF/BLOCK: 1.096505 MAX BUFF/BLOCK: 2
BUFF MAP: 17731584 (0.066055 GB)
ELLPACK STORAGE: 311476224 (1.740509 GB) buffnzmax: 382 STORAGE EFFICIENCY: 1.131762 DATA REUSE: 23.969637
BLOCKING TIME: 2.033615e-01
BLOCKING BACKPROJECTION MATRIX
NUMBER OF BLOCKS: 256 BUFFSIZE: 12288
NUMBER OF BUFFERS: 728 AVERAGE BUFF/BLOCK: 2.843750 MAX BUFF/BLOCK: 3
BUFF MAP: 8945664 (0.033325 GB)
ELLPACK STORAGE: 279800832 (1.563509 GB) buffnzmax: 619 STORAGE EFFICIENCY: 1.259885 DATA REUSE: 32.022224
BLOCKING TIME: 2.206820e-01

FILL PROJECTION MATRIX
TIME: 3.070416e-01
FILL BACKPROJECTION MATRIX
TIME: 4.372211e-01
REDUCTION MAPPINGS
myid: 4 device: 0
myid: 5 device: 1
myid: 3 device: 3
myid: 7 device: 3
PREPROCESSING TIME: 1.634251e+00
myid: 0 device: 0
myid: 1 device: 1
myid: 6 device: 2
myid: 2 device: 2

Device Count: 4
Device 0 name: 1636561744
Computational Capabilities: 6, 0
Maximum global memory size: 17071734784
Maximum constant memory size: 65536
Maximum shared memory size per block: 49152
Maximum block dimensions: 1024x1024x64
Maximum grid dimensions: 2147483647x65535x65535
Maximum threads per block: 1024
Warp size: 32

PROC 0 TOTAL GPU MEMORY: 0.569624 GB
INPUT MEASUREMENT DATA
PROC 5 TOTAL GPU MEMORY: 0.575588 GB
INPUT ENDS
GRADIENT-DESCENT OPTIMIZATION
PROC 7 TOTAL GPU MEMORY: 0.571386 GB
PROC 1 TOTAL GPU MEMORY: 0.629524 GB
PROC 4 TOTAL GPU MEMORY: 0.639846 GB
PROC 6 TOTAL GPU MEMORY: 0.647678 GB
PROC 2 TOTAL GPU MEMORY: 0.572147 GB
PROC 3 TOTAL GPU MEMORY: 0.631146 GB
iter: 0 error: 4.959038e+04 gradnorm: 1.560967e+10
iter: 1 error: 5.316523e+03 gradnorm: 4.760846e+08
iter: 2 error: 5.074573e+02 gradnorm: 1.604496e+07
iter: 3 error: 2.940083e+02 gradnorm: 8.082356e+06
iter: 4 error: 1.716259e+02 gradnorm: 1.353838e+06
iter: 5 error: 1.154520e+02 gradnorm: 6.254956e+05
iter: 6 error: 8.907979e+01 gradnorm: 6.681446e+05
iter: 7 error: 7.753510e+01 gradnorm: 1.154131e+06
iter: 8 error: 7.136855e+01 gradnorm: 4.913422e+05
iter: 9 error: 5.778232e+01 gradnorm: 2.257827e+05
iter: 10 error: 4.873787e+01 gradnorm: 1.925266e+05
iter: 11 error: 4.172255e+01 gradnorm: 1.097272e+05
iter: 12 error: 3.765163e+01 gradnorm: 1.923662e+05
iter: 13 error: 3.466734e+01 gradnorm: 1.037946e+05
iter: 14 error: 3.153022e+01 gradnorm: 8.066119e+04
iter: 15 error: 3.077062e+01 gradnorm: 1.545906e+05
iter: 16 error: 2.842284e+01 gradnorm: 5.516809e+04
iter: 17 error: 2.682752e+01 gradnorm: 4.561423e+04
iter: 18 error: 2.523976e+01 gradnorm: 2.666032e+04
iter: 19 error: 2.394626e+01 gradnorm: 2.563786e+04
iter: 20 error: 2.288655e+01 gradnorm: 1.523356e+04
iter: 21 error: 2.216369e+01 gradnorm: 6.572159e+04
iter: 22 error: 2.188258e+01 gradnorm: 1.328004e+04
iter: 23 error: 2.120422e+01 gradnorm: 9.389219e+03
iter: 24 error: 2.067762e+01 gradnorm: 8.250220e+03
recon: 2.676397e+00 proj: 4.948834e-01 (2.470730e-02 4.169383e-01 5.025553e-02) backproj: 3.892059e-01 (1.149580e-02 3.623431e-01 1.432560e-02) ctime: 1.698709e+00 wtime: 6.850690e-02
numproj: 49 numback: 25
proj: 2.112997e-01 s (108.997294 GFLOPS) backproj: 1.218426e-01 s (96.440532 GFLOPS) avGFLOPS: 104.404818 totGFLOPS: 835.238544
proj: 449.832066 GB/s back: 351.803928 GB/s av: 413.979522 GB/s tot: 3311.836172 GB/s
Total Time: 5.614954e+00
