NUM. THETA             : 375
NUM. RHO               : 1024
NUM. X PIXELS          : 1024
NUM. Y PIXELS          : 1024

NUM. OF PIXELS         : 1048576
NUM. OF RAYS           : 384000

NUM. ITERATIONS        : 24

SPATIAL TILE SIZE      : 128
SPECTRAL TILE SIZE     : 128

NUMBER OF X TILES      : 8
NUMBER OF Y TILES      : 8
NUM. OF THETA TILES    : 3
NUM. OF RHO TILES      : 8

NUM. SPATIAL TILES     : 64
NUM. SPECTRAL TILES    : 24

NUM. OF X PIXELS (EXT) : 1024
NUM. OF Y PIXELS (EXT) : 1024
NUM. OF ANGLES (EXT)   : 384
NUM. OF RHOS (EXT)     : 1024

NUM. OF PIXELS (EXT)   : 1048576
NUM. OF RAYS (EXT)     : 393216

NUMBER OF PROCESSES    : 4
NUMBER OF THRD./PROC.  : 6

INTEGER: 4, FLOAT: 4, LONG: 8, SHORT: 2, POINTER: 8
APPROX. MEMORY     TOTAL: 8.789062e+00 GB
APPROX. MEMORY PER PROC.: 2.197266e+00 GB

X START       : -5.120000e+02
Y START       : -5.120000e+02
PIXEL SIZE    : 1.000000e+00
RHO START     : -5.120000e+02
RAY LENGTH    : 2.048000e+03

SPATIAL INDEXING       : 5
SPECTRAL INDEXING      : 5
 1: CARTESIAN, NATURAL
 2: CARTESIAN, TRANSPOSED
 3: MORTON, NATURAL
 4: MORTON, TRANSPOSED
PROJECTION BLOCK SIZE      : 512
BACKPROJECTION BLOCK SIZE  : 512
PROJECTION BUFFER SIZE      : 48 KB
BACKPROJECTION BUFFER SIZE  : 48 KB

SINOGRAM FILE : ../../../../datasets/CDS2_sinogram.bin
   THETA FILE : ../../../../datasets/CDS2_theta.bin
  OUTPUT FILE : ../../output/strong_scaling_on_gpu/ip-0A00000F/p100.4.6.CDS2.128.128.512.512.48.48.bin


PLACE TILES
lspat 8 lspatdim 8
lspec 8 lspecdim 8
MPI PARTITIONING
proc: 0 numspats: 16 numpixs: 262144 numspecs: 6 numrays: 98304
proc: 1 numspats: 16 numpixs: 262144 numspecs: 6 numrays: 98304
proc: 2 numspats: 16 numpixs: 262144 numspecs: 6 numrays: 98304
proc: 3 numspats: 16 numpixs: 262144 numspecs: 6 numrays: 98304
maxnumpix: 262144 maxnumray: 98304
FILL PIXELS AND RAYS
INPUT THETA DATA
DOMAIN PARTITIONING
myid 1 raynuminc 232564/872942 raynumout 244471/872942
myid 2 raynuminc 232564/872942 raynumout 192000/872942
myid 3 raynuminc 203907/872942 raynumout 244471/872942
myid 0 raynuminc 203907/872942 raynumout 192000/872942

CONSTRUCT PROJECTION MATRIX
CSR STORAGE: 470024030 (3.501952 GB) rownzmax 1022
RAY-TRACING TIME: 1.217770e+00
CONSTRUCT BACKPROJECTION MATRIX
CSR STORAGE: 470024030 (3.501952 GB) rownzmax 607
TRANSPOSITION TIME: 4.188454e-01

BLOCKING PROJECTION MATRIX
NUMBER OF BLOCKS: 1706 BUFFSIZE: 12288
NUMBER OF BUFFERS: 3811 AVERAGE BUFF/BLOCK: 2.233881 MAX BUFF/BLOCK: 3
BUFF MAP: 46829568 (0.174454 GB)
ELLPACK STORAGE: 611264000 (3.415704 GB) buffnzmax: 667 STORAGE EFFICIENCY: 1.153407 DATA REUSE: 12.791383
BLOCKING TIME: 6.630611e-01
BLOCKING BACKPROJECTION MATRIX
NUMBER OF BLOCKS: 2048 BUFFSIZE: 12288
NUMBER OF BUFFERS: 2048 AVERAGE BUFF/BLOCK: 1.000000 MAX BUFF/BLOCK: 1
BUFF MAP: 25165824 (0.093750 GB)
ELLPACK STORAGE: 499561984 (2.791520 GB) buffnzmax: 607 STORAGE EFFICIENCY: 1.411308 DATA REUSE: 21.334789
BLOCKING TIME: 6.453137e-01

FILL PROJECTION MATRIX
TIME: 1.159177e+00
FILL BACKPROJECTION MATRIX
TIME: 1.379705e+00
REDUCTION MAPPINGS
myid: 3 device: 3
myid: 1 device: 1
myid: 2 device: 2
PREPROCESSING TIME: 5.488585e+00
myid: 0 device: 0

Device Count: 4
Device 0 name: -1398018880
Computational Capabilities: 6, 0
Maximum global memory size: 17071734784
Maximum constant memory size: 65536
Maximum shared memory size per block: 49152
Maximum block dimensions: 1024x1024x64
Maximum grid dimensions: 2147483647x65535x65535
Maximum threads per block: 1024
Warp size: 32

PROC 3 TOTAL GPU MEMORY: 2.514099 GB
PROC 1 TOTAL GPU MEMORY: 2.540706 GB
PROC 2 TOTAL GPU MEMORY: 2.059772 GB
PROC 0 TOTAL GPU MEMORY: 2.060051 GB
INPUT MEASUREMENT DATA
INPUT ENDS
GRADIENT-DESCENT OPTIMIZATION
iter: 0 error: 5.498393e+04 gradnorm: 1.963864e+10
iter: 1 error: 3.375401e+03 gradnorm: 2.933216e+08
iter: 2 error: 1.127914e+03 gradnorm: 5.687502e+07
iter: 3 error: 4.702543e+02 gradnorm: 1.895870e+07
iter: 4 error: 3.071300e+02 gradnorm: 8.957458e+06
iter: 5 error: 2.100905e+02 gradnorm: 2.580059e+06
iter: 6 error: 1.482715e+02 gradnorm: 1.226423e+06
iter: 7 error: 1.195578e+02 gradnorm: 1.069880e+06
iter: 8 error: 1.000951e+02 gradnorm: 1.235538e+06
iter: 9 error: 9.297836e+01 gradnorm: 1.026103e+06
iter: 10 error: 7.639914e+01 gradnorm: 4.574090e+05
iter: 11 error: 6.296143e+01 gradnorm: 3.333262e+05
iter: 12 error: 5.228017e+01 gradnorm: 2.623877e+05
iter: 13 error: 4.622760e+01 gradnorm: 2.826433e+05
iter: 14 error: 4.084196e+01 gradnorm: 2.407708e+05
iter: 15 error: 3.865154e+01 gradnorm: 1.798888e+05
iter: 16 error: 3.398102e+01 gradnorm: 1.743324e+05
iter: 17 error: 3.289066e+01 gradnorm: 1.835342e+05
iter: 18 error: 3.026806e+01 gradnorm: 8.007867e+04
iter: 19 error: 2.754663e+01 gradnorm: 6.724600e+04
iter: 20 error: 2.643030e+01 gradnorm: 6.713011e+04
iter: 21 error: 2.498311e+01 gradnorm: 5.015542e+04
iter: 22 error: 2.404315e+01 gradnorm: 3.810955e+04
iter: 23 error: 2.319634e+01 gradnorm: 2.578547e+04
iter: 24 error: 2.251095e+01 gradnorm: 6.776176e+04
recon: 2.655728e-01 proj: 1.638273e-01 (8.728320e-02 5.750377e-02 4.297710e-03) backproj: 6.192158e-02 (2.440948e-03 1.918199e-02 3.775267e-02) ctime: 3.919016e-02 wtime: 4.660840e-04
numproj: 49 numback: 25
proj: 4.022606e-01 s (114.508748 GFLOPS) backproj: 1.609156e-01 s (146.046743 GFLOPS) avGFLOPS: 123.520059 totGFLOPS: 494.080237
proj: 469.571773 GB/s back: 481.313636 GB/s av: 472.926760 GB/s tot: 1891.707041 GB/s
Total Time: 7.140116e+00
