NUM. THETA             : 375
NUM. RHO               : 1024
NUM. X PIXELS          : 1024
NUM. Y PIXELS          : 1024

NUM. OF PIXELS         : 1048576
NUM. OF RAYS           : 384000

NUM. ITERATIONS        : 24

SPATIAL TILE SIZE      : 128
SPECTRAL TILE SIZE     : 128

NUMBER OF X TILES      : 8
NUMBER OF Y TILES      : 8
NUM. OF THETA TILES    : 3
NUM. OF RHO TILES      : 8

NUM. SPATIAL TILES     : 64
NUM. SPECTRAL TILES    : 24

NUM. OF X PIXELS (EXT) : 1024
NUM. OF Y PIXELS (EXT) : 1024
NUM. OF ANGLES (EXT)   : 384
NUM. OF RHOS (EXT)     : 1024

NUM. OF PIXELS (EXT)   : 1048576
NUM. OF RAYS (EXT)     : 393216

NUMBER OF PROCESSES    : 16
NUMBER OF THRD./PROC.  : 6

INTEGER: 4, FLOAT: 4, LONG: 8, SHORT: 2, POINTER: 8
APPROX. MEMORY     TOTAL: 8.789062e+00 GB
APPROX. MEMORY PER PROC.: 5.493164e-01 GB

X START       : -5.120000e+02
Y START       : -5.120000e+02
PIXEL SIZE    : 1.000000e+00
RHO START     : -5.120000e+02
RAY LENGTH    : 2.048000e+03

SPATIAL INDEXING       : 5
SPECTRAL INDEXING      : 5
 1: CARTESIAN, NATURAL
 2: CARTESIAN, TRANSPOSED
 3: MORTON, NATURAL
 4: MORTON, TRANSPOSED
PROJECTION BLOCK SIZE      : 512
BACKPROJECTION BLOCK SIZE  : 512
PROJECTION BUFFER SIZE      : 48 KB
BACKPROJECTION BUFFER SIZE  : 48 KB

SINOGRAM FILE : ../../../../datasets/CDS2_sinogram.bin
   THETA FILE : ../../../../datasets/CDS2_theta.bin
  OUTPUT FILE : ../../output/strong_scaling_on_gpu/ip-0A00000F/p100.16.6.CDS2.128.128.512.512.48.48.bin


PLACE TILES
lspat 8 lspatdim 8
lspec 8 lspecdim 8
MPI PARTITIONING
proc: 0 numspats: 4 numpixs: 65536 numspecs: 2 numrays: 32768
proc: 1 numspats: 4 numpixs: 65536 numspecs: 2 numrays: 32768
proc: 2 numspats: 4 numpixs: 65536 numspecs: 2 numrays: 32768
proc: 3 numspats: 4 numpixs: 65536 numspecs: 2 numrays: 32768
proc: 4 numspats: 4 numpixs: 65536 numspecs: 2 numrays: 32768
proc: 5 numspats: 4 numpixs: 65536 numspecs: 2 numrays: 32768
proc: 6 numspats: 4 numpixs: 65536 numspecs: 2 numrays: 32768
proc: 7 numspats: 4 numpixs: 65536 numspecs: 2 numrays: 32768
proc: 8 numspats: 4 numpixs: 65536 numspecs: 1 numrays: 16384
proc: 9 numspats: 4 numpixs: 65536 numspecs: 1 numrays: 16384
proc: 10 numspats: 4 numpixs: 65536 numspecs: 1 numrays: 16384
proc: 11 numspats: 4 numpixs: 65536 numspecs: 1 numrays: 16384
proc: 12 numspats: 4 numpixs: 65536 numspecs: 1 numrays: 16384
proc: 13 numspats: 4 numpixs: 65536 numspecs: 1 numrays: 16384
proc: 14 numspats: 4 numpixs: 65536 numspecs: 1 numrays: 16384
proc: 15 numspats: 4 numpixs: 65536 numspecs: 1 numrays: 16384
maxnumpix: 65536 maxnumray: 32768
FILL PIXELS AND RAYS
INPUT THETA DATA
DOMAIN PARTITIONING
myid 15 raynuminc 55464/1815274 raynumout 122240/1815274
myid 7 raynuminc 152984/1815274 raynumout 122218/1815274
myid 4 raynuminc 152984/1815274 raynumout 122227/1815274
myid 6 raynuminc 123058/1815274 raynumout 122244/1815274
myid 9 raynuminc 110670/1815274 raynumout 113362/1815274
myid 8 raynuminc 96983/1815274 raynumout 122231/1815274
myid 10 raynuminc 84016/1815274 raynumout 69769/1815274
myid 12 raynuminc 76464/1815274 raynumout 122227/1815274
myid 14 raynuminc 51232/1815274 raynumout 122244/1815274
myid 13 raynuminc 73998/1815274 raynumout 122218/1815274
myid 11 raynuminc 82768/1815274 raynumout 113346/1815274
myid 1 raynuminc 150462/1815274 raynumout 113362/1815274
myid 2 raynuminc 166784/1815274 raynumout 122231/1815274
myid 3 raynuminc 207653/1815274 raynumout 113346/1815274
myid 5 raynuminc 123058/1815274 raynumout 122240/1815274
myid 0 raynuminc 106696/1815274 raynumout 69769/1815274

CONSTRUCT PROJECTION MATRIX
CSR STORAGE: 470024030 (3.501952 GB) rownzmax 447
RAY-TRACING TIME: 3.110141e-01
CONSTRUCT BACKPROJECTION MATRIX
CSR STORAGE: 470024030 (3.501952 GB) rownzmax 516
TRANSPOSITION TIME: 1.026733e-01

BLOCKING PROJECTION MATRIX
NUMBER OF BLOCKS: 3552 BUFFSIZE: 12288
NUMBER OF BUFFERS: 4812 AVERAGE BUFF/BLOCK: 1.354730 MAX BUFF/BLOCK: 2
BUFF MAP: 59129856 (0.220276 GB)
ELLPACK STORAGE: 612048384 (3.420087 GB) buffnzmax: 447 STORAGE EFFICIENCY: 1.151929 DATA REUSE: 12.874705
BLOCKING TIME: 1.434509e-01
BLOCKING BACKPROJECTION MATRIX
NUMBER OF BLOCKS: 2048 BUFFSIZE: 12288
NUMBER OF BUFFERS: 2048 AVERAGE BUFF/BLOCK: 1.000000 MAX BUFF/BLOCK: 1
BUFF MAP: 25165824 (0.093750 GB)
ELLPACK STORAGE: 499561984 (2.791520 GB) buffnzmax: 516 STORAGE EFFICIENCY: 1.411308 DATA REUSE: 21.334789
BLOCKING TIME: 1.783830e-01

FILL PROJECTION MATRIX
TIME: 2.891737e-01
FILL BACKPROJECTION MATRIX
TIME: 3.510263e-01
REDUCTION MAPPINGS
myid: 3 device: 3
myid: 2 device: 2
PREPROCESSING TIME: 1.379172e+00
myid: 0 device: 0
myid: 1 device: 1
myid: 9 device: 9
myid: 8 device: 8
myid: 11 device: 11
myid: 7 device: 7
myid: 10 device: 10
myid: 15 device: 15
myid: 6 device: 6
myid: 12 device: 12
myid: 4 device: 4
myid: 13 device: 13
myid: 5 device: 5
myid: 14 device: 14

Device Count: 4
Device 0 name: 2066023968
Computational Capabilities: 6, 0
Maximum global memory size: 17071734784
Maximum constant memory size: 65536
Maximum shared memory size per block: 49152
Maximum block dimensions: 1024x1024x64
Maximum grid dimensions: 2147483647x65535x65535
Maximum threads per block: 1024
Warp size: 32

PROC 0 TOTAL GPU MEMORY: 0.358665 GB
INPUT MEASUREMENT DATA
INPUT ENDS
GRADIENT-DESCENT OPTIMIZATION
PROC 2 TOTAL GPU MEMORY: 0.571272 GB
PROC 10 TOTAL GPU MEMORY: 0.360508 GB
PROC 1 TOTAL GPU MEMORY: 0.590384 GB
PROC 3 TOTAL GPU MEMORY: 0.578285 GB
PROC 4 TOTAL GPU MEMORY: 0.634203 GB
PROC 8 TOTAL GPU MEMORY: 0.571153 GB
PROC 11 TOTAL GPU MEMORY: 0.584400 GB
PROC 7 TOTAL GPU MEMORY: 0.581004 GB
PROC 9 TOTAL GPU MEMORY: 0.591465 GB
PROC 13 TOTAL GPU MEMORY: 0.588815 GB
PROC 12 TOTAL GPU MEMORY: 0.618794 GB
PROC 14 TOTAL GPU MEMORY: 0.626773 GB
PROC 15 TOTAL GPU MEMORY: 0.666185 GB
PROC 6 TOTAL GPU MEMORY: 0.637714 GB
PROC 5 TOTAL GPU MEMORY: 0.670494 GB
iter: 0 error: 5.498395e+04 gradnorm: 1.963864e+10
iter: 1 error: 3.375405e+03 gradnorm: 2.933220e+08
iter: 2 error: 1.127914e+03 gradnorm: 5.687492e+07
iter: 3 error: 4.702546e+02 gradnorm: 1.895871e+07
iter: 4 error: 3.071304e+02 gradnorm: 8.957506e+06
iter: 5 error: 2.100909e+02 gradnorm: 2.580062e+06
iter: 6 error: 1.482708e+02 gradnorm: 1.226072e+06
iter: 7 error: 1.194996e+02 gradnorm: 1.052033e+06
iter: 8 error: 9.822106e+01 gradnorm: 7.208896e+05
iter: 9 error: 8.408969e+01 gradnorm: 1.628210e+06
iter: 10 error: 7.622604e+01 gradnorm: 5.113523e+05
iter: 11 error: 6.296036e+01 gradnorm: 3.336156e+05
iter: 12 error: 5.227480e+01 gradnorm: 2.613777e+05
iter: 13 error: 4.613995e+01 gradnorm: 2.711187e+05
iter: 14 error: 4.012170e+01 gradnorm: 1.292259e+05
iter: 15 error: 3.498386e+01 gradnorm: 1.446966e+05
iter: 16 error: 3.279737e+01 gradnorm: 2.188653e+05
iter: 17 error: 3.095968e+01 gradnorm: 1.408926e+05
iter: 18 error: 2.997746e+01 gradnorm: 1.391814e+05
iter: 19 error: 2.744860e+01 gradnorm: 5.634583e+04
iter: 20 error: 2.606157e+01 gradnorm: 6.302302e+04
iter: 21 error: 2.465599e+01 gradnorm: 3.845028e+04
iter: 22 error: 2.361539e+01 gradnorm: 3.252031e+04
iter: 23 error: 2.304850e+01 gradnorm: 3.725172e+04
iter: 24 error: 2.230849e+01 gradnorm: 1.735332e+04
recon: 1.570568e+00 proj: 8.858656e-01 (1.709712e-02 7.739055e-01 9.154244e-02) backproj: 3.439809e-01 (2.155264e-02 3.133939e-01 7.867616e-03) ctime: 2.153572e-01 wtime: 6.882562e-02
numproj: 49 numback: 25
proj: 9.855558e-01 s (46.737439 GFLOPS) backproj: 4.293972e-01 s (54.730680 GFLOPS) avGFLOPS: 49.163156 totGFLOPS: 786.610498
proj: 194.338743 GB/s back: 180.371174 GB/s av: 190.099991 GB/s tot: 3041.599851 GB/s
Total Time: 4.153246e+00
