NUM. THETA             : 750
NUM. RHO               : 512
NUM. X PIXELS          : 512
NUM. Y PIXELS          : 512

NUM. OF PIXELS         : 262144
NUM. OF RAYS           : 384000

NUM. ITERATIONS        : 24

SPATIAL TILE SIZE      : 128
SPECTRAL TILE SIZE     : 128

NUMBER OF X TILES      : 4
NUMBER OF Y TILES      : 4
NUM. OF THETA TILES    : 6
NUM. OF RHO TILES      : 4

NUM. SPATIAL TILES     : 16
NUM. SPECTRAL TILES    : 24

NUM. OF X PIXELS (EXT) : 512
NUM. OF Y PIXELS (EXT) : 512
NUM. OF ANGLES (EXT)   : 768
NUM. OF RHOS (EXT)     : 512

NUM. OF PIXELS (EXT)   : 262144
NUM. OF RAYS (EXT)     : 393216

NUMBER OF PROCESSES    : 1
NUMBER OF THRD./PROC.  : 1

INTEGER: 4, FLOAT: 4, LONG: 8, SHORT: 2, POINTER: 8
APPROX. MEMORY     TOTAL: 4.394531e+00 GB
APPROX. MEMORY PER PROC.: 4.394531e+00 GB

X START       : -2.560000e+02
Y START       : -2.560000e+02
PIXEL SIZE    : 1.000000e+00
RHO START     : -2.560000e+02
RAY LENGTH    : 1.024000e+03

SPATIAL INDEXING       : 5
SPECTRAL INDEXING      : 5
 1: CARTESIAN, NATURAL
 2: CARTESIAN, TRANSPOSED
 3: MORTON, NATURAL
 4: MORTON, TRANSPOSED
PROJECTION BLOCK SIZE      : 1
BACKPROJECTION BLOCK SIZE  : 1
PROJECTION BUFFER SIZE      : 3 KB
BACKPROJECTION BUFFER SIZE  : 3 KB

SINOGRAM FILE : ./datasets/ADS2_sinogram.bin
   THETA FILE : ./datasets/ADS2_theta.bin
  OUTPUT FILE : ./recon.ADS2.bin


PLACE TILES
lspat 4 lspatdim 4
lspec 6 lspecdim 8
MPI PARTITIONING
proc: 0 numspats: 16 numpixs: 262144 numspecs: 24 numrays: 393216
maxnumpix: 262144 maxnumray: 393216
FILL PIXELS AND RAYS
INPUT THETA DATA
DOMAIN PARTITIONING
myid 0 raynuminc 384000/384000 raynumout 384000/384000

CONSTRUCT PROJECTION MATRIX
CSR STORAGE: 235012144 (1.750977 GB) rownzmax 1022
RAY-TRACING TIME: 1.334280e+01
CONSTRUCT BACKPROJECTION MATRIX
CSR STORAGE: 235012144 (1.750977 GB) rownzmax 1092
TRANSPOSITION TIME: 2.694093e+00

BLOCKING PROJECTION MATRIX
NUMBER OF BLOCKS: 384000 BUFFSIZE: 768
NUMBER OF BUFFERS: 444414 AVERAGE BUFF/BLOCK: 1.157328 MAX BUFF/BLOCK: 2
BUFF MAP: 341309952 (1.271479 GB)
ELLPACK STORAGE: 235012144 (1.313233 GB) buffnzmax: 768 STORAGE EFFICIENCY: 1.500000 DATA REUSE: 1.000000
BLOCKING TIME: 2.029964e+02
BLOCKING BACKPROJECTION MATRIX
NUMBER OF BLOCKS: 262144 BUFFSIZE: 768
NUMBER OF BUFFERS: 481988 AVERAGE BUFF/BLOCK: 1.838638 MAX BUFF/BLOCK: 2
BUFF MAP: 370166784 (1.378979 GB)
ELLPACK STORAGE: 235012144 (1.313233 GB) buffnzmax: 768 STORAGE EFFICIENCY: 1.500000 DATA REUSE: 1.000000
BLOCKING TIME: 2.065569e+02

FILL PROJECTION MATRIX
TIME: 1.031962e+01
FILL BACKPROJECTION MATRIX
TIME: 1.365609e+01
REDUCTION MAPPINGS
PREPROCESSING TIME: 4.495680e+02
myid: 0 device: 0

Device Count: 1
Device 0 name: 162107040
Computational Capabilities: 7, 0
Maximum global memory size: 16945512448
Maximum constant memory size: 65536
Maximum shared memory size per block: 49152
Maximum block dimensions: 1024x1024x64
Maximum grid dimensions: 2147483647x65535x65535
Maximum threads per block: 1024
Warp size: 32

PROC 0 TOTAL GPU MEMORY: 6.612391 GB
INPUT MEASUREMENT DATA
INPUT ENDS
GRADIENT-DESCENT OPTIMIZATION
iter: 0 error: 1.926915e+09 gradnorm: 4.060025e+14
iter: 1 error: 6.126889e+08 gradnorm: 5.319063e+13
iter: 2 error: 1.166408e+08 gradnorm: 6.856262e+12
iter: 3 error: 3.920062e+07 gradnorm: 1.622457e+12
iter: 4 error: 1.373126e+07 gradnorm: 3.566035e+11
iter: 5 error: 5.040228e+06 gradnorm: 8.994457e+10
iter: 6 error: 2.529178e+06 gradnorm: 7.913057e+10
iter: 7 error: 2.073469e+06 gradnorm: 6.061298e+10
iter: 8 error: 1.328400e+06 gradnorm: 2.007353e+10
iter: 9 error: 7.720582e+05 gradnorm: 9.767319e+09
iter: 10 error: 4.310787e+05 gradnorm: 3.391382e+09
iter: 11 error: 2.956099e+05 gradnorm: 4.484547e+09
iter: 12 error: 2.347598e+05 gradnorm: 2.899116e+09
iter: 13 error: 1.984290e+05 gradnorm: 5.991216e+09
iter: 14 error: 1.524922e+05 gradnorm: 1.483160e+09
iter: 15 error: 1.086192e+05 gradnorm: 6.378264e+08
iter: 16 error: 7.731962e+04 gradnorm: 4.422114e+08
iter: 17 error: 5.541167e+04 gradnorm: 7.059678e+08
iter: 18 error: 5.192248e+04 gradnorm: 4.519350e+08
iter: 19 error: 3.915881e+04 gradnorm: 2.219809e+08
iter: 20 error: 3.130375e+04 gradnorm: 2.719404e+08
iter: 21 error: 2.713095e+04 gradnorm: 1.557399e+08
iter: 22 error: 2.275729e+04 gradnorm: 2.138819e+08
iter: 23 error: 1.993372e+04 gradnorm: 3.927370e+08
iter: 24 error: 1.757837e+04 gradnorm: 7.638040e+07
recon: 2.436540e+00 proj: 1.547786e+00 (1.513184e+00 2.226705e-02 7.077452e-03) backproj: 8.359732e-01 (3.802694e-03 1.108813e-02 8.185422e-01) ctime: 5.267299e-02 wtime: 7.699197e-05
numproj: 49 numback: 25
proj: 1.513184e+00 s (15.220352 GFLOPS) backproj: 8.185422e-01 s (14.355530 GFLOPS) avGFLOPS: 14.916760 totGFLOPS: 14.916760
proj: 89.870328 GB/s back: 88.289278 GB/s av: 89.315307 GB/s tot: 89.315307 GB/s
Total Time: 4.540673e+02
