NUM. THETA             : 750
NUM. RHO               : 512
NUM. X PIXELS          : 512
NUM. Y PIXELS          : 512

NUM. OF PIXELS         : 262144
NUM. OF RAYS           : 384000

NUM. ITERATIONS        : 24

SPATIAL TILE SIZE      : 128
SPECTRAL TILE SIZE     : 128

NUMBER OF X TILES      : 4
NUMBER OF Y TILES      : 4
NUM. OF THETA TILES    : 6
NUM. OF RHO TILES      : 4

NUM. SPATIAL TILES     : 16
NUM. SPECTRAL TILES    : 24

NUM. OF X PIXELS (EXT) : 512
NUM. OF Y PIXELS (EXT) : 512
NUM. OF ANGLES (EXT)   : 768
NUM. OF RHOS (EXT)     : 512

NUM. OF PIXELS (EXT)   : 262144
NUM. OF RAYS (EXT)     : 393216

NUMBER OF PROCESSES    : 1
NUMBER OF THRD./PROC.  : 1

INTEGER: 4, FLOAT: 4, LONG: 8, SHORT: 2, POINTER: 8
APPROX. MEMORY     TOTAL: 4.394531e+00 GB
APPROX. MEMORY PER PROC.: 4.394531e+00 GB

X START       : -2.560000e+02
Y START       : -2.560000e+02
PIXEL SIZE    : 1.000000e+00
RHO START     : -2.560000e+02
RAY LENGTH    : 1.024000e+03

SPATIAL INDEXING       : 5
SPECTRAL INDEXING      : 5
 1: CARTESIAN, NATURAL
 2: CARTESIAN, TRANSPOSED
 3: MORTON, NATURAL
 4: MORTON, TRANSPOSED
PROJECTION BLOCK SIZE      : 1
BACKPROJECTION BLOCK SIZE  : 1
PROJECTION BUFFER SIZE      : 1 KB
BACKPROJECTION BUFFER SIZE  : 1 KB

SINOGRAM FILE : ./datasets/ADS2_sinogram.bin
   THETA FILE : ./datasets/ADS2_theta.bin
  OUTPUT FILE : ./recon.ADS2.bin


PLACE TILES
lspat 4 lspatdim 4
lspec 6 lspecdim 8
MPI PARTITIONING
proc: 0 numspats: 16 numpixs: 262144 numspecs: 24 numrays: 393216
maxnumpix: 262144 maxnumray: 393216
FILL PIXELS AND RAYS
INPUT THETA DATA
DOMAIN PARTITIONING
myid 0 raynuminc 384000/384000 raynumout 384000/384000

CONSTRUCT PROJECTION MATRIX
CSR STORAGE: 235012144 (1.750977 GB) rownzmax 1022
RAY-TRACING TIME: 1.333964e+01
CONSTRUCT BACKPROJECTION MATRIX
CSR STORAGE: 235012144 (1.750977 GB) rownzmax 1092
TRANSPOSITION TIME: 2.693500e+00

BLOCKING PROJECTION MATRIX
NUMBER OF BLOCKS: 384000 BUFFSIZE: 256
NUMBER OF BUFFERS: 1131966 AVERAGE BUFF/BLOCK: 2.947828 MAX BUFF/BLOCK: 4
BUFF MAP: 289783296 (1.079527 GB)
ELLPACK STORAGE: 235012144 (1.313233 GB) buffnzmax: 256 STORAGE EFFICIENCY: 1.500000 DATA REUSE: 1.000000
BLOCKING TIME: 2.028363e+02
BLOCKING BACKPROJECTION MATRIX
NUMBER OF BLOCKS: 262144 BUFFSIZE: 256
NUMBER OF BUFFERS: 1004083 AVERAGE BUFF/BLOCK: 3.830273 MAX BUFF/BLOCK: 5
BUFF MAP: 257045248 (0.957568 GB)
ELLPACK STORAGE: 235012144 (1.313233 GB) buffnzmax: 256 STORAGE EFFICIENCY: 1.500000 DATA REUSE: 1.000000
BLOCKING TIME: 2.057854e+02

FILL PROJECTION MATRIX
TIME: 1.034850e+01
FILL BACKPROJECTION MATRIX
TIME: 1.366147e+01
REDUCTION MAPPINGS
PREPROCESSING TIME: 4.486674e+02
myid: 0 device: 0

Device Count: 1
Device 0 name: 662536944
Computational Capabilities: 7, 0
Maximum global memory size: 16945512448
Maximum constant memory size: 65536
Maximum shared memory size per block: 49152
Maximum block dimensions: 1024x1024x64
Maximum grid dimensions: 2147483647x65535x65535
Maximum threads per block: 1024
Warp size: 32

PROC 0 TOTAL GPU MEMORY: 5.958637 GB
INPUT MEASUREMENT DATA
INPUT ENDS
GRADIENT-DESCENT OPTIMIZATION
iter: 0 error: 1.926915e+09 gradnorm: 4.060025e+14
iter: 1 error: 6.126890e+08 gradnorm: 5.319059e+13
iter: 2 error: 1.166408e+08 gradnorm: 6.856256e+12
iter: 3 error: 3.920060e+07 gradnorm: 1.622456e+12
iter: 4 error: 1.373126e+07 gradnorm: 3.566030e+11
iter: 5 error: 5.040228e+06 gradnorm: 8.994406e+10
iter: 6 error: 2.529106e+06 gradnorm: 7.910998e+10
iter: 7 error: 2.073414e+06 gradnorm: 6.062498e+10
iter: 8 error: 1.328398e+06 gradnorm: 2.007384e+10
iter: 9 error: 7.720559e+05 gradnorm: 9.767245e+09
iter: 10 error: 4.310724e+05 gradnorm: 3.390770e+09
iter: 11 error: 2.956313e+05 gradnorm: 4.532508e+09
iter: 12 error: 2.370797e+05 gradnorm: 3.447949e+09
iter: 13 error: 2.080585e+05 gradnorm: 4.718521e+09
iter: 14 error: 1.525742e+05 gradnorm: 1.457094e+09
iter: 15 error: 1.086192e+05 gradnorm: 6.377493e+08
iter: 16 error: 7.732573e+04 gradnorm: 4.438066e+08
iter: 17 error: 5.659803e+04 gradnorm: 1.037006e+09
iter: 18 error: 5.218268e+04 gradnorm: 3.754439e+08
iter: 19 error: 3.923843e+04 gradnorm: 2.297815e+08
iter: 20 error: 3.207537e+04 gradnorm: 3.080783e+08
iter: 21 error: 2.735418e+04 gradnorm: 1.477216e+08
iter: 22 error: 2.284908e+04 gradnorm: 1.845095e+08
iter: 23 error: 1.802678e+04 gradnorm: 7.455973e+07
iter: 24 error: 1.469806e+04 gradnorm: 1.377285e+08
recon: 2.044806e+00 proj: 1.351191e+00 (1.316966e+00 2.188881e-02 7.060647e-03) backproj: 6.421145e-01 (3.786942e-03 1.108071e-02 6.247420e-01) ctime: 5.145170e-02 wtime: 2.186839e-05
numproj: 49 numback: 25
proj: 1.316966e+00 s (17.488069 GFLOPS) backproj: 6.247420e-01 s (18.808735 GFLOPS) avGFLOPS: 17.912992 totGFLOPS: 17.912992
proj: 95.591769 GB/s back: 97.570428 GB/s av: 96.228400 GB/s tot: 96.228400 GB/s
Total Time: 4.526895e+02
