NUM. THETA             : 750
NUM. RHO               : 512
NUM. X PIXELS          : 512
NUM. Y PIXELS          : 512

NUM. OF PIXELS         : 262144
NUM. OF RAYS           : 384000

NUM. ITERATIONS        : 24

SPATIAL TILE SIZE      : 128
SPECTRAL TILE SIZE     : 128

NUMBER OF X TILES      : 4
NUMBER OF Y TILES      : 4
NUM. OF THETA TILES    : 6
NUM. OF RHO TILES      : 4

NUM. SPATIAL TILES     : 16
NUM. SPECTRAL TILES    : 24

NUM. OF X PIXELS (EXT) : 512
NUM. OF Y PIXELS (EXT) : 512
NUM. OF ANGLES (EXT)   : 768
NUM. OF RHOS (EXT)     : 512

NUM. OF PIXELS (EXT)   : 262144
NUM. OF RAYS (EXT)     : 393216

NUMBER OF PROCESSES    : 1
NUMBER OF THRD./PROC.  : 1

INTEGER: 4, FLOAT: 4, LONG: 8, SHORT: 2, POINTER: 8
APPROX. MEMORY     TOTAL: 4.394531e+00 GB
APPROX. MEMORY PER PROC.: 4.394531e+00 GB

X START       : -2.560000e+02
Y START       : -2.560000e+02
PIXEL SIZE    : 1.000000e+00
RHO START     : -2.560000e+02
RAY LENGTH    : 1.024000e+03

SPATIAL INDEXING       : 5
SPECTRAL INDEXING      : 5
 1: CARTESIAN, NATURAL
 2: CARTESIAN, TRANSPOSED
 3: MORTON, NATURAL
 4: MORTON, TRANSPOSED
PROJECTION BLOCK SIZE      : 1
BACKPROJECTION BLOCK SIZE  : 1
PROJECTION BUFFER SIZE      : 9 KB
BACKPROJECTION BUFFER SIZE  : 9 KB

SINOGRAM FILE : ./datasets/ADS2_sinogram.bin
   THETA FILE : ./datasets/ADS2_theta.bin
  OUTPUT FILE : ./recon.ADS2.bin


PLACE TILES
lspat 4 lspatdim 4
lspec 6 lspecdim 8
MPI PARTITIONING
proc: 0 numspats: 16 numpixs: 262144 numspecs: 24 numrays: 393216
maxnumpix: 262144 maxnumray: 393216
FILL PIXELS AND RAYS
INPUT THETA DATA
DOMAIN PARTITIONING
myid 0 raynuminc 384000/384000 raynumout 384000/384000

CONSTRUCT PROJECTION MATRIX
CSR STORAGE: 235012144 (1.750977 GB) rownzmax 1022
RAY-TRACING TIME: 1.334361e+01
CONSTRUCT BACKPROJECTION MATRIX
CSR STORAGE: 235012144 (1.750977 GB) rownzmax 1092
TRANSPOSITION TIME: 2.698176e+00

BLOCKING PROJECTION MATRIX
NUMBER OF BLOCKS: 384000 BUFFSIZE: 2304
NUMBER OF BUFFERS: 384000 AVERAGE BUFF/BLOCK: 1.000000 MAX BUFF/BLOCK: 1
BUFF MAP: 884736000 (3.295898 GB)
ELLPACK STORAGE: 235012144 (1.313233 GB) buffnzmax: 1022 STORAGE EFFICIENCY: 1.500000 DATA REUSE: 1.000000
BLOCKING TIME: 2.041964e+02
BLOCKING BACKPROJECTION MATRIX
NUMBER OF BLOCKS: 262144 BUFFSIZE: 2304
NUMBER OF BUFFERS: 262144 AVERAGE BUFF/BLOCK: 1.000000 MAX BUFF/BLOCK: 1
BUFF MAP: 603979776 (2.250000 GB)
ELLPACK STORAGE: 235012144 (1.313233 GB) buffnzmax: 1092 STORAGE EFFICIENCY: 1.500000 DATA REUSE: 1.000000
BLOCKING TIME: 2.063867e+02

FILL PROJECTION MATRIX
TIME: 1.036349e+01
FILL BACKPROJECTION MATRIX
TIME: 1.366820e+01
REDUCTION MAPPINGS
PREPROCESSING TIME: 4.506586e+02
myid: 0 device: 0

Device Count: 1
Device 0 name: 1805435952
Computational Capabilities: 7, 0
Maximum global memory size: 16945512448
Maximum constant memory size: 65536
Maximum shared memory size per block: 49152
Maximum block dimensions: 1024x1024x64
Maximum grid dimensions: 2147483647x65535x65535
Maximum threads per block: 1024
Warp size: 32

PROC 0 TOTAL GPU MEMORY: 9.720226 GB
INPUT MEASUREMENT DATA
INPUT ENDS
GRADIENT-DESCENT OPTIMIZATION
iter: 0 error: 1.926915e+09 gradnorm: 4.060025e+14
iter: 1 error: 6.126890e+08 gradnorm: 5.319067e+13
iter: 2 error: 1.166408e+08 gradnorm: 6.856259e+12
iter: 3 error: 3.920061e+07 gradnorm: 1.622456e+12
iter: 4 error: 1.373126e+07 gradnorm: 3.566034e+11
iter: 5 error: 5.040234e+06 gradnorm: 8.994494e+10
iter: 6 error: 2.529259e+06 gradnorm: 7.915269e+10
iter: 7 error: 2.073534e+06 gradnorm: 6.060200e+10
iter: 8 error: 1.328401e+06 gradnorm: 2.007365e+10
iter: 9 error: 7.720576e+05 gradnorm: 9.767324e+09
iter: 10 error: 4.310750e+05 gradnorm: 3.391228e+09
iter: 11 error: 2.956022e+05 gradnorm: 4.491831e+09
iter: 12 error: 2.351568e+05 gradnorm: 2.999367e+09
iter: 13 error: 2.012377e+05 gradnorm: 5.724711e+09
iter: 14 error: 1.525206e+05 gradnorm: 1.474085e+09
iter: 15 error: 1.086198e+05 gradnorm: 6.378145e+08
iter: 16 error: 7.731640e+04 gradnorm: 4.412316e+08
iter: 17 error: 5.461416e+04 gradnorm: 4.579410e+08
iter: 18 error: 5.105241e+04 gradnorm: 6.857471e+08
iter: 19 error: 3.915072e+04 gradnorm: 2.222780e+08
iter: 20 error: 3.124138e+04 gradnorm: 2.680999e+08
iter: 21 error: 2.710230e+04 gradnorm: 1.562100e+08
iter: 22 error: 2.265004e+04 gradnorm: 1.909379e+08
iter: 23 error: 1.802849e+04 gradnorm: 7.943033e+07
iter: 24 error: 1.612473e+04 gradnorm: 3.245972e+08
recon: 1.011904e+01 proj: 7.312557e+00 (7.279346e+00 2.091298e-02 7.108753e-03) backproj: 2.756154e+00 (3.795763e-03 1.057308e-02 2.739259e+00) ctime: 5.027181e-02 wtime: 2.804678e-05
numproj: 49 numback: 25
proj: 7.279346e+00 s (3.163909 GFLOPS) backproj: 2.739259e+00 s (4.289703 GFLOPS) avGFLOPS: 3.471721 totGFLOPS: 3.471721
proj: 33.313683 GB/s back: 34.918131 GB/s av: 33.752367 GB/s tot: 33.752367 GB/s
Total Time: 4.630589e+02
