NUM. THETA             : 750
NUM. RHO               : 512
NUM. X PIXELS          : 512
NUM. Y PIXELS          : 512

NUM. OF PIXELS         : 262144
NUM. OF RAYS           : 384000

NUM. ITERATIONS        : 24

SPATIAL TILE SIZE      : 128
SPECTRAL TILE SIZE     : 128

NUMBER OF X TILES      : 4
NUMBER OF Y TILES      : 4
NUM. OF THETA TILES    : 6
NUM. OF RHO TILES      : 4

NUM. SPATIAL TILES     : 16
NUM. SPECTRAL TILES    : 24

NUM. OF X PIXELS (EXT) : 512
NUM. OF Y PIXELS (EXT) : 512
NUM. OF ANGLES (EXT)   : 768
NUM. OF RHOS (EXT)     : 512

NUM. OF PIXELS (EXT)   : 262144
NUM. OF RAYS (EXT)     : 393216

NUMBER OF PROCESSES    : 1
NUMBER OF THRD./PROC.  : 1

INTEGER: 4, FLOAT: 4, LONG: 8, SHORT: 2, POINTER: 8
APPROX. MEMORY     TOTAL: 4.394531e+00 GB
APPROX. MEMORY PER PROC.: 4.394531e+00 GB

X START       : -2.560000e+02
Y START       : -2.560000e+02
PIXEL SIZE    : 1.000000e+00
RHO START     : -2.560000e+02
RAY LENGTH    : 1.024000e+03

SPATIAL INDEXING       : 5
SPECTRAL INDEXING      : 5
 1: CARTESIAN, NATURAL
 2: CARTESIAN, TRANSPOSED
 3: MORTON, NATURAL
 4: MORTON, TRANSPOSED
PROJECTION BLOCK SIZE      : 1
BACKPROJECTION BLOCK SIZE  : 1
PROJECTION BUFFER SIZE      : 2 KB
BACKPROJECTION BUFFER SIZE  : 2 KB

SINOGRAM FILE : ./datasets/ADS2_sinogram.bin
   THETA FILE : ./datasets/ADS2_theta.bin
  OUTPUT FILE : ./recon.ADS2.bin


PLACE TILES
lspat 4 lspatdim 4
lspec 6 lspecdim 8
MPI PARTITIONING
proc: 0 numspats: 16 numpixs: 262144 numspecs: 24 numrays: 393216
maxnumpix: 262144 maxnumray: 393216
FILL PIXELS AND RAYS
INPUT THETA DATA
DOMAIN PARTITIONING
myid 0 raynuminc 384000/384000 raynumout 384000/384000

CONSTRUCT PROJECTION MATRIX
CSR STORAGE: 235012144 (1.750977 GB) rownzmax 1022
RAY-TRACING TIME: 1.339620e+01
CONSTRUCT BACKPROJECTION MATRIX
CSR STORAGE: 235012144 (1.750977 GB) rownzmax 1092
TRANSPOSITION TIME: 2.693190e+00

BLOCKING PROJECTION MATRIX
NUMBER OF BLOCKS: 384000 BUFFSIZE: 512
NUMBER OF BUFFERS: 687552 AVERAGE BUFF/BLOCK: 1.790500 MAX BUFF/BLOCK: 2
BUFF MAP: 352026624 (1.311401 GB)
ELLPACK STORAGE: 235012144 (1.313233 GB) buffnzmax: 512 STORAGE EFFICIENCY: 1.500000 DATA REUSE: 1.000000
BLOCKING TIME: 2.030820e+02
BLOCKING BACKPROJECTION MATRIX
NUMBER OF BLOCKS: 262144 BUFFSIZE: 512
NUMBER OF BUFFERS: 522095 AVERAGE BUFF/BLOCK: 1.991634 MAX BUFF/BLOCK: 3
BUFF MAP: 267312640 (0.995817 GB)
ELLPACK STORAGE: 235012144 (1.313233 GB) buffnzmax: 512 STORAGE EFFICIENCY: 1.500000 DATA REUSE: 1.000000
BLOCKING TIME: 2.052514e+02

FILL PROJECTION MATRIX
TIME: 1.033250e+01
FILL BACKPROJECTION MATRIX
TIME: 1.362669e+01
REDUCTION MAPPINGS
PREPROCESSING TIME: 4.483838e+02
myid: 0 device: 0

Device Count: 1
Device 0 name: 1594915136
Computational Capabilities: 7, 0
Maximum global memory size: 16945512448
Maximum constant memory size: 65536
Maximum shared memory size per block: 49152
Maximum block dimensions: 1024x1024x64
Maximum grid dimensions: 2147483647x65535x65535
Maximum threads per block: 1024
Warp size: 32

PROC 0 TOTAL GPU MEMORY: 6.244975 GB
INPUT MEASUREMENT DATA
INPUT ENDS
GRADIENT-DESCENT OPTIMIZATION
iter: 0 error: 1.926915e+09 gradnorm: 4.060025e+14
iter: 1 error: 6.126889e+08 gradnorm: 5.319063e+13
iter: 2 error: 1.166408e+08 gradnorm: 6.856259e+12
iter: 3 error: 3.920062e+07 gradnorm: 1.622457e+12
iter: 4 error: 1.373126e+07 gradnorm: 3.566021e+11
iter: 5 error: 5.040244e+06 gradnorm: 8.994687e+10
iter: 6 error: 2.529818e+06 gradnorm: 7.931229e+10
iter: 7 error: 2.073980e+06 gradnorm: 6.051758e+10
iter: 8 error: 1.328408e+06 gradnorm: 2.007231e+10
iter: 9 error: 7.720575e+05 gradnorm: 9.767324e+09
iter: 10 error: 4.310781e+05 gradnorm: 3.391667e+09
iter: 11 error: 2.957402e+05 gradnorm: 4.524813e+09
iter: 12 error: 2.363416e+05 gradnorm: 3.270954e+09
iter: 13 error: 2.061835e+05 gradnorm: 5.056550e+09
iter: 14 error: 1.525637e+05 gradnorm: 1.460942e+09
iter: 15 error: 1.086192e+05 gradnorm: 6.377644e+08
iter: 16 error: 7.731499e+04 gradnorm: 4.407965e+08
iter: 17 error: 5.421211e+04 gradnorm: 3.256988e+08
iter: 18 error: 4.503425e+04 gradnorm: 1.181595e+09
iter: 19 error: 3.907406e+04 gradnorm: 2.333760e+08
iter: 20 error: 3.090796e+04 gradnorm: 2.473291e+08
iter: 21 error: 2.693581e+04 gradnorm: 1.605855e+08
iter: 22 error: 2.249857e+04 gradnorm: 1.955158e+08
iter: 23 error: 1.804795e+04 gradnorm: 8.891130e+07
iter: 24 error: 1.685454e+04 gradnorm: 2.529435e+08
recon: 2.238516e+00 proj: 1.522712e+00 (1.488349e+00 2.202132e-02 7.119356e-03) backproj: 6.653117e-01 (3.776458e-03 1.103609e-02 6.480350e-01) ctime: 5.044562e-02 wtime: 2.491381e-05
numproj: 49 numback: 25
proj: 1.488349e+00 s (15.474317 GFLOPS) backproj: 6.480350e-01 s (18.132674 GFLOPS) avGFLOPS: 16.280684 totGFLOPS: 16.280684
proj: 92.781167 GB/s back: 95.647747 GB/s av: 93.650694 GB/s tot: 93.650694 GB/s
Total Time: 4.525924e+02
