ip-0A00000F
ip-0A00000F
ip-0A000012
ip-0A000015
ip-0A000015
ip-0A000014
ip-0A000012
ip-0A000014
NUM. THETA             : 750
NUM. RHO               : 512
NUM. X PIXELS          : 512
NUM. Y PIXELS          : 512

NUM. OF PIXELS         : 262144
NUM. OF RAYS           : 384000

NUM. ITERATIONS        : 100

SPATIAL TILE SIZE      : 64
SPECTRAL TILE SIZE     : 64

NUMBER OF X TILES      : 8
NUMBER OF Y TILES      : 8
NUM. OF THETA TILES    : 12
NUM. OF RHO TILES      : 8

NUM. SPATIAL TILES     : 64
NUM. SPECTRAL TILES    : 96

NUM. OF X PIXELS (EXT) : 512
NUM. OF Y PIXELS (EXT) : 512
NUM. OF ANGLES (EXT)   : 768
NUM. OF RHOS (EXT)     : 512

NUM. OF PIXELS (EXT)   : 262144
NUM. OF RAYS (EXT)     : 393216

NUMBER OF PROCESSES    : 8
NUMBER OF THRD./PROC.  : 60

INTEGER: 4, FLOAT: 4, LONG: 8, SHORT: 2, POINTER: 8
APPROX. MEMORY     TOTAL: 4.394531e+00 GB
APPROX. MEMORY PER PROC.: 5.493164e-01 GB

X START       : -2.560000e+02
Y START       : -2.560000e+02
PIXEL SIZE    : 1.000000e+00
RHO START     : -2.560000e+02
RAY LENGTH    : 1.024000e+03

SPATIAL INDEXING       : 5
SPECTRAL INDEXING      : 5
 1: CARTESIAN, NATURAL
 2: CARTESIAN, TRANSPOSED
 3: MORTON, NATURAL
 4: MORTON, TRANSPOSED
 5: HILBERT
PROJECTION BLOCK SIZE      : 1024
BACKPROJECTION BLOCK SIZE  : 1024
PROJECTION BUFFER SIZE      : 32 KB
BACKPROJECTION BUFFER SIZE  : 32 KB

SINOGRAM FILE : ../../../../datasets/CDS1_sinogram.bin
   THETA FILE : ../../../../datasets/CDS1_theta.bin
  OUTPUT FILE : ../../output/visualization/ip-0A000009/100.60.CDS1.64.64.1024.1024.32.32.bin


PLACE TILES
lspat 8 lspatdim 8
lspec 12 lspecdim 16
MPI PARTITIONING
proc: 0 numspats: 8 numpixs: 32768 numspecs: 12 numrays: 49152
proc: 1 numspats: 8 numpixs: 32768 numspecs: 12 numrays: 49152
proc: 2 numspats: 8 numpixs: 32768 numspecs: 12 numrays: 49152
proc: 3 numspats: 8 numpixs: 32768 numspecs: 12 numrays: 49152
proc: 4 numspats: 8 numpixs: 32768 numspecs: 12 numrays: 49152
proc: 5 numspats: 8 numpixs: 32768 numspecs: 12 numrays: 49152
proc: 6 numspats: 8 numpixs: 32768 numspecs: 12 numrays: 49152
proc: 7 numspats: 8 numpixs: 32768 numspecs: 12 numrays: 49152
maxnumpix: 32768 maxnumray: 49152
FILL PIXELS AND RAYS
INPUT THETA DATA
DOMAIN PARTITIONING

CONSTRUCT PROJECTION MATRIX
CSR STORAGE: 235011227 (1.750970 GB) rownzmax 383
RAY-TRACING TIME: 4.087311e-02
CONSTRUCT BACKPROJECTION MATRIX
CSR STORAGE: 235011227 (1.750970 GB) rownzmax 1042
TRANSPOSITION TIME: 6.356495e-02

BLOCKING PROJECTION MATRIX
NUMBER OF BLOCKS: 154 BUFFSIZE: 8192
NUMBER OF BUFFERS: 224 AVERAGE BUFF/BLOCK: 1.454545 MAX BUFF/BLOCK: 3
BUFFER MAP: 9804539 (0.036525 GB)
CSR STORAGE: 235011227 (1.313228 GB) buffnzmax: 367 STORAGE EFFICIENCY: 0.176621 DATA REUSE: 22.289675
BLOCKING TIME: 6.385457e-02
BLOCKING BACKPROJECTION MATRIX
NUMBER OF BLOCKS: 32 BUFFSIZE: 8192
NUMBER OF BUFFERS: 118 AVERAGE BUFF/BLOCK: 3.687500 MAX BUFF/BLOCK: 4
BUFFER MAP: 7339004 (0.027340 GB)
CSR STORAGE: 235011227 (1.313228 GB) buffnzmax: 493 STORAGE EFFICIENCY: 0.176621 DATA REUSE: 32.024014
BLOCKING TIME: 5.415321e-02

FILL PROJECTION MATRIX
TIME: 2.288325e-02
FILL BACKPROJECTION MATRIX
TIME: 3.967617e-02
REDUCTION MAPPINGS
PREPROCESSING TIME: 3.392539e-01
INPUT MEASUREMENT DATA
INPUT ENDS
GRADIENT-DESCENT OPTIMIZATION
iter: 0 error: 4.959039e+04 gradnorm: 1.560967e+10
iter: 1 error: 5.316523e+03 gradnorm: 4.760844e+08
iter: 2 error: 5.074574e+02 gradnorm: 1.604496e+07
iter: 3 error: 2.940083e+02 gradnorm: 8.082356e+06
iter: 4 error: 1.716259e+02 gradnorm: 1.353838e+06
iter: 5 error: 1.154515e+02 gradnorm: 6.253284e+05
iter: 6 error: 8.898432e+01 gradnorm: 6.381306e+05
iter: 7 error: 7.435408e+01 gradnorm: 4.911955e+05
iter: 8 error: 6.820236e+01 gradnorm: 1.158248e+06
iter: 9 error: 5.777111e+01 gradnorm: 2.292992e+05
iter: 10 error: 4.873782e+01 gradnorm: 1.925423e+05
iter: 11 error: 4.172255e+01 gradnorm: 1.097275e+05
iter: 12 error: 3.765163e+01 gradnorm: 1.923539e+05
iter: 13 error: 3.466655e+01 gradnorm: 1.035703e+05
iter: 14 error: 3.146712e+01 gradnorm: 6.061916e+04
iter: 15 error: 2.881785e+01 gradnorm: 7.657729e+04
iter: 16 error: 2.809993e+01 gradnorm: 1.258496e+05
iter: 17 error: 2.682385e+01 gradnorm: 4.673382e+04
iter: 18 error: 2.523975e+01 gradnorm: 2.666347e+04
iter: 19 error: 2.394626e+01 gradnorm: 2.563674e+04
iter: 20 error: 2.288591e+01 gradnorm: 1.501916e+04
iter: 21 error: 2.195565e+01 gradnorm: 1.230121e+04
iter: 22 error: 2.125843e+01 gradnorm: 9.684000e+03
iter: 23 error: 2.080145e+01 gradnorm: 3.140587e+04
iter: 24 error: 2.066835e+01 gradnorm: 9.061707e+03
iter: 25 error: 2.025793e+01 gradnorm: 8.732568e+03
iter: 26 error: 2.009225e+01 gradnorm: 1.113189e+04
iter: 27 error: 1.976425e+01 gradnorm: 4.487961e+03
iter: 28 error: 1.945186e+01 gradnorm: 4.163159e+03
iter: 29 error: 1.921567e+01 gradnorm: 4.300698e+03
iter: 30 error: 1.910525e+01 gradnorm: 1.436480e+04
iter: 31 error: 1.902707e+01 gradnorm: 4.416231e+03
iter: 32 error: 1.887514e+01 gradnorm: 3.698873e+03
iter: 33 error: 1.875519e+01 gradnorm: 3.887311e+03
iter: 34 error: 1.863457e+01 gradnorm: 2.754853e+03
iter: 35 error: 1.854887e+01 gradnorm: 4.304050e+03
iter: 36 error: 1.847160e+01 gradnorm: 3.100497e+03
iter: 37 error: 1.835356e+01 gradnorm: 2.406347e+03
iter: 38 error: 1.831882e+01 gradnorm: 6.127797e+03
iter: 39 error: 1.826881e+01 gradnorm: 2.758031e+03
iter: 40 error: 1.817696e+01 gradnorm: 1.884771e+03
iter: 41 error: 1.809689e+01 gradnorm: 1.369481e+03
iter: 42 error: 1.797958e+01 gradnorm: 1.148135e+03
iter: 43 error: 1.789252e+01 gradnorm: 1.624606e+03
iter: 44 error: 1.785688e+01 gradnorm: 3.881414e+03
iter: 45 error: 1.783356e+01 gradnorm: 2.422004e+03
iter: 46 error: 1.776093e+01 gradnorm: 1.084788e+03
iter: 47 error: 1.769801e+01 gradnorm: 1.526806e+03
iter: 48 error: 1.765037e+01 gradnorm: 1.793570e+03
iter: 49 error: 1.762127e+01 gradnorm: 1.473940e+03
iter: 50 error: 1.755039e+01 gradnorm: 1.017962e+03
iter: 51 error: 1.753002e+01 gradnorm: 4.874731e+03
iter: 52 error: 1.747238e+01 gradnorm: 8.944911e+02
iter: 53 error: 1.740785e+01 gradnorm: 9.522268e+02
iter: 54 error: 1.735130e+01 gradnorm: 1.129757e+03
iter: 55 error: 1.731838e+01 gradnorm: 1.372218e+03
iter: 56 error: 1.726583e+01 gradnorm: 1.239780e+03
iter: 57 error: 1.725294e+01 gradnorm: 2.694695e+03
iter: 58 error: 1.721219e+01 gradnorm: 1.552676e+03
iter: 59 error: 1.718881e+01 gradnorm: 1.291677e+03
iter: 60 error: 1.712889e+01 gradnorm: 7.205573e+02
iter: 61 error: 1.706480e+01 gradnorm: 8.414606e+02
iter: 62 error: 1.702613e+01 gradnorm: 1.301931e+03
iter: 63 error: 1.698887e+01 gradnorm: 3.135453e+03
iter: 64 error: 1.697443e+01 gradnorm: 1.006950e+03
iter: 65 error: 1.693379e+01 gradnorm: 1.388563e+03
iter: 66 error: 1.689251e+01 gradnorm: 7.102219e+02
iter: 67 error: 1.683022e+01 gradnorm: 7.676835e+02
iter: 68 error: 1.680136e+01 gradnorm: 2.064013e+03
iter: 69 error: 1.676385e+01 gradnorm: 7.726263e+02
iter: 70 error: 1.674124e+01 gradnorm: 4.937185e+03
iter: 71 error: 1.669937e+01 gradnorm: 7.614935e+02
iter: 72 error: 1.667205e+01 gradnorm: 1.049753e+03
iter: 73 error: 1.663044e+01 gradnorm: 9.518274e+02
iter: 74 error: 1.659101e+01 gradnorm: 7.665587e+02
iter: 75 error: 1.654602e+01 gradnorm: 6.916564e+02
iter: 76 error: 1.650332e+01 gradnorm: 1.971367e+03
iter: 77 error: 1.649249e+01 gradnorm: 1.385830e+03
iter: 78 error: 1.646933e+01 gradnorm: 1.017781e+03
iter: 79 error: 1.643989e+01 gradnorm: 1.260841e+03
iter: 80 error: 1.641386e+01 gradnorm: 1.202136e+03
iter: 81 error: 1.638159e+01 gradnorm: 7.640229e+02
iter: 82 error: 1.634528e+01 gradnorm: 7.080273e+02
iter: 83 error: 1.630318e+01 gradnorm: 6.512868e+02
iter: 84 error: 1.626876e+01 gradnorm: 2.889538e+03
iter: 85 error: 1.625579e+01 gradnorm: 8.886815e+02
iter: 86 error: 1.622001e+01 gradnorm: 6.487488e+02
iter: 87 error: 1.618669e+01 gradnorm: 8.876019e+02
iter: 88 error: 1.614960e+01 gradnorm: 6.277180e+02
iter: 89 error: 1.612563e+01 gradnorm: 1.564135e+03
iter: 90 error: 1.609826e+01 gradnorm: 6.738112e+02
iter: 91 error: 1.606542e+01 gradnorm: 1.352518e+03
iter: 92 error: 1.605785e+01 gradnorm: 1.111935e+03
iter: 93 error: 1.602688e+01 gradnorm: 8.768505e+02
iter: 94 error: 1.600404e+01 gradnorm: 6.214308e+02
iter: 95 error: 1.596542e+01 gradnorm: 5.643930e+02
iter: 96 error: 1.593007e+01 gradnorm: 6.050930e+02
iter: 97 error: 1.590405e+01 gradnorm: 7.869782e+02
iter: 98 error: 1.588376e+01 gradnorm: 1.388271e+03
iter: 99 error: 1.587536e+01 gradnorm: 1.143546e+03
iter: 100 error: 1.585087e+01 gradnorm: 5.635532e+02
recon: 1.019587e+01 proj: 4.724893e+00 (2.584852e+00 1.245929e+00 8.940214e-01) backproj: 2.488853e+00 (5.347663e-01 5.918511e-01 1.362196e+00) ctime: 2.780140e+00 wtime: 1.259678e-01
numproj: 201 numback: 101
proj: 2.076165e+01 s (4.550435 GFLOPS) backproj: 1.093491e+01 s (4.341351 GFLOPS) avGFLOPS: 4.478303 totGFLOPS: 35.826427
proj: 14.030987 GB/s back: 13.295199 GB/s av: 13.777149 GB/s tot: 110.217196 GB/s
Total Time: 1.099183e+01
