ip-0A00000F
ip-0A000015
ip-0A000012
ip-0A000014
ip-0A00000F
ip-0A000012
ip-0A000015
ip-0A000014
NUM. THETA             : 1501
NUM. RHO               : 2048
NUM. X PIXELS          : 2048
NUM. Y PIXELS          : 2048

NUM. OF PIXELS         : 4194304
NUM. OF RAYS           : 3074048

NUM. ITERATIONS        : 200

SPATIAL TILE SIZE      : 64
SPECTRAL TILE SIZE     : 64

NUMBER OF X TILES      : 32
NUMBER OF Y TILES      : 32
NUM. OF THETA TILES    : 24
NUM. OF RHO TILES      : 32

NUM. SPATIAL TILES     : 1024
NUM. SPECTRAL TILES    : 768

NUM. OF X PIXELS (EXT) : 2048
NUM. OF Y PIXELS (EXT) : 2048
NUM. OF ANGLES (EXT)   : 1536
NUM. OF RHOS (EXT)     : 2048

NUM. OF PIXELS (EXT)   : 4194304
NUM. OF RAYS (EXT)     : 3145728

NUMBER OF PROCESSES    : 8
NUMBER OF THRD./PROC.  : 60

INTEGER: 4, FLOAT: 4, LONG: 8, SHORT: 2, POINTER: 8
APPROX. MEMORY     TOTAL: 1.407188e+02 GB
APPROX. MEMORY PER PROC.: 1.758984e+01 GB

X START       : -1.024000e+03
Y START       : -1.024000e+03
PIXEL SIZE    : 1.000000e+00
RHO START     : -1.024000e+03
RAY LENGTH    : 4.096000e+03

SPATIAL INDEXING       : 5
SPECTRAL INDEXING      : 5
 1: CARTESIAN, NATURAL
 2: CARTESIAN, TRANSPOSED
 3: MORTON, NATURAL
 4: MORTON, TRANSPOSED
 5: HILBERT
PROJECTION BLOCK SIZE      : 1024
BACKPROJECTION BLOCK SIZE  : 1024
PROJECTION BUFFER SIZE      : 32 KB
BACKPROJECTION BUFFER SIZE  : 32 KB

SINOGRAM FILE : ../../../../datasets/CDS3_sinogram.bin
   THETA FILE : ../../../../datasets/CDS3_theta.bin
  OUTPUT FILE : ../../output/visualization/ip-0A000009/200.60.CDS3.64.64.1024.1024.32.32.bin


PLACE TILES
lspat 32 lspatdim 32
lspec 32 lspecdim 32
MPI PARTITIONING
proc: 0 numspats: 128 numpixs: 524288 numspecs: 96 numrays: 393216
proc: 1 numspats: 128 numpixs: 524288 numspecs: 96 numrays: 393216
proc: 2 numspats: 128 numpixs: 524288 numspecs: 96 numrays: 393216
proc: 3 numspats: 128 numpixs: 524288 numspecs: 96 numrays: 393216
proc: 4 numspats: 128 numpixs: 524288 numspecs: 96 numrays: 393216
proc: 5 numspats: 128 numpixs: 524288 numspecs: 96 numrays: 393216
proc: 6 numspats: 128 numpixs: 524288 numspecs: 96 numrays: 393216
proc: 7 numspats: 128 numpixs: 524288 numspecs: 96 numrays: 393216
maxnumpix: 524288 maxnumray: 393216
FILL PIXELS AND RAYS
INPUT THETA DATA
DOMAIN PARTITIONING

CONSTRUCT PROJECTION MATRIX
CSR STORAGE: 7524337176 (56.060681 GB) rownzmax 1535
RAY-TRACING TIME: 1.032471e+00
CONSTRUCT BACKPROJECTION MATRIX
CSR STORAGE: 7524337176 (56.060681 GB) rownzmax 2035
TRANSPOSITION TIME: 6.661491e-01

BLOCKING PROJECTION MATRIX
NUMBER OF BLOCKS: 1229 BUFFSIZE: 8192
NUMBER OF BUFFERS: 7641 AVERAGE BUFF/BLOCK: 6.217250 MAX BUFF/BLOCK: 15
BUFFER MAP: 419827871 (1.563981 GB)
CSR STORAGE: 7524337176 (42.045510 GB) buffnzmax: 753 STORAGE EFFICIENCY: 0.176627 DATA REUSE: 15.331580
BLOCKING TIME: 4.253464e-01
BLOCKING BACKPROJECTION MATRIX
NUMBER OF BLOCKS: 512 BUFFSIZE: 8192
NUMBER OF BUFFERS: 3656 AVERAGE BUFF/BLOCK: 7.140625 MAX BUFF/BLOCK: 8
BUFFER MAP: 235135281 (0.875947 GB)
CSR STORAGE: 7524337176 (42.045510 GB) buffnzmax: 528 STORAGE EFFICIENCY: 0.176627 DATA REUSE: 31.999743
BLOCKING TIME: 4.709065e-01

FILL PROJECTION MATRIX
TIME: 5.980017e-01
FILL BACKPROJECTION MATRIX
TIME: 7.026813e-01
REDUCTION MAPPINGS
PREPROCESSING TIME: 4.130471e+00
INPUT MEASUREMENT DATA
INPUT ENDS
GRADIENT-DESCENT OPTIMIZATION
iter: 0 error: 4.635891e+05 gradnorm: 1.207701e+12
iter: 1 error: 4.012780e+04 gradnorm: 2.761368e+10
iter: 2 error: 4.345173e+03 gradnorm: 1.113062e+09
iter: 3 error: 2.518517e+03 gradnorm: 4.642887e+08
iter: 4 error: 1.738984e+03 gradnorm: 8.752221e+07
iter: 5 error: 1.274322e+03 gradnorm: 3.326107e+07
iter: 6 error: 1.021238e+03 gradnorm: 3.821268e+07
iter: 7 error: 9.154678e+02 gradnorm: 9.433330e+07
iter: 8 error: 8.472607e+02 gradnorm: 4.382236e+07
iter: 9 error: 7.652416e+02 gradnorm: 3.219042e+07
iter: 10 error: 6.697324e+02 gradnorm: 2.374237e+07
iter: 11 error: 5.941121e+02 gradnorm: 1.737164e+07
iter: 12 error: 5.181948e+02 gradnorm: 1.243834e+07
iter: 13 error: 4.529586e+02 gradnorm: 1.237682e+07
iter: 14 error: 4.063676e+02 gradnorm: 8.025643e+06
iter: 15 error: 3.750877e+02 gradnorm: 1.853642e+07
iter: 16 error: 3.621445e+02 gradnorm: 1.241217e+07
iter: 17 error: 3.274522e+02 gradnorm: 4.649583e+06
iter: 18 error: 2.923560e+02 gradnorm: 5.231776e+06
iter: 19 error: 2.667910e+02 gradnorm: 3.719763e+06
iter: 20 error: 2.437686e+02 gradnorm: 2.758808e+06
iter: 21 error: 2.201164e+02 gradnorm: 3.108513e+06
iter: 22 error: 2.169393e+02 gradnorm: 5.167906e+06
iter: 23 error: 2.036109e+02 gradnorm: 3.683746e+06
iter: 24 error: 1.975192e+02 gradnorm: 2.299936e+06
iter: 25 error: 1.829071e+02 gradnorm: 1.539389e+06
iter: 26 error: 1.733367e+02 gradnorm: 1.304226e+06
iter: 27 error: 1.640709e+02 gradnorm: 1.362360e+06
iter: 28 error: 1.572417e+02 gradnorm: 1.586527e+06
iter: 29 error: 1.547904e+02 gradnorm: 2.550966e+06
iter: 30 error: 1.523974e+02 gradnorm: 1.855307e+06
iter: 31 error: 1.484421e+02 gradnorm: 1.179097e+06
iter: 32 error: 1.433412e+02 gradnorm: 9.558054e+05
iter: 33 error: 1.398741e+02 gradnorm: 7.284336e+05
iter: 34 error: 1.360753e+02 gradnorm: 6.839075e+05
iter: 35 error: 1.324320e+02 gradnorm: 5.805749e+05
iter: 36 error: 1.301295e+02 gradnorm: 1.416112e+06
iter: 37 error: 1.292326e+02 gradnorm: 7.014482e+05
iter: 38 error: 1.270363e+02 gradnorm: 6.017879e+05
iter: 39 error: 1.247421e+02 gradnorm: 3.473114e+05
iter: 40 error: 1.226875e+02 gradnorm: 3.802057e+05
iter: 41 error: 1.200893e+02 gradnorm: 2.523725e+05
iter: 42 error: 1.189296e+02 gradnorm: 6.320784e+05
iter: 43 error: 1.177266e+02 gradnorm: 6.277615e+05
iter: 44 error: 1.172931e+02 gradnorm: 4.152569e+05
iter: 45 error: 1.157890e+02 gradnorm: 2.321211e+05
iter: 46 error: 1.145171e+02 gradnorm: 2.776781e+05
iter: 47 error: 1.136039e+02 gradnorm: 1.961548e+05
iter: 48 error: 1.119812e+02 gradnorm: 1.781859e+05
iter: 49 error: 1.114395e+02 gradnorm: 3.282137e+05
iter: 50 error: 1.104956e+02 gradnorm: 3.294704e+05
iter: 51 error: 1.102896e+02 gradnorm: 2.070206e+05
iter: 52 error: 1.092406e+02 gradnorm: 1.469555e+05
iter: 53 error: 1.081335e+02 gradnorm: 1.006721e+05
iter: 54 error: 1.070607e+02 gradnorm: 1.038595e+05
iter: 55 error: 1.061025e+02 gradnorm: 1.009237e+05
iter: 56 error: 1.056976e+02 gradnorm: 2.241889e+05
iter: 57 error: 1.054200e+02 gradnorm: 4.104228e+05
iter: 58 error: 1.047841e+02 gradnorm: 9.191755e+04
iter: 59 error: 1.041154e+02 gradnorm: 1.445249e+05
iter: 60 error: 1.038623e+02 gradnorm: 1.080254e+05
iter: 61 error: 1.031294e+02 gradnorm: 1.042908e+05
iter: 62 error: 1.027739e+02 gradnorm: 1.072425e+05
iter: 63 error: 1.021794e+02 gradnorm: 1.228741e+05
iter: 64 error: 1.020783e+02 gradnorm: 1.502623e+05
iter: 65 error: 1.014581e+02 gradnorm: 8.236204e+04
iter: 66 error: 1.011502e+02 gradnorm: 1.579737e+05
iter: 67 error: 1.007386e+02 gradnorm: 1.032574e+05
iter: 68 error: 1.003559e+02 gradnorm: 7.181453e+04
iter: 69 error: 9.974948e+01 gradnorm: 6.676347e+04
iter: 70 error: 9.921310e+01 gradnorm: 1.421544e+05
iter: 71 error: 9.910273e+01 gradnorm: 1.454532e+05
iter: 72 error: 9.870172e+01 gradnorm: 7.678205e+04
iter: 73 error: 9.817320e+01 gradnorm: 6.715459e+04
iter: 74 error: 9.768130e+01 gradnorm: 9.414311e+04
iter: 75 error: 9.735470e+01 gradnorm: 8.612608e+04
iter: 76 error: 9.683081e+01 gradnorm: 8.487473e+04
iter: 77 error: 9.666134e+01 gradnorm: 2.494185e+05
iter: 78 error: 9.635849e+01 gradnorm: 1.942353e+05
iter: 79 error: 9.603152e+01 gradnorm: 7.868633e+04
iter: 80 error: 9.556815e+01 gradnorm: 1.010562e+05
iter: 81 error: 9.519527e+01 gradnorm: 1.074442e+05
iter: 82 error: 9.470522e+01 gradnorm: 7.766572e+04
iter: 83 error: 9.418164e+01 gradnorm: 9.227950e+04
iter: 84 error: 9.393700e+01 gradnorm: 2.718555e+05
iter: 85 error: 9.367919e+01 gradnorm: 2.051798e+05
iter: 86 error: 9.336864e+01 gradnorm: 9.557730e+04
iter: 87 error: 9.278084e+01 gradnorm: 8.861327e+04
iter: 88 error: 9.227826e+01 gradnorm: 9.612108e+04
iter: 89 error: 9.174620e+01 gradnorm: 8.631702e+04
iter: 90 error: 9.103090e+01 gradnorm: 1.408487e+05
iter: 91 error: 9.092292e+01 gradnorm: 1.475906e+05
iter: 92 error: 9.041934e+01 gradnorm: 1.408616e+05
iter: 93 error: 8.992204e+01 gradnorm: 9.353635e+04
iter: 94 error: 8.933672e+01 gradnorm: 1.102288e+05
iter: 95 error: 8.870686e+01 gradnorm: 1.184600e+05
iter: 96 error: 8.828743e+01 gradnorm: 2.017471e+05
iter: 97 error: 8.792434e+01 gradnorm: 2.209338e+05
iter: 98 error: 8.776523e+01 gradnorm: 1.555542e+05
iter: 99 error: 8.686852e+01 gradnorm: 7.440703e+04
iter: 100 error: 8.603166e+01 gradnorm: 1.159290e+05
iter: 101 error: 8.541111e+01 gradnorm: 1.378087e+05
iter: 102 error: 8.502878e+01 gradnorm: 1.928142e+05
iter: 103 error: 8.444159e+01 gradnorm: 1.870768e+05
iter: 104 error: 8.427849e+01 gradnorm: 2.162202e+05
iter: 105 error: 8.381238e+01 gradnorm: 1.880796e+05
iter: 106 error: 8.311349e+01 gradnorm: 9.690097e+04
iter: 107 error: 8.224209e+01 gradnorm: 9.394211e+04
iter: 108 error: 8.149850e+01 gradnorm: 1.169740e+05
iter: 109 error: 8.068625e+01 gradnorm: 1.880581e+05
iter: 110 error: 8.055988e+01 gradnorm: 1.560184e+05
iter: 111 error: 7.968862e+01 gradnorm: 8.762778e+04
iter: 112 error: 7.901723e+01 gradnorm: 1.980594e+05
iter: 113 error: 7.842590e+01 gradnorm: 9.930191e+04
iter: 114 error: 7.799872e+01 gradnorm: 2.457197e+05
iter: 115 error: 7.737790e+01 gradnorm: 9.817750e+04
iter: 116 error: 7.707588e+01 gradnorm: 5.192236e+05
iter: 117 error: 7.651740e+01 gradnorm: 9.650511e+04
iter: 118 error: 7.585738e+01 gradnorm: 1.028275e+05
iter: 119 error: 7.527263e+01 gradnorm: 1.201159e+05
iter: 120 error: 7.475631e+01 gradnorm: 1.365993e+05
iter: 121 error: 7.444386e+01 gradnorm: 1.392038e+05
iter: 122 error: 7.389855e+01 gradnorm: 1.588608e+05
iter: 123 error: 7.373228e+01 gradnorm: 2.336924e+05
iter: 124 error: 7.336317e+01 gradnorm: 1.268038e+05
iter: 125 error: 7.284889e+01 gradnorm: 7.751768e+04
iter: 126 error: 7.227349e+01 gradnorm: 1.154749e+05
iter: 127 error: 7.189870e+01 gradnorm: 9.892564e+04
iter: 128 error: 7.135710e+01 gradnorm: 6.965978e+04
iter: 129 error: 7.120044e+01 gradnorm: 3.057080e+05
iter: 130 error: 7.067559e+01 gradnorm: 8.895957e+04
iter: 131 error: 7.028909e+01 gradnorm: 6.819167e+04
iter: 132 error: 6.969678e+01 gradnorm: 9.834050e+04
iter: 133 error: 6.954152e+01 gradnorm: 6.590054e+04
iter: 134 error: 6.891080e+01 gradnorm: 5.369614e+04
iter: 135 error: 6.876996e+01 gradnorm: 2.721853e+05
iter: 136 error: 6.836319e+01 gradnorm: 6.325800e+04
iter: 137 error: 6.807059e+01 gradnorm: 6.895717e+04
iter: 138 error: 6.759972e+01 gradnorm: 4.475784e+04
iter: 139 error: 6.736574e+01 gradnorm: 1.240866e+05
iter: 140 error: 6.708519e+01 gradnorm: 6.602627e+04
iter: 141 error: 6.685664e+01 gradnorm: 1.808356e+05
iter: 142 error: 6.674864e+01 gradnorm: 5.531752e+04
iter: 143 error: 6.638836e+01 gradnorm: 5.610470e+04
iter: 144 error: 6.614320e+01 gradnorm: 5.536733e+04
iter: 145 error: 6.589147e+01 gradnorm: 5.984973e+04
iter: 146 error: 6.561259e+01 gradnorm: 4.118555e+04
iter: 147 error: 6.535854e+01 gradnorm: 1.230893e+05
iter: 148 error: 6.527583e+01 gradnorm: 7.745605e+04
iter: 149 error: 6.510738e+01 gradnorm: 5.155252e+04
iter: 150 error: 6.483949e+01 gradnorm: 5.392721e+04
iter: 151 error: 6.469084e+01 gradnorm: 6.584943e+04
iter: 152 error: 6.452021e+01 gradnorm: 4.183845e+04
iter: 153 error: 6.421545e+01 gradnorm: 2.963606e+04
iter: 154 error: 6.401383e+01 gradnorm: 2.230322e+05
iter: 155 error: 6.387744e+01 gradnorm: 3.004136e+04
iter: 156 error: 6.363391e+01 gradnorm: 3.663225e+04
iter: 157 error: 6.337114e+01 gradnorm: 4.310302e+04
iter: 158 error: 6.327580e+01 gradnorm: 5.096453e+04
iter: 159 error: 6.303384e+01 gradnorm: 3.882305e+04
iter: 160 error: 6.292292e+01 gradnorm: 5.566641e+04
iter: 161 error: 6.286800e+01 gradnorm: 8.222009e+04
iter: 162 error: 6.260171e+01 gradnorm: 3.029991e+04
iter: 163 error: 6.242994e+01 gradnorm: 2.995668e+04
iter: 164 error: 6.216511e+01 gradnorm: 3.015275e+04
iter: 165 error: 6.195485e+01 gradnorm: 2.916670e+04
iter: 166 error: 6.177362e+01 gradnorm: 9.155280e+04
iter: 167 error: 6.170152e+01 gradnorm: 7.275497e+04
iter: 168 error: 6.159456e+01 gradnorm: 4.189299e+04
iter: 169 error: 6.146566e+01 gradnorm: 5.167750e+04
iter: 170 error: 6.130103e+01 gradnorm: 3.531891e+04
iter: 171 error: 6.114818e+01 gradnorm: 3.941729e+04
iter: 172 error: 6.093151e+01 gradnorm: 2.598682e+04
iter: 173 error: 6.072883e+01 gradnorm: 1.518352e+05
iter: 174 error: 6.064831e+01 gradnorm: 2.795215e+04
iter: 175 error: 6.046737e+01 gradnorm: 5.159107e+04
iter: 176 error: 6.029599e+01 gradnorm: 2.836339e+04
iter: 177 error: 6.007785e+01 gradnorm: 3.625210e+04
iter: 178 error: 5.994419e+01 gradnorm: 6.395557e+04
iter: 179 error: 5.981058e+01 gradnorm: 5.036289e+04
iter: 180 error: 5.976170e+01 gradnorm: 7.278206e+04
iter: 181 error: 5.956333e+01 gradnorm: 2.822085e+04
iter: 182 error: 5.933857e+01 gradnorm: 3.660273e+04
iter: 183 error: 5.914638e+01 gradnorm: 2.981215e+04
iter: 184 error: 5.886966e+01 gradnorm: 2.722656e+04
iter: 185 error: 5.880143e+01 gradnorm: 1.067747e+05
iter: 186 error: 5.866208e+01 gradnorm: 9.866072e+04
iter: 187 error: 5.851118e+01 gradnorm: 2.650242e+04
iter: 188 error: 5.826432e+01 gradnorm: 3.703931e+04
iter: 189 error: 5.812350e+01 gradnorm: 4.106754e+04
iter: 190 error: 5.790356e+01 gradnorm: 3.498596e+04
iter: 191 error: 5.777313e+01 gradnorm: 1.535715e+05
iter: 192 error: 5.766345e+01 gradnorm: 4.233070e+04
iter: 193 error: 5.749697e+01 gradnorm: 3.227345e+04
iter: 194 error: 5.727807e+01 gradnorm: 5.196606e+04
iter: 195 error: 5.711946e+01 gradnorm: 3.635142e+04
iter: 196 error: 5.689610e+01 gradnorm: 4.373566e+04
iter: 197 error: 5.682072e+01 gradnorm: 7.042306e+04
iter: 198 error: 5.675106e+01 gradnorm: 7.142476e+04
iter: 199 error: 5.659561e+01 gradnorm: 5.050227e+04
iter: 200 error: 5.635827e+01 gradnorm: 2.744838e+04
recon: 8.498593e+01 proj: 4.847625e+01 (3.140947e+01 1.342120e+01 3.645247e+00) backproj: 2.483907e+01 (2.267428e+00 6.061925e+00 1.650958e+01) ctime: 1.125549e+01 wtime: 2.619347e-01
numproj: 401 numback: 201
proj: 2.513337e+02 s (24.009984 GFLOPS) backproj: 1.320952e+02 s (22.898517 GFLOPS) avGFLOPS: 23.627072 totGFLOPS: 189.016578
proj: 74.709273 GB/s back: 70.126707 GB/s av: 73.130532 GB/s tot: 585.044260 GB/s
Total Time: 9.045540e+01
