ip-0A00000F
ip-0A00000F
ip-0A000012
ip-0A000015
ip-0A000014
ip-0A000015
ip-0A000012
ip-0A000014
NUM. THETA             : 1501
NUM. RHO               : 2048
NUM. X PIXELS          : 2048
NUM. Y PIXELS          : 2048

NUM. OF PIXELS         : 4194304
NUM. OF RAYS           : 3074048

NUM. ITERATIONS        : 50

SPATIAL TILE SIZE      : 64
SPECTRAL TILE SIZE     : 64

NUMBER OF X TILES      : 32
NUMBER OF Y TILES      : 32
NUM. OF THETA TILES    : 24
NUM. OF RHO TILES      : 32

NUM. SPATIAL TILES     : 1024
NUM. SPECTRAL TILES    : 768

NUM. OF X PIXELS (EXT) : 2048
NUM. OF Y PIXELS (EXT) : 2048
NUM. OF ANGLES (EXT)   : 1536
NUM. OF RHOS (EXT)     : 2048

NUM. OF PIXELS (EXT)   : 4194304
NUM. OF RAYS (EXT)     : 3145728

NUMBER OF PROCESSES    : 8
NUMBER OF THRD./PROC.  : 200

INTEGER: 4, FLOAT: 4, LONG: 8, SHORT: 2, POINTER: 8
APPROX. MEMORY     TOTAL: 1.407188e+02 GB
APPROX. MEMORY PER PROC.: 1.758984e+01 GB

X START       : -1.024000e+03
Y START       : -1.024000e+03
PIXEL SIZE    : 1.000000e+00
RHO START     : -1.024000e+03
RAY LENGTH    : 4.096000e+03

SPATIAL INDEXING       : 5
SPECTRAL INDEXING      : 5
 1: CARTESIAN, NATURAL
 2: CARTESIAN, TRANSPOSED
 3: MORTON, NATURAL
 4: MORTON, TRANSPOSED
 5: HILBERT
PROJECTION BLOCK SIZE      : 1024
BACKPROJECTION BLOCK SIZE  : 1024
PROJECTION BUFFER SIZE      : 32 KB
BACKPROJECTION BUFFER SIZE  : 32 KB

SINOGRAM FILE : ../../../../datasets/CDS3_sinogram.bin
   THETA FILE : ../../../../datasets/CDS3_theta.bin
  OUTPUT FILE : ../../output/visualization/ip-0A000009/50.200.CDS3.64.64.1024.1024.32.32.bin


PLACE TILES
lspat 32 lspatdim 32
lspec 32 lspecdim 32
MPI PARTITIONING
proc: 0 numspats: 128 numpixs: 524288 numspecs: 96 numrays: 393216
proc: 1 numspats: 128 numpixs: 524288 numspecs: 96 numrays: 393216
proc: 2 numspats: 128 numpixs: 524288 numspecs: 96 numrays: 393216
proc: 3 numspats: 128 numpixs: 524288 numspecs: 96 numrays: 393216
proc: 4 numspats: 128 numpixs: 524288 numspecs: 96 numrays: 393216
proc: 5 numspats: 128 numpixs: 524288 numspecs: 96 numrays: 393216
proc: 6 numspats: 128 numpixs: 524288 numspecs: 96 numrays: 393216
proc: 7 numspats: 128 numpixs: 524288 numspecs: 96 numrays: 393216
maxnumpix: 524288 maxnumray: 393216
FILL PIXELS AND RAYS
INPUT THETA DATA
DOMAIN PARTITIONING

CONSTRUCT PROJECTION MATRIX
CSR STORAGE: 7524337176 (56.060681 GB) rownzmax 1535
RAY-TRACING TIME: 1.024370e+00
CONSTRUCT BACKPROJECTION MATRIX
CSR STORAGE: 7524337176 (56.060681 GB) rownzmax 2035
TRANSPOSITION TIME: 8.093885e-01

BLOCKING PROJECTION MATRIX
NUMBER OF BLOCKS: 1229 BUFFSIZE: 8192
NUMBER OF BUFFERS: 7641 AVERAGE BUFF/BLOCK: 6.217250 MAX BUFF/BLOCK: 15
BUFFER MAP: 419827871 (1.563981 GB)
CSR STORAGE: 7524337176 (42.045510 GB) buffnzmax: 753 STORAGE EFFICIENCY: 0.176627 DATA REUSE: 15.331580
BLOCKING TIME: 5.540727e-01
BLOCKING BACKPROJECTION MATRIX
NUMBER OF BLOCKS: 512 BUFFSIZE: 8192
NUMBER OF BUFFERS: 3656 AVERAGE BUFF/BLOCK: 7.140625 MAX BUFF/BLOCK: 8
BUFFER MAP: 235135281 (0.875947 GB)
CSR STORAGE: 7524337176 (42.045510 GB) buffnzmax: 528 STORAGE EFFICIENCY: 0.176627 DATA REUSE: 31.999743
BLOCKING TIME: 5.907186e-01

FILL PROJECTION MATRIX
TIME: 6.205924e-01
FILL BACKPROJECTION MATRIX
TIME: 7.162009e-01
REDUCTION MAPPINGS
PREPROCESSING TIME: 4.388002e+00
INPUT MEASUREMENT DATA
INPUT ENDS
GRADIENT-DESCENT OPTIMIZATION
iter: 0 error: 4.635891e+05 gradnorm: 1.207700e+12
iter: 1 error: 4.012780e+04 gradnorm: 2.761368e+10
iter: 2 error: 4.345174e+03 gradnorm: 1.113061e+09
iter: 3 error: 2.518517e+03 gradnorm: 4.642888e+08
iter: 4 error: 1.738985e+03 gradnorm: 8.752222e+07
iter: 5 error: 1.274322e+03 gradnorm: 3.326155e+07
iter: 6 error: 1.021309e+03 gradnorm: 3.839915e+07
iter: 7 error: 9.185381e+02 gradnorm: 9.687234e+07
iter: 8 error: 8.476805e+02 gradnorm: 4.311205e+07
iter: 9 error: 7.652551e+02 gradnorm: 3.216067e+07
iter: 10 error: 6.697328e+02 gradnorm: 2.374205e+07
iter: 11 error: 5.941123e+02 gradnorm: 1.737165e+07
iter: 12 error: 5.181950e+02 gradnorm: 1.243834e+07
iter: 13 error: 4.529587e+02 gradnorm: 1.237651e+07
iter: 14 error: 4.063569e+02 gradnorm: 7.998052e+06
iter: 15 error: 3.740282e+02 gradnorm: 1.671475e+07
iter: 16 error: 3.616671e+02 gradnorm: 1.343982e+07
iter: 17 error: 3.274510e+02 gradnorm: 4.652839e+06
iter: 18 error: 2.923561e+02 gradnorm: 5.231838e+06
iter: 19 error: 2.667919e+02 gradnorm: 3.720560e+06
iter: 20 error: 2.437955e+02 gradnorm: 2.782951e+06
iter: 21 error: 2.215722e+02 gradnorm: 3.944162e+06
iter: 22 error: 2.155654e+02 gradnorm: 4.120553e+06
iter: 23 error: 2.108160e+02 gradnorm: 6.547286e+06
iter: 24 error: 1.981253e+02 gradnorm: 1.745019e+06
iter: 25 error: 1.829133e+02 gradnorm: 1.535370e+06
iter: 26 error: 1.734275e+02 gradnorm: 1.388964e+06
iter: 27 error: 1.666502e+02 gradnorm: 2.768892e+06
iter: 28 error: 1.613193e+02 gradnorm: 1.397457e+06
iter: 29 error: 1.547588e+02 gradnorm: 1.269296e+06
iter: 30 error: 1.532678e+02 gradnorm: 2.461634e+06
iter: 31 error: 1.483589e+02 gradnorm: 1.007520e+06
iter: 32 error: 1.425918e+02 gradnorm: 7.315758e+05
iter: 33 error: 1.386525e+02 gradnorm: 6.915184e+05
iter: 34 error: 1.350085e+02 gradnorm: 7.861561e+05
iter: 35 error: 1.322002e+02 gradnorm: 6.489684e+05
iter: 36 error: 1.298235e+02 gradnorm: 1.264162e+06
iter: 37 error: 1.290525e+02 gradnorm: 6.303223e+05
iter: 38 error: 1.261757e+02 gradnorm: 4.630585e+05
iter: 39 error: 1.242759e+02 gradnorm: 4.070028e+05
iter: 40 error: 1.225638e+02 gradnorm: 4.685969e+05
iter: 41 error: 1.205231e+02 gradnorm: 5.645129e+05
iter: 42 error: 1.195903e+02 gradnorm: 2.772302e+05
iter: 43 error: 1.177489e+02 gradnorm: 6.835054e+05
iter: 44 error: 1.173485e+02 gradnorm: 3.573685e+05
iter: 45 error: 1.157470e+02 gradnorm: 2.136286e+05
iter: 46 error: 1.142221e+02 gradnorm: 2.062269e+05
iter: 47 error: 1.135731e+02 gradnorm: 3.548823e+05
iter: 48 error: 1.123615e+02 gradnorm: 2.879639e+05
iter: 49 error: 1.116187e+02 gradnorm: 1.746452e+05
iter: 50 error: 1.105207e+02 gradnorm: 3.922775e+05
recon: 1.800397e+01 proj: 1.146572e+01 (7.693750e+00 3.259663e+00 5.122161e-01) backproj: 5.637573e+00 (2.192509e-01 1.492314e+00 3.925966e+00) ctime: 8.065435e-01 wtime: 6.236957e-02
numproj: 101 numback: 51
proj: 6.158675e+01 s (24.679271 GFLOPS) backproj: 3.141692e+01 s (24.428954 GFLOPS) avGFLOPS: 24.594713 totGFLOPS: 196.757707
proj: 76.791823 GB/s back: 74.813670 GB/s av: 76.123597 GB/s tot: 608.988775 GB/s
Total Time: 2.344766e+01
