NUM. THETA             : 360
NUM. RHO               : 256
NUM. X PIXELS          : 256
NUM. Y PIXELS          : 256

NUM. OF PIXELS         : 65536
NUM. OF RAYS           : 92160

NUM. ITERATIONS        : 24

SPATIAL TILE SIZE      : 16
SPECTRAL TILE SIZE     : 16

NUMBER OF X TILES      : 16
NUMBER OF Y TILES      : 16
NUM. OF THETA TILES    : 23
NUM. OF RHO TILES      : 16

NUM. SPATIAL TILES     : 256
NUM. SPECTRAL TILES    : 368

NUM. OF X PIXELS (EXT) : 256
NUM. OF Y PIXELS (EXT) : 256
NUM. OF ANGLES (EXT)   : 368
NUM. OF RHOS (EXT)     : 256

NUM. OF PIXELS (EXT)   : 65536
NUM. OF RAYS (EXT)     : 94208

NUMBER OF PROCESSES    : 2
NUMBER OF THRD./PROC.  : 12

INTEGER: 4, FLOAT: 4, LONG: 8, SHORT: 2, POINTER: 8
APPROX. MEMORY     TOTAL: 5.273438e-01 GB
APPROX. MEMORY PER PROC.: 2.636719e-01 GB

X START       : -1.280000e+02
Y START       : -1.280000e+02
PIXEL SIZE    : 1.000000e+00
RHO START     : -1.280000e+02
RAY LENGTH    : 5.120000e+02

SPATIAL INDEXING       : 5
SPECTRAL INDEXING      : 5
 1: CARTESIAN, NATURAL
 2: CARTESIAN, TRANSPOSED
 3: MORTON, NATURAL
 4: MORTON, TRANSPOSED
 5: HILBERT
PROJECTION BLOCK SIZE      : 128
BACKPROJECTION BLOCK SIZE  : 128
PROJECTION BUFFER SIZE      : 32 KB
BACKPROJECTION BUFFER SIZE  : 32 KB

SINOGRAM FILE : ../../../../datasets/ADS1_sinogram.bin
   THETA FILE : ../../../../datasets/ADS1_theta.bin
  OUTPUT FILE : ../../output/strong_scaling_on_cpu/gorgon0/1.12.ADS1.16.16.128.128.32.32.bin


PLACE TILES
lspat 16 lspatdim 16
lspec 23 lspecdim 32
MPI PARTITIONING
proc: 0 numspats: 128 numpixs: 32768 numspecs: 184 numrays: 47104
proc: 1 numspats: 128 numpixs: 32768 numspecs: 184 numrays: 47104
maxnumpix: 32768 maxnumray: 47104
FILL PIXELS AND RAYS
INPUT THETA DATA
DOMAIN PARTITIONING

CONSTRUCT PROJECTION MATRIX
CSR STORAGE: 28200752 (0.210112 GB) rownzmax 383
RAY-TRACING TIME: 8.960831e-01
CONSTRUCT BACKPROJECTION MATRIX
CSR STORAGE: 28200752 (0.210112 GB) rownzmax 524
TRANSPOSITION TIME: 1.991796e-02

BLOCKING PROJECTION MATRIX
NUMBER OF BLOCKS: 590 BUFFSIZE: 8192
NUMBER OF BUFFERS: 590 AVERAGE BUFF/BLOCK: 1.000000 MAX BUFF/BLOCK: 1
BUFFER MAP: 3321972 (0.012375 GB)
CSR STORAGE: 28200752 (0.157584 GB) buffnzmax: 383 STORAGE EFFICIENCY: 0.750000 DATA REUSE: 8.801793
BLOCKING TIME: 2.384710e-02
BLOCKING BACKPROJECTION MATRIX
NUMBER OF BLOCKS: 256 BUFFSIZE: 8192
NUMBER OF BUFFERS: 256 AVERAGE BUFF/BLOCK: 1.000000 MAX BUFF/BLOCK: 1
BUFFER MAP: 2642958 (0.009846 GB)
CSR STORAGE: 28200752 (0.157584 GB) buffnzmax: 524 STORAGE EFFICIENCY: 0.750000 DATA REUSE: 10.670154
BLOCKING TIME: 2.176714e-02

FILL PROJECTION MATRIX
TIME: 5.766511e-02
FILL BACKPROJECTION MATRIX
TIME: 6.771612e-02
REDUCTION MAPPINGS
PREPROCESSING TIME: 1.087981e+00
INPUT MEASUREMENT DATA
INPUT ENDS
GRADIENT-DESCENT OPTIMIZATION
iter: 0 error: 2.235911e+08 gradnorm: 1.319810e+13
iter: 1 error: 5.746499e+07 gradnorm: 1.082450e+12
iter: 2 error: 7.825115e+06 gradnorm: 8.191753e+10
iter: 3 error: 1.580174e+06 gradnorm: 8.642857e+09
iter: 4 error: 5.867171e+05 gradnorm: 3.836436e+09
iter: 5 error: 2.986113e+05 gradnorm: 1.314314e+09
iter: 6 error: 1.238255e+05 gradnorm: 2.680682e+08
iter: 7 error: 5.581805e+04 gradnorm: 2.514163e+08
iter: 8 error: 4.934786e+04 gradnorm: 2.536785e+08
iter: 9 error: 3.219983e+04 gradnorm: 5.902621e+07
iter: 10 error: 1.943895e+04 gradnorm: 4.016567e+07
iter: 11 error: 1.184974e+04 gradnorm: 1.641025e+07
iter: 12 error: 7.659517e+03 gradnorm: 1.056657e+07
iter: 13 error: 5.821032e+03 gradnorm: 1.930301e+07
iter: 14 error: 4.764646e+03 gradnorm: 7.903372e+06
iter: 15 error: 3.883797e+03 gradnorm: 2.620789e+07
iter: 16 error: 3.355134e+03 gradnorm: 4.037132e+06
iter: 17 error: 2.474784e+03 gradnorm: 2.071026e+06
iter: 18 error: 1.738944e+03 gradnorm: 1.540908e+06
iter: 19 error: 1.415836e+03 gradnorm: 2.258878e+06
iter: 20 error: 1.213733e+03 gradnorm: 8.550118e+05
iter: 21 error: 9.656293e+02 gradnorm: 2.559658e+06
iter: 22 error: 9.243491e+02 gradnorm: 6.930225e+05
iter: 23 error: 7.329564e+02 gradnorm: 6.126419e+05
iter: 24 error: 6.766531e+02 gradnorm: 7.855752e+05
recon: 1.375771e-01 proj: 9.056735e-02 (8.298087e-02 6.533384e-03 1.036644e-03) backproj: 4.320145e-02 (2.598763e-04 2.016783e-03 4.092264e-02) ctime: 3.236532e-03 wtime: 3.788471e-04
numproj: 49 numback: 25
proj: 1.659660e-01 s (16.652044 GFLOPS) backproj: 8.184528e-02 s (17.228086 GFLOPS) avGFLOPS: 16.842295 totGFLOPS: 33.684590
proj: 53.879263 GB/s back: 54.913471 GB/s av: 54.220834 GB/s tot: 108.441667 GB/s
Total Time: 1.326204e+00
