NUM. THETA             : 750
NUM. RHO               : 512
NUM. X PIXELS          : 512
NUM. Y PIXELS          : 512

NUM. OF PIXELS         : 262144
NUM. OF RAYS           : 384000

NUM. ITERATIONS        : 24

SPATIAL TILE SIZE      : 16
SPECTRAL TILE SIZE     : 16

NUMBER OF X TILES      : 32
NUMBER OF Y TILES      : 32
NUM. OF THETA TILES    : 47
NUM. OF RHO TILES      : 32

NUM. SPATIAL TILES     : 1024
NUM. SPECTRAL TILES    : 1504

NUM. OF X PIXELS (EXT) : 512
NUM. OF Y PIXELS (EXT) : 512
NUM. OF ANGLES (EXT)   : 752
NUM. OF RHOS (EXT)     : 512

NUM. OF PIXELS (EXT)   : 262144
NUM. OF RAYS (EXT)     : 385024

NUMBER OF PROCESSES    : 2
NUMBER OF THRD./PROC.  : 12

INTEGER: 4, FLOAT: 4, LONG: 8, SHORT: 2, POINTER: 8
APPROX. MEMORY     TOTAL: 4.394531e+00 GB
APPROX. MEMORY PER PROC.: 2.197266e+00 GB

X START       : -2.560000e+02
Y START       : -2.560000e+02
PIXEL SIZE    : 1.000000e+00
RHO START     : -2.560000e+02
RAY LENGTH    : 1.024000e+03

SPATIAL INDEXING       : 5
SPECTRAL INDEXING      : 5
 1: CARTESIAN, NATURAL
 2: CARTESIAN, TRANSPOSED
 3: MORTON, NATURAL
 4: MORTON, TRANSPOSED
 5: HILBERT
PROJECTION BLOCK SIZE      : 128
BACKPROJECTION BLOCK SIZE  : 128
PROJECTION BUFFER SIZE      : 32 KB
BACKPROJECTION BUFFER SIZE  : 32 KB

SINOGRAM FILE : ../../../../datasets/ADS2_sinogram.bin
   THETA FILE : ../../../../datasets/ADS2_theta.bin
  OUTPUT FILE : ../../output/strong_scaling_on_cpu/gorgon0/1.12.ADS2.16.16.128.128.32.32.bin


PLACE TILES
lspat 32 lspatdim 32
lspec 47 lspecdim 64
MPI PARTITIONING
proc: 0 numspats: 512 numpixs: 131072 numspecs: 752 numrays: 192512
proc: 1 numspats: 512 numpixs: 131072 numspecs: 752 numrays: 192512
maxnumpix: 131072 maxnumray: 192512
FILL PIXELS AND RAYS
INPUT THETA DATA
DOMAIN PARTITIONING

CONSTRUCT PROJECTION MATRIX
CSR STORAGE: 235012096 (1.750977 GB) rownzmax 766
RAY-TRACING TIME: 1.520517e+01
CONSTRUCT BACKPROJECTION MATRIX
CSR STORAGE: 235012096 (1.750977 GB) rownzmax 1092
TRANSPOSITION TIME: 1.685350e-01

BLOCKING PROJECTION MATRIX
NUMBER OF BLOCKS: 2455 BUFFSIZE: 8192
NUMBER OF BUFFERS: 2826 AVERAGE BUFF/BLOCK: 1.151120 MAX BUFF/BLOCK: 2
BUFFER MAP: 28467892 (0.106051 GB)
CSR STORAGE: 235012096 (1.313232 GB) buffnzmax: 740 STORAGE EFFICIENCY: 0.749998 DATA REUSE: 8.355506
BLOCKING TIME: 2.084231e-01
BLOCKING BACKPROJECTION MATRIX
NUMBER OF BLOCKS: 1024 BUFFSIZE: 8192
NUMBER OF BUFFERS: 1936 AVERAGE BUFF/BLOCK: 1.890625 MAX BUFF/BLOCK: 2
BUFFER MAP: 22030524 (0.082070 GB)
CSR STORAGE: 235012096 (1.313232 GB) buffnzmax: 856 STORAGE EFFICIENCY: 0.749998 DATA REUSE: 10.667545
BLOCKING TIME: 1.889720e-01

FILL PROJECTION MATRIX
TIME: 4.744639e-01
FILL BACKPROJECTION MATRIX
TIME: 5.530159e-01
REDUCTION MAPPINGS
PREPROCESSING TIME: 1.680085e+01
INPUT MEASUREMENT DATA
INPUT ENDS
GRADIENT-DESCENT OPTIMIZATION
iter: 0 error: 1.926989e+09 gradnorm: 4.059983e+14
iter: 1 error: 6.127064e+08 gradnorm: 5.319142e+13
iter: 2 error: 1.166512e+08 gradnorm: 6.856443e+12
iter: 3 error: 3.920478e+07 gradnorm: 1.622128e+12
iter: 4 error: 1.373285e+07 gradnorm: 3.565774e+11
iter: 5 error: 5.039982e+06 gradnorm: 8.951267e+10
iter: 6 error: 2.422975e+06 gradnorm: 4.575653e+10
iter: 7 error: 1.454058e+06 gradnorm: 2.198569e+10
iter: 8 error: 9.655364e+05 gradnorm: 4.354941e+10
iter: 9 error: 7.681555e+05 gradnorm: 1.096492e+10
iter: 10 error: 4.303419e+05 gradnorm: 3.286538e+09
iter: 11 error: 2.741978e+05 gradnorm: 2.446198e+09
iter: 12 error: 1.877739e+05 gradnorm: 1.700348e+09
iter: 13 error: 1.228581e+05 gradnorm: 7.415301e+08
iter: 14 error: 8.721991e+04 gradnorm: 5.692506e+08
iter: 15 error: 7.851475e+04 gradnorm: 1.842402e+09
iter: 16 error: 5.989414e+04 gradnorm: 4.435962e+08
iter: 17 error: 5.021672e+04 gradnorm: 5.552884e+08
iter: 18 error: 3.998660e+04 gradnorm: 2.193373e+08
iter: 19 error: 2.957764e+04 gradnorm: 1.152327e+08
iter: 20 error: 2.177696e+04 gradnorm: 1.003545e+08
iter: 21 error: 1.721950e+04 gradnorm: 1.954807e+08
iter: 22 error: 1.638151e+04 gradnorm: 7.955250e+07
iter: 23 error: 1.260089e+04 gradnorm: 4.288009e+07
iter: 24 error: 1.026641e+04 gradnorm: 6.797477e+07
recon: 1.029640e+00 proj: 6.963396e-01 (6.716881e-01 2.121639e-02 3.413200e-03) backproj: 3.273582e-01 (8.819103e-04 6.650686e-03 3.198225e-01) ctime: 5.408049e-03 wtime: 3.631115e-04
numproj: 49 numback: 25
proj: 1.343367e+00 s (17.144375 GFLOPS) backproj: 6.396484e-01 s (18.370411 GFLOPS) avGFLOPS: 17.539850 totGFLOPS: 35.079699
proj: 55.586650 GB/s back: 58.555395 GB/s av: 56.544259 GB/s tot: 113.088517 GB/s
Total Time: 1.859483e+01
