NUM. THETA             : 750
NUM. RHO               : 512
NUM. X PIXELS          : 512
NUM. Y PIXELS          : 512

NUM. OF PIXELS         : 262144
NUM. OF RAYS           : 384000

NUM. ITERATIONS        : 24

SPATIAL TILE SIZE      : 16
SPECTRAL TILE SIZE     : 16

NUMBER OF X TILES      : 32
NUMBER OF Y TILES      : 32
NUM. OF THETA TILES    : 47
NUM. OF RHO TILES      : 32

NUM. SPATIAL TILES     : 1024
NUM. SPECTRAL TILES    : 1504

NUM. OF X PIXELS (EXT) : 512
NUM. OF Y PIXELS (EXT) : 512
NUM. OF ANGLES (EXT)   : 752
NUM. OF RHOS (EXT)     : 512

NUM. OF PIXELS (EXT)   : 262144
NUM. OF RAYS (EXT)     : 385024

NUMBER OF PROCESSES    : 4
NUMBER OF THRD./PROC.  : 12

INTEGER: 4, FLOAT: 4, LONG: 8, SHORT: 2, POINTER: 8
APPROX. MEMORY     TOTAL: 4.394531e+00 GB
APPROX. MEMORY PER PROC.: 1.098633e+00 GB

X START       : -2.560000e+02
Y START       : -2.560000e+02
PIXEL SIZE    : 1.000000e+00
RHO START     : -2.560000e+02
RAY LENGTH    : 1.024000e+03

SPATIAL INDEXING       : 5
SPECTRAL INDEXING      : 5
 1: CARTESIAN, NATURAL
 2: CARTESIAN, TRANSPOSED
 3: MORTON, NATURAL
 4: MORTON, TRANSPOSED
 5: HILBERT
PROJECTION BLOCK SIZE      : 128
BACKPROJECTION BLOCK SIZE  : 128
PROJECTION BUFFER SIZE      : 32 KB
BACKPROJECTION BUFFER SIZE  : 32 KB

SINOGRAM FILE : ../../../../datasets/ADS2_sinogram.bin
   THETA FILE : ../../../../datasets/ADS2_theta.bin
  OUTPUT FILE : ../../output/strong_scaling_on_cpu/gorgon0/2.12.ADS2.16.16.128.128.32.32.bin


PLACE TILES
lspat 32 lspatdim 32
lspec 47 lspecdim 64
MPI PARTITIONING
proc: 0 numspats: 256 numpixs: 65536 numspecs: 376 numrays: 96256
proc: 1 numspats: 256 numpixs: 65536 numspecs: 376 numrays: 96256
proc: 2 numspats: 256 numpixs: 65536 numspecs: 376 numrays: 96256
proc: 3 numspats: 256 numpixs: 65536 numspecs: 376 numrays: 96256
maxnumpix: 65536 maxnumray: 96256
FILL PIXELS AND RAYS
INPUT THETA DATA
DOMAIN PARTITIONING

CONSTRUCT PROJECTION MATRIX
CSR STORAGE: 235012096 (1.750977 GB) rownzmax 511
RAY-TRACING TIME: 5.222773e+00
CONSTRUCT BACKPROJECTION MATRIX
CSR STORAGE: 235012096 (1.750977 GB) rownzmax 1092
TRANSPOSITION TIME: 1.643848e-01

BLOCKING PROJECTION MATRIX
NUMBER OF BLOCKS: 1705 BUFFSIZE: 8192
NUMBER OF BUFFERS: 1712 AVERAGE BUFF/BLOCK: 1.004106 MAX BUFF/BLOCK: 2
BUFFER MAP: 26823809 (0.099926 GB)
CSR STORAGE: 235012096 (1.313232 GB) buffnzmax: 510 STORAGE EFFICIENCY: 0.375000 DATA REUSE: 9.111356
BLOCKING TIME: 9.596682e-02
BLOCKING BACKPROJECTION MATRIX
NUMBER OF BLOCKS: 512 BUFFSIZE: 8192
NUMBER OF BUFFERS: 968 AVERAGE BUFF/BLOCK: 1.890625 MAX BUFF/BLOCK: 2
BUFFER MAP: 22030524 (0.082070 GB)
CSR STORAGE: 235012096 (1.313232 GB) buffnzmax: 822 STORAGE EFFICIENCY: 0.375000 DATA REUSE: 10.667562
BLOCKING TIME: 8.803010e-02

FILL PROJECTION MATRIX
TIME: 2.375510e-01
FILL BACKPROJECTION MATRIX
TIME: 2.796240e-01
REDUCTION MAPPINGS
PREPROCESSING TIME: 6.090044e+00
INPUT MEASUREMENT DATA
INPUT ENDS
GRADIENT-DESCENT OPTIMIZATION
iter: 0 error: 1.926989e+09 gradnorm: 4.059983e+14
iter: 1 error: 6.127064e+08 gradnorm: 5.319140e+13
iter: 2 error: 1.166512e+08 gradnorm: 6.856444e+12
iter: 3 error: 3.920479e+07 gradnorm: 1.622128e+12
iter: 4 error: 1.373285e+07 gradnorm: 3.565773e+11
iter: 5 error: 5.039981e+06 gradnorm: 8.951244e+10
iter: 6 error: 2.422930e+06 gradnorm: 4.574151e+10
iter: 7 error: 1.452202e+06 gradnorm: 2.139960e+10
iter: 8 error: 8.626897e+05 gradnorm: 2.029019e+10
iter: 9 error: 7.517930e+05 gradnorm: 1.561048e+10
iter: 10 error: 4.303275e+05 gradnorm: 3.291225e+09
iter: 11 error: 2.741978e+05 gradnorm: 2.446210e+09
iter: 12 error: 1.877740e+05 gradnorm: 1.700356e+09
iter: 13 error: 1.228586e+05 gradnorm: 7.414136e+08
iter: 14 error: 8.704925e+04 gradnorm: 5.027325e+08
iter: 15 error: 6.585896e+04 gradnorm: 1.134581e+09
iter: 16 error: 5.949345e+04 gradnorm: 6.941830e+08
iter: 17 error: 5.160788e+04 gradnorm: 5.173606e+08
iter: 18 error: 4.003410e+04 gradnorm: 2.143043e+08
iter: 19 error: 2.957801e+04 gradnorm: 1.151867e+08
iter: 20 error: 2.177516e+04 gradnorm: 9.976689e+07
iter: 21 error: 1.679111e+04 gradnorm: 6.386752e+07
iter: 22 error: 1.442885e+04 gradnorm: 3.542505e+08
iter: 23 error: 1.257804e+04 gradnorm: 4.293939e+07
iter: 24 error: 9.916133e+03 gradnorm: 5.270053e+07
recon: 5.416811e-01 proj: 3.663521e-01 (3.421624e-01 2.176642e-02 2.398729e-03) backproj: 1.699908e-01 (6.749630e-04 7.576942e-03 1.617301e-01) ctime: 4.346848e-03 wtime: 6.453991e-04
numproj: 49 numback: 25
proj: 1.368603e+00 s (16.828241 GFLOPS) backproj: 6.468949e-01 s (18.164626 GFLOPS) avGFLOPS: 17.257168 totGFLOPS: 69.028672
proj: 54.326207 GB/s back: 57.899459 GB/s av: 55.473079 GB/s tot: 221.892318 GB/s
Total Time: 7.059506e+00
