NUM. THETA             : 360
NUM. RHO               : 256
NUM. X PIXELS          : 256
NUM. Y PIXELS          : 256

NUM. OF PIXELS         : 65536
NUM. OF RAYS           : 92160

NUM. ITERATIONS        : 24

SPATIAL TILE SIZE      : 16
SPECTRAL TILE SIZE     : 16

NUMBER OF X TILES      : 16
NUMBER OF Y TILES      : 16
NUM. OF THETA TILES    : 23
NUM. OF RHO TILES      : 16

NUM. SPATIAL TILES     : 256
NUM. SPECTRAL TILES    : 368

NUM. OF X PIXELS (EXT) : 256
NUM. OF Y PIXELS (EXT) : 256
NUM. OF ANGLES (EXT)   : 368
NUM. OF RHOS (EXT)     : 256

NUM. OF PIXELS (EXT)   : 65536
NUM. OF RAYS (EXT)     : 94208

NUMBER OF PROCESSES    : 4
NUMBER OF THRD./PROC.  : 12

INTEGER: 4, FLOAT: 4, LONG: 8, SHORT: 2, POINTER: 8
APPROX. MEMORY     TOTAL: 5.273438e-01 GB
APPROX. MEMORY PER PROC.: 1.318359e-01 GB

X START       : -1.280000e+02
Y START       : -1.280000e+02
PIXEL SIZE    : 1.000000e+00
RHO START     : -1.280000e+02
RAY LENGTH    : 5.120000e+02

SPATIAL INDEXING       : 5
SPECTRAL INDEXING      : 5
 1: CARTESIAN, NATURAL
 2: CARTESIAN, TRANSPOSED
 3: MORTON, NATURAL
 4: MORTON, TRANSPOSED
 5: HILBERT
PROJECTION BLOCK SIZE      : 128
BACKPROJECTION BLOCK SIZE  : 128
PROJECTION BUFFER SIZE      : 32 KB
BACKPROJECTION BUFFER SIZE  : 32 KB

SINOGRAM FILE : ../../../../datasets/ADS1_sinogram.bin
   THETA FILE : ../../../../datasets/ADS1_theta.bin
  OUTPUT FILE : ../../output/strong_scaling_on_cpu/gorgon0/2.12.ADS1.16.16.128.128.32.32.bin


PLACE TILES
lspat 16 lspatdim 16
lspec 23 lspecdim 32
MPI PARTITIONING
proc: 0 numspats: 64 numpixs: 16384 numspecs: 92 numrays: 23552
proc: 1 numspats: 64 numpixs: 16384 numspecs: 92 numrays: 23552
proc: 2 numspats: 64 numpixs: 16384 numspecs: 92 numrays: 23552
proc: 3 numspats: 64 numpixs: 16384 numspecs: 92 numrays: 23552
maxnumpix: 16384 maxnumray: 23552
FILL PIXELS AND RAYS
INPUT THETA DATA
DOMAIN PARTITIONING

CONSTRUCT PROJECTION MATRIX
CSR STORAGE: 28200752 (0.210112 GB) rownzmax 255
RAY-TRACING TIME: 3.336911e-01
CONSTRUCT BACKPROJECTION MATRIX
CSR STORAGE: 28200752 (0.210112 GB) rownzmax 524
TRANSPOSITION TIME: 2.176809e-02

BLOCKING PROJECTION MATRIX
NUMBER OF BLOCKS: 410 BUFFSIZE: 8192
NUMBER OF BUFFERS: 410 AVERAGE BUFF/BLOCK: 1.000000 MAX BUFF/BLOCK: 1
BUFFER MAP: 3305700 (0.012315 GB)
CSR STORAGE: 28200752 (0.157584 GB) buffnzmax: 255 STORAGE EFFICIENCY: 0.375002 DATA REUSE: 8.976339
BLOCKING TIME: 1.176000e-02
BLOCKING BACKPROJECTION MATRIX
NUMBER OF BLOCKS: 128 BUFFSIZE: 8192
NUMBER OF BUFFERS: 128 AVERAGE BUFF/BLOCK: 1.000000 MAX BUFF/BLOCK: 1
BUFFER MAP: 2642958 (0.009846 GB)
CSR STORAGE: 28200752 (0.157584 GB) buffnzmax: 524 STORAGE EFFICIENCY: 0.375002 DATA REUSE: 10.670177
BLOCKING TIME: 1.130414e-02

FILL PROJECTION MATRIX
TIME: 2.940583e-02
FILL BACKPROJECTION MATRIX
TIME: 3.412700e-02
REDUCTION MAPPINGS
PREPROCESSING TIME: 4.429691e-01
INPUT MEASUREMENT DATA
INPUT ENDS
GRADIENT-DESCENT OPTIMIZATION
iter: 0 error: 2.235911e+08 gradnorm: 1.319810e+13
iter: 1 error: 5.746499e+07 gradnorm: 1.082450e+12
iter: 2 error: 7.825114e+06 gradnorm: 8.191754e+10
iter: 3 error: 1.580174e+06 gradnorm: 8.642858e+09
iter: 4 error: 5.867171e+05 gradnorm: 3.836436e+09
iter: 5 error: 2.986116e+05 gradnorm: 1.314341e+09
iter: 6 error: 1.238610e+05 gradnorm: 2.710808e+08
iter: 7 error: 6.826842e+04 gradnorm: 1.051377e+09
iter: 8 error: 5.104080e+04 gradnorm: 1.439802e+08
iter: 9 error: 3.220266e+04 gradnorm: 5.880333e+07
iter: 10 error: 1.943893e+04 gradnorm: 4.016507e+07
iter: 11 error: 1.184954e+04 gradnorm: 1.640443e+07
iter: 12 error: 7.649846e+03 gradnorm: 1.037087e+07
iter: 13 error: 5.923240e+03 gradnorm: 3.933815e+07
iter: 14 error: 5.140620e+03 gradnorm: 1.134240e+07
iter: 15 error: 4.411588e+03 gradnorm: 1.095249e+07
iter: 16 error: 3.355703e+03 gradnorm: 3.883383e+06
iter: 17 error: 2.475122e+03 gradnorm: 2.077250e+06
iter: 18 error: 1.752042e+03 gradnorm: 1.776364e+06
iter: 19 error: 1.499673e+03 gradnorm: 2.289524e+06
iter: 20 error: 1.217862e+03 gradnorm: 8.272893e+05
iter: 21 error: 1.091824e+03 gradnorm: 5.903712e+06
iter: 22 error: 9.267968e+02 gradnorm: 6.034431e+05
iter: 23 error: 7.665062e+02 gradnorm: 1.046872e+06
iter: 24 error: 6.839715e+02 gradnorm: 4.537057e+05
recon: 7.365799e-02 proj: 4.679728e-02 (4.148006e-02 4.484415e-03 8.232594e-04) backproj: 2.287769e-02 (2.601147e-04 1.910210e-03 2.070332e-02) ctime: 3.169775e-03 wtime: 5.497932e-04
numproj: 49 numback: 25
proj: 1.658311e-01 s (16.665595 GFLOPS) backproj: 8.288193e-02 s (17.012606 GFLOPS) avGFLOPS: 16.781234 totGFLOPS: 67.124935
proj: 53.903875 GB/s back: 54.226642 GB/s av: 54.011435 GB/s tot: 216.045739 GB/s
Total Time: 5.815980e-01
