NUM. THETA             : 750
NUM. RHO               : 512
NUM. X PIXELS          : 512
NUM. Y PIXELS          : 512

NUM. OF PIXELS         : 262144
NUM. OF RAYS           : 384000

NUM. ITERATIONS        : 24

SPATIAL TILE SIZE      : 16
SPECTRAL TILE SIZE     : 16

NUMBER OF X TILES      : 32
NUMBER OF Y TILES      : 32
NUM. OF THETA TILES    : 47
NUM. OF RHO TILES      : 32

NUM. SPATIAL TILES     : 1024
NUM. SPECTRAL TILES    : 1504

NUM. OF X PIXELS (EXT) : 512
NUM. OF Y PIXELS (EXT) : 512
NUM. OF ANGLES (EXT)   : 752
NUM. OF RHOS (EXT)     : 512

NUM. OF PIXELS (EXT)   : 262144
NUM. OF RAYS (EXT)     : 385024

NUMBER OF PROCESSES    : 8
NUMBER OF THRD./PROC.  : 12

INTEGER: 4, FLOAT: 4, LONG: 8, SHORT: 2, POINTER: 8
APPROX. MEMORY     TOTAL: 4.394531e+00 GB
APPROX. MEMORY PER PROC.: 5.493164e-01 GB

X START       : -2.560000e+02
Y START       : -2.560000e+02
PIXEL SIZE    : 1.000000e+00
RHO START     : -2.560000e+02
RAY LENGTH    : 1.024000e+03

SPATIAL INDEXING       : 5
SPECTRAL INDEXING      : 5
 1: CARTESIAN, NATURAL
 2: CARTESIAN, TRANSPOSED
 3: MORTON, NATURAL
 4: MORTON, TRANSPOSED
 5: HILBERT
PROJECTION BLOCK SIZE      : 128
BACKPROJECTION BLOCK SIZE  : 128
PROJECTION BUFFER SIZE      : 32 KB
BACKPROJECTION BUFFER SIZE  : 32 KB

SINOGRAM FILE : ../../../../datasets/ADS2_sinogram.bin
   THETA FILE : ../../../../datasets/ADS2_theta.bin
  OUTPUT FILE : ../../output/strong_scaling_on_cpu/gorgon0/4.12.ADS2.16.16.128.128.32.32.bin


PLACE TILES
lspat 32 lspatdim 32
lspec 47 lspecdim 64
MPI PARTITIONING
proc: 0 numspats: 128 numpixs: 32768 numspecs: 188 numrays: 48128
proc: 1 numspats: 128 numpixs: 32768 numspecs: 188 numrays: 48128
proc: 2 numspats: 128 numpixs: 32768 numspecs: 188 numrays: 48128
proc: 3 numspats: 128 numpixs: 32768 numspecs: 188 numrays: 48128
proc: 4 numspats: 128 numpixs: 32768 numspecs: 188 numrays: 48128
proc: 5 numspats: 128 numpixs: 32768 numspecs: 188 numrays: 48128
proc: 6 numspats: 128 numpixs: 32768 numspecs: 188 numrays: 48128
proc: 7 numspats: 128 numpixs: 32768 numspecs: 188 numrays: 48128
maxnumpix: 32768 maxnumray: 48128
FILL PIXELS AND RAYS
INPUT THETA DATA
DOMAIN PARTITIONING

CONSTRUCT PROJECTION MATRIX
CSR STORAGE: 235012096 (1.750977 GB) rownzmax 383
RAY-TRACING TIME: 2.048530e+00
CONSTRUCT BACKPROJECTION MATRIX
CSR STORAGE: 235012096 (1.750977 GB) rownzmax 1033
TRANSPOSITION TIME: 1.747749e-01

BLOCKING PROJECTION MATRIX
NUMBER OF BLOCKS: 1228 BUFFSIZE: 8192
NUMBER OF BUFFERS: 1228 AVERAGE BUFF/BLOCK: 1.000000 MAX BUFF/BLOCK: 1
BUFFER MAP: 27415436 (0.102130 GB)
CSR STORAGE: 235012096 (1.313232 GB) buffnzmax: 383 STORAGE EFFICIENCY: 0.176622 DATA REUSE: 8.313587
BLOCKING TIME: 5.046511e-02
BLOCKING BACKPROJECTION MATRIX
NUMBER OF BLOCKS: 256 BUFFSIZE: 8192
NUMBER OF BUFFERS: 456 AVERAGE BUFF/BLOCK: 1.781250 MAX BUFF/BLOCK: 2
BUFFER MAP: 22030524 (0.082070 GB)
CSR STORAGE: 235012096 (1.313232 GB) buffnzmax: 822 STORAGE EFFICIENCY: 0.176622 DATA REUSE: 10.679137
BLOCKING TIME: 4.515409e-02

FILL PROJECTION MATRIX
TIME: 1.122921e-01
FILL BACKPROJECTION MATRIX
TIME: 1.337509e-01
REDUCTION MAPPINGS
PREPROCESSING TIME: 2.597386e+00
INPUT MEASUREMENT DATA
INPUT ENDS
GRADIENT-DESCENT OPTIMIZATION
iter: 0 error: 1.926989e+09 gradnorm: 4.059983e+14
iter: 1 error: 6.127064e+08 gradnorm: 5.319140e+13
iter: 2 error: 1.166512e+08 gradnorm: 6.856444e+12
iter: 3 error: 3.920479e+07 gradnorm: 1.622128e+12
iter: 4 error: 1.373285e+07 gradnorm: 3.565773e+11
iter: 5 error: 5.039981e+06 gradnorm: 8.951241e+10
iter: 6 error: 2.422922e+06 gradnorm: 4.573920e+10
iter: 7 error: 1.451914e+06 gradnorm: 2.130865e+10
iter: 8 error: 8.414101e+05 gradnorm: 1.382925e+10
iter: 9 error: 7.162044e+05 gradnorm: 2.383378e+10
iter: 10 error: 4.302898e+05 gradnorm: 3.303392e+09
iter: 11 error: 2.741977e+05 gradnorm: 2.446237e+09
iter: 12 error: 1.877738e+05 gradnorm: 1.700340e+09
iter: 13 error: 1.228562e+05 gradnorm: 7.411092e+08
iter: 14 error: 8.696491e+04 gradnorm: 4.909258e+08
iter: 15 error: 6.183651e+04 gradnorm: 4.453701e+08
iter: 16 error: 5.319590e+04 gradnorm: 1.028133e+09
iter: 17 error: 4.635266e+04 gradnorm: 6.132808e+08
iter: 18 error: 3.973128e+04 gradnorm: 2.471526e+08
iter: 19 error: 2.957563e+04 gradnorm: 1.154747e+08
iter: 20 error: 2.177517e+04 gradnorm: 9.976768e+07
iter: 21 error: 1.678579e+04 gradnorm: 6.184045e+07
iter: 22 error: 1.283971e+04 gradnorm: 4.477182e+07
iter: 23 error: 1.102175e+04 gradnorm: 1.822453e+08
iter: 24 error: 1.007397e+04 gradnorm: 7.457130e+07
recon: 3.066230e-01 proj: 2.047641e-01 (1.843047e-01 1.838064e-02 2.065659e-03) backproj: 9.600115e-02 (6.933212e-04 7.262945e-03 8.803988e-02) ctime: 4.285812e-03 wtime: 1.054049e-03
numproj: 49 numback: 25
proj: 1.474623e+00 s (15.618353 GFLOPS) backproj: 7.043221e-01 s (16.683567 GFLOPS) avGFLOPS: 15.962672 totGFLOPS: 127.701380
proj: 50.498990 GB/s back: 53.178605 GB/s av: 51.365148 GB/s tot: 410.921186 GB/s
Total Time: 3.160391e+00
