NUM. THETA             : 360
NUM. RHO               : 256
NUM. X PIXELS          : 256
NUM. Y PIXELS          : 256

NUM. OF PIXELS         : 65536
NUM. OF RAYS           : 92160

NUM. ITERATIONS        : 24

SPATIAL TILE SIZE      : 16
SPECTRAL TILE SIZE     : 16

NUMBER OF X TILES      : 16
NUMBER OF Y TILES      : 16
NUM. OF THETA TILES    : 23
NUM. OF RHO TILES      : 16

NUM. SPATIAL TILES     : 256
NUM. SPECTRAL TILES    : 368

NUM. OF X PIXELS (EXT) : 256
NUM. OF Y PIXELS (EXT) : 256
NUM. OF ANGLES (EXT)   : 368
NUM. OF RHOS (EXT)     : 256

NUM. OF PIXELS (EXT)   : 65536
NUM. OF RAYS (EXT)     : 94208

NUMBER OF PROCESSES    : 8
NUMBER OF THRD./PROC.  : 12

INTEGER: 4, FLOAT: 4, LONG: 8, SHORT: 2, POINTER: 8
APPROX. MEMORY     TOTAL: 5.273438e-01 GB
APPROX. MEMORY PER PROC.: 6.591797e-02 GB

X START       : -1.280000e+02
Y START       : -1.280000e+02
PIXEL SIZE    : 1.000000e+00
RHO START     : -1.280000e+02
RAY LENGTH    : 5.120000e+02

SPATIAL INDEXING       : 5
SPECTRAL INDEXING      : 5
 1: CARTESIAN, NATURAL
 2: CARTESIAN, TRANSPOSED
 3: MORTON, NATURAL
 4: MORTON, TRANSPOSED
 5: HILBERT
PROJECTION BLOCK SIZE      : 128
BACKPROJECTION BLOCK SIZE  : 128
PROJECTION BUFFER SIZE      : 32 KB
BACKPROJECTION BUFFER SIZE  : 32 KB

SINOGRAM FILE : ../../../../datasets/ADS1_sinogram.bin
   THETA FILE : ../../../../datasets/ADS1_theta.bin
  OUTPUT FILE : ../../output/strong_scaling_on_cpu/gorgon0/4.12.ADS1.16.16.128.128.32.32.bin


PLACE TILES
lspat 16 lspatdim 16
lspec 23 lspecdim 32
MPI PARTITIONING
proc: 0 numspats: 32 numpixs: 8192 numspecs: 46 numrays: 11776
proc: 1 numspats: 32 numpixs: 8192 numspecs: 46 numrays: 11776
proc: 2 numspats: 32 numpixs: 8192 numspecs: 46 numrays: 11776
proc: 3 numspats: 32 numpixs: 8192 numspecs: 46 numrays: 11776
proc: 4 numspats: 32 numpixs: 8192 numspecs: 46 numrays: 11776
proc: 5 numspats: 32 numpixs: 8192 numspecs: 46 numrays: 11776
proc: 6 numspats: 32 numpixs: 8192 numspecs: 46 numrays: 11776
proc: 7 numspats: 32 numpixs: 8192 numspecs: 46 numrays: 11776
maxnumpix: 8192 maxnumray: 11776
FILL PIXELS AND RAYS
INPUT THETA DATA
DOMAIN PARTITIONING

CONSTRUCT PROJECTION MATRIX
CSR STORAGE: 28200752 (0.210112 GB) rownzmax 191
RAY-TRACING TIME: 1.496270e-01
CONSTRUCT BACKPROJECTION MATRIX
CSR STORAGE: 28200752 (0.210112 GB) rownzmax 511
TRANSPOSITION TIME: 1.363993e-02

BLOCKING PROJECTION MATRIX
NUMBER OF BLOCKS: 295 BUFFSIZE: 8192
NUMBER OF BUFFERS: 295 AVERAGE BUFF/BLOCK: 1.000000 MAX BUFF/BLOCK: 1
BUFFER MAP: 3399325 (0.012663 GB)
CSR STORAGE: 28200752 (0.157584 GB) buffnzmax: 191 STORAGE EFFICIENCY: 0.176623 DATA REUSE: 7.761290
BLOCKING TIME: 6.016016e-03
BLOCKING BACKPROJECTION MATRIX
NUMBER OF BLOCKS: 64 BUFFSIZE: 8192
NUMBER OF BUFFERS: 64 AVERAGE BUFF/BLOCK: 1.000000 MAX BUFF/BLOCK: 1
BUFFER MAP: 2642958 (0.009846 GB)
CSR STORAGE: 28200752 (0.157584 GB) buffnzmax: 511 STORAGE EFFICIENCY: 0.176623 DATA REUSE: 10.680598
BLOCKING TIME: 5.893946e-03

FILL PROJECTION MATRIX
TIME: 1.391387e-02
FILL BACKPROJECTION MATRIX
TIME: 1.759100e-02
REDUCTION MAPPINGS
PREPROCESSING TIME: 2.119319e-01
INPUT MEASUREMENT DATA
INPUT ENDS
GRADIENT-DESCENT OPTIMIZATION
iter: 0 error: 2.235911e+08 gradnorm: 1.319810e+13
iter: 1 error: 5.746498e+07 gradnorm: 1.082451e+12
iter: 2 error: 7.825114e+06 gradnorm: 8.191753e+10
iter: 3 error: 1.580174e+06 gradnorm: 8.642855e+09
iter: 4 error: 5.867171e+05 gradnorm: 3.836435e+09
iter: 5 error: 2.986114e+05 gradnorm: 1.314319e+09
iter: 6 error: 1.238325e+05 gradnorm: 2.686628e+08
iter: 7 error: 5.874732e+04 gradnorm: 4.758483e+08
iter: 8 error: 5.062725e+04 gradnorm: 1.731180e+08
iter: 9 error: 3.220202e+04 gradnorm: 5.885370e+07
iter: 10 error: 1.943893e+04 gradnorm: 4.016507e+07
iter: 11 error: 1.184946e+04 gradnorm: 1.640176e+07
iter: 12 error: 7.643606e+03 gradnorm: 1.007940e+07
iter: 13 error: 5.318047e+03 gradnorm: 1.149867e+07
iter: 14 error: 4.905197e+03 gradnorm: 1.763381e+07
iter: 15 error: 3.987077e+03 gradnorm: 1.214626e+07
iter: 16 error: 3.341168e+03 gradnorm: 4.269166e+06
iter: 17 error: 2.474554e+03 gradnorm: 2.071484e+06
iter: 18 error: 1.733872e+03 gradnorm: 1.448480e+06
iter: 19 error: 1.338363e+03 gradnorm: 1.569288e+06
iter: 20 error: 1.205373e+03 gradnorm: 1.121518e+06
iter: 21 error: 1.044999e+03 gradnorm: 5.407268e+06
iter: 22 error: 9.313206e+02 gradnorm: 6.586617e+05
iter: 23 error: 7.947822e+02 gradnorm: 1.142021e+06
iter: 24 error: 6.858563e+02 gradnorm: 4.201680e+05
recon: 3.992915e-02 proj: 2.181816e-02 (1.744652e-02 3.508329e-03 8.518696e-04) backproj: 1.383877e-02 (2.694130e-04 1.691103e-03 1.187730e-02) ctime: 2.926350e-03 wtime: 8.313656e-04
numproj: 49 numback: 25
proj: 1.394982e-01 s (19.811532 GFLOPS) backproj: 9.478974e-02 s (14.875424 GFLOPS) avGFLOPS: 17.814449 totGFLOPS: 142.515595
proj: 64.210768 GB/s back: 47.414503 GB/s av: 57.415227 GB/s tot: 459.321816 GB/s
Total Time: 2.968440e-01
