NUM. THETA             : 750
NUM. RHO               : 512
NUM. X PIXELS          : 512
NUM. Y PIXELS          : 512

NUM. OF PIXELS         : 262144
NUM. OF RAYS           : 384000

NUM. ITERATIONS        : 24

SPATIAL TILE SIZE      : 128
SPECTRAL TILE SIZE     : 128

NUMBER OF X TILES      : 4
NUMBER OF Y TILES      : 4
NUM. OF THETA TILES    : 6
NUM. OF RHO TILES      : 4

NUM. SPATIAL TILES     : 16
NUM. SPECTRAL TILES    : 24

NUM. OF X PIXELS (EXT) : 512
NUM. OF Y PIXELS (EXT) : 512
NUM. OF ANGLES (EXT)   : 768
NUM. OF RHOS (EXT)     : 512

NUM. OF PIXELS (EXT)   : 262144
NUM. OF RAYS (EXT)     : 393216

NUMBER OF PROCESSES    : 2
NUMBER OF THRD./PROC.  : 24

INTEGER: 4, FLOAT: 4, LONG: 8, SHORT: 2, POINTER: 8
APPROX. MEMORY     TOTAL: 4.394531e+00 GB
APPROX. MEMORY PER PROC.: 2.197266e+00 GB

X START       : -2.560000e+02
Y START       : -2.560000e+02
PIXEL SIZE    : 1.000000e+00
RHO START     : -2.560000e+02
RAY LENGTH    : 1.024000e+03

SPATIAL INDEXING       : 5
SPECTRAL INDEXING      : 5
 1: CARTESIAN, NATURAL
 2: CARTESIAN, TRANSPOSED
 3: MORTON, NATURAL
 4: MORTON, TRANSPOSED
PROJECTION BLOCK SIZE      : 128
BACKPROJECTION BLOCK SIZE  : 128
PROJECTION BUFFER SIZE      : 8 KB
BACKPROJECTION BUFFER SIZE  : 8 KB

SINOGRAM FILE : ../../../../datasets/ADS2_sinogram.bin
   THETA FILE : ../../../../datasets/ADS2_theta.bin
  OUTPUT FILE : ./recon.ADS2.bin


PLACE TILES
lspat 4 lspatdim 4
lspec 6 lspecdim 8
MPI PARTITIONING
proc: 0 numspats: 8 numpixs: 131072 numspecs: 12 numrays: 196608
proc: 1 numspats: 8 numpixs: 131072 numspecs: 12 numrays: 196608
maxnumpix: 131072 maxnumray: 196608
FILL PIXELS AND RAYS
INPUT THETA DATA
DOMAIN PARTITIONING
myid 0 raynuminc 322569/628440 raynumout 314220/628440
myid 1 raynuminc 305871/628440 raynumout 314220/628440

CONSTRUCT PROJECTION MATRIX
CSR STORAGE: 235012144 (1.750977 GB) rownzmax 766
RAY-TRACING TIME: 6.519540e+00
CONSTRUCT BACKPROJECTION MATRIX
CSR STORAGE: 235012144 (1.750977 GB) rownzmax 1092
TRANSPOSITION TIME: 1.415806e+00

BLOCKING PROJECTION MATRIX
NUMBER OF BLOCKS: 4910 BUFFSIZE: 2048
NUMBER OF BUFFERS: 16059 AVERAGE BUFF/BLOCK: 3.270672 MAX BUFF/BLOCK: 8
BUFF MAP: 32888832 (0.122520 GB)
ELLPACK STORAGE: 292836992 (1.636354 GB) buffnzmax: 381 STORAGE EFFICIENCY: 1.203804 DATA REUSE: 8.481091
BLOCKING TIME: 2.040186e+00
BLOCKING BACKPROJECTION MATRIX
NUMBER OF BLOCKS: 2048 BUFFSIZE: 2048
NUMBER OF BUFFERS: 11664 AVERAGE BUFF/BLOCK: 5.695312 MAX BUFF/BLOCK: 6
BUFF MAP: 23887872 (0.088989 GB)
ELLPACK STORAGE: 273891712 (1.530489 GB) buffnzmax: 340 STORAGE EFFICIENCY: 1.287071 DATA REUSE: 10.667567
BLOCKING TIME: 2.918855e+00

FILL PROJECTION MATRIX
TIME: 5.596178e+00
FILL BACKPROJECTION MATRIX
TIME: 8.704782e+00
REDUCTION MAPPINGS
PREPROCESSING TIME: 2.719747e+01
myid: 0 device: 0
myid: 1 device: 1

Device Count: 1
Device 0 name: 1598219824
Computational Capabilities: 7, 0
Maximum global memory size: 16945512448
Maximum constant memory size: 65536
Maximum shared memory size per block: 49152
Maximum block dimensions: 1024x1024x64
Maximum grid dimensions: 2147483647x65535x65535
Maximum threads per block: 1024
Warp size: 32

PROC 0 TOTAL GPU MEMORY: 2.385060 GB
INPUT MEASUREMENT DATA
PROC 1 TOTAL GPU MEMORY: 2.376016 GB
INPUT ENDS
GRADIENT-DESCENT OPTIMIZATION
iter: 0 error: 1.926985e+09 gradnorm: 4.059984e+14
iter: 1 error: 6.127069e+08 gradnorm: 5.319132e+13
iter: 2 error: 1.166509e+08 gradnorm: 6.856435e+12
iter: 3 error: 3.920470e+07 gradnorm: 1.622119e+12
iter: 4 error: 1.373288e+07 gradnorm: 3.565782e+11
iter: 5 error: 5.039994e+06 gradnorm: 8.952030e+10
iter: 6 error: 2.424913e+06 gradnorm: 4.639331e+10
iter: 7 error: 1.525029e+06 gradnorm: 4.227931e+10
iter: 8 error: 1.294263e+06 gradnorm: 2.935105e+10
iter: 9 error: 7.720089e+05 gradnorm: 9.791551e+09
iter: 10 error: 4.303463e+05 gradnorm: 3.285541e+09
iter: 11 error: 2.741994e+05 gradnorm: 2.446442e+09
iter: 12 error: 1.878056e+05 gradnorm: 1.704860e+09
iter: 13 error: 1.240870e+05 gradnorm: 1.073436e+09
iter: 14 error: 1.148898e+05 gradnorm: 1.781139e+09
iter: 15 error: 8.836853e+04 gradnorm: 9.114410e+08
iter: 16 error: 7.578996e+04 gradnorm: 5.956003e+08
iter: 17 error: 5.412724e+04 gradnorm: 3.131479e+08
iter: 18 error: 4.008695e+04 gradnorm: 2.085892e+08
iter: 19 error: 2.958111e+04 gradnorm: 1.159818e+08
iter: 20 error: 2.286413e+04 gradnorm: 4.133334e+08
iter: 21 error: 2.116693e+04 gradnorm: 1.134818e+08
iter: 22 error: 1.647949e+04 gradnorm: 6.348234e+07
iter: 23 error: 1.316210e+04 gradnorm: 7.463790e+07
iter: 24 error: 1.149649e+04 gradnorm: 5.092802e+07
recon: 1.671847e-01 proj: 8.385482e-02 (5.797427e-02 1.825692e-02 4.212622e-03) backproj: 4.107753e-02 (2.200227e-03 8.791578e-03 2.863098e-02) ctime: 4.175800e-02 wtime: 3.027235e-04
numproj: 49 numback: 25
proj: 1.174170e-01 s (196.148754 GFLOPS) backproj: 5.611811e-02 s (209.390636 GFLOPS) avGFLOPS: 200.430940 totGFLOPS: 400.861879
proj: 788.133909 GB/s back: 774.661554 GB/s av: 783.777192 GB/s tot: 1567.554385 GB/s
Total Time: 2.861421e+01
