NUM. THETA             : 750
NUM. RHO               : 512
NUM. X PIXELS          : 512
NUM. Y PIXELS          : 512

NUM. OF PIXELS         : 262144
NUM. OF RAYS           : 384000

NUM. ITERATIONS        : 24

SPATIAL TILE SIZE      : 128
SPECTRAL TILE SIZE     : 128

NUMBER OF X TILES      : 4
NUMBER OF Y TILES      : 4
NUM. OF THETA TILES    : 6
NUM. OF RHO TILES      : 4

NUM. SPATIAL TILES     : 16
NUM. SPECTRAL TILES    : 24

NUM. OF X PIXELS (EXT) : 512
NUM. OF Y PIXELS (EXT) : 512
NUM. OF ANGLES (EXT)   : 768
NUM. OF RHOS (EXT)     : 512

NUM. OF PIXELS (EXT)   : 262144
NUM. OF RAYS (EXT)     : 393216

NUMBER OF PROCESSES    : 4
NUMBER OF THRD./PROC.  : 24

INTEGER: 4, FLOAT: 4, LONG: 8, SHORT: 2, POINTER: 8
APPROX. MEMORY     TOTAL: 4.394531e+00 GB
APPROX. MEMORY PER PROC.: 1.098633e+00 GB

X START       : -2.560000e+02
Y START       : -2.560000e+02
PIXEL SIZE    : 1.000000e+00
RHO START     : -2.560000e+02
RAY LENGTH    : 1.024000e+03

SPATIAL INDEXING       : 5
SPECTRAL INDEXING      : 5
 1: CARTESIAN, NATURAL
 2: CARTESIAN, TRANSPOSED
 3: MORTON, NATURAL
 4: MORTON, TRANSPOSED
PROJECTION BLOCK SIZE      : 128
BACKPROJECTION BLOCK SIZE  : 128
PROJECTION BUFFER SIZE      : 8 KB
BACKPROJECTION BUFFER SIZE  : 8 KB

SINOGRAM FILE : ../../../../datasets/ADS2_sinogram.bin
   THETA FILE : ../../../../datasets/ADS2_theta.bin
  OUTPUT FILE : ./recon.ADS2.bin


PLACE TILES
lspat 4 lspatdim 4
lspec 6 lspecdim 8
MPI PARTITIONING
proc: 0 numspats: 4 numpixs: 65536 numspecs: 6 numrays: 98304
proc: 1 numspats: 4 numpixs: 65536 numspecs: 6 numrays: 98304
proc: 2 numspats: 4 numpixs: 65536 numspecs: 6 numrays: 98304
proc: 3 numspats: 4 numpixs: 65536 numspecs: 6 numrays: 98304
maxnumpix: 65536 maxnumray: 98304
FILL PIXELS AND RAYS
INPUT THETA DATA
DOMAIN PARTITIONING
myid 0 raynuminc 223572/872880 raynumout 218220/872880
myid 1 raynuminc 223695/872880 raynumout 218220/872880
myid 2 raynuminc 223634/872880 raynumout 218220/872880
myid 3 raynuminc 201979/872880 raynumout 218220/872880

CONSTRUCT PROJECTION MATRIX
CSR STORAGE: 235012144 (1.750977 GB) rownzmax 511
RAY-TRACING TIME: 3.172344e+00
CONSTRUCT BACKPROJECTION MATRIX
CSR STORAGE: 235012144 (1.750977 GB) rownzmax 1092
TRANSPOSITION TIME: 7.683477e-01

BLOCKING PROJECTION MATRIX
NUMBER OF BLOCKS: 6820 BUFFSIZE: 2048
NUMBER OF BUFFERS: 16786 AVERAGE BUFF/BLOCK: 2.461290 MAX BUFF/BLOCK: 5
BUFF MAP: 34377728 (0.128067 GB)
ELLPACK STORAGE: 291882112 (1.631018 GB) buffnzmax: 415 STORAGE EFFICIENCY: 1.207742 DATA REUSE: 8.662005
BLOCKING TIME: 8.935538e-01
BLOCKING BACKPROJECTION MATRIX
NUMBER OF BLOCKS: 2048 BUFFSIZE: 2048
NUMBER OF BUFFERS: 11664 AVERAGE BUFF/BLOCK: 5.695312 MAX BUFF/BLOCK: 6
BUFF MAP: 23887872 (0.088989 GB)
ELLPACK STORAGE: 273891712 (1.530489 GB) buffnzmax: 340 STORAGE EFFICIENCY: 1.287071 DATA REUSE: 10.667567
BLOCKING TIME: 1.366967e+00

FILL PROJECTION MATRIX
TIME: 2.750708e+00
FILL BACKPROJECTION MATRIX
TIME: 4.367068e+00
REDUCTION MAPPINGS
PREPROCESSING TIME: 1.332017e+01
myid: 0 device: 0
myid: 1 device: 1
myid: 2 device: 2
myid: 3 device: 3

Device Count: 1
Device 0 name: 2003043840
Computational Capabilities: 7, 0
Maximum global memory size: 16945512448
Maximum constant memory size: 65536
Maximum shared memory size per block: 49152
Maximum block dimensions: 1024x1024x64
Maximum grid dimensions: 2147483647x65535x65535
Maximum threads per block: 1024
Warp size: 32

PROC 2 TOTAL GPU MEMORY: 1.185862 GB
PROC 3 TOTAL GPU MEMORY: 1.188421 GB
PROC 0 TOTAL GPU MEMORY: 1.189137 GB
INPUT MEASUREMENT DATA
PROC 1 TOTAL GPU MEMORY: 1.195982 GB
INPUT ENDS
GRADIENT-DESCENT OPTIMIZATION
iter: 0 error: 1.926988e+09 gradnorm: 4.059983e+14
iter: 1 error: 6.127069e+08 gradnorm: 5.319143e+13
iter: 2 error: 1.166509e+08 gradnorm: 6.856435e+12
iter: 3 error: 3.920471e+07 gradnorm: 1.622120e+12
iter: 4 error: 1.373288e+07 gradnorm: 3.565781e+11
iter: 5 error: 5.039971e+06 gradnorm: 8.951295e+10
iter: 6 error: 2.423020e+06 gradnorm: 4.577119e+10
iter: 7 error: 1.455887e+06 gradnorm: 2.255984e+10
iter: 8 error: 1.030655e+06 gradnorm: 5.145015e+10
iter: 9 error: 7.699134e+05 gradnorm: 1.043331e+10
iter: 10 error: 4.303444e+05 gradnorm: 3.286092e+09
iter: 11 error: 2.741978e+05 gradnorm: 2.446228e+09
iter: 12 error: 1.877762e+05 gradnorm: 1.700560e+09
iter: 13 error: 1.229025e+05 gradnorm: 7.502342e+08
iter: 14 error: 9.134466e+04 gradnorm: 1.613779e+09
iter: 15 error: 8.405129e+04 gradnorm: 6.753725e+08
iter: 16 error: 6.752018e+04 gradnorm: 9.151494e+08
iter: 17 error: 5.386269e+04 gradnorm: 3.393812e+08
iter: 18 error: 4.008247e+04 gradnorm: 2.090715e+08
iter: 19 error: 2.957850e+04 gradnorm: 1.151488e+08
iter: 20 error: 2.177766e+04 gradnorm: 1.001128e+08
iter: 21 error: 1.698259e+04 gradnorm: 1.217489e+08
iter: 22 error: 1.630382e+04 gradnorm: 1.077207e+08
iter: 23 error: 1.276103e+04 gradnorm: 5.317089e+07
iter: 24 error: 1.107797e+04 gradnorm: 6.358840e+07
recon: 1.075716e-01 proj: 5.043938e-02 (2.993926e-02 1.580885e-02 2.525659e-03) backproj: 2.511451e-02 (1.429935e-03 8.426509e-03 1.427808e-02) ctime: 3.107920e-02 wtime: 5.592258e-04
numproj: 49 numback: 25
proj: 1.197790e-01 s (192.280688 GFLOPS) backproj: 5.737757e-02 s (204.794445 GFLOPS) avGFLOPS: 196.333650 totGFLOPS: 785.334601
proj: 772.684437 GB/s back: 757.657485 GB/s av: 767.817500 GB/s tot: 3071.270000 GB/s
Total Time: 1.454232e+01
