NUM. THETA             : 750
NUM. RHO               : 512
NUM. X PIXELS          : 512
NUM. Y PIXELS          : 512

NUM. OF PIXELS         : 262144
NUM. OF RAYS           : 384000

NUM. ITERATIONS        : 24

SPATIAL TILE SIZE      : 128
SPECTRAL TILE SIZE     : 128

NUMBER OF X TILES      : 4
NUMBER OF Y TILES      : 4
NUM. OF THETA TILES    : 6
NUM. OF RHO TILES      : 4

NUM. SPATIAL TILES     : 16
NUM. SPECTRAL TILES    : 24

NUM. OF X PIXELS (EXT) : 512
NUM. OF Y PIXELS (EXT) : 512
NUM. OF ANGLES (EXT)   : 768
NUM. OF RHOS (EXT)     : 512

NUM. OF PIXELS (EXT)   : 262144
NUM. OF RAYS (EXT)     : 393216

NUMBER OF PROCESSES    : 1
NUMBER OF THRD./PROC.  : 24

INTEGER: 4, FLOAT: 4, LONG: 8, SHORT: 2, POINTER: 8
APPROX. MEMORY     TOTAL: 4.394531e+00 GB
APPROX. MEMORY PER PROC.: 4.394531e+00 GB

X START       : -2.560000e+02
Y START       : -2.560000e+02
PIXEL SIZE    : 1.000000e+00
RHO START     : -2.560000e+02
RAY LENGTH    : 1.024000e+03

SPATIAL INDEXING       : 5
SPECTRAL INDEXING      : 5
 1: CARTESIAN, NATURAL
 2: CARTESIAN, TRANSPOSED
 3: MORTON, NATURAL
 4: MORTON, TRANSPOSED
PROJECTION BLOCK SIZE      : 128
BACKPROJECTION BLOCK SIZE  : 128
PROJECTION BUFFER SIZE      : 8 KB
BACKPROJECTION BUFFER SIZE  : 8 KB

SINOGRAM FILE : ../../../../datasets/ADS2_sinogram.bin
   THETA FILE : ../../../../datasets/ADS2_theta.bin
  OUTPUT FILE : ./recon.ADS2.bin


PLACE TILES
lspat 4 lspatdim 4
lspec 6 lspecdim 8
MPI PARTITIONING
proc: 0 numspats: 16 numpixs: 262144 numspecs: 24 numrays: 393216
maxnumpix: 262144 maxnumray: 393216
FILL PIXELS AND RAYS
INPUT THETA DATA
DOMAIN PARTITIONING
myid 0 raynuminc 384000/384000 raynumout 384000/384000

CONSTRUCT PROJECTION MATRIX
CSR STORAGE: 235012144 (1.750977 GB) rownzmax 1022
RAY-TRACING TIME: 1.338879e+01
CONSTRUCT BACKPROJECTION MATRIX
CSR STORAGE: 235012144 (1.750977 GB) rownzmax 1092
TRANSPOSITION TIME: 2.935186e+00

BLOCKING PROJECTION MATRIX
NUMBER OF BLOCKS: 3000 BUFFSIZE: 2048
NUMBER OF BUFFERS: 14550 AVERAGE BUFF/BLOCK: 4.850000 MAX BUFF/BLOCK: 8
BUFF MAP: 29798400 (0.111008 GB)
ELLPACK STORAGE: 287811712 (1.608273 GB) buffnzmax: 312 STORAGE EFFICIENCY: 1.224822 DATA REUSE: 8.919461
BLOCKING TIME: 4.826331e+00
BLOCKING BACKPROJECTION MATRIX
NUMBER OF BLOCKS: 2048 BUFFSIZE: 2048
NUMBER OF BUFFERS: 11664 AVERAGE BUFF/BLOCK: 5.695312 MAX BUFF/BLOCK: 6
BUFF MAP: 23887872 (0.088989 GB)
ELLPACK STORAGE: 273891712 (1.530489 GB) buffnzmax: 456 STORAGE EFFICIENCY: 1.287071 DATA REUSE: 10.667567
BLOCKING TIME: 6.144846e+00

FILL PROJECTION MATRIX
TIME: 1.133695e+01
FILL BACKPROJECTION MATRIX
TIME: 1.742849e+01
REDUCTION MAPPINGS
PREPROCESSING TIME: 5.606381e+01
myid: 0 device: 0

Device Count: 1
Device 0 name: 1346644096
Computational Capabilities: 7, 0
Maximum global memory size: 16945512448
Maximum constant memory size: 65536
Maximum shared memory size per block: 49152
Maximum block dimensions: 1024x1024x64
Maximum grid dimensions: 2147483647x65535x65535
Maximum threads per block: 1024
Warp size: 32

PROC 0 TOTAL GPU MEMORY: 4.708498 GB
INPUT MEASUREMENT DATA
INPUT ENDS
GRADIENT-DESCENT OPTIMIZATION
iter: 0 error: 1.926981e+09 gradnorm: 4.059989e+14
iter: 1 error: 6.127071e+08 gradnorm: 5.319121e+13
iter: 2 error: 1.166508e+08 gradnorm: 6.856449e+12
iter: 3 error: 3.920466e+07 gradnorm: 1.622120e+12
iter: 4 error: 1.373287e+07 gradnorm: 3.565782e+11
iter: 5 error: 5.039987e+06 gradnorm: 8.952032e+10
iter: 6 error: 2.424912e+06 gradnorm: 4.639472e+10
iter: 7 error: 1.525174e+06 gradnorm: 4.231670e+10
iter: 8 error: 1.294334e+06 gradnorm: 2.933324e+10
iter: 9 error: 7.720082e+05 gradnorm: 9.791494e+09
iter: 10 error: 4.303455e+05 gradnorm: 3.285564e+09
iter: 11 error: 2.742036e+05 gradnorm: 2.446982e+09
iter: 12 error: 1.878735e+05 gradnorm: 1.712706e+09
iter: 13 error: 1.255386e+05 gradnorm: 1.354672e+09
iter: 14 error: 1.164212e+05 gradnorm: 1.472869e+09
iter: 15 error: 9.433609e+04 gradnorm: 1.246644e+09
iter: 16 error: 7.686378e+04 gradnorm: 4.915169e+08
iter: 17 error: 5.414389e+04 gradnorm: 3.114524e+08
iter: 18 error: 4.008739e+04 gradnorm: 2.085750e+08
iter: 19 error: 2.958768e+04 gradnorm: 1.178433e+08
iter: 20 error: 2.436268e+04 gradnorm: 6.601455e+08
iter: 21 error: 2.122298e+04 gradnorm: 1.030423e+08
iter: 22 error: 1.664754e+04 gradnorm: 7.307986e+07
iter: 23 error: 1.403943e+04 gradnorm: 8.662240e+07
iter: 24 error: 1.159179e+04 gradnorm: 4.222231e+07
recon: 2.779462e-01 proj: 1.418640e-01 (1.114709e-01 1.795939e-02 7.036359e-03) backproj: 6.886740e-02 (3.818756e-03 9.073031e-03 5.349328e-02) ctime: 6.717230e-02 wtime: 1.531257e-05
numproj: 49 numback: 25
proj: 1.114709e-01 s (206.611601 GFLOPS) backproj: 5.349328e-02 s (219.665110 GFLOPS) avGFLOPS: 210.844488 totGFLOPS: 210.844488
proj: 811.486174 GB/s back: 812.672998 GB/s av: 811.871028 GB/s tot: 811.871028 GB/s
Total Time: 5.792246e+01
