NUM. THETA             : 375
NUM. RHO               : 1024
NUM. X PIXELS          : 1024
NUM. Y PIXELS          : 1024

NUM. OF PIXELS         : 1048576
NUM. OF RAYS           : 384000

NUM. ITERATIONS        : 24

SPATIAL TILE SIZE      : 256
SPECTRAL TILE SIZE     : 256

NUMBER OF X TILES      : 4
NUMBER OF Y TILES      : 4
NUM. OF THETA TILES    : 2
NUM. OF RHO TILES      : 4

NUM. SPATIAL TILES     : 16
NUM. SPECTRAL TILES    : 8

NUM. OF X PIXELS (EXT) : 1024
NUM. OF Y PIXELS (EXT) : 1024
NUM. OF ANGLES (EXT)   : 512
NUM. OF RHOS (EXT)     : 1024

NUM. OF PIXELS (EXT)   : 1048576
NUM. OF RAYS (EXT)     : 524288

NUMBER OF PROCESSES    : 1
NUMBER OF THRD./PROC.  : 12

INTEGER: 4, FLOAT: 4, LONG: 8, SHORT: 2, POINTER: 8
APPROX. MEMORY     TOTAL: 8.789062e+00 GB
APPROX. MEMORY PER PROC.: 8.789062e+00 GB

X START       : -5.120000e+02
Y START       : -5.120000e+02
PIXEL SIZE    : 1.000000e+00
RHO START     : -5.120000e+02
RAY LENGTH    : 2.048000e+03

SPATIAL INDEXING       : 5
SPECTRAL INDEXING      : 5
 1: CARTESIAN, NATURAL
 2: CARTESIAN, TRANSPOSED
 3: MORTON, NATURAL
 4: MORTON, TRANSPOSED
PROJECTION BLOCK SIZE      : 512
BACKPROJECTION BLOCK SIZE  : 512
PROJECTION BUFFER SIZE      : 48 KB
BACKPROJECTION BUFFER SIZE  : 48 KB

SINOGRAM FILE : ../../../../datasets/CDS2_sinogram.bin
   THETA FILE : ../../../../datasets/CDS2_theta.bin
  OUTPUT FILE : ../../output/single_gpu/ip-0A00000A/p100.12.CDS2.256.256.512.512.48.48.bin


PLACE TILES
lspat 4 lspatdim 4
lspec 4 lspecdim 4
MPI PARTITIONING
proc: 0 numspats: 16 numpixs: 1048576 numspecs: 8 numrays: 524288
maxnumpix: 1048576 maxnumray: 524288
FILL PIXELS AND RAYS
INPUT THETA DATA
DOMAIN PARTITIONING
myid 0 raynuminc 384000/384000 raynumout 384000/384000

CONSTRUCT PROJECTION MATRIX
CSR STORAGE: 470024248 (3.501954 GB) rownzmax 2046
RAY-TRACING TIME: 2.379117e+00
CONSTRUCT BACKPROJECTION MATRIX
CSR STORAGE: 470024248 (3.501954 GB) rownzmax 607
TRANSPOSITION TIME: 7.095287e-01

BLOCKING PROJECTION MATRIX
NUMBER OF BLOCKS: 750 BUFFSIZE: 12288
NUMBER OF BUFFERS: 3324 AVERAGE BUFF/BLOCK: 4.432000 MAX BUFF/BLOCK: 7
BUFF MAP: 40845312 (0.152161 GB)
ELLPACK STORAGE: 599623168 (3.350656 GB) buffnzmax: 716 STORAGE EFFICIENCY: 1.175799 DATA REUSE: 13.167217
BLOCKING TIME: 1.434704e+00
BLOCKING BACKPROJECTION MATRIX
NUMBER OF BLOCKS: 2048 BUFFSIZE: 12288
NUMBER OF BUFFERS: 2048 AVERAGE BUFF/BLOCK: 1.000000 MAX BUFF/BLOCK: 1
BUFF MAP: 25165824 (0.093750 GB)
ELLPACK STORAGE: 499608064 (2.791778 GB) buffnzmax: 607 STORAGE EFFICIENCY: 1.411179 DATA REUSE: 21.334856
BLOCKING TIME: 1.209705e+00

FILL PROJECTION MATRIX
TIME: 2.052904e+00
FILL BACKPROJECTION MATRIX
TIME: 2.434968e+00
REDUCTION MAPPINGS
PREPROCESSING TIME: 1.022398e+01
myid: 0 device: 0

Device Count: 2
Device 0 name: 226486592
Computational Capabilities: 6, 0
Maximum global memory size: 17071734784
Maximum constant memory size: 65536
Maximum shared memory size per block: 49152
Maximum block dimensions: 1024x1024x64
Maximum grid dimensions: 2147483647x65535x65535
Maximum threads per block: 1024
Warp size: 32

PROC 0 TOTAL GPU MEMORY: 9.057927 GB
INPUT MEASUREMENT DATA
INPUT ENDS
GRADIENT-DESCENT OPTIMIZATION
iter: 0 error: 5.498304e+04 gradnorm: 1.963867e+10
iter: 1 error: 3.375389e+03 gradnorm: 2.933218e+08
iter: 2 error: 1.127915e+03 gradnorm: 5.687457e+07
iter: 3 error: 4.702581e+02 gradnorm: 1.895929e+07
iter: 4 error: 3.071317e+02 gradnorm: 8.957346e+06
iter: 5 error: 2.100910e+02 gradnorm: 2.580081e+06
iter: 6 error: 1.482718e+02 gradnorm: 1.226603e+06
iter: 7 error: 1.195875e+02 gradnorm: 1.079137e+06
iter: 8 error: 1.009038e+02 gradnorm: 1.416133e+06
iter: 9 error: 9.336398e+01 gradnorm: 9.244090e+05
iter: 10 error: 7.640156e+01 gradnorm: 4.565582e+05
iter: 11 error: 6.296146e+01 gradnorm: 3.334246e+05
iter: 12 error: 5.229859e+01 gradnorm: 2.659162e+05
iter: 13 error: 4.650481e+01 gradnorm: 3.152919e+05
iter: 14 error: 4.194217e+01 gradnorm: 3.172190e+05
iter: 15 error: 3.887170e+01 gradnorm: 1.490052e+05
iter: 16 error: 3.523098e+01 gradnorm: 4.386049e+05
iter: 17 error: 3.316638e+01 gradnorm: 1.105612e+05
iter: 18 error: 3.028094e+01 gradnorm: 8.054762e+04
iter: 19 error: 2.769741e+01 gradnorm: 8.291880e+04
iter: 20 error: 2.659690e+01 gradnorm: 5.897710e+04
iter: 21 error: 2.502524e+01 gradnorm: 4.928092e+04
iter: 22 error: 2.405401e+01 gradnorm: 3.777507e+04
iter: 23 error: 2.324081e+01 gradnorm: 3.842428e+04
iter: 24 error: 2.297271e+01 gradnorm: 4.816354e+04
recon: 6.182246e-01 proj: 4.274045e-01 (3.818954e-01 1.819410e-02 9.492226e-03) backproj: 1.775355e-01 (5.017999e-03 9.177543e-03 1.547888e-01) ctime: 1.324340e-02 wtime: 1.510000e-05
numproj: 49 numback: 25
proj: 3.818954e-01 s (120.615176 GFLOPS) backproj: 1.547888e-01 s (151.827571 GFLOPS) avGFLOPS: 129.617360 totGFLOPS: 129.617360
proj: 482.579550 GB/s back: 500.409436 GB/s av: 487.721992 GB/s tot: 487.721992 GB/s
Total Time: 1.195815e+01
