NUM. THETA             : 375
NUM. RHO               : 1024
NUM. X PIXELS          : 1024
NUM. Y PIXELS          : 1024

NUM. OF PIXELS         : 1048576
NUM. OF RAYS           : 384000

NUM. ITERATIONS        : 24

SPATIAL TILE SIZE      : 256
SPECTRAL TILE SIZE     : 256

NUMBER OF X TILES      : 4
NUMBER OF Y TILES      : 4
NUM. OF THETA TILES    : 2
NUM. OF RHO TILES      : 4

NUM. SPATIAL TILES     : 16
NUM. SPECTRAL TILES    : 8

NUM. OF X PIXELS (EXT) : 1024
NUM. OF Y PIXELS (EXT) : 1024
NUM. OF ANGLES (EXT)   : 512
NUM. OF RHOS (EXT)     : 1024

NUM. OF PIXELS (EXT)   : 1048576
NUM. OF RAYS (EXT)     : 524288

NUMBER OF PROCESSES    : 1
NUMBER OF THRD./PROC.  : 12

INTEGER: 4, FLOAT: 4, LONG: 8, SHORT: 2, POINTER: 8
APPROX. MEMORY     TOTAL: 8.789062e+00 GB
APPROX. MEMORY PER PROC.: 8.789062e+00 GB

X START       : -5.120000e+02
Y START       : -5.120000e+02
PIXEL SIZE    : 1.000000e+00
RHO START     : -5.120000e+02
RAY LENGTH    : 2.048000e+03

SPATIAL INDEXING       : 5
SPECTRAL INDEXING      : 5
 1: CARTESIAN, NATURAL
 2: CARTESIAN, TRANSPOSED
 3: MORTON, NATURAL
 4: MORTON, TRANSPOSED
PROJECTION BLOCK SIZE      : 1024
BACKPROJECTION BLOCK SIZE  : 1024
PROJECTION BUFFER SIZE      : 48 KB
BACKPROJECTION BUFFER SIZE  : 48 KB

SINOGRAM FILE : ../../../../datasets/CDS2_sinogram.bin
   THETA FILE : ../../../../datasets/CDS2_theta.bin
  OUTPUT FILE : ../../output/single_gpu/ip-0A00000A/p100.12.CDS2.256.256.1024.1024.48.48.bin


PLACE TILES
lspat 4 lspatdim 4
lspec 4 lspecdim 4
MPI PARTITIONING
proc: 0 numspats: 16 numpixs: 1048576 numspecs: 8 numrays: 524288
maxnumpix: 1048576 maxnumray: 524288
FILL PIXELS AND RAYS
INPUT THETA DATA
DOMAIN PARTITIONING
myid 0 raynuminc 384000/384000 raynumout 384000/384000

CONSTRUCT PROJECTION MATRIX
CSR STORAGE: 470024248 (3.501954 GB) rownzmax 2046
RAY-TRACING TIME: 2.408006e+00
CONSTRUCT BACKPROJECTION MATRIX
CSR STORAGE: 470024248 (3.501954 GB) rownzmax 607
TRANSPOSITION TIME: 7.186976e-01

BLOCKING PROJECTION MATRIX
NUMBER OF BLOCKS: 375 BUFFSIZE: 12288
NUMBER OF BUFFERS: 2183 AVERAGE BUFF/BLOCK: 5.821333 MAX BUFF/BLOCK: 9
BUFF MAP: 26824704 (0.099930 GB)
ELLPACK STORAGE: 688304128 (3.846199 GB) buffnzmax: 652 STORAGE EFFICIENCY: 1.024309 DATA REUSE: 19.168856
BLOCKING TIME: 1.265209e+00
BLOCKING BACKPROJECTION MATRIX
NUMBER OF BLOCKS: 1024 BUFFSIZE: 12288
NUMBER OF BUFFERS: 1946 AVERAGE BUFF/BLOCK: 1.900391 MAX BUFF/BLOCK: 2
BUFF MAP: 23912448 (0.089081 GB)
ELLPACK STORAGE: 556891136 (3.111872 GB) buffnzmax: 508 STORAGE EFFICIENCY: 1.266022 DATA REUSE: 32.004902
BLOCKING TIME: 1.170542e+00

FILL PROJECTION MATRIX
TIME: 2.130912e+00
FILL BACKPROJECTION MATRIX
TIME: 2.937795e+00
REDUCTION MAPPINGS
PREPROCESSING TIME: 1.063425e+01
myid: 0 device: 0

Device Count: 2
Device 0 name: -2108203056
Computational Capabilities: 6, 0
Maximum global memory size: 17071734784
Maximum constant memory size: 65536
Maximum shared memory size per block: 49152
Maximum block dimensions: 1024x1024x64
Maximum grid dimensions: 2147483647x65535x65535
Maximum threads per block: 1024
Warp size: 32

PROC 0 TOTAL GPU MEMORY: 10.164534 GB
INPUT MEASUREMENT DATA
INPUT ENDS
GRADIENT-DESCENT OPTIMIZATION
iter: 0 error: 5.498304e+04 gradnorm: 1.963867e+10
iter: 1 error: 3.375389e+03 gradnorm: 2.933218e+08
iter: 2 error: 1.127915e+03 gradnorm: 5.687457e+07
iter: 3 error: 4.702581e+02 gradnorm: 1.895928e+07
iter: 4 error: 3.071317e+02 gradnorm: 8.957349e+06
iter: 5 error: 2.100910e+02 gradnorm: 2.580081e+06
iter: 6 error: 1.482717e+02 gradnorm: 1.226600e+06
iter: 7 error: 1.195872e+02 gradnorm: 1.079044e+06
iter: 8 error: 1.008961e+02 gradnorm: 1.414521e+06
iter: 9 error: 9.336119e+01 gradnorm: 9.251400e+05
iter: 10 error: 7.640152e+01 gradnorm: 4.565631e+05
iter: 11 error: 6.296146e+01 gradnorm: 3.334211e+05
iter: 12 error: 5.229792e+01 gradnorm: 2.657964e+05
iter: 13 error: 4.649601e+01 gradnorm: 3.143432e+05
iter: 14 error: 4.191998e+01 gradnorm: 3.165686e+05
iter: 15 error: 3.886506e+01 gradnorm: 1.480649e+05
iter: 16 error: 3.497627e+01 gradnorm: 4.046868e+05
iter: 17 error: 3.315596e+01 gradnorm: 1.136449e+05
iter: 18 error: 3.027883e+01 gradnorm: 8.036036e+04
iter: 19 error: 2.767223e+01 gradnorm: 8.053202e+04
iter: 20 error: 2.658014e+01 gradnorm: 6.007682e+04
iter: 21 error: 2.502177e+01 gradnorm: 4.935968e+04
iter: 22 error: 2.405209e+01 gradnorm: 3.751602e+04
iter: 23 error: 2.319780e+01 gradnorm: 2.595102e+04
iter: 24 error: 2.253433e+01 gradnorm: 6.645252e+04
recon: 6.660720e-01 proj: 4.613877e-01 (4.157795e-01 1.819495e-02 9.529349e-03) backproj: 1.910943e-01 (5.041807e-03 9.192870e-03 1.682832e-01) ctime: 1.354452e-02 wtime: 1.669800e-05
numproj: 49 numback: 25
proj: 4.157795e-01 s (110.785599 GFLOPS) backproj: 1.682832e-01 s (139.652780 GFLOPS) avGFLOPS: 119.102962 totGFLOPS: 119.102962
proj: 499.348998 GB/s back: 510.597203 GB/s av: 502.589890 GB/s tot: 502.589890 GB/s
Total Time: 1.249675e+01
