NUM. THETA             : 750
NUM. RHO               : 512
NUM. X PIXELS          : 512
NUM. Y PIXELS          : 512

NUM. OF PIXELS         : 262144
NUM. OF RAYS           : 384000

NUM. ITERATIONS        : 24

SPATIAL TILE SIZE      : 512
SPECTRAL TILE SIZE     : 512

NUMBER OF X TILES      : 1
NUMBER OF Y TILES      : 1
NUM. OF THETA TILES    : 2
NUM. OF RHO TILES      : 1

NUM. SPATIAL TILES     : 1
NUM. SPECTRAL TILES    : 2

NUM. OF X PIXELS (EXT) : 512
NUM. OF Y PIXELS (EXT) : 512
NUM. OF ANGLES (EXT)   : 1024
NUM. OF RHOS (EXT)     : 512

NUM. OF PIXELS (EXT)   : 262144
NUM. OF RAYS (EXT)     : 524288

NUMBER OF PROCESSES    : 1
NUMBER OF THRD./PROC.  : 12

INTEGER: 4, FLOAT: 4, LONG: 8, SHORT: 2, POINTER: 8
APPROX. MEMORY     TOTAL: 4.394531e+00 GB
APPROX. MEMORY PER PROC.: 4.394531e+00 GB

X START       : -2.560000e+02
Y START       : -2.560000e+02
PIXEL SIZE    : 1.000000e+00
RHO START     : -2.560000e+02
RAY LENGTH    : 1.024000e+03

SPATIAL INDEXING       : 5
SPECTRAL INDEXING      : 5
 1: CARTESIAN, NATURAL
 2: CARTESIAN, TRANSPOSED
 3: MORTON, NATURAL
 4: MORTON, TRANSPOSED
PROJECTION BLOCK SIZE      : 512
BACKPROJECTION BLOCK SIZE  : 512
PROJECTION BUFFER SIZE      : 48 KB
BACKPROJECTION BUFFER SIZE  : 48 KB

SINOGRAM FILE : ../../../../datasets/CDS1_sinogram.bin
   THETA FILE : ../../../../datasets/CDS1_theta.bin
  OUTPUT FILE : ../../output/single_gpu/ip-0A00000A/p100.12.CDS1.512.512.512.512.48.48.bin


PLACE TILES
lspat 1 lspatdim 1
lspec 2 lspecdim 2
MPI PARTITIONING
proc: 0 numspats: 1 numpixs: 262144 numspecs: 2 numrays: 524288
maxnumpix: 262144 maxnumray: 524288
FILL PIXELS AND RAYS
INPUT THETA DATA
DOMAIN PARTITIONING
myid 0 raynuminc 384000/384000 raynumout 384000/384000

CONSTRUCT PROJECTION MATRIX
CSR STORAGE: 235011336 (1.750971 GB) rownzmax 1022
RAY-TRACING TIME: 1.193086e+00
CONSTRUCT BACKPROJECTION MATRIX
CSR STORAGE: 235011336 (1.750971 GB) rownzmax 1092
TRANSPOSITION TIME: 3.188300e-01

BLOCKING PROJECTION MATRIX
NUMBER OF BLOCKS: 750 BUFFSIZE: 12288
NUMBER OF BUFFERS: 1410 AVERAGE BUFF/BLOCK: 1.880000 MAX BUFF/BLOCK: 3
BUFF MAP: 17326080 (0.064545 GB)
ELLPACK STORAGE: 273400320 (1.527743 GB) buffnzmax: 647 STORAGE EFFICIENCY: 1.289380 DATA REUSE: 17.612637
BLOCKING TIME: 5.742658e-01
BLOCKING BACKPROJECTION MATRIX
NUMBER OF BLOCKS: 512 BUFFSIZE: 12288
NUMBER OF BUFFERS: 1020 AVERAGE BUFF/BLOCK: 1.992188 MAX BUFF/BLOCK: 2
BUFF MAP: 12533760 (0.046692 GB)
ELLPACK STORAGE: 263151104 (1.470471 GB) buffnzmax: 742 STORAGE EFFICIENCY: 1.339599 DATA REUSE: 21.340656
BLOCKING TIME: 5.895798e-01

FILL PROJECTION MATRIX
TIME: 1.023375e+00
FILL BACKPROJECTION MATRIX
TIME: 1.285214e+00
REDUCTION MAPPINGS
PREPROCESSING TIME: 4.987846e+00
myid: 0 device: 0

Device Count: 2
Device 0 name: 1355092832
Computational Capabilities: 6, 0
Maximum global memory size: 17071734784
Maximum constant memory size: 65536
Maximum shared memory size per block: 49152
Maximum block dimensions: 1024x1024x64
Maximum grid dimensions: 2147483647x65535x65535
Maximum threads per block: 1024
Warp size: 32

PROC 0 TOTAL GPU MEMORY: 4.411865 GB
INPUT MEASUREMENT DATA
INPUT ENDS
GRADIENT-DESCENT OPTIMIZATION
iter: 0 error: 4.958965e+04 gradnorm: 1.560969e+10
iter: 1 error: 5.316503e+03 gradnorm: 4.760839e+08
iter: 2 error: 5.074542e+02 gradnorm: 1.604508e+07
iter: 3 error: 2.940042e+02 gradnorm: 8.082506e+06
iter: 4 error: 1.716211e+02 gradnorm: 1.353869e+06
iter: 5 error: 1.154475e+02 gradnorm: 6.254044e+05
iter: 6 error: 8.903172e+01 gradnorm: 6.542524e+05
iter: 7 error: 7.631642e+01 gradnorm: 9.623950e+05
iter: 8 error: 7.117698e+01 gradnorm: 5.452932e+05
iter: 9 error: 5.777917e+01 gradnorm: 2.259218e+05
iter: 10 error: 4.873509e+01 gradnorm: 1.924847e+05
iter: 11 error: 4.171613e+01 gradnorm: 1.092028e+05
iter: 12 error: 3.757780e+01 gradnorm: 1.898101e+05
iter: 13 error: 3.465171e+01 gradnorm: 1.049612e+05
iter: 14 error: 3.154863e+01 gradnorm: 8.684536e+04
iter: 15 error: 3.084416e+01 gradnorm: 1.368164e+05
iter: 16 error: 2.842148e+01 gradnorm: 5.499899e+04
iter: 17 error: 2.682598e+01 gradnorm: 4.563052e+04
iter: 18 error: 2.523927e+01 gradnorm: 2.666357e+04
iter: 19 error: 2.394602e+01 gradnorm: 2.564121e+04
iter: 20 error: 2.288851e+01 gradnorm: 1.592550e+04
iter: 21 error: 2.244494e+01 gradnorm: 8.289945e+04
iter: 22 error: 2.188755e+01 gradnorm: 1.257646e+04
iter: 23 error: 2.128702e+01 gradnorm: 1.779179e+04
iter: 24 error: 2.103640e+01 gradnorm: 1.218035e+04
recon: 3.120620e-01 proj: 2.031406e-01 (1.705812e-01 1.788893e-02 9.426350e-03) backproj: 9.779264e-02 (4.999570e-03 9.128960e-03 8.119696e-02) ctime: 1.108762e-02 wtime: 1.239800e-05
numproj: 49 numback: 25
proj: 1.705812e-01 s (135.015543 GFLOPS) backproj: 8.119696e-02 s (144.716832 GFLOPS) avGFLOPS: 138.144151 totGFLOPS: 138.144151
proj: 491.118683 GB/s back: 501.571016 GB/s av: 494.489498 GB/s tot: 494.489498 GB/s
Total Time: 5.959787e+00
