NUM. THETA             : 750
NUM. RHO               : 512
NUM. X PIXELS          : 512
NUM. Y PIXELS          : 512

NUM. OF PIXELS         : 262144
NUM. OF RAYS           : 384000

NUM. ITERATIONS        : 24

SPATIAL TILE SIZE      : 256
SPECTRAL TILE SIZE     : 256

NUMBER OF X TILES      : 2
NUMBER OF Y TILES      : 2
NUM. OF THETA TILES    : 3
NUM. OF RHO TILES      : 2

NUM. SPATIAL TILES     : 4
NUM. SPECTRAL TILES    : 6

NUM. OF X PIXELS (EXT) : 512
NUM. OF Y PIXELS (EXT) : 512
NUM. OF ANGLES (EXT)   : 768
NUM. OF RHOS (EXT)     : 512

NUM. OF PIXELS (EXT)   : 262144
NUM. OF RAYS (EXT)     : 393216

NUMBER OF PROCESSES    : 1
NUMBER OF THRD./PROC.  : 24

INTEGER: 4, FLOAT: 4, LONG: 8, SHORT: 2, POINTER: 8
APPROX. MEMORY     TOTAL: 4.394531e+00 GB
APPROX. MEMORY PER PROC.: 4.394531e+00 GB

X START       : -2.560000e+02
Y START       : -2.560000e+02
PIXEL SIZE    : 1.000000e+00
RHO START     : -2.560000e+02
RAY LENGTH    : 1.024000e+03

SPATIAL INDEXING       : 5
SPECTRAL INDEXING      : 5
 1: CARTESIAN, NATURAL
 2: CARTESIAN, TRANSPOSED
 3: MORTON, NATURAL
 4: MORTON, TRANSPOSED
PROJECTION BLOCK SIZE      : 512
BACKPROJECTION BLOCK SIZE  : 512
PROJECTION BUFFER SIZE      : 48 KB
BACKPROJECTION BUFFER SIZE  : 48 KB

SINOGRAM FILE : ../../../../datasets/CDS1_sinogram.bin
   THETA FILE : ../../../../datasets/CDS1_theta.bin
  OUTPUT FILE : ../../output/single_gpu/ip-0A000009/p100.24.CDS1.256.256.512.512.48.48.bin


PLACE TILES
lspat 2 lspatdim 2
lspec 3 lspecdim 4
MPI PARTITIONING
proc: 0 numspats: 4 numpixs: 262144 numspecs: 6 numrays: 393216
maxnumpix: 262144 maxnumray: 393216
FILL PIXELS AND RAYS
INPUT THETA DATA
DOMAIN PARTITIONING
myid 0 raynuminc 384000/384000 raynumout 384000/384000

CONSTRUCT PROJECTION MATRIX
CSR STORAGE: 235011337 (1.750971 GB) rownzmax 1022
RAY-TRACING TIME: 1.158685e+00
CONSTRUCT BACKPROJECTION MATRIX
CSR STORAGE: 235011337 (1.750971 GB) rownzmax 1092
TRANSPOSITION TIME: 3.361755e-01

BLOCKING PROJECTION MATRIX
NUMBER OF BLOCKS: 750 BUFFSIZE: 12288
NUMBER OF BUFFERS: 1400 AVERAGE BUFF/BLOCK: 1.866667 MAX BUFF/BLOCK: 3
BUFF MAP: 17203200 (0.064087 GB)
ELLPACK STORAGE: 271854592 (1.519106 GB) buffnzmax: 651 STORAGE EFFICIENCY: 1.296712 DATA REUSE: 17.646057
BLOCKING TIME: 6.053510e-01
BLOCKING BACKPROJECTION MATRIX
NUMBER OF BLOCKS: 512 BUFFSIZE: 12288
NUMBER OF BUFFERS: 1020 AVERAGE BUFF/BLOCK: 1.992188 MAX BUFF/BLOCK: 2
BUFF MAP: 12533760 (0.046692 GB)
ELLPACK STORAGE: 260837888 (1.457545 GB) buffnzmax: 734 STORAGE EFFICIENCY: 1.351479 DATA REUSE: 21.340637
BLOCKING TIME: 6.051132e-01

FILL PROJECTION MATRIX
TIME: 1.027576e+00
FILL BACKPROJECTION MATRIX
TIME: 1.265423e+00
REDUCTION MAPPINGS
PREPROCESSING TIME: 5.001184e+00
myid: 0 device: 0

Device Count: 1
Device 0 name: -2031323856
Computational Capabilities: 6, 0
Maximum global memory size: 17071734784
Maximum constant memory size: 65536
Maximum shared memory size per block: 49152
Maximum block dimensions: 1024x1024x64
Maximum grid dimensions: 2147483647x65535x65535
Maximum threads per block: 1024
Warp size: 32

PROC 0 TOTAL GPU MEMORY: 4.380503 GB
INPUT MEASUREMENT DATA
INPUT ENDS
GRADIENT-DESCENT OPTIMIZATION
iter: 0 error: 4.959036e+04 gradnorm: 1.560969e+10
iter: 1 error: 5.316511e+03 gradnorm: 4.760826e+08
iter: 2 error: 5.074558e+02 gradnorm: 1.604491e+07
iter: 3 error: 2.940058e+02 gradnorm: 8.082478e+06
iter: 4 error: 1.716219e+02 gradnorm: 1.353875e+06
iter: 5 error: 1.154609e+02 gradnorm: 6.298161e+05
iter: 6 error: 9.130522e+01 gradnorm: 1.297276e+06
iter: 7 error: 8.444620e+01 gradnorm: 7.962403e+05
iter: 8 error: 7.160440e+01 gradnorm: 4.203522e+05
iter: 9 error: 5.778058e+01 gradnorm: 2.255693e+05
iter: 10 error: 4.873502e+01 gradnorm: 1.924655e+05
iter: 11 error: 4.171465e+01 gradnorm: 1.091568e+05
iter: 12 error: 3.763643e+01 gradnorm: 2.134507e+05
iter: 13 error: 3.545560e+01 gradnorm: 2.375419e+05
iter: 14 error: 3.392024e+01 gradnorm: 1.262172e+05
iter: 15 error: 3.111536e+01 gradnorm: 5.999117e+04
iter: 16 error: 2.842276e+01 gradnorm: 5.461403e+04
iter: 17 error: 2.682603e+01 gradnorm: 4.563031e+04
iter: 18 error: 2.524005e+01 gradnorm: 2.690120e+04
iter: 19 error: 2.410356e+01 gradnorm: 6.980119e+04
iter: 20 error: 2.377400e+01 gradnorm: 3.257440e+04
iter: 21 error: 2.280060e+01 gradnorm: 1.491181e+04
iter: 22 error: 2.188680e+01 gradnorm: 1.203025e+04
iter: 23 error: 2.121881e+01 gradnorm: 1.109689e+04
iter: 24 error: 2.092518e+01 gradnorm: 1.953283e+04
recon: 3.398117e-01 proj: 2.102070e-01 (1.705380e-01 2.633100e-02 7.559496e-03) backproj: 1.026208e-01 (4.208688e-03 1.537139e-02 8.044755e-02) ctime: 2.693298e-02 wtime: 2.020000e-05
numproj: 49 numback: 25
proj: 1.705380e-01 s (135.049719 GFLOPS) backproj: 8.044755e-02 s (146.064939 GFLOPS) avGFLOPS: 138.580390 totGFLOPS: 138.580390
proj: 488.437004 GB/s back: 501.930238 GB/s av: 492.761944 GB/s tot: 492.761944 GB/s
Total Time: 5.994567e+00
