NUM. THETA             : 375
NUM. RHO               : 1024
NUM. X PIXELS          : 1024
NUM. Y PIXELS          : 1024

NUM. OF PIXELS         : 1048576
NUM. OF RAYS           : 384000

NUM. ITERATIONS        : 24

SPATIAL TILE SIZE      : 128
SPECTRAL TILE SIZE     : 128

NUMBER OF X TILES      : 8
NUMBER OF Y TILES      : 8
NUM. OF THETA TILES    : 3
NUM. OF RHO TILES      : 8

NUM. SPATIAL TILES     : 64
NUM. SPECTRAL TILES    : 24

NUM. OF X PIXELS (EXT) : 1024
NUM. OF Y PIXELS (EXT) : 1024
NUM. OF ANGLES (EXT)   : 384
NUM. OF RHOS (EXT)     : 1024

NUM. OF PIXELS (EXT)   : 1048576
NUM. OF RAYS (EXT)     : 393216

NUMBER OF PROCESSES    : 1
NUMBER OF THRD./PROC.  : 24

INTEGER: 4, FLOAT: 4, LONG: 8, SHORT: 2, POINTER: 8
APPROX. MEMORY     TOTAL: 8.789062e+00 GB
APPROX. MEMORY PER PROC.: 8.789062e+00 GB

X START       : -5.120000e+02
Y START       : -5.120000e+02
PIXEL SIZE    : 1.000000e+00
RHO START     : -5.120000e+02
RAY LENGTH    : 2.048000e+03

SPATIAL INDEXING       : 5
SPECTRAL INDEXING      : 5
 1: CARTESIAN, NATURAL
 2: CARTESIAN, TRANSPOSED
 3: MORTON, NATURAL
 4: MORTON, TRANSPOSED
PROJECTION BLOCK SIZE      : 512
BACKPROJECTION BLOCK SIZE  : 512
PROJECTION BUFFER SIZE      : 48 KB
BACKPROJECTION BUFFER SIZE  : 48 KB

SINOGRAM FILE : ../../../../datasets/CDS2_sinogram.bin
   THETA FILE : ../../../../datasets/CDS2_theta.bin
  OUTPUT FILE : ../../output/single_gpu/ip-0A000009/p100.24.CDS2.128.128.512.512.48.48.bin


PLACE TILES
lspat 8 lspatdim 8
lspec 8 lspecdim 8
MPI PARTITIONING
proc: 0 numspats: 64 numpixs: 1048576 numspecs: 24 numrays: 393216
maxnumpix: 1048576 maxnumray: 393216
FILL PIXELS AND RAYS
INPUT THETA DATA
DOMAIN PARTITIONING
myid 0 raynuminc 384000/384000 raynumout 384000/384000

CONSTRUCT PROJECTION MATRIX
CSR STORAGE: 470024030 (3.501952 GB) rownzmax 2046
RAY-TRACING TIME: 2.386468e+00
CONSTRUCT BACKPROJECTION MATRIX
CSR STORAGE: 470024030 (3.501952 GB) rownzmax 607
TRANSPOSITION TIME: 7.696564e-01

BLOCKING PROJECTION MATRIX
NUMBER OF BLOCKS: 750 BUFFSIZE: 12288
NUMBER OF BUFFERS: 3338 AVERAGE BUFF/BLOCK: 4.450667 MAX BUFF/BLOCK: 7
BUFF MAP: 41017344 (0.152802 GB)
ELLPACK STORAGE: 601530368 (3.361313 GB) buffnzmax: 714 STORAGE EFFICIENCY: 1.172071 DATA REUSE: 13.194256
BLOCKING TIME: 1.465635e+00
BLOCKING BACKPROJECTION MATRIX
NUMBER OF BLOCKS: 2048 BUFFSIZE: 12288
NUMBER OF BUFFERS: 2048 AVERAGE BUFF/BLOCK: 1.000000 MAX BUFF/BLOCK: 1
BUFF MAP: 25165824 (0.093750 GB)
ELLPACK STORAGE: 499561984 (2.791520 GB) buffnzmax: 607 STORAGE EFFICIENCY: 1.411308 DATA REUSE: 21.334789
BLOCKING TIME: 1.223649e+00

FILL PROJECTION MATRIX
TIME: 2.059785e+00
FILL BACKPROJECTION MATRIX
TIME: 2.438292e+00
REDUCTION MAPPINGS
PREPROCESSING TIME: 1.034626e+01
myid: 0 device: 0

Device Count: 1
Device 0 name: 1840201088
Computational Capabilities: 6, 0
Maximum global memory size: 17071734784
Maximum constant memory size: 65536
Maximum shared memory size per block: 49152
Maximum block dimensions: 1024x1024x64
Maximum grid dimensions: 2147483647x65535x65535
Maximum threads per block: 1024
Warp size: 32

PROC 0 TOTAL GPU MEMORY: 9.073503 GB
INPUT MEASUREMENT DATA
INPUT ENDS
GRADIENT-DESCENT OPTIMIZATION
iter: 0 error: 5.498392e+04 gradnorm: 1.963864e+10
iter: 1 error: 3.375402e+03 gradnorm: 2.933217e+08
iter: 2 error: 1.127913e+03 gradnorm: 5.687501e+07
iter: 3 error: 4.702542e+02 gradnorm: 1.895868e+07
iter: 4 error: 3.071300e+02 gradnorm: 8.957455e+06
iter: 5 error: 2.100907e+02 gradnorm: 2.580060e+06
iter: 6 error: 1.482713e+02 gradnorm: 1.226272e+06
iter: 7 error: 1.195333e+02 gradnorm: 1.062414e+06
iter: 8 error: 9.936772e+01 gradnorm: 1.051773e+06
iter: 9 error: 9.226261e+01 gradnorm: 1.197980e+06
iter: 10 error: 7.639371e+01 gradnorm: 4.591245e+05
iter: 11 error: 6.296143e+01 gradnorm: 3.333349e+05
iter: 12 error: 5.228003e+01 gradnorm: 2.623665e+05
iter: 13 error: 4.622576e+01 gradnorm: 2.824119e+05
iter: 14 error: 4.083017e+01 gradnorm: 2.393620e+05
iter: 15 error: 3.864656e+01 gradnorm: 1.808035e+05
iter: 16 error: 3.399020e+01 gradnorm: 1.771415e+05
iter: 17 error: 3.290258e+01 gradnorm: 1.806407e+05
iter: 18 error: 3.026708e+01 gradnorm: 7.992708e+04
iter: 19 error: 2.753047e+01 gradnorm: 6.538745e+04
iter: 20 error: 2.639549e+01 gradnorm: 6.803863e+04
iter: 21 error: 2.497095e+01 gradnorm: 5.031000e+04
iter: 22 error: 2.404009e+01 gradnorm: 3.838798e+04
iter: 23 error: 2.320639e+01 gradnorm: 2.904166e+04
iter: 24 error: 2.282309e+01 gradnorm: 7.589988e+04
recon: 6.526392e-01 proj: 4.358928e-01 (3.823085e-01 2.689510e-02 7.554802e-03) backproj: 1.828183e-01 (4.235393e-03 1.522210e-02 1.546669e-01) ctime: 3.387111e-02 wtime: 2.439800e-05
numproj: 49 numback: 25
proj: 3.823085e-01 s (120.484785 GFLOPS) backproj: 1.546669e-01 s (151.947215 GFLOPS) avGFLOPS: 129.547018 totGFLOPS: 129.547018
proj: 483.612941 GB/s back: 500.759313 GB/s av: 488.551670 GB/s tot: 488.551670 GB/s
Total Time: 1.214732e+01
