NUM. THETA             : 375
NUM. RHO               : 1024
NUM. X PIXELS          : 1024
NUM. Y PIXELS          : 1024

NUM. OF PIXELS         : 1048576
NUM. OF RAYS           : 384000

NUM. ITERATIONS        : 24

SPATIAL TILE SIZE      : 256
SPECTRAL TILE SIZE     : 256

NUMBER OF X TILES      : 4
NUMBER OF Y TILES      : 4
NUM. OF THETA TILES    : 2
NUM. OF RHO TILES      : 4

NUM. SPATIAL TILES     : 16
NUM. SPECTRAL TILES    : 8

NUM. OF X PIXELS (EXT) : 1024
NUM. OF Y PIXELS (EXT) : 1024
NUM. OF ANGLES (EXT)   : 512
NUM. OF RHOS (EXT)     : 1024

NUM. OF PIXELS (EXT)   : 1048576
NUM. OF RAYS (EXT)     : 524288

NUMBER OF PROCESSES    : 1
NUMBER OF THRD./PROC.  : 24

INTEGER: 4, FLOAT: 4, LONG: 8, SHORT: 2, POINTER: 8
APPROX. MEMORY     TOTAL: 8.789062e+00 GB
APPROX. MEMORY PER PROC.: 8.789062e+00 GB

X START       : -5.120000e+02
Y START       : -5.120000e+02
PIXEL SIZE    : 1.000000e+00
RHO START     : -5.120000e+02
RAY LENGTH    : 2.048000e+03

SPATIAL INDEXING       : 5
SPECTRAL INDEXING      : 5
 1: CARTESIAN, NATURAL
 2: CARTESIAN, TRANSPOSED
 3: MORTON, NATURAL
 4: MORTON, TRANSPOSED
PROJECTION BLOCK SIZE      : 512
BACKPROJECTION BLOCK SIZE  : 512
PROJECTION BUFFER SIZE      : 48 KB
BACKPROJECTION BUFFER SIZE  : 48 KB

SINOGRAM FILE : ../../../../datasets/CDS2_sinogram.bin
   THETA FILE : ../../../../datasets/CDS2_theta.bin
  OUTPUT FILE : ../../output/single_gpu/ip-0A000009/p100.24.CDS2.256.256.512.512.48.48.bin


PLACE TILES
lspat 4 lspatdim 4
lspec 4 lspecdim 4
MPI PARTITIONING
proc: 0 numspats: 16 numpixs: 1048576 numspecs: 8 numrays: 524288
maxnumpix: 1048576 maxnumray: 524288
FILL PIXELS AND RAYS
INPUT THETA DATA
DOMAIN PARTITIONING
myid 0 raynuminc 384000/384000 raynumout 384000/384000

CONSTRUCT PROJECTION MATRIX
CSR STORAGE: 470024248 (3.501954 GB) rownzmax 2046
RAY-TRACING TIME: 2.383393e+00
CONSTRUCT BACKPROJECTION MATRIX
CSR STORAGE: 470024248 (3.501954 GB) rownzmax 607
TRANSPOSITION TIME: 7.537879e-01

BLOCKING PROJECTION MATRIX
NUMBER OF BLOCKS: 750 BUFFSIZE: 12288
NUMBER OF BUFFERS: 3324 AVERAGE BUFF/BLOCK: 4.432000 MAX BUFF/BLOCK: 7
BUFF MAP: 40845312 (0.152161 GB)
ELLPACK STORAGE: 599623168 (3.350656 GB) buffnzmax: 716 STORAGE EFFICIENCY: 1.175799 DATA REUSE: 13.167217
BLOCKING TIME: 1.448977e+00
BLOCKING BACKPROJECTION MATRIX
NUMBER OF BLOCKS: 2048 BUFFSIZE: 12288
NUMBER OF BUFFERS: 2048 AVERAGE BUFF/BLOCK: 1.000000 MAX BUFF/BLOCK: 1
BUFF MAP: 25165824 (0.093750 GB)
ELLPACK STORAGE: 499608064 (2.791778 GB) buffnzmax: 607 STORAGE EFFICIENCY: 1.411179 DATA REUSE: 21.334856
BLOCKING TIME: 1.219877e+00

FILL PROJECTION MATRIX
TIME: 2.066908e+00
FILL BACKPROJECTION MATRIX
TIME: 2.451214e+00
REDUCTION MAPPINGS
PREPROCESSING TIME: 1.032782e+01
myid: 0 device: 0

Device Count: 1
Device 0 name: 1727982352
Computational Capabilities: 6, 0
Maximum global memory size: 17071734784
Maximum constant memory size: 65536
Maximum shared memory size per block: 49152
Maximum block dimensions: 1024x1024x64
Maximum grid dimensions: 2147483647x65535x65535
Maximum threads per block: 1024
Warp size: 32

PROC 0 TOTAL GPU MEMORY: 9.057927 GB
INPUT MEASUREMENT DATA
INPUT ENDS
GRADIENT-DESCENT OPTIMIZATION
iter: 0 error: 5.498395e+04 gradnorm: 1.963866e+10
iter: 1 error: 3.375398e+03 gradnorm: 2.933235e+08
iter: 2 error: 1.127917e+03 gradnorm: 5.687522e+07
iter: 3 error: 4.702581e+02 gradnorm: 1.895936e+07
iter: 4 error: 3.071324e+02 gradnorm: 8.957455e+06
iter: 5 error: 2.100913e+02 gradnorm: 2.580111e+06
iter: 6 error: 1.482745e+02 gradnorm: 1.227409e+06
iter: 7 error: 1.197206e+02 gradnorm: 1.119329e+06
iter: 8 error: 1.035540e+02 gradnorm: 1.831724e+06
iter: 9 error: 9.385218e+01 gradnorm: 7.868880e+05
iter: 10 error: 7.640488e+01 gradnorm: 4.555369e+05
iter: 11 error: 6.296124e+01 gradnorm: 3.333456e+05
iter: 12 error: 5.228482e+01 gradnorm: 2.633453e+05
iter: 13 error: 4.630697e+01 gradnorm: 2.929019e+05
iter: 14 error: 4.131064e+01 gradnorm: 2.934998e+05
iter: 15 error: 3.888684e+01 gradnorm: 1.782817e+05
iter: 16 error: 3.641503e+01 gradnorm: 4.366045e+05
iter: 17 error: 3.318340e+01 gradnorm: 1.040157e+05
iter: 18 error: 3.026532e+01 gradnorm: 7.885028e+04
iter: 19 error: 2.747690e+01 gradnorm: 5.906275e+04
iter: 20 error: 2.621737e+01 gradnorm: 6.844869e+04
iter: 21 error: 2.487316e+01 gradnorm: 4.993902e+04
iter: 22 error: 2.400714e+01 gradnorm: 4.141765e+04
iter: 23 error: 2.329907e+01 gradnorm: 5.366465e+04
iter: 24 error: 2.301400e+01 gradnorm: 3.575145e+04
recon: 6.607341e-01 proj: 4.378775e-01 (3.818451e-01 2.730480e-02 9.572351e-03) backproj: 1.864682e-01 (5.379061e-03 1.553050e-02 1.546846e-01) ctime: 3.633606e-02 wtime: 2.180000e-05
numproj: 49 numback: 25
proj: 3.818451e-01 s (120.631066 GFLOPS) backproj: 1.546846e-01 s (151.929870 GFLOPS) avGFLOPS: 129.654693 totGFLOPS: 129.654693
proj: 482.643129 GB/s back: 500.746603 GB/s av: 487.862465 GB/s tot: 487.862465 GB/s
Total Time: 1.209386e+01
