NUM. THETA             : 750
NUM. RHO               : 512
NUM. X PIXELS          : 512
NUM. Y PIXELS          : 512

NUM. OF PIXELS         : 262144
NUM. OF RAYS           : 384000

NUM. ITERATIONS        : 24

SPATIAL TILE SIZE      : 256
SPECTRAL TILE SIZE     : 256

NUMBER OF X TILES      : 2
NUMBER OF Y TILES      : 2
NUM. OF THETA TILES    : 3
NUM. OF RHO TILES      : 2

NUM. SPATIAL TILES     : 4
NUM. SPECTRAL TILES    : 6

NUM. OF X PIXELS (EXT) : 512
NUM. OF Y PIXELS (EXT) : 512
NUM. OF ANGLES (EXT)   : 768
NUM. OF RHOS (EXT)     : 512

NUM. OF PIXELS (EXT)   : 262144
NUM. OF RAYS (EXT)     : 393216

NUMBER OF PROCESSES    : 1
NUMBER OF THRD./PROC.  : 12

INTEGER: 4, FLOAT: 4, LONG: 8, SHORT: 2, POINTER: 8
APPROX. MEMORY     TOTAL: 4.394531e+00 GB
APPROX. MEMORY PER PROC.: 4.394531e+00 GB

X START       : -2.560000e+02
Y START       : -2.560000e+02
PIXEL SIZE    : 1.000000e+00
RHO START     : -2.560000e+02
RAY LENGTH    : 1.024000e+03

SPATIAL INDEXING       : 5
SPECTRAL INDEXING      : 5
 1: CARTESIAN, NATURAL
 2: CARTESIAN, TRANSPOSED
 3: MORTON, NATURAL
 4: MORTON, TRANSPOSED
PROJECTION BLOCK SIZE      : 512
BACKPROJECTION BLOCK SIZE  : 512
PROJECTION BUFFER SIZE      : 48 KB
BACKPROJECTION BUFFER SIZE  : 48 KB

SINOGRAM FILE : ../../../../datasets/CDS1_sinogram.bin
   THETA FILE : ../../../../datasets/CDS1_theta.bin
  OUTPUT FILE : ../../output/single_gpu/ip-0A000009/p100.12.CDS1.256.256.512.512.48.48.bin


PLACE TILES
lspat 2 lspatdim 2
lspec 3 lspecdim 4
MPI PARTITIONING
proc: 0 numspats: 4 numpixs: 262144 numspecs: 6 numrays: 393216
maxnumpix: 262144 maxnumray: 393216
FILL PIXELS AND RAYS
INPUT THETA DATA
DOMAIN PARTITIONING
myid 0 raynuminc 384000/384000 raynumout 384000/384000

CONSTRUCT PROJECTION MATRIX
CSR STORAGE: 235011337 (1.750971 GB) rownzmax 1022
RAY-TRACING TIME: 1.157646e+00
CONSTRUCT BACKPROJECTION MATRIX
CSR STORAGE: 235011337 (1.750971 GB) rownzmax 1092
TRANSPOSITION TIME: 3.136717e-01

BLOCKING PROJECTION MATRIX
NUMBER OF BLOCKS: 750 BUFFSIZE: 12288
NUMBER OF BUFFERS: 1400 AVERAGE BUFF/BLOCK: 1.866667 MAX BUFF/BLOCK: 3
BUFF MAP: 17203200 (0.064087 GB)
ELLPACK STORAGE: 271854592 (1.519106 GB) buffnzmax: 651 STORAGE EFFICIENCY: 1.296712 DATA REUSE: 17.646057
BLOCKING TIME: 5.737743e-01
BLOCKING BACKPROJECTION MATRIX
NUMBER OF BLOCKS: 512 BUFFSIZE: 12288
NUMBER OF BUFFERS: 1020 AVERAGE BUFF/BLOCK: 1.992188 MAX BUFF/BLOCK: 2
BUFF MAP: 12533760 (0.046692 GB)
ELLPACK STORAGE: 260837888 (1.457545 GB) buffnzmax: 734 STORAGE EFFICIENCY: 1.351479 DATA REUSE: 21.340637
BLOCKING TIME: 5.912811e-01

FILL PROJECTION MATRIX
TIME: 1.018133e+00
FILL BACKPROJECTION MATRIX
TIME: 1.267298e+00
REDUCTION MAPPINGS
PREPROCESSING TIME: 4.924498e+00
myid: 0 device: 0

Device Count: 1
Device 0 name: 593141344
Computational Capabilities: 6, 0
Maximum global memory size: 17071734784
Maximum constant memory size: 65536
Maximum shared memory size per block: 49152
Maximum block dimensions: 1024x1024x64
Maximum grid dimensions: 2147483647x65535x65535
Maximum threads per block: 1024
Warp size: 32

PROC 0 TOTAL GPU MEMORY: 4.380503 GB
INPUT MEASUREMENT DATA
INPUT ENDS
GRADIENT-DESCENT OPTIMIZATION
iter: 0 error: 4.959042e+04 gradnorm: 1.560970e+10
iter: 1 error: 5.316504e+03 gradnorm: 4.760846e+08
iter: 2 error: 5.074557e+02 gradnorm: 1.604489e+07
iter: 3 error: 2.940054e+02 gradnorm: 8.082483e+06
iter: 4 error: 1.716216e+02 gradnorm: 1.353870e+06
iter: 5 error: 1.154544e+02 gradnorm: 6.276802e+05
iter: 6 error: 9.026340e+01 gradnorm: 1.020350e+06
iter: 7 error: 8.373637e+01 gradnorm: 9.464279e+05
iter: 8 error: 7.159538e+01 gradnorm: 4.230529e+05
iter: 9 error: 5.778045e+01 gradnorm: 2.255770e+05
iter: 10 error: 4.873500e+01 gradnorm: 1.924648e+05
iter: 11 error: 4.171397e+01 gradnorm: 1.089621e+05
iter: 12 error: 3.754770e+01 gradnorm: 1.902126e+05
iter: 13 error: 3.474147e+01 gradnorm: 1.311789e+05
iter: 14 error: 3.337214e+01 gradnorm: 2.384983e+05
iter: 15 error: 3.111218e+01 gradnorm: 6.098230e+04
iter: 16 error: 2.842271e+01 gradnorm: 5.461686e+04
iter: 17 error: 2.682594e+01 gradnorm: 4.562903e+04
iter: 18 error: 2.523930e+01 gradnorm: 2.666421e+04
iter: 19 error: 2.394652e+01 gradnorm: 2.582003e+04
iter: 20 error: 2.297643e+01 gradnorm: 4.263868e+04
iter: 21 error: 2.278453e+01 gradnorm: 2.014827e+04
iter: 22 error: 2.188647e+01 gradnorm: 1.200473e+04
iter: 23 error: 2.120633e+01 gradnorm: 9.638365e+03
iter: 24 error: 2.075257e+01 gradnorm: 1.528450e+04
recon: 3.220793e-01 proj: 2.100962e-01 (1.704644e-01 2.646759e-02 7.540798e-03) backproj: 1.026447e-01 (4.236086e-03 1.543568e-02 8.043376e-02) ctime: 9.294653e-03 wtime: 1.640000e-05
numproj: 49 numback: 25
proj: 1.704644e-01 s (135.108028 GFLOPS) backproj: 8.043376e-02 s (146.089985 GFLOPS) avGFLOPS: 138.628660 totGFLOPS: 138.628660
proj: 488.647891 GB/s back: 502.016304 GB/s av: 492.933581 GB/s tot: 492.933581 GB/s
Total Time: 5.914843e+00
