NUM. THETA             : 750
NUM. RHO               : 512
NUM. X PIXELS          : 512
NUM. Y PIXELS          : 512

NUM. OF PIXELS         : 262144
NUM. OF RAYS           : 384000

NUM. ITERATIONS        : 24

SPATIAL TILE SIZE      : 128
SPECTRAL TILE SIZE     : 128

NUMBER OF X TILES      : 4
NUMBER OF Y TILES      : 4
NUM. OF THETA TILES    : 6
NUM. OF RHO TILES      : 4

NUM. SPATIAL TILES     : 16
NUM. SPECTRAL TILES    : 24

NUM. OF X PIXELS (EXT) : 512
NUM. OF Y PIXELS (EXT) : 512
NUM. OF ANGLES (EXT)   : 768
NUM. OF RHOS (EXT)     : 512

NUM. OF PIXELS (EXT)   : 262144
NUM. OF RAYS (EXT)     : 393216

NUMBER OF PROCESSES    : 1
NUMBER OF THRD./PROC.  : 12

INTEGER: 4, FLOAT: 4, LONG: 8, SHORT: 2, POINTER: 8
APPROX. MEMORY     TOTAL: 4.394531e+00 GB
APPROX. MEMORY PER PROC.: 4.394531e+00 GB

X START       : -2.560000e+02
Y START       : -2.560000e+02
PIXEL SIZE    : 1.000000e+00
RHO START     : -2.560000e+02
RAY LENGTH    : 1.024000e+03

SPATIAL INDEXING       : 5
SPECTRAL INDEXING      : 5
 1: CARTESIAN, NATURAL
 2: CARTESIAN, TRANSPOSED
 3: MORTON, NATURAL
 4: MORTON, TRANSPOSED
PROJECTION BLOCK SIZE      : 512
BACKPROJECTION BLOCK SIZE  : 512
PROJECTION BUFFER SIZE      : 48 KB
BACKPROJECTION BUFFER SIZE  : 48 KB

SINOGRAM FILE : ../../../../datasets/CDS1_sinogram.bin
   THETA FILE : ../../../../datasets/CDS1_theta.bin
  OUTPUT FILE : ../../output/single_gpu/ip-0A00000A/p100.12.CDS1.128.128.512.512.48.48.bin


PLACE TILES
lspat 4 lspatdim 4
lspec 6 lspecdim 8
MPI PARTITIONING
proc: 0 numspats: 16 numpixs: 262144 numspecs: 24 numrays: 393216
maxnumpix: 262144 maxnumray: 393216
FILL PIXELS AND RAYS
INPUT THETA DATA
DOMAIN PARTITIONING
myid 0 raynuminc 384000/384000 raynumout 384000/384000

CONSTRUCT PROJECTION MATRIX
CSR STORAGE: 235011121 (1.750969 GB) rownzmax 1022
RAY-TRACING TIME: 1.132502e+00
CONSTRUCT BACKPROJECTION MATRIX
CSR STORAGE: 235011121 (1.750969 GB) rownzmax 1092
TRANSPOSITION TIME: 3.188102e-01

BLOCKING PROJECTION MATRIX
NUMBER OF BLOCKS: 750 BUFFSIZE: 12288
NUMBER OF BUFFERS: 1416 AVERAGE BUFF/BLOCK: 1.888000 MAX BUFF/BLOCK: 3
BUFF MAP: 17399808 (0.064819 GB)
ELLPACK STORAGE: 272871424 (1.524788 GB) buffnzmax: 693 STORAGE EFFICIENCY: 1.291878 DATA REUSE: 17.633121
BLOCKING TIME: 5.801048e-01
BLOCKING BACKPROJECTION MATRIX
NUMBER OF BLOCKS: 512 BUFFSIZE: 12288
NUMBER OF BUFFERS: 1020 AVERAGE BUFF/BLOCK: 1.992188 MAX BUFF/BLOCK: 2
BUFF MAP: 12533760 (0.046692 GB)
ELLPACK STORAGE: 260354048 (1.454842 GB) buffnzmax: 746 STORAGE EFFICIENCY: 1.353990 DATA REUSE: 21.340651
BLOCKING TIME: 5.937571e-01

FILL PROJECTION MATRIX
TIME: 1.025268e+00
FILL BACKPROJECTION MATRIX
TIME: 1.270868e+00
REDUCTION MAPPINGS
PREPROCESSING TIME: 4.924090e+00
myid: 0 device: 0

Device Count: 2
Device 0 name: 1821867328
Computational Capabilities: 6, 0
Maximum global memory size: 17071734784
Maximum constant memory size: 65536
Maximum shared memory size per block: 49152
Maximum block dimensions: 1024x1024x64
Maximum grid dimensions: 2147483647x65535x65535
Maximum threads per block: 1024
Warp size: 32

PROC 0 TOTAL GPU MEMORY: 4.385553 GB
INPUT MEASUREMENT DATA
INPUT ENDS
GRADIENT-DESCENT OPTIMIZATION
iter: 0 error: 4.958979e+04 gradnorm: 1.560966e+10
iter: 1 error: 5.316504e+03 gradnorm: 4.760834e+08
iter: 2 error: 5.074574e+02 gradnorm: 1.604494e+07
iter: 3 error: 2.940081e+02 gradnorm: 8.082362e+06
iter: 4 error: 1.716256e+02 gradnorm: 1.353847e+06
iter: 5 error: 1.154564e+02 gradnorm: 6.270055e+05
iter: 6 error: 8.991233e+01 gradnorm: 9.192966e+05
iter: 7 error: 8.320975e+01 gradnorm: 1.041690e+06
iter: 8 error: 7.159071e+01 gradnorm: 4.253637e+05
iter: 9 error: 5.778323e+01 gradnorm: 2.256072e+05
iter: 10 error: 4.873884e+01 gradnorm: 1.925920e+05
iter: 11 error: 4.173141e+01 gradnorm: 1.106762e+05
iter: 12 error: 3.778144e+01 gradnorm: 1.984692e+05
iter: 13 error: 3.482977e+01 gradnorm: 1.395395e+05
iter: 14 error: 3.362874e+01 gradnorm: 2.078303e+05
iter: 15 error: 3.111834e+01 gradnorm: 6.029575e+04
iter: 16 error: 2.842670e+01 gradnorm: 5.471394e+04
iter: 17 error: 2.682945e+01 gradnorm: 4.558076e+04
iter: 18 error: 2.524048e+01 gradnorm: 2.669293e+04
iter: 19 error: 2.397563e+01 gradnorm: 3.480208e+04
iter: 20 error: 2.366469e+01 gradnorm: 6.096330e+04
iter: 21 error: 2.280086e+01 gradnorm: 1.500041e+04
iter: 22 error: 2.188704e+01 gradnorm: 1.200470e+04
iter: 23 error: 2.120920e+01 gradnorm: 9.934736e+03
iter: 24 error: 2.081196e+01 gradnorm: 1.855806e+04
recon: 3.099637e-01 proj: 2.020434e-01 (1.701710e-01 1.804084e-02 7.468009e-03) backproj: 9.556524e-02 (3.950999e-03 9.055670e-03 8.010237e-02) ctime: 1.231229e-02 wtime: 1.540000e-05
numproj: 49 numback: 25
proj: 1.701710e-01 s (135.340881 GFLOPS) backproj: 8.010237e-02 s (146.694241 GFLOPS) avGFLOPS: 138.974632 totGFLOPS: 138.974632
proj: 491.473710 GB/s back: 503.187163 GB/s av: 495.222712 GB/s tot: 495.222712 GB/s
Total Time: 5.902567e+00
