NUM. THETA             : 375
NUM. RHO               : 1024
NUM. X PIXELS          : 1024
NUM. Y PIXELS          : 1024

NUM. OF PIXELS         : 1048576
NUM. OF RAYS           : 384000

NUM. ITERATIONS        : 24

SPATIAL TILE SIZE      : 512
SPECTRAL TILE SIZE     : 512

NUMBER OF X TILES      : 2
NUMBER OF Y TILES      : 2
NUM. OF THETA TILES    : 1
NUM. OF RHO TILES      : 2

NUM. SPATIAL TILES     : 4
NUM. SPECTRAL TILES    : 2

NUM. OF X PIXELS (EXT) : 1024
NUM. OF Y PIXELS (EXT) : 1024
NUM. OF ANGLES (EXT)   : 512
NUM. OF RHOS (EXT)     : 1024

NUM. OF PIXELS (EXT)   : 1048576
NUM. OF RAYS (EXT)     : 524288

NUMBER OF PROCESSES    : 1
NUMBER OF THRD./PROC.  : 12

INTEGER: 4, FLOAT: 4, LONG: 8, SHORT: 2, POINTER: 8
APPROX. MEMORY     TOTAL: 8.789062e+00 GB
APPROX. MEMORY PER PROC.: 8.789062e+00 GB

X START       : -5.120000e+02
Y START       : -5.120000e+02
PIXEL SIZE    : 1.000000e+00
RHO START     : -5.120000e+02
RAY LENGTH    : 2.048000e+03

SPATIAL INDEXING       : 5
SPECTRAL INDEXING      : 5
 1: CARTESIAN, NATURAL
 2: CARTESIAN, TRANSPOSED
 3: MORTON, NATURAL
 4: MORTON, TRANSPOSED
PROJECTION BLOCK SIZE      : 512
BACKPROJECTION BLOCK SIZE  : 512
PROJECTION BUFFER SIZE      : 48 KB
BACKPROJECTION BUFFER SIZE  : 48 KB

SINOGRAM FILE : ../../../../datasets/CDS2_sinogram.bin
   THETA FILE : ../../../../datasets/CDS2_theta.bin
  OUTPUT FILE : ../../output/single_gpu/ip-0A00000A/p100.12.CDS2.512.512.512.512.48.48.bin


PLACE TILES
lspat 2 lspatdim 2
lspec 2 lspecdim 2
MPI PARTITIONING
proc: 0 numspats: 4 numpixs: 1048576 numspecs: 2 numrays: 524288
maxnumpix: 1048576 maxnumray: 524288
FILL PIXELS AND RAYS
INPUT THETA DATA
DOMAIN PARTITIONING
myid 0 raynuminc 384000/384000 raynumout 384000/384000

CONSTRUCT PROJECTION MATRIX
CSR STORAGE: 470024253 (3.501954 GB) rownzmax 2046
RAY-TRACING TIME: 2.447289e+00
CONSTRUCT BACKPROJECTION MATRIX
CSR STORAGE: 470024253 (3.501954 GB) rownzmax 607
TRANSPOSITION TIME: 7.130680e-01

BLOCKING PROJECTION MATRIX
NUMBER OF BLOCKS: 750 BUFFSIZE: 12288
NUMBER OF BUFFERS: 3320 AVERAGE BUFF/BLOCK: 4.426667 MAX BUFF/BLOCK: 7
BUFF MAP: 40796160 (0.151978 GB)
ELLPACK STORAGE: 604141568 (3.375904 GB) buffnzmax: 735 STORAGE EFFICIENCY: 1.167005 DATA REUSE: 13.176527
BLOCKING TIME: 1.436832e+00
BLOCKING BACKPROJECTION MATRIX
NUMBER OF BLOCKS: 2048 BUFFSIZE: 12288
NUMBER OF BUFFERS: 2048 AVERAGE BUFF/BLOCK: 1.000000 MAX BUFF/BLOCK: 1
BUFF MAP: 25165824 (0.093750 GB)
ELLPACK STORAGE: 499611648 (2.791798 GB) buffnzmax: 607 STORAGE EFFICIENCY: 1.411169 DATA REUSE: 21.334785
BLOCKING TIME: 1.206650e+00

FILL PROJECTION MATRIX
TIME: 2.051764e+00
FILL BACKPROJECTION MATRIX
TIME: 2.428123e+00
REDUCTION MAPPINGS
PREPROCESSING TIME: 1.028676e+01
myid: 0 device: 0

Device Count: 2
Device 0 name: -816902688
Computational Capabilities: 6, 0
Maximum global memory size: 17071734784
Maximum constant memory size: 65536
Maximum shared memory size per block: 49152
Maximum block dimensions: 1024x1024x64
Maximum grid dimensions: 2147483647x65535x65535
Maximum threads per block: 1024
Warp size: 32

PROC 0 TOTAL GPU MEMORY: 9.093906 GB
INPUT MEASUREMENT DATA
INPUT ENDS
GRADIENT-DESCENT OPTIMIZATION
iter: 0 error: 5.498384e+04 gradnorm: 1.963862e+10
iter: 1 error: 3.375393e+03 gradnorm: 2.933197e+08
iter: 2 error: 1.127916e+03 gradnorm: 5.687454e+07
iter: 3 error: 4.702569e+02 gradnorm: 1.895921e+07
iter: 4 error: 3.071313e+02 gradnorm: 8.957357e+06
iter: 5 error: 2.100908e+02 gradnorm: 2.580078e+06
iter: 6 error: 1.482716e+02 gradnorm: 1.226554e+06
iter: 7 error: 1.195791e+02 gradnorm: 1.076611e+06
iter: 8 error: 1.006922e+02 gradnorm: 1.371368e+06
iter: 9 error: 9.328481e+01 gradnorm: 9.457614e+05
iter: 10 error: 7.640095e+01 gradnorm: 4.567271e+05
iter: 11 error: 6.296104e+01 gradnorm: 3.333590e+05
iter: 12 error: 5.228596e+01 gradnorm: 2.635706e+05
iter: 13 error: 4.632436e+01 gradnorm: 2.947644e+05
iter: 14 error: 4.136041e+01 gradnorm: 2.911265e+05
iter: 15 error: 3.879751e+01 gradnorm: 1.580011e+05
iter: 16 error: 3.451575e+01 gradnorm: 3.158758e+05
iter: 17 error: 3.311691e+01 gradnorm: 1.244425e+05
iter: 18 error: 3.026828e+01 gradnorm: 7.937673e+04
iter: 19 error: 2.753169e+01 gradnorm: 6.561272e+04
iter: 20 error: 2.639931e+01 gradnorm: 6.793122e+04
iter: 21 error: 2.497194e+01 gradnorm: 5.029643e+04
iter: 22 error: 2.403997e+01 gradnorm: 3.836698e+04
iter: 23 error: 2.320680e+01 gradnorm: 2.934296e+04
iter: 24 error: 2.283428e+01 gradnorm: 7.437502e+04
recon: 6.198984e-01 proj: 4.280967e-01 (3.823547e-01 1.832738e-02 9.545869e-03) backproj: 1.777108e-01 (5.018022e-03 9.097194e-03 1.550316e-01) ctime: 1.403731e-02 wtime: 2.029900e-05
numproj: 49 numback: 25
proj: 3.823547e-01 s (120.470291 GFLOPS) backproj: 1.550316e-01 s (151.589868 GFLOPS) avGFLOPS: 129.448036 totGFLOPS: 129.448036
proj: 485.448955 GB/s back: 499.629452 GB/s av: 489.539913 GB/s tot: 489.539913 GB/s
Total Time: 1.198707e+01
