NUM. THETA             : 375
NUM. RHO               : 1024
NUM. X PIXELS          : 1024
NUM. Y PIXELS          : 1024

NUM. OF PIXELS         : 1048576
NUM. OF RAYS           : 384000

NUM. ITERATIONS        : 24

SPATIAL TILE SIZE      : 128
SPECTRAL TILE SIZE     : 128

NUMBER OF X TILES      : 8
NUMBER OF Y TILES      : 8
NUM. OF THETA TILES    : 3
NUM. OF RHO TILES      : 8

NUM. SPATIAL TILES     : 64
NUM. SPECTRAL TILES    : 24

NUM. OF X PIXELS (EXT) : 1024
NUM. OF Y PIXELS (EXT) : 1024
NUM. OF ANGLES (EXT)   : 384
NUM. OF RHOS (EXT)     : 1024

NUM. OF PIXELS (EXT)   : 1048576
NUM. OF RAYS (EXT)     : 393216

NUMBER OF PROCESSES    : 1
NUMBER OF THRD./PROC.  : 12

INTEGER: 4, FLOAT: 4, LONG: 8, SHORT: 2, POINTER: 8
APPROX. MEMORY     TOTAL: 8.789062e+00 GB
APPROX. MEMORY PER PROC.: 8.789062e+00 GB

X START       : -5.120000e+02
Y START       : -5.120000e+02
PIXEL SIZE    : 1.000000e+00
RHO START     : -5.120000e+02
RAY LENGTH    : 2.048000e+03

SPATIAL INDEXING       : 5
SPECTRAL INDEXING      : 5
 1: CARTESIAN, NATURAL
 2: CARTESIAN, TRANSPOSED
 3: MORTON, NATURAL
 4: MORTON, TRANSPOSED
PROJECTION BLOCK SIZE      : 512
BACKPROJECTION BLOCK SIZE  : 512
PROJECTION BUFFER SIZE      : 48 KB
BACKPROJECTION BUFFER SIZE  : 48 KB

SINOGRAM FILE : ../../../../datasets/CDS2_sinogram.bin
   THETA FILE : ../../../../datasets/CDS2_theta.bin
  OUTPUT FILE : ../../output/single_gpu/ip-0A000009/p100.12.CDS2.128.128.512.512.48.48.bin


PLACE TILES
lspat 8 lspatdim 8
lspec 8 lspecdim 8
MPI PARTITIONING
proc: 0 numspats: 64 numpixs: 1048576 numspecs: 24 numrays: 393216
maxnumpix: 1048576 maxnumray: 393216
FILL PIXELS AND RAYS
INPUT THETA DATA
DOMAIN PARTITIONING
myid 0 raynuminc 384000/384000 raynumout 384000/384000

CONSTRUCT PROJECTION MATRIX
CSR STORAGE: 470024030 (3.501952 GB) rownzmax 2046
RAY-TRACING TIME: 2.364995e+00
CONSTRUCT BACKPROJECTION MATRIX
CSR STORAGE: 470024030 (3.501952 GB) rownzmax 607
TRANSPOSITION TIME: 7.178726e-01

BLOCKING PROJECTION MATRIX
NUMBER OF BLOCKS: 750 BUFFSIZE: 12288
NUMBER OF BUFFERS: 3338 AVERAGE BUFF/BLOCK: 4.450667 MAX BUFF/BLOCK: 7
BUFF MAP: 41017344 (0.152802 GB)
ELLPACK STORAGE: 601530368 (3.361313 GB) buffnzmax: 714 STORAGE EFFICIENCY: 1.172071 DATA REUSE: 13.194256
BLOCKING TIME: 1.433951e+00
BLOCKING BACKPROJECTION MATRIX
NUMBER OF BLOCKS: 2048 BUFFSIZE: 12288
NUMBER OF BUFFERS: 2048 AVERAGE BUFF/BLOCK: 1.000000 MAX BUFF/BLOCK: 1
BUFF MAP: 25165824 (0.093750 GB)
ELLPACK STORAGE: 499561984 (2.791520 GB) buffnzmax: 607 STORAGE EFFICIENCY: 1.411308 DATA REUSE: 21.334789
BLOCKING TIME: 1.205639e+00

FILL PROJECTION MATRIX
TIME: 2.047613e+00
FILL BACKPROJECTION MATRIX
TIME: 2.426934e+00
REDUCTION MAPPINGS
PREPROCESSING TIME: 1.019951e+01
myid: 0 device: 0

Device Count: 1
Device 0 name: 1478242192
Computational Capabilities: 6, 0
Maximum global memory size: 17071734784
Maximum constant memory size: 65536
Maximum shared memory size per block: 49152
Maximum block dimensions: 1024x1024x64
Maximum grid dimensions: 2147483647x65535x65535
Maximum threads per block: 1024
Warp size: 32

PROC 0 TOTAL GPU MEMORY: 9.073503 GB
INPUT MEASUREMENT DATA
INPUT ENDS
GRADIENT-DESCENT OPTIMIZATION
iter: 0 error: 5.498398e+04 gradnorm: 1.963862e+10
iter: 1 error: 3.375396e+03 gradnorm: 2.933212e+08
iter: 2 error: 1.127912e+03 gradnorm: 5.687456e+07
iter: 3 error: 4.702536e+02 gradnorm: 1.895876e+07
iter: 4 error: 3.071291e+02 gradnorm: 8.957461e+06
iter: 5 error: 2.100903e+02 gradnorm: 2.580060e+06
iter: 6 error: 1.482711e+02 gradnorm: 1.226346e+06
iter: 7 error: 1.195461e+02 gradnorm: 1.066433e+06
iter: 8 error: 9.976807e+01 gradnorm: 1.155486e+06
iter: 9 error: 9.272640e+01 gradnorm: 1.089034e+06
iter: 10 error: 7.639708e+01 gradnorm: 4.579886e+05
iter: 11 error: 6.296124e+01 gradnorm: 3.333241e+05
iter: 12 error: 5.227928e+01 gradnorm: 2.622330e+05
iter: 13 error: 4.621376e+01 gradnorm: 2.808176e+05
iter: 14 error: 4.074611e+01 gradnorm: 2.289502e+05
iter: 15 error: 3.860980e+01 gradnorm: 1.890486e+05
iter: 16 error: 3.419692e+01 gradnorm: 2.341430e+05
iter: 17 error: 3.303846e+01 gradnorm: 1.458583e+05
iter: 18 error: 3.029528e+01 gradnorm: 8.249116e+04
iter: 19 error: 2.786414e+01 gradnorm: 9.660838e+04
iter: 20 error: 2.666708e+01 gradnorm: 5.375023e+04
iter: 21 error: 2.503841e+01 gradnorm: 4.889527e+04
iter: 22 error: 2.405646e+01 gradnorm: 3.740011e+04
iter: 23 error: 2.321751e+01 gradnorm: 3.205484e+04
iter: 24 error: 2.291130e+01 gradnorm: 6.246743e+04
recon: 6.351578e-01 proj: 4.356224e-01 (3.823184e-01 2.668852e-02 7.545106e-03) backproj: 1.847400e-01 (4.245993e-03 1.549601e-02 1.546905e-01) ctime: 1.474923e-02 wtime: 1.849900e-05
numproj: 49 numback: 25
proj: 3.823184e-01 s (120.481658 GFLOPS) backproj: 1.546905e-01 s (151.924018 GFLOPS) avGFLOPS: 129.538928 totGFLOPS: 129.538928
proj: 483.600390 GB/s back: 500.682864 GB/s av: 488.521158 GB/s tot: 488.521158 GB/s
Total Time: 1.198821e+01
