NUM. THETA             : 750
NUM. RHO               : 512
NUM. X PIXELS          : 512
NUM. Y PIXELS          : 512

NUM. OF PIXELS         : 262144
NUM. OF RAYS           : 384000

NUM. ITERATIONS        : 24

SPATIAL TILE SIZE      : 128
SPECTRAL TILE SIZE     : 128

NUMBER OF X TILES      : 4
NUMBER OF Y TILES      : 4
NUM. OF THETA TILES    : 6
NUM. OF RHO TILES      : 4

NUM. SPATIAL TILES     : 16
NUM. SPECTRAL TILES    : 24

NUM. OF X PIXELS (EXT) : 512
NUM. OF Y PIXELS (EXT) : 512
NUM. OF ANGLES (EXT)   : 768
NUM. OF RHOS (EXT)     : 512

NUM. OF PIXELS (EXT)   : 262144
NUM. OF RAYS (EXT)     : 393216

NUMBER OF PROCESSES    : 1
NUMBER OF THRD./PROC.  : 24

INTEGER: 4, FLOAT: 4, LONG: 8, SHORT: 2, POINTER: 8
APPROX. MEMORY     TOTAL: 4.394531e+00 GB
APPROX. MEMORY PER PROC.: 4.394531e+00 GB

X START       : -2.560000e+02
Y START       : -2.560000e+02
PIXEL SIZE    : 1.000000e+00
RHO START     : -2.560000e+02
RAY LENGTH    : 1.024000e+03

SPATIAL INDEXING       : 5
SPECTRAL INDEXING      : 5
 1: CARTESIAN, NATURAL
 2: CARTESIAN, TRANSPOSED
 3: MORTON, NATURAL
 4: MORTON, TRANSPOSED
PROJECTION BLOCK SIZE      : 512
BACKPROJECTION BLOCK SIZE  : 512
PROJECTION BUFFER SIZE      : 48 KB
BACKPROJECTION BUFFER SIZE  : 48 KB

SINOGRAM FILE : ../../../../datasets/CDS1_sinogram.bin
   THETA FILE : ../../../../datasets/CDS1_theta.bin
  OUTPUT FILE : ../../output/single_gpu/ip-0A000009/p100.24.CDS1.128.128.512.512.48.48.bin


PLACE TILES
lspat 4 lspatdim 4
lspec 6 lspecdim 8
MPI PARTITIONING
proc: 0 numspats: 16 numpixs: 262144 numspecs: 24 numrays: 393216
maxnumpix: 262144 maxnumray: 393216
FILL PIXELS AND RAYS
INPUT THETA DATA
DOMAIN PARTITIONING
myid 0 raynuminc 384000/384000 raynumout 384000/384000

CONSTRUCT PROJECTION MATRIX
CSR STORAGE: 235011121 (1.750969 GB) rownzmax 1022
RAY-TRACING TIME: 1.142129e+00
CONSTRUCT BACKPROJECTION MATRIX
CSR STORAGE: 235011121 (1.750969 GB) rownzmax 1092
TRANSPOSITION TIME: 3.479968e-01

BLOCKING PROJECTION MATRIX
NUMBER OF BLOCKS: 750 BUFFSIZE: 12288
NUMBER OF BUFFERS: 1416 AVERAGE BUFF/BLOCK: 1.888000 MAX BUFF/BLOCK: 3
BUFF MAP: 17399808 (0.064819 GB)
ELLPACK STORAGE: 272871424 (1.524788 GB) buffnzmax: 693 STORAGE EFFICIENCY: 1.291878 DATA REUSE: 17.633121
BLOCKING TIME: 6.006939e-01
BLOCKING BACKPROJECTION MATRIX
NUMBER OF BLOCKS: 512 BUFFSIZE: 12288
NUMBER OF BUFFERS: 1020 AVERAGE BUFF/BLOCK: 1.992188 MAX BUFF/BLOCK: 2
BUFF MAP: 12533760 (0.046692 GB)
ELLPACK STORAGE: 260354048 (1.454842 GB) buffnzmax: 746 STORAGE EFFICIENCY: 1.353990 DATA REUSE: 21.340651
BLOCKING TIME: 6.039718e-01

FILL PROJECTION MATRIX
TIME: 1.029617e+00
FILL BACKPROJECTION MATRIX
TIME: 1.269263e+00
REDUCTION MAPPINGS
PREPROCESSING TIME: 4.996579e+00
myid: 0 device: 0

Device Count: 1
Device 0 name: -403871904
Computational Capabilities: 6, 0
Maximum global memory size: 17071734784
Maximum constant memory size: 65536
Maximum shared memory size per block: 49152
Maximum block dimensions: 1024x1024x64
Maximum grid dimensions: 2147483647x65535x65535
Maximum threads per block: 1024
Warp size: 32

PROC 0 TOTAL GPU MEMORY: 4.385553 GB
INPUT MEASUREMENT DATA
INPUT ENDS
GRADIENT-DESCENT OPTIMIZATION
iter: 0 error: 4.959034e+04 gradnorm: 1.560966e+10
iter: 1 error: 5.316517e+03 gradnorm: 4.760843e+08
iter: 2 error: 5.074576e+02 gradnorm: 1.604496e+07
iter: 3 error: 2.940087e+02 gradnorm: 8.082352e+06
iter: 4 error: 1.716261e+02 gradnorm: 1.353839e+06
iter: 5 error: 1.154524e+02 gradnorm: 6.255256e+05
iter: 6 error: 8.909926e+01 gradnorm: 6.742692e+05
iter: 7 error: 7.797719e+01 gradnorm: 1.204971e+06
iter: 8 error: 7.140871e+01 gradnorm: 4.796508e+05
iter: 9 error: 5.778292e+01 gradnorm: 2.257544e+05
iter: 10 error: 4.873898e+01 gradnorm: 1.925934e+05
iter: 11 error: 4.173148e+01 gradnorm: 1.106630e+05
iter: 12 error: 3.777367e+01 gradnorm: 1.961233e+05
iter: 13 error: 3.469863e+01 gradnorm: 1.047980e+05
iter: 14 error: 3.212338e+01 gradnorm: 2.226929e+05
iter: 15 error: 3.109065e+01 gradnorm: 6.905488e+04
iter: 16 error: 2.842656e+01 gradnorm: 5.474760e+04
iter: 17 error: 2.682945e+01 gradnorm: 4.558158e+04
iter: 18 error: 2.524041e+01 gradnorm: 2.665441e+04
iter: 19 error: 2.394676e+01 gradnorm: 2.563774e+04
iter: 20 error: 2.288728e+01 gradnorm: 1.532952e+04
iter: 21 error: 2.222710e+01 gradnorm: 7.507292e+04
iter: 22 error: 2.188432e+01 gradnorm: 1.289875e+04
iter: 23 error: 2.120826e+01 gradnorm: 9.813701e+03
iter: 24 error: 2.078994e+01 gradnorm: 1.752766e+04
recon: 3.403073e-01 proj: 2.117404e-01 (1.701965e-01 2.743038e-02 7.555898e-03) backproj: 1.016885e-01 (4.219288e-03 1.479331e-02 8.016179e-02) ctime: 2.682350e-02 wtime: 1.929900e-05
numproj: 49 numback: 25
proj: 1.701965e-01 s (135.320550 GFLOPS) backproj: 8.016179e-02 s (146.585494 GFLOPS) avGFLOPS: 138.927452 totGFLOPS: 138.927452
proj: 491.399879 GB/s back: 502.814143 GB/s av: 495.054592 GB/s tot: 495.054592 GB/s
Total Time: 6.011171e+00
