NUM. THETA             : 360
NUM. RHO               : 256
NUM. X PIXELS          : 256
NUM. Y PIXELS          : 256

NUM. OF PIXELS         : 65536
NUM. OF RAYS           : 92160

NUM. ITERATIONS        : 24

SPATIAL TILE SIZE      : 32
SPECTRAL TILE SIZE     : 32

NUMBER OF X TILES      : 8
NUMBER OF Y TILES      : 8
NUM. OF THETA TILES    : 12
NUM. OF RHO TILES      : 8

NUM. SPATIAL TILES     : 64
NUM. SPECTRAL TILES    : 96

NUM. OF X PIXELS (EXT) : 256
NUM. OF Y PIXELS (EXT) : 256
NUM. OF ANGLES (EXT)   : 384
NUM. OF RHOS (EXT)     : 256

NUM. OF PIXELS (EXT)   : 65536
NUM. OF RAYS (EXT)     : 98304

NUMBER OF PROCESSES    : 120
NUMBER OF THRD./PROC.  : 1

INTEGER: 4, FLOAT: 4, LONG: 8, SHORT: 2, POINTER: 8
APPROX. MEMORY     TOTAL: 5.273438e-01 GB
APPROX. MEMORY PER PROC.: 4.394531e-03 GB

X START       : -1.280000e+02
Y START       : -1.280000e+02
PIXEL SIZE    : 1.000000e+00
RHO START     : -1.280000e+02
RAY LENGTH    : 5.120000e+02

SPATIAL INDEXING       : 5
SPECTRAL INDEXING      : 5
 1: CARTESIAN, NATURAL
 2: CARTESIAN, TRANSPOSED
 3: MORTON, NATURAL
 4: MORTON, TRANSPOSED
 5: HILBERT
PROJECTION BLOCK SIZE      : 128
BACKPROJECTION BLOCK SIZE  : 128
PROJECTION BUFFER SIZE      : 8 KB
BACKPROJECTION BUFFER SIZE  : 8 KB

SINOGRAM FILE : ./datasets/ADS1_sinogram.bin
   THETA FILE : ./datasets/ADS1_theta.bin
  OUTPUT FILE : ./recon.ADS1.bin


PLACE TILES
lspat 8 lspatdim 8
lspec 12 lspecdim 16
MPI PARTITIONING
proc: 0 numspats: 1 numpixs: 1024 numspecs: 1 numrays: 1024
proc: 1 numspats: 1 numpixs: 1024 numspecs: 1 numrays: 1024
proc: 2 numspats: 1 numpixs: 1024 numspecs: 1 numrays: 1024
proc: 3 numspats: 1 numpixs: 1024 numspecs: 1 numrays: 1024
proc: 4 numspats: 1 numpixs: 1024 numspecs: 1 numrays: 1024
proc: 5 numspats: 1 numpixs: 1024 numspecs: 1 numrays: 1024
proc: 6 numspats: 1 numpixs: 1024 numspecs: 1 numrays: 1024
proc: 7 numspats: 1 numpixs: 1024 numspecs: 1 numrays: 1024
proc: 8 numspats: 1 numpixs: 1024 numspecs: 1 numrays: 1024
proc: 9 numspats: 1 numpixs: 1024 numspecs: 1 numrays: 1024
proc: 10 numspats: 1 numpixs: 1024 numspecs: 1 numrays: 1024
proc: 11 numspats: 1 numpixs: 1024 numspecs: 1 numrays: 1024
proc: 12 numspats: 1 numpixs: 1024 numspecs: 1 numrays: 1024
proc: 13 numspats: 1 numpixs: 1024 numspecs: 1 numrays: 1024
proc: 14 numspats: 1 numpixs: 1024 numspecs: 1 numrays: 1024
proc: 15 numspats: 1 numpixs: 1024 numspecs: 1 numrays: 1024
proc: 16 numspats: 1 numpixs: 1024 numspecs: 1 numrays: 1024
proc: 17 numspats: 1 numpixs: 1024 numspecs: 1 numrays: 1024
proc: 18 numspats: 1 numpixs: 1024 numspecs: 1 numrays: 1024
proc: 19 numspats: 1 numpixs: 1024 numspecs: 1 numrays: 1024
proc: 20 numspats: 1 numpixs: 1024 numspecs: 1 numrays: 1024
proc: 21 numspats: 1 numpixs: 1024 numspecs: 1 numrays: 1024
proc: 22 numspats: 1 numpixs: 1024 numspecs: 1 numrays: 1024
proc: 23 numspats: 1 numpixs: 1024 numspecs: 1 numrays: 1024
proc: 24 numspats: 1 numpixs: 1024 numspecs: 1 numrays: 1024
proc: 25 numspats: 1 numpixs: 1024 numspecs: 1 numrays: 1024
proc: 26 numspats: 1 numpixs: 1024 numspecs: 1 numrays: 1024
proc: 27 numspats: 1 numpixs: 1024 numspecs: 1 numrays: 1024
proc: 28 numspats: 1 numpixs: 1024 numspecs: 1 numrays: 1024
proc: 29 numspats: 1 numpixs: 1024 numspecs: 1 numrays: 1024
proc: 30 numspats: 1 numpixs: 1024 numspecs: 1 numrays: 1024
proc: 31 numspats: 1 numpixs: 1024 numspecs: 1 numrays: 1024
proc: 32 numspats: 1 numpixs: 1024 numspecs: 1 numrays: 1024
proc: 33 numspats: 1 numpixs: 1024 numspecs: 1 numrays: 1024
proc: 34 numspats: 1 numpixs: 1024 numspecs: 1 numrays: 1024
proc: 35 numspats: 1 numpixs: 1024 numspecs: 1 numrays: 1024
proc: 36 numspats: 1 numpixs: 1024 numspecs: 1 numrays: 1024
proc: 37 numspats: 1 numpixs: 1024 numspecs: 1 numrays: 1024
proc: 38 numspats: 1 numpixs: 1024 numspecs: 1 numrays: 1024
proc: 39 numspats: 1 numpixs: 1024 numspecs: 1 numrays: 1024
proc: 40 numspats: 1 numpixs: 1024 numspecs: 1 numrays: 1024
proc: 41 numspats: 1 numpixs: 1024 numspecs: 1 numrays: 1024
proc: 42 numspats: 1 numpixs: 1024 numspecs: 1 numrays: 1024
proc: 43 numspats: 1 numpixs: 1024 numspecs: 1 numrays: 1024
proc: 44 numspats: 1 numpixs: 1024 numspecs: 1 numrays: 1024
proc: 45 numspats: 1 numpixs: 1024 numspecs: 1 numrays: 1024
proc: 46 numspats: 1 numpixs: 1024 numspecs: 1 numrays: 1024
proc: 47 numspats: 1 numpixs: 1024 numspecs: 1 numrays: 1024
proc: 48 numspats: 1 numpixs: 1024 numspecs: 1 numrays: 1024
proc: 49 numspats: 1 numpixs: 1024 numspecs: 1 numrays: 1024
proc: 50 numspats: 1 numpixs: 1024 numspecs: 1 numrays: 1024
proc: 51 numspats: 1 numpixs: 1024 numspecs: 1 numrays: 1024
proc: 52 numspats: 1 numpixs: 1024 numspecs: 1 numrays: 1024
proc: 53 numspats: 1 numpixs: 1024 numspecs: 1 numrays: 1024
proc: 54 numspats: 1 numpixs: 1024 numspecs: 1 numrays: 1024
proc: 55 numspats: 1 numpixs: 1024 numspecs: 1 numrays: 1024
proc: 56 numspats: 1 numpixs: 1024 numspecs: 1 numrays: 1024
proc: 57 numspats: 1 numpixs: 1024 numspecs: 1 numrays: 1024
proc: 58 numspats: 1 numpixs: 1024 numspecs: 1 numrays: 1024
proc: 59 numspats: 1 numpixs: 1024 numspecs: 1 numrays: 1024
proc: 60 numspats: 1 numpixs: 1024 numspecs: 1 numrays: 1024
proc: 61 numspats: 1 numpixs: 1024 numspecs: 1 numrays: 1024
proc: 62 numspats: 1 numpixs: 1024 numspecs: 1 numrays: 1024
proc: 63 numspats: 1 numpixs: 1024 numspecs: 1 numrays: 1024
proc: 64 numspats: 0 numpixs: 0 numspecs: 1 numrays: 1024
proc: 65 numspats: 0 numpixs: 0 numspecs: 1 numrays: 1024
proc: 66 numspats: 0 numpixs: 0 numspecs: 1 numrays: 1024
proc: 67 numspats: 0 numpixs: 0 numspecs: 1 numrays: 1024
proc: 68 numspats: 0 numpixs: 0 numspecs: 1 numrays: 1024
proc: 69 numspats: 0 numpixs: 0 numspecs: 1 numrays: 1024
proc: 70 numspats: 0 numpixs: 0 numspecs: 1 numrays: 1024
proc: 71 numspats: 0 numpixs: 0 numspecs: 1 numrays: 1024
proc: 72 numspats: 0 numpixs: 0 numspecs: 1 numrays: 1024
proc: 73 numspats: 0 numpixs: 0 numspecs: 1 numrays: 1024
proc: 74 numspats: 0 numpixs: 0 numspecs: 1 numrays: 1024
proc: 75 numspats: 0 numpixs: 0 numspecs: 1 numrays: 1024
proc: 76 numspats: 0 numpixs: 0 numspecs: 1 numrays: 1024
proc: 77 numspats: 0 numpixs: 0 numspecs: 1 numrays: 1024
proc: 78 numspats: 0 numpixs: 0 numspecs: 1 numrays: 1024
proc: 79 numspats: 0 numpixs: 0 numspecs: 1 numrays: 1024
proc: 80 numspats: 0 numpixs: 0 numspecs: 1 numrays: 1024
proc: 81 numspats: 0 numpixs: 0 numspecs: 1 numrays: 1024
proc: 82 numspats: 0 numpixs: 0 numspecs: 1 numrays: 1024
proc: 83 numspats: 0 numpixs: 0 numspecs: 1 numrays: 1024
proc: 84 numspats: 0 numpixs: 0 numspecs: 1 numrays: 1024
proc: 85 numspats: 0 numpixs: 0 numspecs: 1 numrays: 1024
proc: 86 numspats: 0 numpixs: 0 numspecs: 1 numrays: 1024
proc: 87 numspats: 0 numpixs: 0 numspecs: 1 numrays: 1024
proc: 88 numspats: 0 numpixs: 0 numspecs: 1 numrays: 1024
proc: 89 numspats: 0 numpixs: 0 numspecs: 1 numrays: 1024
proc: 90 numspats: 0 numpixs: 0 numspecs: 1 numrays: 1024
proc: 91 numspats: 0 numpixs: 0 numspecs: 1 numrays: 1024
proc: 92 numspats: 0 numpixs: 0 numspecs: 1 numrays: 1024
proc: 93 numspats: 0 numpixs: 0 numspecs: 1 numrays: 1024
proc: 94 numspats: 0 numpixs: 0 numspecs: 1 numrays: 1024
proc: 95 numspats: 0 numpixs: 0 numspecs: 1 numrays: 1024
proc: 96 numspats: 0 numpixs: 0 numspecs: 0 numrays: 0
proc: 97 numspats: 0 numpixs: 0 numspecs: 0 numrays: 0
proc: 98 numspats: 0 numpixs: 0 numspecs: 0 numrays: 0
proc: 99 numspats: 0 numpixs: 0 numspecs: 0 numrays: 0
proc: 100 numspats: 0 numpixs: 0 numspecs: 0 numrays: 0
proc: 101 numspats: 0 numpixs: 0 numspecs: 0 numrays: 0
proc: 102 numspats: 0 numpixs: 0 numspecs: 0 numrays: 0
proc: 103 numspats: 0 numpixs: 0 numspecs: 0 numrays: 0
proc: 104 numspats: 0 numpixs: 0 numspecs: 0 numrays: 0
proc: 105 numspats: 0 numpixs: 0 numspecs: 0 numrays: 0
proc: 106 numspats: 0 numpixs: 0 numspecs: 0 numrays: 0
proc: 107 numspats: 0 numpixs: 0 numspecs: 0 numrays: 0
proc: 108 numspats: 0 numpixs: 0 numspecs: 0 numrays: 0
proc: 109 numspats: 0 numpixs: 0 numspecs: 0 numrays: 0
proc: 110 numspats: 0 numpixs: 0 numspecs: 0 numrays: 0
proc: 111 numspats: 0 numpixs: 0 numspecs: 0 numrays: 0
proc: 112 numspats: 0 numpixs: 0 numspecs: 0 numrays: 0
proc: 113 numspats: 0 numpixs: 0 numspecs: 0 numrays: 0
proc: 114 numspats: 0 numpixs: 0 numspecs: 0 numrays: 0
proc: 115 numspats: 0 numpixs: 0 numspecs: 0 numrays: 0
proc: 116 numspats: 0 numpixs: 0 numspecs: 0 numrays: 0
proc: 117 numspats: 0 numpixs: 0 numspecs: 0 numrays: 0
proc: 118 numspats: 0 numpixs: 0 numspecs: 0 numrays: 0
proc: 119 numspats: 0 numpixs: 0 numspecs: 0 numrays: 0
maxnumpix: 1024 maxnumray: 1024
FILL PIXELS AND RAYS
INPUT THETA DATA
DOMAIN PARTITIONING

CONSTRUCT PROJECTION MATRIX
CSR STORAGE: 28200745 (0.210112 GB) rownzmax 63
RAY-TRACING TIME: 1.825957e-02
CONSTRUCT BACKPROJECTION MATRIX
CSR STORAGE: 28200745 (0.210112 GB) rownzmax 356
TRANSPOSITION TIME: 1.214240e-02

BLOCKING PROJECTION MATRIX
NUMBER OF BLOCKS: 69 BUFFSIZE: 2048
NUMBER OF BUFFERS: 69 AVERAGE BUFF/BLOCK: 1.000000 MAX BUFF/BLOCK: 1
BUFFER MAP: 3170011 (0.011809 GB)
CSR STORAGE: 28200745 (0.157584 GB) buffnzmax: 63 STORAGE EFFICIENCY: 0.014730 DATA REUSE: 6.574328
BLOCKING TIME: 7.547291e-03
BLOCKING BACKPROJECTION MATRIX
NUMBER OF BLOCKS: 8 BUFFSIZE: 2048
NUMBER OF BUFFERS: 16 AVERAGE BUFF/BLOCK: 2.000000 MAX BUFF/BLOCK: 2
BUFFER MAP: 2642958 (0.009846 GB)
CSR STORAGE: 28200745 (0.157584 GB) buffnzmax: 201 STORAGE EFFICIENCY: 0.014730 DATA REUSE: 10.564469
BLOCKING TIME: 6.591218e-03

FILL PROJECTION MATRIX
TIME: 1.415302e-02
FILL BACKPROJECTION MATRIX
TIME: 1.569575e-02
REDUCTION MAPPINGS
PREPROCESSING TIME: 9.608870e-02
INPUT MEASUREMENT DATA
INPUT ENDS
GRADIENT-DESCENT OPTIMIZATION
iter: 0 error: 2.235910e+08 gradnorm: 1.319810e+13
iter: 1 error: 5.746498e+07 gradnorm: 1.082450e+12
iter: 2 error: 7.825115e+06 gradnorm: 8.191755e+10
iter: 3 error: 1.580174e+06 gradnorm: 8.642854e+09
iter: 4 error: 5.867171e+05 gradnorm: 3.836437e+09
iter: 5 error: 2.986116e+05 gradnorm: 1.314340e+09
iter: 6 error: 1.238597e+05 gradnorm: 2.709682e+08
iter: 7 error: 6.789381e+04 gradnorm: 1.033182e+09
iter: 8 error: 5.103559e+04 gradnorm: 1.443564e+08
iter: 9 error: 3.220265e+04 gradnorm: 5.880395e+07
iter: 10 error: 1.943894e+04 gradnorm: 4.016526e+07
iter: 11 error: 1.184971e+04 gradnorm: 1.640986e+07
iter: 12 error: 7.660277e+03 gradnorm: 1.071074e+07
iter: 13 error: 6.148993e+03 gradnorm: 3.732634e+07
iter: 14 error: 5.272704e+03 gradnorm: 1.640058e+07
iter: 15 error: 4.551607e+03 gradnorm: 8.592386e+06
iter: 16 error: 3.357718e+03 gradnorm: 3.827196e+06
iter: 17 error: 2.474684e+03 gradnorm: 2.069185e+06
iter: 18 error: 1.735262e+03 gradnorm: 1.474545e+06
iter: 19 error: 1.366548e+03 gradnorm: 1.915238e+06
iter: 20 error: 1.213238e+03 gradnorm: 1.113349e+06
iter: 21 error: 1.141634e+03 gradnorm: 3.942372e+06
iter: 22 error: 9.334295e+02 gradnorm: 6.929274e+05
iter: 23 error: 8.232167e+02 gradnorm: 1.139114e+06
iter: 24 error: 6.880676e+02 gradnorm: 4.242119e+05
recon: 8.689627e-02 proj: 5.279715e-02 (3.398579e-02 1.726647e-02 1.534999e-03) backproj: 2.691933e-02 (7.494510e-04 8.460786e-03 1.770486e-02) ctime: 2.498670e-03 wtime: 3.003312e-03
numproj: 49 numback: 25
proj: 4.081096e+00 s (0.677189 GFLOPS) backproj: 2.124550e+00 s (0.663687 GFLOPS) avGFLOPS: 0.672567 totGFLOPS: 80.707990
proj: 2.183811 GB/s back: 2.115463 GB/s av: 2.160411 GB/s tot: 259.249366 GB/s
Total Time: 1.074200e+00
