NUM. THETA             : 360
NUM. RHO               : 256
NUM. X PIXELS          : 256
NUM. Y PIXELS          : 256

NUM. OF PIXELS         : 65536
NUM. OF RAYS           : 92160

NUM. ITERATIONS        : 24

SPATIAL TILE SIZE      : 16
SPECTRAL TILE SIZE     : 16

NUMBER OF X TILES      : 16
NUMBER OF Y TILES      : 16
NUM. OF THETA TILES    : 23
NUM. OF RHO TILES      : 16

NUM. SPATIAL TILES     : 256
NUM. SPECTRAL TILES    : 368

NUM. OF X PIXELS (EXT) : 256
NUM. OF Y PIXELS (EXT) : 256
NUM. OF ANGLES (EXT)   : 368
NUM. OF RHOS (EXT)     : 256

NUM. OF PIXELS (EXT)   : 65536
NUM. OF RAYS (EXT)     : 94208

NUMBER OF PROCESSES    : 120
NUMBER OF THRD./PROC.  : 1

INTEGER: 4, FLOAT: 4, LONG: 8, SHORT: 2, POINTER: 8
APPROX. MEMORY     TOTAL: 5.273438e-01 GB
APPROX. MEMORY PER PROC.: 4.394531e-03 GB

X START       : -1.280000e+02
Y START       : -1.280000e+02
PIXEL SIZE    : 1.000000e+00
RHO START     : -1.280000e+02
RAY LENGTH    : 5.120000e+02

SPATIAL INDEXING       : 5
SPECTRAL INDEXING      : 5
 1: CARTESIAN, NATURAL
 2: CARTESIAN, TRANSPOSED
 3: MORTON, NATURAL
 4: MORTON, TRANSPOSED
 5: HILBERT
PROJECTION BLOCK SIZE      : 128
BACKPROJECTION BLOCK SIZE  : 128
PROJECTION BUFFER SIZE      : 8 KB
BACKPROJECTION BUFFER SIZE  : 8 KB

SINOGRAM FILE : ./datasets/ADS1_sinogram.bin
   THETA FILE : ./datasets/ADS1_theta.bin
  OUTPUT FILE : ./recon.ADS1.bin


PLACE TILES
lspat 16 lspatdim 16
lspec 23 lspecdim 32
MPI PARTITIONING
proc: 0 numspats: 3 numpixs: 768 numspecs: 4 numrays: 1024
proc: 1 numspats: 3 numpixs: 768 numspecs: 4 numrays: 1024
proc: 2 numspats: 3 numpixs: 768 numspecs: 4 numrays: 1024
proc: 3 numspats: 3 numpixs: 768 numspecs: 4 numrays: 1024
proc: 4 numspats: 3 numpixs: 768 numspecs: 4 numrays: 1024
proc: 5 numspats: 3 numpixs: 768 numspecs: 4 numrays: 1024
proc: 6 numspats: 3 numpixs: 768 numspecs: 4 numrays: 1024
proc: 7 numspats: 3 numpixs: 768 numspecs: 4 numrays: 1024
proc: 8 numspats: 3 numpixs: 768 numspecs: 3 numrays: 768
proc: 9 numspats: 3 numpixs: 768 numspecs: 3 numrays: 768
proc: 10 numspats: 3 numpixs: 768 numspecs: 3 numrays: 768
proc: 11 numspats: 3 numpixs: 768 numspecs: 3 numrays: 768
proc: 12 numspats: 3 numpixs: 768 numspecs: 3 numrays: 768
proc: 13 numspats: 3 numpixs: 768 numspecs: 3 numrays: 768
proc: 14 numspats: 3 numpixs: 768 numspecs: 3 numrays: 768
proc: 15 numspats: 3 numpixs: 768 numspecs: 3 numrays: 768
proc: 16 numspats: 2 numpixs: 512 numspecs: 3 numrays: 768
proc: 17 numspats: 2 numpixs: 512 numspecs: 3 numrays: 768
proc: 18 numspats: 2 numpixs: 512 numspecs: 3 numrays: 768
proc: 19 numspats: 2 numpixs: 512 numspecs: 3 numrays: 768
proc: 20 numspats: 2 numpixs: 512 numspecs: 3 numrays: 768
proc: 21 numspats: 2 numpixs: 512 numspecs: 3 numrays: 768
proc: 22 numspats: 2 numpixs: 512 numspecs: 3 numrays: 768
proc: 23 numspats: 2 numpixs: 512 numspecs: 3 numrays: 768
proc: 24 numspats: 2 numpixs: 512 numspecs: 3 numrays: 768
proc: 25 numspats: 2 numpixs: 512 numspecs: 3 numrays: 768
proc: 26 numspats: 2 numpixs: 512 numspecs: 3 numrays: 768
proc: 27 numspats: 2 numpixs: 512 numspecs: 3 numrays: 768
proc: 28 numspats: 2 numpixs: 512 numspecs: 3 numrays: 768
proc: 29 numspats: 2 numpixs: 512 numspecs: 3 numrays: 768
proc: 30 numspats: 2 numpixs: 512 numspecs: 3 numrays: 768
proc: 31 numspats: 2 numpixs: 512 numspecs: 3 numrays: 768
proc: 32 numspats: 2 numpixs: 512 numspecs: 3 numrays: 768
proc: 33 numspats: 2 numpixs: 512 numspecs: 3 numrays: 768
proc: 34 numspats: 2 numpixs: 512 numspecs: 3 numrays: 768
proc: 35 numspats: 2 numpixs: 512 numspecs: 3 numrays: 768
proc: 36 numspats: 2 numpixs: 512 numspecs: 3 numrays: 768
proc: 37 numspats: 2 numpixs: 512 numspecs: 3 numrays: 768
proc: 38 numspats: 2 numpixs: 512 numspecs: 3 numrays: 768
proc: 39 numspats: 2 numpixs: 512 numspecs: 3 numrays: 768
proc: 40 numspats: 2 numpixs: 512 numspecs: 3 numrays: 768
proc: 41 numspats: 2 numpixs: 512 numspecs: 3 numrays: 768
proc: 42 numspats: 2 numpixs: 512 numspecs: 3 numrays: 768
proc: 43 numspats: 2 numpixs: 512 numspecs: 3 numrays: 768
proc: 44 numspats: 2 numpixs: 512 numspecs: 3 numrays: 768
proc: 45 numspats: 2 numpixs: 512 numspecs: 3 numrays: 768
proc: 46 numspats: 2 numpixs: 512 numspecs: 3 numrays: 768
proc: 47 numspats: 2 numpixs: 512 numspecs: 3 numrays: 768
proc: 48 numspats: 2 numpixs: 512 numspecs: 3 numrays: 768
proc: 49 numspats: 2 numpixs: 512 numspecs: 3 numrays: 768
proc: 50 numspats: 2 numpixs: 512 numspecs: 3 numrays: 768
proc: 51 numspats: 2 numpixs: 512 numspecs: 3 numrays: 768
proc: 52 numspats: 2 numpixs: 512 numspecs: 3 numrays: 768
proc: 53 numspats: 2 numpixs: 512 numspecs: 3 numrays: 768
proc: 54 numspats: 2 numpixs: 512 numspecs: 3 numrays: 768
proc: 55 numspats: 2 numpixs: 512 numspecs: 3 numrays: 768
proc: 56 numspats: 2 numpixs: 512 numspecs: 3 numrays: 768
proc: 57 numspats: 2 numpixs: 512 numspecs: 3 numrays: 768
proc: 58 numspats: 2 numpixs: 512 numspecs: 3 numrays: 768
proc: 59 numspats: 2 numpixs: 512 numspecs: 3 numrays: 768
proc: 60 numspats: 2 numpixs: 512 numspecs: 3 numrays: 768
proc: 61 numspats: 2 numpixs: 512 numspecs: 3 numrays: 768
proc: 62 numspats: 2 numpixs: 512 numspecs: 3 numrays: 768
proc: 63 numspats: 2 numpixs: 512 numspecs: 3 numrays: 768
proc: 64 numspats: 2 numpixs: 512 numspecs: 3 numrays: 768
proc: 65 numspats: 2 numpixs: 512 numspecs: 3 numrays: 768
proc: 66 numspats: 2 numpixs: 512 numspecs: 3 numrays: 768
proc: 67 numspats: 2 numpixs: 512 numspecs: 3 numrays: 768
proc: 68 numspats: 2 numpixs: 512 numspecs: 3 numrays: 768
proc: 69 numspats: 2 numpixs: 512 numspecs: 3 numrays: 768
proc: 70 numspats: 2 numpixs: 512 numspecs: 3 numrays: 768
proc: 71 numspats: 2 numpixs: 512 numspecs: 3 numrays: 768
proc: 72 numspats: 2 numpixs: 512 numspecs: 3 numrays: 768
proc: 73 numspats: 2 numpixs: 512 numspecs: 3 numrays: 768
proc: 74 numspats: 2 numpixs: 512 numspecs: 3 numrays: 768
proc: 75 numspats: 2 numpixs: 512 numspecs: 3 numrays: 768
proc: 76 numspats: 2 numpixs: 512 numspecs: 3 numrays: 768
proc: 77 numspats: 2 numpixs: 512 numspecs: 3 numrays: 768
proc: 78 numspats: 2 numpixs: 512 numspecs: 3 numrays: 768
proc: 79 numspats: 2 numpixs: 512 numspecs: 3 numrays: 768
proc: 80 numspats: 2 numpixs: 512 numspecs: 3 numrays: 768
proc: 81 numspats: 2 numpixs: 512 numspecs: 3 numrays: 768
proc: 82 numspats: 2 numpixs: 512 numspecs: 3 numrays: 768
proc: 83 numspats: 2 numpixs: 512 numspecs: 3 numrays: 768
proc: 84 numspats: 2 numpixs: 512 numspecs: 3 numrays: 768
proc: 85 numspats: 2 numpixs: 512 numspecs: 3 numrays: 768
proc: 86 numspats: 2 numpixs: 512 numspecs: 3 numrays: 768
proc: 87 numspats: 2 numpixs: 512 numspecs: 3 numrays: 768
proc: 88 numspats: 2 numpixs: 512 numspecs: 3 numrays: 768
proc: 89 numspats: 2 numpixs: 512 numspecs: 3 numrays: 768
proc: 90 numspats: 2 numpixs: 512 numspecs: 3 numrays: 768
proc: 91 numspats: 2 numpixs: 512 numspecs: 3 numrays: 768
proc: 92 numspats: 2 numpixs: 512 numspecs: 3 numrays: 768
proc: 93 numspats: 2 numpixs: 512 numspecs: 3 numrays: 768
proc: 94 numspats: 2 numpixs: 512 numspecs: 3 numrays: 768
proc: 95 numspats: 2 numpixs: 512 numspecs: 3 numrays: 768
proc: 96 numspats: 2 numpixs: 512 numspecs: 3 numrays: 768
proc: 97 numspats: 2 numpixs: 512 numspecs: 3 numrays: 768
proc: 98 numspats: 2 numpixs: 512 numspecs: 3 numrays: 768
proc: 99 numspats: 2 numpixs: 512 numspecs: 3 numrays: 768
proc: 100 numspats: 2 numpixs: 512 numspecs: 3 numrays: 768
proc: 101 numspats: 2 numpixs: 512 numspecs: 3 numrays: 768
proc: 102 numspats: 2 numpixs: 512 numspecs: 3 numrays: 768
proc: 103 numspats: 2 numpixs: 512 numspecs: 3 numrays: 768
proc: 104 numspats: 2 numpixs: 512 numspecs: 3 numrays: 768
proc: 105 numspats: 2 numpixs: 512 numspecs: 3 numrays: 768
proc: 106 numspats: 2 numpixs: 512 numspecs: 3 numrays: 768
proc: 107 numspats: 2 numpixs: 512 numspecs: 3 numrays: 768
proc: 108 numspats: 2 numpixs: 512 numspecs: 3 numrays: 768
proc: 109 numspats: 2 numpixs: 512 numspecs: 3 numrays: 768
proc: 110 numspats: 2 numpixs: 512 numspecs: 3 numrays: 768
proc: 111 numspats: 2 numpixs: 512 numspecs: 3 numrays: 768
proc: 112 numspats: 2 numpixs: 512 numspecs: 3 numrays: 768
proc: 113 numspats: 2 numpixs: 512 numspecs: 3 numrays: 768
proc: 114 numspats: 2 numpixs: 512 numspecs: 3 numrays: 768
proc: 115 numspats: 2 numpixs: 512 numspecs: 3 numrays: 768
proc: 116 numspats: 2 numpixs: 512 numspecs: 3 numrays: 768
proc: 117 numspats: 2 numpixs: 512 numspecs: 3 numrays: 768
proc: 118 numspats: 2 numpixs: 512 numspecs: 3 numrays: 768
proc: 119 numspats: 2 numpixs: 512 numspecs: 3 numrays: 768
maxnumpix: 768 maxnumray: 1024
FILL PIXELS AND RAYS
INPUT THETA DATA
DOMAIN PARTITIONING

CONSTRUCT PROJECTION MATRIX
CSR STORAGE: 28200745 (0.210112 GB) rownzmax 63
RAY-TRACING TIME: 1.535006e-02
CONSTRUCT BACKPROJECTION MATRIX
CSR STORAGE: 28200745 (0.210112 GB) rownzmax 356
TRANSPOSITION TIME: 9.135916e-03

BLOCKING PROJECTION MATRIX
NUMBER OF BLOCKS: 61 BUFFSIZE: 2048
NUMBER OF BUFFERS: 61 AVERAGE BUFF/BLOCK: 1.000000 MAX BUFF/BLOCK: 1
BUFFER MAP: 3080081 (0.011474 GB)
CSR STORAGE: 28200745 (0.157584 GB) buffnzmax: 63 STORAGE EFFICIENCY: 0.011086 DATA REUSE: 6.829347
BLOCKING TIME: 5.498701e-03
BLOCKING BACKPROJECTION MATRIX
NUMBER OF BLOCKS: 6 BUFFSIZE: 2048
NUMBER OF BUFFERS: 12 AVERAGE BUFF/BLOCK: 2.000000 MAX BUFF/BLOCK: 2
BUFFER MAP: 2642958 (0.009846 GB)
CSR STORAGE: 28200745 (0.157584 GB) buffnzmax: 201 STORAGE EFFICIENCY: 0.011086 DATA REUSE: 10.716129
BLOCKING TIME: 4.842418e-03

FILL PROJECTION MATRIX
TIME: 1.066935e-02
FILL BACKPROJECTION MATRIX
TIME: 1.178343e-02
REDUCTION MAPPINGS
PREPROCESSING TIME: 7.281932e-02
INPUT MEASUREMENT DATA
INPUT ENDS
GRADIENT-DESCENT OPTIMIZATION
iter: 0 error: 2.235911e+08 gradnorm: 1.319810e+13
iter: 1 error: 5.746498e+07 gradnorm: 1.082450e+12
iter: 2 error: 7.825114e+06 gradnorm: 8.191752e+10
iter: 3 error: 1.580174e+06 gradnorm: 8.642857e+09
iter: 4 error: 5.867171e+05 gradnorm: 3.836436e+09
iter: 5 error: 2.986117e+05 gradnorm: 1.314341e+09
iter: 6 error: 1.238615e+05 gradnorm: 2.711159e+08
iter: 7 error: 6.838423e+04 gradnorm: 1.056928e+09
iter: 8 error: 5.104235e+04 gradnorm: 1.438680e+08
iter: 9 error: 3.220266e+04 gradnorm: 5.880318e+07
iter: 10 error: 1.943894e+04 gradnorm: 4.016543e+07
iter: 11 error: 1.184989e+04 gradnorm: 1.641546e+07
iter: 12 error: 7.670717e+03 gradnorm: 1.103193e+07
iter: 13 error: 6.277913e+03 gradnorm: 3.405361e+07
iter: 14 error: 5.370893e+03 gradnorm: 2.047758e+07
iter: 15 error: 4.587528e+03 gradnorm: 7.821016e+06
iter: 16 error: 3.358150e+03 gradnorm: 3.815395e+06
iter: 17 error: 2.474691e+03 gradnorm: 2.069241e+06
iter: 18 error: 1.735722e+03 gradnorm: 1.490251e+06
iter: 19 error: 1.405694e+03 gradnorm: 4.038028e+06
iter: 20 error: 1.317024e+03 gradnorm: 2.359626e+06
iter: 21 error: 1.191404e+03 gradnorm: 1.011785e+06
iter: 22 error: 9.351021e+02 gradnorm: 6.903172e+05
iter: 23 error: 8.237809e+02 gradnorm: 1.117929e+06
iter: 24 error: 6.882202e+02 gradnorm: 4.297500e+05
recon: 8.920457e-02 proj: 5.533688e-02 (2.505332e-02 2.852382e-02 1.750635e-03) backproj: 2.675020e-02 (8.419510e-04 1.272567e-02 1.317860e-02) ctime: 2.302981e-03 wtime: 2.990799e-03
numproj: 49 numback: 25
proj: 2.996995e+00 s (0.922148 GFLOPS) backproj: 1.571548e+00 s (0.897228 GFLOPS) avGFLOPS: 0.913576 totGFLOPS: 109.629073
proj: 2.967877 GB/s back: 2.859859 GB/s av: 2.930720 GB/s tot: 351.686387 GB/s
Total Time: 1.751159e+00
