NUM. THETA             : 360
NUM. RHO               : 256
NUM. X PIXELS          : 256
NUM. Y PIXELS          : 256

NUM. OF PIXELS         : 65536
NUM. OF RAYS           : 92160

NUM. ITERATIONS        : 24

SPATIAL TILE SIZE      : 16
SPECTRAL TILE SIZE     : 16

NUMBER OF X TILES      : 16
NUMBER OF Y TILES      : 16
NUM. OF THETA TILES    : 23
NUM. OF RHO TILES      : 16

NUM. SPATIAL TILES     : 256
NUM. SPECTRAL TILES    : 368

NUM. OF X PIXELS (EXT) : 256
NUM. OF Y PIXELS (EXT) : 256
NUM. OF ANGLES (EXT)   : 368
NUM. OF RHOS (EXT)     : 256

NUM. OF PIXELS (EXT)   : 65536
NUM. OF RAYS (EXT)     : 94208

NUMBER OF PROCESSES    : 144
NUMBER OF THRD./PROC.  : 1

INTEGER: 4, FLOAT: 4, LONG: 8, SHORT: 2, POINTER: 8
APPROX. MEMORY     TOTAL: 5.273438e-01 GB
APPROX. MEMORY PER PROC.: 3.662109e-03 GB

X START       : -1.280000e+02
Y START       : -1.280000e+02
PIXEL SIZE    : 1.000000e+00
RHO START     : -1.280000e+02
RAY LENGTH    : 5.120000e+02

SPATIAL INDEXING       : 5
SPECTRAL INDEXING      : 5
 1: CARTESIAN, NATURAL
 2: CARTESIAN, TRANSPOSED
 3: MORTON, NATURAL
 4: MORTON, TRANSPOSED
 5: HILBERT
PROJECTION BLOCK SIZE      : 128
BACKPROJECTION BLOCK SIZE  : 128
PROJECTION BUFFER SIZE      : 8 KB
BACKPROJECTION BUFFER SIZE  : 8 KB

SINOGRAM FILE : ./datasets/ADS1_sinogram.bin
   THETA FILE : ./datasets/ADS1_theta.bin
  OUTPUT FILE : ./recon.ADS1.bin


PLACE TILES
lspat 16 lspatdim 16
lspec 23 lspecdim 32
MPI PARTITIONING
proc: 0 numspats: 2 numpixs: 512 numspecs: 3 numrays: 768
proc: 1 numspats: 2 numpixs: 512 numspecs: 3 numrays: 768
proc: 2 numspats: 2 numpixs: 512 numspecs: 3 numrays: 768
proc: 3 numspats: 2 numpixs: 512 numspecs: 3 numrays: 768
proc: 4 numspats: 2 numpixs: 512 numspecs: 3 numrays: 768
proc: 5 numspats: 2 numpixs: 512 numspecs: 3 numrays: 768
proc: 6 numspats: 2 numpixs: 512 numspecs: 3 numrays: 768
proc: 7 numspats: 2 numpixs: 512 numspecs: 3 numrays: 768
proc: 8 numspats: 2 numpixs: 512 numspecs: 3 numrays: 768
proc: 9 numspats: 2 numpixs: 512 numspecs: 3 numrays: 768
proc: 10 numspats: 2 numpixs: 512 numspecs: 3 numrays: 768
proc: 11 numspats: 2 numpixs: 512 numspecs: 3 numrays: 768
proc: 12 numspats: 2 numpixs: 512 numspecs: 3 numrays: 768
proc: 13 numspats: 2 numpixs: 512 numspecs: 3 numrays: 768
proc: 14 numspats: 2 numpixs: 512 numspecs: 3 numrays: 768
proc: 15 numspats: 2 numpixs: 512 numspecs: 3 numrays: 768
proc: 16 numspats: 2 numpixs: 512 numspecs: 3 numrays: 768
proc: 17 numspats: 2 numpixs: 512 numspecs: 3 numrays: 768
proc: 18 numspats: 2 numpixs: 512 numspecs: 3 numrays: 768
proc: 19 numspats: 2 numpixs: 512 numspecs: 3 numrays: 768
proc: 20 numspats: 2 numpixs: 512 numspecs: 3 numrays: 768
proc: 21 numspats: 2 numpixs: 512 numspecs: 3 numrays: 768
proc: 22 numspats: 2 numpixs: 512 numspecs: 3 numrays: 768
proc: 23 numspats: 2 numpixs: 512 numspecs: 3 numrays: 768
proc: 24 numspats: 2 numpixs: 512 numspecs: 3 numrays: 768
proc: 25 numspats: 2 numpixs: 512 numspecs: 3 numrays: 768
proc: 26 numspats: 2 numpixs: 512 numspecs: 3 numrays: 768
proc: 27 numspats: 2 numpixs: 512 numspecs: 3 numrays: 768
proc: 28 numspats: 2 numpixs: 512 numspecs: 3 numrays: 768
proc: 29 numspats: 2 numpixs: 512 numspecs: 3 numrays: 768
proc: 30 numspats: 2 numpixs: 512 numspecs: 3 numrays: 768
proc: 31 numspats: 2 numpixs: 512 numspecs: 3 numrays: 768
proc: 32 numspats: 2 numpixs: 512 numspecs: 3 numrays: 768
proc: 33 numspats: 2 numpixs: 512 numspecs: 3 numrays: 768
proc: 34 numspats: 2 numpixs: 512 numspecs: 3 numrays: 768
proc: 35 numspats: 2 numpixs: 512 numspecs: 3 numrays: 768
proc: 36 numspats: 2 numpixs: 512 numspecs: 3 numrays: 768
proc: 37 numspats: 2 numpixs: 512 numspecs: 3 numrays: 768
proc: 38 numspats: 2 numpixs: 512 numspecs: 3 numrays: 768
proc: 39 numspats: 2 numpixs: 512 numspecs: 3 numrays: 768
proc: 40 numspats: 2 numpixs: 512 numspecs: 3 numrays: 768
proc: 41 numspats: 2 numpixs: 512 numspecs: 3 numrays: 768
proc: 42 numspats: 2 numpixs: 512 numspecs: 3 numrays: 768
proc: 43 numspats: 2 numpixs: 512 numspecs: 3 numrays: 768
proc: 44 numspats: 2 numpixs: 512 numspecs: 3 numrays: 768
proc: 45 numspats: 2 numpixs: 512 numspecs: 3 numrays: 768
proc: 46 numspats: 2 numpixs: 512 numspecs: 3 numrays: 768
proc: 47 numspats: 2 numpixs: 512 numspecs: 3 numrays: 768
proc: 48 numspats: 2 numpixs: 512 numspecs: 3 numrays: 768
proc: 49 numspats: 2 numpixs: 512 numspecs: 3 numrays: 768
proc: 50 numspats: 2 numpixs: 512 numspecs: 3 numrays: 768
proc: 51 numspats: 2 numpixs: 512 numspecs: 3 numrays: 768
proc: 52 numspats: 2 numpixs: 512 numspecs: 3 numrays: 768
proc: 53 numspats: 2 numpixs: 512 numspecs: 3 numrays: 768
proc: 54 numspats: 2 numpixs: 512 numspecs: 3 numrays: 768
proc: 55 numspats: 2 numpixs: 512 numspecs: 3 numrays: 768
proc: 56 numspats: 2 numpixs: 512 numspecs: 3 numrays: 768
proc: 57 numspats: 2 numpixs: 512 numspecs: 3 numrays: 768
proc: 58 numspats: 2 numpixs: 512 numspecs: 3 numrays: 768
proc: 59 numspats: 2 numpixs: 512 numspecs: 3 numrays: 768
proc: 60 numspats: 2 numpixs: 512 numspecs: 3 numrays: 768
proc: 61 numspats: 2 numpixs: 512 numspecs: 3 numrays: 768
proc: 62 numspats: 2 numpixs: 512 numspecs: 3 numrays: 768
proc: 63 numspats: 2 numpixs: 512 numspecs: 3 numrays: 768
proc: 64 numspats: 2 numpixs: 512 numspecs: 3 numrays: 768
proc: 65 numspats: 2 numpixs: 512 numspecs: 3 numrays: 768
proc: 66 numspats: 2 numpixs: 512 numspecs: 3 numrays: 768
proc: 67 numspats: 2 numpixs: 512 numspecs: 3 numrays: 768
proc: 68 numspats: 2 numpixs: 512 numspecs: 3 numrays: 768
proc: 69 numspats: 2 numpixs: 512 numspecs: 3 numrays: 768
proc: 70 numspats: 2 numpixs: 512 numspecs: 3 numrays: 768
proc: 71 numspats: 2 numpixs: 512 numspecs: 3 numrays: 768
proc: 72 numspats: 2 numpixs: 512 numspecs: 3 numrays: 768
proc: 73 numspats: 2 numpixs: 512 numspecs: 3 numrays: 768
proc: 74 numspats: 2 numpixs: 512 numspecs: 3 numrays: 768
proc: 75 numspats: 2 numpixs: 512 numspecs: 3 numrays: 768
proc: 76 numspats: 2 numpixs: 512 numspecs: 3 numrays: 768
proc: 77 numspats: 2 numpixs: 512 numspecs: 3 numrays: 768
proc: 78 numspats: 2 numpixs: 512 numspecs: 3 numrays: 768
proc: 79 numspats: 2 numpixs: 512 numspecs: 3 numrays: 768
proc: 80 numspats: 2 numpixs: 512 numspecs: 2 numrays: 512
proc: 81 numspats: 2 numpixs: 512 numspecs: 2 numrays: 512
proc: 82 numspats: 2 numpixs: 512 numspecs: 2 numrays: 512
proc: 83 numspats: 2 numpixs: 512 numspecs: 2 numrays: 512
proc: 84 numspats: 2 numpixs: 512 numspecs: 2 numrays: 512
proc: 85 numspats: 2 numpixs: 512 numspecs: 2 numrays: 512
proc: 86 numspats: 2 numpixs: 512 numspecs: 2 numrays: 512
proc: 87 numspats: 2 numpixs: 512 numspecs: 2 numrays: 512
proc: 88 numspats: 2 numpixs: 512 numspecs: 2 numrays: 512
proc: 89 numspats: 2 numpixs: 512 numspecs: 2 numrays: 512
proc: 90 numspats: 2 numpixs: 512 numspecs: 2 numrays: 512
proc: 91 numspats: 2 numpixs: 512 numspecs: 2 numrays: 512
proc: 92 numspats: 2 numpixs: 512 numspecs: 2 numrays: 512
proc: 93 numspats: 2 numpixs: 512 numspecs: 2 numrays: 512
proc: 94 numspats: 2 numpixs: 512 numspecs: 2 numrays: 512
proc: 95 numspats: 2 numpixs: 512 numspecs: 2 numrays: 512
proc: 96 numspats: 2 numpixs: 512 numspecs: 2 numrays: 512
proc: 97 numspats: 2 numpixs: 512 numspecs: 2 numrays: 512
proc: 98 numspats: 2 numpixs: 512 numspecs: 2 numrays: 512
proc: 99 numspats: 2 numpixs: 512 numspecs: 2 numrays: 512
proc: 100 numspats: 2 numpixs: 512 numspecs: 2 numrays: 512
proc: 101 numspats: 2 numpixs: 512 numspecs: 2 numrays: 512
proc: 102 numspats: 2 numpixs: 512 numspecs: 2 numrays: 512
proc: 103 numspats: 2 numpixs: 512 numspecs: 2 numrays: 512
proc: 104 numspats: 2 numpixs: 512 numspecs: 2 numrays: 512
proc: 105 numspats: 2 numpixs: 512 numspecs: 2 numrays: 512
proc: 106 numspats: 2 numpixs: 512 numspecs: 2 numrays: 512
proc: 107 numspats: 2 numpixs: 512 numspecs: 2 numrays: 512
proc: 108 numspats: 2 numpixs: 512 numspecs: 2 numrays: 512
proc: 109 numspats: 2 numpixs: 512 numspecs: 2 numrays: 512
proc: 110 numspats: 2 numpixs: 512 numspecs: 2 numrays: 512
proc: 111 numspats: 2 numpixs: 512 numspecs: 2 numrays: 512
proc: 112 numspats: 1 numpixs: 256 numspecs: 2 numrays: 512
proc: 113 numspats: 1 numpixs: 256 numspecs: 2 numrays: 512
proc: 114 numspats: 1 numpixs: 256 numspecs: 2 numrays: 512
proc: 115 numspats: 1 numpixs: 256 numspecs: 2 numrays: 512
proc: 116 numspats: 1 numpixs: 256 numspecs: 2 numrays: 512
proc: 117 numspats: 1 numpixs: 256 numspecs: 2 numrays: 512
proc: 118 numspats: 1 numpixs: 256 numspecs: 2 numrays: 512
proc: 119 numspats: 1 numpixs: 256 numspecs: 2 numrays: 512
proc: 120 numspats: 1 numpixs: 256 numspecs: 2 numrays: 512
proc: 121 numspats: 1 numpixs: 256 numspecs: 2 numrays: 512
proc: 122 numspats: 1 numpixs: 256 numspecs: 2 numrays: 512
proc: 123 numspats: 1 numpixs: 256 numspecs: 2 numrays: 512
proc: 124 numspats: 1 numpixs: 256 numspecs: 2 numrays: 512
proc: 125 numspats: 1 numpixs: 256 numspecs: 2 numrays: 512
proc: 126 numspats: 1 numpixs: 256 numspecs: 2 numrays: 512
proc: 127 numspats: 1 numpixs: 256 numspecs: 2 numrays: 512
proc: 128 numspats: 1 numpixs: 256 numspecs: 2 numrays: 512
proc: 129 numspats: 1 numpixs: 256 numspecs: 2 numrays: 512
proc: 130 numspats: 1 numpixs: 256 numspecs: 2 numrays: 512
proc: 131 numspats: 1 numpixs: 256 numspecs: 2 numrays: 512
proc: 132 numspats: 1 numpixs: 256 numspecs: 2 numrays: 512
proc: 133 numspats: 1 numpixs: 256 numspecs: 2 numrays: 512
proc: 134 numspats: 1 numpixs: 256 numspecs: 2 numrays: 512
proc: 135 numspats: 1 numpixs: 256 numspecs: 2 numrays: 512
proc: 136 numspats: 1 numpixs: 256 numspecs: 2 numrays: 512
proc: 137 numspats: 1 numpixs: 256 numspecs: 2 numrays: 512
proc: 138 numspats: 1 numpixs: 256 numspecs: 2 numrays: 512
proc: 139 numspats: 1 numpixs: 256 numspecs: 2 numrays: 512
proc: 140 numspats: 1 numpixs: 256 numspecs: 2 numrays: 512
proc: 141 numspats: 1 numpixs: 256 numspecs: 2 numrays: 512
proc: 142 numspats: 1 numpixs: 256 numspecs: 2 numrays: 512
proc: 143 numspats: 1 numpixs: 256 numspecs: 2 numrays: 512
maxnumpix: 512 maxnumray: 768
FILL PIXELS AND RAYS
INPUT THETA DATA
DOMAIN PARTITIONING

CONSTRUCT PROJECTION MATRIX
CSR STORAGE: 28200745 (0.210112 GB) rownzmax 47
RAY-TRACING TIME: 9.640362e-03
CONSTRUCT BACKPROJECTION MATRIX
CSR STORAGE: 28200745 (0.210112 GB) rownzmax 304
TRANSPOSITION TIME: 6.079849e-03

BLOCKING PROJECTION MATRIX
NUMBER OF BLOCKS: 49 BUFFSIZE: 2048
NUMBER OF BUFFERS: 49 AVERAGE BUFF/BLOCK: 1.000000 MAX BUFF/BLOCK: 1
BUFFER MAP: 3016219 (0.011236 GB)
CSR STORAGE: 28200745 (0.157584 GB) buffnzmax: 47 STORAGE EFFICIENCY: 0.006994 DATA REUSE: 7.080071
BLOCKING TIME: 3.621561e-03
BLOCKING BACKPROJECTION MATRIX
NUMBER OF BLOCKS: 4 BUFFSIZE: 2048
NUMBER OF BUFFERS: 8 AVERAGE BUFF/BLOCK: 2.000000 MAX BUFF/BLOCK: 2
BUFFER MAP: 2642958 (0.009846 GB)
CSR STORAGE: 28200745 (0.157584 GB) buffnzmax: 189 STORAGE EFFICIENCY: 0.006994 DATA REUSE: 10.752699
BLOCKING TIME: 3.265445e-03

FILL PROJECTION MATRIX
TIME: 6.767770e-03
FILL BACKPROJECTION MATRIX
TIME: 7.436602e-03
REDUCTION MAPPINGS
PREPROCESSING TIME: 4.899968e-02
INPUT MEASUREMENT DATA
INPUT ENDS
GRADIENT-DESCENT OPTIMIZATION
iter: 0 error: 2.235910e+08 gradnorm: 1.319810e+13
iter: 1 error: 5.746498e+07 gradnorm: 1.082451e+12
iter: 2 error: 7.825114e+06 gradnorm: 8.191751e+10
iter: 3 error: 1.580173e+06 gradnorm: 8.642856e+09
iter: 4 error: 5.867170e+05 gradnorm: 3.836435e+09
iter: 5 error: 2.986116e+05 gradnorm: 1.314331e+09
iter: 6 error: 1.238486e+05 gradnorm: 2.700241e+08
iter: 7 error: 6.451407e+04 gradnorm: 8.525505e+08
iter: 8 error: 5.097111e+04 gradnorm: 1.489968e+08
iter: 9 error: 3.220255e+04 gradnorm: 5.881165e+07
iter: 10 error: 1.943895e+04 gradnorm: 4.016552e+07
iter: 11 error: 1.184996e+04 gradnorm: 1.641738e+07
iter: 12 error: 7.673179e+03 gradnorm: 1.101551e+07
iter: 13 error: 6.140797e+03 gradnorm: 2.513565e+07
iter: 14 error: 5.195319e+03 gradnorm: 2.398546e+07
iter: 15 error: 4.589999e+03 gradnorm: 8.043372e+06
iter: 16 error: 3.358245e+03 gradnorm: 3.813759e+06
iter: 17 error: 2.474838e+03 gradnorm: 2.071712e+06
iter: 18 error: 1.741136e+03 gradnorm: 1.583606e+06
iter: 19 error: 1.441011e+03 gradnorm: 2.406918e+06
iter: 20 error: 1.229231e+03 gradnorm: 1.751415e+06
iter: 21 error: 1.190076e+03 gradnorm: 1.388900e+06
iter: 22 error: 9.380514e+02 gradnorm: 7.881422e+05
iter: 23 error: 8.450310e+02 gradnorm: 9.925944e+05
iter: 24 error: 6.901187e+02 gradnorm: 4.604504e+05
recon: 7.343032e-02 proj: 4.406945e-02 (1.732584e-02 2.468132e-02 2.053236e-03) backproj: 2.159130e-02 (9.636540e-04 1.084046e-02 9.783408e-03) ctime: 2.578922e-03 wtime: 3.304739e-03
numproj: 49 numback: 25
proj: 2.488088e+00 s (1.110762 GFLOPS) backproj: 1.443779e+00 s (0.976629 GFLOPS) avGFLOPS: 1.061508 totGFLOPS: 152.857198
proj: 3.569888 GB/s back: 3.112947 GB/s av: 3.402100 GB/s tot: 489.902343 GB/s
Total Time: 2.136845e+00
