NUM. THETA             : 360
NUM. RHO               : 256
NUM. X PIXELS          : 256
NUM. Y PIXELS          : 256

NUM. OF PIXELS         : 65536
NUM. OF RAYS           : 92160

NUM. ITERATIONS        : 24

SPATIAL TILE SIZE      : 128
SPECTRAL TILE SIZE     : 128

NUMBER OF X TILES      : 2
NUMBER OF Y TILES      : 2
NUM. OF THETA TILES    : 3
NUM. OF RHO TILES      : 2

NUM. SPATIAL TILES     : 4
NUM. SPECTRAL TILES    : 6

NUM. OF X PIXELS (EXT) : 256
NUM. OF Y PIXELS (EXT) : 256
NUM. OF ANGLES (EXT)   : 384
NUM. OF RHOS (EXT)     : 256

NUM. OF PIXELS (EXT)   : 65536
NUM. OF RAYS (EXT)     : 98304

NUMBER OF PROCESSES    : 32
NUMBER OF THRD./PROC.  : 1

INTEGER: 4, FLOAT: 4, LONG: 8, SHORT: 2, POINTER: 8
APPROX. MEMORY     TOTAL: 5.273438e-01 GB
APPROX. MEMORY PER PROC.: 1.647949e-02 GB

X START       : -1.280000e+02
Y START       : -1.280000e+02
PIXEL SIZE    : 1.000000e+00
RHO START     : -1.280000e+02
RAY LENGTH    : 5.120000e+02

SPATIAL INDEXING       : 5
SPECTRAL INDEXING      : 5
 1: CARTESIAN, NATURAL
 2: CARTESIAN, TRANSPOSED
 3: MORTON, NATURAL
 4: MORTON, TRANSPOSED
 5: HILBERT
PROJECTION BLOCK SIZE      : 128
BACKPROJECTION BLOCK SIZE  : 128
PROJECTION BUFFER SIZE      : 8 KB
BACKPROJECTION BUFFER SIZE  : 8 KB

SINOGRAM FILE : ./datasets/ADS1_sinogram.bin
   THETA FILE : ./datasets/ADS1_theta.bin
  OUTPUT FILE : ./recon.ADS1.bin


PLACE TILES
lspat 2 lspatdim 2
lspec 3 lspecdim 4
MPI PARTITIONING
proc: 0 numspats: 1 numpixs: 16384 numspecs: 1 numrays: 16384
proc: 1 numspats: 1 numpixs: 16384 numspecs: 1 numrays: 16384
proc: 2 numspats: 1 numpixs: 16384 numspecs: 1 numrays: 16384
proc: 3 numspats: 1 numpixs: 16384 numspecs: 1 numrays: 16384
proc: 4 numspats: 0 numpixs: 0 numspecs: 1 numrays: 16384
proc: 5 numspats: 0 numpixs: 0 numspecs: 1 numrays: 16384
proc: 6 numspats: 0 numpixs: 0 numspecs: 0 numrays: 0
proc: 7 numspats: 0 numpixs: 0 numspecs: 0 numrays: 0
proc: 8 numspats: 0 numpixs: 0 numspecs: 0 numrays: 0
proc: 9 numspats: 0 numpixs: 0 numspecs: 0 numrays: 0
proc: 10 numspats: 0 numpixs: 0 numspecs: 0 numrays: 0
proc: 11 numspats: 0 numpixs: 0 numspecs: 0 numrays: 0
proc: 12 numspats: 0 numpixs: 0 numspecs: 0 numrays: 0
proc: 13 numspats: 0 numpixs: 0 numspecs: 0 numrays: 0
proc: 14 numspats: 0 numpixs: 0 numspecs: 0 numrays: 0
proc: 15 numspats: 0 numpixs: 0 numspecs: 0 numrays: 0
proc: 16 numspats: 0 numpixs: 0 numspecs: 0 numrays: 0
proc: 17 numspats: 0 numpixs: 0 numspecs: 0 numrays: 0
proc: 18 numspats: 0 numpixs: 0 numspecs: 0 numrays: 0
proc: 19 numspats: 0 numpixs: 0 numspecs: 0 numrays: 0
proc: 20 numspats: 0 numpixs: 0 numspecs: 0 numrays: 0
proc: 21 numspats: 0 numpixs: 0 numspecs: 0 numrays: 0
proc: 22 numspats: 0 numpixs: 0 numspecs: 0 numrays: 0
proc: 23 numspats: 0 numpixs: 0 numspecs: 0 numrays: 0
proc: 24 numspats: 0 numpixs: 0 numspecs: 0 numrays: 0
proc: 25 numspats: 0 numpixs: 0 numspecs: 0 numrays: 0
proc: 26 numspats: 0 numpixs: 0 numspecs: 0 numrays: 0
proc: 27 numspats: 0 numpixs: 0 numspecs: 0 numrays: 0
proc: 28 numspats: 0 numpixs: 0 numspecs: 0 numrays: 0
proc: 29 numspats: 0 numpixs: 0 numspecs: 0 numrays: 0
proc: 30 numspats: 0 numpixs: 0 numspecs: 0 numrays: 0
proc: 31 numspats: 0 numpixs: 0 numspecs: 0 numrays: 0
maxnumpix: 16384 maxnumray: 16384
FILL PIXELS AND RAYS
INPUT THETA DATA
DOMAIN PARTITIONING

CONSTRUCT PROJECTION MATRIX
CSR STORAGE: 28200745 (0.210112 GB) rownzmax 255
RAY-TRACING TIME: 5.296781e-01
CONSTRUCT BACKPROJECTION MATRIX
CSR STORAGE: 28200745 (0.210112 GB) rownzmax 524
TRANSPOSITION TIME: 8.373911e-02

BLOCKING PROJECTION MATRIX
NUMBER OF BLOCKS: 410 BUFFSIZE: 2048
NUMBER OF BUFFERS: 618 AVERAGE BUFF/BLOCK: 1.507317 MAX BUFF/BLOCK: 2
BUFFER MAP: 3293489 (0.012269 GB)
CSR STORAGE: 28200745 (0.157584 GB) buffnzmax: 226 STORAGE EFFICIENCY: 0.375002 DATA REUSE: 8.919978
BLOCKING TIME: 1.194278e-01
BLOCKING BACKPROJECTION MATRIX
NUMBER OF BLOCKS: 128 BUFFSIZE: 2048
NUMBER OF BUFFERS: 367 AVERAGE BUFF/BLOCK: 2.867188 MAX BUFF/BLOCK: 3
BUFFER MAP: 2642958 (0.009846 GB)
CSR STORAGE: 28200745 (0.157584 GB) buffnzmax: 259 STORAGE EFFICIENCY: 0.375002 DATA REUSE: 10.660745
BLOCKING TIME: 1.138153e-01

FILL PROJECTION MATRIX
TIME: 3.435644e-01
FILL BACKPROJECTION MATRIX
TIME: 3.948198e-01
REDUCTION MAPPINGS
PREPROCESSING TIME: 1.586114e+00
INPUT MEASUREMENT DATA
INPUT ENDS
GRADIENT-DESCENT OPTIMIZATION
iter: 0 error: 2.235916e+08 gradnorm: 1.319812e+13
iter: 1 error: 5.746499e+07 gradnorm: 1.082449e+12
iter: 2 error: 7.825123e+06 gradnorm: 8.191754e+10
iter: 3 error: 1.580170e+06 gradnorm: 8.642845e+09
iter: 4 error: 5.867159e+05 gradnorm: 3.836469e+09
iter: 5 error: 2.986186e+05 gradnorm: 1.314921e+09
iter: 6 error: 1.246035e+05 gradnorm: 3.337296e+08
iter: 7 error: 1.082488e+05 gradnorm: 8.978855e+08
iter: 8 error: 5.117967e+04 gradnorm: 1.338536e+08
iter: 9 error: 3.220277e+04 gradnorm: 5.878731e+07
iter: 10 error: 1.943907e+04 gradnorm: 4.017685e+07
iter: 11 error: 1.188191e+04 gradnorm: 1.909193e+07
iter: 12 error: 1.066427e+04 gradnorm: 6.653351e+07
iter: 13 error: 7.414924e+03 gradnorm: 9.861642e+06
iter: 14 error: 5.299337e+03 gradnorm: 1.314989e+07
iter: 15 error: 4.537833e+03 gradnorm: 8.787566e+06
iter: 16 error: 3.362646e+03 gradnorm: 3.924296e+06
iter: 17 error: 2.546421e+03 gradnorm: 3.505692e+06
iter: 18 error: 2.332982e+03 gradnorm: 7.391556e+06
iter: 19 error: 2.118940e+03 gradnorm: 4.025164e+06
iter: 20 error: 1.583283e+03 gradnorm: 1.298317e+06
iter: 21 error: 1.280852e+03 gradnorm: 1.786373e+06
iter: 22 error: 1.128209e+03 gradnorm: 8.503542e+05
iter: 23 error: 8.776038e+02 gradnorm: 6.187098e+05
iter: 24 error: 8.350254e+02 gradnorm: 2.515480e+06
recon: 7.086482e-01 proj: 4.662874e-01 (4.534054e-01 9.620613e-03 3.246261e-03) backproj: 2.358185e-01 (1.157877e-03 3.237552e-03 2.314165e-01) ctime: 4.598053e-03 wtime: 9.555440e-04
numproj: 49 numback: 25
proj: 1.452498e+01 s (0.190270 GFLOPS) backproj: 7.409297e+00 s (0.190306 GFLOPS) avGFLOPS: 0.190283 totGFLOPS: 6.089042
proj: 0.615253 GB/s back: 0.606590 GB/s av: 0.612327 GB/s tot: 19.594466 GB/s
Total Time: 2.379946e+00
