NUM. THETA             : 360
NUM. RHO               : 256
NUM. X PIXELS          : 256
NUM. Y PIXELS          : 256

NUM. OF PIXELS         : 65536
NUM. OF RAYS           : 92160

NUM. ITERATIONS        : 24

SPATIAL TILE SIZE      : 32
SPECTRAL TILE SIZE     : 32

NUMBER OF X TILES      : 8
NUMBER OF Y TILES      : 8
NUM. OF THETA TILES    : 12
NUM. OF RHO TILES      : 8

NUM. SPATIAL TILES     : 64
NUM. SPECTRAL TILES    : 96

NUM. OF X PIXELS (EXT) : 256
NUM. OF Y PIXELS (EXT) : 256
NUM. OF ANGLES (EXT)   : 384
NUM. OF RHOS (EXT)     : 256

NUM. OF PIXELS (EXT)   : 65536
NUM. OF RAYS (EXT)     : 98304

NUMBER OF PROCESSES    : 32
NUMBER OF THRD./PROC.  : 1

INTEGER: 4, FLOAT: 4, LONG: 8, SHORT: 2, POINTER: 8
APPROX. MEMORY     TOTAL: 5.273438e-01 GB
APPROX. MEMORY PER PROC.: 1.647949e-02 GB

X START       : -1.280000e+02
Y START       : -1.280000e+02
PIXEL SIZE    : 1.000000e+00
RHO START     : -1.280000e+02
RAY LENGTH    : 5.120000e+02

SPATIAL INDEXING       : 5
SPECTRAL INDEXING      : 5
 1: CARTESIAN, NATURAL
 2: CARTESIAN, TRANSPOSED
 3: MORTON, NATURAL
 4: MORTON, TRANSPOSED
 5: HILBERT
PROJECTION BLOCK SIZE      : 128
BACKPROJECTION BLOCK SIZE  : 128
PROJECTION BUFFER SIZE      : 8 KB
BACKPROJECTION BUFFER SIZE  : 8 KB

SINOGRAM FILE : ./datasets/ADS1_sinogram.bin
   THETA FILE : ./datasets/ADS1_theta.bin
  OUTPUT FILE : ./recon.ADS1.bin


PLACE TILES
lspat 8 lspatdim 8
lspec 12 lspecdim 16
MPI PARTITIONING
proc: 0 numspats: 2 numpixs: 2048 numspecs: 3 numrays: 3072
proc: 1 numspats: 2 numpixs: 2048 numspecs: 3 numrays: 3072
proc: 2 numspats: 2 numpixs: 2048 numspecs: 3 numrays: 3072
proc: 3 numspats: 2 numpixs: 2048 numspecs: 3 numrays: 3072
proc: 4 numspats: 2 numpixs: 2048 numspecs: 3 numrays: 3072
proc: 5 numspats: 2 numpixs: 2048 numspecs: 3 numrays: 3072
proc: 6 numspats: 2 numpixs: 2048 numspecs: 3 numrays: 3072
proc: 7 numspats: 2 numpixs: 2048 numspecs: 3 numrays: 3072
proc: 8 numspats: 2 numpixs: 2048 numspecs: 3 numrays: 3072
proc: 9 numspats: 2 numpixs: 2048 numspecs: 3 numrays: 3072
proc: 10 numspats: 2 numpixs: 2048 numspecs: 3 numrays: 3072
proc: 11 numspats: 2 numpixs: 2048 numspecs: 3 numrays: 3072
proc: 12 numspats: 2 numpixs: 2048 numspecs: 3 numrays: 3072
proc: 13 numspats: 2 numpixs: 2048 numspecs: 3 numrays: 3072
proc: 14 numspats: 2 numpixs: 2048 numspecs: 3 numrays: 3072
proc: 15 numspats: 2 numpixs: 2048 numspecs: 3 numrays: 3072
proc: 16 numspats: 2 numpixs: 2048 numspecs: 3 numrays: 3072
proc: 17 numspats: 2 numpixs: 2048 numspecs: 3 numrays: 3072
proc: 18 numspats: 2 numpixs: 2048 numspecs: 3 numrays: 3072
proc: 19 numspats: 2 numpixs: 2048 numspecs: 3 numrays: 3072
proc: 20 numspats: 2 numpixs: 2048 numspecs: 3 numrays: 3072
proc: 21 numspats: 2 numpixs: 2048 numspecs: 3 numrays: 3072
proc: 22 numspats: 2 numpixs: 2048 numspecs: 3 numrays: 3072
proc: 23 numspats: 2 numpixs: 2048 numspecs: 3 numrays: 3072
proc: 24 numspats: 2 numpixs: 2048 numspecs: 3 numrays: 3072
proc: 25 numspats: 2 numpixs: 2048 numspecs: 3 numrays: 3072
proc: 26 numspats: 2 numpixs: 2048 numspecs: 3 numrays: 3072
proc: 27 numspats: 2 numpixs: 2048 numspecs: 3 numrays: 3072
proc: 28 numspats: 2 numpixs: 2048 numspecs: 3 numrays: 3072
proc: 29 numspats: 2 numpixs: 2048 numspecs: 3 numrays: 3072
proc: 30 numspats: 2 numpixs: 2048 numspecs: 3 numrays: 3072
proc: 31 numspats: 2 numpixs: 2048 numspecs: 3 numrays: 3072
maxnumpix: 2048 maxnumray: 3072
FILL PIXELS AND RAYS
INPUT THETA DATA
DOMAIN PARTITIONING

CONSTRUCT PROJECTION MATRIX
CSR STORAGE: 28200745 (0.210112 GB) rownzmax 95
RAY-TRACING TIME: 6.880090e-02
CONSTRUCT BACKPROJECTION MATRIX
CSR STORAGE: 28200745 (0.210112 GB) rownzmax 486
TRANSPOSITION TIME: 6.346418e-02

BLOCKING PROJECTION MATRIX
NUMBER OF BLOCKS: 123 BUFFSIZE: 2048
NUMBER OF BUFFERS: 123 AVERAGE BUFF/BLOCK: 1.000000 MAX BUFF/BLOCK: 1
BUFFER MAP: 3277400 (0.012209 GB)
CSR STORAGE: 28200745 (0.157584 GB) buffnzmax: 95 STORAGE EFFICIENCY: 0.034028 DATA REUSE: 6.729302
BLOCKING TIME: 1.838999e-02
BLOCKING BACKPROJECTION MATRIX
NUMBER OF BLOCKS: 16 BUFFSIZE: 2048
NUMBER OF BUFFERS: 36 AVERAGE BUFF/BLOCK: 2.250000 MAX BUFF/BLOCK: 3
BUFFER MAP: 2642958 (0.009846 GB)
CSR STORAGE: 28200745 (0.157584 GB) buffnzmax: 268 STORAGE EFFICIENCY: 0.034028 DATA REUSE: 10.607308
BLOCKING TIME: 1.723459e-02

FILL PROJECTION MATRIX
TIME: 3.271278e-02
FILL BACKPROJECTION MATRIX
TIME: 3.596954e-02
REDUCTION MAPPINGS
PREPROCESSING TIME: 3.218027e-01
INPUT MEASUREMENT DATA
INPUT ENDS
GRADIENT-DESCENT OPTIMIZATION
iter: 0 error: 2.235912e+08 gradnorm: 1.319810e+13
iter: 1 error: 5.746499e+07 gradnorm: 1.082450e+12
iter: 2 error: 7.825113e+06 gradnorm: 8.191758e+10
iter: 3 error: 1.580174e+06 gradnorm: 8.642857e+09
iter: 4 error: 5.867174e+05 gradnorm: 3.836463e+09
iter: 5 error: 2.986213e+05 gradnorm: 1.315093e+09
iter: 6 error: 1.248272e+05 gradnorm: 3.524646e+08
iter: 7 error: 1.101101e+05 gradnorm: 7.896070e+08
iter: 8 error: 5.118134e+04 gradnorm: 1.337349e+08
iter: 9 error: 3.220287e+04 gradnorm: 5.878673e+07
iter: 10 error: 1.943893e+04 gradnorm: 4.016529e+07
iter: 11 error: 1.185013e+04 gradnorm: 1.645105e+07
iter: 12 error: 7.876395e+03 gradnorm: 2.795225e+07
iter: 13 error: 7.361960e+03 gradnorm: 1.368693e+07
iter: 14 error: 5.214302e+03 gradnorm: 1.120756e+07
iter: 15 error: 4.479528e+03 gradnorm: 9.856750e+06
iter: 16 error: 3.357005e+03 gradnorm: 3.858899e+06
iter: 17 error: 2.478421e+03 gradnorm: 2.135201e+06
iter: 18 error: 1.858325e+03 gradnorm: 3.630779e+06
iter: 19 error: 1.676112e+03 gradnorm: 5.372518e+06
iter: 20 error: 1.545660e+03 gradnorm: 1.764941e+06
iter: 21 error: 1.206968e+03 gradnorm: 8.431810e+05
iter: 22 error: 1.037469e+03 gradnorm: 1.650452e+06
iter: 23 error: 8.746007e+02 gradnorm: 5.678341e+05
iter: 24 error: 6.887694e+02 gradnorm: 4.051288e+05
recon: 2.068933e-01 proj: 1.357198e-01 (1.117277e-01 2.126107e-02 2.719235e-03) backproj: 6.721549e-02 (1.156249e-03 9.559241e-03 5.649141e-02) ctime: 1.984304e-03 wtime: 1.126325e-03
numproj: 49 numback: 25
proj: 3.575783e+00 s (0.772886 GFLOPS) backproj: 1.808355e+00 s (0.779735 GFLOPS) avGFLOPS: 0.775186 totGFLOPS: 24.805960
proj: 2.498303 GB/s back: 2.485356 GB/s av: 2.493955 GB/s tot: 79.806545 GB/s
Total Time: 9.168534e-01
