NUM. THETA             : 360
NUM. RHO               : 256
NUM. X PIXELS          : 256
NUM. Y PIXELS          : 256

NUM. OF PIXELS         : 65536
NUM. OF RAYS           : 92160

NUM. ITERATIONS        : 24

SPATIAL TILE SIZE      : 16
SPECTRAL TILE SIZE     : 16

NUMBER OF X TILES      : 16
NUMBER OF Y TILES      : 16
NUM. OF THETA TILES    : 23
NUM. OF RHO TILES      : 16

NUM. SPATIAL TILES     : 256
NUM. SPECTRAL TILES    : 368

NUM. OF X PIXELS (EXT) : 256
NUM. OF Y PIXELS (EXT) : 256
NUM. OF ANGLES (EXT)   : 368
NUM. OF RHOS (EXT)     : 256

NUM. OF PIXELS (EXT)   : 65536
NUM. OF RAYS (EXT)     : 94208

NUMBER OF PROCESSES    : 32
NUMBER OF THRD./PROC.  : 1

INTEGER: 4, FLOAT: 4, LONG: 8, SHORT: 2, POINTER: 8
APPROX. MEMORY     TOTAL: 5.273438e-01 GB
APPROX. MEMORY PER PROC.: 1.647949e-02 GB

X START       : -1.280000e+02
Y START       : -1.280000e+02
PIXEL SIZE    : 1.000000e+00
RHO START     : -1.280000e+02
RAY LENGTH    : 5.120000e+02

SPATIAL INDEXING       : 5
SPECTRAL INDEXING      : 5
 1: CARTESIAN, NATURAL
 2: CARTESIAN, TRANSPOSED
 3: MORTON, NATURAL
 4: MORTON, TRANSPOSED
 5: HILBERT
PROJECTION BLOCK SIZE      : 128
BACKPROJECTION BLOCK SIZE  : 128
PROJECTION BUFFER SIZE      : 8 KB
BACKPROJECTION BUFFER SIZE  : 8 KB

SINOGRAM FILE : ./datasets/ADS1_sinogram.bin
   THETA FILE : ./datasets/ADS1_theta.bin
  OUTPUT FILE : ./recon.ADS1.bin


PLACE TILES
lspat 16 lspatdim 16
lspec 23 lspecdim 32
MPI PARTITIONING
proc: 0 numspats: 8 numpixs: 2048 numspecs: 12 numrays: 3072
proc: 1 numspats: 8 numpixs: 2048 numspecs: 12 numrays: 3072
proc: 2 numspats: 8 numpixs: 2048 numspecs: 12 numrays: 3072
proc: 3 numspats: 8 numpixs: 2048 numspecs: 12 numrays: 3072
proc: 4 numspats: 8 numpixs: 2048 numspecs: 12 numrays: 3072
proc: 5 numspats: 8 numpixs: 2048 numspecs: 12 numrays: 3072
proc: 6 numspats: 8 numpixs: 2048 numspecs: 12 numrays: 3072
proc: 7 numspats: 8 numpixs: 2048 numspecs: 12 numrays: 3072
proc: 8 numspats: 8 numpixs: 2048 numspecs: 12 numrays: 3072
proc: 9 numspats: 8 numpixs: 2048 numspecs: 12 numrays: 3072
proc: 10 numspats: 8 numpixs: 2048 numspecs: 12 numrays: 3072
proc: 11 numspats: 8 numpixs: 2048 numspecs: 12 numrays: 3072
proc: 12 numspats: 8 numpixs: 2048 numspecs: 12 numrays: 3072
proc: 13 numspats: 8 numpixs: 2048 numspecs: 12 numrays: 3072
proc: 14 numspats: 8 numpixs: 2048 numspecs: 12 numrays: 3072
proc: 15 numspats: 8 numpixs: 2048 numspecs: 12 numrays: 3072
proc: 16 numspats: 8 numpixs: 2048 numspecs: 11 numrays: 2816
proc: 17 numspats: 8 numpixs: 2048 numspecs: 11 numrays: 2816
proc: 18 numspats: 8 numpixs: 2048 numspecs: 11 numrays: 2816
proc: 19 numspats: 8 numpixs: 2048 numspecs: 11 numrays: 2816
proc: 20 numspats: 8 numpixs: 2048 numspecs: 11 numrays: 2816
proc: 21 numspats: 8 numpixs: 2048 numspecs: 11 numrays: 2816
proc: 22 numspats: 8 numpixs: 2048 numspecs: 11 numrays: 2816
proc: 23 numspats: 8 numpixs: 2048 numspecs: 11 numrays: 2816
proc: 24 numspats: 8 numpixs: 2048 numspecs: 11 numrays: 2816
proc: 25 numspats: 8 numpixs: 2048 numspecs: 11 numrays: 2816
proc: 26 numspats: 8 numpixs: 2048 numspecs: 11 numrays: 2816
proc: 27 numspats: 8 numpixs: 2048 numspecs: 11 numrays: 2816
proc: 28 numspats: 8 numpixs: 2048 numspecs: 11 numrays: 2816
proc: 29 numspats: 8 numpixs: 2048 numspecs: 11 numrays: 2816
proc: 30 numspats: 8 numpixs: 2048 numspecs: 11 numrays: 2816
proc: 31 numspats: 8 numpixs: 2048 numspecs: 11 numrays: 2816
maxnumpix: 2048 maxnumray: 3072
FILL PIXELS AND RAYS
INPUT THETA DATA
DOMAIN PARTITIONING

CONSTRUCT PROJECTION MATRIX
CSR STORAGE: 28200745 (0.210112 GB) rownzmax 95
RAY-TRACING TIME: 7.091711e-02
CONSTRUCT BACKPROJECTION MATRIX
CSR STORAGE: 28200745 (0.210112 GB) rownzmax 486
TRANSPOSITION TIME: 6.215080e-02

BLOCKING PROJECTION MATRIX
NUMBER OF BLOCKS: 123 BUFFSIZE: 2048
NUMBER OF BUFFERS: 123 AVERAGE BUFF/BLOCK: 1.000000 MAX BUFF/BLOCK: 1
BUFFER MAP: 3351161 (0.012484 GB)
CSR STORAGE: 28200745 (0.157584 GB) buffnzmax: 95 STORAGE EFFICIENCY: 0.034028 DATA REUSE: 6.550768
BLOCKING TIME: 2.043010e-02
BLOCKING BACKPROJECTION MATRIX
NUMBER OF BLOCKS: 16 BUFFSIZE: 2048
NUMBER OF BUFFERS: 36 AVERAGE BUFF/BLOCK: 2.250000 MAX BUFF/BLOCK: 3
BUFFER MAP: 2642958 (0.009846 GB)
CSR STORAGE: 28200745 (0.157584 GB) buffnzmax: 264 STORAGE EFFICIENCY: 0.034028 DATA REUSE: 10.555678
BLOCKING TIME: 2.019095e-02

FILL PROJECTION MATRIX
TIME: 6.064388e-02
FILL BACKPROJECTION MATRIX
TIME: 5.089694e-02
REDUCTION MAPPINGS
PREPROCESSING TIME: 2.974739e-01
INPUT MEASUREMENT DATA
INPUT ENDS
GRADIENT-DESCENT OPTIMIZATION
iter: 0 error: 2.235911e+08 gradnorm: 1.319810e+13
iter: 1 error: 5.746498e+07 gradnorm: 1.082450e+12
iter: 2 error: 7.825114e+06 gradnorm: 8.191756e+10
iter: 3 error: 1.580173e+06 gradnorm: 8.642846e+09
iter: 4 error: 5.867176e+05 gradnorm: 3.836483e+09
iter: 5 error: 2.986276e+05 gradnorm: 1.315587e+09
iter: 6 error: 1.254555e+05 gradnorm: 4.048388e+08
iter: 7 error: 1.128261e+05 gradnorm: 6.154538e+08
iter: 8 error: 5.118347e+04 gradnorm: 1.335761e+08
iter: 9 error: 3.220287e+04 gradnorm: 5.878658e+07
iter: 10 error: 1.943896e+04 gradnorm: 4.016597e+07
iter: 11 error: 1.185084e+04 gradnorm: 1.648158e+07
iter: 12 error: 7.963759e+03 gradnorm: 3.274501e+07
iter: 13 error: 7.380811e+03 gradnorm: 1.343617e+07
iter: 14 error: 5.636046e+03 gradnorm: 1.888196e+07
iter: 15 error: 4.609743e+03 gradnorm: 7.217252e+06
iter: 16 error: 3.358578e+03 gradnorm: 3.811956e+06
iter: 17 error: 2.477212e+03 gradnorm: 2.113976e+06
iter: 18 error: 1.823883e+03 gradnorm: 2.937406e+06
iter: 19 error: 1.590472e+03 gradnorm: 2.282662e+06
iter: 20 error: 1.506511e+03 gradnorm: 4.020935e+06
iter: 21 error: 1.208115e+03 gradnorm: 8.508912e+05
iter: 22 error: 1.037745e+03 gradnorm: 1.626495e+06
iter: 23 error: 8.745408e+02 gradnorm: 5.689318e+05
iter: 24 error: 6.903096e+02 gradnorm: 4.518359e+05
recon: 2.003105e-01 proj: 1.311416e-01 (1.096387e-01 1.881545e-02 2.671893e-03) backproj: 6.514642e-02 (1.054627e-03 8.182541e-03 5.590201e-02) ctime: 1.959699e-03 wtime: 1.162463e-03
numproj: 49 numback: 25
proj: 3.498390e+00 s (0.789984 GFLOPS) backproj: 1.788662e+00 s (0.788319 GFLOPS) avGFLOPS: 0.789421 totGFLOPS: 25.261474
proj: 2.557704 GB/s back: 2.512720 GB/s av: 2.542486 GB/s tot: 81.359543 GB/s
Total Time: 9.501667e-01
