NUM. THETA             : 360
NUM. RHO               : 256
NUM. X PIXELS          : 256
NUM. Y PIXELS          : 256

NUM. OF PIXELS         : 65536
NUM. OF RAYS           : 92160

NUM. ITERATIONS        : 24

SPATIAL TILE SIZE      : 16
SPECTRAL TILE SIZE     : 16

NUMBER OF X TILES      : 16
NUMBER OF Y TILES      : 16
NUM. OF THETA TILES    : 23
NUM. OF RHO TILES      : 16

NUM. SPATIAL TILES     : 256
NUM. SPECTRAL TILES    : 368

NUM. OF X PIXELS (EXT) : 256
NUM. OF Y PIXELS (EXT) : 256
NUM. OF ANGLES (EXT)   : 368
NUM. OF RHOS (EXT)     : 256

NUM. OF PIXELS (EXT)   : 65536
NUM. OF RAYS (EXT)     : 94208

NUMBER OF PROCESSES    : 96
NUMBER OF THRD./PROC.  : 1

INTEGER: 4, FLOAT: 4, LONG: 8, SHORT: 2, POINTER: 8
APPROX. MEMORY     TOTAL: 5.273438e-01 GB
APPROX. MEMORY PER PROC.: 5.493164e-03 GB

X START       : -1.280000e+02
Y START       : -1.280000e+02
PIXEL SIZE    : 1.000000e+00
RHO START     : -1.280000e+02
RAY LENGTH    : 5.120000e+02

SPATIAL INDEXING       : 5
SPECTRAL INDEXING      : 5
 1: CARTESIAN, NATURAL
 2: CARTESIAN, TRANSPOSED
 3: MORTON, NATURAL
 4: MORTON, TRANSPOSED
 5: HILBERT
PROJECTION BLOCK SIZE      : 128
BACKPROJECTION BLOCK SIZE  : 128
PROJECTION BUFFER SIZE      : 8 KB
BACKPROJECTION BUFFER SIZE  : 8 KB

SINOGRAM FILE : ./datasets/ADS1_sinogram.bin
   THETA FILE : ./datasets/ADS1_theta.bin
  OUTPUT FILE : ./recon.ADS1.bin


PLACE TILES
lspat 16 lspatdim 16
lspec 23 lspecdim 32
MPI PARTITIONING
proc: 0 numspats: 3 numpixs: 768 numspecs: 4 numrays: 1024
proc: 1 numspats: 3 numpixs: 768 numspecs: 4 numrays: 1024
proc: 2 numspats: 3 numpixs: 768 numspecs: 4 numrays: 1024
proc: 3 numspats: 3 numpixs: 768 numspecs: 4 numrays: 1024
proc: 4 numspats: 3 numpixs: 768 numspecs: 4 numrays: 1024
proc: 5 numspats: 3 numpixs: 768 numspecs: 4 numrays: 1024
proc: 6 numspats: 3 numpixs: 768 numspecs: 4 numrays: 1024
proc: 7 numspats: 3 numpixs: 768 numspecs: 4 numrays: 1024
proc: 8 numspats: 3 numpixs: 768 numspecs: 4 numrays: 1024
proc: 9 numspats: 3 numpixs: 768 numspecs: 4 numrays: 1024
proc: 10 numspats: 3 numpixs: 768 numspecs: 4 numrays: 1024
proc: 11 numspats: 3 numpixs: 768 numspecs: 4 numrays: 1024
proc: 12 numspats: 3 numpixs: 768 numspecs: 4 numrays: 1024
proc: 13 numspats: 3 numpixs: 768 numspecs: 4 numrays: 1024
proc: 14 numspats: 3 numpixs: 768 numspecs: 4 numrays: 1024
proc: 15 numspats: 3 numpixs: 768 numspecs: 4 numrays: 1024
proc: 16 numspats: 3 numpixs: 768 numspecs: 4 numrays: 1024
proc: 17 numspats: 3 numpixs: 768 numspecs: 4 numrays: 1024
proc: 18 numspats: 3 numpixs: 768 numspecs: 4 numrays: 1024
proc: 19 numspats: 3 numpixs: 768 numspecs: 4 numrays: 1024
proc: 20 numspats: 3 numpixs: 768 numspecs: 4 numrays: 1024
proc: 21 numspats: 3 numpixs: 768 numspecs: 4 numrays: 1024
proc: 22 numspats: 3 numpixs: 768 numspecs: 4 numrays: 1024
proc: 23 numspats: 3 numpixs: 768 numspecs: 4 numrays: 1024
proc: 24 numspats: 3 numpixs: 768 numspecs: 4 numrays: 1024
proc: 25 numspats: 3 numpixs: 768 numspecs: 4 numrays: 1024
proc: 26 numspats: 3 numpixs: 768 numspecs: 4 numrays: 1024
proc: 27 numspats: 3 numpixs: 768 numspecs: 4 numrays: 1024
proc: 28 numspats: 3 numpixs: 768 numspecs: 4 numrays: 1024
proc: 29 numspats: 3 numpixs: 768 numspecs: 4 numrays: 1024
proc: 30 numspats: 3 numpixs: 768 numspecs: 4 numrays: 1024
proc: 31 numspats: 3 numpixs: 768 numspecs: 4 numrays: 1024
proc: 32 numspats: 3 numpixs: 768 numspecs: 4 numrays: 1024
proc: 33 numspats: 3 numpixs: 768 numspecs: 4 numrays: 1024
proc: 34 numspats: 3 numpixs: 768 numspecs: 4 numrays: 1024
proc: 35 numspats: 3 numpixs: 768 numspecs: 4 numrays: 1024
proc: 36 numspats: 3 numpixs: 768 numspecs: 4 numrays: 1024
proc: 37 numspats: 3 numpixs: 768 numspecs: 4 numrays: 1024
proc: 38 numspats: 3 numpixs: 768 numspecs: 4 numrays: 1024
proc: 39 numspats: 3 numpixs: 768 numspecs: 4 numrays: 1024
proc: 40 numspats: 3 numpixs: 768 numspecs: 4 numrays: 1024
proc: 41 numspats: 3 numpixs: 768 numspecs: 4 numrays: 1024
proc: 42 numspats: 3 numpixs: 768 numspecs: 4 numrays: 1024
proc: 43 numspats: 3 numpixs: 768 numspecs: 4 numrays: 1024
proc: 44 numspats: 3 numpixs: 768 numspecs: 4 numrays: 1024
proc: 45 numspats: 3 numpixs: 768 numspecs: 4 numrays: 1024
proc: 46 numspats: 3 numpixs: 768 numspecs: 4 numrays: 1024
proc: 47 numspats: 3 numpixs: 768 numspecs: 4 numrays: 1024
proc: 48 numspats: 3 numpixs: 768 numspecs: 4 numrays: 1024
proc: 49 numspats: 3 numpixs: 768 numspecs: 4 numrays: 1024
proc: 50 numspats: 3 numpixs: 768 numspecs: 4 numrays: 1024
proc: 51 numspats: 3 numpixs: 768 numspecs: 4 numrays: 1024
proc: 52 numspats: 3 numpixs: 768 numspecs: 4 numrays: 1024
proc: 53 numspats: 3 numpixs: 768 numspecs: 4 numrays: 1024
proc: 54 numspats: 3 numpixs: 768 numspecs: 4 numrays: 1024
proc: 55 numspats: 3 numpixs: 768 numspecs: 4 numrays: 1024
proc: 56 numspats: 3 numpixs: 768 numspecs: 4 numrays: 1024
proc: 57 numspats: 3 numpixs: 768 numspecs: 4 numrays: 1024
proc: 58 numspats: 3 numpixs: 768 numspecs: 4 numrays: 1024
proc: 59 numspats: 3 numpixs: 768 numspecs: 4 numrays: 1024
proc: 60 numspats: 3 numpixs: 768 numspecs: 4 numrays: 1024
proc: 61 numspats: 3 numpixs: 768 numspecs: 4 numrays: 1024
proc: 62 numspats: 3 numpixs: 768 numspecs: 4 numrays: 1024
proc: 63 numspats: 3 numpixs: 768 numspecs: 4 numrays: 1024
proc: 64 numspats: 2 numpixs: 512 numspecs: 4 numrays: 1024
proc: 65 numspats: 2 numpixs: 512 numspecs: 4 numrays: 1024
proc: 66 numspats: 2 numpixs: 512 numspecs: 4 numrays: 1024
proc: 67 numspats: 2 numpixs: 512 numspecs: 4 numrays: 1024
proc: 68 numspats: 2 numpixs: 512 numspecs: 4 numrays: 1024
proc: 69 numspats: 2 numpixs: 512 numspecs: 4 numrays: 1024
proc: 70 numspats: 2 numpixs: 512 numspecs: 4 numrays: 1024
proc: 71 numspats: 2 numpixs: 512 numspecs: 4 numrays: 1024
proc: 72 numspats: 2 numpixs: 512 numspecs: 4 numrays: 1024
proc: 73 numspats: 2 numpixs: 512 numspecs: 4 numrays: 1024
proc: 74 numspats: 2 numpixs: 512 numspecs: 4 numrays: 1024
proc: 75 numspats: 2 numpixs: 512 numspecs: 4 numrays: 1024
proc: 76 numspats: 2 numpixs: 512 numspecs: 4 numrays: 1024
proc: 77 numspats: 2 numpixs: 512 numspecs: 4 numrays: 1024
proc: 78 numspats: 2 numpixs: 512 numspecs: 4 numrays: 1024
proc: 79 numspats: 2 numpixs: 512 numspecs: 4 numrays: 1024
proc: 80 numspats: 2 numpixs: 512 numspecs: 3 numrays: 768
proc: 81 numspats: 2 numpixs: 512 numspecs: 3 numrays: 768
proc: 82 numspats: 2 numpixs: 512 numspecs: 3 numrays: 768
proc: 83 numspats: 2 numpixs: 512 numspecs: 3 numrays: 768
proc: 84 numspats: 2 numpixs: 512 numspecs: 3 numrays: 768
proc: 85 numspats: 2 numpixs: 512 numspecs: 3 numrays: 768
proc: 86 numspats: 2 numpixs: 512 numspecs: 3 numrays: 768
proc: 87 numspats: 2 numpixs: 512 numspecs: 3 numrays: 768
proc: 88 numspats: 2 numpixs: 512 numspecs: 3 numrays: 768
proc: 89 numspats: 2 numpixs: 512 numspecs: 3 numrays: 768
proc: 90 numspats: 2 numpixs: 512 numspecs: 3 numrays: 768
proc: 91 numspats: 2 numpixs: 512 numspecs: 3 numrays: 768
proc: 92 numspats: 2 numpixs: 512 numspecs: 3 numrays: 768
proc: 93 numspats: 2 numpixs: 512 numspecs: 3 numrays: 768
proc: 94 numspats: 2 numpixs: 512 numspecs: 3 numrays: 768
proc: 95 numspats: 2 numpixs: 512 numspecs: 3 numrays: 768
maxnumpix: 768 maxnumray: 1024
FILL PIXELS AND RAYS
INPUT THETA DATA
DOMAIN PARTITIONING

CONSTRUCT PROJECTION MATRIX
CSR STORAGE: 28200745 (0.210112 GB) rownzmax 63
RAY-TRACING TIME: 1.554995e-02
CONSTRUCT BACKPROJECTION MATRIX
CSR STORAGE: 28200745 (0.210112 GB) rownzmax 356
TRANSPOSITION TIME: 9.207039e-03

BLOCKING PROJECTION MATRIX
NUMBER OF BLOCKS: 61 BUFFSIZE: 2048
NUMBER OF BUFFERS: 61 AVERAGE BUFF/BLOCK: 1.000000 MAX BUFF/BLOCK: 1
BUFFER MAP: 3155739 (0.011756 GB)
CSR STORAGE: 28200745 (0.157584 GB) buffnzmax: 63 STORAGE EFFICIENCY: 0.011086 DATA REUSE: 6.829347
BLOCKING TIME: 5.724378e-03
BLOCKING BACKPROJECTION MATRIX
NUMBER OF BLOCKS: 6 BUFFSIZE: 2048
NUMBER OF BUFFERS: 12 AVERAGE BUFF/BLOCK: 2.000000 MAX BUFF/BLOCK: 2
BUFFER MAP: 2642958 (0.009846 GB)
CSR STORAGE: 28200745 (0.157584 GB) buffnzmax: 201 STORAGE EFFICIENCY: 0.011086 DATA REUSE: 10.716129
BLOCKING TIME: 4.918505e-03

FILL PROJECTION MATRIX
TIME: 1.103174e-02
FILL BACKPROJECTION MATRIX
TIME: 1.179050e-02
REDUCTION MAPPINGS
PREPROCESSING TIME: 7.444652e-02
INPUT MEASUREMENT DATA
INPUT ENDS
GRADIENT-DESCENT OPTIMIZATION
iter: 0 error: 2.235910e+08 gradnorm: 1.319810e+13
iter: 1 error: 5.746498e+07 gradnorm: 1.082450e+12
iter: 2 error: 7.825114e+06 gradnorm: 8.191749e+10
iter: 3 error: 1.580174e+06 gradnorm: 8.642857e+09
iter: 4 error: 5.867170e+05 gradnorm: 3.836436e+09
iter: 5 error: 2.986112e+05 gradnorm: 1.314311e+09
iter: 6 error: 1.238228e+05 gradnorm: 2.678373e+08
iter: 7 error: 5.460125e+04 gradnorm: 1.516389e+08
iter: 8 error: 3.488164e+04 gradnorm: 1.567833e+08
iter: 9 error: 3.187317e+04 gradnorm: 8.396098e+07
iter: 10 error: 1.943843e+04 gradnorm: 4.020680e+07
iter: 11 error: 1.185027e+04 gradnorm: 1.642710e+07
iter: 12 error: 7.690685e+03 gradnorm: 1.151731e+07
iter: 13 error: 6.285283e+03 gradnorm: 2.110771e+07
iter: 14 error: 4.786135e+03 gradnorm: 6.974633e+06
iter: 15 error: 3.471652e+03 gradnorm: 5.651975e+06
iter: 16 error: 3.279393e+03 gradnorm: 9.472778e+06
iter: 17 error: 2.475804e+03 gradnorm: 2.096502e+06
iter: 18 error: 1.782232e+03 gradnorm: 2.321364e+06
iter: 19 error: 1.562370e+03 gradnorm: 1.910495e+06
iter: 20 error: 1.226341e+03 gradnorm: 8.517395e+05
iter: 21 error: 1.044201e+03 gradnorm: 1.632068e+06
iter: 22 error: 8.913713e+02 gradnorm: 9.612418e+05
iter: 23 error: 8.639629e+02 gradnorm: 1.255083e+06
iter: 24 error: 6.881273e+02 gradnorm: 3.848019e+05
recon: 8.700499e-02 proj: 5.395178e-02 (2.625612e-02 2.589476e-02 1.789510e-03) backproj: 2.677726e-02 (9.660480e-04 1.197080e-02 1.383538e-02) ctime: 1.958309e-03 wtime: 2.659979e-03
numproj: 49 numback: 25
proj: 2.521962e+00 s (1.095843 GFLOPS) backproj: 1.320032e+00 s (1.068184 GFLOPS) avGFLOPS: 1.086340 totGFLOPS: 104.288615
proj: 3.532783 GB/s back: 3.404773 GB/s av: 3.488801 GB/s tot: 334.924910 GB/s
Total Time: 1.409397e+00
