ip-0A00001C
NUM. THETA             : 750
NUM. RHO               : 512
NUM. X PIXELS          : 512
NUM. Y PIXELS          : 512

NUM. OF PIXELS         : 262144
NUM. OF RAYS           : 384000

NUM. ITERATIONS        : 24

SPATIAL TILE SIZE      : 16
SPECTRAL TILE SIZE     : 16

NUMBER OF X TILES      : 32
NUMBER OF Y TILES      : 32
NUM. OF THETA TILES    : 47
NUM. OF RHO TILES      : 32

NUM. SPATIAL TILES     : 1024
NUM. SPECTRAL TILES    : 1504

NUM. OF X PIXELS (EXT) : 512
NUM. OF Y PIXELS (EXT) : 512
NUM. OF ANGLES (EXT)   : 752
NUM. OF RHOS (EXT)     : 512

NUM. OF PIXELS (EXT)   : 262144
NUM. OF RAYS (EXT)     : 385024

NUMBER OF PROCESSES    : 1
NUMBER OF THRD./PROC.  : 16

INTEGER: 4, FLOAT: 4, LONG: 8, SHORT: 2, POINTER: 8
APPROX. MEMORY     TOTAL: 4.394531e+00 GB
APPROX. MEMORY PER PROC.: 4.394531e+00 GB

X START       : -2.560000e+02
Y START       : -2.560000e+02
PIXEL SIZE    : 1.000000e+00
RHO START     : -2.560000e+02
RAY LENGTH    : 1.024000e+03

SPATIAL INDEXING       : 5
SPECTRAL INDEXING      : 5
 1: CARTESIAN, NATURAL
 2: CARTESIAN, TRANSPOSED
 3: MORTON, NATURAL
 4: MORTON, TRANSPOSED
 5: HILBERT
PROJECTION BLOCK SIZE      : 512
BACKPROJECTION BLOCK SIZE  : 512
PROJECTION BUFFER SIZE      : 32 KB
BACKPROJECTION BUFFER SIZE  : 32 KB

SINOGRAM FILE : ../../../../datasets/CDS1_sinogram.bin
   THETA FILE : ../../../../datasets/CDS1_theta.bin
  OUTPUT FILE : ../../output/strong_scaling_on_cpu/ip-0A00001C/1.16.CDS1.16.16.512.512.32.32.bin


PLACE TILES
lspat 32 lspatdim 32
lspec 47 lspecdim 64
MPI PARTITIONING
proc: 0 numspats: 1024 numpixs: 262144 numspecs: 1504 numrays: 385024
maxnumpix: 262144 maxnumray: 385024
FILL PIXELS AND RAYS
INPUT THETA DATA
DOMAIN PARTITIONING

CONSTRUCT PROJECTION MATRIX
CSR STORAGE: 235011238 (1.750970 GB) rownzmax 1022
RAY-TRACING TIME: 4.247930e+00
CONSTRUCT BACKPROJECTION MATRIX
CSR STORAGE: 235011238 (1.750970 GB) rownzmax 1092
TRANSPOSITION TIME: 3.595919e-01

BLOCKING PROJECTION MATRIX
NUMBER OF BLOCKS: 750 BUFFSIZE: 8192
NUMBER OF BUFFERS: 2034 AVERAGE BUFF/BLOCK: 2.712000 MAX BUFF/BLOCK: 4
BUFFER MAP: 13379350 (0.049842 GB)
CSR STORAGE: 235011238 (1.313228 GB) buffnzmax: 504 STORAGE EFFICIENCY: 1.500000 DATA REUSE: 17.565220
BLOCKING TIME: 2.544848e-01
BLOCKING BACKPROJECTION MATRIX
NUMBER OF BLOCKS: 512 BUFFSIZE: 8192
NUMBER OF BUFFERS: 1484 AVERAGE BUFF/BLOCK: 2.898438 MAX BUFF/BLOCK: 3
BUFFER MAP: 11012373 (0.041024 GB)
CSR STORAGE: 235011238 (1.313228 GB) buffnzmax: 605 STORAGE EFFICIENCY: 1.500000 DATA REUSE: 21.340652
BLOCKING TIME: 2.464466e-01

FILL PROJECTION MATRIX
TIME: 7.151096e-01
FILL BACKPROJECTION MATRIX
TIME: 7.714747e-01
REDUCTION MAPPINGS
PREPROCESSING TIME: 6.597604e+00
INPUT MEASUREMENT DATA
INPUT ENDS
GRADIENT-DESCENT OPTIMIZATION
iter: 0 error: 4.959038e+04 gradnorm: 1.560967e+10
iter: 1 error: 5.316516e+03 gradnorm: 4.760839e+08
iter: 2 error: 5.074567e+02 gradnorm: 1.604498e+07
iter: 3 error: 2.940066e+02 gradnorm: 8.082420e+06
iter: 4 error: 1.716231e+02 gradnorm: 1.353844e+06
iter: 5 error: 1.154488e+02 gradnorm: 6.253086e+05
iter: 6 error: 8.897739e+01 gradnorm: 6.366989e+05
iter: 7 error: 7.413841e+01 gradnorm: 4.279851e+05
iter: 8 error: 6.314579e+01 gradnorm: 1.163934e+06
iter: 9 error: 5.771555e+01 gradnorm: 2.460873e+05
iter: 10 error: 4.873516e+01 gradnorm: 1.924977e+05
iter: 11 error: 4.170665e+01 gradnorm: 1.080425e+05
iter: 12 error: 3.740170e+01 gradnorm: 1.822698e+05
iter: 13 error: 3.460810e+01 gradnorm: 1.077962e+05
iter: 14 error: 3.146452e+01 gradnorm: 6.072588e+04
iter: 15 error: 2.877507e+01 gradnorm: 6.353302e+04
iter: 16 error: 2.763697e+01 gradnorm: 1.450656e+05
iter: 17 error: 2.681068e+01 gradnorm: 5.058579e+04
iter: 18 error: 2.523980e+01 gradnorm: 2.667504e+04
iter: 19 error: 2.394647e+01 gradnorm: 2.563537e+04
iter: 20 error: 2.288620e+01 gradnorm: 1.501826e+04
iter: 21 error: 2.195617e+01 gradnorm: 1.235536e+04
iter: 22 error: 2.131148e+01 gradnorm: 2.591690e+04
iter: 23 error: 2.119333e+01 gradnorm: 1.306281e+04
iter: 24 error: 2.068273e+01 gradnorm: 8.801797e+03
recon: 1.439777e+00 proj: 9.561900e-01 (9.238428e-01 2.186952e-02 1.044252e-02) backproj: 4.766583e-01 (7.608751e-04 7.311922e-03 4.685706e-01) ctime: 6.589053e-03 wtime: 2.126355e-04
numproj: 49 numback: 25
proj: 9.238428e-01 s (24.929677 GFLOPS) backproj: 4.685706e-01 s (25.077464 GFLOPS) avGFLOPS: 24.979409 totGFLOPS: 24.979409
proj: 77.627557 GB/s back: 77.582598 GB/s av: 77.612427 GB/s tot: 77.612427 GB/s
Total Time: 9.115847e+00
