ip-0A000026
NUM. THETA             : 750
NUM. RHO               : 512
NUM. X PIXELS          : 512
NUM. Y PIXELS          : 512

NUM. OF PIXELS         : 262144
NUM. OF RAYS           : 384000

NUM. ITERATIONS        : 24

SPATIAL TILE SIZE      : 512
SPECTRAL TILE SIZE     : 512

NUMBER OF X TILES      : 1
NUMBER OF Y TILES      : 1
NUM. OF THETA TILES    : 2
NUM. OF RHO TILES      : 1

NUM. SPATIAL TILES     : 1
NUM. SPECTRAL TILES    : 2

NUM. OF X PIXELS (EXT) : 512
NUM. OF Y PIXELS (EXT) : 512
NUM. OF ANGLES (EXT)   : 1024
NUM. OF RHOS (EXT)     : 512

NUM. OF PIXELS (EXT)   : 262144
NUM. OF RAYS (EXT)     : 524288

NUMBER OF PROCESSES    : 1
NUMBER OF THRD./PROC.  : 16

INTEGER: 4, FLOAT: 4, LONG: 8, SHORT: 2, POINTER: 8
APPROX. MEMORY     TOTAL: 4.394531e+00 GB
APPROX. MEMORY PER PROC.: 4.394531e+00 GB

X START       : -2.560000e+02
Y START       : -2.560000e+02
PIXEL SIZE    : 1.000000e+00
RHO START     : -2.560000e+02
RAY LENGTH    : 1.024000e+03

SPATIAL INDEXING       : 5
SPECTRAL INDEXING      : 5
 1: CARTESIAN, NATURAL
 2: CARTESIAN, TRANSPOSED
 3: MORTON, NATURAL
 4: MORTON, TRANSPOSED
 5: HILBERT
PROJECTION BLOCK SIZE      : 512
BACKPROJECTION BLOCK SIZE  : 512
PROJECTION BUFFER SIZE      : 32 KB
BACKPROJECTION BUFFER SIZE  : 32 KB

SINOGRAM FILE : ../../../../datasets/CDS1_sinogram.bin
   THETA FILE : ../../../../datasets/CDS1_theta.bin
  OUTPUT FILE : ../../output/strong_scaling_on_cpu/ip-0A000017/1.16.CDS1.512.512.512.512.32.32.bin


PLACE TILES
lspat 1 lspatdim 1
lspec 2 lspecdim 2
MPI PARTITIONING
proc: 0 numspats: 1 numpixs: 262144 numspecs: 2 numrays: 524288
maxnumpix: 262144 maxnumray: 524288
FILL PIXELS AND RAYS
INPUT THETA DATA
DOMAIN PARTITIONING

CONSTRUCT PROJECTION MATRIX
CSR STORAGE: 235011335 (1.750971 GB) rownzmax 1022
RAY-TRACING TIME: 1.538402e+00
CONSTRUCT BACKPROJECTION MATRIX
CSR STORAGE: 235011335 (1.750971 GB) rownzmax 1092
TRANSPOSITION TIME: 4.223227e-01

BLOCKING PROJECTION MATRIX
NUMBER OF BLOCKS: 750 BUFFSIZE: 8192
NUMBER OF BUFFERS: 2016 AVERAGE BUFF/BLOCK: 2.688000 MAX BUFF/BLOCK: 4
BUFFER MAP: 13343336 (0.049708 GB)
CSR STORAGE: 235011335 (1.313228 GB) buffnzmax: 544 STORAGE EFFICIENCY: 1.500000 DATA REUSE: 17.612637
BLOCKING TIME: 2.546588e-01
BLOCKING BACKPROJECTION MATRIX
NUMBER OF BLOCKS: 512 BUFFSIZE: 8192
NUMBER OF BUFFERS: 1484 AVERAGE BUFF/BLOCK: 2.898438 MAX BUFF/BLOCK: 3
BUFFER MAP: 11012376 (0.041024 GB)
CSR STORAGE: 235011335 (1.313228 GB) buffnzmax: 644 STORAGE EFFICIENCY: 1.500000 DATA REUSE: 21.340656
BLOCKING TIME: 2.489276e-01

FILL PROJECTION MATRIX
TIME: 7.152547e-01
FILL BACKPROJECTION MATRIX
TIME: 7.727081e-01
REDUCTION MAPPINGS
PREPROCESSING TIME: 3.955042e+00
INPUT MEASUREMENT DATA
INPUT ENDS
GRADIENT-DESCENT OPTIMIZATION
iter: 0 error: 4.959038e+04 gradnorm: 1.560969e+10
iter: 1 error: 5.316516e+03 gradnorm: 4.760835e+08
iter: 2 error: 5.074560e+02 gradnorm: 1.604494e+07
iter: 3 error: 2.940060e+02 gradnorm: 8.082471e+06
iter: 4 error: 1.716221e+02 gradnorm: 1.353850e+06
iter: 5 error: 1.154483e+02 gradnorm: 6.254931e+05
iter: 6 error: 8.908368e+01 gradnorm: 6.704344e+05
iter: 7 error: 7.770308e+01 gradnorm: 1.174949e+06
iter: 8 error: 7.138244e+01 gradnorm: 4.864742e+05
iter: 9 error: 5.778007e+01 gradnorm: 2.257488e+05
iter: 10 error: 4.873510e+01 gradnorm: 1.924651e+05
iter: 11 error: 4.171415e+01 gradnorm: 1.089549e+05
iter: 12 error: 3.754227e+01 gradnorm: 1.884259e+05
iter: 13 error: 3.464364e+01 gradnorm: 1.054083e+05
iter: 14 error: 3.151287e+01 gradnorm: 7.584812e+04
iter: 15 error: 3.067331e+01 gradnorm: 1.748302e+05
iter: 16 error: 2.842047e+01 gradnorm: 5.529433e+04
iter: 17 error: 2.682602e+01 gradnorm: 4.563461e+04
iter: 18 error: 2.523936e+01 gradnorm: 2.666331e+04
iter: 19 error: 2.394606e+01 gradnorm: 2.563555e+04
iter: 20 error: 2.288582e+01 gradnorm: 1.502080e+04
iter: 21 error: 2.195945e+01 gradnorm: 1.358768e+04
iter: 22 error: 2.169056e+01 gradnorm: 5.634720e+04
iter: 23 error: 2.120383e+01 gradnorm: 9.549264e+03
iter: 24 error: 2.067926e+01 gradnorm: 8.427207e+03
recon: 1.396949e+00 proj: 9.273351e-01 (8.894225e-01 2.686483e-02 1.101561e-02) backproj: 4.619646e-01 (1.146876e-03 7.792727e-03 4.530134e-01) ctime: 7.308893e-03 wtime: 2.198822e-04
numproj: 49 numback: 25
proj: 8.894225e-01 s (25.894456 GFLOPS) backproj: 4.530134e-01 s (25.938676 GFLOPS) avGFLOPS: 25.909378 totGFLOPS: 25.909378
proj: 80.623808 GB/s back: 80.246943 GB/s av: 80.496633 GB/s tot: 80.496633 GB/s
Total Time: 5.391562e+00
