ip-0A00001C
NUM. THETA             : 375
NUM. RHO               : 1024
NUM. X PIXELS          : 1024
NUM. Y PIXELS          : 1024

NUM. OF PIXELS         : 1048576
NUM. OF RAYS           : 384000

NUM. ITERATIONS        : 24

SPATIAL TILE SIZE      : 16
SPECTRAL TILE SIZE     : 16

NUMBER OF X TILES      : 64
NUMBER OF Y TILES      : 64
NUM. OF THETA TILES    : 24
NUM. OF RHO TILES      : 64

NUM. SPATIAL TILES     : 4096
NUM. SPECTRAL TILES    : 1536

NUM. OF X PIXELS (EXT) : 1024
NUM. OF Y PIXELS (EXT) : 1024
NUM. OF ANGLES (EXT)   : 384
NUM. OF RHOS (EXT)     : 1024

NUM. OF PIXELS (EXT)   : 1048576
NUM. OF RAYS (EXT)     : 393216

NUMBER OF PROCESSES    : 1
NUMBER OF THRD./PROC.  : 16

INTEGER: 4, FLOAT: 4, LONG: 8, SHORT: 2, POINTER: 8
APPROX. MEMORY     TOTAL: 8.789062e+00 GB
APPROX. MEMORY PER PROC.: 8.789062e+00 GB

X START       : -5.120000e+02
Y START       : -5.120000e+02
PIXEL SIZE    : 1.000000e+00
RHO START     : -5.120000e+02
RAY LENGTH    : 2.048000e+03

SPATIAL INDEXING       : 5
SPECTRAL INDEXING      : 5
 1: CARTESIAN, NATURAL
 2: CARTESIAN, TRANSPOSED
 3: MORTON, NATURAL
 4: MORTON, TRANSPOSED
 5: HILBERT
PROJECTION BLOCK SIZE      : 512
BACKPROJECTION BLOCK SIZE  : 512
PROJECTION BUFFER SIZE      : 32 KB
BACKPROJECTION BUFFER SIZE  : 32 KB

SINOGRAM FILE : ../../../../datasets/CDS2_sinogram.bin
   THETA FILE : ../../../../datasets/CDS2_theta.bin
  OUTPUT FILE : ../../output/strong_scaling_on_cpu/ip-0A00001C/1.16.CDS2.16.16.512.512.32.32.bin


PLACE TILES
lspat 64 lspatdim 64
lspec 64 lspecdim 64
MPI PARTITIONING
proc: 0 numspats: 4096 numpixs: 1048576 numspecs: 1536 numrays: 393216
maxnumpix: 1048576 maxnumray: 393216
FILL PIXELS AND RAYS
INPUT THETA DATA
DOMAIN PARTITIONING

CONSTRUCT PROJECTION MATRIX
CSR STORAGE: 470024116 (3.501953 GB) rownzmax 2046
RAY-TRACING TIME: 1.519158e+01
CONSTRUCT BACKPROJECTION MATRIX
CSR STORAGE: 470024116 (3.501953 GB) rownzmax 607
TRANSPOSITION TIME: 8.199976e-01

BLOCKING PROJECTION MATRIX
NUMBER OF BLOCKS: 750 BUFFSIZE: 8192
NUMBER OF BUFFERS: 4826 AVERAGE BUFF/BLOCK: 6.434667 MAX BUFF/BLOCK: 11
BUFFER MAP: 36402815 (0.135611 GB)
CSR STORAGE: 470024116 (2.626464 GB) buffnzmax: 551 STORAGE EFFICIENCY: 1.500000 DATA REUSE: 12.911752
BLOCKING TIME: 6.585951e-01
BLOCKING BACKPROJECTION MATRIX
NUMBER OF BLOCKS: 2048 BUFFSIZE: 8192
NUMBER OF BUFFERS: 3910 AVERAGE BUFF/BLOCK: 1.909180 MAX BUFF/BLOCK: 2
BUFFER MAP: 22030921 (0.082072 GB)
CSR STORAGE: 470024116 (2.626464 GB) buffnzmax: 506 STORAGE EFFICIENCY: 1.500000 DATA REUSE: 21.334747
BLOCKING TIME: 6.390400e-01

FILL PROJECTION MATRIX
TIME: 1.449648e+00
FILL BACKPROJECTION MATRIX
TIME: 1.546526e+00
REDUCTION MAPPINGS
PREPROCESSING TIME: 2.030801e+01
INPUT MEASUREMENT DATA
INPUT ENDS
GRADIENT-DESCENT OPTIMIZATION
iter: 0 error: 5.498394e+04 gradnorm: 5.780557e+09
iter: 1 error: 2.713759e+04 gradnorm: 4.174671e+08
iter: 2 error: 2.306866e+04 gradnorm: 9.086842e+07
iter: 3 error: 2.127430e+04 gradnorm: 3.168982e+07
iter: 4 error: 2.032668e+04 gradnorm: 1.557750e+07
iter: 5 error: 1.975908e+04 gradnorm: 1.008936e+07
iter: 6 error: 1.938425e+04 gradnorm: 8.237611e+06
iter: 7 error: 1.911242e+04 gradnorm: 6.110458e+06
iter: 8 error: 1.886864e+04 gradnorm: 5.391773e+06
iter: 9 error: 1.867635e+04 gradnorm: 5.556063e+06
iter: 10 error: 1.858933e+04 gradnorm: 9.516358e+06
iter: 11 error: 1.844659e+04 gradnorm: 4.303572e+06
iter: 12 error: 1.828187e+04 gradnorm: 3.280573e+06
iter: 13 error: 1.811534e+04 gradnorm: 2.896950e+06
iter: 14 error: 1.798105e+04 gradnorm: 2.749258e+06
iter: 15 error: 1.784707e+04 gradnorm: 2.094732e+06
iter: 16 error: 1.771297e+04 gradnorm: 1.970276e+06
iter: 17 error: 1.763594e+04 gradnorm: 3.993307e+06
iter: 18 error: 1.756249e+04 gradnorm: 2.957354e+06
iter: 19 error: 1.752670e+04 gradnorm: 3.564222e+06
iter: 20 error: 1.744943e+04 gradnorm: 1.982862e+06
iter: 21 error: 1.736014e+04 gradnorm: 1.588780e+06
iter: 22 error: 1.726249e+04 gradnorm: 1.342206e+06
iter: 23 error: 1.716980e+04 gradnorm: 1.258248e+06
iter: 24 error: 1.708010e+04 gradnorm: 1.306176e+06
recon: 2.883416e+00 proj: 1.915588e+00 (1.882687e+00 2.456078e-02 8.301795e-03) backproj: 9.548918e-01 (7.950386e-04 7.747985e-03 9.463275e-01) ctime: 1.253893e-02 wtime: 2.434053e-04
numproj: 49 numback: 25
proj: 1.882687e+00 s (24.466283 GFLOPS) backproj: 9.463275e-01 s (24.834115 GFLOPS) avGFLOPS: 24.589326 totGFLOPS: 24.589326
proj: 77.188620 GB/s back: 76.830390 GB/s av: 77.068789 GB/s tot: 77.068789 GB/s
Total Time: 2.754300e+01
