ip-0A000026
NUM. THETA             : 375
NUM. RHO               : 1024
NUM. X PIXELS          : 1024
NUM. Y PIXELS          : 1024

NUM. OF PIXELS         : 1048576
NUM. OF RAYS           : 384000

NUM. ITERATIONS        : 24

SPATIAL TILE SIZE      : 512
SPECTRAL TILE SIZE     : 512

NUMBER OF X TILES      : 2
NUMBER OF Y TILES      : 2
NUM. OF THETA TILES    : 1
NUM. OF RHO TILES      : 2

NUM. SPATIAL TILES     : 4
NUM. SPECTRAL TILES    : 2

NUM. OF X PIXELS (EXT) : 1024
NUM. OF Y PIXELS (EXT) : 1024
NUM. OF ANGLES (EXT)   : 512
NUM. OF RHOS (EXT)     : 1024

NUM. OF PIXELS (EXT)   : 1048576
NUM. OF RAYS (EXT)     : 524288

NUMBER OF PROCESSES    : 1
NUMBER OF THRD./PROC.  : 16

INTEGER: 4, FLOAT: 4, LONG: 8, SHORT: 2, POINTER: 8
APPROX. MEMORY     TOTAL: 8.789062e+00 GB
APPROX. MEMORY PER PROC.: 8.789062e+00 GB

X START       : -5.120000e+02
Y START       : -5.120000e+02
PIXEL SIZE    : 1.000000e+00
RHO START     : -5.120000e+02
RAY LENGTH    : 2.048000e+03

SPATIAL INDEXING       : 5
SPECTRAL INDEXING      : 5
 1: CARTESIAN, NATURAL
 2: CARTESIAN, TRANSPOSED
 3: MORTON, NATURAL
 4: MORTON, TRANSPOSED
 5: HILBERT
PROJECTION BLOCK SIZE      : 512
BACKPROJECTION BLOCK SIZE  : 512
PROJECTION BUFFER SIZE      : 32 KB
BACKPROJECTION BUFFER SIZE  : 32 KB

SINOGRAM FILE : ../../../../datasets/CDS2_sinogram.bin
   THETA FILE : ../../../../datasets/CDS2_theta.bin
  OUTPUT FILE : ../../output/strong_scaling_on_cpu/ip-0A000017/1.16.CDS2.512.512.512.512.32.32.bin


PLACE TILES
lspat 2 lspatdim 2
lspec 2 lspecdim 2
MPI PARTITIONING
proc: 0 numspats: 4 numpixs: 1048576 numspecs: 2 numrays: 524288
maxnumpix: 1048576 maxnumray: 524288
FILL PIXELS AND RAYS
INPUT THETA DATA
DOMAIN PARTITIONING

CONSTRUCT PROJECTION MATRIX
CSR STORAGE: 470024253 (3.501954 GB) rownzmax 2046
RAY-TRACING TIME: 3.139128e+00
CONSTRUCT BACKPROJECTION MATRIX
CSR STORAGE: 470024253 (3.501954 GB) rownzmax 607
TRANSPOSITION TIME: 8.202051e-01

BLOCKING PROJECTION MATRIX
NUMBER OF BLOCKS: 750 BUFFSIZE: 8192
NUMBER OF BUFFERS: 4756 AVERAGE BUFF/BLOCK: 6.341333 MAX BUFF/BLOCK: 10
BUFFER MAP: 35671331 (0.132886 GB)
CSR STORAGE: 470024253 (2.626465 GB) buffnzmax: 572 STORAGE EFFICIENCY: 1.500000 DATA REUSE: 13.176527
BLOCKING TIME: 6.577345e-01
BLOCKING BACKPROJECTION MATRIX
NUMBER OF BLOCKS: 2048 BUFFSIZE: 8192
NUMBER OF BUFFERS: 3910 AVERAGE BUFF/BLOCK: 1.909180 MAX BUFF/BLOCK: 2
BUFFER MAP: 22030889 (0.082071 GB)
CSR STORAGE: 470024253 (2.626465 GB) buffnzmax: 506 STORAGE EFFICIENCY: 1.500000 DATA REUSE: 21.334785
BLOCKING TIME: 6.469833e-01

FILL PROJECTION MATRIX
TIME: 1.448087e+00
FILL BACKPROJECTION MATRIX
TIME: 1.565151e+00
REDUCTION MAPPINGS
PREPROCESSING TIME: 8.279748e+00
INPUT MEASUREMENT DATA
INPUT ENDS
GRADIENT-DESCENT OPTIMIZATION
iter: 0 error: 5.498394e+04 gradnorm: 5.780557e+09
iter: 1 error: 2.713759e+04 gradnorm: 4.174675e+08
iter: 2 error: 2.306865e+04 gradnorm: 9.086846e+07
iter: 3 error: 2.127431e+04 gradnorm: 3.168983e+07
iter: 4 error: 2.032668e+04 gradnorm: 1.557752e+07
iter: 5 error: 1.975908e+04 gradnorm: 1.008936e+07
iter: 6 error: 1.938425e+04 gradnorm: 8.237797e+06
iter: 7 error: 1.911245e+04 gradnorm: 6.116914e+06
iter: 8 error: 1.887054e+04 gradnorm: 5.744088e+06
iter: 9 error: 1.872870e+04 gradnorm: 1.113736e+07
iter: 10 error: 1.862462e+04 gradnorm: 5.022983e+06
iter: 11 error: 1.844734e+04 gradnorm: 4.167242e+06
iter: 12 error: 1.828188e+04 gradnorm: 3.279151e+06
iter: 13 error: 1.811535e+04 gradnorm: 2.898689e+06
iter: 14 error: 1.798137e+04 gradnorm: 2.774758e+06
iter: 15 error: 1.785221e+04 gradnorm: 2.544562e+06
iter: 16 error: 1.777996e+04 gradnorm: 4.328746e+06
iter: 17 error: 1.769744e+04 gradnorm: 4.306441e+06
iter: 18 error: 1.765936e+04 gradnorm: 2.428684e+06
iter: 19 error: 1.754222e+04 gradnorm: 1.749405e+06
iter: 20 error: 1.745007e+04 gradnorm: 1.917259e+06
iter: 21 error: 1.736015e+04 gradnorm: 1.586888e+06
iter: 22 error: 1.726249e+04 gradnorm: 1.343345e+06
iter: 23 error: 1.717095e+04 gradnorm: 1.493165e+06
iter: 24 error: 1.714017e+04 gradnorm: 4.170921e+06
recon: 2.796160e+00 proj: 1.855541e+00 (1.817218e+00 2.775969e-02 1.052275e-02) backproj: 9.258989e-01 (1.044643e-03 8.370281e-03 9.164685e-01) ctime: 1.439060e-02 wtime: 2.116986e-04
numproj: 49 numback: 25
proj: 1.817218e+00 s (25.347738 GFLOPS) backproj: 9.164685e-01 s (25.643229 GFLOPS) avGFLOPS: 25.446802 totGFLOPS: 25.446802
proj: 79.890623 GB/s back: 79.333577 GB/s av: 79.703874 GB/s tot: 79.703874 GB/s
Total Time: 1.112859e+01
