ip-0A00001B
ip-0A00001C
NUM. THETA             : 750
NUM. RHO               : 512
NUM. X PIXELS          : 512
NUM. Y PIXELS          : 512

NUM. OF PIXELS         : 262144
NUM. OF RAYS           : 384000

NUM. ITERATIONS        : 24

SPATIAL TILE SIZE      : 16
SPECTRAL TILE SIZE     : 16

NUMBER OF X TILES      : 32
NUMBER OF Y TILES      : 32
NUM. OF THETA TILES    : 47
NUM. OF RHO TILES      : 32

NUM. SPATIAL TILES     : 1024
NUM. SPECTRAL TILES    : 1504

NUM. OF X PIXELS (EXT) : 512
NUM. OF Y PIXELS (EXT) : 512
NUM. OF ANGLES (EXT)   : 752
NUM. OF RHOS (EXT)     : 512

NUM. OF PIXELS (EXT)   : 262144
NUM. OF RAYS (EXT)     : 385024

NUMBER OF PROCESSES    : 2
NUMBER OF THRD./PROC.  : 16

INTEGER: 4, FLOAT: 4, LONG: 8, SHORT: 2, POINTER: 8
APPROX. MEMORY     TOTAL: 4.394531e+00 GB
APPROX. MEMORY PER PROC.: 2.197266e+00 GB

X START       : -2.560000e+02
Y START       : -2.560000e+02
PIXEL SIZE    : 1.000000e+00
RHO START     : -2.560000e+02
RAY LENGTH    : 1.024000e+03

SPATIAL INDEXING       : 5
SPECTRAL INDEXING      : 5
 1: CARTESIAN, NATURAL
 2: CARTESIAN, TRANSPOSED
 3: MORTON, NATURAL
 4: MORTON, TRANSPOSED
 5: HILBERT
PROJECTION BLOCK SIZE      : 512
BACKPROJECTION BLOCK SIZE  : 512
PROJECTION BUFFER SIZE      : 32 KB
BACKPROJECTION BUFFER SIZE  : 32 KB

SINOGRAM FILE : ../../../../datasets/CDS1_sinogram.bin
   THETA FILE : ../../../../datasets/CDS1_theta.bin
  OUTPUT FILE : ../../output/strong_scaling_on_cpu/ip-0A00001C/2.16.CDS1.16.16.512.512.32.32.bin


PLACE TILES
lspat 32 lspatdim 32
lspec 47 lspecdim 64
MPI PARTITIONING
proc: 0 numspats: 512 numpixs: 131072 numspecs: 752 numrays: 192512
proc: 1 numspats: 512 numpixs: 131072 numspecs: 752 numrays: 192512
maxnumpix: 131072 maxnumray: 192512
FILL PIXELS AND RAYS
INPUT THETA DATA
DOMAIN PARTITIONING

CONSTRUCT PROJECTION MATRIX
CSR STORAGE: 235011238 (1.750970 GB) rownzmax 767
RAY-TRACING TIME: 1.826751e+00
CONSTRUCT BACKPROJECTION MATRIX
CSR STORAGE: 235011238 (1.750970 GB) rownzmax 1092
TRANSPOSITION TIME: 1.736192e-01

BLOCKING PROJECTION MATRIX
NUMBER OF BLOCKS: 614 BUFFSIZE: 8192
NUMBER OF BUFFERS: 1209 AVERAGE BUFF/BLOCK: 1.969055 MAX BUFF/BLOCK: 4
BUFFER MAP: 14132792 (0.052649 GB)
CSR STORAGE: 235011238 (1.313228 GB) buffnzmax: 502 STORAGE EFFICIENCY: 0.749998 DATA REUSE: 16.785004
BLOCKING TIME: 1.288610e-01
BLOCKING BACKPROJECTION MATRIX
NUMBER OF BLOCKS: 256 BUFFSIZE: 8192
NUMBER OF BUFFERS: 742 AVERAGE BUFF/BLOCK: 2.898438 MAX BUFF/BLOCK: 3
BUFFER MAP: 11012373 (0.041024 GB)
CSR STORAGE: 235011238 (1.313228 GB) buffnzmax: 605 STORAGE EFFICIENCY: 0.749998 DATA REUSE: 21.340290
BLOCKING TIME: 1.222517e-01

FILL PROJECTION MATRIX
TIME: 3.588119e-01
FILL BACKPROJECTION MATRIX
TIME: 3.968808e-01
REDUCTION MAPPINGS
PREPROCESSING TIME: 3.009150e+00
INPUT MEASUREMENT DATA
INPUT ENDS
GRADIENT-DESCENT OPTIMIZATION
iter: 0 error: 4.959039e+04 gradnorm: 1.560967e+10
iter: 1 error: 5.316517e+03 gradnorm: 4.760839e+08
iter: 2 error: 5.074566e+02 gradnorm: 1.604498e+07
iter: 3 error: 2.940066e+02 gradnorm: 8.082424e+06
iter: 4 error: 1.716231e+02 gradnorm: 1.353844e+06
iter: 5 error: 1.154488e+02 gradnorm: 6.253075e+05
iter: 6 error: 8.897697e+01 gradnorm: 6.365692e+05
iter: 7 error: 7.411856e+01 gradnorm: 4.219957e+05
iter: 8 error: 6.182800e+01 gradnorm: 9.514180e+05
iter: 9 error: 5.766887e+01 gradnorm: 2.604159e+05
iter: 10 error: 4.873494e+01 gradnorm: 1.925643e+05
iter: 11 error: 4.170667e+01 gradnorm: 1.080452e+05
iter: 12 error: 3.740211e+01 gradnorm: 1.822895e+05
iter: 13 error: 3.460822e+01 gradnorm: 1.077883e+05
iter: 14 error: 3.146465e+01 gradnorm: 6.076434e+04
iter: 15 error: 2.879939e+01 gradnorm: 7.115900e+04
iter: 16 error: 2.799182e+01 gradnorm: 1.388897e+05
iter: 17 error: 2.682158e+01 gradnorm: 4.729011e+04
iter: 18 error: 2.523983e+01 gradnorm: 2.666571e+04
iter: 19 error: 2.394648e+01 gradnorm: 2.563532e+04
iter: 20 error: 2.288620e+01 gradnorm: 1.501812e+04
iter: 21 error: 2.195601e+01 gradnorm: 1.230052e+04
iter: 22 error: 2.125863e+01 gradnorm: 9.602414e+03
iter: 23 error: 2.072758e+01 gradnorm: 1.052213e+04
iter: 24 error: 2.061978e+01 gradnorm: 2.212233e+04
recon: 8.122770e-01 proj: 5.268898e-01 (4.693137e-01 5.147914e-02 6.052580e-03) backproj: 2.668022e-01 (1.566732e-03 1.975191e-02 2.454638e-01) ctime: 9.038428e-03 wtime: 5.807824e-03
numproj: 49 numback: 25
proj: 9.388514e-01 s (24.531148 GFLOPS) backproj: 4.911401e-01 s (23.925073 GFLOPS) avGFLOPS: 24.322987 totGFLOPS: 48.645974
proj: 76.543886 GB/s back: 74.017424 GB/s av: 75.676156 GB/s tot: 151.352312 GB/s
Total Time: 4.379128e+00
