ip-0A00001C
ip-0A00001B
NUM. THETA             : 375
NUM. RHO               : 1024
NUM. X PIXELS          : 1024
NUM. Y PIXELS          : 1024

NUM. OF PIXELS         : 1048576
NUM. OF RAYS           : 384000

NUM. ITERATIONS        : 24

SPATIAL TILE SIZE      : 16
SPECTRAL TILE SIZE     : 16

NUMBER OF X TILES      : 64
NUMBER OF Y TILES      : 64
NUM. OF THETA TILES    : 24
NUM. OF RHO TILES      : 64

NUM. SPATIAL TILES     : 4096
NUM. SPECTRAL TILES    : 1536

NUM. OF X PIXELS (EXT) : 1024
NUM. OF Y PIXELS (EXT) : 1024
NUM. OF ANGLES (EXT)   : 384
NUM. OF RHOS (EXT)     : 1024

NUM. OF PIXELS (EXT)   : 1048576
NUM. OF RAYS (EXT)     : 393216

NUMBER OF PROCESSES    : 2
NUMBER OF THRD./PROC.  : 16

INTEGER: 4, FLOAT: 4, LONG: 8, SHORT: 2, POINTER: 8
APPROX. MEMORY     TOTAL: 8.789062e+00 GB
APPROX. MEMORY PER PROC.: 4.394531e+00 GB

X START       : -5.120000e+02
Y START       : -5.120000e+02
PIXEL SIZE    : 1.000000e+00
RHO START     : -5.120000e+02
RAY LENGTH    : 2.048000e+03

SPATIAL INDEXING       : 5
SPECTRAL INDEXING      : 5
 1: CARTESIAN, NATURAL
 2: CARTESIAN, TRANSPOSED
 3: MORTON, NATURAL
 4: MORTON, TRANSPOSED
 5: HILBERT
PROJECTION BLOCK SIZE      : 512
BACKPROJECTION BLOCK SIZE  : 512
PROJECTION BUFFER SIZE      : 32 KB
BACKPROJECTION BUFFER SIZE  : 32 KB

SINOGRAM FILE : ../../../../datasets/CDS2_sinogram.bin
   THETA FILE : ../../../../datasets/CDS2_theta.bin
  OUTPUT FILE : ../../output/strong_scaling_on_cpu/ip-0A00001C/2.16.CDS2.16.16.512.512.32.32.bin


PLACE TILES
lspat 64 lspatdim 64
lspec 64 lspecdim 64
MPI PARTITIONING
proc: 0 numspats: 2048 numpixs: 524288 numspecs: 768 numrays: 196608
proc: 1 numspats: 2048 numpixs: 524288 numspecs: 768 numrays: 196608
maxnumpix: 524288 maxnumray: 196608
FILL PIXELS AND RAYS
INPUT THETA DATA
DOMAIN PARTITIONING

CONSTRUCT PROJECTION MATRIX
CSR STORAGE: 470024116 (3.501953 GB) rownzmax 1534
RAY-TRACING TIME: 6.390687e+00
CONSTRUCT BACKPROJECTION MATRIX
CSR STORAGE: 470024116 (3.501953 GB) rownzmax 607
TRANSPOSITION TIME: 3.902607e-01

BLOCKING PROJECTION MATRIX
NUMBER OF BLOCKS: 614 BUFFSIZE: 8192
NUMBER OF BUFFERS: 2576 AVERAGE BUFF/BLOCK: 4.195440 MAX BUFF/BLOCK: 8
BUFFER MAP: 36904117 (0.137479 GB)
CSR STORAGE: 470024116 (2.626464 GB) buffnzmax: 546 STORAGE EFFICIENCY: 0.749997 DATA REUSE: 12.739196
BLOCKING TIME: 3.068596e-01
BLOCKING BACKPROJECTION MATRIX
NUMBER OF BLOCKS: 1024 BUFFSIZE: 8192
NUMBER OF BUFFERS: 1955 AVERAGE BUFF/BLOCK: 1.909180 MAX BUFF/BLOCK: 2
BUFFER MAP: 22030921 (0.082072 GB)
CSR STORAGE: 470024116 (2.626464 GB) buffnzmax: 493 STORAGE EFFICIENCY: 0.749997 DATA REUSE: 21.329239
BLOCKING TIME: 2.982771e-01

FILL PROJECTION MATRIX
TIME: 7.188578e-01
FILL BACKPROJECTION MATRIX
TIME: 7.847768e-01
REDUCTION MAPPINGS
PREPROCESSING TIME: 8.891836e+00
INPUT MEASUREMENT DATA
INPUT ENDS
GRADIENT-DESCENT OPTIMIZATION
iter: 0 error: 5.498394e+04 gradnorm: 8.391545e+09
iter: 1 error: 1.188449e+04 gradnorm: 6.091295e+08
iter: 2 error: 6.055113e+03 gradnorm: 1.332260e+08
iter: 3 error: 3.391544e+03 gradnorm: 4.188795e+07
iter: 4 error: 2.293072e+03 gradnorm: 2.377218e+07
iter: 5 error: 1.950876e+03 gradnorm: 2.627800e+07
iter: 6 error: 1.553674e+03 gradnorm: 1.184669e+07
iter: 7 error: 1.298071e+03 gradnorm: 8.968538e+06
iter: 8 error: 1.044904e+03 gradnorm: 5.329348e+06
iter: 9 error: 8.758327e+02 gradnorm: 3.791838e+06
iter: 10 error: 7.404723e+02 gradnorm: 2.375248e+06
iter: 11 error: 6.494882e+02 gradnorm: 1.740450e+06
iter: 12 error: 5.755011e+02 gradnorm: 1.311992e+06
iter: 13 error: 5.377339e+02 gradnorm: 2.914372e+06
iter: 14 error: 5.097473e+02 gradnorm: 1.138225e+06
iter: 15 error: 4.721050e+02 gradnorm: 8.111499e+05
iter: 16 error: 4.353207e+02 gradnorm: 6.730706e+05
iter: 17 error: 4.218325e+02 gradnorm: 1.351102e+06
iter: 18 error: 3.999131e+02 gradnorm: 5.130242e+05
iter: 19 error: 3.798948e+02 gradnorm: 4.320718e+05
iter: 20 error: 3.603452e+02 gradnorm: 3.455867e+05
iter: 21 error: 3.462056e+02 gradnorm: 5.056010e+05
iter: 22 error: 3.367682e+02 gradnorm: 3.389208e+05
iter: 23 error: 3.227706e+02 gradnorm: 2.571604e+05
iter: 24 error: 3.143677e+02 gradnorm: 6.328678e+05
recon: 1.529631e+00 proj: 1.004681e+00 (9.451417e-01 5.290873e-02 6.593642e-03) backproj: 4.995656e-01 (1.380932e-03 2.335260e-02 4.748142e-01) ctime: 1.260097e-02 wtime: 8.891336e-03
numproj: 49 numback: 25
proj: 1.889665e+00 s (24.375941 GFLOPS) backproj: 9.498049e-01 s (24.743194 GFLOPS) avGFLOPS: 24.498787 totGFLOPS: 48.997574
proj: 76.955594 GB/s back: 76.549102 GB/s av: 76.819622 GB/s tot: 153.639244 GB/s
Total Time: 1.258616e+01
