ip-0A000026
ip-0A000030
NUM. THETA             : 375
NUM. RHO               : 1024
NUM. X PIXELS          : 1024
NUM. Y PIXELS          : 1024

NUM. OF PIXELS         : 1048576
NUM. OF RAYS           : 384000

NUM. ITERATIONS        : 24

SPATIAL TILE SIZE      : 512
SPECTRAL TILE SIZE     : 512

NUMBER OF X TILES      : 2
NUMBER OF Y TILES      : 2
NUM. OF THETA TILES    : 1
NUM. OF RHO TILES      : 2

NUM. SPATIAL TILES     : 4
NUM. SPECTRAL TILES    : 2

NUM. OF X PIXELS (EXT) : 1024
NUM. OF Y PIXELS (EXT) : 1024
NUM. OF ANGLES (EXT)   : 512
NUM. OF RHOS (EXT)     : 1024

NUM. OF PIXELS (EXT)   : 1048576
NUM. OF RAYS (EXT)     : 524288

NUMBER OF PROCESSES    : 2
NUMBER OF THRD./PROC.  : 16

INTEGER: 4, FLOAT: 4, LONG: 8, SHORT: 2, POINTER: 8
APPROX. MEMORY     TOTAL: 8.789062e+00 GB
APPROX. MEMORY PER PROC.: 4.394531e+00 GB

X START       : -5.120000e+02
Y START       : -5.120000e+02
PIXEL SIZE    : 1.000000e+00
RHO START     : -5.120000e+02
RAY LENGTH    : 2.048000e+03

SPATIAL INDEXING       : 5
SPECTRAL INDEXING      : 5
 1: CARTESIAN, NATURAL
 2: CARTESIAN, TRANSPOSED
 3: MORTON, NATURAL
 4: MORTON, TRANSPOSED
 5: HILBERT
PROJECTION BLOCK SIZE      : 512
BACKPROJECTION BLOCK SIZE  : 512
PROJECTION BUFFER SIZE      : 32 KB
BACKPROJECTION BUFFER SIZE  : 32 KB

SINOGRAM FILE : ../../../../datasets/CDS2_sinogram.bin
   THETA FILE : ../../../../datasets/CDS2_theta.bin
  OUTPUT FILE : ../../output/strong_scaling_on_cpu/ip-0A000017/2.16.CDS2.512.512.512.512.32.32.bin


PLACE TILES
lspat 2 lspatdim 2
lspec 2 lspecdim 2
MPI PARTITIONING
proc: 0 numspats: 2 numpixs: 524288 numspecs: 1 numrays: 262144
proc: 1 numspats: 2 numpixs: 524288 numspecs: 1 numrays: 262144
maxnumpix: 524288 maxnumray: 262144
FILL PIXELS AND RAYS
INPUT THETA DATA
DOMAIN PARTITIONING

CONSTRUCT PROJECTION MATRIX
CSR STORAGE: 470024253 (3.501954 GB) rownzmax 1534
RAY-TRACING TIME: 1.550374e+00
CONSTRUCT BACKPROJECTION MATRIX
CSR STORAGE: 470024253 (3.501954 GB) rownzmax 607
TRANSPOSITION TIME: 4.083158e-01

BLOCKING PROJECTION MATRIX
NUMBER OF BLOCKS: 614 BUFFSIZE: 8192
NUMBER OF BUFFERS: 2535 AVERAGE BUFF/BLOCK: 4.128664 MAX BUFF/BLOCK: 8
BUFFER MAP: 36529260 (0.136082 GB)
CSR STORAGE: 470024253 (2.626465 GB) buffnzmax: 557 STORAGE EFFICIENCY: 0.749997 DATA REUSE: 12.882874
BLOCKING TIME: 3.059703e-01
BLOCKING BACKPROJECTION MATRIX
NUMBER OF BLOCKS: 1024 BUFFSIZE: 8192
NUMBER OF BUFFERS: 1955 AVERAGE BUFF/BLOCK: 1.909180 MAX BUFF/BLOCK: 2
BUFFER MAP: 22030889 (0.082071 GB)
CSR STORAGE: 470024253 (2.626465 GB) buffnzmax: 502 STORAGE EFFICIENCY: 0.749997 DATA REUSE: 21.329336
BLOCKING TIME: 3.000742e-01

FILL PROJECTION MATRIX
TIME: 7.230260e-01
FILL BACKPROJECTION MATRIX
TIME: 7.835341e-01
REDUCTION MAPPINGS
PREPROCESSING TIME: 4.073214e+00
INPUT MEASUREMENT DATA
INPUT ENDS
GRADIENT-DESCENT OPTIMIZATION
iter: 0 error: 5.498394e+04 gradnorm: 8.605324e+09
iter: 1 error: 1.165497e+04 gradnorm: 6.739438e+08
iter: 2 error: 6.008312e+03 gradnorm: 1.298416e+08
iter: 3 error: 3.852159e+03 gradnorm: 1.019368e+08
iter: 4 error: 2.746540e+03 gradnorm: 3.399498e+07
iter: 5 error: 1.995329e+03 gradnorm: 1.765136e+07
iter: 6 error: 1.529984e+03 gradnorm: 1.075343e+07
iter: 7 error: 1.267616e+03 gradnorm: 9.132858e+06
iter: 8 error: 1.008031e+03 gradnorm: 4.327043e+06
iter: 9 error: 8.171321e+02 gradnorm: 3.481120e+06
iter: 10 error: 6.922982e+02 gradnorm: 2.202299e+06
iter: 11 error: 6.087685e+02 gradnorm: 2.337532e+06
iter: 12 error: 5.780917e+02 gradnorm: 3.159041e+06
iter: 13 error: 5.299325e+02 gradnorm: 1.144416e+06
iter: 14 error: 4.814888e+02 gradnorm: 7.863554e+05
iter: 15 error: 4.506785e+02 gradnorm: 1.845024e+06
iter: 16 error: 4.316274e+02 gradnorm: 6.672592e+05
iter: 17 error: 4.027255e+02 gradnorm: 5.806960e+05
iter: 18 error: 3.789481e+02 gradnorm: 5.198273e+05
iter: 19 error: 3.585388e+02 gradnorm: 4.067655e+05
iter: 20 error: 3.386564e+02 gradnorm: 3.874256e+05
iter: 21 error: 3.281258e+02 gradnorm: 6.746321e+05
iter: 22 error: 3.206677e+02 gradnorm: 5.119392e+05
iter: 23 error: 3.121188e+02 gradnorm: 4.118380e+05
iter: 24 error: 3.018326e+02 gradnorm: 2.562764e+05
recon: 1.499336e+00 proj: 9.878524e-01 (9.284001e-01 5.108988e-02 8.324990e-03) backproj: 4.877641e-01 (1.691950e-03 2.116607e-02 4.648924e-01) ctime: 1.097496e-02 wtime: 8.901090e-03
numproj: 49 numback: 25
proj: 1.854694e+00 s (24.835561 GFLOPS) backproj: 9.296788e-01 s (25.278853 GFLOPS) avGFLOPS: 24.983573 totGFLOPS: 49.967145
proj: 78.367015 GB/s back: 78.206290 GB/s av: 78.313350 GB/s tot: 156.626700 GB/s
Total Time: 5.632237e+00
