ip-0A000026
ip-0A000030
ip-0A000017
ip-0A000020
NUM. THETA             : 750
NUM. RHO               : 512
NUM. X PIXELS          : 512
NUM. Y PIXELS          : 512

NUM. OF PIXELS         : 262144
NUM. OF RAYS           : 384000

NUM. ITERATIONS        : 24

SPATIAL TILE SIZE      : 512
SPECTRAL TILE SIZE     : 512

NUMBER OF X TILES      : 1
NUMBER OF Y TILES      : 1
NUM. OF THETA TILES    : 2
NUM. OF RHO TILES      : 1

NUM. SPATIAL TILES     : 1
NUM. SPECTRAL TILES    : 2

NUM. OF X PIXELS (EXT) : 512
NUM. OF Y PIXELS (EXT) : 512
NUM. OF ANGLES (EXT)   : 1024
NUM. OF RHOS (EXT)     : 512

NUM. OF PIXELS (EXT)   : 262144
NUM. OF RAYS (EXT)     : 524288

NUMBER OF PROCESSES    : 4
NUMBER OF THRD./PROC.  : 16

INTEGER: 4, FLOAT: 4, LONG: 8, SHORT: 2, POINTER: 8
APPROX. MEMORY     TOTAL: 4.394531e+00 GB
APPROX. MEMORY PER PROC.: 1.098633e+00 GB

X START       : -2.560000e+02
Y START       : -2.560000e+02
PIXEL SIZE    : 1.000000e+00
RHO START     : -2.560000e+02
RAY LENGTH    : 1.024000e+03

SPATIAL INDEXING       : 5
SPECTRAL INDEXING      : 5
 1: CARTESIAN, NATURAL
 2: CARTESIAN, TRANSPOSED
 3: MORTON, NATURAL
 4: MORTON, TRANSPOSED
 5: HILBERT
PROJECTION BLOCK SIZE      : 512
BACKPROJECTION BLOCK SIZE  : 512
PROJECTION BUFFER SIZE      : 32 KB
BACKPROJECTION BUFFER SIZE  : 32 KB

SINOGRAM FILE : ../../../../datasets/CDS1_sinogram.bin
   THETA FILE : ../../../../datasets/CDS1_theta.bin
  OUTPUT FILE : ../../output/strong_scaling_on_cpu/ip-0A000017/4.16.CDS1.512.512.512.512.32.32.bin


PLACE TILES
lspat 1 lspatdim 1
lspec 2 lspecdim 2
MPI PARTITIONING
proc: 0 numspats: 1 numpixs: 262144 numspecs: 1 numrays: 262144
proc: 1 numspats: 0 numpixs: 0 numspecs: 1 numrays: 262144
proc: 2 numspats: 0 numpixs: 0 numspecs: 0 numrays: 0
proc: 3 numspats: 0 numpixs: 0 numspecs: 0 numrays: 0
maxnumpix: 262144 maxnumray: 262144
FILL PIXELS AND RAYS
INPUT THETA DATA
DOMAIN PARTITIONING

CONSTRUCT PROJECTION MATRIX
CSR STORAGE: 235011335 (1.750971 GB) rownzmax 1022
RAY-TRACING TIME: 1.543477e+00
CONSTRUCT BACKPROJECTION MATRIX
CSR STORAGE: 235011335 (1.750971 GB) rownzmax 1092
TRANSPOSITION TIME: 4.211860e-01

BLOCKING PROJECTION MATRIX
NUMBER OF BLOCKS: 750 BUFFSIZE: 8192
NUMBER OF BUFFERS: 2016 AVERAGE BUFF/BLOCK: 2.688000 MAX BUFF/BLOCK: 4
BUFFER MAP: 13343336 (0.049708 GB)
CSR STORAGE: 235011335 (1.313228 GB) buffnzmax: 544 STORAGE EFFICIENCY: 1.500000 DATA REUSE: 17.612637
BLOCKING TIME: 2.520782e-01
BLOCKING BACKPROJECTION MATRIX
NUMBER OF BLOCKS: 512 BUFFSIZE: 8192
NUMBER OF BUFFERS: 1484 AVERAGE BUFF/BLOCK: 2.898438 MAX BUFF/BLOCK: 3
BUFFER MAP: 11012376 (0.041024 GB)
CSR STORAGE: 235011335 (1.313228 GB) buffnzmax: 644 STORAGE EFFICIENCY: 1.500000 DATA REUSE: 21.340656
BLOCKING TIME: 2.470803e-01

FILL PROJECTION MATRIX
TIME: 7.221671e-01
FILL BACKPROJECTION MATRIX
TIME: 7.920626e-01
REDUCTION MAPPINGS
PREPROCESSING TIME: 3.979934e+00
INPUT MEASUREMENT DATA
INPUT ENDS
GRADIENT-DESCENT OPTIMIZATION
iter: 0 error: 4.959038e+04 gradnorm: 1.560969e+10
iter: 1 error: 5.316516e+03 gradnorm: 4.760838e+08
iter: 2 error: 5.074562e+02 gradnorm: 1.604495e+07
iter: 3 error: 2.940060e+02 gradnorm: 8.082472e+06
iter: 4 error: 1.716221e+02 gradnorm: 1.353849e+06
iter: 5 error: 1.154479e+02 gradnorm: 6.253373e+05
iter: 6 error: 8.899455e+01 gradnorm: 6.424339e+05
iter: 7 error: 7.495415e+01 gradnorm: 6.568864e+05
iter: 8 error: 7.040219e+01 gradnorm: 7.483841e+05
iter: 9 error: 5.777728e+01 gradnorm: 2.266256e+05
iter: 10 error: 4.873509e+01 gradnorm: 1.924702e+05
iter: 11 error: 4.171432e+01 gradnorm: 1.089730e+05
iter: 12 error: 3.754492e+01 gradnorm: 1.885226e+05
iter: 13 error: 3.464375e+01 gradnorm: 1.052307e+05
iter: 14 error: 3.147707e+01 gradnorm: 6.446959e+04
iter: 15 error: 2.997853e+01 gradnorm: 2.479140e+05
iter: 16 error: 2.841341e+01 gradnorm: 5.733290e+04
iter: 17 error: 2.682594e+01 gradnorm: 4.565373e+04
iter: 18 error: 2.523936e+01 gradnorm: 2.666345e+04
iter: 19 error: 2.394607e+01 gradnorm: 2.563624e+04
iter: 20 error: 2.288618e+01 gradnorm: 1.514353e+04
iter: 21 error: 2.209137e+01 gradnorm: 5.105975e+04
iter: 22 error: 2.187984e+01 gradnorm: 1.417055e+04
iter: 23 error: 2.120433e+01 gradnorm: 9.399271e+03
iter: 24 error: 2.068103e+01 gradnorm: 8.633185e+03
recon: 1.454591e+00 proj: 9.471620e-01 (8.914316e-01 4.570980e-02 9.984801e-03) backproj: 4.764361e-01 (2.867252e-03 2.100291e-02 4.525499e-01) ctime: 1.534025e-02 wtime: 1.041067e-02
numproj: 49 numback: 25
proj: 3.566625e+00 s (6.457397 GFLOPS) backproj: 1.813963e+00 s (6.477842 GFLOPS) avGFLOPS: 6.464290 totGFLOPS: 25.857159
proj: 20.105460 GB/s back: 20.040615 GB/s av: 20.083599 GB/s tot: 80.334395 GB/s
Total Time: 5.476169e+00
