ip-0A00001B
ip-0A000015
ip-0A000016
ip-0A00001C
NUM. THETA             : 750
NUM. RHO               : 512
NUM. X PIXELS          : 512
NUM. Y PIXELS          : 512

NUM. OF PIXELS         : 262144
NUM. OF RAYS           : 384000

NUM. ITERATIONS        : 24

SPATIAL TILE SIZE      : 16
SPECTRAL TILE SIZE     : 16

NUMBER OF X TILES      : 32
NUMBER OF Y TILES      : 32
NUM. OF THETA TILES    : 47
NUM. OF RHO TILES      : 32

NUM. SPATIAL TILES     : 1024
NUM. SPECTRAL TILES    : 1504

NUM. OF X PIXELS (EXT) : 512
NUM. OF Y PIXELS (EXT) : 512
NUM. OF ANGLES (EXT)   : 752
NUM. OF RHOS (EXT)     : 512

NUM. OF PIXELS (EXT)   : 262144
NUM. OF RAYS (EXT)     : 385024

NUMBER OF PROCESSES    : 4
NUMBER OF THRD./PROC.  : 16

INTEGER: 4, FLOAT: 4, LONG: 8, SHORT: 2, POINTER: 8
APPROX. MEMORY     TOTAL: 4.394531e+00 GB
APPROX. MEMORY PER PROC.: 1.098633e+00 GB

X START       : -2.560000e+02
Y START       : -2.560000e+02
PIXEL SIZE    : 1.000000e+00
RHO START     : -2.560000e+02
RAY LENGTH    : 1.024000e+03

SPATIAL INDEXING       : 5
SPECTRAL INDEXING      : 5
 1: CARTESIAN, NATURAL
 2: CARTESIAN, TRANSPOSED
 3: MORTON, NATURAL
 4: MORTON, TRANSPOSED
 5: HILBERT
PROJECTION BLOCK SIZE      : 512
BACKPROJECTION BLOCK SIZE  : 512
PROJECTION BUFFER SIZE      : 32 KB
BACKPROJECTION BUFFER SIZE  : 32 KB

SINOGRAM FILE : ../../../../datasets/CDS1_sinogram.bin
   THETA FILE : ../../../../datasets/CDS1_theta.bin
  OUTPUT FILE : ../../output/strong_scaling_on_cpu/ip-0A00001C/4.16.CDS1.16.16.512.512.32.32.bin


PLACE TILES
lspat 32 lspatdim 32
lspec 47 lspecdim 64
MPI PARTITIONING
proc: 0 numspats: 256 numpixs: 65536 numspecs: 376 numrays: 96256
proc: 1 numspats: 256 numpixs: 65536 numspecs: 376 numrays: 96256
proc: 2 numspats: 256 numpixs: 65536 numspecs: 376 numrays: 96256
proc: 3 numspats: 256 numpixs: 65536 numspecs: 376 numrays: 96256
maxnumpix: 65536 maxnumray: 96256
FILL PIXELS AND RAYS
INPUT THETA DATA
DOMAIN PARTITIONING

CONSTRUCT PROJECTION MATRIX
CSR STORAGE: 235011238 (1.750970 GB) rownzmax 511
RAY-TRACING TIME: 7.091880e-01
CONSTRUCT BACKPROJECTION MATRIX
CSR STORAGE: 235011238 (1.750970 GB) rownzmax 1092
TRANSPOSITION TIME: 8.599473e-02

BLOCKING PROJECTION MATRIX
NUMBER OF BLOCKS: 427 BUFFSIZE: 8192
NUMBER OF BUFFERS: 666 AVERAGE BUFF/BLOCK: 1.559719 MAX BUFF/BLOCK: 3
BUFFER MAP: 14098532 (0.052521 GB)
CSR STORAGE: 235011238 (1.313228 GB) buffnzmax: 460 STORAGE EFFICIENCY: 0.374999 DATA REUSE: 16.890770
BLOCKING TIME: 6.726564e-02
BLOCKING BACKPROJECTION MATRIX
NUMBER OF BLOCKS: 128 BUFFSIZE: 8192
NUMBER OF BUFFERS: 371 AVERAGE BUFF/BLOCK: 2.898438 MAX BUFF/BLOCK: 3
BUFFER MAP: 11012373 (0.041024 GB)
CSR STORAGE: 235011238 (1.313228 GB) buffnzmax: 605 STORAGE EFFICIENCY: 0.374999 DATA REUSE: 21.322130
BLOCKING TIME: 6.147598e-02

FILL PROJECTION MATRIX
TIME: 1.801808e-01
FILL BACKPROJECTION MATRIX
TIME: 2.016759e-01
REDUCTION MAPPINGS
PREPROCESSING TIME: 1.307648e+00
INPUT MEASUREMENT DATA
INPUT ENDS
GRADIENT-DESCENT OPTIMIZATION
iter: 0 error: 4.959038e+04 gradnorm: 1.560967e+10
iter: 1 error: 5.316516e+03 gradnorm: 4.760838e+08
iter: 2 error: 5.074566e+02 gradnorm: 1.604498e+07
iter: 3 error: 2.940066e+02 gradnorm: 8.082420e+06
iter: 4 error: 1.716231e+02 gradnorm: 1.353844e+06
iter: 5 error: 1.154489e+02 gradnorm: 6.253219e+05
iter: 6 error: 8.898503e+01 gradnorm: 6.391132e+05
iter: 7 error: 7.449730e+01 gradnorm: 5.328305e+05
iter: 8 error: 6.920943e+01 gradnorm: 1.001157e+06
iter: 9 error: 5.777391e+01 gradnorm: 2.279249e+05
iter: 10 error: 4.873542e+01 gradnorm: 1.924158e+05
iter: 11 error: 4.170666e+01 gradnorm: 1.080440e+05
iter: 12 error: 3.740198e+01 gradnorm: 1.822829e+05
iter: 13 error: 3.460818e+01 gradnorm: 1.077911e+05
iter: 14 error: 3.146464e+01 gradnorm: 6.076463e+04
iter: 15 error: 2.879952e+01 gradnorm: 7.120044e+04
iter: 16 error: 2.799290e+01 gradnorm: 1.387835e+05
iter: 17 error: 2.682160e+01 gradnorm: 4.728404e+04
iter: 18 error: 2.523983e+01 gradnorm: 2.666571e+04
iter: 19 error: 2.394648e+01 gradnorm: 2.563533e+04
iter: 20 error: 2.288620e+01 gradnorm: 1.501816e+04
iter: 21 error: 2.195607e+01 gradnorm: 1.232075e+04
iter: 22 error: 2.127948e+01 gradnorm: 1.642345e+04
iter: 23 error: 2.117561e+01 gradnorm: 1.835822e+04
iter: 24 error: 2.067461e+01 gradnorm: 7.876028e+03
recon: 4.845618e-01 proj: 3.048241e-01 (2.402873e-01 5.748104e-02 7.008968e-03) backproj: 1.506884e-01 (1.868131e-03 2.487961e-02 1.239262e-01) ctime: 1.240984e-02 wtime: 1.056277e-02
numproj: 49 numback: 25
proj: 9.638049e-01 s (23.896020 GFLOPS) backproj: 4.976889e-01 s (23.610254 GFLOPS) avGFLOPS: 23.798707 totGFLOPS: 95.194826
proj: 74.555146 GB/s back: 73.043464 GB/s av: 74.040366 GB/s tot: 296.161464 GB/s
Total Time: 2.099926e+00
