ip-0A00001B
ip-0A00001C
ip-0A000016
ip-0A000015
NUM. THETA             : 375
NUM. RHO               : 1024
NUM. X PIXELS          : 1024
NUM. Y PIXELS          : 1024

NUM. OF PIXELS         : 1048576
NUM. OF RAYS           : 384000

NUM. ITERATIONS        : 24

SPATIAL TILE SIZE      : 16
SPECTRAL TILE SIZE     : 16

NUMBER OF X TILES      : 64
NUMBER OF Y TILES      : 64
NUM. OF THETA TILES    : 24
NUM. OF RHO TILES      : 64

NUM. SPATIAL TILES     : 4096
NUM. SPECTRAL TILES    : 1536

NUM. OF X PIXELS (EXT) : 1024
NUM. OF Y PIXELS (EXT) : 1024
NUM. OF ANGLES (EXT)   : 384
NUM. OF RHOS (EXT)     : 1024

NUM. OF PIXELS (EXT)   : 1048576
NUM. OF RAYS (EXT)     : 393216

NUMBER OF PROCESSES    : 4
NUMBER OF THRD./PROC.  : 16

INTEGER: 4, FLOAT: 4, LONG: 8, SHORT: 2, POINTER: 8
APPROX. MEMORY     TOTAL: 8.789062e+00 GB
APPROX. MEMORY PER PROC.: 2.197266e+00 GB

X START       : -5.120000e+02
Y START       : -5.120000e+02
PIXEL SIZE    : 1.000000e+00
RHO START     : -5.120000e+02
RAY LENGTH    : 2.048000e+03

SPATIAL INDEXING       : 5
SPECTRAL INDEXING      : 5
 1: CARTESIAN, NATURAL
 2: CARTESIAN, TRANSPOSED
 3: MORTON, NATURAL
 4: MORTON, TRANSPOSED
 5: HILBERT
PROJECTION BLOCK SIZE      : 512
BACKPROJECTION BLOCK SIZE  : 512
PROJECTION BUFFER SIZE      : 32 KB
BACKPROJECTION BUFFER SIZE  : 32 KB

SINOGRAM FILE : ../../../../datasets/CDS2_sinogram.bin
   THETA FILE : ../../../../datasets/CDS2_theta.bin
  OUTPUT FILE : ../../output/strong_scaling_on_cpu/ip-0A00001C/4.16.CDS2.16.16.512.512.32.32.bin


PLACE TILES
lspat 64 lspatdim 64
lspec 64 lspecdim 64
MPI PARTITIONING
proc: 0 numspats: 1024 numpixs: 262144 numspecs: 384 numrays: 98304
proc: 1 numspats: 1024 numpixs: 262144 numspecs: 384 numrays: 98304
proc: 2 numspats: 1024 numpixs: 262144 numspecs: 384 numrays: 98304
proc: 3 numspats: 1024 numpixs: 262144 numspecs: 384 numrays: 98304
maxnumpix: 262144 maxnumray: 98304
FILL PIXELS AND RAYS
INPUT THETA DATA
DOMAIN PARTITIONING

CONSTRUCT PROJECTION MATRIX
CSR STORAGE: 470024116 (3.501953 GB) rownzmax 1022
RAY-TRACING TIME: 2.356364e+00
CONSTRUCT BACKPROJECTION MATRIX
CSR STORAGE: 470024116 (3.501953 GB) rownzmax 607
TRANSPOSITION TIME: 4.728229e-01

BLOCKING PROJECTION MATRIX
NUMBER OF BLOCKS: 375 BUFFSIZE: 8192
NUMBER OF BUFFERS: 1050 AVERAGE BUFF/BLOCK: 2.800000 MAX BUFF/BLOCK: 6
BUFFER MAP: 37855570 (0.141023 GB)
CSR STORAGE: 470024116 (2.626464 GB) buffnzmax: 536 STORAGE EFFICIENCY: 0.350560 DATA REUSE: 15.266689
BLOCKING TIME: 1.632861e-01
BLOCKING BACKPROJECTION MATRIX
NUMBER OF BLOCKS: 512 BUFFSIZE: 8192
NUMBER OF BUFFERS: 931 AVERAGE BUFF/BLOCK: 1.818359 MAX BUFF/BLOCK: 2
BUFFER MAP: 22030921 (0.082072 GB)
CSR STORAGE: 470024116 (2.626464 GB) buffnzmax: 493 STORAGE EFFICIENCY: 0.350560 DATA REUSE: 21.325006
BLOCKING TIME: 1.521445e-01

FILL PROJECTION MATRIX
TIME: 3.413027e-01
FILL BACKPROJECTION MATRIX
TIME: 3.639493e-01
REDUCTION MAPPINGS
PREPROCESSING TIME: 3.970446e+00
INPUT MEASUREMENT DATA
INPUT ENDS
GRADIENT-DESCENT OPTIMIZATION
iter: 0 error: 5.498395e+04 gradnorm: 1.750619e+10
iter: 1 error: 3.365361e+03 gradnorm: 1.974209e+08
iter: 2 error: 1.350566e+03 gradnorm: 4.439263e+07
iter: 3 error: 7.826052e+02 gradnorm: 2.150213e+07
iter: 4 error: 5.373122e+02 gradnorm: 9.272485e+06
iter: 5 error: 4.041398e+02 gradnorm: 3.652757e+06
iter: 6 error: 3.060721e+02 gradnorm: 1.727178e+06
iter: 7 error: 2.426776e+02 gradnorm: 1.559819e+06
iter: 8 error: 2.099619e+02 gradnorm: 1.240023e+06
iter: 9 error: 1.800300e+02 gradnorm: 1.449679e+06
iter: 10 error: 1.712760e+02 gradnorm: 1.062207e+06
iter: 11 error: 1.513719e+02 gradnorm: 6.465991e+05
iter: 12 error: 1.357201e+02 gradnorm: 4.692865e+05
iter: 13 error: 1.201847e+02 gradnorm: 3.544501e+05
iter: 14 error: 1.095527e+02 gradnorm: 2.734010e+05
iter: 15 error: 9.956361e+01 gradnorm: 2.177314e+05
iter: 16 error: 9.431065e+01 gradnorm: 2.315931e+05
iter: 17 error: 8.794582e+01 gradnorm: 1.726392e+05
iter: 18 error: 8.531816e+01 gradnorm: 3.916977e+05
iter: 19 error: 8.241861e+01 gradnorm: 1.247832e+05
iter: 20 error: 7.725407e+01 gradnorm: 9.163771e+04
iter: 21 error: 7.390720e+01 gradnorm: 9.274543e+04
iter: 22 error: 7.146208e+01 gradnorm: 1.694719e+05
iter: 23 error: 6.952625e+01 gradnorm: 7.478639e+04
iter: 24 error: 6.681564e+01 gradnorm: 6.256901e+04
recon: 8.720454e-01 proj: 5.614159e-01 (5.028779e-01 5.128890e-02 7.206840e-03) backproj: 2.780301e-01 (1.881331e-03 2.287319e-02 2.532575e-01) ctime: 1.812349e-02 wtime: 9.378385e-03
numproj: 49 numback: 25
proj: 2.012082e+00 s (22.892880 GFLOPS) backproj: 1.015126e+00 s (23.151021 GFLOPS) avGFLOPS: 22.979444 totGFLOPS: 91.917774
proj: 72.366209 GB/s back: 71.623327 GB/s av: 72.117095 GB/s tot: 288.468381 GB/s
Total Time: 5.970344e+00
