ip-0A000026
ip-0A000030
ip-0A000020
ip-0A000017
NUM. THETA             : 375
NUM. RHO               : 1024
NUM. X PIXELS          : 1024
NUM. Y PIXELS          : 1024

NUM. OF PIXELS         : 1048576
NUM. OF RAYS           : 384000

NUM. ITERATIONS        : 24

SPATIAL TILE SIZE      : 512
SPECTRAL TILE SIZE     : 512

NUMBER OF X TILES      : 2
NUMBER OF Y TILES      : 2
NUM. OF THETA TILES    : 1
NUM. OF RHO TILES      : 2

NUM. SPATIAL TILES     : 4
NUM. SPECTRAL TILES    : 2

NUM. OF X PIXELS (EXT) : 1024
NUM. OF Y PIXELS (EXT) : 1024
NUM. OF ANGLES (EXT)   : 512
NUM. OF RHOS (EXT)     : 1024

NUM. OF PIXELS (EXT)   : 1048576
NUM. OF RAYS (EXT)     : 524288

NUMBER OF PROCESSES    : 4
NUMBER OF THRD./PROC.  : 16

INTEGER: 4, FLOAT: 4, LONG: 8, SHORT: 2, POINTER: 8
APPROX. MEMORY     TOTAL: 8.789062e+00 GB
APPROX. MEMORY PER PROC.: 2.197266e+00 GB

X START       : -5.120000e+02
Y START       : -5.120000e+02
PIXEL SIZE    : 1.000000e+00
RHO START     : -5.120000e+02
RAY LENGTH    : 2.048000e+03

SPATIAL INDEXING       : 5
SPECTRAL INDEXING      : 5
 1: CARTESIAN, NATURAL
 2: CARTESIAN, TRANSPOSED
 3: MORTON, NATURAL
 4: MORTON, TRANSPOSED
 5: HILBERT
PROJECTION BLOCK SIZE      : 512
BACKPROJECTION BLOCK SIZE  : 512
PROJECTION BUFFER SIZE      : 32 KB
BACKPROJECTION BUFFER SIZE  : 32 KB

SINOGRAM FILE : ../../../../datasets/CDS2_sinogram.bin
   THETA FILE : ../../../../datasets/CDS2_theta.bin
  OUTPUT FILE : ../../output/strong_scaling_on_cpu/ip-0A000017/4.16.CDS2.512.512.512.512.32.32.bin


PLACE TILES
lspat 2 lspatdim 2
lspec 2 lspecdim 2
MPI PARTITIONING
proc: 0 numspats: 1 numpixs: 262144 numspecs: 1 numrays: 262144
proc: 1 numspats: 1 numpixs: 262144 numspecs: 1 numrays: 262144
proc: 2 numspats: 1 numpixs: 262144 numspecs: 0 numrays: 0
proc: 3 numspats: 1 numpixs: 262144 numspecs: 0 numrays: 0
maxnumpix: 262144 maxnumray: 262144
FILL PIXELS AND RAYS
INPUT THETA DATA
DOMAIN PARTITIONING

CONSTRUCT PROJECTION MATRIX
CSR STORAGE: 470024253 (3.501954 GB) rownzmax 1022
RAY-TRACING TIME: 7.415471e-01
CONSTRUCT BACKPROJECTION MATRIX
CSR STORAGE: 470024253 (3.501954 GB) rownzmax 607
TRANSPOSITION TIME: 3.240298e-01

BLOCKING PROJECTION MATRIX
NUMBER OF BLOCKS: 375 BUFFSIZE: 8192
NUMBER OF BUFFERS: 1015 AVERAGE BUFF/BLOCK: 2.706667 MAX BUFF/BLOCK: 6
BUFFER MAP: 36547881 (0.136151 GB)
CSR STORAGE: 470024253 (2.626465 GB) buffnzmax: 527 STORAGE EFFICIENCY: 0.350560 DATA REUSE: 15.538966
BLOCKING TIME: 2.411748e-01
BLOCKING BACKPROJECTION MATRIX
NUMBER OF BLOCKS: 512 BUFFSIZE: 8192
NUMBER OF BUFFERS: 931 AVERAGE BUFF/BLOCK: 1.818359 MAX BUFF/BLOCK: 2
BUFFER MAP: 22030889 (0.082071 GB)
CSR STORAGE: 470024253 (2.626465 GB) buffnzmax: 502 STORAGE EFFICIENCY: 0.350560 DATA REUSE: 21.325201
BLOCKING TIME: 1.827009e-01

FILL PROJECTION MATRIX
TIME: 3.401155e-01
FILL BACKPROJECTION MATRIX
TIME: 3.640048e-01
REDUCTION MAPPINGS
PREPROCESSING TIME: 2.376254e+00
INPUT MEASUREMENT DATA
INPUT ENDS
GRADIENT-DESCENT OPTIMIZATION
iter: 0 error: 5.498394e+04 gradnorm: 1.744228e+10
iter: 1 error: 3.708165e+03 gradnorm: 1.951146e+08
iter: 2 error: 1.565272e+03 gradnorm: 4.941344e+07
iter: 3 error: 9.662831e+02 gradnorm: 2.182978e+07
iter: 4 error: 7.063871e+02 gradnorm: 1.089991e+07
iter: 5 error: 5.387163e+02 gradnorm: 4.549511e+06
iter: 6 error: 4.313704e+02 gradnorm: 3.152089e+06
iter: 7 error: 3.613552e+02 gradnorm: 2.189604e+06
iter: 8 error: 2.969141e+02 gradnorm: 1.565431e+06
iter: 9 error: 2.721304e+02 gradnorm: 3.576791e+06
iter: 10 error: 2.467448e+02 gradnorm: 1.154668e+06
iter: 11 error: 2.151405e+02 gradnorm: 6.835447e+05
iter: 12 error: 1.900998e+02 gradnorm: 7.094690e+05
iter: 13 error: 1.755721e+02 gradnorm: 5.138102e+05
iter: 14 error: 1.592206e+02 gradnorm: 3.720983e+05
iter: 15 error: 1.476878e+02 gradnorm: 3.285118e+05
iter: 16 error: 1.397513e+02 gradnorm: 3.161841e+05
iter: 17 error: 1.336720e+02 gradnorm: 7.524933e+05
iter: 18 error: 1.291517e+02 gradnorm: 2.041685e+05
iter: 19 error: 1.236556e+02 gradnorm: 2.107898e+05
iter: 20 error: 1.201909e+02 gradnorm: 2.876671e+05
iter: 21 error: 1.150767e+02 gradnorm: 1.286359e+05
iter: 22 error: 1.100703e+02 gradnorm: 1.002043e+05
iter: 23 error: 1.050495e+02 gradnorm: 8.936012e+04
iter: 24 error: 1.008507e+02 gradnorm: 8.159586e+04
recon: 1.901873e+00 proj: 1.243686e+00 (1.173792e+00 5.770428e-02 1.216202e-02) backproj: 6.123465e-01 (2.538773e-03 2.651296e-02 5.832814e-01) ctime: 2.824417e-02 wtime: 1.160285e-02
numproj: 49 numback: 25
proj: 4.697179e+00 s (9.806391 GFLOPS) backproj: 2.334198e+00 s (10.068219 GFLOPS) avGFLOPS: 9.893310 totGFLOPS: 39.573240
proj: 30.944214 GB/s back: 31.148489 GB/s av: 31.012027 GB/s tot: 124.048108 GB/s
Total Time: 4.346437e+00
